[2024-08-03T11:26:29.171+0700] {local_task_job_runner.py:120} INFO - ::group::Pre task execution logs
[2024-08-03T11:26:29.185+0700] {taskinstance.py:2076} INFO - Dependencies all met for dep_context=non-requeueable deps ti=<TaskInstance: list_postgres_s3.offload_to_s3_dim_aisles manual__2024-08-03T04:26:01.070053+00:00 [queued]>
[2024-08-03T11:26:29.192+0700] {taskinstance.py:2076} INFO - Dependencies all met for dep_context=requeueable deps ti=<TaskInstance: list_postgres_s3.offload_to_s3_dim_aisles manual__2024-08-03T04:26:01.070053+00:00 [queued]>
[2024-08-03T11:26:29.192+0700] {taskinstance.py:2306} INFO - Starting attempt 1 of 1
[2024-08-03T11:26:29.221+0700] {taskinstance.py:2330} INFO - Executing <Task(BashOperator): offload_to_s3_dim_aisles> on 2024-08-03 04:26:01.070053+00:00
[2024-08-03T11:26:29.224+0700] {standard_task_runner.py:64} INFO - Started process 30786 to run task
[2024-08-03T11:26:29.226+0700] {standard_task_runner.py:90} INFO - Running: ['airflow', 'tasks', 'run', 'list_postgres_s3', 'offload_to_s3_dim_aisles', 'manual__2024-08-03T04:26:01.070053+00:00', '--job-id', '220', '--raw', '--subdir', 'DAGS_FOLDER/list_postgres_s3.py', '--cfg-path', '/tmp/tmpvrxumrum']
[2024-08-03T11:26:29.227+0700] {standard_task_runner.py:91} INFO - Job 220: Subtask offload_to_s3_dim_aisles
[2024-08-03T11:26:29.268+0700] {task_command.py:426} INFO - Running <TaskInstance: list_postgres_s3.offload_to_s3_dim_aisles manual__2024-08-03T04:26:01.070053+00:00 [running]> on host DESKTOP-RHVHV7A.
[2024-08-03T11:26:29.343+0700] {taskinstance.py:2648} INFO - Exporting env vars: AIRFLOW_CTX_DAG_OWNER='airflow' AIRFLOW_CTX_DAG_ID='list_postgres_s3' AIRFLOW_CTX_TASK_ID='offload_to_s3_dim_aisles' AIRFLOW_CTX_EXECUTION_DATE='2024-08-03T04:26:01.070053+00:00' AIRFLOW_CTX_TRY_NUMBER='1' AIRFLOW_CTX_DAG_RUN_ID='manual__2024-08-03T04:26:01.070053+00:00'
[2024-08-03T11:26:29.344+0700] {taskinstance.py:430} INFO - ::endgroup::
[2024-08-03T11:26:29.357+0700] {subprocess.py:63} INFO - Tmp dir root location: /tmp
[2024-08-03T11:26:29.359+0700] {subprocess.py:75} INFO - Running command: ['/usr/bin/bash', '-c', 'aws s3 cp "/mnt/f/AllCode/Data Engineer/dim_aisles.csv" s3://quannm-07252024-demo/supermarket-data//dim_aisles.csv']
[2024-08-03T11:26:29.366+0700] {subprocess.py:86} INFO - Output:
[2024-08-03T11:26:31.631+0700] {subprocess.py:93} INFO - Completed 2.7 KiB/2.7 KiB (1.7 KiB/s) with 1 file(s) remainingupload: ../../mnt/f/AllCode/Data Engineer/dim_aisles.csv to s3://quannm-07252024-demo/supermarket-data//dim_aisles.csv
[2024-08-03T11:26:31.805+0700] {subprocess.py:97} INFO - Command exited with return code 0
[2024-08-03T11:26:31.805+0700] {taskinstance.py:441} INFO - ::group::Post task execution logs
[2024-08-03T11:26:31.830+0700] {taskinstance.py:1206} INFO - Marking task as SUCCESS. dag_id=list_postgres_s3, task_id=offload_to_s3_dim_aisles, run_id=manual__2024-08-03T04:26:01.070053+00:00, execution_date=20240803T042601, start_date=20240803T042629, end_date=20240803T042631
[2024-08-03T11:26:31.894+0700] {local_task_job_runner.py:243} INFO - Task exited with return code 0
[2024-08-03T11:26:31.904+0700] {taskinstance.py:3503} INFO - 0 downstream tasks scheduled from follow-on schedule check
[2024-08-03T11:26:31.905+0700] {local_task_job_runner.py:222} INFO - ::endgroup::
