[2024-08-02T10:16:41.350+0700] {processor.py:161} INFO - Started process (PID=33422) to work on /usr/local/lib/python3.10/dist-packages/airflow/example_dags/subdags/subdag.py
[2024-08-02T10:16:41.353+0700] {processor.py:830} INFO - Processing file /usr/local/lib/python3.10/dist-packages/airflow/example_dags/subdags/subdag.py for tasks to queue
[2024-08-02T10:16:41.363+0700] {logging_mixin.py:188} INFO - [2024-08-02T10:16:41.356+0700] {dagbag.py:545} INFO - Filling up the DagBag from /usr/local/lib/python3.10/dist-packages/airflow/example_dags/subdags/subdag.py
[2024-08-02T10:16:41.382+0700] {processor.py:842} WARNING - No viable dags retrieved from /usr/local/lib/python3.10/dist-packages/airflow/example_dags/subdags/subdag.py
[2024-08-02T10:16:41.441+0700] {processor.py:183} INFO - Processing /usr/local/lib/python3.10/dist-packages/airflow/example_dags/subdags/subdag.py took 0.113 seconds
[2024-08-02T10:19:50.794+0700] {processor.py:161} INFO - Started process (PID=33733) to work on /usr/local/lib/python3.10/dist-packages/airflow/example_dags/subdags/subdag.py
[2024-08-02T10:19:50.795+0700] {processor.py:830} INFO - Processing file /usr/local/lib/python3.10/dist-packages/airflow/example_dags/subdags/subdag.py for tasks to queue
[2024-08-02T10:19:50.796+0700] {logging_mixin.py:188} INFO - [2024-08-02T10:19:50.796+0700] {dagbag.py:545} INFO - Filling up the DagBag from /usr/local/lib/python3.10/dist-packages/airflow/example_dags/subdags/subdag.py
[2024-08-02T10:19:50.799+0700] {processor.py:842} WARNING - No viable dags retrieved from /usr/local/lib/python3.10/dist-packages/airflow/example_dags/subdags/subdag.py
[2024-08-02T10:19:50.807+0700] {processor.py:183} INFO - Processing /usr/local/lib/python3.10/dist-packages/airflow/example_dags/subdags/subdag.py took 0.016 seconds
[2024-08-02T10:20:23.718+0700] {processor.py:161} INFO - Started process (PID=33913) to work on /usr/local/lib/python3.10/dist-packages/airflow/example_dags/subdags/subdag.py
[2024-08-02T10:20:23.723+0700] {processor.py:830} INFO - Processing file /usr/local/lib/python3.10/dist-packages/airflow/example_dags/subdags/subdag.py for tasks to queue
[2024-08-02T10:20:23.727+0700] {logging_mixin.py:188} INFO - [2024-08-02T10:20:23.725+0700] {dagbag.py:545} INFO - Filling up the DagBag from /usr/local/lib/python3.10/dist-packages/airflow/example_dags/subdags/subdag.py
[2024-08-02T10:20:23.738+0700] {processor.py:842} WARNING - No viable dags retrieved from /usr/local/lib/python3.10/dist-packages/airflow/example_dags/subdags/subdag.py
[2024-08-02T10:20:23.781+0700] {processor.py:183} INFO - Processing /usr/local/lib/python3.10/dist-packages/airflow/example_dags/subdags/subdag.py took 0.071 seconds
[2024-08-02T10:20:54.341+0700] {processor.py:161} INFO - Started process (PID=34050) to work on /usr/local/lib/python3.10/dist-packages/airflow/example_dags/subdags/subdag.py
[2024-08-02T10:20:54.345+0700] {processor.py:830} INFO - Processing file /usr/local/lib/python3.10/dist-packages/airflow/example_dags/subdags/subdag.py for tasks to queue
[2024-08-02T10:20:54.345+0700] {logging_mixin.py:188} INFO - [2024-08-02T10:20:54.345+0700] {dagbag.py:545} INFO - Filling up the DagBag from /usr/local/lib/python3.10/dist-packages/airflow/example_dags/subdags/subdag.py
[2024-08-02T10:20:54.347+0700] {processor.py:842} WARNING - No viable dags retrieved from /usr/local/lib/python3.10/dist-packages/airflow/example_dags/subdags/subdag.py
[2024-08-02T10:20:54.353+0700] {processor.py:183} INFO - Processing /usr/local/lib/python3.10/dist-packages/airflow/example_dags/subdags/subdag.py took 0.016 seconds
[2024-08-02T10:27:31.324+0700] {processor.py:161} INFO - Started process (PID=1683) to work on /usr/local/lib/python3.10/dist-packages/airflow/example_dags/subdags/subdag.py
[2024-08-02T10:27:31.325+0700] {processor.py:830} INFO - Processing file /usr/local/lib/python3.10/dist-packages/airflow/example_dags/subdags/subdag.py for tasks to queue
[2024-08-02T10:27:31.326+0700] {logging_mixin.py:188} INFO - [2024-08-02T10:27:31.326+0700] {dagbag.py:545} INFO - Filling up the DagBag from /usr/local/lib/python3.10/dist-packages/airflow/example_dags/subdags/subdag.py
[2024-08-02T10:27:31.328+0700] {processor.py:842} WARNING - No viable dags retrieved from /usr/local/lib/python3.10/dist-packages/airflow/example_dags/subdags/subdag.py
[2024-08-02T10:27:31.334+0700] {processor.py:183} INFO - Processing /usr/local/lib/python3.10/dist-packages/airflow/example_dags/subdags/subdag.py took 0.014 seconds
[2024-08-02T10:28:03.093+0700] {processor.py:161} INFO - Started process (PID=1911) to work on /usr/local/lib/python3.10/dist-packages/airflow/example_dags/subdags/subdag.py
[2024-08-02T10:28:03.093+0700] {processor.py:830} INFO - Processing file /usr/local/lib/python3.10/dist-packages/airflow/example_dags/subdags/subdag.py for tasks to queue
[2024-08-02T10:28:03.094+0700] {logging_mixin.py:188} INFO - [2024-08-02T10:28:03.094+0700] {dagbag.py:545} INFO - Filling up the DagBag from /usr/local/lib/python3.10/dist-packages/airflow/example_dags/subdags/subdag.py
[2024-08-02T10:28:03.095+0700] {processor.py:842} WARNING - No viable dags retrieved from /usr/local/lib/python3.10/dist-packages/airflow/example_dags/subdags/subdag.py
[2024-08-02T10:28:03.102+0700] {processor.py:183} INFO - Processing /usr/local/lib/python3.10/dist-packages/airflow/example_dags/subdags/subdag.py took 0.013 seconds
[2024-08-02T10:28:33.736+0700] {processor.py:161} INFO - Started process (PID=2286) to work on /usr/local/lib/python3.10/dist-packages/airflow/example_dags/subdags/subdag.py
[2024-08-02T10:28:33.739+0700] {processor.py:830} INFO - Processing file /usr/local/lib/python3.10/dist-packages/airflow/example_dags/subdags/subdag.py for tasks to queue
[2024-08-02T10:28:33.741+0700] {logging_mixin.py:188} INFO - [2024-08-02T10:28:33.740+0700] {dagbag.py:545} INFO - Filling up the DagBag from /usr/local/lib/python3.10/dist-packages/airflow/example_dags/subdags/subdag.py
[2024-08-02T10:28:33.742+0700] {processor.py:842} WARNING - No viable dags retrieved from /usr/local/lib/python3.10/dist-packages/airflow/example_dags/subdags/subdag.py
[2024-08-02T10:28:33.748+0700] {processor.py:183} INFO - Processing /usr/local/lib/python3.10/dist-packages/airflow/example_dags/subdags/subdag.py took 0.016 seconds
[2024-08-02T10:29:04.379+0700] {processor.py:161} INFO - Started process (PID=2712) to work on /usr/local/lib/python3.10/dist-packages/airflow/example_dags/subdags/subdag.py
[2024-08-02T10:29:04.380+0700] {processor.py:830} INFO - Processing file /usr/local/lib/python3.10/dist-packages/airflow/example_dags/subdags/subdag.py for tasks to queue
[2024-08-02T10:29:04.384+0700] {logging_mixin.py:188} INFO - [2024-08-02T10:29:04.381+0700] {dagbag.py:545} INFO - Filling up the DagBag from /usr/local/lib/python3.10/dist-packages/airflow/example_dags/subdags/subdag.py
[2024-08-02T10:29:04.386+0700] {processor.py:842} WARNING - No viable dags retrieved from /usr/local/lib/python3.10/dist-packages/airflow/example_dags/subdags/subdag.py
[2024-08-02T10:29:04.398+0700] {processor.py:183} INFO - Processing /usr/local/lib/python3.10/dist-packages/airflow/example_dags/subdags/subdag.py took 0.027 seconds
[2024-08-02T10:29:35.416+0700] {processor.py:161} INFO - Started process (PID=3341) to work on /usr/local/lib/python3.10/dist-packages/airflow/example_dags/subdags/subdag.py
[2024-08-02T10:29:35.417+0700] {processor.py:830} INFO - Processing file /usr/local/lib/python3.10/dist-packages/airflow/example_dags/subdags/subdag.py for tasks to queue
[2024-08-02T10:29:35.418+0700] {logging_mixin.py:188} INFO - [2024-08-02T10:29:35.418+0700] {dagbag.py:545} INFO - Filling up the DagBag from /usr/local/lib/python3.10/dist-packages/airflow/example_dags/subdags/subdag.py
[2024-08-02T10:29:35.419+0700] {processor.py:842} WARNING - No viable dags retrieved from /usr/local/lib/python3.10/dist-packages/airflow/example_dags/subdags/subdag.py
[2024-08-02T10:29:35.427+0700] {processor.py:183} INFO - Processing /usr/local/lib/python3.10/dist-packages/airflow/example_dags/subdags/subdag.py took 0.016 seconds
[2024-08-02T10:30:06.894+0700] {processor.py:161} INFO - Started process (PID=3789) to work on /usr/local/lib/python3.10/dist-packages/airflow/example_dags/subdags/subdag.py
[2024-08-02T10:30:06.899+0700] {processor.py:830} INFO - Processing file /usr/local/lib/python3.10/dist-packages/airflow/example_dags/subdags/subdag.py for tasks to queue
[2024-08-02T10:30:06.902+0700] {logging_mixin.py:188} INFO - [2024-08-02T10:30:06.901+0700] {dagbag.py:545} INFO - Filling up the DagBag from /usr/local/lib/python3.10/dist-packages/airflow/example_dags/subdags/subdag.py
[2024-08-02T10:30:06.905+0700] {processor.py:842} WARNING - No viable dags retrieved from /usr/local/lib/python3.10/dist-packages/airflow/example_dags/subdags/subdag.py
[2024-08-02T10:30:06.926+0700] {processor.py:183} INFO - Processing /usr/local/lib/python3.10/dist-packages/airflow/example_dags/subdags/subdag.py took 0.044 seconds
[2024-08-02T10:30:37.887+0700] {processor.py:161} INFO - Started process (PID=4177) to work on /usr/local/lib/python3.10/dist-packages/airflow/example_dags/subdags/subdag.py
[2024-08-02T10:30:37.888+0700] {processor.py:830} INFO - Processing file /usr/local/lib/python3.10/dist-packages/airflow/example_dags/subdags/subdag.py for tasks to queue
[2024-08-02T10:30:37.890+0700] {logging_mixin.py:188} INFO - [2024-08-02T10:30:37.889+0700] {dagbag.py:545} INFO - Filling up the DagBag from /usr/local/lib/python3.10/dist-packages/airflow/example_dags/subdags/subdag.py
[2024-08-02T10:30:37.892+0700] {processor.py:842} WARNING - No viable dags retrieved from /usr/local/lib/python3.10/dist-packages/airflow/example_dags/subdags/subdag.py
[2024-08-02T10:30:37.901+0700] {processor.py:183} INFO - Processing /usr/local/lib/python3.10/dist-packages/airflow/example_dags/subdags/subdag.py took 0.018 seconds
[2024-08-02T13:54:05.088+0700] {processor.py:161} INFO - Started process (PID=6442) to work on /usr/local/lib/python3.10/dist-packages/airflow/example_dags/subdags/subdag.py
[2024-08-02T13:54:05.091+0700] {processor.py:830} INFO - Processing file /usr/local/lib/python3.10/dist-packages/airflow/example_dags/subdags/subdag.py for tasks to queue
[2024-08-02T13:54:05.093+0700] {logging_mixin.py:188} INFO - [2024-08-02T13:54:05.092+0700] {dagbag.py:545} INFO - Filling up the DagBag from /usr/local/lib/python3.10/dist-packages/airflow/example_dags/subdags/subdag.py
[2024-08-02T13:54:05.097+0700] {processor.py:842} WARNING - No viable dags retrieved from /usr/local/lib/python3.10/dist-packages/airflow/example_dags/subdags/subdag.py
[2024-08-02T13:54:05.108+0700] {processor.py:183} INFO - Processing /usr/local/lib/python3.10/dist-packages/airflow/example_dags/subdags/subdag.py took 0.026 seconds
[2024-08-02T13:54:35.906+0700] {processor.py:161} INFO - Started process (PID=6581) to work on /usr/local/lib/python3.10/dist-packages/airflow/example_dags/subdags/subdag.py
[2024-08-02T13:54:35.907+0700] {processor.py:830} INFO - Processing file /usr/local/lib/python3.10/dist-packages/airflow/example_dags/subdags/subdag.py for tasks to queue
[2024-08-02T13:54:35.908+0700] {logging_mixin.py:188} INFO - [2024-08-02T13:54:35.908+0700] {dagbag.py:545} INFO - Filling up the DagBag from /usr/local/lib/python3.10/dist-packages/airflow/example_dags/subdags/subdag.py
[2024-08-02T13:54:35.911+0700] {processor.py:842} WARNING - No viable dags retrieved from /usr/local/lib/python3.10/dist-packages/airflow/example_dags/subdags/subdag.py
[2024-08-02T13:54:35.920+0700] {processor.py:183} INFO - Processing /usr/local/lib/python3.10/dist-packages/airflow/example_dags/subdags/subdag.py took 0.018 seconds
[2024-08-02T13:55:06.595+0700] {processor.py:161} INFO - Started process (PID=6741) to work on /usr/local/lib/python3.10/dist-packages/airflow/example_dags/subdags/subdag.py
[2024-08-02T13:55:06.598+0700] {processor.py:830} INFO - Processing file /usr/local/lib/python3.10/dist-packages/airflow/example_dags/subdags/subdag.py for tasks to queue
[2024-08-02T13:55:06.599+0700] {logging_mixin.py:188} INFO - [2024-08-02T13:55:06.599+0700] {dagbag.py:545} INFO - Filling up the DagBag from /usr/local/lib/python3.10/dist-packages/airflow/example_dags/subdags/subdag.py
[2024-08-02T13:55:06.603+0700] {processor.py:842} WARNING - No viable dags retrieved from /usr/local/lib/python3.10/dist-packages/airflow/example_dags/subdags/subdag.py
[2024-08-02T13:55:06.613+0700] {processor.py:183} INFO - Processing /usr/local/lib/python3.10/dist-packages/airflow/example_dags/subdags/subdag.py took 0.023 seconds
[2024-08-02T13:55:37.221+0700] {processor.py:161} INFO - Started process (PID=6876) to work on /usr/local/lib/python3.10/dist-packages/airflow/example_dags/subdags/subdag.py
[2024-08-02T13:55:37.222+0700] {processor.py:830} INFO - Processing file /usr/local/lib/python3.10/dist-packages/airflow/example_dags/subdags/subdag.py for tasks to queue
[2024-08-02T13:55:37.223+0700] {logging_mixin.py:188} INFO - [2024-08-02T13:55:37.222+0700] {dagbag.py:545} INFO - Filling up the DagBag from /usr/local/lib/python3.10/dist-packages/airflow/example_dags/subdags/subdag.py
[2024-08-02T13:55:37.224+0700] {processor.py:842} WARNING - No viable dags retrieved from /usr/local/lib/python3.10/dist-packages/airflow/example_dags/subdags/subdag.py
[2024-08-02T13:55:37.231+0700] {processor.py:183} INFO - Processing /usr/local/lib/python3.10/dist-packages/airflow/example_dags/subdags/subdag.py took 0.014 seconds
[2024-08-02T13:56:07.732+0700] {processor.py:161} INFO - Started process (PID=7008) to work on /usr/local/lib/python3.10/dist-packages/airflow/example_dags/subdags/subdag.py
[2024-08-02T13:56:07.733+0700] {processor.py:830} INFO - Processing file /usr/local/lib/python3.10/dist-packages/airflow/example_dags/subdags/subdag.py for tasks to queue
[2024-08-02T13:56:07.734+0700] {logging_mixin.py:188} INFO - [2024-08-02T13:56:07.734+0700] {dagbag.py:545} INFO - Filling up the DagBag from /usr/local/lib/python3.10/dist-packages/airflow/example_dags/subdags/subdag.py
[2024-08-02T13:56:07.735+0700] {processor.py:842} WARNING - No viable dags retrieved from /usr/local/lib/python3.10/dist-packages/airflow/example_dags/subdags/subdag.py
[2024-08-02T13:56:07.743+0700] {processor.py:183} INFO - Processing /usr/local/lib/python3.10/dist-packages/airflow/example_dags/subdags/subdag.py took 0.014 seconds
[2024-08-02T14:07:57.652+0700] {processor.py:161} INFO - Started process (PID=10509) to work on /usr/local/lib/python3.10/dist-packages/airflow/example_dags/subdags/subdag.py
[2024-08-02T14:07:57.653+0700] {processor.py:830} INFO - Processing file /usr/local/lib/python3.10/dist-packages/airflow/example_dags/subdags/subdag.py for tasks to queue
[2024-08-02T14:07:57.654+0700] {logging_mixin.py:188} INFO - [2024-08-02T14:07:57.654+0700] {dagbag.py:545} INFO - Filling up the DagBag from /usr/local/lib/python3.10/dist-packages/airflow/example_dags/subdags/subdag.py
[2024-08-02T14:07:57.656+0700] {processor.py:842} WARNING - No viable dags retrieved from /usr/local/lib/python3.10/dist-packages/airflow/example_dags/subdags/subdag.py
[2024-08-02T14:07:57.662+0700] {processor.py:183} INFO - Processing /usr/local/lib/python3.10/dist-packages/airflow/example_dags/subdags/subdag.py took 0.014 seconds
[2024-08-02T14:08:29.307+0700] {processor.py:161} INFO - Started process (PID=10650) to work on /usr/local/lib/python3.10/dist-packages/airflow/example_dags/subdags/subdag.py
[2024-08-02T14:08:29.309+0700] {processor.py:830} INFO - Processing file /usr/local/lib/python3.10/dist-packages/airflow/example_dags/subdags/subdag.py for tasks to queue
[2024-08-02T14:08:29.310+0700] {logging_mixin.py:188} INFO - [2024-08-02T14:08:29.310+0700] {dagbag.py:545} INFO - Filling up the DagBag from /usr/local/lib/python3.10/dist-packages/airflow/example_dags/subdags/subdag.py
[2024-08-02T14:08:29.311+0700] {processor.py:842} WARNING - No viable dags retrieved from /usr/local/lib/python3.10/dist-packages/airflow/example_dags/subdags/subdag.py
[2024-08-02T14:08:29.318+0700] {processor.py:183} INFO - Processing /usr/local/lib/python3.10/dist-packages/airflow/example_dags/subdags/subdag.py took 0.015 seconds
[2024-08-02T14:08:59.821+0700] {processor.py:161} INFO - Started process (PID=10789) to work on /usr/local/lib/python3.10/dist-packages/airflow/example_dags/subdags/subdag.py
[2024-08-02T14:08:59.824+0700] {processor.py:830} INFO - Processing file /usr/local/lib/python3.10/dist-packages/airflow/example_dags/subdags/subdag.py for tasks to queue
[2024-08-02T14:08:59.825+0700] {logging_mixin.py:188} INFO - [2024-08-02T14:08:59.824+0700] {dagbag.py:545} INFO - Filling up the DagBag from /usr/local/lib/python3.10/dist-packages/airflow/example_dags/subdags/subdag.py
[2024-08-02T14:08:59.826+0700] {processor.py:842} WARNING - No viable dags retrieved from /usr/local/lib/python3.10/dist-packages/airflow/example_dags/subdags/subdag.py
[2024-08-02T14:08:59.832+0700] {processor.py:183} INFO - Processing /usr/local/lib/python3.10/dist-packages/airflow/example_dags/subdags/subdag.py took 0.015 seconds
[2024-08-02T14:20:42.566+0700] {processor.py:161} INFO - Started process (PID=13813) to work on /usr/local/lib/python3.10/dist-packages/airflow/example_dags/subdags/subdag.py
[2024-08-02T14:20:42.568+0700] {processor.py:830} INFO - Processing file /usr/local/lib/python3.10/dist-packages/airflow/example_dags/subdags/subdag.py for tasks to queue
[2024-08-02T14:20:42.569+0700] {logging_mixin.py:188} INFO - [2024-08-02T14:20:42.569+0700] {dagbag.py:545} INFO - Filling up the DagBag from /usr/local/lib/python3.10/dist-packages/airflow/example_dags/subdags/subdag.py
[2024-08-02T14:20:42.571+0700] {processor.py:842} WARNING - No viable dags retrieved from /usr/local/lib/python3.10/dist-packages/airflow/example_dags/subdags/subdag.py
[2024-08-02T14:20:42.578+0700] {processor.py:183} INFO - Processing /usr/local/lib/python3.10/dist-packages/airflow/example_dags/subdags/subdag.py took 0.016 seconds
[2024-08-02T14:21:14.442+0700] {processor.py:161} INFO - Started process (PID=13979) to work on /usr/local/lib/python3.10/dist-packages/airflow/example_dags/subdags/subdag.py
[2024-08-02T14:21:14.443+0700] {processor.py:830} INFO - Processing file /usr/local/lib/python3.10/dist-packages/airflow/example_dags/subdags/subdag.py for tasks to queue
[2024-08-02T14:21:14.444+0700] {logging_mixin.py:188} INFO - [2024-08-02T14:21:14.444+0700] {dagbag.py:545} INFO - Filling up the DagBag from /usr/local/lib/python3.10/dist-packages/airflow/example_dags/subdags/subdag.py
[2024-08-02T14:21:14.445+0700] {processor.py:842} WARNING - No viable dags retrieved from /usr/local/lib/python3.10/dist-packages/airflow/example_dags/subdags/subdag.py
[2024-08-02T14:21:14.452+0700] {processor.py:183} INFO - Processing /usr/local/lib/python3.10/dist-packages/airflow/example_dags/subdags/subdag.py took 0.014 seconds
[2024-08-02T14:21:45.176+0700] {processor.py:161} INFO - Started process (PID=14120) to work on /usr/local/lib/python3.10/dist-packages/airflow/example_dags/subdags/subdag.py
[2024-08-02T14:21:45.176+0700] {processor.py:830} INFO - Processing file /usr/local/lib/python3.10/dist-packages/airflow/example_dags/subdags/subdag.py for tasks to queue
[2024-08-02T14:21:45.177+0700] {logging_mixin.py:188} INFO - [2024-08-02T14:21:45.177+0700] {dagbag.py:545} INFO - Filling up the DagBag from /usr/local/lib/python3.10/dist-packages/airflow/example_dags/subdags/subdag.py
[2024-08-02T14:21:45.178+0700] {processor.py:842} WARNING - No viable dags retrieved from /usr/local/lib/python3.10/dist-packages/airflow/example_dags/subdags/subdag.py
[2024-08-02T14:21:45.185+0700] {processor.py:183} INFO - Processing /usr/local/lib/python3.10/dist-packages/airflow/example_dags/subdags/subdag.py took 0.014 seconds
[2024-08-02T14:22:15.885+0700] {processor.py:161} INFO - Started process (PID=14260) to work on /usr/local/lib/python3.10/dist-packages/airflow/example_dags/subdags/subdag.py
[2024-08-02T14:22:15.886+0700] {processor.py:830} INFO - Processing file /usr/local/lib/python3.10/dist-packages/airflow/example_dags/subdags/subdag.py for tasks to queue
[2024-08-02T14:22:15.887+0700] {logging_mixin.py:188} INFO - [2024-08-02T14:22:15.887+0700] {dagbag.py:545} INFO - Filling up the DagBag from /usr/local/lib/python3.10/dist-packages/airflow/example_dags/subdags/subdag.py
[2024-08-02T14:22:15.888+0700] {processor.py:842} WARNING - No viable dags retrieved from /usr/local/lib/python3.10/dist-packages/airflow/example_dags/subdags/subdag.py
[2024-08-02T14:22:15.895+0700] {processor.py:183} INFO - Processing /usr/local/lib/python3.10/dist-packages/airflow/example_dags/subdags/subdag.py took 0.014 seconds
[2024-08-02T14:22:46.466+0700] {processor.py:161} INFO - Started process (PID=14393) to work on /usr/local/lib/python3.10/dist-packages/airflow/example_dags/subdags/subdag.py
[2024-08-02T14:22:46.467+0700] {processor.py:830} INFO - Processing file /usr/local/lib/python3.10/dist-packages/airflow/example_dags/subdags/subdag.py for tasks to queue
[2024-08-02T14:22:46.467+0700] {logging_mixin.py:188} INFO - [2024-08-02T14:22:46.467+0700] {dagbag.py:545} INFO - Filling up the DagBag from /usr/local/lib/python3.10/dist-packages/airflow/example_dags/subdags/subdag.py
[2024-08-02T14:22:46.468+0700] {processor.py:842} WARNING - No viable dags retrieved from /usr/local/lib/python3.10/dist-packages/airflow/example_dags/subdags/subdag.py
[2024-08-02T14:22:46.475+0700] {processor.py:183} INFO - Processing /usr/local/lib/python3.10/dist-packages/airflow/example_dags/subdags/subdag.py took 0.013 seconds
[2024-08-02T14:23:26.100+0700] {processor.py:161} INFO - Started process (PID=14576) to work on /usr/local/lib/python3.10/dist-packages/airflow/example_dags/subdags/subdag.py
[2024-08-02T14:23:26.101+0700] {processor.py:830} INFO - Processing file /usr/local/lib/python3.10/dist-packages/airflow/example_dags/subdags/subdag.py for tasks to queue
[2024-08-02T14:23:26.102+0700] {logging_mixin.py:188} INFO - [2024-08-02T14:23:26.102+0700] {dagbag.py:545} INFO - Filling up the DagBag from /usr/local/lib/python3.10/dist-packages/airflow/example_dags/subdags/subdag.py
[2024-08-02T14:23:26.104+0700] {processor.py:842} WARNING - No viable dags retrieved from /usr/local/lib/python3.10/dist-packages/airflow/example_dags/subdags/subdag.py
[2024-08-02T14:23:26.112+0700] {processor.py:183} INFO - Processing /usr/local/lib/python3.10/dist-packages/airflow/example_dags/subdags/subdag.py took 0.017 seconds
[2024-08-02T14:23:56.797+0700] {processor.py:161} INFO - Started process (PID=14716) to work on /usr/local/lib/python3.10/dist-packages/airflow/example_dags/subdags/subdag.py
[2024-08-02T14:23:56.800+0700] {processor.py:830} INFO - Processing file /usr/local/lib/python3.10/dist-packages/airflow/example_dags/subdags/subdag.py for tasks to queue
[2024-08-02T14:23:56.801+0700] {logging_mixin.py:188} INFO - [2024-08-02T14:23:56.801+0700] {dagbag.py:545} INFO - Filling up the DagBag from /usr/local/lib/python3.10/dist-packages/airflow/example_dags/subdags/subdag.py
[2024-08-02T14:23:56.803+0700] {processor.py:842} WARNING - No viable dags retrieved from /usr/local/lib/python3.10/dist-packages/airflow/example_dags/subdags/subdag.py
[2024-08-02T14:23:56.810+0700] {processor.py:183} INFO - Processing /usr/local/lib/python3.10/dist-packages/airflow/example_dags/subdags/subdag.py took 0.017 seconds
[2024-08-02T14:24:27.504+0700] {processor.py:161} INFO - Started process (PID=14849) to work on /usr/local/lib/python3.10/dist-packages/airflow/example_dags/subdags/subdag.py
[2024-08-02T14:24:27.506+0700] {processor.py:830} INFO - Processing file /usr/local/lib/python3.10/dist-packages/airflow/example_dags/subdags/subdag.py for tasks to queue
[2024-08-02T14:24:27.507+0700] {logging_mixin.py:188} INFO - [2024-08-02T14:24:27.507+0700] {dagbag.py:545} INFO - Filling up the DagBag from /usr/local/lib/python3.10/dist-packages/airflow/example_dags/subdags/subdag.py
[2024-08-02T14:24:27.508+0700] {processor.py:842} WARNING - No viable dags retrieved from /usr/local/lib/python3.10/dist-packages/airflow/example_dags/subdags/subdag.py
[2024-08-02T14:24:27.515+0700] {processor.py:183} INFO - Processing /usr/local/lib/python3.10/dist-packages/airflow/example_dags/subdags/subdag.py took 0.015 seconds
[2024-08-02T14:24:58.027+0700] {processor.py:161} INFO - Started process (PID=14984) to work on /usr/local/lib/python3.10/dist-packages/airflow/example_dags/subdags/subdag.py
[2024-08-02T14:24:58.028+0700] {processor.py:830} INFO - Processing file /usr/local/lib/python3.10/dist-packages/airflow/example_dags/subdags/subdag.py for tasks to queue
[2024-08-02T14:24:58.029+0700] {logging_mixin.py:188} INFO - [2024-08-02T14:24:58.029+0700] {dagbag.py:545} INFO - Filling up the DagBag from /usr/local/lib/python3.10/dist-packages/airflow/example_dags/subdags/subdag.py
[2024-08-02T14:24:58.031+0700] {processor.py:842} WARNING - No viable dags retrieved from /usr/local/lib/python3.10/dist-packages/airflow/example_dags/subdags/subdag.py
[2024-08-02T14:24:58.038+0700] {processor.py:183} INFO - Processing /usr/local/lib/python3.10/dist-packages/airflow/example_dags/subdags/subdag.py took 0.015 seconds
[2024-08-02T14:25:28.616+0700] {processor.py:161} INFO - Started process (PID=15120) to work on /usr/local/lib/python3.10/dist-packages/airflow/example_dags/subdags/subdag.py
[2024-08-02T14:25:28.616+0700] {processor.py:830} INFO - Processing file /usr/local/lib/python3.10/dist-packages/airflow/example_dags/subdags/subdag.py for tasks to queue
[2024-08-02T14:25:28.617+0700] {logging_mixin.py:188} INFO - [2024-08-02T14:25:28.616+0700] {dagbag.py:545} INFO - Filling up the DagBag from /usr/local/lib/python3.10/dist-packages/airflow/example_dags/subdags/subdag.py
[2024-08-02T14:25:28.618+0700] {processor.py:842} WARNING - No viable dags retrieved from /usr/local/lib/python3.10/dist-packages/airflow/example_dags/subdags/subdag.py
[2024-08-02T14:25:28.625+0700] {processor.py:183} INFO - Processing /usr/local/lib/python3.10/dist-packages/airflow/example_dags/subdags/subdag.py took 0.013 seconds
[2024-08-02T14:25:59.241+0700] {processor.py:161} INFO - Started process (PID=15265) to work on /usr/local/lib/python3.10/dist-packages/airflow/example_dags/subdags/subdag.py
[2024-08-02T14:25:59.242+0700] {processor.py:830} INFO - Processing file /usr/local/lib/python3.10/dist-packages/airflow/example_dags/subdags/subdag.py for tasks to queue
[2024-08-02T14:25:59.242+0700] {logging_mixin.py:188} INFO - [2024-08-02T14:25:59.242+0700] {dagbag.py:545} INFO - Filling up the DagBag from /usr/local/lib/python3.10/dist-packages/airflow/example_dags/subdags/subdag.py
[2024-08-02T14:25:59.244+0700] {processor.py:842} WARNING - No viable dags retrieved from /usr/local/lib/python3.10/dist-packages/airflow/example_dags/subdags/subdag.py
[2024-08-02T14:25:59.250+0700] {processor.py:183} INFO - Processing /usr/local/lib/python3.10/dist-packages/airflow/example_dags/subdags/subdag.py took 0.014 seconds
[2024-08-02T14:26:29.830+0700] {processor.py:161} INFO - Started process (PID=15400) to work on /usr/local/lib/python3.10/dist-packages/airflow/example_dags/subdags/subdag.py
[2024-08-02T14:26:29.831+0700] {processor.py:830} INFO - Processing file /usr/local/lib/python3.10/dist-packages/airflow/example_dags/subdags/subdag.py for tasks to queue
[2024-08-02T14:26:29.831+0700] {logging_mixin.py:188} INFO - [2024-08-02T14:26:29.831+0700] {dagbag.py:545} INFO - Filling up the DagBag from /usr/local/lib/python3.10/dist-packages/airflow/example_dags/subdags/subdag.py
[2024-08-02T14:26:29.833+0700] {processor.py:842} WARNING - No viable dags retrieved from /usr/local/lib/python3.10/dist-packages/airflow/example_dags/subdags/subdag.py
[2024-08-02T14:26:29.840+0700] {processor.py:183} INFO - Processing /usr/local/lib/python3.10/dist-packages/airflow/example_dags/subdags/subdag.py took 0.014 seconds
[2024-08-02T14:27:00.378+0700] {processor.py:161} INFO - Started process (PID=15536) to work on /usr/local/lib/python3.10/dist-packages/airflow/example_dags/subdags/subdag.py
[2024-08-02T14:27:00.379+0700] {processor.py:830} INFO - Processing file /usr/local/lib/python3.10/dist-packages/airflow/example_dags/subdags/subdag.py for tasks to queue
[2024-08-02T14:27:00.380+0700] {logging_mixin.py:188} INFO - [2024-08-02T14:27:00.379+0700] {dagbag.py:545} INFO - Filling up the DagBag from /usr/local/lib/python3.10/dist-packages/airflow/example_dags/subdags/subdag.py
[2024-08-02T14:27:00.381+0700] {processor.py:842} WARNING - No viable dags retrieved from /usr/local/lib/python3.10/dist-packages/airflow/example_dags/subdags/subdag.py
[2024-08-02T14:27:00.388+0700] {processor.py:183} INFO - Processing /usr/local/lib/python3.10/dist-packages/airflow/example_dags/subdags/subdag.py took 0.014 seconds
[2024-08-02T14:27:30.981+0700] {processor.py:161} INFO - Started process (PID=15669) to work on /usr/local/lib/python3.10/dist-packages/airflow/example_dags/subdags/subdag.py
[2024-08-02T14:27:30.983+0700] {processor.py:830} INFO - Processing file /usr/local/lib/python3.10/dist-packages/airflow/example_dags/subdags/subdag.py for tasks to queue
[2024-08-02T14:27:30.984+0700] {logging_mixin.py:188} INFO - [2024-08-02T14:27:30.984+0700] {dagbag.py:545} INFO - Filling up the DagBag from /usr/local/lib/python3.10/dist-packages/airflow/example_dags/subdags/subdag.py
[2024-08-02T14:27:30.985+0700] {processor.py:842} WARNING - No viable dags retrieved from /usr/local/lib/python3.10/dist-packages/airflow/example_dags/subdags/subdag.py
[2024-08-02T14:27:30.992+0700] {processor.py:183} INFO - Processing /usr/local/lib/python3.10/dist-packages/airflow/example_dags/subdags/subdag.py took 0.016 seconds
[2024-08-02T14:28:01.591+0700] {processor.py:161} INFO - Started process (PID=15802) to work on /usr/local/lib/python3.10/dist-packages/airflow/example_dags/subdags/subdag.py
[2024-08-02T14:28:01.592+0700] {processor.py:830} INFO - Processing file /usr/local/lib/python3.10/dist-packages/airflow/example_dags/subdags/subdag.py for tasks to queue
[2024-08-02T14:28:01.592+0700] {logging_mixin.py:188} INFO - [2024-08-02T14:28:01.592+0700] {dagbag.py:545} INFO - Filling up the DagBag from /usr/local/lib/python3.10/dist-packages/airflow/example_dags/subdags/subdag.py
[2024-08-02T14:28:01.594+0700] {processor.py:842} WARNING - No viable dags retrieved from /usr/local/lib/python3.10/dist-packages/airflow/example_dags/subdags/subdag.py
[2024-08-02T14:28:01.601+0700] {processor.py:183} INFO - Processing /usr/local/lib/python3.10/dist-packages/airflow/example_dags/subdags/subdag.py took 0.013 seconds
[2024-08-02T14:28:32.075+0700] {processor.py:161} INFO - Started process (PID=15943) to work on /usr/local/lib/python3.10/dist-packages/airflow/example_dags/subdags/subdag.py
[2024-08-02T14:28:32.077+0700] {processor.py:830} INFO - Processing file /usr/local/lib/python3.10/dist-packages/airflow/example_dags/subdags/subdag.py for tasks to queue
[2024-08-02T14:28:32.077+0700] {logging_mixin.py:188} INFO - [2024-08-02T14:28:32.077+0700] {dagbag.py:545} INFO - Filling up the DagBag from /usr/local/lib/python3.10/dist-packages/airflow/example_dags/subdags/subdag.py
[2024-08-02T14:28:32.079+0700] {processor.py:842} WARNING - No viable dags retrieved from /usr/local/lib/python3.10/dist-packages/airflow/example_dags/subdags/subdag.py
[2024-08-02T14:28:32.087+0700] {processor.py:183} INFO - Processing /usr/local/lib/python3.10/dist-packages/airflow/example_dags/subdags/subdag.py took 0.017 seconds
[2024-08-02T14:29:02.730+0700] {processor.py:161} INFO - Started process (PID=16078) to work on /usr/local/lib/python3.10/dist-packages/airflow/example_dags/subdags/subdag.py
[2024-08-02T14:29:02.730+0700] {processor.py:830} INFO - Processing file /usr/local/lib/python3.10/dist-packages/airflow/example_dags/subdags/subdag.py for tasks to queue
[2024-08-02T14:29:02.731+0700] {logging_mixin.py:188} INFO - [2024-08-02T14:29:02.731+0700] {dagbag.py:545} INFO - Filling up the DagBag from /usr/local/lib/python3.10/dist-packages/airflow/example_dags/subdags/subdag.py
[2024-08-02T14:29:02.732+0700] {processor.py:842} WARNING - No viable dags retrieved from /usr/local/lib/python3.10/dist-packages/airflow/example_dags/subdags/subdag.py
[2024-08-02T14:29:02.740+0700] {processor.py:183} INFO - Processing /usr/local/lib/python3.10/dist-packages/airflow/example_dags/subdags/subdag.py took 0.014 seconds
[2024-08-02T14:29:33.384+0700] {processor.py:161} INFO - Started process (PID=16213) to work on /usr/local/lib/python3.10/dist-packages/airflow/example_dags/subdags/subdag.py
[2024-08-02T14:29:33.385+0700] {processor.py:830} INFO - Processing file /usr/local/lib/python3.10/dist-packages/airflow/example_dags/subdags/subdag.py for tasks to queue
[2024-08-02T14:29:33.386+0700] {logging_mixin.py:188} INFO - [2024-08-02T14:29:33.386+0700] {dagbag.py:545} INFO - Filling up the DagBag from /usr/local/lib/python3.10/dist-packages/airflow/example_dags/subdags/subdag.py
[2024-08-02T14:29:33.387+0700] {processor.py:842} WARNING - No viable dags retrieved from /usr/local/lib/python3.10/dist-packages/airflow/example_dags/subdags/subdag.py
[2024-08-02T14:29:33.394+0700] {processor.py:183} INFO - Processing /usr/local/lib/python3.10/dist-packages/airflow/example_dags/subdags/subdag.py took 0.015 seconds
[2024-08-02T14:30:03.932+0700] {processor.py:161} INFO - Started process (PID=16345) to work on /usr/local/lib/python3.10/dist-packages/airflow/example_dags/subdags/subdag.py
[2024-08-02T14:30:03.932+0700] {processor.py:830} INFO - Processing file /usr/local/lib/python3.10/dist-packages/airflow/example_dags/subdags/subdag.py for tasks to queue
[2024-08-02T14:30:03.933+0700] {logging_mixin.py:188} INFO - [2024-08-02T14:30:03.933+0700] {dagbag.py:545} INFO - Filling up the DagBag from /usr/local/lib/python3.10/dist-packages/airflow/example_dags/subdags/subdag.py
[2024-08-02T14:30:03.934+0700] {processor.py:842} WARNING - No viable dags retrieved from /usr/local/lib/python3.10/dist-packages/airflow/example_dags/subdags/subdag.py
[2024-08-02T14:30:03.941+0700] {processor.py:183} INFO - Processing /usr/local/lib/python3.10/dist-packages/airflow/example_dags/subdags/subdag.py took 0.013 seconds
[2024-08-02T14:30:34.344+0700] {processor.py:161} INFO - Started process (PID=16477) to work on /usr/local/lib/python3.10/dist-packages/airflow/example_dags/subdags/subdag.py
[2024-08-02T14:30:34.346+0700] {processor.py:830} INFO - Processing file /usr/local/lib/python3.10/dist-packages/airflow/example_dags/subdags/subdag.py for tasks to queue
[2024-08-02T14:30:34.347+0700] {logging_mixin.py:188} INFO - [2024-08-02T14:30:34.347+0700] {dagbag.py:545} INFO - Filling up the DagBag from /usr/local/lib/python3.10/dist-packages/airflow/example_dags/subdags/subdag.py
[2024-08-02T14:30:34.348+0700] {processor.py:842} WARNING - No viable dags retrieved from /usr/local/lib/python3.10/dist-packages/airflow/example_dags/subdags/subdag.py
[2024-08-02T14:30:34.356+0700] {processor.py:183} INFO - Processing /usr/local/lib/python3.10/dist-packages/airflow/example_dags/subdags/subdag.py took 0.016 seconds
[2024-08-02T14:31:05.252+0700] {processor.py:161} INFO - Started process (PID=16618) to work on /usr/local/lib/python3.10/dist-packages/airflow/example_dags/subdags/subdag.py
[2024-08-02T14:31:05.254+0700] {processor.py:830} INFO - Processing file /usr/local/lib/python3.10/dist-packages/airflow/example_dags/subdags/subdag.py for tasks to queue
[2024-08-02T14:31:05.255+0700] {logging_mixin.py:188} INFO - [2024-08-02T14:31:05.255+0700] {dagbag.py:545} INFO - Filling up the DagBag from /usr/local/lib/python3.10/dist-packages/airflow/example_dags/subdags/subdag.py
[2024-08-02T14:31:05.256+0700] {processor.py:842} WARNING - No viable dags retrieved from /usr/local/lib/python3.10/dist-packages/airflow/example_dags/subdags/subdag.py
[2024-08-02T14:31:05.264+0700] {processor.py:183} INFO - Processing /usr/local/lib/python3.10/dist-packages/airflow/example_dags/subdags/subdag.py took 0.016 seconds
[2024-08-02T14:31:36.863+0700] {processor.py:161} INFO - Started process (PID=16755) to work on /usr/local/lib/python3.10/dist-packages/airflow/example_dags/subdags/subdag.py
[2024-08-02T14:31:36.865+0700] {processor.py:830} INFO - Processing file /usr/local/lib/python3.10/dist-packages/airflow/example_dags/subdags/subdag.py for tasks to queue
[2024-08-02T14:31:36.866+0700] {logging_mixin.py:188} INFO - [2024-08-02T14:31:36.866+0700] {dagbag.py:545} INFO - Filling up the DagBag from /usr/local/lib/python3.10/dist-packages/airflow/example_dags/subdags/subdag.py
[2024-08-02T14:31:36.868+0700] {processor.py:842} WARNING - No viable dags retrieved from /usr/local/lib/python3.10/dist-packages/airflow/example_dags/subdags/subdag.py
[2024-08-02T14:31:36.875+0700] {processor.py:183} INFO - Processing /usr/local/lib/python3.10/dist-packages/airflow/example_dags/subdags/subdag.py took 0.016 seconds
[2024-08-02T14:32:07.510+0700] {processor.py:161} INFO - Started process (PID=16887) to work on /usr/local/lib/python3.10/dist-packages/airflow/example_dags/subdags/subdag.py
[2024-08-02T14:32:07.510+0700] {processor.py:830} INFO - Processing file /usr/local/lib/python3.10/dist-packages/airflow/example_dags/subdags/subdag.py for tasks to queue
[2024-08-02T14:32:07.511+0700] {logging_mixin.py:188} INFO - [2024-08-02T14:32:07.511+0700] {dagbag.py:545} INFO - Filling up the DagBag from /usr/local/lib/python3.10/dist-packages/airflow/example_dags/subdags/subdag.py
[2024-08-02T14:32:07.512+0700] {processor.py:842} WARNING - No viable dags retrieved from /usr/local/lib/python3.10/dist-packages/airflow/example_dags/subdags/subdag.py
[2024-08-02T14:32:07.519+0700] {processor.py:183} INFO - Processing /usr/local/lib/python3.10/dist-packages/airflow/example_dags/subdags/subdag.py took 0.013 seconds
[2024-08-02T14:32:37.945+0700] {processor.py:161} INFO - Started process (PID=17078) to work on /usr/local/lib/python3.10/dist-packages/airflow/example_dags/subdags/subdag.py
[2024-08-02T14:32:37.950+0700] {processor.py:830} INFO - Processing file /usr/local/lib/python3.10/dist-packages/airflow/example_dags/subdags/subdag.py for tasks to queue
[2024-08-02T14:32:37.951+0700] {logging_mixin.py:188} INFO - [2024-08-02T14:32:37.951+0700] {dagbag.py:545} INFO - Filling up the DagBag from /usr/local/lib/python3.10/dist-packages/airflow/example_dags/subdags/subdag.py
[2024-08-02T14:32:37.952+0700] {processor.py:842} WARNING - No viable dags retrieved from /usr/local/lib/python3.10/dist-packages/airflow/example_dags/subdags/subdag.py
[2024-08-02T14:32:37.959+0700] {processor.py:183} INFO - Processing /usr/local/lib/python3.10/dist-packages/airflow/example_dags/subdags/subdag.py took 0.018 seconds
[2024-08-02T14:33:08.361+0700] {processor.py:161} INFO - Started process (PID=17219) to work on /usr/local/lib/python3.10/dist-packages/airflow/example_dags/subdags/subdag.py
[2024-08-02T14:33:08.362+0700] {processor.py:830} INFO - Processing file /usr/local/lib/python3.10/dist-packages/airflow/example_dags/subdags/subdag.py for tasks to queue
[2024-08-02T14:33:08.362+0700] {logging_mixin.py:188} INFO - [2024-08-02T14:33:08.362+0700] {dagbag.py:545} INFO - Filling up the DagBag from /usr/local/lib/python3.10/dist-packages/airflow/example_dags/subdags/subdag.py
[2024-08-02T14:33:08.363+0700] {processor.py:842} WARNING - No viable dags retrieved from /usr/local/lib/python3.10/dist-packages/airflow/example_dags/subdags/subdag.py
[2024-08-02T14:33:08.371+0700] {processor.py:183} INFO - Processing /usr/local/lib/python3.10/dist-packages/airflow/example_dags/subdags/subdag.py took 0.014 seconds
[2024-08-02T14:33:38.788+0700] {processor.py:161} INFO - Started process (PID=17352) to work on /usr/local/lib/python3.10/dist-packages/airflow/example_dags/subdags/subdag.py
[2024-08-02T14:33:38.790+0700] {processor.py:830} INFO - Processing file /usr/local/lib/python3.10/dist-packages/airflow/example_dags/subdags/subdag.py for tasks to queue
[2024-08-02T14:33:38.791+0700] {logging_mixin.py:188} INFO - [2024-08-02T14:33:38.791+0700] {dagbag.py:545} INFO - Filling up the DagBag from /usr/local/lib/python3.10/dist-packages/airflow/example_dags/subdags/subdag.py
[2024-08-02T14:33:38.792+0700] {processor.py:842} WARNING - No viable dags retrieved from /usr/local/lib/python3.10/dist-packages/airflow/example_dags/subdags/subdag.py
[2024-08-02T14:33:38.799+0700] {processor.py:183} INFO - Processing /usr/local/lib/python3.10/dist-packages/airflow/example_dags/subdags/subdag.py took 0.015 seconds
[2024-08-02T14:34:09.124+0700] {processor.py:161} INFO - Started process (PID=17484) to work on /usr/local/lib/python3.10/dist-packages/airflow/example_dags/subdags/subdag.py
[2024-08-02T14:34:09.126+0700] {processor.py:830} INFO - Processing file /usr/local/lib/python3.10/dist-packages/airflow/example_dags/subdags/subdag.py for tasks to queue
[2024-08-02T14:34:09.127+0700] {logging_mixin.py:188} INFO - [2024-08-02T14:34:09.127+0700] {dagbag.py:545} INFO - Filling up the DagBag from /usr/local/lib/python3.10/dist-packages/airflow/example_dags/subdags/subdag.py
[2024-08-02T14:34:09.128+0700] {processor.py:842} WARNING - No viable dags retrieved from /usr/local/lib/python3.10/dist-packages/airflow/example_dags/subdags/subdag.py
[2024-08-02T14:34:09.135+0700] {processor.py:183} INFO - Processing /usr/local/lib/python3.10/dist-packages/airflow/example_dags/subdags/subdag.py took 0.015 seconds
[2024-08-02T14:34:39.403+0700] {processor.py:161} INFO - Started process (PID=17616) to work on /usr/local/lib/python3.10/dist-packages/airflow/example_dags/subdags/subdag.py
[2024-08-02T14:34:39.404+0700] {processor.py:830} INFO - Processing file /usr/local/lib/python3.10/dist-packages/airflow/example_dags/subdags/subdag.py for tasks to queue
[2024-08-02T14:34:39.405+0700] {logging_mixin.py:188} INFO - [2024-08-02T14:34:39.405+0700] {dagbag.py:545} INFO - Filling up the DagBag from /usr/local/lib/python3.10/dist-packages/airflow/example_dags/subdags/subdag.py
[2024-08-02T14:34:39.406+0700] {processor.py:842} WARNING - No viable dags retrieved from /usr/local/lib/python3.10/dist-packages/airflow/example_dags/subdags/subdag.py
[2024-08-02T14:34:39.413+0700] {processor.py:183} INFO - Processing /usr/local/lib/python3.10/dist-packages/airflow/example_dags/subdags/subdag.py took 0.014 seconds
[2024-08-02T14:35:09.675+0700] {processor.py:161} INFO - Started process (PID=17749) to work on /usr/local/lib/python3.10/dist-packages/airflow/example_dags/subdags/subdag.py
[2024-08-02T14:35:09.678+0700] {processor.py:830} INFO - Processing file /usr/local/lib/python3.10/dist-packages/airflow/example_dags/subdags/subdag.py for tasks to queue
[2024-08-02T14:35:09.679+0700] {logging_mixin.py:188} INFO - [2024-08-02T14:35:09.679+0700] {dagbag.py:545} INFO - Filling up the DagBag from /usr/local/lib/python3.10/dist-packages/airflow/example_dags/subdags/subdag.py
[2024-08-02T14:35:09.680+0700] {processor.py:842} WARNING - No viable dags retrieved from /usr/local/lib/python3.10/dist-packages/airflow/example_dags/subdags/subdag.py
[2024-08-02T14:35:09.687+0700] {processor.py:183} INFO - Processing /usr/local/lib/python3.10/dist-packages/airflow/example_dags/subdags/subdag.py took 0.016 seconds
[2024-08-02T14:35:40.130+0700] {processor.py:161} INFO - Started process (PID=17882) to work on /usr/local/lib/python3.10/dist-packages/airflow/example_dags/subdags/subdag.py
[2024-08-02T14:35:40.130+0700] {processor.py:830} INFO - Processing file /usr/local/lib/python3.10/dist-packages/airflow/example_dags/subdags/subdag.py for tasks to queue
[2024-08-02T14:35:40.131+0700] {logging_mixin.py:188} INFO - [2024-08-02T14:35:40.131+0700] {dagbag.py:545} INFO - Filling up the DagBag from /usr/local/lib/python3.10/dist-packages/airflow/example_dags/subdags/subdag.py
[2024-08-02T14:35:40.133+0700] {processor.py:842} WARNING - No viable dags retrieved from /usr/local/lib/python3.10/dist-packages/airflow/example_dags/subdags/subdag.py
[2024-08-02T14:35:40.139+0700] {processor.py:183} INFO - Processing /usr/local/lib/python3.10/dist-packages/airflow/example_dags/subdags/subdag.py took 0.013 seconds
[2024-08-02T14:36:10.540+0700] {processor.py:161} INFO - Started process (PID=18013) to work on /usr/local/lib/python3.10/dist-packages/airflow/example_dags/subdags/subdag.py
[2024-08-02T14:36:10.543+0700] {processor.py:830} INFO - Processing file /usr/local/lib/python3.10/dist-packages/airflow/example_dags/subdags/subdag.py for tasks to queue
[2024-08-02T14:36:10.544+0700] {logging_mixin.py:188} INFO - [2024-08-02T14:36:10.544+0700] {dagbag.py:545} INFO - Filling up the DagBag from /usr/local/lib/python3.10/dist-packages/airflow/example_dags/subdags/subdag.py
[2024-08-02T14:36:10.546+0700] {processor.py:842} WARNING - No viable dags retrieved from /usr/local/lib/python3.10/dist-packages/airflow/example_dags/subdags/subdag.py
[2024-08-02T14:36:10.553+0700] {processor.py:183} INFO - Processing /usr/local/lib/python3.10/dist-packages/airflow/example_dags/subdags/subdag.py took 0.016 seconds
[2024-08-02T14:36:40.951+0700] {processor.py:161} INFO - Started process (PID=18171) to work on /usr/local/lib/python3.10/dist-packages/airflow/example_dags/subdags/subdag.py
[2024-08-02T14:36:40.954+0700] {processor.py:830} INFO - Processing file /usr/local/lib/python3.10/dist-packages/airflow/example_dags/subdags/subdag.py for tasks to queue
[2024-08-02T14:36:40.955+0700] {logging_mixin.py:188} INFO - [2024-08-02T14:36:40.955+0700] {dagbag.py:545} INFO - Filling up the DagBag from /usr/local/lib/python3.10/dist-packages/airflow/example_dags/subdags/subdag.py
[2024-08-02T14:36:40.957+0700] {processor.py:842} WARNING - No viable dags retrieved from /usr/local/lib/python3.10/dist-packages/airflow/example_dags/subdags/subdag.py
[2024-08-02T14:36:40.964+0700] {processor.py:183} INFO - Processing /usr/local/lib/python3.10/dist-packages/airflow/example_dags/subdags/subdag.py took 0.017 seconds
[2024-08-02T14:37:11.363+0700] {processor.py:161} INFO - Started process (PID=18302) to work on /usr/local/lib/python3.10/dist-packages/airflow/example_dags/subdags/subdag.py
[2024-08-02T14:37:11.366+0700] {processor.py:830} INFO - Processing file /usr/local/lib/python3.10/dist-packages/airflow/example_dags/subdags/subdag.py for tasks to queue
[2024-08-02T14:37:11.367+0700] {logging_mixin.py:188} INFO - [2024-08-02T14:37:11.366+0700] {dagbag.py:545} INFO - Filling up the DagBag from /usr/local/lib/python3.10/dist-packages/airflow/example_dags/subdags/subdag.py
[2024-08-02T14:37:11.368+0700] {processor.py:842} WARNING - No viable dags retrieved from /usr/local/lib/python3.10/dist-packages/airflow/example_dags/subdags/subdag.py
[2024-08-02T14:37:11.375+0700] {processor.py:183} INFO - Processing /usr/local/lib/python3.10/dist-packages/airflow/example_dags/subdags/subdag.py took 0.016 seconds
[2024-08-02T14:37:41.775+0700] {processor.py:161} INFO - Started process (PID=18435) to work on /usr/local/lib/python3.10/dist-packages/airflow/example_dags/subdags/subdag.py
[2024-08-02T14:37:41.776+0700] {processor.py:830} INFO - Processing file /usr/local/lib/python3.10/dist-packages/airflow/example_dags/subdags/subdag.py for tasks to queue
[2024-08-02T14:37:41.777+0700] {logging_mixin.py:188} INFO - [2024-08-02T14:37:41.776+0700] {dagbag.py:545} INFO - Filling up the DagBag from /usr/local/lib/python3.10/dist-packages/airflow/example_dags/subdags/subdag.py
[2024-08-02T14:37:41.778+0700] {processor.py:842} WARNING - No viable dags retrieved from /usr/local/lib/python3.10/dist-packages/airflow/example_dags/subdags/subdag.py
[2024-08-02T14:37:41.786+0700] {processor.py:183} INFO - Processing /usr/local/lib/python3.10/dist-packages/airflow/example_dags/subdags/subdag.py took 0.016 seconds
[2024-08-02T14:38:13.322+0700] {processor.py:161} INFO - Started process (PID=18571) to work on /usr/local/lib/python3.10/dist-packages/airflow/example_dags/subdags/subdag.py
[2024-08-02T14:38:13.324+0700] {processor.py:830} INFO - Processing file /usr/local/lib/python3.10/dist-packages/airflow/example_dags/subdags/subdag.py for tasks to queue
[2024-08-02T14:38:13.325+0700] {logging_mixin.py:188} INFO - [2024-08-02T14:38:13.324+0700] {dagbag.py:545} INFO - Filling up the DagBag from /usr/local/lib/python3.10/dist-packages/airflow/example_dags/subdags/subdag.py
[2024-08-02T14:38:13.326+0700] {processor.py:842} WARNING - No viable dags retrieved from /usr/local/lib/python3.10/dist-packages/airflow/example_dags/subdags/subdag.py
[2024-08-02T14:38:13.333+0700] {processor.py:183} INFO - Processing /usr/local/lib/python3.10/dist-packages/airflow/example_dags/subdags/subdag.py took 0.015 seconds
[2024-08-02T14:38:43.734+0700] {processor.py:161} INFO - Started process (PID=18704) to work on /usr/local/lib/python3.10/dist-packages/airflow/example_dags/subdags/subdag.py
[2024-08-02T14:38:43.735+0700] {processor.py:830} INFO - Processing file /usr/local/lib/python3.10/dist-packages/airflow/example_dags/subdags/subdag.py for tasks to queue
[2024-08-02T14:38:43.736+0700] {logging_mixin.py:188} INFO - [2024-08-02T14:38:43.735+0700] {dagbag.py:545} INFO - Filling up the DagBag from /usr/local/lib/python3.10/dist-packages/airflow/example_dags/subdags/subdag.py
[2024-08-02T14:38:43.737+0700] {processor.py:842} WARNING - No viable dags retrieved from /usr/local/lib/python3.10/dist-packages/airflow/example_dags/subdags/subdag.py
[2024-08-02T14:38:43.744+0700] {processor.py:183} INFO - Processing /usr/local/lib/python3.10/dist-packages/airflow/example_dags/subdags/subdag.py took 0.014 seconds
[2024-08-02T14:39:14.209+0700] {processor.py:161} INFO - Started process (PID=18928) to work on /usr/local/lib/python3.10/dist-packages/airflow/example_dags/subdags/subdag.py
[2024-08-02T14:39:14.212+0700] {processor.py:830} INFO - Processing file /usr/local/lib/python3.10/dist-packages/airflow/example_dags/subdags/subdag.py for tasks to queue
[2024-08-02T14:39:14.218+0700] {logging_mixin.py:188} INFO - [2024-08-02T14:39:14.213+0700] {dagbag.py:545} INFO - Filling up the DagBag from /usr/local/lib/python3.10/dist-packages/airflow/example_dags/subdags/subdag.py
[2024-08-02T14:39:14.233+0700] {processor.py:842} WARNING - No viable dags retrieved from /usr/local/lib/python3.10/dist-packages/airflow/example_dags/subdags/subdag.py
[2024-08-02T14:39:14.278+0700] {processor.py:183} INFO - Processing /usr/local/lib/python3.10/dist-packages/airflow/example_dags/subdags/subdag.py took 0.095 seconds
[2024-08-02T14:43:36.399+0700] {processor.py:161} INFO - Started process (PID=19728) to work on /usr/local/lib/python3.10/dist-packages/airflow/example_dags/subdags/subdag.py
[2024-08-02T14:43:36.452+0700] {processor.py:830} INFO - Processing file /usr/local/lib/python3.10/dist-packages/airflow/example_dags/subdags/subdag.py for tasks to queue
[2024-08-02T14:43:36.453+0700] {logging_mixin.py:188} INFO - [2024-08-02T14:43:36.452+0700] {dagbag.py:545} INFO - Filling up the DagBag from /usr/local/lib/python3.10/dist-packages/airflow/example_dags/subdags/subdag.py
[2024-08-02T14:43:36.486+0700] {processor.py:842} WARNING - No viable dags retrieved from /usr/local/lib/python3.10/dist-packages/airflow/example_dags/subdags/subdag.py
[2024-08-02T14:43:36.563+0700] {processor.py:183} INFO - Processing /usr/local/lib/python3.10/dist-packages/airflow/example_dags/subdags/subdag.py took 0.207 seconds
[2024-08-02T14:54:47.271+0700] {processor.py:161} INFO - Started process (PID=23339) to work on /usr/local/lib/python3.10/dist-packages/airflow/example_dags/subdags/subdag.py
[2024-08-02T14:54:47.273+0700] {processor.py:830} INFO - Processing file /usr/local/lib/python3.10/dist-packages/airflow/example_dags/subdags/subdag.py for tasks to queue
[2024-08-02T14:54:47.274+0700] {logging_mixin.py:188} INFO - [2024-08-02T14:54:47.273+0700] {dagbag.py:545} INFO - Filling up the DagBag from /usr/local/lib/python3.10/dist-packages/airflow/example_dags/subdags/subdag.py
[2024-08-02T14:54:47.275+0700] {processor.py:842} WARNING - No viable dags retrieved from /usr/local/lib/python3.10/dist-packages/airflow/example_dags/subdags/subdag.py
[2024-08-02T14:54:47.282+0700] {processor.py:183} INFO - Processing /usr/local/lib/python3.10/dist-packages/airflow/example_dags/subdags/subdag.py took 0.016 seconds
[2024-08-02T14:55:19.037+0700] {processor.py:161} INFO - Started process (PID=23485) to work on /usr/local/lib/python3.10/dist-packages/airflow/example_dags/subdags/subdag.py
[2024-08-02T14:55:19.038+0700] {processor.py:830} INFO - Processing file /usr/local/lib/python3.10/dist-packages/airflow/example_dags/subdags/subdag.py for tasks to queue
[2024-08-02T14:55:19.039+0700] {logging_mixin.py:188} INFO - [2024-08-02T14:55:19.039+0700] {dagbag.py:545} INFO - Filling up the DagBag from /usr/local/lib/python3.10/dist-packages/airflow/example_dags/subdags/subdag.py
[2024-08-02T14:55:19.041+0700] {processor.py:842} WARNING - No viable dags retrieved from /usr/local/lib/python3.10/dist-packages/airflow/example_dags/subdags/subdag.py
[2024-08-02T14:55:19.049+0700] {processor.py:183} INFO - Processing /usr/local/lib/python3.10/dist-packages/airflow/example_dags/subdags/subdag.py took 0.017 seconds
[2024-08-02T22:05:26.945+0700] {processor.py:161} INFO - Started process (PID=2438) to work on /usr/local/lib/python3.10/dist-packages/airflow/example_dags/subdags/subdag.py
[2024-08-02T22:05:26.946+0700] {processor.py:830} INFO - Processing file /usr/local/lib/python3.10/dist-packages/airflow/example_dags/subdags/subdag.py for tasks to queue
[2024-08-02T22:05:26.948+0700] {logging_mixin.py:188} INFO - [2024-08-02T22:05:26.947+0700] {dagbag.py:545} INFO - Filling up the DagBag from /usr/local/lib/python3.10/dist-packages/airflow/example_dags/subdags/subdag.py
[2024-08-02T22:05:26.949+0700] {processor.py:842} WARNING - No viable dags retrieved from /usr/local/lib/python3.10/dist-packages/airflow/example_dags/subdags/subdag.py
[2024-08-02T22:05:26.956+0700] {processor.py:183} INFO - Processing /usr/local/lib/python3.10/dist-packages/airflow/example_dags/subdags/subdag.py took 0.015 seconds
[2024-08-02T22:52:06.171+0700] {processor.py:161} INFO - Started process (PID=1485) to work on /usr/local/lib/python3.10/dist-packages/airflow/example_dags/subdags/subdag.py
[2024-08-02T22:52:06.175+0700] {processor.py:830} INFO - Processing file /usr/local/lib/python3.10/dist-packages/airflow/example_dags/subdags/subdag.py for tasks to queue
[2024-08-02T22:52:06.177+0700] {logging_mixin.py:188} INFO - [2024-08-02T22:52:06.177+0700] {dagbag.py:545} INFO - Filling up the DagBag from /usr/local/lib/python3.10/dist-packages/airflow/example_dags/subdags/subdag.py
[2024-08-02T22:52:06.200+0700] {processor.py:842} WARNING - No viable dags retrieved from /usr/local/lib/python3.10/dist-packages/airflow/example_dags/subdags/subdag.py
[2024-08-02T22:52:06.211+0700] {processor.py:183} INFO - Processing /usr/local/lib/python3.10/dist-packages/airflow/example_dags/subdags/subdag.py took 0.043 seconds
[2024-08-02T22:52:36.705+0700] {processor.py:161} INFO - Started process (PID=1618) to work on /usr/local/lib/python3.10/dist-packages/airflow/example_dags/subdags/subdag.py
[2024-08-02T22:52:36.706+0700] {processor.py:830} INFO - Processing file /usr/local/lib/python3.10/dist-packages/airflow/example_dags/subdags/subdag.py for tasks to queue
[2024-08-02T22:52:36.707+0700] {logging_mixin.py:188} INFO - [2024-08-02T22:52:36.707+0700] {dagbag.py:545} INFO - Filling up the DagBag from /usr/local/lib/python3.10/dist-packages/airflow/example_dags/subdags/subdag.py
[2024-08-02T22:52:36.708+0700] {processor.py:842} WARNING - No viable dags retrieved from /usr/local/lib/python3.10/dist-packages/airflow/example_dags/subdags/subdag.py
[2024-08-02T22:52:36.715+0700] {processor.py:183} INFO - Processing /usr/local/lib/python3.10/dist-packages/airflow/example_dags/subdags/subdag.py took 0.014 seconds
[2024-08-02T22:53:07.258+0700] {processor.py:161} INFO - Started process (PID=1757) to work on /usr/local/lib/python3.10/dist-packages/airflow/example_dags/subdags/subdag.py
[2024-08-02T22:53:07.258+0700] {processor.py:830} INFO - Processing file /usr/local/lib/python3.10/dist-packages/airflow/example_dags/subdags/subdag.py for tasks to queue
[2024-08-02T22:53:07.259+0700] {logging_mixin.py:188} INFO - [2024-08-02T22:53:07.259+0700] {dagbag.py:545} INFO - Filling up the DagBag from /usr/local/lib/python3.10/dist-packages/airflow/example_dags/subdags/subdag.py
[2024-08-02T22:53:07.260+0700] {processor.py:842} WARNING - No viable dags retrieved from /usr/local/lib/python3.10/dist-packages/airflow/example_dags/subdags/subdag.py
[2024-08-02T22:53:07.269+0700] {processor.py:183} INFO - Processing /usr/local/lib/python3.10/dist-packages/airflow/example_dags/subdags/subdag.py took 0.015 seconds
[2024-08-02T22:53:37.692+0700] {processor.py:161} INFO - Started process (PID=1891) to work on /usr/local/lib/python3.10/dist-packages/airflow/example_dags/subdags/subdag.py
[2024-08-02T22:53:37.695+0700] {processor.py:830} INFO - Processing file /usr/local/lib/python3.10/dist-packages/airflow/example_dags/subdags/subdag.py for tasks to queue
[2024-08-02T22:53:37.696+0700] {logging_mixin.py:188} INFO - [2024-08-02T22:53:37.696+0700] {dagbag.py:545} INFO - Filling up the DagBag from /usr/local/lib/python3.10/dist-packages/airflow/example_dags/subdags/subdag.py
[2024-08-02T22:53:37.698+0700] {processor.py:842} WARNING - No viable dags retrieved from /usr/local/lib/python3.10/dist-packages/airflow/example_dags/subdags/subdag.py
[2024-08-02T22:53:37.705+0700] {processor.py:183} INFO - Processing /usr/local/lib/python3.10/dist-packages/airflow/example_dags/subdags/subdag.py took 0.016 seconds
[2024-08-02T22:54:08.101+0700] {processor.py:161} INFO - Started process (PID=2031) to work on /usr/local/lib/python3.10/dist-packages/airflow/example_dags/subdags/subdag.py
[2024-08-02T22:54:08.101+0700] {processor.py:830} INFO - Processing file /usr/local/lib/python3.10/dist-packages/airflow/example_dags/subdags/subdag.py for tasks to queue
[2024-08-02T22:54:08.103+0700] {logging_mixin.py:188} INFO - [2024-08-02T22:54:08.102+0700] {dagbag.py:545} INFO - Filling up the DagBag from /usr/local/lib/python3.10/dist-packages/airflow/example_dags/subdags/subdag.py
[2024-08-02T22:54:08.105+0700] {processor.py:842} WARNING - No viable dags retrieved from /usr/local/lib/python3.10/dist-packages/airflow/example_dags/subdags/subdag.py
[2024-08-02T22:54:08.112+0700] {processor.py:183} INFO - Processing /usr/local/lib/python3.10/dist-packages/airflow/example_dags/subdags/subdag.py took 0.015 seconds
