[2024-07-27T18:29:52.185+0700] {processor.py:161} INFO - Started process (PID=1447) to work on /usr/local/lib/python3.10/dist-packages/airflow/example_dags/example_sla_dag.py
[2024-07-27T18:29:52.186+0700] {processor.py:830} INFO - Processing file /usr/local/lib/python3.10/dist-packages/airflow/example_dags/example_sla_dag.py for tasks to queue
[2024-07-27T18:29:52.187+0700] {logging_mixin.py:188} INFO - [2024-07-27T18:29:52.187+0700] {dagbag.py:545} INFO - Filling up the DagBag from /usr/local/lib/python3.10/dist-packages/airflow/example_dags/example_sla_dag.py
[2024-07-27T18:29:52.193+0700] {processor.py:840} INFO - DAG(s) 'example_sla_dag' retrieved from /usr/local/lib/python3.10/dist-packages/airflow/example_dags/example_sla_dag.py
[2024-07-27T18:29:52.206+0700] {logging_mixin.py:188} INFO - [2024-07-27T18:29:52.206+0700] {dag.py:3089} INFO - Sync 1 DAGs
[2024-07-27T18:29:52.226+0700] {logging_mixin.py:188} INFO - [2024-07-27T18:29:52.226+0700] {dag.py:3947} INFO - Setting next_dagrun for example_sla_dag to 2024-07-27 11:26:00+00:00, run_after=2024-07-27 11:28:00+00:00
[2024-07-27T18:29:52.257+0700] {processor.py:183} INFO - Processing /usr/local/lib/python3.10/dist-packages/airflow/example_dags/example_sla_dag.py took 0.075 seconds
[2024-07-27T21:32:21.486+0700] {processor.py:161} INFO - Started process (PID=1766) to work on /usr/local/lib/python3.10/dist-packages/airflow/example_dags/example_sla_dag.py
[2024-07-27T21:32:21.488+0700] {processor.py:830} INFO - Processing file /usr/local/lib/python3.10/dist-packages/airflow/example_dags/example_sla_dag.py for tasks to queue
[2024-07-27T21:32:21.489+0700] {logging_mixin.py:188} INFO - [2024-07-27T21:32:21.489+0700] {dagbag.py:545} INFO - Filling up the DagBag from /usr/local/lib/python3.10/dist-packages/airflow/example_dags/example_sla_dag.py
[2024-07-27T21:32:21.496+0700] {processor.py:840} INFO - DAG(s) 'example_sla_dag' retrieved from /usr/local/lib/python3.10/dist-packages/airflow/example_dags/example_sla_dag.py
[2024-07-27T21:32:21.509+0700] {logging_mixin.py:188} INFO - [2024-07-27T21:32:21.508+0700] {dag.py:3089} INFO - Sync 1 DAGs
[2024-07-27T21:32:21.529+0700] {logging_mixin.py:188} INFO - [2024-07-27T21:32:21.529+0700] {dag.py:3947} INFO - Setting next_dagrun for example_sla_dag to 2024-07-27 14:30:00+00:00, run_after=2024-07-27 14:32:00+00:00
[2024-07-27T21:32:21.557+0700] {processor.py:183} INFO - Processing /usr/local/lib/python3.10/dist-packages/airflow/example_dags/example_sla_dag.py took 0.076 seconds
[2024-07-27T21:33:11.327+0700] {processor.py:161} INFO - Started process (PID=2158) to work on /usr/local/lib/python3.10/dist-packages/airflow/example_dags/example_sla_dag.py
[2024-07-27T21:33:11.328+0700] {processor.py:830} INFO - Processing file /usr/local/lib/python3.10/dist-packages/airflow/example_dags/example_sla_dag.py for tasks to queue
[2024-07-27T21:33:11.330+0700] {logging_mixin.py:188} INFO - [2024-07-27T21:33:11.330+0700] {dagbag.py:545} INFO - Filling up the DagBag from /usr/local/lib/python3.10/dist-packages/airflow/example_dags/example_sla_dag.py
[2024-07-27T21:33:11.337+0700] {processor.py:840} INFO - DAG(s) 'example_sla_dag' retrieved from /usr/local/lib/python3.10/dist-packages/airflow/example_dags/example_sla_dag.py
[2024-07-27T21:33:11.347+0700] {logging_mixin.py:188} INFO - [2024-07-27T21:33:11.347+0700] {dag.py:3089} INFO - Sync 1 DAGs
[2024-07-27T21:33:11.363+0700] {logging_mixin.py:188} INFO - [2024-07-27T21:33:11.363+0700] {dag.py:3947} INFO - Setting next_dagrun for example_sla_dag to 2024-07-27 14:30:00+00:00, run_after=2024-07-27 14:32:00+00:00
[2024-07-27T21:33:11.393+0700] {processor.py:183} INFO - Processing /usr/local/lib/python3.10/dist-packages/airflow/example_dags/example_sla_dag.py took 0.071 seconds
[2024-07-27T21:34:07.614+0700] {processor.py:161} INFO - Started process (PID=2921) to work on /usr/local/lib/python3.10/dist-packages/airflow/example_dags/example_sla_dag.py
[2024-07-27T21:34:07.615+0700] {processor.py:830} INFO - Processing file /usr/local/lib/python3.10/dist-packages/airflow/example_dags/example_sla_dag.py for tasks to queue
[2024-07-27T21:34:07.617+0700] {logging_mixin.py:188} INFO - [2024-07-27T21:34:07.616+0700] {dagbag.py:545} INFO - Filling up the DagBag from /usr/local/lib/python3.10/dist-packages/airflow/example_dags/example_sla_dag.py
[2024-07-27T21:34:07.623+0700] {processor.py:840} INFO - DAG(s) 'example_sla_dag' retrieved from /usr/local/lib/python3.10/dist-packages/airflow/example_dags/example_sla_dag.py
[2024-07-27T21:34:07.713+0700] {logging_mixin.py:188} INFO - [2024-07-27T21:34:07.713+0700] {dag.py:3089} INFO - Sync 1 DAGs
[2024-07-27T21:34:07.728+0700] {logging_mixin.py:188} INFO - [2024-07-27T21:34:07.728+0700] {dag.py:3947} INFO - Setting next_dagrun for example_sla_dag to 2024-07-27 14:32:00+00:00, run_after=2024-07-27 14:34:00+00:00
[2024-07-27T21:34:07.757+0700] {processor.py:183} INFO - Processing /usr/local/lib/python3.10/dist-packages/airflow/example_dags/example_sla_dag.py took 0.148 seconds
[2024-07-27T21:34:55.952+0700] {processor.py:161} INFO - Started process (PID=3325) to work on /usr/local/lib/python3.10/dist-packages/airflow/example_dags/example_sla_dag.py
[2024-07-27T21:34:55.953+0700] {processor.py:830} INFO - Processing file /usr/local/lib/python3.10/dist-packages/airflow/example_dags/example_sla_dag.py for tasks to queue
[2024-07-27T21:34:55.955+0700] {logging_mixin.py:188} INFO - [2024-07-27T21:34:55.955+0700] {dagbag.py:545} INFO - Filling up the DagBag from /usr/local/lib/python3.10/dist-packages/airflow/example_dags/example_sla_dag.py
[2024-07-27T21:34:55.963+0700] {processor.py:840} INFO - DAG(s) 'example_sla_dag' retrieved from /usr/local/lib/python3.10/dist-packages/airflow/example_dags/example_sla_dag.py
[2024-07-27T21:34:55.979+0700] {logging_mixin.py:188} INFO - [2024-07-27T21:34:55.978+0700] {dag.py:3089} INFO - Sync 1 DAGs
[2024-07-27T21:34:56.003+0700] {logging_mixin.py:188} INFO - [2024-07-27T21:34:56.003+0700] {dag.py:3947} INFO - Setting next_dagrun for example_sla_dag to 2024-07-27 14:32:00+00:00, run_after=2024-07-27 14:34:00+00:00
[2024-07-27T21:34:56.043+0700] {processor.py:183} INFO - Processing /usr/local/lib/python3.10/dist-packages/airflow/example_dags/example_sla_dag.py took 0.096 seconds
[2024-07-27T21:35:38.020+0700] {processor.py:161} INFO - Started process (PID=3668) to work on /usr/local/lib/python3.10/dist-packages/airflow/example_dags/example_sla_dag.py
[2024-07-27T21:35:38.021+0700] {processor.py:830} INFO - Processing file /usr/local/lib/python3.10/dist-packages/airflow/example_dags/example_sla_dag.py for tasks to queue
[2024-07-27T21:35:38.022+0700] {logging_mixin.py:188} INFO - [2024-07-27T21:35:38.022+0700] {dagbag.py:545} INFO - Filling up the DagBag from /usr/local/lib/python3.10/dist-packages/airflow/example_dags/example_sla_dag.py
[2024-07-27T21:35:38.031+0700] {processor.py:840} INFO - DAG(s) 'example_sla_dag' retrieved from /usr/local/lib/python3.10/dist-packages/airflow/example_dags/example_sla_dag.py
[2024-07-27T21:35:38.047+0700] {logging_mixin.py:188} INFO - [2024-07-27T21:35:38.046+0700] {dag.py:3089} INFO - Sync 1 DAGs
[2024-07-27T21:35:38.080+0700] {logging_mixin.py:188} INFO - [2024-07-27T21:35:38.080+0700] {dag.py:3947} INFO - Setting next_dagrun for example_sla_dag to 2024-07-27 14:32:00+00:00, run_after=2024-07-27 14:34:00+00:00
[2024-07-27T21:35:38.114+0700] {processor.py:183} INFO - Processing /usr/local/lib/python3.10/dist-packages/airflow/example_dags/example_sla_dag.py took 0.099 seconds
[2024-07-27T21:36:22.950+0700] {processor.py:161} INFO - Started process (PID=4054) to work on /usr/local/lib/python3.10/dist-packages/airflow/example_dags/example_sla_dag.py
[2024-07-27T21:36:22.952+0700] {processor.py:830} INFO - Processing file /usr/local/lib/python3.10/dist-packages/airflow/example_dags/example_sla_dag.py for tasks to queue
[2024-07-27T21:36:22.954+0700] {logging_mixin.py:188} INFO - [2024-07-27T21:36:22.953+0700] {dagbag.py:545} INFO - Filling up the DagBag from /usr/local/lib/python3.10/dist-packages/airflow/example_dags/example_sla_dag.py
[2024-07-27T21:36:22.961+0700] {processor.py:840} INFO - DAG(s) 'example_sla_dag' retrieved from /usr/local/lib/python3.10/dist-packages/airflow/example_dags/example_sla_dag.py
[2024-07-27T21:36:22.975+0700] {logging_mixin.py:188} INFO - [2024-07-27T21:36:22.975+0700] {dag.py:3089} INFO - Sync 1 DAGs
[2024-07-27T21:36:22.994+0700] {logging_mixin.py:188} INFO - [2024-07-27T21:36:22.994+0700] {dag.py:3947} INFO - Setting next_dagrun for example_sla_dag to 2024-07-27 14:34:00+00:00, run_after=2024-07-27 14:36:00+00:00
[2024-07-27T21:36:23.022+0700] {processor.py:183} INFO - Processing /usr/local/lib/python3.10/dist-packages/airflow/example_dags/example_sla_dag.py took 0.077 seconds
[2024-07-27T21:37:23.737+0700] {processor.py:161} INFO - Started process (PID=4592) to work on /usr/local/lib/python3.10/dist-packages/airflow/example_dags/example_sla_dag.py
[2024-07-27T21:37:23.741+0700] {processor.py:830} INFO - Processing file /usr/local/lib/python3.10/dist-packages/airflow/example_dags/example_sla_dag.py for tasks to queue
[2024-07-27T21:37:23.742+0700] {logging_mixin.py:188} INFO - [2024-07-27T21:37:23.741+0700] {dagbag.py:545} INFO - Filling up the DagBag from /usr/local/lib/python3.10/dist-packages/airflow/example_dags/example_sla_dag.py
[2024-07-27T21:37:23.752+0700] {processor.py:840} INFO - DAG(s) 'example_sla_dag' retrieved from /usr/local/lib/python3.10/dist-packages/airflow/example_dags/example_sla_dag.py
[2024-07-27T21:37:23.769+0700] {logging_mixin.py:188} INFO - [2024-07-27T21:37:23.769+0700] {dag.py:3089} INFO - Sync 1 DAGs
[2024-07-27T21:37:23.791+0700] {logging_mixin.py:188} INFO - [2024-07-27T21:37:23.791+0700] {dag.py:3947} INFO - Setting next_dagrun for example_sla_dag to 2024-07-27 14:34:00+00:00, run_after=2024-07-27 14:36:00+00:00
[2024-07-27T21:37:23.826+0700] {processor.py:183} INFO - Processing /usr/local/lib/python3.10/dist-packages/airflow/example_dags/example_sla_dag.py took 0.097 seconds
[2024-07-27T21:38:29.004+0700] {processor.py:161} INFO - Started process (PID=5101) to work on /usr/local/lib/python3.10/dist-packages/airflow/example_dags/example_sla_dag.py
[2024-07-27T21:38:29.006+0700] {processor.py:830} INFO - Processing file /usr/local/lib/python3.10/dist-packages/airflow/example_dags/example_sla_dag.py for tasks to queue
[2024-07-27T21:38:29.007+0700] {logging_mixin.py:188} INFO - [2024-07-27T21:38:29.006+0700] {dagbag.py:545} INFO - Filling up the DagBag from /usr/local/lib/python3.10/dist-packages/airflow/example_dags/example_sla_dag.py
[2024-07-27T21:38:29.016+0700] {processor.py:840} INFO - DAG(s) 'example_sla_dag' retrieved from /usr/local/lib/python3.10/dist-packages/airflow/example_dags/example_sla_dag.py
[2024-07-27T21:38:29.030+0700] {logging_mixin.py:188} INFO - [2024-07-27T21:38:29.030+0700] {dag.py:3089} INFO - Sync 1 DAGs
[2024-07-27T21:38:29.051+0700] {logging_mixin.py:188} INFO - [2024-07-27T21:38:29.050+0700] {dag.py:3947} INFO - Setting next_dagrun for example_sla_dag to 2024-07-27 14:36:00+00:00, run_after=2024-07-27 14:38:00+00:00
[2024-07-27T21:38:29.082+0700] {processor.py:183} INFO - Processing /usr/local/lib/python3.10/dist-packages/airflow/example_dags/example_sla_dag.py took 0.083 seconds
[2024-07-27T21:39:18.583+0700] {processor.py:161} INFO - Started process (PID=5586) to work on /usr/local/lib/python3.10/dist-packages/airflow/example_dags/example_sla_dag.py
[2024-07-27T21:39:18.584+0700] {processor.py:830} INFO - Processing file /usr/local/lib/python3.10/dist-packages/airflow/example_dags/example_sla_dag.py for tasks to queue
[2024-07-27T21:39:18.586+0700] {logging_mixin.py:188} INFO - [2024-07-27T21:39:18.585+0700] {dagbag.py:545} INFO - Filling up the DagBag from /usr/local/lib/python3.10/dist-packages/airflow/example_dags/example_sla_dag.py
[2024-07-27T21:39:18.592+0700] {processor.py:840} INFO - DAG(s) 'example_sla_dag' retrieved from /usr/local/lib/python3.10/dist-packages/airflow/example_dags/example_sla_dag.py
[2024-07-27T21:39:18.604+0700] {logging_mixin.py:188} INFO - [2024-07-27T21:39:18.604+0700] {dag.py:3089} INFO - Sync 1 DAGs
[2024-07-27T21:39:18.620+0700] {logging_mixin.py:188} INFO - [2024-07-27T21:39:18.620+0700] {dag.py:3947} INFO - Setting next_dagrun for example_sla_dag to 2024-07-27 14:36:00+00:00, run_after=2024-07-27 14:38:00+00:00
[2024-07-27T21:39:18.658+0700] {processor.py:183} INFO - Processing /usr/local/lib/python3.10/dist-packages/airflow/example_dags/example_sla_dag.py took 0.080 seconds
[2024-07-27T21:40:21.370+0700] {processor.py:161} INFO - Started process (PID=6296) to work on /usr/local/lib/python3.10/dist-packages/airflow/example_dags/example_sla_dag.py
[2024-07-27T21:40:21.373+0700] {processor.py:830} INFO - Processing file /usr/local/lib/python3.10/dist-packages/airflow/example_dags/example_sla_dag.py for tasks to queue
[2024-07-27T21:40:21.373+0700] {logging_mixin.py:188} INFO - [2024-07-27T21:40:21.373+0700] {dagbag.py:545} INFO - Filling up the DagBag from /usr/local/lib/python3.10/dist-packages/airflow/example_dags/example_sla_dag.py
[2024-07-27T21:40:21.381+0700] {processor.py:840} INFO - DAG(s) 'example_sla_dag' retrieved from /usr/local/lib/python3.10/dist-packages/airflow/example_dags/example_sla_dag.py
[2024-07-27T21:40:21.394+0700] {logging_mixin.py:188} INFO - [2024-07-27T21:40:21.393+0700] {dag.py:3089} INFO - Sync 1 DAGs
[2024-07-27T21:40:21.415+0700] {logging_mixin.py:188} INFO - [2024-07-27T21:40:21.414+0700] {dag.py:3947} INFO - Setting next_dagrun for example_sla_dag to 2024-07-27 14:38:00+00:00, run_after=2024-07-27 14:40:00+00:00
[2024-07-27T21:40:21.445+0700] {processor.py:183} INFO - Processing /usr/local/lib/python3.10/dist-packages/airflow/example_dags/example_sla_dag.py took 0.080 seconds
[2024-07-27T21:41:22.680+0700] {processor.py:161} INFO - Started process (PID=6922) to work on /usr/local/lib/python3.10/dist-packages/airflow/example_dags/example_sla_dag.py
[2024-07-27T21:41:22.681+0700] {processor.py:830} INFO - Processing file /usr/local/lib/python3.10/dist-packages/airflow/example_dags/example_sla_dag.py for tasks to queue
[2024-07-27T21:41:22.682+0700] {logging_mixin.py:188} INFO - [2024-07-27T21:41:22.682+0700] {dagbag.py:545} INFO - Filling up the DagBag from /usr/local/lib/python3.10/dist-packages/airflow/example_dags/example_sla_dag.py
[2024-07-27T21:41:22.690+0700] {processor.py:840} INFO - DAG(s) 'example_sla_dag' retrieved from /usr/local/lib/python3.10/dist-packages/airflow/example_dags/example_sla_dag.py
[2024-07-27T21:41:22.703+0700] {logging_mixin.py:188} INFO - [2024-07-27T21:41:22.703+0700] {dag.py:3089} INFO - Sync 1 DAGs
[2024-07-27T21:41:22.721+0700] {logging_mixin.py:188} INFO - [2024-07-27T21:41:22.721+0700] {dag.py:3947} INFO - Setting next_dagrun for example_sla_dag to 2024-07-27 14:38:00+00:00, run_after=2024-07-27 14:40:00+00:00
[2024-07-27T21:41:22.752+0700] {processor.py:183} INFO - Processing /usr/local/lib/python3.10/dist-packages/airflow/example_dags/example_sla_dag.py took 0.078 seconds
[2024-07-27T21:44:35.285+0700] {processor.py:161} INFO - Started process (PID=9452) to work on /usr/local/lib/python3.10/dist-packages/airflow/example_dags/example_sla_dag.py
[2024-07-27T21:44:35.287+0700] {processor.py:830} INFO - Processing file /usr/local/lib/python3.10/dist-packages/airflow/example_dags/example_sla_dag.py for tasks to queue
[2024-07-27T21:44:35.288+0700] {logging_mixin.py:188} INFO - [2024-07-27T21:44:35.287+0700] {dagbag.py:545} INFO - Filling up the DagBag from /usr/local/lib/python3.10/dist-packages/airflow/example_dags/example_sla_dag.py
[2024-07-27T21:44:35.297+0700] {processor.py:840} INFO - DAG(s) 'example_sla_dag' retrieved from /usr/local/lib/python3.10/dist-packages/airflow/example_dags/example_sla_dag.py
[2024-07-27T21:44:35.311+0700] {logging_mixin.py:188} INFO - [2024-07-27T21:44:35.311+0700] {dag.py:3089} INFO - Sync 1 DAGs
[2024-07-27T21:44:35.328+0700] {logging_mixin.py:188} INFO - [2024-07-27T21:44:35.328+0700] {dag.py:3947} INFO - Setting next_dagrun for example_sla_dag to 2024-07-27 14:42:00+00:00, run_after=2024-07-27 14:44:00+00:00
[2024-07-27T21:44:35.362+0700] {processor.py:183} INFO - Processing /usr/local/lib/python3.10/dist-packages/airflow/example_dags/example_sla_dag.py took 0.082 seconds
[2024-07-27T21:45:26.894+0700] {processor.py:161} INFO - Started process (PID=9922) to work on /usr/local/lib/python3.10/dist-packages/airflow/example_dags/example_sla_dag.py
[2024-07-27T21:45:26.897+0700] {processor.py:830} INFO - Processing file /usr/local/lib/python3.10/dist-packages/airflow/example_dags/example_sla_dag.py for tasks to queue
[2024-07-27T21:45:26.898+0700] {logging_mixin.py:188} INFO - [2024-07-27T21:45:26.898+0700] {dagbag.py:545} INFO - Filling up the DagBag from /usr/local/lib/python3.10/dist-packages/airflow/example_dags/example_sla_dag.py
[2024-07-27T21:45:26.904+0700] {processor.py:840} INFO - DAG(s) 'example_sla_dag' retrieved from /usr/local/lib/python3.10/dist-packages/airflow/example_dags/example_sla_dag.py
[2024-07-27T21:45:26.915+0700] {logging_mixin.py:188} INFO - [2024-07-27T21:45:26.915+0700] {dag.py:3089} INFO - Sync 1 DAGs
[2024-07-27T21:45:26.930+0700] {logging_mixin.py:188} INFO - [2024-07-27T21:45:26.930+0700] {dag.py:3947} INFO - Setting next_dagrun for example_sla_dag to 2024-07-27 14:42:00+00:00, run_after=2024-07-27 14:44:00+00:00
[2024-07-27T21:45:26.960+0700] {processor.py:183} INFO - Processing /usr/local/lib/python3.10/dist-packages/airflow/example_dags/example_sla_dag.py took 0.070 seconds
[2024-07-27T21:48:32.862+0700] {processor.py:161} INFO - Started process (PID=11955) to work on /usr/local/lib/python3.10/dist-packages/airflow/example_dags/example_sla_dag.py
[2024-07-27T21:48:32.864+0700] {processor.py:830} INFO - Processing file /usr/local/lib/python3.10/dist-packages/airflow/example_dags/example_sla_dag.py for tasks to queue
[2024-07-27T21:48:32.865+0700] {logging_mixin.py:188} INFO - [2024-07-27T21:48:32.865+0700] {dagbag.py:545} INFO - Filling up the DagBag from /usr/local/lib/python3.10/dist-packages/airflow/example_dags/example_sla_dag.py
[2024-07-27T21:48:32.872+0700] {processor.py:840} INFO - DAG(s) 'example_sla_dag' retrieved from /usr/local/lib/python3.10/dist-packages/airflow/example_dags/example_sla_dag.py
[2024-07-27T21:48:32.885+0700] {logging_mixin.py:188} INFO - [2024-07-27T21:48:32.885+0700] {dag.py:3089} INFO - Sync 1 DAGs
[2024-07-27T21:48:32.900+0700] {logging_mixin.py:188} INFO - [2024-07-27T21:48:32.900+0700] {dag.py:3947} INFO - Setting next_dagrun for example_sla_dag to 2024-07-27 14:46:00+00:00, run_after=2024-07-27 14:48:00+00:00
[2024-07-27T21:48:32.931+0700] {processor.py:183} INFO - Processing /usr/local/lib/python3.10/dist-packages/airflow/example_dags/example_sla_dag.py took 0.073 seconds
[2024-07-27T21:49:23.246+0700] {processor.py:161} INFO - Started process (PID=12477) to work on /usr/local/lib/python3.10/dist-packages/airflow/example_dags/example_sla_dag.py
[2024-07-27T21:49:23.249+0700] {processor.py:830} INFO - Processing file /usr/local/lib/python3.10/dist-packages/airflow/example_dags/example_sla_dag.py for tasks to queue
[2024-07-27T21:49:23.250+0700] {logging_mixin.py:188} INFO - [2024-07-27T21:49:23.250+0700] {dagbag.py:545} INFO - Filling up the DagBag from /usr/local/lib/python3.10/dist-packages/airflow/example_dags/example_sla_dag.py
[2024-07-27T21:49:23.256+0700] {processor.py:840} INFO - DAG(s) 'example_sla_dag' retrieved from /usr/local/lib/python3.10/dist-packages/airflow/example_dags/example_sla_dag.py
[2024-07-27T21:49:23.268+0700] {logging_mixin.py:188} INFO - [2024-07-27T21:49:23.268+0700] {dag.py:3089} INFO - Sync 1 DAGs
[2024-07-27T21:49:23.283+0700] {logging_mixin.py:188} INFO - [2024-07-27T21:49:23.283+0700] {dag.py:3947} INFO - Setting next_dagrun for example_sla_dag to 2024-07-27 14:46:00+00:00, run_after=2024-07-27 14:48:00+00:00
[2024-07-27T21:49:23.312+0700] {processor.py:183} INFO - Processing /usr/local/lib/python3.10/dist-packages/airflow/example_dags/example_sla_dag.py took 0.071 seconds
[2024-07-27T21:50:12.718+0700] {processor.py:161} INFO - Started process (PID=12947) to work on /usr/local/lib/python3.10/dist-packages/airflow/example_dags/example_sla_dag.py
[2024-07-27T21:50:12.721+0700] {processor.py:830} INFO - Processing file /usr/local/lib/python3.10/dist-packages/airflow/example_dags/example_sla_dag.py for tasks to queue
[2024-07-27T21:50:12.722+0700] {logging_mixin.py:188} INFO - [2024-07-27T21:50:12.721+0700] {dagbag.py:545} INFO - Filling up the DagBag from /usr/local/lib/python3.10/dist-packages/airflow/example_dags/example_sla_dag.py
[2024-07-27T21:50:12.729+0700] {processor.py:840} INFO - DAG(s) 'example_sla_dag' retrieved from /usr/local/lib/python3.10/dist-packages/airflow/example_dags/example_sla_dag.py
[2024-07-27T21:50:12.741+0700] {logging_mixin.py:188} INFO - [2024-07-27T21:50:12.741+0700] {dag.py:3089} INFO - Sync 1 DAGs
[2024-07-27T21:50:12.757+0700] {logging_mixin.py:188} INFO - [2024-07-27T21:50:12.757+0700] {dag.py:3947} INFO - Setting next_dagrun for example_sla_dag to 2024-07-27 14:48:00+00:00, run_after=2024-07-27 14:50:00+00:00
[2024-07-27T21:50:12.789+0700] {processor.py:183} INFO - Processing /usr/local/lib/python3.10/dist-packages/airflow/example_dags/example_sla_dag.py took 0.075 seconds
[2024-07-27T21:51:12.552+0700] {processor.py:161} INFO - Started process (PID=13534) to work on /usr/local/lib/python3.10/dist-packages/airflow/example_dags/example_sla_dag.py
[2024-07-27T21:51:12.555+0700] {processor.py:830} INFO - Processing file /usr/local/lib/python3.10/dist-packages/airflow/example_dags/example_sla_dag.py for tasks to queue
[2024-07-27T21:51:12.556+0700] {logging_mixin.py:188} INFO - [2024-07-27T21:51:12.555+0700] {dagbag.py:545} INFO - Filling up the DagBag from /usr/local/lib/python3.10/dist-packages/airflow/example_dags/example_sla_dag.py
[2024-07-27T21:51:12.562+0700] {processor.py:840} INFO - DAG(s) 'example_sla_dag' retrieved from /usr/local/lib/python3.10/dist-packages/airflow/example_dags/example_sla_dag.py
[2024-07-27T21:51:12.573+0700] {logging_mixin.py:188} INFO - [2024-07-27T21:51:12.573+0700] {dag.py:3089} INFO - Sync 1 DAGs
[2024-07-27T21:51:12.590+0700] {logging_mixin.py:188} INFO - [2024-07-27T21:51:12.589+0700] {dag.py:3947} INFO - Setting next_dagrun for example_sla_dag to 2024-07-27 14:48:00+00:00, run_after=2024-07-27 14:50:00+00:00
[2024-07-27T21:51:12.620+0700] {processor.py:183} INFO - Processing /usr/local/lib/python3.10/dist-packages/airflow/example_dags/example_sla_dag.py took 0.073 seconds
[2024-07-27T21:52:13.336+0700] {processor.py:161} INFO - Started process (PID=14173) to work on /usr/local/lib/python3.10/dist-packages/airflow/example_dags/example_sla_dag.py
[2024-07-27T21:52:13.338+0700] {processor.py:830} INFO - Processing file /usr/local/lib/python3.10/dist-packages/airflow/example_dags/example_sla_dag.py for tasks to queue
[2024-07-27T21:52:13.339+0700] {logging_mixin.py:188} INFO - [2024-07-27T21:52:13.339+0700] {dagbag.py:545} INFO - Filling up the DagBag from /usr/local/lib/python3.10/dist-packages/airflow/example_dags/example_sla_dag.py
[2024-07-27T21:52:13.345+0700] {processor.py:840} INFO - DAG(s) 'example_sla_dag' retrieved from /usr/local/lib/python3.10/dist-packages/airflow/example_dags/example_sla_dag.py
[2024-07-27T21:52:13.357+0700] {logging_mixin.py:188} INFO - [2024-07-27T21:52:13.357+0700] {dag.py:3089} INFO - Sync 1 DAGs
[2024-07-27T21:52:13.371+0700] {logging_mixin.py:188} INFO - [2024-07-27T21:52:13.371+0700] {dag.py:3947} INFO - Setting next_dagrun for example_sla_dag to 2024-07-27 14:50:00+00:00, run_after=2024-07-27 14:52:00+00:00
[2024-07-27T21:52:13.403+0700] {processor.py:183} INFO - Processing /usr/local/lib/python3.10/dist-packages/airflow/example_dags/example_sla_dag.py took 0.071 seconds
[2024-07-27T21:54:59.373+0700] {processor.py:161} INFO - Started process (PID=16038) to work on /usr/local/lib/python3.10/dist-packages/airflow/example_dags/example_sla_dag.py
[2024-07-27T21:54:59.374+0700] {processor.py:830} INFO - Processing file /usr/local/lib/python3.10/dist-packages/airflow/example_dags/example_sla_dag.py for tasks to queue
[2024-07-27T21:54:59.375+0700] {logging_mixin.py:188} INFO - [2024-07-27T21:54:59.375+0700] {dagbag.py:545} INFO - Filling up the DagBag from /usr/local/lib/python3.10/dist-packages/airflow/example_dags/example_sla_dag.py
[2024-07-27T21:54:59.383+0700] {processor.py:840} INFO - DAG(s) 'example_sla_dag' retrieved from /usr/local/lib/python3.10/dist-packages/airflow/example_dags/example_sla_dag.py
[2024-07-27T21:54:59.398+0700] {logging_mixin.py:188} INFO - [2024-07-27T21:54:59.398+0700] {dag.py:3089} INFO - Sync 1 DAGs
[2024-07-27T21:54:59.414+0700] {logging_mixin.py:188} INFO - [2024-07-27T21:54:59.413+0700] {dag.py:3947} INFO - Setting next_dagrun for example_sla_dag to 2024-07-27 14:52:00+00:00, run_after=2024-07-27 14:54:00+00:00
[2024-07-27T21:54:59.445+0700] {processor.py:183} INFO - Processing /usr/local/lib/python3.10/dist-packages/airflow/example_dags/example_sla_dag.py took 0.077 seconds
[2024-07-27T21:58:21.524+0700] {processor.py:161} INFO - Started process (PID=18686) to work on /usr/local/lib/python3.10/dist-packages/airflow/example_dags/example_sla_dag.py
[2024-07-27T21:58:21.526+0700] {processor.py:830} INFO - Processing file /usr/local/lib/python3.10/dist-packages/airflow/example_dags/example_sla_dag.py for tasks to queue
[2024-07-27T21:58:21.527+0700] {logging_mixin.py:188} INFO - [2024-07-27T21:58:21.526+0700] {dagbag.py:545} INFO - Filling up the DagBag from /usr/local/lib/python3.10/dist-packages/airflow/example_dags/example_sla_dag.py
[2024-07-27T21:58:21.533+0700] {processor.py:840} INFO - DAG(s) 'example_sla_dag' retrieved from /usr/local/lib/python3.10/dist-packages/airflow/example_dags/example_sla_dag.py
[2024-07-27T21:58:21.546+0700] {logging_mixin.py:188} INFO - [2024-07-27T21:58:21.546+0700] {dag.py:3089} INFO - Sync 1 DAGs
[2024-07-27T21:58:21.561+0700] {logging_mixin.py:188} INFO - [2024-07-27T21:58:21.560+0700] {dag.py:3947} INFO - Setting next_dagrun for example_sla_dag to 2024-07-27 14:56:00+00:00, run_after=2024-07-27 14:58:00+00:00
[2024-07-27T21:58:21.593+0700] {processor.py:183} INFO - Processing /usr/local/lib/python3.10/dist-packages/airflow/example_dags/example_sla_dag.py took 0.073 seconds
[2024-07-27T21:59:13.160+0700] {processor.py:161} INFO - Started process (PID=19091) to work on /usr/local/lib/python3.10/dist-packages/airflow/example_dags/example_sla_dag.py
[2024-07-27T21:59:13.161+0700] {processor.py:830} INFO - Processing file /usr/local/lib/python3.10/dist-packages/airflow/example_dags/example_sla_dag.py for tasks to queue
[2024-07-27T21:59:13.162+0700] {logging_mixin.py:188} INFO - [2024-07-27T21:59:13.162+0700] {dagbag.py:545} INFO - Filling up the DagBag from /usr/local/lib/python3.10/dist-packages/airflow/example_dags/example_sla_dag.py
[2024-07-27T21:59:13.168+0700] {processor.py:840} INFO - DAG(s) 'example_sla_dag' retrieved from /usr/local/lib/python3.10/dist-packages/airflow/example_dags/example_sla_dag.py
[2024-07-27T21:59:13.180+0700] {logging_mixin.py:188} INFO - [2024-07-27T21:59:13.180+0700] {dag.py:3089} INFO - Sync 1 DAGs
[2024-07-27T21:59:13.195+0700] {logging_mixin.py:188} INFO - [2024-07-27T21:59:13.195+0700] {dag.py:3947} INFO - Setting next_dagrun for example_sla_dag to 2024-07-27 14:56:00+00:00, run_after=2024-07-27 14:58:00+00:00
[2024-07-27T21:59:13.219+0700] {processor.py:183} INFO - Processing /usr/local/lib/python3.10/dist-packages/airflow/example_dags/example_sla_dag.py took 0.063 seconds
[2024-07-27T22:00:04.854+0700] {processor.py:161} INFO - Started process (PID=19620) to work on /usr/local/lib/python3.10/dist-packages/airflow/example_dags/example_sla_dag.py
[2024-07-27T22:00:04.855+0700] {processor.py:830} INFO - Processing file /usr/local/lib/python3.10/dist-packages/airflow/example_dags/example_sla_dag.py for tasks to queue
[2024-07-27T22:00:04.857+0700] {logging_mixin.py:188} INFO - [2024-07-27T22:00:04.856+0700] {dagbag.py:545} INFO - Filling up the DagBag from /usr/local/lib/python3.10/dist-packages/airflow/example_dags/example_sla_dag.py
[2024-07-27T22:00:04.868+0700] {processor.py:840} INFO - DAG(s) 'example_sla_dag' retrieved from /usr/local/lib/python3.10/dist-packages/airflow/example_dags/example_sla_dag.py
[2024-07-27T22:00:04.889+0700] {logging_mixin.py:188} INFO - [2024-07-27T22:00:04.889+0700] {dag.py:3089} INFO - Sync 1 DAGs
[2024-07-27T22:00:04.913+0700] {logging_mixin.py:188} INFO - [2024-07-27T22:00:04.913+0700] {dag.py:3947} INFO - Setting next_dagrun for example_sla_dag to 2024-07-27 14:58:00+00:00, run_after=2024-07-27 15:00:00+00:00
[2024-07-27T22:00:04.946+0700] {processor.py:183} INFO - Processing /usr/local/lib/python3.10/dist-packages/airflow/example_dags/example_sla_dag.py took 0.098 seconds
[2024-07-27T22:00:54.528+0700] {processor.py:161} INFO - Started process (PID=19997) to work on /usr/local/lib/python3.10/dist-packages/airflow/example_dags/example_sla_dag.py
[2024-07-27T22:00:54.530+0700] {processor.py:830} INFO - Processing file /usr/local/lib/python3.10/dist-packages/airflow/example_dags/example_sla_dag.py for tasks to queue
[2024-07-27T22:00:54.531+0700] {logging_mixin.py:188} INFO - [2024-07-27T22:00:54.531+0700] {dagbag.py:545} INFO - Filling up the DagBag from /usr/local/lib/python3.10/dist-packages/airflow/example_dags/example_sla_dag.py
[2024-07-27T22:00:54.541+0700] {processor.py:840} INFO - DAG(s) 'example_sla_dag' retrieved from /usr/local/lib/python3.10/dist-packages/airflow/example_dags/example_sla_dag.py
[2024-07-27T22:00:54.567+0700] {logging_mixin.py:188} INFO - [2024-07-27T22:00:54.567+0700] {dag.py:3089} INFO - Sync 1 DAGs
[2024-07-27T22:00:54.592+0700] {logging_mixin.py:188} INFO - [2024-07-27T22:00:54.591+0700] {dag.py:3947} INFO - Setting next_dagrun for example_sla_dag to 2024-07-27 14:58:00+00:00, run_after=2024-07-27 15:00:00+00:00
[2024-07-27T22:00:54.618+0700] {processor.py:183} INFO - Processing /usr/local/lib/python3.10/dist-packages/airflow/example_dags/example_sla_dag.py took 0.097 seconds
[2024-07-27T22:01:43.466+0700] {processor.py:161} INFO - Started process (PID=20453) to work on /usr/local/lib/python3.10/dist-packages/airflow/example_dags/example_sla_dag.py
[2024-07-27T22:01:43.468+0700] {processor.py:830} INFO - Processing file /usr/local/lib/python3.10/dist-packages/airflow/example_dags/example_sla_dag.py for tasks to queue
[2024-07-27T22:01:43.469+0700] {logging_mixin.py:188} INFO - [2024-07-27T22:01:43.469+0700] {dagbag.py:545} INFO - Filling up the DagBag from /usr/local/lib/python3.10/dist-packages/airflow/example_dags/example_sla_dag.py
[2024-07-27T22:01:43.475+0700] {processor.py:840} INFO - DAG(s) 'example_sla_dag' retrieved from /usr/local/lib/python3.10/dist-packages/airflow/example_dags/example_sla_dag.py
[2024-07-27T22:01:43.488+0700] {logging_mixin.py:188} INFO - [2024-07-27T22:01:43.488+0700] {dag.py:3089} INFO - Sync 1 DAGs
[2024-07-27T22:01:43.504+0700] {logging_mixin.py:188} INFO - [2024-07-27T22:01:43.503+0700] {dag.py:3947} INFO - Setting next_dagrun for example_sla_dag to 2024-07-27 14:58:00+00:00, run_after=2024-07-27 15:00:00+00:00
[2024-07-27T22:01:43.525+0700] {processor.py:183} INFO - Processing /usr/local/lib/python3.10/dist-packages/airflow/example_dags/example_sla_dag.py took 0.063 seconds
[2024-07-27T22:02:44.195+0700] {processor.py:161} INFO - Started process (PID=21079) to work on /usr/local/lib/python3.10/dist-packages/airflow/example_dags/example_sla_dag.py
[2024-07-27T22:02:44.197+0700] {processor.py:830} INFO - Processing file /usr/local/lib/python3.10/dist-packages/airflow/example_dags/example_sla_dag.py for tasks to queue
[2024-07-27T22:02:44.198+0700] {logging_mixin.py:188} INFO - [2024-07-27T22:02:44.198+0700] {dagbag.py:545} INFO - Filling up the DagBag from /usr/local/lib/python3.10/dist-packages/airflow/example_dags/example_sla_dag.py
[2024-07-27T22:02:44.206+0700] {processor.py:840} INFO - DAG(s) 'example_sla_dag' retrieved from /usr/local/lib/python3.10/dist-packages/airflow/example_dags/example_sla_dag.py
[2024-07-27T22:02:44.226+0700] {logging_mixin.py:188} INFO - [2024-07-27T22:02:44.225+0700] {dag.py:3089} INFO - Sync 1 DAGs
[2024-07-27T22:02:44.244+0700] {logging_mixin.py:188} INFO - [2024-07-27T22:02:44.244+0700] {dag.py:3947} INFO - Setting next_dagrun for example_sla_dag to 2024-07-27 15:00:00+00:00, run_after=2024-07-27 15:02:00+00:00
[2024-07-27T22:02:44.280+0700] {processor.py:183} INFO - Processing /usr/local/lib/python3.10/dist-packages/airflow/example_dags/example_sla_dag.py took 0.092 seconds
[2024-07-27T22:03:27.722+0700] {processor.py:161} INFO - Started process (PID=21439) to work on /usr/local/lib/python3.10/dist-packages/airflow/example_dags/example_sla_dag.py
[2024-07-27T22:03:27.724+0700] {processor.py:830} INFO - Processing file /usr/local/lib/python3.10/dist-packages/airflow/example_dags/example_sla_dag.py for tasks to queue
[2024-07-27T22:03:27.725+0700] {logging_mixin.py:188} INFO - [2024-07-27T22:03:27.724+0700] {dagbag.py:545} INFO - Filling up the DagBag from /usr/local/lib/python3.10/dist-packages/airflow/example_dags/example_sla_dag.py
[2024-07-27T22:03:27.730+0700] {processor.py:840} INFO - DAG(s) 'example_sla_dag' retrieved from /usr/local/lib/python3.10/dist-packages/airflow/example_dags/example_sla_dag.py
[2024-07-27T22:03:27.742+0700] {logging_mixin.py:188} INFO - [2024-07-27T22:03:27.742+0700] {dag.py:3089} INFO - Sync 1 DAGs
[2024-07-27T22:03:27.756+0700] {logging_mixin.py:188} INFO - [2024-07-27T22:03:27.756+0700] {dag.py:3947} INFO - Setting next_dagrun for example_sla_dag to 2024-07-27 15:00:00+00:00, run_after=2024-07-27 15:02:00+00:00
[2024-07-27T22:03:27.784+0700] {processor.py:183} INFO - Processing /usr/local/lib/python3.10/dist-packages/airflow/example_dags/example_sla_dag.py took 0.066 seconds
[2024-07-27T22:04:09.598+0700] {processor.py:161} INFO - Started process (PID=21831) to work on /usr/local/lib/python3.10/dist-packages/airflow/example_dags/example_sla_dag.py
[2024-07-27T22:04:09.601+0700] {processor.py:830} INFO - Processing file /usr/local/lib/python3.10/dist-packages/airflow/example_dags/example_sla_dag.py for tasks to queue
[2024-07-27T22:04:09.602+0700] {logging_mixin.py:188} INFO - [2024-07-27T22:04:09.602+0700] {dagbag.py:545} INFO - Filling up the DagBag from /usr/local/lib/python3.10/dist-packages/airflow/example_dags/example_sla_dag.py
[2024-07-27T22:04:09.609+0700] {processor.py:840} INFO - DAG(s) 'example_sla_dag' retrieved from /usr/local/lib/python3.10/dist-packages/airflow/example_dags/example_sla_dag.py
[2024-07-27T22:04:09.621+0700] {logging_mixin.py:188} INFO - [2024-07-27T22:04:09.620+0700] {dag.py:3089} INFO - Sync 1 DAGs
[2024-07-27T22:04:09.637+0700] {logging_mixin.py:188} INFO - [2024-07-27T22:04:09.636+0700] {dag.py:3947} INFO - Setting next_dagrun for example_sla_dag to 2024-07-27 15:02:00+00:00, run_after=2024-07-27 15:04:00+00:00
[2024-07-27T22:04:09.665+0700] {processor.py:183} INFO - Processing /usr/local/lib/python3.10/dist-packages/airflow/example_dags/example_sla_dag.py took 0.071 seconds
[2024-07-27T22:04:55.325+0700] {processor.py:161} INFO - Started process (PID=22401) to work on /usr/local/lib/python3.10/dist-packages/airflow/example_dags/example_sla_dag.py
[2024-07-27T22:04:55.327+0700] {processor.py:830} INFO - Processing file /usr/local/lib/python3.10/dist-packages/airflow/example_dags/example_sla_dag.py for tasks to queue
[2024-07-27T22:04:55.328+0700] {logging_mixin.py:188} INFO - [2024-07-27T22:04:55.328+0700] {dagbag.py:545} INFO - Filling up the DagBag from /usr/local/lib/python3.10/dist-packages/airflow/example_dags/example_sla_dag.py
[2024-07-27T22:04:55.334+0700] {processor.py:840} INFO - DAG(s) 'example_sla_dag' retrieved from /usr/local/lib/python3.10/dist-packages/airflow/example_dags/example_sla_dag.py
[2024-07-27T22:04:55.345+0700] {logging_mixin.py:188} INFO - [2024-07-27T22:04:55.345+0700] {dag.py:3089} INFO - Sync 1 DAGs
[2024-07-27T22:04:55.359+0700] {logging_mixin.py:188} INFO - [2024-07-27T22:04:55.359+0700] {dag.py:3947} INFO - Setting next_dagrun for example_sla_dag to 2024-07-27 15:02:00+00:00, run_after=2024-07-27 15:04:00+00:00
[2024-07-27T22:04:55.390+0700] {processor.py:183} INFO - Processing /usr/local/lib/python3.10/dist-packages/airflow/example_dags/example_sla_dag.py took 0.069 seconds
[2024-07-27T22:05:39.551+0700] {processor.py:161} INFO - Started process (PID=22749) to work on /usr/local/lib/python3.10/dist-packages/airflow/example_dags/example_sla_dag.py
[2024-07-27T22:05:39.554+0700] {processor.py:830} INFO - Processing file /usr/local/lib/python3.10/dist-packages/airflow/example_dags/example_sla_dag.py for tasks to queue
[2024-07-27T22:05:39.555+0700] {logging_mixin.py:188} INFO - [2024-07-27T22:05:39.554+0700] {dagbag.py:545} INFO - Filling up the DagBag from /usr/local/lib/python3.10/dist-packages/airflow/example_dags/example_sla_dag.py
[2024-07-27T22:05:39.561+0700] {processor.py:840} INFO - DAG(s) 'example_sla_dag' retrieved from /usr/local/lib/python3.10/dist-packages/airflow/example_dags/example_sla_dag.py
[2024-07-27T22:05:39.574+0700] {logging_mixin.py:188} INFO - [2024-07-27T22:05:39.573+0700] {dag.py:3089} INFO - Sync 1 DAGs
[2024-07-27T22:05:39.589+0700] {logging_mixin.py:188} INFO - [2024-07-27T22:05:39.589+0700] {dag.py:3947} INFO - Setting next_dagrun for example_sla_dag to 2024-07-27 15:02:00+00:00, run_after=2024-07-27 15:04:00+00:00
[2024-07-27T22:05:39.618+0700] {processor.py:183} INFO - Processing /usr/local/lib/python3.10/dist-packages/airflow/example_dags/example_sla_dag.py took 0.072 seconds
[2024-07-27T22:06:46.474+0700] {processor.py:161} INFO - Started process (PID=23618) to work on /usr/local/lib/python3.10/dist-packages/airflow/example_dags/example_sla_dag.py
[2024-07-27T22:06:46.477+0700] {processor.py:830} INFO - Processing file /usr/local/lib/python3.10/dist-packages/airflow/example_dags/example_sla_dag.py for tasks to queue
[2024-07-27T22:06:46.478+0700] {logging_mixin.py:188} INFO - [2024-07-27T22:06:46.477+0700] {dagbag.py:545} INFO - Filling up the DagBag from /usr/local/lib/python3.10/dist-packages/airflow/example_dags/example_sla_dag.py
[2024-07-27T22:06:46.484+0700] {processor.py:840} INFO - DAG(s) 'example_sla_dag' retrieved from /usr/local/lib/python3.10/dist-packages/airflow/example_dags/example_sla_dag.py
[2024-07-27T22:06:46.495+0700] {logging_mixin.py:188} INFO - [2024-07-27T22:06:46.495+0700] {dag.py:3089} INFO - Sync 1 DAGs
[2024-07-27T22:06:46.511+0700] {logging_mixin.py:188} INFO - [2024-07-27T22:06:46.511+0700] {dag.py:3947} INFO - Setting next_dagrun for example_sla_dag to 2024-07-27 15:04:00+00:00, run_after=2024-07-27 15:06:00+00:00
[2024-07-27T22:06:46.540+0700] {processor.py:183} INFO - Processing /usr/local/lib/python3.10/dist-packages/airflow/example_dags/example_sla_dag.py took 0.070 seconds
[2024-07-27T22:07:34.199+0700] {processor.py:161} INFO - Started process (PID=23993) to work on /usr/local/lib/python3.10/dist-packages/airflow/example_dags/example_sla_dag.py
[2024-07-27T22:07:34.202+0700] {processor.py:830} INFO - Processing file /usr/local/lib/python3.10/dist-packages/airflow/example_dags/example_sla_dag.py for tasks to queue
[2024-07-27T22:07:34.210+0700] {logging_mixin.py:188} INFO - [2024-07-27T22:07:34.203+0700] {dagbag.py:545} INFO - Filling up the DagBag from /usr/local/lib/python3.10/dist-packages/airflow/example_dags/example_sla_dag.py
[2024-07-27T22:07:34.223+0700] {processor.py:840} INFO - DAG(s) 'example_sla_dag' retrieved from /usr/local/lib/python3.10/dist-packages/airflow/example_dags/example_sla_dag.py
[2024-07-27T22:07:34.246+0700] {logging_mixin.py:188} INFO - [2024-07-27T22:07:34.245+0700] {dag.py:3089} INFO - Sync 1 DAGs
[2024-07-27T22:07:34.267+0700] {logging_mixin.py:188} INFO - [2024-07-27T22:07:34.267+0700] {dag.py:3947} INFO - Setting next_dagrun for example_sla_dag to 2024-07-27 15:04:00+00:00, run_after=2024-07-27 15:06:00+00:00
[2024-07-27T22:07:34.301+0700] {processor.py:183} INFO - Processing /usr/local/lib/python3.10/dist-packages/airflow/example_dags/example_sla_dag.py took 0.108 seconds
[2024-07-27T22:08:36.779+0700] {processor.py:161} INFO - Started process (PID=24710) to work on /usr/local/lib/python3.10/dist-packages/airflow/example_dags/example_sla_dag.py
[2024-07-27T22:08:36.780+0700] {processor.py:830} INFO - Processing file /usr/local/lib/python3.10/dist-packages/airflow/example_dags/example_sla_dag.py for tasks to queue
[2024-07-27T22:08:36.781+0700] {logging_mixin.py:188} INFO - [2024-07-27T22:08:36.781+0700] {dagbag.py:545} INFO - Filling up the DagBag from /usr/local/lib/python3.10/dist-packages/airflow/example_dags/example_sla_dag.py
[2024-07-27T22:08:36.787+0700] {processor.py:840} INFO - DAG(s) 'example_sla_dag' retrieved from /usr/local/lib/python3.10/dist-packages/airflow/example_dags/example_sla_dag.py
[2024-07-27T22:08:36.798+0700] {logging_mixin.py:188} INFO - [2024-07-27T22:08:36.798+0700] {dag.py:3089} INFO - Sync 1 DAGs
[2024-07-27T22:08:36.816+0700] {logging_mixin.py:188} INFO - [2024-07-27T22:08:36.816+0700] {dag.py:3947} INFO - Setting next_dagrun for example_sla_dag to 2024-07-27 15:06:00+00:00, run_after=2024-07-27 15:08:00+00:00
[2024-07-27T22:08:36.853+0700] {processor.py:183} INFO - Processing /usr/local/lib/python3.10/dist-packages/airflow/example_dags/example_sla_dag.py took 0.079 seconds
[2024-07-27T22:09:38.629+0700] {processor.py:161} INFO - Started process (PID=25347) to work on /usr/local/lib/python3.10/dist-packages/airflow/example_dags/example_sla_dag.py
[2024-07-27T22:09:38.630+0700] {processor.py:830} INFO - Processing file /usr/local/lib/python3.10/dist-packages/airflow/example_dags/example_sla_dag.py for tasks to queue
[2024-07-27T22:09:38.631+0700] {logging_mixin.py:188} INFO - [2024-07-27T22:09:38.631+0700] {dagbag.py:545} INFO - Filling up the DagBag from /usr/local/lib/python3.10/dist-packages/airflow/example_dags/example_sla_dag.py
[2024-07-27T22:09:38.637+0700] {processor.py:840} INFO - DAG(s) 'example_sla_dag' retrieved from /usr/local/lib/python3.10/dist-packages/airflow/example_dags/example_sla_dag.py
[2024-07-27T22:09:38.649+0700] {logging_mixin.py:188} INFO - [2024-07-27T22:09:38.649+0700] {dag.py:3089} INFO - Sync 1 DAGs
[2024-07-27T22:09:38.664+0700] {logging_mixin.py:188} INFO - [2024-07-27T22:09:38.664+0700] {dag.py:3947} INFO - Setting next_dagrun for example_sla_dag to 2024-07-27 15:06:00+00:00, run_after=2024-07-27 15:08:00+00:00
[2024-07-27T22:09:38.692+0700] {processor.py:183} INFO - Processing /usr/local/lib/python3.10/dist-packages/airflow/example_dags/example_sla_dag.py took 0.067 seconds
[2024-07-27T22:10:21.943+0700] {processor.py:161} INFO - Started process (PID=25696) to work on /usr/local/lib/python3.10/dist-packages/airflow/example_dags/example_sla_dag.py
[2024-07-27T22:10:21.946+0700] {processor.py:830} INFO - Processing file /usr/local/lib/python3.10/dist-packages/airflow/example_dags/example_sla_dag.py for tasks to queue
[2024-07-27T22:10:21.947+0700] {logging_mixin.py:188} INFO - [2024-07-27T22:10:21.947+0700] {dagbag.py:545} INFO - Filling up the DagBag from /usr/local/lib/python3.10/dist-packages/airflow/example_dags/example_sla_dag.py
[2024-07-27T22:10:21.948+0700] {processor.py:842} WARNING - No viable dags retrieved from /usr/local/lib/python3.10/dist-packages/airflow/example_dags/example_sla_dag.py
[2024-07-27T22:10:21.956+0700] {processor.py:183} INFO - Processing /usr/local/lib/python3.10/dist-packages/airflow/example_dags/example_sla_dag.py took 0.019 seconds
