[2024-07-27T18:29:59.726+0700] {processor.py:161} INFO - Started process (PID=1484) to work on /usr/local/lib/python3.10/dist-packages/airflow/example_dags/example_xcomargs.py
[2024-07-27T18:29:59.727+0700] {processor.py:830} INFO - Processing file /usr/local/lib/python3.10/dist-packages/airflow/example_dags/example_xcomargs.py for tasks to queue
[2024-07-27T18:29:59.728+0700] {logging_mixin.py:188} INFO - [2024-07-27T18:29:59.727+0700] {dagbag.py:545} INFO - Filling up the DagBag from /usr/local/lib/python3.10/dist-packages/airflow/example_dags/example_xcomargs.py
[2024-07-27T18:29:59.733+0700] {processor.py:840} INFO - DAG(s) 'example_xcom_args', 'example_xcom_args_with_operators' retrieved from /usr/local/lib/python3.10/dist-packages/airflow/example_dags/example_xcomargs.py
[2024-07-27T18:29:59.749+0700] {logging_mixin.py:188} INFO - [2024-07-27T18:29:59.749+0700] {dag.py:3089} INFO - Sync 2 DAGs
[2024-07-27T18:29:59.758+0700] {logging_mixin.py:188} INFO - [2024-07-27T18:29:59.758+0700] {dag.py:3947} INFO - Setting next_dagrun for example_xcom_args to None, run_after=None
[2024-07-27T18:29:59.761+0700] {logging_mixin.py:188} INFO - [2024-07-27T18:29:59.761+0700] {dag.py:3947} INFO - Setting next_dagrun for example_xcom_args_with_operators to None, run_after=None
[2024-07-27T18:29:59.792+0700] {processor.py:183} INFO - Processing /usr/local/lib/python3.10/dist-packages/airflow/example_dags/example_xcomargs.py took 0.069 seconds
[2024-07-27T21:32:30.150+0700] {processor.py:161} INFO - Started process (PID=1832) to work on /usr/local/lib/python3.10/dist-packages/airflow/example_dags/example_xcomargs.py
[2024-07-27T21:32:30.152+0700] {processor.py:830} INFO - Processing file /usr/local/lib/python3.10/dist-packages/airflow/example_dags/example_xcomargs.py for tasks to queue
[2024-07-27T21:32:30.153+0700] {logging_mixin.py:188} INFO - [2024-07-27T21:32:30.153+0700] {dagbag.py:545} INFO - Filling up the DagBag from /usr/local/lib/python3.10/dist-packages/airflow/example_dags/example_xcomargs.py
[2024-07-27T21:32:30.159+0700] {processor.py:840} INFO - DAG(s) 'example_xcom_args', 'example_xcom_args_with_operators' retrieved from /usr/local/lib/python3.10/dist-packages/airflow/example_dags/example_xcomargs.py
[2024-07-27T21:32:30.176+0700] {logging_mixin.py:188} INFO - [2024-07-27T21:32:30.175+0700] {dag.py:3089} INFO - Sync 2 DAGs
[2024-07-27T21:32:30.185+0700] {logging_mixin.py:188} INFO - [2024-07-27T21:32:30.184+0700] {dag.py:3947} INFO - Setting next_dagrun for example_xcom_args to None, run_after=None
[2024-07-27T21:32:30.188+0700] {logging_mixin.py:188} INFO - [2024-07-27T21:32:30.188+0700] {dag.py:3947} INFO - Setting next_dagrun for example_xcom_args_with_operators to None, run_after=None
[2024-07-27T21:32:30.217+0700] {processor.py:183} INFO - Processing /usr/local/lib/python3.10/dist-packages/airflow/example_dags/example_xcomargs.py took 0.071 seconds
[2024-07-27T21:33:19.813+0700] {processor.py:161} INFO - Started process (PID=2249) to work on /usr/local/lib/python3.10/dist-packages/airflow/example_dags/example_xcomargs.py
[2024-07-27T21:33:19.817+0700] {processor.py:830} INFO - Processing file /usr/local/lib/python3.10/dist-packages/airflow/example_dags/example_xcomargs.py for tasks to queue
[2024-07-27T21:33:19.819+0700] {logging_mixin.py:188} INFO - [2024-07-27T21:33:19.818+0700] {dagbag.py:545} INFO - Filling up the DagBag from /usr/local/lib/python3.10/dist-packages/airflow/example_dags/example_xcomargs.py
[2024-07-27T21:33:19.829+0700] {processor.py:840} INFO - DAG(s) 'example_xcom_args_with_operators', 'example_xcom_args' retrieved from /usr/local/lib/python3.10/dist-packages/airflow/example_dags/example_xcomargs.py
[2024-07-27T21:33:19.854+0700] {logging_mixin.py:188} INFO - [2024-07-27T21:33:19.854+0700] {dag.py:3089} INFO - Sync 2 DAGs
[2024-07-27T21:33:19.869+0700] {logging_mixin.py:188} INFO - [2024-07-27T21:33:19.868+0700] {dag.py:3947} INFO - Setting next_dagrun for example_xcom_args to None, run_after=None
[2024-07-27T21:33:19.872+0700] {logging_mixin.py:188} INFO - [2024-07-27T21:33:19.872+0700] {dag.py:3947} INFO - Setting next_dagrun for example_xcom_args_with_operators to None, run_after=None
[2024-07-27T21:33:19.914+0700] {processor.py:183} INFO - Processing /usr/local/lib/python3.10/dist-packages/airflow/example_dags/example_xcomargs.py took 0.106 seconds
[2024-07-27T21:34:16.613+0700] {processor.py:161} INFO - Started process (PID=2996) to work on /usr/local/lib/python3.10/dist-packages/airflow/example_dags/example_xcomargs.py
[2024-07-27T21:34:16.616+0700] {processor.py:830} INFO - Processing file /usr/local/lib/python3.10/dist-packages/airflow/example_dags/example_xcomargs.py for tasks to queue
[2024-07-27T21:34:16.617+0700] {logging_mixin.py:188} INFO - [2024-07-27T21:34:16.617+0700] {dagbag.py:545} INFO - Filling up the DagBag from /usr/local/lib/python3.10/dist-packages/airflow/example_dags/example_xcomargs.py
[2024-07-27T21:34:16.623+0700] {processor.py:840} INFO - DAG(s) 'example_xcom_args', 'example_xcom_args_with_operators' retrieved from /usr/local/lib/python3.10/dist-packages/airflow/example_dags/example_xcomargs.py
[2024-07-27T21:34:16.637+0700] {logging_mixin.py:188} INFO - [2024-07-27T21:34:16.637+0700] {dag.py:3089} INFO - Sync 2 DAGs
[2024-07-27T21:34:16.646+0700] {logging_mixin.py:188} INFO - [2024-07-27T21:34:16.645+0700] {dag.py:3947} INFO - Setting next_dagrun for example_xcom_args to None, run_after=None
[2024-07-27T21:34:16.649+0700] {logging_mixin.py:188} INFO - [2024-07-27T21:34:16.648+0700] {dag.py:3947} INFO - Setting next_dagrun for example_xcom_args_with_operators to None, run_after=None
[2024-07-27T21:34:16.678+0700] {processor.py:183} INFO - Processing /usr/local/lib/python3.10/dist-packages/airflow/example_dags/example_xcomargs.py took 0.069 seconds
[2024-07-27T21:35:20.833+0700] {processor.py:161} INFO - Started process (PID=3524) to work on /usr/local/lib/python3.10/dist-packages/airflow/example_dags/example_xcomargs.py
[2024-07-27T21:35:20.835+0700] {processor.py:830} INFO - Processing file /usr/local/lib/python3.10/dist-packages/airflow/example_dags/example_xcomargs.py for tasks to queue
[2024-07-27T21:35:20.837+0700] {logging_mixin.py:188} INFO - [2024-07-27T21:35:20.836+0700] {dagbag.py:545} INFO - Filling up the DagBag from /usr/local/lib/python3.10/dist-packages/airflow/example_dags/example_xcomargs.py
[2024-07-27T21:35:20.844+0700] {processor.py:840} INFO - DAG(s) 'example_xcom_args', 'example_xcom_args_with_operators' retrieved from /usr/local/lib/python3.10/dist-packages/airflow/example_dags/example_xcomargs.py
[2024-07-27T21:35:20.861+0700] {logging_mixin.py:188} INFO - [2024-07-27T21:35:20.860+0700] {dag.py:3089} INFO - Sync 2 DAGs
[2024-07-27T21:35:20.871+0700] {logging_mixin.py:188} INFO - [2024-07-27T21:35:20.871+0700] {dag.py:3947} INFO - Setting next_dagrun for example_xcom_args to None, run_after=None
[2024-07-27T21:35:20.874+0700] {logging_mixin.py:188} INFO - [2024-07-27T21:35:20.874+0700] {dag.py:3947} INFO - Setting next_dagrun for example_xcom_args_with_operators to None, run_after=None
[2024-07-27T21:35:20.903+0700] {processor.py:183} INFO - Processing /usr/local/lib/python3.10/dist-packages/airflow/example_dags/example_xcomargs.py took 0.075 seconds
[2024-07-27T21:36:25.839+0700] {processor.py:161} INFO - Started process (PID=4081) to work on /usr/local/lib/python3.10/dist-packages/airflow/example_dags/example_xcomargs.py
[2024-07-27T21:36:25.840+0700] {processor.py:830} INFO - Processing file /usr/local/lib/python3.10/dist-packages/airflow/example_dags/example_xcomargs.py for tasks to queue
[2024-07-27T21:36:25.841+0700] {logging_mixin.py:188} INFO - [2024-07-27T21:36:25.841+0700] {dagbag.py:545} INFO - Filling up the DagBag from /usr/local/lib/python3.10/dist-packages/airflow/example_dags/example_xcomargs.py
[2024-07-27T21:36:25.849+0700] {processor.py:840} INFO - DAG(s) 'example_xcom_args_with_operators', 'example_xcom_args' retrieved from /usr/local/lib/python3.10/dist-packages/airflow/example_dags/example_xcomargs.py
[2024-07-27T21:36:25.864+0700] {logging_mixin.py:188} INFO - [2024-07-27T21:36:25.864+0700] {dag.py:3089} INFO - Sync 2 DAGs
[2024-07-27T21:36:25.874+0700] {logging_mixin.py:188} INFO - [2024-07-27T21:36:25.874+0700] {dag.py:3947} INFO - Setting next_dagrun for example_xcom_args to None, run_after=None
[2024-07-27T21:36:25.877+0700] {logging_mixin.py:188} INFO - [2024-07-27T21:36:25.877+0700] {dag.py:3947} INFO - Setting next_dagrun for example_xcom_args_with_operators to None, run_after=None
[2024-07-27T21:36:25.908+0700] {processor.py:183} INFO - Processing /usr/local/lib/python3.10/dist-packages/airflow/example_dags/example_xcomargs.py took 0.074 seconds
[2024-07-27T21:37:26.487+0700] {processor.py:161} INFO - Started process (PID=4611) to work on /usr/local/lib/python3.10/dist-packages/airflow/example_dags/example_xcomargs.py
[2024-07-27T21:37:26.488+0700] {processor.py:830} INFO - Processing file /usr/local/lib/python3.10/dist-packages/airflow/example_dags/example_xcomargs.py for tasks to queue
[2024-07-27T21:37:26.489+0700] {logging_mixin.py:188} INFO - [2024-07-27T21:37:26.489+0700] {dagbag.py:545} INFO - Filling up the DagBag from /usr/local/lib/python3.10/dist-packages/airflow/example_dags/example_xcomargs.py
[2024-07-27T21:37:26.495+0700] {processor.py:840} INFO - DAG(s) 'example_xcom_args_with_operators', 'example_xcom_args' retrieved from /usr/local/lib/python3.10/dist-packages/airflow/example_dags/example_xcomargs.py
[2024-07-27T21:37:26.510+0700] {logging_mixin.py:188} INFO - [2024-07-27T21:37:26.510+0700] {dag.py:3089} INFO - Sync 2 DAGs
[2024-07-27T21:37:26.519+0700] {logging_mixin.py:188} INFO - [2024-07-27T21:37:26.518+0700] {dag.py:3947} INFO - Setting next_dagrun for example_xcom_args to None, run_after=None
[2024-07-27T21:37:26.522+0700] {logging_mixin.py:188} INFO - [2024-07-27T21:37:26.521+0700] {dag.py:3947} INFO - Setting next_dagrun for example_xcom_args_with_operators to None, run_after=None
[2024-07-27T21:37:26.551+0700] {processor.py:183} INFO - Processing /usr/local/lib/python3.10/dist-packages/airflow/example_dags/example_xcomargs.py took 0.070 seconds
[2024-07-27T21:38:33.565+0700] {processor.py:161} INFO - Started process (PID=5138) to work on /usr/local/lib/python3.10/dist-packages/airflow/example_dags/example_xcomargs.py
[2024-07-27T21:38:33.566+0700] {processor.py:830} INFO - Processing file /usr/local/lib/python3.10/dist-packages/airflow/example_dags/example_xcomargs.py for tasks to queue
[2024-07-27T21:38:33.567+0700] {logging_mixin.py:188} INFO - [2024-07-27T21:38:33.567+0700] {dagbag.py:545} INFO - Filling up the DagBag from /usr/local/lib/python3.10/dist-packages/airflow/example_dags/example_xcomargs.py
[2024-07-27T21:38:33.574+0700] {processor.py:840} INFO - DAG(s) 'example_xcom_args_with_operators', 'example_xcom_args' retrieved from /usr/local/lib/python3.10/dist-packages/airflow/example_dags/example_xcomargs.py
[2024-07-27T21:38:33.590+0700] {logging_mixin.py:188} INFO - [2024-07-27T21:38:33.589+0700] {dag.py:3089} INFO - Sync 2 DAGs
[2024-07-27T21:38:33.599+0700] {logging_mixin.py:188} INFO - [2024-07-27T21:38:33.599+0700] {dag.py:3947} INFO - Setting next_dagrun for example_xcom_args to None, run_after=None
[2024-07-27T21:38:33.604+0700] {logging_mixin.py:188} INFO - [2024-07-27T21:38:33.603+0700] {dag.py:3947} INFO - Setting next_dagrun for example_xcom_args_with_operators to None, run_after=None
[2024-07-27T21:38:33.635+0700] {processor.py:183} INFO - Processing /usr/local/lib/python3.10/dist-packages/airflow/example_dags/example_xcomargs.py took 0.075 seconds
[2024-07-27T21:39:22.018+0700] {processor.py:161} INFO - Started process (PID=5615) to work on /usr/local/lib/python3.10/dist-packages/airflow/example_dags/example_xcomargs.py
[2024-07-27T21:39:22.020+0700] {processor.py:830} INFO - Processing file /usr/local/lib/python3.10/dist-packages/airflow/example_dags/example_xcomargs.py for tasks to queue
[2024-07-27T21:39:22.021+0700] {logging_mixin.py:188} INFO - [2024-07-27T21:39:22.020+0700] {dagbag.py:545} INFO - Filling up the DagBag from /usr/local/lib/python3.10/dist-packages/airflow/example_dags/example_xcomargs.py
[2024-07-27T21:39:22.027+0700] {processor.py:840} INFO - DAG(s) 'example_xcom_args', 'example_xcom_args_with_operators' retrieved from /usr/local/lib/python3.10/dist-packages/airflow/example_dags/example_xcomargs.py
[2024-07-27T21:39:22.043+0700] {logging_mixin.py:188} INFO - [2024-07-27T21:39:22.042+0700] {dag.py:3089} INFO - Sync 2 DAGs
[2024-07-27T21:39:22.053+0700] {logging_mixin.py:188} INFO - [2024-07-27T21:39:22.052+0700] {dag.py:3947} INFO - Setting next_dagrun for example_xcom_args to None, run_after=None
[2024-07-27T21:39:22.056+0700] {logging_mixin.py:188} INFO - [2024-07-27T21:39:22.055+0700] {dag.py:3947} INFO - Setting next_dagrun for example_xcom_args_with_operators to None, run_after=None
[2024-07-27T21:39:22.084+0700] {processor.py:183} INFO - Processing /usr/local/lib/python3.10/dist-packages/airflow/example_dags/example_xcomargs.py took 0.071 seconds
[2024-07-27T21:40:24.359+0700] {processor.py:161} INFO - Started process (PID=6402) to work on /usr/local/lib/python3.10/dist-packages/airflow/example_dags/example_xcomargs.py
[2024-07-27T21:40:24.361+0700] {processor.py:830} INFO - Processing file /usr/local/lib/python3.10/dist-packages/airflow/example_dags/example_xcomargs.py for tasks to queue
[2024-07-27T21:40:24.362+0700] {logging_mixin.py:188} INFO - [2024-07-27T21:40:24.361+0700] {dagbag.py:545} INFO - Filling up the DagBag from /usr/local/lib/python3.10/dist-packages/airflow/example_dags/example_xcomargs.py
[2024-07-27T21:40:24.369+0700] {processor.py:840} INFO - DAG(s) 'example_xcom_args', 'example_xcom_args_with_operators' retrieved from /usr/local/lib/python3.10/dist-packages/airflow/example_dags/example_xcomargs.py
[2024-07-27T21:40:24.384+0700] {logging_mixin.py:188} INFO - [2024-07-27T21:40:24.384+0700] {dag.py:3089} INFO - Sync 2 DAGs
[2024-07-27T21:40:24.394+0700] {logging_mixin.py:188} INFO - [2024-07-27T21:40:24.394+0700] {dag.py:3947} INFO - Setting next_dagrun for example_xcom_args to None, run_after=None
[2024-07-27T21:40:24.398+0700] {logging_mixin.py:188} INFO - [2024-07-27T21:40:24.397+0700] {dag.py:3947} INFO - Setting next_dagrun for example_xcom_args_with_operators to None, run_after=None
[2024-07-27T21:40:24.428+0700] {processor.py:183} INFO - Processing /usr/local/lib/python3.10/dist-packages/airflow/example_dags/example_xcomargs.py took 0.073 seconds
[2024-07-27T21:41:28.689+0700] {processor.py:161} INFO - Started process (PID=7001) to work on /usr/local/lib/python3.10/dist-packages/airflow/example_dags/example_xcomargs.py
[2024-07-27T21:41:28.690+0700] {processor.py:830} INFO - Processing file /usr/local/lib/python3.10/dist-packages/airflow/example_dags/example_xcomargs.py for tasks to queue
[2024-07-27T21:41:28.691+0700] {logging_mixin.py:188} INFO - [2024-07-27T21:41:28.691+0700] {dagbag.py:545} INFO - Filling up the DagBag from /usr/local/lib/python3.10/dist-packages/airflow/example_dags/example_xcomargs.py
[2024-07-27T21:41:28.702+0700] {processor.py:840} INFO - DAG(s) 'example_xcom_args', 'example_xcom_args_with_operators' retrieved from /usr/local/lib/python3.10/dist-packages/airflow/example_dags/example_xcomargs.py
[2024-07-27T21:41:28.722+0700] {logging_mixin.py:188} INFO - [2024-07-27T21:41:28.721+0700] {dag.py:3089} INFO - Sync 2 DAGs
[2024-07-27T21:41:28.731+0700] {logging_mixin.py:188} INFO - [2024-07-27T21:41:28.731+0700] {dag.py:3947} INFO - Setting next_dagrun for example_xcom_args to None, run_after=None
[2024-07-27T21:41:28.734+0700] {logging_mixin.py:188} INFO - [2024-07-27T21:41:28.734+0700] {dag.py:3947} INFO - Setting next_dagrun for example_xcom_args_with_operators to None, run_after=None
[2024-07-27T21:41:28.761+0700] {processor.py:183} INFO - Processing /usr/local/lib/python3.10/dist-packages/airflow/example_dags/example_xcomargs.py took 0.078 seconds
[2024-07-27T21:44:42.830+0700] {processor.py:161} INFO - Started process (PID=9507) to work on /usr/local/lib/python3.10/dist-packages/airflow/example_dags/example_xcomargs.py
[2024-07-27T21:44:42.832+0700] {processor.py:830} INFO - Processing file /usr/local/lib/python3.10/dist-packages/airflow/example_dags/example_xcomargs.py for tasks to queue
[2024-07-27T21:44:42.833+0700] {logging_mixin.py:188} INFO - [2024-07-27T21:44:42.833+0700] {dagbag.py:545} INFO - Filling up the DagBag from /usr/local/lib/python3.10/dist-packages/airflow/example_dags/example_xcomargs.py
[2024-07-27T21:44:42.839+0700] {processor.py:840} INFO - DAG(s) 'example_xcom_args_with_operators', 'example_xcom_args' retrieved from /usr/local/lib/python3.10/dist-packages/airflow/example_dags/example_xcomargs.py
[2024-07-27T21:44:42.856+0700] {logging_mixin.py:188} INFO - [2024-07-27T21:44:42.855+0700] {dag.py:3089} INFO - Sync 2 DAGs
[2024-07-27T21:44:42.866+0700] {logging_mixin.py:188} INFO - [2024-07-27T21:44:42.866+0700] {dag.py:3947} INFO - Setting next_dagrun for example_xcom_args to None, run_after=None
[2024-07-27T21:44:42.868+0700] {logging_mixin.py:188} INFO - [2024-07-27T21:44:42.868+0700] {dag.py:3947} INFO - Setting next_dagrun for example_xcom_args_with_operators to None, run_after=None
[2024-07-27T21:44:42.898+0700] {processor.py:183} INFO - Processing /usr/local/lib/python3.10/dist-packages/airflow/example_dags/example_xcomargs.py took 0.072 seconds
[2024-07-27T21:45:34.326+0700] {processor.py:161} INFO - Started process (PID=9983) to work on /usr/local/lib/python3.10/dist-packages/airflow/example_dags/example_xcomargs.py
[2024-07-27T21:45:34.329+0700] {processor.py:830} INFO - Processing file /usr/local/lib/python3.10/dist-packages/airflow/example_dags/example_xcomargs.py for tasks to queue
[2024-07-27T21:45:34.330+0700] {logging_mixin.py:188} INFO - [2024-07-27T21:45:34.329+0700] {dagbag.py:545} INFO - Filling up the DagBag from /usr/local/lib/python3.10/dist-packages/airflow/example_dags/example_xcomargs.py
[2024-07-27T21:45:34.336+0700] {processor.py:840} INFO - DAG(s) 'example_xcom_args_with_operators', 'example_xcom_args' retrieved from /usr/local/lib/python3.10/dist-packages/airflow/example_dags/example_xcomargs.py
[2024-07-27T21:45:34.350+0700] {logging_mixin.py:188} INFO - [2024-07-27T21:45:34.350+0700] {dag.py:3089} INFO - Sync 2 DAGs
[2024-07-27T21:45:34.358+0700] {logging_mixin.py:188} INFO - [2024-07-27T21:45:34.358+0700] {dag.py:3947} INFO - Setting next_dagrun for example_xcom_args to None, run_after=None
[2024-07-27T21:45:34.360+0700] {logging_mixin.py:188} INFO - [2024-07-27T21:45:34.360+0700] {dag.py:3947} INFO - Setting next_dagrun for example_xcom_args_with_operators to None, run_after=None
[2024-07-27T21:45:34.388+0700] {processor.py:183} INFO - Processing /usr/local/lib/python3.10/dist-packages/airflow/example_dags/example_xcomargs.py took 0.067 seconds
[2024-07-27T21:48:39.834+0700] {processor.py:161} INFO - Started process (PID=12011) to work on /usr/local/lib/python3.10/dist-packages/airflow/example_dags/example_xcomargs.py
[2024-07-27T21:48:39.835+0700] {processor.py:830} INFO - Processing file /usr/local/lib/python3.10/dist-packages/airflow/example_dags/example_xcomargs.py for tasks to queue
[2024-07-27T21:48:39.836+0700] {logging_mixin.py:188} INFO - [2024-07-27T21:48:39.835+0700] {dagbag.py:545} INFO - Filling up the DagBag from /usr/local/lib/python3.10/dist-packages/airflow/example_dags/example_xcomargs.py
[2024-07-27T21:48:39.842+0700] {processor.py:840} INFO - DAG(s) 'example_xcom_args_with_operators', 'example_xcom_args' retrieved from /usr/local/lib/python3.10/dist-packages/airflow/example_dags/example_xcomargs.py
[2024-07-27T21:48:39.859+0700] {logging_mixin.py:188} INFO - [2024-07-27T21:48:39.859+0700] {dag.py:3089} INFO - Sync 2 DAGs
[2024-07-27T21:48:39.868+0700] {logging_mixin.py:188} INFO - [2024-07-27T21:48:39.867+0700] {dag.py:3947} INFO - Setting next_dagrun for example_xcom_args to None, run_after=None
[2024-07-27T21:48:39.870+0700] {logging_mixin.py:188} INFO - [2024-07-27T21:48:39.870+0700] {dag.py:3947} INFO - Setting next_dagrun for example_xcom_args_with_operators to None, run_after=None
[2024-07-27T21:48:39.899+0700] {processor.py:183} INFO - Processing /usr/local/lib/python3.10/dist-packages/airflow/example_dags/example_xcomargs.py took 0.070 seconds
[2024-07-27T21:49:30.116+0700] {processor.py:161} INFO - Started process (PID=12536) to work on /usr/local/lib/python3.10/dist-packages/airflow/example_dags/example_xcomargs.py
[2024-07-27T21:49:30.117+0700] {processor.py:830} INFO - Processing file /usr/local/lib/python3.10/dist-packages/airflow/example_dags/example_xcomargs.py for tasks to queue
[2024-07-27T21:49:30.118+0700] {logging_mixin.py:188} INFO - [2024-07-27T21:49:30.118+0700] {dagbag.py:545} INFO - Filling up the DagBag from /usr/local/lib/python3.10/dist-packages/airflow/example_dags/example_xcomargs.py
[2024-07-27T21:49:30.126+0700] {processor.py:840} INFO - DAG(s) 'example_xcom_args_with_operators', 'example_xcom_args' retrieved from /usr/local/lib/python3.10/dist-packages/airflow/example_dags/example_xcomargs.py
[2024-07-27T21:49:30.141+0700] {logging_mixin.py:188} INFO - [2024-07-27T21:49:30.141+0700] {dag.py:3089} INFO - Sync 2 DAGs
[2024-07-27T21:49:30.151+0700] {logging_mixin.py:188} INFO - [2024-07-27T21:49:30.151+0700] {dag.py:3947} INFO - Setting next_dagrun for example_xcom_args to None, run_after=None
[2024-07-27T21:49:30.154+0700] {logging_mixin.py:188} INFO - [2024-07-27T21:49:30.153+0700] {dag.py:3947} INFO - Setting next_dagrun for example_xcom_args_with_operators to None, run_after=None
[2024-07-27T21:49:30.182+0700] {processor.py:183} INFO - Processing /usr/local/lib/python3.10/dist-packages/airflow/example_dags/example_xcomargs.py took 0.070 seconds
[2024-07-27T21:50:30.764+0700] {processor.py:161} INFO - Started process (PID=13174) to work on /usr/local/lib/python3.10/dist-packages/airflow/example_dags/example_xcomargs.py
[2024-07-27T21:50:30.765+0700] {processor.py:830} INFO - Processing file /usr/local/lib/python3.10/dist-packages/airflow/example_dags/example_xcomargs.py for tasks to queue
[2024-07-27T21:50:30.766+0700] {logging_mixin.py:188} INFO - [2024-07-27T21:50:30.766+0700] {dagbag.py:545} INFO - Filling up the DagBag from /usr/local/lib/python3.10/dist-packages/airflow/example_dags/example_xcomargs.py
[2024-07-27T21:50:30.773+0700] {processor.py:840} INFO - DAG(s) 'example_xcom_args_with_operators', 'example_xcom_args' retrieved from /usr/local/lib/python3.10/dist-packages/airflow/example_dags/example_xcomargs.py
[2024-07-27T21:50:30.789+0700] {logging_mixin.py:188} INFO - [2024-07-27T21:50:30.789+0700] {dag.py:3089} INFO - Sync 2 DAGs
[2024-07-27T21:50:30.798+0700] {logging_mixin.py:188} INFO - [2024-07-27T21:50:30.798+0700] {dag.py:3947} INFO - Setting next_dagrun for example_xcom_args to None, run_after=None
[2024-07-27T21:50:30.800+0700] {logging_mixin.py:188} INFO - [2024-07-27T21:50:30.800+0700] {dag.py:3947} INFO - Setting next_dagrun for example_xcom_args_with_operators to None, run_after=None
[2024-07-27T21:50:30.830+0700] {processor.py:183} INFO - Processing /usr/local/lib/python3.10/dist-packages/airflow/example_dags/example_xcomargs.py took 0.072 seconds
[2024-07-27T21:51:30.452+0700] {processor.py:161} INFO - Started process (PID=13694) to work on /usr/local/lib/python3.10/dist-packages/airflow/example_dags/example_xcomargs.py
[2024-07-27T21:51:30.455+0700] {processor.py:830} INFO - Processing file /usr/local/lib/python3.10/dist-packages/airflow/example_dags/example_xcomargs.py for tasks to queue
[2024-07-27T21:51:30.456+0700] {logging_mixin.py:188} INFO - [2024-07-27T21:51:30.456+0700] {dagbag.py:545} INFO - Filling up the DagBag from /usr/local/lib/python3.10/dist-packages/airflow/example_dags/example_xcomargs.py
[2024-07-27T21:51:30.462+0700] {processor.py:840} INFO - DAG(s) 'example_xcom_args', 'example_xcom_args_with_operators' retrieved from /usr/local/lib/python3.10/dist-packages/airflow/example_dags/example_xcomargs.py
[2024-07-27T21:51:30.479+0700] {logging_mixin.py:188} INFO - [2024-07-27T21:51:30.479+0700] {dag.py:3089} INFO - Sync 2 DAGs
[2024-07-27T21:51:30.489+0700] {logging_mixin.py:188} INFO - [2024-07-27T21:51:30.488+0700] {dag.py:3947} INFO - Setting next_dagrun for example_xcom_args to None, run_after=None
[2024-07-27T21:51:30.492+0700] {logging_mixin.py:188} INFO - [2024-07-27T21:51:30.491+0700] {dag.py:3947} INFO - Setting next_dagrun for example_xcom_args_with_operators to None, run_after=None
[2024-07-27T21:51:30.525+0700] {processor.py:183} INFO - Processing /usr/local/lib/python3.10/dist-packages/airflow/example_dags/example_xcomargs.py took 0.078 seconds
[2024-07-27T21:55:06.808+0700] {processor.py:161} INFO - Started process (PID=16126) to work on /usr/local/lib/python3.10/dist-packages/airflow/example_dags/example_xcomargs.py
[2024-07-27T21:55:06.811+0700] {processor.py:830} INFO - Processing file /usr/local/lib/python3.10/dist-packages/airflow/example_dags/example_xcomargs.py for tasks to queue
[2024-07-27T21:55:06.812+0700] {logging_mixin.py:188} INFO - [2024-07-27T21:55:06.811+0700] {dagbag.py:545} INFO - Filling up the DagBag from /usr/local/lib/python3.10/dist-packages/airflow/example_dags/example_xcomargs.py
[2024-07-27T21:55:06.818+0700] {processor.py:840} INFO - DAG(s) 'example_xcom_args', 'example_xcom_args_with_operators' retrieved from /usr/local/lib/python3.10/dist-packages/airflow/example_dags/example_xcomargs.py
[2024-07-27T21:55:06.841+0700] {logging_mixin.py:188} INFO - [2024-07-27T21:55:06.841+0700] {dag.py:3089} INFO - Sync 2 DAGs
[2024-07-27T21:55:06.851+0700] {logging_mixin.py:188} INFO - [2024-07-27T21:55:06.851+0700] {dag.py:3947} INFO - Setting next_dagrun for example_xcom_args to None, run_after=None
[2024-07-27T21:55:06.853+0700] {logging_mixin.py:188} INFO - [2024-07-27T21:55:06.853+0700] {dag.py:3947} INFO - Setting next_dagrun for example_xcom_args_with_operators to None, run_after=None
[2024-07-27T21:55:06.885+0700] {processor.py:183} INFO - Processing /usr/local/lib/python3.10/dist-packages/airflow/example_dags/example_xcomargs.py took 0.082 seconds
[2024-07-27T21:58:29.733+0700] {processor.py:161} INFO - Started process (PID=18750) to work on /usr/local/lib/python3.10/dist-packages/airflow/example_dags/example_xcomargs.py
[2024-07-27T21:58:29.736+0700] {processor.py:830} INFO - Processing file /usr/local/lib/python3.10/dist-packages/airflow/example_dags/example_xcomargs.py for tasks to queue
[2024-07-27T21:58:29.737+0700] {logging_mixin.py:188} INFO - [2024-07-27T21:58:29.737+0700] {dagbag.py:545} INFO - Filling up the DagBag from /usr/local/lib/python3.10/dist-packages/airflow/example_dags/example_xcomargs.py
[2024-07-27T21:58:29.743+0700] {processor.py:840} INFO - DAG(s) 'example_xcom_args_with_operators', 'example_xcom_args' retrieved from /usr/local/lib/python3.10/dist-packages/airflow/example_dags/example_xcomargs.py
[2024-07-27T21:58:29.759+0700] {logging_mixin.py:188} INFO - [2024-07-27T21:58:29.759+0700] {dag.py:3089} INFO - Sync 2 DAGs
[2024-07-27T21:58:29.768+0700] {logging_mixin.py:188} INFO - [2024-07-27T21:58:29.768+0700] {dag.py:3947} INFO - Setting next_dagrun for example_xcom_args to None, run_after=None
[2024-07-27T21:58:29.771+0700] {logging_mixin.py:188} INFO - [2024-07-27T21:58:29.771+0700] {dag.py:3947} INFO - Setting next_dagrun for example_xcom_args_with_operators to None, run_after=None
[2024-07-27T21:58:29.790+0700] {processor.py:183} INFO - Processing /usr/local/lib/python3.10/dist-packages/airflow/example_dags/example_xcomargs.py took 0.060 seconds
[2024-07-27T21:59:21.403+0700] {processor.py:161} INFO - Started process (PID=19157) to work on /usr/local/lib/python3.10/dist-packages/airflow/example_dags/example_xcomargs.py
[2024-07-27T21:59:21.405+0700] {processor.py:830} INFO - Processing file /usr/local/lib/python3.10/dist-packages/airflow/example_dags/example_xcomargs.py for tasks to queue
[2024-07-27T21:59:21.406+0700] {logging_mixin.py:188} INFO - [2024-07-27T21:59:21.406+0700] {dagbag.py:545} INFO - Filling up the DagBag from /usr/local/lib/python3.10/dist-packages/airflow/example_dags/example_xcomargs.py
[2024-07-27T21:59:21.412+0700] {processor.py:840} INFO - DAG(s) 'example_xcom_args', 'example_xcom_args_with_operators' retrieved from /usr/local/lib/python3.10/dist-packages/airflow/example_dags/example_xcomargs.py
[2024-07-27T21:59:21.428+0700] {logging_mixin.py:188} INFO - [2024-07-27T21:59:21.428+0700] {dag.py:3089} INFO - Sync 2 DAGs
[2024-07-27T21:59:21.437+0700] {logging_mixin.py:188} INFO - [2024-07-27T21:59:21.437+0700] {dag.py:3947} INFO - Setting next_dagrun for example_xcom_args to None, run_after=None
[2024-07-27T21:59:21.440+0700] {logging_mixin.py:188} INFO - [2024-07-27T21:59:21.439+0700] {dag.py:3947} INFO - Setting next_dagrun for example_xcom_args_with_operators to None, run_after=None
[2024-07-27T21:59:21.460+0700] {processor.py:183} INFO - Processing /usr/local/lib/python3.10/dist-packages/airflow/example_dags/example_xcomargs.py took 0.062 seconds
[2024-07-27T22:00:12.702+0700] {processor.py:161} INFO - Started process (PID=19683) to work on /usr/local/lib/python3.10/dist-packages/airflow/example_dags/example_xcomargs.py
[2024-07-27T22:00:12.704+0700] {processor.py:830} INFO - Processing file /usr/local/lib/python3.10/dist-packages/airflow/example_dags/example_xcomargs.py for tasks to queue
[2024-07-27T22:00:12.706+0700] {logging_mixin.py:188} INFO - [2024-07-27T22:00:12.705+0700] {dagbag.py:545} INFO - Filling up the DagBag from /usr/local/lib/python3.10/dist-packages/airflow/example_dags/example_xcomargs.py
[2024-07-27T22:00:12.718+0700] {processor.py:840} INFO - DAG(s) 'example_xcom_args_with_operators', 'example_xcom_args' retrieved from /usr/local/lib/python3.10/dist-packages/airflow/example_dags/example_xcomargs.py
[2024-07-27T22:00:12.739+0700] {logging_mixin.py:188} INFO - [2024-07-27T22:00:12.739+0700] {dag.py:3089} INFO - Sync 2 DAGs
[2024-07-27T22:00:12.752+0700] {logging_mixin.py:188} INFO - [2024-07-27T22:00:12.752+0700] {dag.py:3947} INFO - Setting next_dagrun for example_xcom_args to None, run_after=None
[2024-07-27T22:00:12.757+0700] {logging_mixin.py:188} INFO - [2024-07-27T22:00:12.756+0700] {dag.py:3947} INFO - Setting next_dagrun for example_xcom_args_with_operators to None, run_after=None
[2024-07-27T22:00:12.791+0700] {processor.py:183} INFO - Processing /usr/local/lib/python3.10/dist-packages/airflow/example_dags/example_xcomargs.py took 0.097 seconds
[2024-07-27T22:01:24.161+0700] {processor.py:161} INFO - Started process (PID=20227) to work on /usr/local/lib/python3.10/dist-packages/airflow/example_dags/example_xcomargs.py
[2024-07-27T22:01:24.166+0700] {processor.py:830} INFO - Processing file /usr/local/lib/python3.10/dist-packages/airflow/example_dags/example_xcomargs.py for tasks to queue
[2024-07-27T22:01:24.167+0700] {logging_mixin.py:188} INFO - [2024-07-27T22:01:24.167+0700] {dagbag.py:545} INFO - Filling up the DagBag from /usr/local/lib/python3.10/dist-packages/airflow/example_dags/example_xcomargs.py
[2024-07-27T22:01:24.174+0700] {processor.py:840} INFO - DAG(s) 'example_xcom_args_with_operators', 'example_xcom_args' retrieved from /usr/local/lib/python3.10/dist-packages/airflow/example_dags/example_xcomargs.py
[2024-07-27T22:01:24.195+0700] {logging_mixin.py:188} INFO - [2024-07-27T22:01:24.194+0700] {dag.py:3089} INFO - Sync 2 DAGs
[2024-07-27T22:01:24.205+0700] {logging_mixin.py:188} INFO - [2024-07-27T22:01:24.204+0700] {dag.py:3947} INFO - Setting next_dagrun for example_xcom_args to None, run_after=None
[2024-07-27T22:01:24.208+0700] {logging_mixin.py:188} INFO - [2024-07-27T22:01:24.208+0700] {dag.py:3947} INFO - Setting next_dagrun for example_xcom_args_with_operators to None, run_after=None
[2024-07-27T22:01:24.237+0700] {processor.py:183} INFO - Processing /usr/local/lib/python3.10/dist-packages/airflow/example_dags/example_xcomargs.py took 0.082 seconds
[2024-07-27T22:02:24.696+0700] {processor.py:161} INFO - Started process (PID=20846) to work on /usr/local/lib/python3.10/dist-packages/airflow/example_dags/example_xcomargs.py
[2024-07-27T22:02:24.697+0700] {processor.py:830} INFO - Processing file /usr/local/lib/python3.10/dist-packages/airflow/example_dags/example_xcomargs.py for tasks to queue
[2024-07-27T22:02:24.698+0700] {logging_mixin.py:188} INFO - [2024-07-27T22:02:24.697+0700] {dagbag.py:545} INFO - Filling up the DagBag from /usr/local/lib/python3.10/dist-packages/airflow/example_dags/example_xcomargs.py
[2024-07-27T22:02:24.704+0700] {processor.py:840} INFO - DAG(s) 'example_xcom_args', 'example_xcom_args_with_operators' retrieved from /usr/local/lib/python3.10/dist-packages/airflow/example_dags/example_xcomargs.py
[2024-07-27T22:02:24.720+0700] {logging_mixin.py:188} INFO - [2024-07-27T22:02:24.720+0700] {dag.py:3089} INFO - Sync 2 DAGs
[2024-07-27T22:02:24.728+0700] {logging_mixin.py:188} INFO - [2024-07-27T22:02:24.728+0700] {dag.py:3947} INFO - Setting next_dagrun for example_xcom_args to None, run_after=None
[2024-07-27T22:02:24.731+0700] {logging_mixin.py:188} INFO - [2024-07-27T22:02:24.730+0700] {dag.py:3947} INFO - Setting next_dagrun for example_xcom_args_with_operators to None, run_after=None
[2024-07-27T22:02:24.759+0700] {processor.py:183} INFO - Processing /usr/local/lib/python3.10/dist-packages/airflow/example_dags/example_xcomargs.py took 0.068 seconds
[2024-07-27T22:03:29.574+0700] {processor.py:161} INFO - Started process (PID=21454) to work on /usr/local/lib/python3.10/dist-packages/airflow/example_dags/example_xcomargs.py
[2024-07-27T22:03:29.576+0700] {processor.py:830} INFO - Processing file /usr/local/lib/python3.10/dist-packages/airflow/example_dags/example_xcomargs.py for tasks to queue
[2024-07-27T22:03:29.576+0700] {logging_mixin.py:188} INFO - [2024-07-27T22:03:29.576+0700] {dagbag.py:545} INFO - Filling up the DagBag from /usr/local/lib/python3.10/dist-packages/airflow/example_dags/example_xcomargs.py
[2024-07-27T22:03:29.583+0700] {processor.py:840} INFO - DAG(s) 'example_xcom_args_with_operators', 'example_xcom_args' retrieved from /usr/local/lib/python3.10/dist-packages/airflow/example_dags/example_xcomargs.py
[2024-07-27T22:03:29.598+0700] {logging_mixin.py:188} INFO - [2024-07-27T22:03:29.598+0700] {dag.py:3089} INFO - Sync 2 DAGs
[2024-07-27T22:03:29.606+0700] {logging_mixin.py:188} INFO - [2024-07-27T22:03:29.606+0700] {dag.py:3947} INFO - Setting next_dagrun for example_xcom_args to None, run_after=None
[2024-07-27T22:03:29.608+0700] {logging_mixin.py:188} INFO - [2024-07-27T22:03:29.608+0700] {dag.py:3947} INFO - Setting next_dagrun for example_xcom_args_with_operators to None, run_after=None
[2024-07-27T22:03:29.637+0700] {processor.py:183} INFO - Processing /usr/local/lib/python3.10/dist-packages/airflow/example_dags/example_xcomargs.py took 0.068 seconds
[2024-07-27T22:04:36.278+0700] {processor.py:161} INFO - Started process (PID=22193) to work on /usr/local/lib/python3.10/dist-packages/airflow/example_dags/example_xcomargs.py
[2024-07-27T22:04:36.279+0700] {processor.py:830} INFO - Processing file /usr/local/lib/python3.10/dist-packages/airflow/example_dags/example_xcomargs.py for tasks to queue
[2024-07-27T22:04:36.280+0700] {logging_mixin.py:188} INFO - [2024-07-27T22:04:36.280+0700] {dagbag.py:545} INFO - Filling up the DagBag from /usr/local/lib/python3.10/dist-packages/airflow/example_dags/example_xcomargs.py
[2024-07-27T22:04:36.286+0700] {processor.py:840} INFO - DAG(s) 'example_xcom_args_with_operators', 'example_xcom_args' retrieved from /usr/local/lib/python3.10/dist-packages/airflow/example_dags/example_xcomargs.py
[2024-07-27T22:04:36.301+0700] {logging_mixin.py:188} INFO - [2024-07-27T22:04:36.301+0700] {dag.py:3089} INFO - Sync 2 DAGs
[2024-07-27T22:04:36.309+0700] {logging_mixin.py:188} INFO - [2024-07-27T22:04:36.309+0700] {dag.py:3947} INFO - Setting next_dagrun for example_xcom_args to None, run_after=None
[2024-07-27T22:04:36.312+0700] {logging_mixin.py:188} INFO - [2024-07-27T22:04:36.311+0700] {dag.py:3947} INFO - Setting next_dagrun for example_xcom_args_with_operators to None, run_after=None
[2024-07-27T22:04:36.344+0700] {processor.py:183} INFO - Processing /usr/local/lib/python3.10/dist-packages/airflow/example_dags/example_xcomargs.py took 0.071 seconds
[2024-07-27T22:05:40.708+0700] {processor.py:161} INFO - Started process (PID=22761) to work on /usr/local/lib/python3.10/dist-packages/airflow/example_dags/example_xcomargs.py
[2024-07-27T22:05:40.710+0700] {processor.py:830} INFO - Processing file /usr/local/lib/python3.10/dist-packages/airflow/example_dags/example_xcomargs.py for tasks to queue
[2024-07-27T22:05:40.711+0700] {logging_mixin.py:188} INFO - [2024-07-27T22:05:40.711+0700] {dagbag.py:545} INFO - Filling up the DagBag from /usr/local/lib/python3.10/dist-packages/airflow/example_dags/example_xcomargs.py
[2024-07-27T22:05:40.717+0700] {processor.py:840} INFO - DAG(s) 'example_xcom_args', 'example_xcom_args_with_operators' retrieved from /usr/local/lib/python3.10/dist-packages/airflow/example_dags/example_xcomargs.py
[2024-07-27T22:05:40.732+0700] {logging_mixin.py:188} INFO - [2024-07-27T22:05:40.732+0700] {dag.py:3089} INFO - Sync 2 DAGs
[2024-07-27T22:05:40.740+0700] {logging_mixin.py:188} INFO - [2024-07-27T22:05:40.740+0700] {dag.py:3947} INFO - Setting next_dagrun for example_xcom_args to None, run_after=None
[2024-07-27T22:05:40.743+0700] {logging_mixin.py:188} INFO - [2024-07-27T22:05:40.742+0700] {dag.py:3947} INFO - Setting next_dagrun for example_xcom_args_with_operators to None, run_after=None
[2024-07-27T22:05:40.774+0700] {processor.py:183} INFO - Processing /usr/local/lib/python3.10/dist-packages/airflow/example_dags/example_xcomargs.py took 0.071 seconds
[2024-07-27T22:06:52.188+0700] {processor.py:161} INFO - Started process (PID=23658) to work on /usr/local/lib/python3.10/dist-packages/airflow/example_dags/example_xcomargs.py
[2024-07-27T22:06:52.190+0700] {processor.py:830} INFO - Processing file /usr/local/lib/python3.10/dist-packages/airflow/example_dags/example_xcomargs.py for tasks to queue
[2024-07-27T22:06:52.191+0700] {logging_mixin.py:188} INFO - [2024-07-27T22:06:52.190+0700] {dagbag.py:545} INFO - Filling up the DagBag from /usr/local/lib/python3.10/dist-packages/airflow/example_dags/example_xcomargs.py
[2024-07-27T22:06:52.197+0700] {processor.py:840} INFO - DAG(s) 'example_xcom_args', 'example_xcom_args_with_operators' retrieved from /usr/local/lib/python3.10/dist-packages/airflow/example_dags/example_xcomargs.py
[2024-07-27T22:06:52.213+0700] {logging_mixin.py:188} INFO - [2024-07-27T22:06:52.213+0700] {dag.py:3089} INFO - Sync 2 DAGs
[2024-07-27T22:06:52.222+0700] {logging_mixin.py:188} INFO - [2024-07-27T22:06:52.221+0700] {dag.py:3947} INFO - Setting next_dagrun for example_xcom_args to None, run_after=None
[2024-07-27T22:06:52.224+0700] {logging_mixin.py:188} INFO - [2024-07-27T22:06:52.224+0700] {dag.py:3947} INFO - Setting next_dagrun for example_xcom_args_with_operators to None, run_after=None
[2024-07-27T22:06:52.251+0700] {processor.py:183} INFO - Processing /usr/local/lib/python3.10/dist-packages/airflow/example_dags/example_xcomargs.py took 0.067 seconds
[2024-07-27T22:07:55.429+0700] {processor.py:161} INFO - Started process (PID=24256) to work on /usr/local/lib/python3.10/dist-packages/airflow/example_dags/example_xcomargs.py
[2024-07-27T22:07:55.430+0700] {processor.py:830} INFO - Processing file /usr/local/lib/python3.10/dist-packages/airflow/example_dags/example_xcomargs.py for tasks to queue
[2024-07-27T22:07:55.431+0700] {logging_mixin.py:188} INFO - [2024-07-27T22:07:55.431+0700] {dagbag.py:545} INFO - Filling up the DagBag from /usr/local/lib/python3.10/dist-packages/airflow/example_dags/example_xcomargs.py
[2024-07-27T22:07:55.437+0700] {processor.py:840} INFO - DAG(s) 'example_xcom_args', 'example_xcom_args_with_operators' retrieved from /usr/local/lib/python3.10/dist-packages/airflow/example_dags/example_xcomargs.py
[2024-07-27T22:07:55.451+0700] {logging_mixin.py:188} INFO - [2024-07-27T22:07:55.451+0700] {dag.py:3089} INFO - Sync 2 DAGs
[2024-07-27T22:07:55.459+0700] {logging_mixin.py:188} INFO - [2024-07-27T22:07:55.459+0700] {dag.py:3947} INFO - Setting next_dagrun for example_xcom_args to None, run_after=None
[2024-07-27T22:07:55.461+0700] {logging_mixin.py:188} INFO - [2024-07-27T22:07:55.461+0700] {dag.py:3947} INFO - Setting next_dagrun for example_xcom_args_with_operators to None, run_after=None
[2024-07-27T22:07:55.490+0700] {processor.py:183} INFO - Processing /usr/local/lib/python3.10/dist-packages/airflow/example_dags/example_xcomargs.py took 0.066 seconds
[2024-07-27T22:08:57.082+0700] {processor.py:161} INFO - Started process (PID=24991) to work on /usr/local/lib/python3.10/dist-packages/airflow/example_dags/example_xcomargs.py
[2024-07-27T22:08:57.085+0700] {processor.py:830} INFO - Processing file /usr/local/lib/python3.10/dist-packages/airflow/example_dags/example_xcomargs.py for tasks to queue
[2024-07-27T22:08:57.085+0700] {logging_mixin.py:188} INFO - [2024-07-27T22:08:57.085+0700] {dagbag.py:545} INFO - Filling up the DagBag from /usr/local/lib/python3.10/dist-packages/airflow/example_dags/example_xcomargs.py
[2024-07-27T22:08:57.091+0700] {processor.py:840} INFO - DAG(s) 'example_xcom_args_with_operators', 'example_xcom_args' retrieved from /usr/local/lib/python3.10/dist-packages/airflow/example_dags/example_xcomargs.py
[2024-07-27T22:08:57.105+0700] {logging_mixin.py:188} INFO - [2024-07-27T22:08:57.105+0700] {dag.py:3089} INFO - Sync 2 DAGs
[2024-07-27T22:08:57.113+0700] {logging_mixin.py:188} INFO - [2024-07-27T22:08:57.113+0700] {dag.py:3947} INFO - Setting next_dagrun for example_xcom_args to None, run_after=None
[2024-07-27T22:08:57.116+0700] {logging_mixin.py:188} INFO - [2024-07-27T22:08:57.116+0700] {dag.py:3947} INFO - Setting next_dagrun for example_xcom_args_with_operators to None, run_after=None
[2024-07-27T22:08:57.146+0700] {processor.py:183} INFO - Processing /usr/local/lib/python3.10/dist-packages/airflow/example_dags/example_xcomargs.py took 0.069 seconds
[2024-07-27T22:10:02.775+0700] {processor.py:161} INFO - Started process (PID=25531) to work on /usr/local/lib/python3.10/dist-packages/airflow/example_dags/example_xcomargs.py
[2024-07-27T22:10:02.778+0700] {processor.py:830} INFO - Processing file /usr/local/lib/python3.10/dist-packages/airflow/example_dags/example_xcomargs.py for tasks to queue
[2024-07-27T22:10:02.779+0700] {logging_mixin.py:188} INFO - [2024-07-27T22:10:02.779+0700] {dagbag.py:545} INFO - Filling up the DagBag from /usr/local/lib/python3.10/dist-packages/airflow/example_dags/example_xcomargs.py
[2024-07-27T22:10:02.785+0700] {processor.py:840} INFO - DAG(s) 'example_xcom_args_with_operators', 'example_xcom_args' retrieved from /usr/local/lib/python3.10/dist-packages/airflow/example_dags/example_xcomargs.py
[2024-07-27T22:10:02.799+0700] {logging_mixin.py:188} INFO - [2024-07-27T22:10:02.799+0700] {dag.py:3089} INFO - Sync 2 DAGs
[2024-07-27T22:10:02.808+0700] {logging_mixin.py:188} INFO - [2024-07-27T22:10:02.807+0700] {dag.py:3947} INFO - Setting next_dagrun for example_xcom_args to None, run_after=None
[2024-07-27T22:10:02.810+0700] {logging_mixin.py:188} INFO - [2024-07-27T22:10:02.810+0700] {dag.py:3947} INFO - Setting next_dagrun for example_xcom_args_with_operators to None, run_after=None
[2024-07-27T22:10:02.838+0700] {processor.py:183} INFO - Processing /usr/local/lib/python3.10/dist-packages/airflow/example_dags/example_xcomargs.py took 0.068 seconds
