[2024-07-27T18:29:41.551+0700] {processor.py:161} INFO - Started process (PID=1391) to work on /usr/local/lib/python3.10/dist-packages/airflow/example_dags/example_branch_datetime_operator.py
[2024-07-27T18:29:41.552+0700] {processor.py:830} INFO - Processing file /usr/local/lib/python3.10/dist-packages/airflow/example_dags/example_branch_datetime_operator.py for tasks to queue
[2024-07-27T18:29:41.553+0700] {logging_mixin.py:188} INFO - [2024-07-27T18:29:41.552+0700] {dagbag.py:545} INFO - Filling up the DagBag from /usr/local/lib/python3.10/dist-packages/airflow/example_dags/example_branch_datetime_operator.py
[2024-07-27T18:29:41.562+0700] {processor.py:840} INFO - DAG(s) 'example_branch_datetime_operator_3', 'example_branch_datetime_operator_2', 'example_branch_datetime_operator' retrieved from /usr/local/lib/python3.10/dist-packages/airflow/example_dags/example_branch_datetime_operator.py
[2024-07-27T18:29:41.583+0700] {logging_mixin.py:188} INFO - [2024-07-27T18:29:41.582+0700] {dag.py:3089} INFO - Sync 3 DAGs
[2024-07-27T18:29:41.598+0700] {logging_mixin.py:188} INFO - [2024-07-27T18:29:41.598+0700] {dag.py:3947} INFO - Setting next_dagrun for example_branch_datetime_operator to 2024-07-26 00:00:00+00:00, run_after=2024-07-27 00:00:00+00:00
[2024-07-27T18:29:41.601+0700] {logging_mixin.py:188} INFO - [2024-07-27T18:29:41.601+0700] {dag.py:3947} INFO - Setting next_dagrun for example_branch_datetime_operator_2 to 2024-07-26 00:00:00+00:00, run_after=2024-07-27 00:00:00+00:00
[2024-07-27T18:29:41.604+0700] {logging_mixin.py:188} INFO - [2024-07-27T18:29:41.603+0700] {dag.py:3947} INFO - Setting next_dagrun for example_branch_datetime_operator_3 to 2024-07-26 00:00:00+00:00, run_after=2024-07-27 00:00:00+00:00
[2024-07-27T18:29:41.632+0700] {processor.py:183} INFO - Processing /usr/local/lib/python3.10/dist-packages/airflow/example_dags/example_branch_datetime_operator.py took 0.085 seconds
[2024-07-27T18:30:29.425+0700] {processor.py:161} INFO - Started process (PID=1637) to work on /usr/local/lib/python3.10/dist-packages/airflow/example_dags/example_branch_datetime_operator.py
[2024-07-27T18:30:29.426+0700] {processor.py:830} INFO - Processing file /usr/local/lib/python3.10/dist-packages/airflow/example_dags/example_branch_datetime_operator.py for tasks to queue
[2024-07-27T18:30:29.427+0700] {logging_mixin.py:188} INFO - [2024-07-27T18:30:29.427+0700] {dagbag.py:545} INFO - Filling up the DagBag from /usr/local/lib/python3.10/dist-packages/airflow/example_dags/example_branch_datetime_operator.py
[2024-07-27T18:30:29.434+0700] {processor.py:840} INFO - DAG(s) 'example_branch_datetime_operator_2', 'example_branch_datetime_operator_3', 'example_branch_datetime_operator' retrieved from /usr/local/lib/python3.10/dist-packages/airflow/example_dags/example_branch_datetime_operator.py
[2024-07-27T18:30:29.451+0700] {logging_mixin.py:188} INFO - [2024-07-27T18:30:29.451+0700] {dag.py:3089} INFO - Sync 3 DAGs
[2024-07-27T18:30:29.467+0700] {logging_mixin.py:188} INFO - [2024-07-27T18:30:29.467+0700] {dag.py:3947} INFO - Setting next_dagrun for example_branch_datetime_operator to 2024-07-26 00:00:00+00:00, run_after=2024-07-27 00:00:00+00:00
[2024-07-27T18:30:29.470+0700] {logging_mixin.py:188} INFO - [2024-07-27T18:30:29.470+0700] {dag.py:3947} INFO - Setting next_dagrun for example_branch_datetime_operator_2 to 2024-07-26 00:00:00+00:00, run_after=2024-07-27 00:00:00+00:00
[2024-07-27T18:30:29.472+0700] {logging_mixin.py:188} INFO - [2024-07-27T18:30:29.472+0700] {dag.py:3947} INFO - Setting next_dagrun for example_branch_datetime_operator_3 to 2024-07-26 00:00:00+00:00, run_after=2024-07-27 00:00:00+00:00
[2024-07-27T18:30:29.500+0700] {processor.py:183} INFO - Processing /usr/local/lib/python3.10/dist-packages/airflow/example_dags/example_branch_datetime_operator.py took 0.080 seconds
[2024-07-27T21:32:09.308+0700] {processor.py:161} INFO - Started process (PID=1670) to work on /usr/local/lib/python3.10/dist-packages/airflow/example_dags/example_branch_datetime_operator.py
[2024-07-27T21:32:09.309+0700] {processor.py:830} INFO - Processing file /usr/local/lib/python3.10/dist-packages/airflow/example_dags/example_branch_datetime_operator.py for tasks to queue
[2024-07-27T21:32:09.311+0700] {logging_mixin.py:188} INFO - [2024-07-27T21:32:09.310+0700] {dagbag.py:545} INFO - Filling up the DagBag from /usr/local/lib/python3.10/dist-packages/airflow/example_dags/example_branch_datetime_operator.py
[2024-07-27T21:32:09.327+0700] {processor.py:840} INFO - DAG(s) 'example_branch_datetime_operator_2', 'example_branch_datetime_operator', 'example_branch_datetime_operator_3' retrieved from /usr/local/lib/python3.10/dist-packages/airflow/example_dags/example_branch_datetime_operator.py
[2024-07-27T21:32:09.363+0700] {logging_mixin.py:188} INFO - [2024-07-27T21:32:09.363+0700] {dag.py:3089} INFO - Sync 3 DAGs
[2024-07-27T21:32:09.388+0700] {logging_mixin.py:188} INFO - [2024-07-27T21:32:09.387+0700] {dag.py:3947} INFO - Setting next_dagrun for example_branch_datetime_operator to 2024-07-26 00:00:00+00:00, run_after=2024-07-27 00:00:00+00:00
[2024-07-27T21:32:09.398+0700] {logging_mixin.py:188} INFO - [2024-07-27T21:32:09.397+0700] {dag.py:3947} INFO - Setting next_dagrun for example_branch_datetime_operator_2 to 2024-07-26 00:00:00+00:00, run_after=2024-07-27 00:00:00+00:00
[2024-07-27T21:32:09.400+0700] {logging_mixin.py:188} INFO - [2024-07-27T21:32:09.400+0700] {dag.py:3947} INFO - Setting next_dagrun for example_branch_datetime_operator_3 to 2024-07-26 00:00:00+00:00, run_after=2024-07-27 00:00:00+00:00
[2024-07-27T21:32:09.455+0700] {processor.py:183} INFO - Processing /usr/local/lib/python3.10/dist-packages/airflow/example_dags/example_branch_datetime_operator.py took 0.152 seconds
[2024-07-27T21:32:58.872+0700] {processor.py:161} INFO - Started process (PID=2060) to work on /usr/local/lib/python3.10/dist-packages/airflow/example_dags/example_branch_datetime_operator.py
[2024-07-27T21:32:58.875+0700] {processor.py:830} INFO - Processing file /usr/local/lib/python3.10/dist-packages/airflow/example_dags/example_branch_datetime_operator.py for tasks to queue
[2024-07-27T21:32:58.876+0700] {logging_mixin.py:188} INFO - [2024-07-27T21:32:58.876+0700] {dagbag.py:545} INFO - Filling up the DagBag from /usr/local/lib/python3.10/dist-packages/airflow/example_dags/example_branch_datetime_operator.py
[2024-07-27T21:32:58.885+0700] {processor.py:840} INFO - DAG(s) 'example_branch_datetime_operator', 'example_branch_datetime_operator_2', 'example_branch_datetime_operator_3' retrieved from /usr/local/lib/python3.10/dist-packages/airflow/example_dags/example_branch_datetime_operator.py
[2024-07-27T21:32:58.902+0700] {logging_mixin.py:188} INFO - [2024-07-27T21:32:58.901+0700] {dag.py:3089} INFO - Sync 3 DAGs
[2024-07-27T21:32:58.917+0700] {logging_mixin.py:188} INFO - [2024-07-27T21:32:58.917+0700] {dag.py:3947} INFO - Setting next_dagrun for example_branch_datetime_operator to 2024-07-26 00:00:00+00:00, run_after=2024-07-27 00:00:00+00:00
[2024-07-27T21:32:58.921+0700] {logging_mixin.py:188} INFO - [2024-07-27T21:32:58.920+0700] {dag.py:3947} INFO - Setting next_dagrun for example_branch_datetime_operator_2 to 2024-07-26 00:00:00+00:00, run_after=2024-07-27 00:00:00+00:00
[2024-07-27T21:32:58.922+0700] {logging_mixin.py:188} INFO - [2024-07-27T21:32:58.922+0700] {dag.py:3947} INFO - Setting next_dagrun for example_branch_datetime_operator_3 to 2024-07-26 00:00:00+00:00, run_after=2024-07-27 00:00:00+00:00
[2024-07-27T21:32:58.952+0700] {processor.py:183} INFO - Processing /usr/local/lib/python3.10/dist-packages/airflow/example_dags/example_branch_datetime_operator.py took 0.085 seconds
[2024-07-27T21:33:54.558+0700] {processor.py:161} INFO - Started process (PID=2804) to work on /usr/local/lib/python3.10/dist-packages/airflow/example_dags/example_branch_datetime_operator.py
[2024-07-27T21:33:54.560+0700] {processor.py:830} INFO - Processing file /usr/local/lib/python3.10/dist-packages/airflow/example_dags/example_branch_datetime_operator.py for tasks to queue
[2024-07-27T21:33:54.561+0700] {logging_mixin.py:188} INFO - [2024-07-27T21:33:54.561+0700] {dagbag.py:545} INFO - Filling up the DagBag from /usr/local/lib/python3.10/dist-packages/airflow/example_dags/example_branch_datetime_operator.py
[2024-07-27T21:33:54.568+0700] {processor.py:840} INFO - DAG(s) 'example_branch_datetime_operator_2', 'example_branch_datetime_operator', 'example_branch_datetime_operator_3' retrieved from /usr/local/lib/python3.10/dist-packages/airflow/example_dags/example_branch_datetime_operator.py
[2024-07-27T21:33:54.585+0700] {logging_mixin.py:188} INFO - [2024-07-27T21:33:54.585+0700] {dag.py:3089} INFO - Sync 3 DAGs
[2024-07-27T21:33:54.698+0700] {logging_mixin.py:188} INFO - [2024-07-27T21:33:54.698+0700] {dag.py:3947} INFO - Setting next_dagrun for example_branch_datetime_operator to 2024-07-26 00:00:00+00:00, run_after=2024-07-27 00:00:00+00:00
[2024-07-27T21:33:54.702+0700] {logging_mixin.py:188} INFO - [2024-07-27T21:33:54.702+0700] {dag.py:3947} INFO - Setting next_dagrun for example_branch_datetime_operator_2 to 2024-07-26 00:00:00+00:00, run_after=2024-07-27 00:00:00+00:00
[2024-07-27T21:33:54.704+0700] {logging_mixin.py:188} INFO - [2024-07-27T21:33:54.704+0700] {dag.py:3947} INFO - Setting next_dagrun for example_branch_datetime_operator_3 to 2024-07-26 00:00:00+00:00, run_after=2024-07-27 00:00:00+00:00
[2024-07-27T21:33:54.731+0700] {processor.py:183} INFO - Processing /usr/local/lib/python3.10/dist-packages/airflow/example_dags/example_branch_datetime_operator.py took 0.177 seconds
[2024-07-27T21:34:42.753+0700] {processor.py:161} INFO - Started process (PID=3211) to work on /usr/local/lib/python3.10/dist-packages/airflow/example_dags/example_branch_datetime_operator.py
[2024-07-27T21:34:42.755+0700] {processor.py:830} INFO - Processing file /usr/local/lib/python3.10/dist-packages/airflow/example_dags/example_branch_datetime_operator.py for tasks to queue
[2024-07-27T21:34:42.757+0700] {logging_mixin.py:188} INFO - [2024-07-27T21:34:42.757+0700] {dagbag.py:545} INFO - Filling up the DagBag from /usr/local/lib/python3.10/dist-packages/airflow/example_dags/example_branch_datetime_operator.py
[2024-07-27T21:34:42.768+0700] {processor.py:840} INFO - DAG(s) 'example_branch_datetime_operator_3', 'example_branch_datetime_operator', 'example_branch_datetime_operator_2' retrieved from /usr/local/lib/python3.10/dist-packages/airflow/example_dags/example_branch_datetime_operator.py
[2024-07-27T21:34:42.788+0700] {logging_mixin.py:188} INFO - [2024-07-27T21:34:42.788+0700] {dag.py:3089} INFO - Sync 3 DAGs
[2024-07-27T21:34:42.808+0700] {logging_mixin.py:188} INFO - [2024-07-27T21:34:42.808+0700] {dag.py:3947} INFO - Setting next_dagrun for example_branch_datetime_operator to 2024-07-26 00:00:00+00:00, run_after=2024-07-27 00:00:00+00:00
[2024-07-27T21:34:42.813+0700] {logging_mixin.py:188} INFO - [2024-07-27T21:34:42.812+0700] {dag.py:3947} INFO - Setting next_dagrun for example_branch_datetime_operator_2 to 2024-07-26 00:00:00+00:00, run_after=2024-07-27 00:00:00+00:00
[2024-07-27T21:34:42.815+0700] {logging_mixin.py:188} INFO - [2024-07-27T21:34:42.815+0700] {dag.py:3947} INFO - Setting next_dagrun for example_branch_datetime_operator_3 to 2024-07-26 00:00:00+00:00, run_after=2024-07-27 00:00:00+00:00
[2024-07-27T21:34:42.846+0700] {processor.py:183} INFO - Processing /usr/local/lib/python3.10/dist-packages/airflow/example_dags/example_branch_datetime_operator.py took 0.097 seconds
[2024-07-27T21:35:26.942+0700] {processor.py:161} INFO - Started process (PID=3583) to work on /usr/local/lib/python3.10/dist-packages/airflow/example_dags/example_branch_datetime_operator.py
[2024-07-27T21:35:26.943+0700] {processor.py:830} INFO - Processing file /usr/local/lib/python3.10/dist-packages/airflow/example_dags/example_branch_datetime_operator.py for tasks to queue
[2024-07-27T21:35:26.944+0700] {logging_mixin.py:188} INFO - [2024-07-27T21:35:26.944+0700] {dagbag.py:545} INFO - Filling up the DagBag from /usr/local/lib/python3.10/dist-packages/airflow/example_dags/example_branch_datetime_operator.py
[2024-07-27T21:35:26.952+0700] {processor.py:840} INFO - DAG(s) 'example_branch_datetime_operator', 'example_branch_datetime_operator_3', 'example_branch_datetime_operator_2' retrieved from /usr/local/lib/python3.10/dist-packages/airflow/example_dags/example_branch_datetime_operator.py
[2024-07-27T21:35:26.971+0700] {logging_mixin.py:188} INFO - [2024-07-27T21:35:26.970+0700] {dag.py:3089} INFO - Sync 3 DAGs
[2024-07-27T21:35:26.987+0700] {logging_mixin.py:188} INFO - [2024-07-27T21:35:26.987+0700] {dag.py:3947} INFO - Setting next_dagrun for example_branch_datetime_operator to 2024-07-26 00:00:00+00:00, run_after=2024-07-27 00:00:00+00:00
[2024-07-27T21:35:26.992+0700] {logging_mixin.py:188} INFO - [2024-07-27T21:35:26.992+0700] {dag.py:3947} INFO - Setting next_dagrun for example_branch_datetime_operator_2 to 2024-07-26 00:00:00+00:00, run_after=2024-07-27 00:00:00+00:00
[2024-07-27T21:35:26.994+0700] {logging_mixin.py:188} INFO - [2024-07-27T21:35:26.994+0700] {dag.py:3947} INFO - Setting next_dagrun for example_branch_datetime_operator_3 to 2024-07-26 00:00:00+00:00, run_after=2024-07-27 00:00:00+00:00
[2024-07-27T21:35:27.025+0700] {processor.py:183} INFO - Processing /usr/local/lib/python3.10/dist-packages/airflow/example_dags/example_branch_datetime_operator.py took 0.087 seconds
[2024-07-27T21:36:10.159+0700] {processor.py:161} INFO - Started process (PID=3917) to work on /usr/local/lib/python3.10/dist-packages/airflow/example_dags/example_branch_datetime_operator.py
[2024-07-27T21:36:10.161+0700] {processor.py:830} INFO - Processing file /usr/local/lib/python3.10/dist-packages/airflow/example_dags/example_branch_datetime_operator.py for tasks to queue
[2024-07-27T21:36:10.163+0700] {logging_mixin.py:188} INFO - [2024-07-27T21:36:10.163+0700] {dagbag.py:545} INFO - Filling up the DagBag from /usr/local/lib/python3.10/dist-packages/airflow/example_dags/example_branch_datetime_operator.py
[2024-07-27T21:36:10.172+0700] {processor.py:840} INFO - DAG(s) 'example_branch_datetime_operator', 'example_branch_datetime_operator_3', 'example_branch_datetime_operator_2' retrieved from /usr/local/lib/python3.10/dist-packages/airflow/example_dags/example_branch_datetime_operator.py
[2024-07-27T21:36:10.191+0700] {logging_mixin.py:188} INFO - [2024-07-27T21:36:10.191+0700] {dag.py:3089} INFO - Sync 3 DAGs
[2024-07-27T21:36:10.209+0700] {logging_mixin.py:188} INFO - [2024-07-27T21:36:10.208+0700] {dag.py:3947} INFO - Setting next_dagrun for example_branch_datetime_operator to 2024-07-26 00:00:00+00:00, run_after=2024-07-27 00:00:00+00:00
[2024-07-27T21:36:10.213+0700] {logging_mixin.py:188} INFO - [2024-07-27T21:36:10.213+0700] {dag.py:3947} INFO - Setting next_dagrun for example_branch_datetime_operator_2 to 2024-07-26 00:00:00+00:00, run_after=2024-07-27 00:00:00+00:00
[2024-07-27T21:36:10.216+0700] {logging_mixin.py:188} INFO - [2024-07-27T21:36:10.215+0700] {dag.py:3947} INFO - Setting next_dagrun for example_branch_datetime_operator_3 to 2024-07-26 00:00:00+00:00, run_after=2024-07-27 00:00:00+00:00
[2024-07-27T21:36:10.250+0700] {processor.py:183} INFO - Processing /usr/local/lib/python3.10/dist-packages/airflow/example_dags/example_branch_datetime_operator.py took 0.096 seconds
[2024-07-27T21:36:51.534+0700] {processor.py:161} INFO - Started process (PID=4308) to work on /usr/local/lib/python3.10/dist-packages/airflow/example_dags/example_branch_datetime_operator.py
[2024-07-27T21:36:51.535+0700] {processor.py:830} INFO - Processing file /usr/local/lib/python3.10/dist-packages/airflow/example_dags/example_branch_datetime_operator.py for tasks to queue
[2024-07-27T21:36:51.537+0700] {logging_mixin.py:188} INFO - [2024-07-27T21:36:51.536+0700] {dagbag.py:545} INFO - Filling up the DagBag from /usr/local/lib/python3.10/dist-packages/airflow/example_dags/example_branch_datetime_operator.py
[2024-07-27T21:36:51.548+0700] {processor.py:840} INFO - DAG(s) 'example_branch_datetime_operator', 'example_branch_datetime_operator_3', 'example_branch_datetime_operator_2' retrieved from /usr/local/lib/python3.10/dist-packages/airflow/example_dags/example_branch_datetime_operator.py
[2024-07-27T21:36:51.567+0700] {logging_mixin.py:188} INFO - [2024-07-27T21:36:51.566+0700] {dag.py:3089} INFO - Sync 3 DAGs
[2024-07-27T21:36:51.584+0700] {logging_mixin.py:188} INFO - [2024-07-27T21:36:51.584+0700] {dag.py:3947} INFO - Setting next_dagrun for example_branch_datetime_operator to 2024-07-26 00:00:00+00:00, run_after=2024-07-27 00:00:00+00:00
[2024-07-27T21:36:51.588+0700] {logging_mixin.py:188} INFO - [2024-07-27T21:36:51.588+0700] {dag.py:3947} INFO - Setting next_dagrun for example_branch_datetime_operator_2 to 2024-07-26 00:00:00+00:00, run_after=2024-07-27 00:00:00+00:00
[2024-07-27T21:36:51.590+0700] {logging_mixin.py:188} INFO - [2024-07-27T21:36:51.590+0700] {dag.py:3947} INFO - Setting next_dagrun for example_branch_datetime_operator_3 to 2024-07-26 00:00:00+00:00, run_after=2024-07-27 00:00:00+00:00
[2024-07-27T21:36:51.622+0700] {processor.py:183} INFO - Processing /usr/local/lib/python3.10/dist-packages/airflow/example_dags/example_branch_datetime_operator.py took 0.093 seconds
[2024-07-27T21:37:35.164+0700] {processor.py:161} INFO - Started process (PID=4678) to work on /usr/local/lib/python3.10/dist-packages/airflow/example_dags/example_branch_datetime_operator.py
[2024-07-27T21:37:35.166+0700] {processor.py:830} INFO - Processing file /usr/local/lib/python3.10/dist-packages/airflow/example_dags/example_branch_datetime_operator.py for tasks to queue
[2024-07-27T21:37:35.167+0700] {logging_mixin.py:188} INFO - [2024-07-27T21:37:35.167+0700] {dagbag.py:545} INFO - Filling up the DagBag from /usr/local/lib/python3.10/dist-packages/airflow/example_dags/example_branch_datetime_operator.py
[2024-07-27T21:37:35.176+0700] {processor.py:840} INFO - DAG(s) 'example_branch_datetime_operator_3', 'example_branch_datetime_operator_2', 'example_branch_datetime_operator' retrieved from /usr/local/lib/python3.10/dist-packages/airflow/example_dags/example_branch_datetime_operator.py
[2024-07-27T21:37:35.193+0700] {logging_mixin.py:188} INFO - [2024-07-27T21:37:35.192+0700] {dag.py:3089} INFO - Sync 3 DAGs
[2024-07-27T21:37:35.211+0700] {logging_mixin.py:188} INFO - [2024-07-27T21:37:35.211+0700] {dag.py:3947} INFO - Setting next_dagrun for example_branch_datetime_operator to 2024-07-26 00:00:00+00:00, run_after=2024-07-27 00:00:00+00:00
[2024-07-27T21:37:35.216+0700] {logging_mixin.py:188} INFO - [2024-07-27T21:37:35.215+0700] {dag.py:3947} INFO - Setting next_dagrun for example_branch_datetime_operator_2 to 2024-07-26 00:00:00+00:00, run_after=2024-07-27 00:00:00+00:00
[2024-07-27T21:37:35.218+0700] {logging_mixin.py:188} INFO - [2024-07-27T21:37:35.217+0700] {dag.py:3947} INFO - Setting next_dagrun for example_branch_datetime_operator_3 to 2024-07-26 00:00:00+00:00, run_after=2024-07-27 00:00:00+00:00
[2024-07-27T21:37:35.252+0700] {processor.py:183} INFO - Processing /usr/local/lib/python3.10/dist-packages/airflow/example_dags/example_branch_datetime_operator.py took 0.092 seconds
[2024-07-27T21:38:19.221+0700] {processor.py:161} INFO - Started process (PID=5028) to work on /usr/local/lib/python3.10/dist-packages/airflow/example_dags/example_branch_datetime_operator.py
[2024-07-27T21:38:19.223+0700] {processor.py:830} INFO - Processing file /usr/local/lib/python3.10/dist-packages/airflow/example_dags/example_branch_datetime_operator.py for tasks to queue
[2024-07-27T21:38:19.223+0700] {logging_mixin.py:188} INFO - [2024-07-27T21:38:19.223+0700] {dagbag.py:545} INFO - Filling up the DagBag from /usr/local/lib/python3.10/dist-packages/airflow/example_dags/example_branch_datetime_operator.py
[2024-07-27T21:38:19.231+0700] {processor.py:840} INFO - DAG(s) 'example_branch_datetime_operator_3', 'example_branch_datetime_operator', 'example_branch_datetime_operator_2' retrieved from /usr/local/lib/python3.10/dist-packages/airflow/example_dags/example_branch_datetime_operator.py
[2024-07-27T21:38:19.249+0700] {logging_mixin.py:188} INFO - [2024-07-27T21:38:19.249+0700] {dag.py:3089} INFO - Sync 3 DAGs
[2024-07-27T21:38:19.264+0700] {logging_mixin.py:188} INFO - [2024-07-27T21:38:19.264+0700] {dag.py:3947} INFO - Setting next_dagrun for example_branch_datetime_operator to 2024-07-26 00:00:00+00:00, run_after=2024-07-27 00:00:00+00:00
[2024-07-27T21:38:19.268+0700] {logging_mixin.py:188} INFO - [2024-07-27T21:38:19.268+0700] {dag.py:3947} INFO - Setting next_dagrun for example_branch_datetime_operator_2 to 2024-07-26 00:00:00+00:00, run_after=2024-07-27 00:00:00+00:00
[2024-07-27T21:38:19.271+0700] {logging_mixin.py:188} INFO - [2024-07-27T21:38:19.270+0700] {dag.py:3947} INFO - Setting next_dagrun for example_branch_datetime_operator_3 to 2024-07-26 00:00:00+00:00, run_after=2024-07-27 00:00:00+00:00
[2024-07-27T21:38:19.301+0700] {processor.py:183} INFO - Processing /usr/local/lib/python3.10/dist-packages/airflow/example_dags/example_branch_datetime_operator.py took 0.084 seconds
[2024-07-27T21:39:09.504+0700] {processor.py:161} INFO - Started process (PID=5454) to work on /usr/local/lib/python3.10/dist-packages/airflow/example_dags/example_branch_datetime_operator.py
[2024-07-27T21:39:09.506+0700] {processor.py:830} INFO - Processing file /usr/local/lib/python3.10/dist-packages/airflow/example_dags/example_branch_datetime_operator.py for tasks to queue
[2024-07-27T21:39:09.507+0700] {logging_mixin.py:188} INFO - [2024-07-27T21:39:09.507+0700] {dagbag.py:545} INFO - Filling up the DagBag from /usr/local/lib/python3.10/dist-packages/airflow/example_dags/example_branch_datetime_operator.py
[2024-07-27T21:39:09.517+0700] {processor.py:840} INFO - DAG(s) 'example_branch_datetime_operator', 'example_branch_datetime_operator_3', 'example_branch_datetime_operator_2' retrieved from /usr/local/lib/python3.10/dist-packages/airflow/example_dags/example_branch_datetime_operator.py
[2024-07-27T21:39:09.534+0700] {logging_mixin.py:188} INFO - [2024-07-27T21:39:09.534+0700] {dag.py:3089} INFO - Sync 3 DAGs
[2024-07-27T21:39:09.556+0700] {logging_mixin.py:188} INFO - [2024-07-27T21:39:09.556+0700] {dag.py:3947} INFO - Setting next_dagrun for example_branch_datetime_operator to 2024-07-26 00:00:00+00:00, run_after=2024-07-27 00:00:00+00:00
[2024-07-27T21:39:09.560+0700] {logging_mixin.py:188} INFO - [2024-07-27T21:39:09.560+0700] {dag.py:3947} INFO - Setting next_dagrun for example_branch_datetime_operator_2 to 2024-07-26 00:00:00+00:00, run_after=2024-07-27 00:00:00+00:00
[2024-07-27T21:39:09.562+0700] {logging_mixin.py:188} INFO - [2024-07-27T21:39:09.562+0700] {dag.py:3947} INFO - Setting next_dagrun for example_branch_datetime_operator_3 to 2024-07-26 00:00:00+00:00, run_after=2024-07-27 00:00:00+00:00
[2024-07-27T21:39:09.594+0700] {processor.py:183} INFO - Processing /usr/local/lib/python3.10/dist-packages/airflow/example_dags/example_branch_datetime_operator.py took 0.094 seconds
[2024-07-27T21:39:51.287+0700] {processor.py:161} INFO - Started process (PID=6000) to work on /usr/local/lib/python3.10/dist-packages/airflow/example_dags/example_branch_datetime_operator.py
[2024-07-27T21:39:51.289+0700] {processor.py:830} INFO - Processing file /usr/local/lib/python3.10/dist-packages/airflow/example_dags/example_branch_datetime_operator.py for tasks to queue
[2024-07-27T21:39:51.290+0700] {logging_mixin.py:188} INFO - [2024-07-27T21:39:51.290+0700] {dagbag.py:545} INFO - Filling up the DagBag from /usr/local/lib/python3.10/dist-packages/airflow/example_dags/example_branch_datetime_operator.py
[2024-07-27T21:39:51.298+0700] {processor.py:840} INFO - DAG(s) 'example_branch_datetime_operator_3', 'example_branch_datetime_operator_2', 'example_branch_datetime_operator' retrieved from /usr/local/lib/python3.10/dist-packages/airflow/example_dags/example_branch_datetime_operator.py
[2024-07-27T21:39:51.316+0700] {logging_mixin.py:188} INFO - [2024-07-27T21:39:51.315+0700] {dag.py:3089} INFO - Sync 3 DAGs
[2024-07-27T21:39:51.333+0700] {logging_mixin.py:188} INFO - [2024-07-27T21:39:51.333+0700] {dag.py:3947} INFO - Setting next_dagrun for example_branch_datetime_operator to 2024-07-26 00:00:00+00:00, run_after=2024-07-27 00:00:00+00:00
[2024-07-27T21:39:51.339+0700] {logging_mixin.py:188} INFO - [2024-07-27T21:39:51.338+0700] {dag.py:3947} INFO - Setting next_dagrun for example_branch_datetime_operator_2 to 2024-07-26 00:00:00+00:00, run_after=2024-07-27 00:00:00+00:00
[2024-07-27T21:39:51.341+0700] {logging_mixin.py:188} INFO - [2024-07-27T21:39:51.340+0700] {dag.py:3947} INFO - Setting next_dagrun for example_branch_datetime_operator_3 to 2024-07-26 00:00:00+00:00, run_after=2024-07-27 00:00:00+00:00
[2024-07-27T21:39:51.371+0700] {processor.py:183} INFO - Processing /usr/local/lib/python3.10/dist-packages/airflow/example_dags/example_branch_datetime_operator.py took 0.089 seconds
[2024-07-27T21:40:32.283+0700] {processor.py:161} INFO - Started process (PID=6466) to work on /usr/local/lib/python3.10/dist-packages/airflow/example_dags/example_branch_datetime_operator.py
[2024-07-27T21:40:32.288+0700] {processor.py:830} INFO - Processing file /usr/local/lib/python3.10/dist-packages/airflow/example_dags/example_branch_datetime_operator.py for tasks to queue
[2024-07-27T21:40:32.289+0700] {logging_mixin.py:188} INFO - [2024-07-27T21:40:32.288+0700] {dagbag.py:545} INFO - Filling up the DagBag from /usr/local/lib/python3.10/dist-packages/airflow/example_dags/example_branch_datetime_operator.py
[2024-07-27T21:40:32.297+0700] {processor.py:840} INFO - DAG(s) 'example_branch_datetime_operator_2', 'example_branch_datetime_operator_3', 'example_branch_datetime_operator' retrieved from /usr/local/lib/python3.10/dist-packages/airflow/example_dags/example_branch_datetime_operator.py
[2024-07-27T21:40:32.314+0700] {logging_mixin.py:188} INFO - [2024-07-27T21:40:32.314+0700] {dag.py:3089} INFO - Sync 3 DAGs
[2024-07-27T21:40:32.330+0700] {logging_mixin.py:188} INFO - [2024-07-27T21:40:32.330+0700] {dag.py:3947} INFO - Setting next_dagrun for example_branch_datetime_operator to 2024-07-26 00:00:00+00:00, run_after=2024-07-27 00:00:00+00:00
[2024-07-27T21:40:32.334+0700] {logging_mixin.py:188} INFO - [2024-07-27T21:40:32.334+0700] {dag.py:3947} INFO - Setting next_dagrun for example_branch_datetime_operator_2 to 2024-07-26 00:00:00+00:00, run_after=2024-07-27 00:00:00+00:00
[2024-07-27T21:40:32.336+0700] {logging_mixin.py:188} INFO - [2024-07-27T21:40:32.336+0700] {dag.py:3947} INFO - Setting next_dagrun for example_branch_datetime_operator_3 to 2024-07-26 00:00:00+00:00, run_after=2024-07-27 00:00:00+00:00
[2024-07-27T21:40:32.364+0700] {processor.py:183} INFO - Processing /usr/local/lib/python3.10/dist-packages/airflow/example_dags/example_branch_datetime_operator.py took 0.085 seconds
[2024-07-27T21:41:14.988+0700] {processor.py:161} INFO - Started process (PID=6829) to work on /usr/local/lib/python3.10/dist-packages/airflow/example_dags/example_branch_datetime_operator.py
[2024-07-27T21:41:14.990+0700] {processor.py:830} INFO - Processing file /usr/local/lib/python3.10/dist-packages/airflow/example_dags/example_branch_datetime_operator.py for tasks to queue
[2024-07-27T21:41:14.990+0700] {logging_mixin.py:188} INFO - [2024-07-27T21:41:14.990+0700] {dagbag.py:545} INFO - Filling up the DagBag from /usr/local/lib/python3.10/dist-packages/airflow/example_dags/example_branch_datetime_operator.py
[2024-07-27T21:41:14.999+0700] {processor.py:840} INFO - DAG(s) 'example_branch_datetime_operator', 'example_branch_datetime_operator_3', 'example_branch_datetime_operator_2' retrieved from /usr/local/lib/python3.10/dist-packages/airflow/example_dags/example_branch_datetime_operator.py
[2024-07-27T21:41:15.017+0700] {logging_mixin.py:188} INFO - [2024-07-27T21:41:15.017+0700] {dag.py:3089} INFO - Sync 3 DAGs
[2024-07-27T21:41:15.035+0700] {logging_mixin.py:188} INFO - [2024-07-27T21:41:15.034+0700] {dag.py:3947} INFO - Setting next_dagrun for example_branch_datetime_operator to 2024-07-26 00:00:00+00:00, run_after=2024-07-27 00:00:00+00:00
[2024-07-27T21:41:15.039+0700] {logging_mixin.py:188} INFO - [2024-07-27T21:41:15.039+0700] {dag.py:3947} INFO - Setting next_dagrun for example_branch_datetime_operator_2 to 2024-07-26 00:00:00+00:00, run_after=2024-07-27 00:00:00+00:00
[2024-07-27T21:41:15.041+0700] {logging_mixin.py:188} INFO - [2024-07-27T21:41:15.041+0700] {dag.py:3947} INFO - Setting next_dagrun for example_branch_datetime_operator_3 to 2024-07-26 00:00:00+00:00, run_after=2024-07-27 00:00:00+00:00
[2024-07-27T21:41:15.071+0700] {processor.py:183} INFO - Processing /usr/local/lib/python3.10/dist-packages/airflow/example_dags/example_branch_datetime_operator.py took 0.089 seconds
[2024-07-27T21:44:22.500+0700] {processor.py:161} INFO - Started process (PID=9347) to work on /usr/local/lib/python3.10/dist-packages/airflow/example_dags/example_branch_datetime_operator.py
[2024-07-27T21:44:22.502+0700] {processor.py:830} INFO - Processing file /usr/local/lib/python3.10/dist-packages/airflow/example_dags/example_branch_datetime_operator.py for tasks to queue
[2024-07-27T21:44:22.502+0700] {logging_mixin.py:188} INFO - [2024-07-27T21:44:22.502+0700] {dagbag.py:545} INFO - Filling up the DagBag from /usr/local/lib/python3.10/dist-packages/airflow/example_dags/example_branch_datetime_operator.py
[2024-07-27T21:44:22.509+0700] {processor.py:840} INFO - DAG(s) 'example_branch_datetime_operator', 'example_branch_datetime_operator_3', 'example_branch_datetime_operator_2' retrieved from /usr/local/lib/python3.10/dist-packages/airflow/example_dags/example_branch_datetime_operator.py
[2024-07-27T21:44:22.533+0700] {logging_mixin.py:188} INFO - [2024-07-27T21:44:22.532+0700] {dag.py:3089} INFO - Sync 3 DAGs
[2024-07-27T21:44:22.548+0700] {logging_mixin.py:188} INFO - [2024-07-27T21:44:22.548+0700] {dag.py:3947} INFO - Setting next_dagrun for example_branch_datetime_operator to 2024-07-26 00:00:00+00:00, run_after=2024-07-27 00:00:00+00:00
[2024-07-27T21:44:22.551+0700] {logging_mixin.py:188} INFO - [2024-07-27T21:44:22.551+0700] {dag.py:3947} INFO - Setting next_dagrun for example_branch_datetime_operator_2 to 2024-07-26 00:00:00+00:00, run_after=2024-07-27 00:00:00+00:00
[2024-07-27T21:44:22.554+0700] {logging_mixin.py:188} INFO - [2024-07-27T21:44:22.553+0700] {dag.py:3947} INFO - Setting next_dagrun for example_branch_datetime_operator_3 to 2024-07-26 00:00:00+00:00, run_after=2024-07-27 00:00:00+00:00
[2024-07-27T21:44:22.586+0700] {processor.py:183} INFO - Processing /usr/local/lib/python3.10/dist-packages/airflow/example_dags/example_branch_datetime_operator.py took 0.090 seconds
[2024-07-27T21:45:14.237+0700] {processor.py:161} INFO - Started process (PID=9821) to work on /usr/local/lib/python3.10/dist-packages/airflow/example_dags/example_branch_datetime_operator.py
[2024-07-27T21:45:14.239+0700] {processor.py:830} INFO - Processing file /usr/local/lib/python3.10/dist-packages/airflow/example_dags/example_branch_datetime_operator.py for tasks to queue
[2024-07-27T21:45:14.240+0700] {logging_mixin.py:188} INFO - [2024-07-27T21:45:14.240+0700] {dagbag.py:545} INFO - Filling up the DagBag from /usr/local/lib/python3.10/dist-packages/airflow/example_dags/example_branch_datetime_operator.py
[2024-07-27T21:45:14.248+0700] {processor.py:840} INFO - DAG(s) 'example_branch_datetime_operator', 'example_branch_datetime_operator_3', 'example_branch_datetime_operator_2' retrieved from /usr/local/lib/python3.10/dist-packages/airflow/example_dags/example_branch_datetime_operator.py
[2024-07-27T21:45:14.264+0700] {logging_mixin.py:188} INFO - [2024-07-27T21:45:14.264+0700] {dag.py:3089} INFO - Sync 3 DAGs
[2024-07-27T21:45:14.278+0700] {logging_mixin.py:188} INFO - [2024-07-27T21:45:14.278+0700] {dag.py:3947} INFO - Setting next_dagrun for example_branch_datetime_operator to 2024-07-26 00:00:00+00:00, run_after=2024-07-27 00:00:00+00:00
[2024-07-27T21:45:14.281+0700] {logging_mixin.py:188} INFO - [2024-07-27T21:45:14.281+0700] {dag.py:3947} INFO - Setting next_dagrun for example_branch_datetime_operator_2 to 2024-07-26 00:00:00+00:00, run_after=2024-07-27 00:00:00+00:00
[2024-07-27T21:45:14.284+0700] {logging_mixin.py:188} INFO - [2024-07-27T21:45:14.283+0700] {dag.py:3947} INFO - Setting next_dagrun for example_branch_datetime_operator_3 to 2024-07-26 00:00:00+00:00, run_after=2024-07-27 00:00:00+00:00
[2024-07-27T21:45:14.312+0700] {processor.py:183} INFO - Processing /usr/local/lib/python3.10/dist-packages/airflow/example_dags/example_branch_datetime_operator.py took 0.079 seconds
[2024-07-27T21:48:22.418+0700] {processor.py:161} INFO - Started process (PID=11872) to work on /usr/local/lib/python3.10/dist-packages/airflow/example_dags/example_branch_datetime_operator.py
[2024-07-27T21:48:22.419+0700] {processor.py:830} INFO - Processing file /usr/local/lib/python3.10/dist-packages/airflow/example_dags/example_branch_datetime_operator.py for tasks to queue
[2024-07-27T21:48:22.420+0700] {logging_mixin.py:188} INFO - [2024-07-27T21:48:22.420+0700] {dagbag.py:545} INFO - Filling up the DagBag from /usr/local/lib/python3.10/dist-packages/airflow/example_dags/example_branch_datetime_operator.py
[2024-07-27T21:48:22.428+0700] {processor.py:840} INFO - DAG(s) 'example_branch_datetime_operator', 'example_branch_datetime_operator_3', 'example_branch_datetime_operator_2' retrieved from /usr/local/lib/python3.10/dist-packages/airflow/example_dags/example_branch_datetime_operator.py
[2024-07-27T21:48:22.449+0700] {logging_mixin.py:188} INFO - [2024-07-27T21:48:22.448+0700] {dag.py:3089} INFO - Sync 3 DAGs
[2024-07-27T21:48:22.464+0700] {logging_mixin.py:188} INFO - [2024-07-27T21:48:22.464+0700] {dag.py:3947} INFO - Setting next_dagrun for example_branch_datetime_operator to 2024-07-26 00:00:00+00:00, run_after=2024-07-27 00:00:00+00:00
[2024-07-27T21:48:22.467+0700] {logging_mixin.py:188} INFO - [2024-07-27T21:48:22.467+0700] {dag.py:3947} INFO - Setting next_dagrun for example_branch_datetime_operator_2 to 2024-07-26 00:00:00+00:00, run_after=2024-07-27 00:00:00+00:00
[2024-07-27T21:48:22.469+0700] {logging_mixin.py:188} INFO - [2024-07-27T21:48:22.469+0700] {dag.py:3947} INFO - Setting next_dagrun for example_branch_datetime_operator_3 to 2024-07-26 00:00:00+00:00, run_after=2024-07-27 00:00:00+00:00
[2024-07-27T21:48:22.500+0700] {processor.py:183} INFO - Processing /usr/local/lib/python3.10/dist-packages/airflow/example_dags/example_branch_datetime_operator.py took 0.087 seconds
[2024-07-27T21:49:10.683+0700] {processor.py:161} INFO - Started process (PID=12345) to work on /usr/local/lib/python3.10/dist-packages/airflow/example_dags/example_branch_datetime_operator.py
[2024-07-27T21:49:10.685+0700] {processor.py:830} INFO - Processing file /usr/local/lib/python3.10/dist-packages/airflow/example_dags/example_branch_datetime_operator.py for tasks to queue
[2024-07-27T21:49:10.686+0700] {logging_mixin.py:188} INFO - [2024-07-27T21:49:10.686+0700] {dagbag.py:545} INFO - Filling up the DagBag from /usr/local/lib/python3.10/dist-packages/airflow/example_dags/example_branch_datetime_operator.py
[2024-07-27T21:49:10.694+0700] {processor.py:840} INFO - DAG(s) 'example_branch_datetime_operator_2', 'example_branch_datetime_operator', 'example_branch_datetime_operator_3' retrieved from /usr/local/lib/python3.10/dist-packages/airflow/example_dags/example_branch_datetime_operator.py
[2024-07-27T21:49:10.714+0700] {logging_mixin.py:188} INFO - [2024-07-27T21:49:10.713+0700] {dag.py:3089} INFO - Sync 3 DAGs
[2024-07-27T21:49:10.729+0700] {logging_mixin.py:188} INFO - [2024-07-27T21:49:10.728+0700] {dag.py:3947} INFO - Setting next_dagrun for example_branch_datetime_operator to 2024-07-26 00:00:00+00:00, run_after=2024-07-27 00:00:00+00:00
[2024-07-27T21:49:10.732+0700] {logging_mixin.py:188} INFO - [2024-07-27T21:49:10.732+0700] {dag.py:3947} INFO - Setting next_dagrun for example_branch_datetime_operator_2 to 2024-07-26 00:00:00+00:00, run_after=2024-07-27 00:00:00+00:00
[2024-07-27T21:49:10.734+0700] {logging_mixin.py:188} INFO - [2024-07-27T21:49:10.734+0700] {dag.py:3947} INFO - Setting next_dagrun for example_branch_datetime_operator_3 to 2024-07-26 00:00:00+00:00, run_after=2024-07-27 00:00:00+00:00
[2024-07-27T21:49:10.765+0700] {processor.py:183} INFO - Processing /usr/local/lib/python3.10/dist-packages/airflow/example_dags/example_branch_datetime_operator.py took 0.087 seconds
[2024-07-27T21:50:02.306+0700] {processor.py:161} INFO - Started process (PID=12801) to work on /usr/local/lib/python3.10/dist-packages/airflow/example_dags/example_branch_datetime_operator.py
[2024-07-27T21:50:02.308+0700] {processor.py:830} INFO - Processing file /usr/local/lib/python3.10/dist-packages/airflow/example_dags/example_branch_datetime_operator.py for tasks to queue
[2024-07-27T21:50:02.309+0700] {logging_mixin.py:188} INFO - [2024-07-27T21:50:02.309+0700] {dagbag.py:545} INFO - Filling up the DagBag from /usr/local/lib/python3.10/dist-packages/airflow/example_dags/example_branch_datetime_operator.py
[2024-07-27T21:50:02.317+0700] {processor.py:840} INFO - DAG(s) 'example_branch_datetime_operator_3', 'example_branch_datetime_operator_2', 'example_branch_datetime_operator' retrieved from /usr/local/lib/python3.10/dist-packages/airflow/example_dags/example_branch_datetime_operator.py
[2024-07-27T21:50:02.334+0700] {logging_mixin.py:188} INFO - [2024-07-27T21:50:02.334+0700] {dag.py:3089} INFO - Sync 3 DAGs
[2024-07-27T21:50:02.349+0700] {logging_mixin.py:188} INFO - [2024-07-27T21:50:02.349+0700] {dag.py:3947} INFO - Setting next_dagrun for example_branch_datetime_operator to 2024-07-26 00:00:00+00:00, run_after=2024-07-27 00:00:00+00:00
[2024-07-27T21:50:02.352+0700] {logging_mixin.py:188} INFO - [2024-07-27T21:50:02.352+0700] {dag.py:3947} INFO - Setting next_dagrun for example_branch_datetime_operator_2 to 2024-07-26 00:00:00+00:00, run_after=2024-07-27 00:00:00+00:00
[2024-07-27T21:50:02.354+0700] {logging_mixin.py:188} INFO - [2024-07-27T21:50:02.354+0700] {dag.py:3947} INFO - Setting next_dagrun for example_branch_datetime_operator_3 to 2024-07-26 00:00:00+00:00, run_after=2024-07-27 00:00:00+00:00
[2024-07-27T21:50:02.384+0700] {processor.py:183} INFO - Processing /usr/local/lib/python3.10/dist-packages/airflow/example_dags/example_branch_datetime_operator.py took 0.082 seconds
[2024-07-27T21:50:40.902+0700] {processor.py:161} INFO - Started process (PID=13287) to work on /usr/local/lib/python3.10/dist-packages/airflow/example_dags/example_branch_datetime_operator.py
[2024-07-27T21:50:40.904+0700] {processor.py:830} INFO - Processing file /usr/local/lib/python3.10/dist-packages/airflow/example_dags/example_branch_datetime_operator.py for tasks to queue
[2024-07-27T21:50:40.905+0700] {logging_mixin.py:188} INFO - [2024-07-27T21:50:40.905+0700] {dagbag.py:545} INFO - Filling up the DagBag from /usr/local/lib/python3.10/dist-packages/airflow/example_dags/example_branch_datetime_operator.py
[2024-07-27T21:50:40.913+0700] {processor.py:840} INFO - DAG(s) 'example_branch_datetime_operator_3', 'example_branch_datetime_operator_2', 'example_branch_datetime_operator' retrieved from /usr/local/lib/python3.10/dist-packages/airflow/example_dags/example_branch_datetime_operator.py
[2024-07-27T21:50:40.930+0700] {logging_mixin.py:188} INFO - [2024-07-27T21:50:40.930+0700] {dag.py:3089} INFO - Sync 3 DAGs
[2024-07-27T21:50:40.947+0700] {logging_mixin.py:188} INFO - [2024-07-27T21:50:40.947+0700] {dag.py:3947} INFO - Setting next_dagrun for example_branch_datetime_operator to 2024-07-26 00:00:00+00:00, run_after=2024-07-27 00:00:00+00:00
[2024-07-27T21:50:40.951+0700] {logging_mixin.py:188} INFO - [2024-07-27T21:50:40.951+0700] {dag.py:3947} INFO - Setting next_dagrun for example_branch_datetime_operator_2 to 2024-07-26 00:00:00+00:00, run_after=2024-07-27 00:00:00+00:00
[2024-07-27T21:50:40.953+0700] {logging_mixin.py:188} INFO - [2024-07-27T21:50:40.953+0700] {dag.py:3947} INFO - Setting next_dagrun for example_branch_datetime_operator_3 to 2024-07-26 00:00:00+00:00, run_after=2024-07-27 00:00:00+00:00
[2024-07-27T21:50:40.981+0700] {processor.py:183} INFO - Processing /usr/local/lib/python3.10/dist-packages/airflow/example_dags/example_branch_datetime_operator.py took 0.084 seconds
[2024-07-27T21:51:22.588+0700] {processor.py:161} INFO - Started process (PID=13614) to work on /usr/local/lib/python3.10/dist-packages/airflow/example_dags/example_branch_datetime_operator.py
[2024-07-27T21:51:22.591+0700] {processor.py:830} INFO - Processing file /usr/local/lib/python3.10/dist-packages/airflow/example_dags/example_branch_datetime_operator.py for tasks to queue
[2024-07-27T21:51:22.592+0700] {logging_mixin.py:188} INFO - [2024-07-27T21:51:22.592+0700] {dagbag.py:545} INFO - Filling up the DagBag from /usr/local/lib/python3.10/dist-packages/airflow/example_dags/example_branch_datetime_operator.py
[2024-07-27T21:51:22.600+0700] {processor.py:840} INFO - DAG(s) 'example_branch_datetime_operator_2', 'example_branch_datetime_operator', 'example_branch_datetime_operator_3' retrieved from /usr/local/lib/python3.10/dist-packages/airflow/example_dags/example_branch_datetime_operator.py
[2024-07-27T21:51:22.617+0700] {logging_mixin.py:188} INFO - [2024-07-27T21:51:22.617+0700] {dag.py:3089} INFO - Sync 3 DAGs
[2024-07-27T21:51:22.632+0700] {logging_mixin.py:188} INFO - [2024-07-27T21:51:22.631+0700] {dag.py:3947} INFO - Setting next_dagrun for example_branch_datetime_operator to 2024-07-26 00:00:00+00:00, run_after=2024-07-27 00:00:00+00:00
[2024-07-27T21:51:22.635+0700] {logging_mixin.py:188} INFO - [2024-07-27T21:51:22.635+0700] {dag.py:3947} INFO - Setting next_dagrun for example_branch_datetime_operator_2 to 2024-07-26 00:00:00+00:00, run_after=2024-07-27 00:00:00+00:00
[2024-07-27T21:51:22.637+0700] {logging_mixin.py:188} INFO - [2024-07-27T21:51:22.637+0700] {dag.py:3947} INFO - Setting next_dagrun for example_branch_datetime_operator_3 to 2024-07-26 00:00:00+00:00, run_after=2024-07-27 00:00:00+00:00
[2024-07-27T21:51:22.667+0700] {processor.py:183} INFO - Processing /usr/local/lib/python3.10/dist-packages/airflow/example_dags/example_branch_datetime_operator.py took 0.082 seconds
[2024-07-27T21:52:07.834+0700] {processor.py:161} INFO - Started process (PID=14095) to work on /usr/local/lib/python3.10/dist-packages/airflow/example_dags/example_branch_datetime_operator.py
[2024-07-27T21:52:07.835+0700] {processor.py:830} INFO - Processing file /usr/local/lib/python3.10/dist-packages/airflow/example_dags/example_branch_datetime_operator.py for tasks to queue
[2024-07-27T21:52:07.836+0700] {logging_mixin.py:188} INFO - [2024-07-27T21:52:07.836+0700] {dagbag.py:545} INFO - Filling up the DagBag from /usr/local/lib/python3.10/dist-packages/airflow/example_dags/example_branch_datetime_operator.py
[2024-07-27T21:52:07.845+0700] {processor.py:840} INFO - DAG(s) 'example_branch_datetime_operator', 'example_branch_datetime_operator_3', 'example_branch_datetime_operator_2' retrieved from /usr/local/lib/python3.10/dist-packages/airflow/example_dags/example_branch_datetime_operator.py
[2024-07-27T21:52:07.863+0700] {logging_mixin.py:188} INFO - [2024-07-27T21:52:07.863+0700] {dag.py:3089} INFO - Sync 3 DAGs
[2024-07-27T21:52:07.877+0700] {logging_mixin.py:188} INFO - [2024-07-27T21:52:07.877+0700] {dag.py:3947} INFO - Setting next_dagrun for example_branch_datetime_operator to 2024-07-26 00:00:00+00:00, run_after=2024-07-27 00:00:00+00:00
[2024-07-27T21:52:07.880+0700] {logging_mixin.py:188} INFO - [2024-07-27T21:52:07.880+0700] {dag.py:3947} INFO - Setting next_dagrun for example_branch_datetime_operator_2 to 2024-07-26 00:00:00+00:00, run_after=2024-07-27 00:00:00+00:00
[2024-07-27T21:52:07.883+0700] {logging_mixin.py:188} INFO - [2024-07-27T21:52:07.882+0700] {dag.py:3947} INFO - Setting next_dagrun for example_branch_datetime_operator_3 to 2024-07-26 00:00:00+00:00, run_after=2024-07-27 00:00:00+00:00
[2024-07-27T21:52:07.911+0700] {processor.py:183} INFO - Processing /usr/local/lib/python3.10/dist-packages/airflow/example_dags/example_branch_datetime_operator.py took 0.082 seconds
[2024-07-27T21:54:46.625+0700] {processor.py:161} INFO - Started process (PID=15829) to work on /usr/local/lib/python3.10/dist-packages/airflow/example_dags/example_branch_datetime_operator.py
[2024-07-27T21:54:46.626+0700] {processor.py:830} INFO - Processing file /usr/local/lib/python3.10/dist-packages/airflow/example_dags/example_branch_datetime_operator.py for tasks to queue
[2024-07-27T21:54:46.627+0700] {logging_mixin.py:188} INFO - [2024-07-27T21:54:46.627+0700] {dagbag.py:545} INFO - Filling up the DagBag from /usr/local/lib/python3.10/dist-packages/airflow/example_dags/example_branch_datetime_operator.py
[2024-07-27T21:54:46.635+0700] {processor.py:840} INFO - DAG(s) 'example_branch_datetime_operator', 'example_branch_datetime_operator_2', 'example_branch_datetime_operator_3' retrieved from /usr/local/lib/python3.10/dist-packages/airflow/example_dags/example_branch_datetime_operator.py
[2024-07-27T21:54:46.658+0700] {logging_mixin.py:188} INFO - [2024-07-27T21:54:46.658+0700] {dag.py:3089} INFO - Sync 3 DAGs
[2024-07-27T21:54:46.673+0700] {logging_mixin.py:188} INFO - [2024-07-27T21:54:46.673+0700] {dag.py:3947} INFO - Setting next_dagrun for example_branch_datetime_operator to 2024-07-26 00:00:00+00:00, run_after=2024-07-27 00:00:00+00:00
[2024-07-27T21:54:46.677+0700] {logging_mixin.py:188} INFO - [2024-07-27T21:54:46.677+0700] {dag.py:3947} INFO - Setting next_dagrun for example_branch_datetime_operator_2 to 2024-07-26 00:00:00+00:00, run_after=2024-07-27 00:00:00+00:00
[2024-07-27T21:54:46.680+0700] {logging_mixin.py:188} INFO - [2024-07-27T21:54:46.680+0700] {dag.py:3947} INFO - Setting next_dagrun for example_branch_datetime_operator_3 to 2024-07-26 00:00:00+00:00, run_after=2024-07-27 00:00:00+00:00
[2024-07-27T21:54:46.710+0700] {processor.py:183} INFO - Processing /usr/local/lib/python3.10/dist-packages/airflow/example_dags/example_branch_datetime_operator.py took 0.089 seconds
[2024-07-27T21:55:35.383+0700] {processor.py:161} INFO - Started process (PID=16485) to work on /usr/local/lib/python3.10/dist-packages/airflow/example_dags/example_branch_datetime_operator.py
[2024-07-27T21:55:35.385+0700] {processor.py:830} INFO - Processing file /usr/local/lib/python3.10/dist-packages/airflow/example_dags/example_branch_datetime_operator.py for tasks to queue
[2024-07-27T21:55:35.386+0700] {logging_mixin.py:188} INFO - [2024-07-27T21:55:35.386+0700] {dagbag.py:545} INFO - Filling up the DagBag from /usr/local/lib/python3.10/dist-packages/airflow/example_dags/example_branch_datetime_operator.py
[2024-07-27T21:55:35.396+0700] {processor.py:840} INFO - DAG(s) 'example_branch_datetime_operator_3', 'example_branch_datetime_operator', 'example_branch_datetime_operator_2' retrieved from /usr/local/lib/python3.10/dist-packages/airflow/example_dags/example_branch_datetime_operator.py
[2024-07-27T21:55:35.422+0700] {logging_mixin.py:188} INFO - [2024-07-27T21:55:35.422+0700] {dag.py:3089} INFO - Sync 3 DAGs
[2024-07-27T21:55:35.439+0700] {logging_mixin.py:188} INFO - [2024-07-27T21:55:35.438+0700] {dag.py:3947} INFO - Setting next_dagrun for example_branch_datetime_operator to 2024-07-26 00:00:00+00:00, run_after=2024-07-27 00:00:00+00:00
[2024-07-27T21:55:35.442+0700] {logging_mixin.py:188} INFO - [2024-07-27T21:55:35.442+0700] {dag.py:3947} INFO - Setting next_dagrun for example_branch_datetime_operator_2 to 2024-07-26 00:00:00+00:00, run_after=2024-07-27 00:00:00+00:00
[2024-07-27T21:55:35.445+0700] {logging_mixin.py:188} INFO - [2024-07-27T21:55:35.445+0700] {dag.py:3947} INFO - Setting next_dagrun for example_branch_datetime_operator_3 to 2024-07-26 00:00:00+00:00, run_after=2024-07-27 00:00:00+00:00
[2024-07-27T21:55:35.477+0700] {processor.py:183} INFO - Processing /usr/local/lib/python3.10/dist-packages/airflow/example_dags/example_branch_datetime_operator.py took 0.099 seconds
[2024-07-27T21:58:11.084+0700] {processor.py:161} INFO - Started process (PID=18603) to work on /usr/local/lib/python3.10/dist-packages/airflow/example_dags/example_branch_datetime_operator.py
[2024-07-27T21:58:11.089+0700] {processor.py:830} INFO - Processing file /usr/local/lib/python3.10/dist-packages/airflow/example_dags/example_branch_datetime_operator.py for tasks to queue
[2024-07-27T21:58:11.090+0700] {logging_mixin.py:188} INFO - [2024-07-27T21:58:11.090+0700] {dagbag.py:545} INFO - Filling up the DagBag from /usr/local/lib/python3.10/dist-packages/airflow/example_dags/example_branch_datetime_operator.py
[2024-07-27T21:58:11.098+0700] {processor.py:840} INFO - DAG(s) 'example_branch_datetime_operator_2', 'example_branch_datetime_operator', 'example_branch_datetime_operator_3' retrieved from /usr/local/lib/python3.10/dist-packages/airflow/example_dags/example_branch_datetime_operator.py
[2024-07-27T21:58:11.122+0700] {logging_mixin.py:188} INFO - [2024-07-27T21:58:11.122+0700] {dag.py:3089} INFO - Sync 3 DAGs
[2024-07-27T21:58:11.136+0700] {logging_mixin.py:188} INFO - [2024-07-27T21:58:11.136+0700] {dag.py:3947} INFO - Setting next_dagrun for example_branch_datetime_operator to 2024-07-26 00:00:00+00:00, run_after=2024-07-27 00:00:00+00:00
[2024-07-27T21:58:11.139+0700] {logging_mixin.py:188} INFO - [2024-07-27T21:58:11.139+0700] {dag.py:3947} INFO - Setting next_dagrun for example_branch_datetime_operator_2 to 2024-07-26 00:00:00+00:00, run_after=2024-07-27 00:00:00+00:00
[2024-07-27T21:58:11.141+0700] {logging_mixin.py:188} INFO - [2024-07-27T21:58:11.141+0700] {dag.py:3947} INFO - Setting next_dagrun for example_branch_datetime_operator_3 to 2024-07-26 00:00:00+00:00, run_after=2024-07-27 00:00:00+00:00
[2024-07-27T21:58:11.172+0700] {processor.py:183} INFO - Processing /usr/local/lib/python3.10/dist-packages/airflow/example_dags/example_branch_datetime_operator.py took 0.092 seconds
[2024-07-27T21:59:01.636+0700] {processor.py:161} INFO - Started process (PID=18997) to work on /usr/local/lib/python3.10/dist-packages/airflow/example_dags/example_branch_datetime_operator.py
[2024-07-27T21:59:01.638+0700] {processor.py:830} INFO - Processing file /usr/local/lib/python3.10/dist-packages/airflow/example_dags/example_branch_datetime_operator.py for tasks to queue
[2024-07-27T21:59:01.639+0700] {logging_mixin.py:188} INFO - [2024-07-27T21:59:01.639+0700] {dagbag.py:545} INFO - Filling up the DagBag from /usr/local/lib/python3.10/dist-packages/airflow/example_dags/example_branch_datetime_operator.py
[2024-07-27T21:59:01.646+0700] {processor.py:840} INFO - DAG(s) 'example_branch_datetime_operator', 'example_branch_datetime_operator_3', 'example_branch_datetime_operator_2' retrieved from /usr/local/lib/python3.10/dist-packages/airflow/example_dags/example_branch_datetime_operator.py
[2024-07-27T21:59:01.663+0700] {logging_mixin.py:188} INFO - [2024-07-27T21:59:01.662+0700] {dag.py:3089} INFO - Sync 3 DAGs
[2024-07-27T21:59:01.677+0700] {logging_mixin.py:188} INFO - [2024-07-27T21:59:01.677+0700] {dag.py:3947} INFO - Setting next_dagrun for example_branch_datetime_operator to 2024-07-26 00:00:00+00:00, run_after=2024-07-27 00:00:00+00:00
[2024-07-27T21:59:01.680+0700] {logging_mixin.py:188} INFO - [2024-07-27T21:59:01.680+0700] {dag.py:3947} INFO - Setting next_dagrun for example_branch_datetime_operator_2 to 2024-07-26 00:00:00+00:00, run_after=2024-07-27 00:00:00+00:00
[2024-07-27T21:59:01.682+0700] {logging_mixin.py:188} INFO - [2024-07-27T21:59:01.682+0700] {dag.py:3947} INFO - Setting next_dagrun for example_branch_datetime_operator_3 to 2024-07-26 00:00:00+00:00, run_after=2024-07-27 00:00:00+00:00
[2024-07-27T21:59:01.701+0700] {processor.py:183} INFO - Processing /usr/local/lib/python3.10/dist-packages/airflow/example_dags/example_branch_datetime_operator.py took 0.070 seconds
[2024-07-27T21:59:54.420+0700] {processor.py:161} INFO - Started process (PID=19536) to work on /usr/local/lib/python3.10/dist-packages/airflow/example_dags/example_branch_datetime_operator.py
[2024-07-27T21:59:54.421+0700] {processor.py:830} INFO - Processing file /usr/local/lib/python3.10/dist-packages/airflow/example_dags/example_branch_datetime_operator.py for tasks to queue
[2024-07-27T21:59:54.422+0700] {logging_mixin.py:188} INFO - [2024-07-27T21:59:54.421+0700] {dagbag.py:545} INFO - Filling up the DagBag from /usr/local/lib/python3.10/dist-packages/airflow/example_dags/example_branch_datetime_operator.py
[2024-07-27T21:59:54.431+0700] {processor.py:840} INFO - DAG(s) 'example_branch_datetime_operator_2', 'example_branch_datetime_operator_3', 'example_branch_datetime_operator' retrieved from /usr/local/lib/python3.10/dist-packages/airflow/example_dags/example_branch_datetime_operator.py
[2024-07-27T21:59:54.456+0700] {logging_mixin.py:188} INFO - [2024-07-27T21:59:54.456+0700] {dag.py:3089} INFO - Sync 3 DAGs
[2024-07-27T21:59:54.477+0700] {logging_mixin.py:188} INFO - [2024-07-27T21:59:54.477+0700] {dag.py:3947} INFO - Setting next_dagrun for example_branch_datetime_operator to 2024-07-26 00:00:00+00:00, run_after=2024-07-27 00:00:00+00:00
[2024-07-27T21:59:54.481+0700] {logging_mixin.py:188} INFO - [2024-07-27T21:59:54.481+0700] {dag.py:3947} INFO - Setting next_dagrun for example_branch_datetime_operator_2 to 2024-07-26 00:00:00+00:00, run_after=2024-07-27 00:00:00+00:00
[2024-07-27T21:59:54.483+0700] {logging_mixin.py:188} INFO - [2024-07-27T21:59:54.483+0700] {dag.py:3947} INFO - Setting next_dagrun for example_branch_datetime_operator_3 to 2024-07-26 00:00:00+00:00, run_after=2024-07-27 00:00:00+00:00
[2024-07-27T21:59:54.513+0700] {processor.py:183} INFO - Processing /usr/local/lib/python3.10/dist-packages/airflow/example_dags/example_branch_datetime_operator.py took 0.099 seconds
[2024-07-27T22:00:41.065+0700] {processor.py:161} INFO - Started process (PID=19897) to work on /usr/local/lib/python3.10/dist-packages/airflow/example_dags/example_branch_datetime_operator.py
[2024-07-27T22:00:41.067+0700] {processor.py:830} INFO - Processing file /usr/local/lib/python3.10/dist-packages/airflow/example_dags/example_branch_datetime_operator.py for tasks to queue
[2024-07-27T22:00:41.072+0700] {logging_mixin.py:188} INFO - [2024-07-27T22:00:41.068+0700] {dagbag.py:545} INFO - Filling up the DagBag from /usr/local/lib/python3.10/dist-packages/airflow/example_dags/example_branch_datetime_operator.py
[2024-07-27T22:00:41.084+0700] {processor.py:840} INFO - DAG(s) 'example_branch_datetime_operator', 'example_branch_datetime_operator_3', 'example_branch_datetime_operator_2' retrieved from /usr/local/lib/python3.10/dist-packages/airflow/example_dags/example_branch_datetime_operator.py
[2024-07-27T22:00:41.112+0700] {logging_mixin.py:188} INFO - [2024-07-27T22:00:41.112+0700] {dag.py:3089} INFO - Sync 3 DAGs
[2024-07-27T22:00:41.139+0700] {logging_mixin.py:188} INFO - [2024-07-27T22:00:41.138+0700] {dag.py:3947} INFO - Setting next_dagrun for example_branch_datetime_operator to 2024-07-26 00:00:00+00:00, run_after=2024-07-27 00:00:00+00:00
[2024-07-27T22:00:41.143+0700] {logging_mixin.py:188} INFO - [2024-07-27T22:00:41.143+0700] {dag.py:3947} INFO - Setting next_dagrun for example_branch_datetime_operator_2 to 2024-07-26 00:00:00+00:00, run_after=2024-07-27 00:00:00+00:00
[2024-07-27T22:00:41.146+0700] {logging_mixin.py:188} INFO - [2024-07-27T22:00:41.146+0700] {dag.py:3947} INFO - Setting next_dagrun for example_branch_datetime_operator_3 to 2024-07-26 00:00:00+00:00, run_after=2024-07-27 00:00:00+00:00
[2024-07-27T22:00:41.186+0700] {processor.py:183} INFO - Processing /usr/local/lib/python3.10/dist-packages/airflow/example_dags/example_branch_datetime_operator.py took 0.129 seconds
[2024-07-27T22:01:31.928+0700] {processor.py:161} INFO - Started process (PID=20291) to work on /usr/local/lib/python3.10/dist-packages/airflow/example_dags/example_branch_datetime_operator.py
[2024-07-27T22:01:31.931+0700] {processor.py:830} INFO - Processing file /usr/local/lib/python3.10/dist-packages/airflow/example_dags/example_branch_datetime_operator.py for tasks to queue
[2024-07-27T22:01:31.932+0700] {logging_mixin.py:188} INFO - [2024-07-27T22:01:31.932+0700] {dagbag.py:545} INFO - Filling up the DagBag from /usr/local/lib/python3.10/dist-packages/airflow/example_dags/example_branch_datetime_operator.py
[2024-07-27T22:01:31.946+0700] {processor.py:840} INFO - DAG(s) 'example_branch_datetime_operator_3', 'example_branch_datetime_operator_2', 'example_branch_datetime_operator' retrieved from /usr/local/lib/python3.10/dist-packages/airflow/example_dags/example_branch_datetime_operator.py
[2024-07-27T22:01:31.991+0700] {logging_mixin.py:188} INFO - [2024-07-27T22:01:31.990+0700] {dag.py:3089} INFO - Sync 3 DAGs
[2024-07-27T22:01:32.011+0700] {logging_mixin.py:188} INFO - [2024-07-27T22:01:32.011+0700] {dag.py:3947} INFO - Setting next_dagrun for example_branch_datetime_operator to 2024-07-26 00:00:00+00:00, run_after=2024-07-27 00:00:00+00:00
[2024-07-27T22:01:32.016+0700] {logging_mixin.py:188} INFO - [2024-07-27T22:01:32.015+0700] {dag.py:3947} INFO - Setting next_dagrun for example_branch_datetime_operator_2 to 2024-07-26 00:00:00+00:00, run_after=2024-07-27 00:00:00+00:00
[2024-07-27T22:01:32.019+0700] {logging_mixin.py:188} INFO - [2024-07-27T22:01:32.019+0700] {dag.py:3947} INFO - Setting next_dagrun for example_branch_datetime_operator_3 to 2024-07-26 00:00:00+00:00, run_after=2024-07-27 00:00:00+00:00
[2024-07-27T22:01:32.068+0700] {processor.py:183} INFO - Processing /usr/local/lib/python3.10/dist-packages/airflow/example_dags/example_branch_datetime_operator.py took 0.150 seconds
[2024-07-27T22:02:13.135+0700] {processor.py:161} INFO - Started process (PID=20755) to work on /usr/local/lib/python3.10/dist-packages/airflow/example_dags/example_branch_datetime_operator.py
[2024-07-27T22:02:13.137+0700] {processor.py:830} INFO - Processing file /usr/local/lib/python3.10/dist-packages/airflow/example_dags/example_branch_datetime_operator.py for tasks to queue
[2024-07-27T22:02:13.138+0700] {logging_mixin.py:188} INFO - [2024-07-27T22:02:13.137+0700] {dagbag.py:545} INFO - Filling up the DagBag from /usr/local/lib/python3.10/dist-packages/airflow/example_dags/example_branch_datetime_operator.py
[2024-07-27T22:02:13.146+0700] {processor.py:840} INFO - DAG(s) 'example_branch_datetime_operator_3', 'example_branch_datetime_operator_2', 'example_branch_datetime_operator' retrieved from /usr/local/lib/python3.10/dist-packages/airflow/example_dags/example_branch_datetime_operator.py
[2024-07-27T22:02:13.165+0700] {logging_mixin.py:188} INFO - [2024-07-27T22:02:13.165+0700] {dag.py:3089} INFO - Sync 3 DAGs
[2024-07-27T22:02:13.180+0700] {logging_mixin.py:188} INFO - [2024-07-27T22:02:13.180+0700] {dag.py:3947} INFO - Setting next_dagrun for example_branch_datetime_operator to 2024-07-26 00:00:00+00:00, run_after=2024-07-27 00:00:00+00:00
[2024-07-27T22:02:13.183+0700] {logging_mixin.py:188} INFO - [2024-07-27T22:02:13.183+0700] {dag.py:3947} INFO - Setting next_dagrun for example_branch_datetime_operator_2 to 2024-07-26 00:00:00+00:00, run_after=2024-07-27 00:00:00+00:00
[2024-07-27T22:02:13.186+0700] {logging_mixin.py:188} INFO - [2024-07-27T22:02:13.185+0700] {dag.py:3947} INFO - Setting next_dagrun for example_branch_datetime_operator_3 to 2024-07-26 00:00:00+00:00, run_after=2024-07-27 00:00:00+00:00
[2024-07-27T22:02:13.215+0700] {processor.py:183} INFO - Processing /usr/local/lib/python3.10/dist-packages/airflow/example_dags/example_branch_datetime_operator.py took 0.084 seconds
[2024-07-27T22:02:57.172+0700] {processor.py:161} INFO - Started process (PID=21197) to work on /usr/local/lib/python3.10/dist-packages/airflow/example_dags/example_branch_datetime_operator.py
[2024-07-27T22:02:57.174+0700] {processor.py:830} INFO - Processing file /usr/local/lib/python3.10/dist-packages/airflow/example_dags/example_branch_datetime_operator.py for tasks to queue
[2024-07-27T22:02:57.175+0700] {logging_mixin.py:188} INFO - [2024-07-27T22:02:57.174+0700] {dagbag.py:545} INFO - Filling up the DagBag from /usr/local/lib/python3.10/dist-packages/airflow/example_dags/example_branch_datetime_operator.py
[2024-07-27T22:02:57.183+0700] {processor.py:840} INFO - DAG(s) 'example_branch_datetime_operator', 'example_branch_datetime_operator_2', 'example_branch_datetime_operator_3' retrieved from /usr/local/lib/python3.10/dist-packages/airflow/example_dags/example_branch_datetime_operator.py
[2024-07-27T22:02:57.201+0700] {logging_mixin.py:188} INFO - [2024-07-27T22:02:57.200+0700] {dag.py:3089} INFO - Sync 3 DAGs
[2024-07-27T22:02:57.215+0700] {logging_mixin.py:188} INFO - [2024-07-27T22:02:57.215+0700] {dag.py:3947} INFO - Setting next_dagrun for example_branch_datetime_operator to 2024-07-26 00:00:00+00:00, run_after=2024-07-27 00:00:00+00:00
[2024-07-27T22:02:57.218+0700] {logging_mixin.py:188} INFO - [2024-07-27T22:02:57.218+0700] {dag.py:3947} INFO - Setting next_dagrun for example_branch_datetime_operator_2 to 2024-07-26 00:00:00+00:00, run_after=2024-07-27 00:00:00+00:00
[2024-07-27T22:02:57.220+0700] {logging_mixin.py:188} INFO - [2024-07-27T22:02:57.220+0700] {dag.py:3947} INFO - Setting next_dagrun for example_branch_datetime_operator_3 to 2024-07-26 00:00:00+00:00, run_after=2024-07-27 00:00:00+00:00
[2024-07-27T22:02:57.249+0700] {processor.py:183} INFO - Processing /usr/local/lib/python3.10/dist-packages/airflow/example_dags/example_branch_datetime_operator.py took 0.081 seconds
[2024-07-27T22:03:41.034+0700] {processor.py:161} INFO - Started process (PID=21540) to work on /usr/local/lib/python3.10/dist-packages/airflow/example_dags/example_branch_datetime_operator.py
[2024-07-27T22:03:41.035+0700] {processor.py:830} INFO - Processing file /usr/local/lib/python3.10/dist-packages/airflow/example_dags/example_branch_datetime_operator.py for tasks to queue
[2024-07-27T22:03:41.036+0700] {logging_mixin.py:188} INFO - [2024-07-27T22:03:41.036+0700] {dagbag.py:545} INFO - Filling up the DagBag from /usr/local/lib/python3.10/dist-packages/airflow/example_dags/example_branch_datetime_operator.py
[2024-07-27T22:03:41.044+0700] {processor.py:840} INFO - DAG(s) 'example_branch_datetime_operator_2', 'example_branch_datetime_operator_3', 'example_branch_datetime_operator' retrieved from /usr/local/lib/python3.10/dist-packages/airflow/example_dags/example_branch_datetime_operator.py
[2024-07-27T22:03:41.060+0700] {logging_mixin.py:188} INFO - [2024-07-27T22:03:41.060+0700] {dag.py:3089} INFO - Sync 3 DAGs
[2024-07-27T22:03:41.074+0700] {logging_mixin.py:188} INFO - [2024-07-27T22:03:41.074+0700] {dag.py:3947} INFO - Setting next_dagrun for example_branch_datetime_operator to 2024-07-26 00:00:00+00:00, run_after=2024-07-27 00:00:00+00:00
[2024-07-27T22:03:41.080+0700] {logging_mixin.py:188} INFO - [2024-07-27T22:03:41.079+0700] {dag.py:3947} INFO - Setting next_dagrun for example_branch_datetime_operator_2 to 2024-07-26 00:00:00+00:00, run_after=2024-07-27 00:00:00+00:00
[2024-07-27T22:03:41.083+0700] {logging_mixin.py:188} INFO - [2024-07-27T22:03:41.083+0700] {dag.py:3947} INFO - Setting next_dagrun for example_branch_datetime_operator_3 to 2024-07-26 00:00:00+00:00, run_after=2024-07-27 00:00:00+00:00
[2024-07-27T22:03:41.112+0700] {processor.py:183} INFO - Processing /usr/local/lib/python3.10/dist-packages/airflow/example_dags/example_branch_datetime_operator.py took 0.084 seconds
[2024-07-27T22:04:23.175+0700] {processor.py:161} INFO - Started process (PID=21972) to work on /usr/local/lib/python3.10/dist-packages/airflow/example_dags/example_branch_datetime_operator.py
[2024-07-27T22:04:23.178+0700] {processor.py:830} INFO - Processing file /usr/local/lib/python3.10/dist-packages/airflow/example_dags/example_branch_datetime_operator.py for tasks to queue
[2024-07-27T22:04:23.179+0700] {logging_mixin.py:188} INFO - [2024-07-27T22:04:23.178+0700] {dagbag.py:545} INFO - Filling up the DagBag from /usr/local/lib/python3.10/dist-packages/airflow/example_dags/example_branch_datetime_operator.py
[2024-07-27T22:04:23.188+0700] {processor.py:840} INFO - DAG(s) 'example_branch_datetime_operator', 'example_branch_datetime_operator_3', 'example_branch_datetime_operator_2' retrieved from /usr/local/lib/python3.10/dist-packages/airflow/example_dags/example_branch_datetime_operator.py
[2024-07-27T22:04:23.208+0700] {logging_mixin.py:188} INFO - [2024-07-27T22:04:23.208+0700] {dag.py:3089} INFO - Sync 3 DAGs
[2024-07-27T22:04:23.223+0700] {logging_mixin.py:188} INFO - [2024-07-27T22:04:23.222+0700] {dag.py:3947} INFO - Setting next_dagrun for example_branch_datetime_operator to 2024-07-26 00:00:00+00:00, run_after=2024-07-27 00:00:00+00:00
[2024-07-27T22:04:23.226+0700] {logging_mixin.py:188} INFO - [2024-07-27T22:04:23.226+0700] {dag.py:3947} INFO - Setting next_dagrun for example_branch_datetime_operator_2 to 2024-07-26 00:00:00+00:00, run_after=2024-07-27 00:00:00+00:00
[2024-07-27T22:04:23.228+0700] {logging_mixin.py:188} INFO - [2024-07-27T22:04:23.228+0700] {dag.py:3947} INFO - Setting next_dagrun for example_branch_datetime_operator_3 to 2024-07-26 00:00:00+00:00, run_after=2024-07-27 00:00:00+00:00
[2024-07-27T22:04:23.261+0700] {processor.py:183} INFO - Processing /usr/local/lib/python3.10/dist-packages/airflow/example_dags/example_branch_datetime_operator.py took 0.090 seconds
[2024-07-27T22:05:09.559+0700] {processor.py:161} INFO - Started process (PID=22517) to work on /usr/local/lib/python3.10/dist-packages/airflow/example_dags/example_branch_datetime_operator.py
[2024-07-27T22:05:09.561+0700] {processor.py:830} INFO - Processing file /usr/local/lib/python3.10/dist-packages/airflow/example_dags/example_branch_datetime_operator.py for tasks to queue
[2024-07-27T22:05:09.562+0700] {logging_mixin.py:188} INFO - [2024-07-27T22:05:09.562+0700] {dagbag.py:545} INFO - Filling up the DagBag from /usr/local/lib/python3.10/dist-packages/airflow/example_dags/example_branch_datetime_operator.py
[2024-07-27T22:05:09.570+0700] {processor.py:840} INFO - DAG(s) 'example_branch_datetime_operator_2', 'example_branch_datetime_operator', 'example_branch_datetime_operator_3' retrieved from /usr/local/lib/python3.10/dist-packages/airflow/example_dags/example_branch_datetime_operator.py
[2024-07-27T22:05:09.586+0700] {logging_mixin.py:188} INFO - [2024-07-27T22:05:09.586+0700] {dag.py:3089} INFO - Sync 3 DAGs
[2024-07-27T22:05:09.601+0700] {logging_mixin.py:188} INFO - [2024-07-27T22:05:09.601+0700] {dag.py:3947} INFO - Setting next_dagrun for example_branch_datetime_operator to 2024-07-26 00:00:00+00:00, run_after=2024-07-27 00:00:00+00:00
[2024-07-27T22:05:09.605+0700] {logging_mixin.py:188} INFO - [2024-07-27T22:05:09.604+0700] {dag.py:3947} INFO - Setting next_dagrun for example_branch_datetime_operator_2 to 2024-07-26 00:00:00+00:00, run_after=2024-07-27 00:00:00+00:00
[2024-07-27T22:05:09.607+0700] {logging_mixin.py:188} INFO - [2024-07-27T22:05:09.607+0700] {dag.py:3947} INFO - Setting next_dagrun for example_branch_datetime_operator_3 to 2024-07-26 00:00:00+00:00, run_after=2024-07-27 00:00:00+00:00
[2024-07-27T22:05:09.638+0700] {processor.py:183} INFO - Processing /usr/local/lib/python3.10/dist-packages/airflow/example_dags/example_branch_datetime_operator.py took 0.083 seconds
[2024-07-27T22:05:51.023+0700] {processor.py:161} INFO - Started process (PID=22876) to work on /usr/local/lib/python3.10/dist-packages/airflow/example_dags/example_branch_datetime_operator.py
[2024-07-27T22:05:51.024+0700] {processor.py:830} INFO - Processing file /usr/local/lib/python3.10/dist-packages/airflow/example_dags/example_branch_datetime_operator.py for tasks to queue
[2024-07-27T22:05:51.025+0700] {logging_mixin.py:188} INFO - [2024-07-27T22:05:51.025+0700] {dagbag.py:545} INFO - Filling up the DagBag from /usr/local/lib/python3.10/dist-packages/airflow/example_dags/example_branch_datetime_operator.py
[2024-07-27T22:05:51.033+0700] {processor.py:840} INFO - DAG(s) 'example_branch_datetime_operator', 'example_branch_datetime_operator_2', 'example_branch_datetime_operator_3' retrieved from /usr/local/lib/python3.10/dist-packages/airflow/example_dags/example_branch_datetime_operator.py
[2024-07-27T22:05:51.050+0700] {logging_mixin.py:188} INFO - [2024-07-27T22:05:51.050+0700] {dag.py:3089} INFO - Sync 3 DAGs
[2024-07-27T22:05:51.065+0700] {logging_mixin.py:188} INFO - [2024-07-27T22:05:51.065+0700] {dag.py:3947} INFO - Setting next_dagrun for example_branch_datetime_operator to 2024-07-26 00:00:00+00:00, run_after=2024-07-27 00:00:00+00:00
[2024-07-27T22:05:51.069+0700] {logging_mixin.py:188} INFO - [2024-07-27T22:05:51.068+0700] {dag.py:3947} INFO - Setting next_dagrun for example_branch_datetime_operator_2 to 2024-07-26 00:00:00+00:00, run_after=2024-07-27 00:00:00+00:00
[2024-07-27T22:05:51.071+0700] {logging_mixin.py:188} INFO - [2024-07-27T22:05:51.070+0700] {dag.py:3947} INFO - Setting next_dagrun for example_branch_datetime_operator_3 to 2024-07-26 00:00:00+00:00, run_after=2024-07-27 00:00:00+00:00
[2024-07-27T22:05:51.099+0700] {processor.py:183} INFO - Processing /usr/local/lib/python3.10/dist-packages/airflow/example_dags/example_branch_datetime_operator.py took 0.080 seconds
[2024-07-27T22:06:35.093+0700] {processor.py:161} INFO - Started process (PID=23526) to work on /usr/local/lib/python3.10/dist-packages/airflow/example_dags/example_branch_datetime_operator.py
[2024-07-27T22:06:35.094+0700] {processor.py:830} INFO - Processing file /usr/local/lib/python3.10/dist-packages/airflow/example_dags/example_branch_datetime_operator.py for tasks to queue
[2024-07-27T22:06:35.095+0700] {logging_mixin.py:188} INFO - [2024-07-27T22:06:35.095+0700] {dagbag.py:545} INFO - Filling up the DagBag from /usr/local/lib/python3.10/dist-packages/airflow/example_dags/example_branch_datetime_operator.py
[2024-07-27T22:06:35.103+0700] {processor.py:840} INFO - DAG(s) 'example_branch_datetime_operator_2', 'example_branch_datetime_operator_3', 'example_branch_datetime_operator' retrieved from /usr/local/lib/python3.10/dist-packages/airflow/example_dags/example_branch_datetime_operator.py
[2024-07-27T22:06:35.123+0700] {logging_mixin.py:188} INFO - [2024-07-27T22:06:35.122+0700] {dag.py:3089} INFO - Sync 3 DAGs
[2024-07-27T22:06:35.138+0700] {logging_mixin.py:188} INFO - [2024-07-27T22:06:35.137+0700] {dag.py:3947} INFO - Setting next_dagrun for example_branch_datetime_operator to 2024-07-26 00:00:00+00:00, run_after=2024-07-27 00:00:00+00:00
[2024-07-27T22:06:35.141+0700] {logging_mixin.py:188} INFO - [2024-07-27T22:06:35.141+0700] {dag.py:3947} INFO - Setting next_dagrun for example_branch_datetime_operator_2 to 2024-07-26 00:00:00+00:00, run_after=2024-07-27 00:00:00+00:00
[2024-07-27T22:06:35.143+0700] {logging_mixin.py:188} INFO - [2024-07-27T22:06:35.143+0700] {dag.py:3947} INFO - Setting next_dagrun for example_branch_datetime_operator_3 to 2024-07-26 00:00:00+00:00, run_after=2024-07-27 00:00:00+00:00
[2024-07-27T22:06:35.172+0700] {processor.py:183} INFO - Processing /usr/local/lib/python3.10/dist-packages/airflow/example_dags/example_branch_datetime_operator.py took 0.084 seconds
[2024-07-27T22:07:23.897+0700] {processor.py:161} INFO - Started process (PID=23912) to work on /usr/local/lib/python3.10/dist-packages/airflow/example_dags/example_branch_datetime_operator.py
[2024-07-27T22:07:23.899+0700] {processor.py:830} INFO - Processing file /usr/local/lib/python3.10/dist-packages/airflow/example_dags/example_branch_datetime_operator.py for tasks to queue
[2024-07-27T22:07:23.900+0700] {logging_mixin.py:188} INFO - [2024-07-27T22:07:23.900+0700] {dagbag.py:545} INFO - Filling up the DagBag from /usr/local/lib/python3.10/dist-packages/airflow/example_dags/example_branch_datetime_operator.py
[2024-07-27T22:07:23.907+0700] {processor.py:840} INFO - DAG(s) 'example_branch_datetime_operator', 'example_branch_datetime_operator_2', 'example_branch_datetime_operator_3' retrieved from /usr/local/lib/python3.10/dist-packages/airflow/example_dags/example_branch_datetime_operator.py
[2024-07-27T22:07:23.925+0700] {logging_mixin.py:188} INFO - [2024-07-27T22:07:23.925+0700] {dag.py:3089} INFO - Sync 3 DAGs
[2024-07-27T22:07:23.939+0700] {logging_mixin.py:188} INFO - [2024-07-27T22:07:23.939+0700] {dag.py:3947} INFO - Setting next_dagrun for example_branch_datetime_operator to 2024-07-26 00:00:00+00:00, run_after=2024-07-27 00:00:00+00:00
[2024-07-27T22:07:23.942+0700] {logging_mixin.py:188} INFO - [2024-07-27T22:07:23.942+0700] {dag.py:3947} INFO - Setting next_dagrun for example_branch_datetime_operator_2 to 2024-07-26 00:00:00+00:00, run_after=2024-07-27 00:00:00+00:00
[2024-07-27T22:07:23.944+0700] {logging_mixin.py:188} INFO - [2024-07-27T22:07:23.944+0700] {dag.py:3947} INFO - Setting next_dagrun for example_branch_datetime_operator_3 to 2024-07-26 00:00:00+00:00, run_after=2024-07-27 00:00:00+00:00
[2024-07-27T22:07:23.971+0700] {processor.py:183} INFO - Processing /usr/local/lib/python3.10/dist-packages/airflow/example_dags/example_branch_datetime_operator.py took 0.079 seconds
[2024-07-27T22:08:05.733+0700] {processor.py:161} INFO - Started process (PID=24338) to work on /usr/local/lib/python3.10/dist-packages/airflow/example_dags/example_branch_datetime_operator.py
[2024-07-27T22:08:05.735+0700] {processor.py:830} INFO - Processing file /usr/local/lib/python3.10/dist-packages/airflow/example_dags/example_branch_datetime_operator.py for tasks to queue
[2024-07-27T22:08:05.735+0700] {logging_mixin.py:188} INFO - [2024-07-27T22:08:05.735+0700] {dagbag.py:545} INFO - Filling up the DagBag from /usr/local/lib/python3.10/dist-packages/airflow/example_dags/example_branch_datetime_operator.py
[2024-07-27T22:08:05.743+0700] {processor.py:840} INFO - DAG(s) 'example_branch_datetime_operator_3', 'example_branch_datetime_operator', 'example_branch_datetime_operator_2' retrieved from /usr/local/lib/python3.10/dist-packages/airflow/example_dags/example_branch_datetime_operator.py
[2024-07-27T22:08:05.761+0700] {logging_mixin.py:188} INFO - [2024-07-27T22:08:05.761+0700] {dag.py:3089} INFO - Sync 3 DAGs
[2024-07-27T22:08:05.775+0700] {logging_mixin.py:188} INFO - [2024-07-27T22:08:05.775+0700] {dag.py:3947} INFO - Setting next_dagrun for example_branch_datetime_operator to 2024-07-26 00:00:00+00:00, run_after=2024-07-27 00:00:00+00:00
[2024-07-27T22:08:05.778+0700] {logging_mixin.py:188} INFO - [2024-07-27T22:08:05.778+0700] {dag.py:3947} INFO - Setting next_dagrun for example_branch_datetime_operator_2 to 2024-07-26 00:00:00+00:00, run_after=2024-07-27 00:00:00+00:00
[2024-07-27T22:08:05.780+0700] {logging_mixin.py:188} INFO - [2024-07-27T22:08:05.780+0700] {dag.py:3947} INFO - Setting next_dagrun for example_branch_datetime_operator_3 to 2024-07-26 00:00:00+00:00, run_after=2024-07-27 00:00:00+00:00
[2024-07-27T22:08:05.809+0700] {processor.py:183} INFO - Processing /usr/local/lib/python3.10/dist-packages/airflow/example_dags/example_branch_datetime_operator.py took 0.081 seconds
[2024-07-27T22:08:47.106+0700] {processor.py:161} INFO - Started process (PID=24852) to work on /usr/local/lib/python3.10/dist-packages/airflow/example_dags/example_branch_datetime_operator.py
[2024-07-27T22:08:47.108+0700] {processor.py:830} INFO - Processing file /usr/local/lib/python3.10/dist-packages/airflow/example_dags/example_branch_datetime_operator.py for tasks to queue
[2024-07-27T22:08:47.109+0700] {logging_mixin.py:188} INFO - [2024-07-27T22:08:47.109+0700] {dagbag.py:545} INFO - Filling up the DagBag from /usr/local/lib/python3.10/dist-packages/airflow/example_dags/example_branch_datetime_operator.py
[2024-07-27T22:08:47.117+0700] {processor.py:840} INFO - DAG(s) 'example_branch_datetime_operator_2', 'example_branch_datetime_operator', 'example_branch_datetime_operator_3' retrieved from /usr/local/lib/python3.10/dist-packages/airflow/example_dags/example_branch_datetime_operator.py
[2024-07-27T22:08:47.134+0700] {logging_mixin.py:188} INFO - [2024-07-27T22:08:47.133+0700] {dag.py:3089} INFO - Sync 3 DAGs
[2024-07-27T22:08:47.149+0700] {logging_mixin.py:188} INFO - [2024-07-27T22:08:47.149+0700] {dag.py:3947} INFO - Setting next_dagrun for example_branch_datetime_operator to 2024-07-26 00:00:00+00:00, run_after=2024-07-27 00:00:00+00:00
[2024-07-27T22:08:47.152+0700] {logging_mixin.py:188} INFO - [2024-07-27T22:08:47.152+0700] {dag.py:3947} INFO - Setting next_dagrun for example_branch_datetime_operator_2 to 2024-07-26 00:00:00+00:00, run_after=2024-07-27 00:00:00+00:00
[2024-07-27T22:08:47.154+0700] {logging_mixin.py:188} INFO - [2024-07-27T22:08:47.154+0700] {dag.py:3947} INFO - Setting next_dagrun for example_branch_datetime_operator_3 to 2024-07-26 00:00:00+00:00, run_after=2024-07-27 00:00:00+00:00
[2024-07-27T22:08:47.183+0700] {processor.py:183} INFO - Processing /usr/local/lib/python3.10/dist-packages/airflow/example_dags/example_branch_datetime_operator.py took 0.082 seconds
[2024-07-27T22:09:28.319+0700] {processor.py:161} INFO - Started process (PID=25239) to work on /usr/local/lib/python3.10/dist-packages/airflow/example_dags/example_branch_datetime_operator.py
[2024-07-27T22:09:28.321+0700] {processor.py:830} INFO - Processing file /usr/local/lib/python3.10/dist-packages/airflow/example_dags/example_branch_datetime_operator.py for tasks to queue
[2024-07-27T22:09:28.323+0700] {logging_mixin.py:188} INFO - [2024-07-27T22:09:28.322+0700] {dagbag.py:545} INFO - Filling up the DagBag from /usr/local/lib/python3.10/dist-packages/airflow/example_dags/example_branch_datetime_operator.py
[2024-07-27T22:09:28.332+0700] {processor.py:840} INFO - DAG(s) 'example_branch_datetime_operator', 'example_branch_datetime_operator_3', 'example_branch_datetime_operator_2' retrieved from /usr/local/lib/python3.10/dist-packages/airflow/example_dags/example_branch_datetime_operator.py
[2024-07-27T22:09:28.349+0700] {logging_mixin.py:188} INFO - [2024-07-27T22:09:28.349+0700] {dag.py:3089} INFO - Sync 3 DAGs
[2024-07-27T22:09:28.364+0700] {logging_mixin.py:188} INFO - [2024-07-27T22:09:28.363+0700] {dag.py:3947} INFO - Setting next_dagrun for example_branch_datetime_operator to 2024-07-26 00:00:00+00:00, run_after=2024-07-27 00:00:00+00:00
[2024-07-27T22:09:28.367+0700] {logging_mixin.py:188} INFO - [2024-07-27T22:09:28.367+0700] {dag.py:3947} INFO - Setting next_dagrun for example_branch_datetime_operator_2 to 2024-07-26 00:00:00+00:00, run_after=2024-07-27 00:00:00+00:00
[2024-07-27T22:09:28.369+0700] {logging_mixin.py:188} INFO - [2024-07-27T22:09:28.369+0700] {dag.py:3947} INFO - Setting next_dagrun for example_branch_datetime_operator_3 to 2024-07-26 00:00:00+00:00, run_after=2024-07-27 00:00:00+00:00
[2024-07-27T22:09:28.399+0700] {processor.py:183} INFO - Processing /usr/local/lib/python3.10/dist-packages/airflow/example_dags/example_branch_datetime_operator.py took 0.085 seconds
[2024-07-27T22:10:13.092+0700] {processor.py:161} INFO - Started process (PID=25617) to work on /usr/local/lib/python3.10/dist-packages/airflow/example_dags/example_branch_datetime_operator.py
[2024-07-27T22:10:13.094+0700] {processor.py:830} INFO - Processing file /usr/local/lib/python3.10/dist-packages/airflow/example_dags/example_branch_datetime_operator.py for tasks to queue
[2024-07-27T22:10:13.095+0700] {logging_mixin.py:188} INFO - [2024-07-27T22:10:13.095+0700] {dagbag.py:545} INFO - Filling up the DagBag from /usr/local/lib/python3.10/dist-packages/airflow/example_dags/example_branch_datetime_operator.py
[2024-07-27T22:10:13.103+0700] {processor.py:840} INFO - DAG(s) 'example_branch_datetime_operator_2', 'example_branch_datetime_operator', 'example_branch_datetime_operator_3' retrieved from /usr/local/lib/python3.10/dist-packages/airflow/example_dags/example_branch_datetime_operator.py
[2024-07-27T22:10:13.122+0700] {logging_mixin.py:188} INFO - [2024-07-27T22:10:13.121+0700] {dag.py:3089} INFO - Sync 3 DAGs
[2024-07-27T22:10:13.136+0700] {logging_mixin.py:188} INFO - [2024-07-27T22:10:13.136+0700] {dag.py:3947} INFO - Setting next_dagrun for example_branch_datetime_operator to 2024-07-26 00:00:00+00:00, run_after=2024-07-27 00:00:00+00:00
[2024-07-27T22:10:13.140+0700] {logging_mixin.py:188} INFO - [2024-07-27T22:10:13.140+0700] {dag.py:3947} INFO - Setting next_dagrun for example_branch_datetime_operator_2 to 2024-07-26 00:00:00+00:00, run_after=2024-07-27 00:00:00+00:00
[2024-07-27T22:10:13.142+0700] {logging_mixin.py:188} INFO - [2024-07-27T22:10:13.142+0700] {dag.py:3947} INFO - Setting next_dagrun for example_branch_datetime_operator_3 to 2024-07-26 00:00:00+00:00, run_after=2024-07-27 00:00:00+00:00
[2024-07-27T22:10:13.169+0700] {processor.py:183} INFO - Processing /usr/local/lib/python3.10/dist-packages/airflow/example_dags/example_branch_datetime_operator.py took 0.082 seconds
