[2024-07-27T18:29:41.765+0700] {processor.py:161} INFO - Started process (PID=1393) to work on /usr/local/lib/python3.10/dist-packages/airflow/example_dags/example_sensor_decorator.py
[2024-07-27T18:29:41.766+0700] {processor.py:830} INFO - Processing file /usr/local/lib/python3.10/dist-packages/airflow/example_dags/example_sensor_decorator.py for tasks to queue
[2024-07-27T18:29:41.767+0700] {logging_mixin.py:188} INFO - [2024-07-27T18:29:41.766+0700] {dagbag.py:545} INFO - Filling up the DagBag from /usr/local/lib/python3.10/dist-packages/airflow/example_dags/example_sensor_decorator.py
[2024-07-27T18:29:41.773+0700] {processor.py:840} INFO - DAG(s) 'example_sensor_decorator' retrieved from /usr/local/lib/python3.10/dist-packages/airflow/example_dags/example_sensor_decorator.py
[2024-07-27T18:29:41.788+0700] {logging_mixin.py:188} INFO - [2024-07-27T18:29:41.788+0700] {dag.py:3089} INFO - Sync 1 DAGs
[2024-07-27T18:29:41.797+0700] {logging_mixin.py:188} INFO - [2024-07-27T18:29:41.797+0700] {dag.py:3947} INFO - Setting next_dagrun for example_sensor_decorator to None, run_after=None
[2024-07-27T18:29:41.825+0700] {processor.py:183} INFO - Processing /usr/local/lib/python3.10/dist-packages/airflow/example_dags/example_sensor_decorator.py took 0.064 seconds
[2024-07-27T18:30:30.556+0700] {processor.py:161} INFO - Started process (PID=1642) to work on /usr/local/lib/python3.10/dist-packages/airflow/example_dags/example_sensor_decorator.py
[2024-07-27T18:30:30.559+0700] {processor.py:830} INFO - Processing file /usr/local/lib/python3.10/dist-packages/airflow/example_dags/example_sensor_decorator.py for tasks to queue
[2024-07-27T18:30:30.560+0700] {logging_mixin.py:188} INFO - [2024-07-27T18:30:30.560+0700] {dagbag.py:545} INFO - Filling up the DagBag from /usr/local/lib/python3.10/dist-packages/airflow/example_dags/example_sensor_decorator.py
[2024-07-27T18:30:30.565+0700] {processor.py:840} INFO - DAG(s) 'example_sensor_decorator' retrieved from /usr/local/lib/python3.10/dist-packages/airflow/example_dags/example_sensor_decorator.py
[2024-07-27T18:30:30.576+0700] {logging_mixin.py:188} INFO - [2024-07-27T18:30:30.576+0700] {dag.py:3089} INFO - Sync 1 DAGs
[2024-07-27T18:30:30.585+0700] {logging_mixin.py:188} INFO - [2024-07-27T18:30:30.585+0700] {dag.py:3947} INFO - Setting next_dagrun for example_sensor_decorator to None, run_after=None
[2024-07-27T18:30:30.613+0700] {processor.py:183} INFO - Processing /usr/local/lib/python3.10/dist-packages/airflow/example_dags/example_sensor_decorator.py took 0.061 seconds
[2024-07-27T21:32:09.902+0700] {processor.py:161} INFO - Started process (PID=1673) to work on /usr/local/lib/python3.10/dist-packages/airflow/example_dags/example_sensor_decorator.py
[2024-07-27T21:32:09.904+0700] {processor.py:830} INFO - Processing file /usr/local/lib/python3.10/dist-packages/airflow/example_dags/example_sensor_decorator.py for tasks to queue
[2024-07-27T21:32:09.905+0700] {logging_mixin.py:188} INFO - [2024-07-27T21:32:09.905+0700] {dagbag.py:545} INFO - Filling up the DagBag from /usr/local/lib/python3.10/dist-packages/airflow/example_dags/example_sensor_decorator.py
[2024-07-27T21:32:09.912+0700] {processor.py:840} INFO - DAG(s) 'example_sensor_decorator' retrieved from /usr/local/lib/python3.10/dist-packages/airflow/example_dags/example_sensor_decorator.py
[2024-07-27T21:32:09.927+0700] {logging_mixin.py:188} INFO - [2024-07-27T21:32:09.927+0700] {dag.py:3089} INFO - Sync 1 DAGs
[2024-07-27T21:32:09.936+0700] {logging_mixin.py:188} INFO - [2024-07-27T21:32:09.936+0700] {dag.py:3947} INFO - Setting next_dagrun for example_sensor_decorator to None, run_after=None
[2024-07-27T21:32:09.966+0700] {processor.py:183} INFO - Processing /usr/local/lib/python3.10/dist-packages/airflow/example_dags/example_sensor_decorator.py took 0.068 seconds
[2024-07-27T21:33:00.005+0700] {processor.py:161} INFO - Started process (PID=2066) to work on /usr/local/lib/python3.10/dist-packages/airflow/example_dags/example_sensor_decorator.py
[2024-07-27T21:33:00.007+0700] {processor.py:830} INFO - Processing file /usr/local/lib/python3.10/dist-packages/airflow/example_dags/example_sensor_decorator.py for tasks to queue
[2024-07-27T21:33:00.009+0700] {logging_mixin.py:188} INFO - [2024-07-27T21:33:00.009+0700] {dagbag.py:545} INFO - Filling up the DagBag from /usr/local/lib/python3.10/dist-packages/airflow/example_dags/example_sensor_decorator.py
[2024-07-27T21:33:00.015+0700] {processor.py:840} INFO - DAG(s) 'example_sensor_decorator' retrieved from /usr/local/lib/python3.10/dist-packages/airflow/example_dags/example_sensor_decorator.py
[2024-07-27T21:33:00.028+0700] {logging_mixin.py:188} INFO - [2024-07-27T21:33:00.028+0700] {dag.py:3089} INFO - Sync 1 DAGs
[2024-07-27T21:33:00.037+0700] {logging_mixin.py:188} INFO - [2024-07-27T21:33:00.037+0700] {dag.py:3947} INFO - Setting next_dagrun for example_sensor_decorator to None, run_after=None
[2024-07-27T21:33:00.070+0700] {processor.py:183} INFO - Processing /usr/local/lib/python3.10/dist-packages/airflow/example_dags/example_sensor_decorator.py took 0.070 seconds
[2024-07-27T21:33:55.799+0700] {processor.py:161} INFO - Started process (PID=2816) to work on /usr/local/lib/python3.10/dist-packages/airflow/example_dags/example_sensor_decorator.py
[2024-07-27T21:33:55.800+0700] {processor.py:830} INFO - Processing file /usr/local/lib/python3.10/dist-packages/airflow/example_dags/example_sensor_decorator.py for tasks to queue
[2024-07-27T21:33:55.801+0700] {logging_mixin.py:188} INFO - [2024-07-27T21:33:55.801+0700] {dagbag.py:545} INFO - Filling up the DagBag from /usr/local/lib/python3.10/dist-packages/airflow/example_dags/example_sensor_decorator.py
[2024-07-27T21:33:55.806+0700] {processor.py:840} INFO - DAG(s) 'example_sensor_decorator' retrieved from /usr/local/lib/python3.10/dist-packages/airflow/example_dags/example_sensor_decorator.py
[2024-07-27T21:33:55.817+0700] {logging_mixin.py:188} INFO - [2024-07-27T21:33:55.817+0700] {dag.py:3089} INFO - Sync 1 DAGs
[2024-07-27T21:33:55.907+0700] {logging_mixin.py:188} INFO - [2024-07-27T21:33:55.907+0700] {dag.py:3947} INFO - Setting next_dagrun for example_sensor_decorator to None, run_after=None
[2024-07-27T21:33:55.935+0700] {processor.py:183} INFO - Processing /usr/local/lib/python3.10/dist-packages/airflow/example_dags/example_sensor_decorator.py took 0.141 seconds
[2024-07-27T21:34:43.892+0700] {processor.py:161} INFO - Started process (PID=3222) to work on /usr/local/lib/python3.10/dist-packages/airflow/example_dags/example_sensor_decorator.py
[2024-07-27T21:34:43.893+0700] {processor.py:830} INFO - Processing file /usr/local/lib/python3.10/dist-packages/airflow/example_dags/example_sensor_decorator.py for tasks to queue
[2024-07-27T21:34:43.895+0700] {logging_mixin.py:188} INFO - [2024-07-27T21:34:43.894+0700] {dagbag.py:545} INFO - Filling up the DagBag from /usr/local/lib/python3.10/dist-packages/airflow/example_dags/example_sensor_decorator.py
[2024-07-27T21:34:43.900+0700] {processor.py:840} INFO - DAG(s) 'example_sensor_decorator' retrieved from /usr/local/lib/python3.10/dist-packages/airflow/example_dags/example_sensor_decorator.py
[2024-07-27T21:34:43.912+0700] {logging_mixin.py:188} INFO - [2024-07-27T21:34:43.911+0700] {dag.py:3089} INFO - Sync 1 DAGs
[2024-07-27T21:34:43.922+0700] {logging_mixin.py:188} INFO - [2024-07-27T21:34:43.922+0700] {dag.py:3947} INFO - Setting next_dagrun for example_sensor_decorator to None, run_after=None
[2024-07-27T21:34:43.954+0700] {processor.py:183} INFO - Processing /usr/local/lib/python3.10/dist-packages/airflow/example_dags/example_sensor_decorator.py took 0.067 seconds
[2024-07-27T21:35:27.449+0700] {processor.py:161} INFO - Started process (PID=3586) to work on /usr/local/lib/python3.10/dist-packages/airflow/example_dags/example_sensor_decorator.py
[2024-07-27T21:35:27.451+0700] {processor.py:830} INFO - Processing file /usr/local/lib/python3.10/dist-packages/airflow/example_dags/example_sensor_decorator.py for tasks to queue
[2024-07-27T21:35:27.453+0700] {logging_mixin.py:188} INFO - [2024-07-27T21:35:27.452+0700] {dagbag.py:545} INFO - Filling up the DagBag from /usr/local/lib/python3.10/dist-packages/airflow/example_dags/example_sensor_decorator.py
[2024-07-27T21:35:27.458+0700] {processor.py:840} INFO - DAG(s) 'example_sensor_decorator' retrieved from /usr/local/lib/python3.10/dist-packages/airflow/example_dags/example_sensor_decorator.py
[2024-07-27T21:35:27.470+0700] {logging_mixin.py:188} INFO - [2024-07-27T21:35:27.469+0700] {dag.py:3089} INFO - Sync 1 DAGs
[2024-07-27T21:35:27.479+0700] {logging_mixin.py:188} INFO - [2024-07-27T21:35:27.478+0700] {dag.py:3947} INFO - Setting next_dagrun for example_sensor_decorator to None, run_after=None
[2024-07-27T21:35:27.510+0700] {processor.py:183} INFO - Processing /usr/local/lib/python3.10/dist-packages/airflow/example_dags/example_sensor_decorator.py took 0.066 seconds
[2024-07-27T21:36:11.334+0700] {processor.py:161} INFO - Started process (PID=3929) to work on /usr/local/lib/python3.10/dist-packages/airflow/example_dags/example_sensor_decorator.py
[2024-07-27T21:36:11.335+0700] {processor.py:830} INFO - Processing file /usr/local/lib/python3.10/dist-packages/airflow/example_dags/example_sensor_decorator.py for tasks to queue
[2024-07-27T21:36:11.337+0700] {logging_mixin.py:188} INFO - [2024-07-27T21:36:11.336+0700] {dagbag.py:545} INFO - Filling up the DagBag from /usr/local/lib/python3.10/dist-packages/airflow/example_dags/example_sensor_decorator.py
[2024-07-27T21:36:11.345+0700] {processor.py:840} INFO - DAG(s) 'example_sensor_decorator' retrieved from /usr/local/lib/python3.10/dist-packages/airflow/example_dags/example_sensor_decorator.py
[2024-07-27T21:36:11.361+0700] {logging_mixin.py:188} INFO - [2024-07-27T21:36:11.360+0700] {dag.py:3089} INFO - Sync 1 DAGs
[2024-07-27T21:36:11.371+0700] {logging_mixin.py:188} INFO - [2024-07-27T21:36:11.371+0700] {dag.py:3947} INFO - Setting next_dagrun for example_sensor_decorator to None, run_after=None
[2024-07-27T21:36:11.411+0700] {processor.py:183} INFO - Processing /usr/local/lib/python3.10/dist-packages/airflow/example_dags/example_sensor_decorator.py took 0.092 seconds
[2024-07-27T21:36:52.667+0700] {processor.py:161} INFO - Started process (PID=4320) to work on /usr/local/lib/python3.10/dist-packages/airflow/example_dags/example_sensor_decorator.py
[2024-07-27T21:36:52.673+0700] {processor.py:830} INFO - Processing file /usr/local/lib/python3.10/dist-packages/airflow/example_dags/example_sensor_decorator.py for tasks to queue
[2024-07-27T21:36:52.674+0700] {logging_mixin.py:188} INFO - [2024-07-27T21:36:52.674+0700] {dagbag.py:545} INFO - Filling up the DagBag from /usr/local/lib/python3.10/dist-packages/airflow/example_dags/example_sensor_decorator.py
[2024-07-27T21:36:52.679+0700] {processor.py:840} INFO - DAG(s) 'example_sensor_decorator' retrieved from /usr/local/lib/python3.10/dist-packages/airflow/example_dags/example_sensor_decorator.py
[2024-07-27T21:36:52.690+0700] {logging_mixin.py:188} INFO - [2024-07-27T21:36:52.690+0700] {dag.py:3089} INFO - Sync 1 DAGs
[2024-07-27T21:36:52.699+0700] {logging_mixin.py:188} INFO - [2024-07-27T21:36:52.699+0700] {dag.py:3947} INFO - Setting next_dagrun for example_sensor_decorator to None, run_after=None
[2024-07-27T21:36:52.731+0700] {processor.py:183} INFO - Processing /usr/local/lib/python3.10/dist-packages/airflow/example_dags/example_sensor_decorator.py took 0.069 seconds
[2024-07-27T21:37:36.297+0700] {processor.py:161} INFO - Started process (PID=4690) to work on /usr/local/lib/python3.10/dist-packages/airflow/example_dags/example_sensor_decorator.py
[2024-07-27T21:37:36.302+0700] {processor.py:830} INFO - Processing file /usr/local/lib/python3.10/dist-packages/airflow/example_dags/example_sensor_decorator.py for tasks to queue
[2024-07-27T21:37:36.303+0700] {logging_mixin.py:188} INFO - [2024-07-27T21:37:36.303+0700] {dagbag.py:545} INFO - Filling up the DagBag from /usr/local/lib/python3.10/dist-packages/airflow/example_dags/example_sensor_decorator.py
[2024-07-27T21:37:36.309+0700] {processor.py:840} INFO - DAG(s) 'example_sensor_decorator' retrieved from /usr/local/lib/python3.10/dist-packages/airflow/example_dags/example_sensor_decorator.py
[2024-07-27T21:37:36.321+0700] {logging_mixin.py:188} INFO - [2024-07-27T21:37:36.320+0700] {dag.py:3089} INFO - Sync 1 DAGs
[2024-07-27T21:37:36.330+0700] {logging_mixin.py:188} INFO - [2024-07-27T21:37:36.330+0700] {dag.py:3947} INFO - Setting next_dagrun for example_sensor_decorator to None, run_after=None
[2024-07-27T21:37:36.359+0700] {processor.py:183} INFO - Processing /usr/local/lib/python3.10/dist-packages/airflow/example_dags/example_sensor_decorator.py took 0.066 seconds
[2024-07-27T21:38:19.814+0700] {processor.py:161} INFO - Started process (PID=5031) to work on /usr/local/lib/python3.10/dist-packages/airflow/example_dags/example_sensor_decorator.py
[2024-07-27T21:38:19.816+0700] {processor.py:830} INFO - Processing file /usr/local/lib/python3.10/dist-packages/airflow/example_dags/example_sensor_decorator.py for tasks to queue
[2024-07-27T21:38:19.816+0700] {logging_mixin.py:188} INFO - [2024-07-27T21:38:19.816+0700] {dagbag.py:545} INFO - Filling up the DagBag from /usr/local/lib/python3.10/dist-packages/airflow/example_dags/example_sensor_decorator.py
[2024-07-27T21:38:19.821+0700] {processor.py:840} INFO - DAG(s) 'example_sensor_decorator' retrieved from /usr/local/lib/python3.10/dist-packages/airflow/example_dags/example_sensor_decorator.py
[2024-07-27T21:38:19.833+0700] {logging_mixin.py:188} INFO - [2024-07-27T21:38:19.833+0700] {dag.py:3089} INFO - Sync 1 DAGs
[2024-07-27T21:38:19.842+0700] {logging_mixin.py:188} INFO - [2024-07-27T21:38:19.842+0700] {dag.py:3947} INFO - Setting next_dagrun for example_sensor_decorator to None, run_after=None
[2024-07-27T21:38:19.873+0700] {processor.py:183} INFO - Processing /usr/local/lib/python3.10/dist-packages/airflow/example_dags/example_sensor_decorator.py took 0.063 seconds
[2024-07-27T21:39:09.883+0700] {processor.py:161} INFO - Started process (PID=5457) to work on /usr/local/lib/python3.10/dist-packages/airflow/example_dags/example_sensor_decorator.py
[2024-07-27T21:39:09.887+0700] {processor.py:830} INFO - Processing file /usr/local/lib/python3.10/dist-packages/airflow/example_dags/example_sensor_decorator.py for tasks to queue
[2024-07-27T21:39:09.888+0700] {logging_mixin.py:188} INFO - [2024-07-27T21:39:09.888+0700] {dagbag.py:545} INFO - Filling up the DagBag from /usr/local/lib/python3.10/dist-packages/airflow/example_dags/example_sensor_decorator.py
[2024-07-27T21:39:09.893+0700] {processor.py:840} INFO - DAG(s) 'example_sensor_decorator' retrieved from /usr/local/lib/python3.10/dist-packages/airflow/example_dags/example_sensor_decorator.py
[2024-07-27T21:39:09.904+0700] {logging_mixin.py:188} INFO - [2024-07-27T21:39:09.904+0700] {dag.py:3089} INFO - Sync 1 DAGs
[2024-07-27T21:39:09.916+0700] {logging_mixin.py:188} INFO - [2024-07-27T21:39:09.915+0700] {dag.py:3947} INFO - Setting next_dagrun for example_sensor_decorator to None, run_after=None
[2024-07-27T21:39:09.945+0700] {processor.py:183} INFO - Processing /usr/local/lib/python3.10/dist-packages/airflow/example_dags/example_sensor_decorator.py took 0.066 seconds
[2024-07-27T21:39:52.424+0700] {processor.py:161} INFO - Started process (PID=6006) to work on /usr/local/lib/python3.10/dist-packages/airflow/example_dags/example_sensor_decorator.py
[2024-07-27T21:39:52.426+0700] {processor.py:830} INFO - Processing file /usr/local/lib/python3.10/dist-packages/airflow/example_dags/example_sensor_decorator.py for tasks to queue
[2024-07-27T21:39:52.427+0700] {logging_mixin.py:188} INFO - [2024-07-27T21:39:52.427+0700] {dagbag.py:545} INFO - Filling up the DagBag from /usr/local/lib/python3.10/dist-packages/airflow/example_dags/example_sensor_decorator.py
[2024-07-27T21:39:52.432+0700] {processor.py:840} INFO - DAG(s) 'example_sensor_decorator' retrieved from /usr/local/lib/python3.10/dist-packages/airflow/example_dags/example_sensor_decorator.py
[2024-07-27T21:39:52.445+0700] {logging_mixin.py:188} INFO - [2024-07-27T21:39:52.445+0700] {dag.py:3089} INFO - Sync 1 DAGs
[2024-07-27T21:39:52.455+0700] {logging_mixin.py:188} INFO - [2024-07-27T21:39:52.454+0700] {dag.py:3947} INFO - Setting next_dagrun for example_sensor_decorator to None, run_after=None
[2024-07-27T21:39:52.492+0700] {processor.py:183} INFO - Processing /usr/local/lib/python3.10/dist-packages/airflow/example_dags/example_sensor_decorator.py took 0.072 seconds
[2024-07-27T21:40:33.439+0700] {processor.py:161} INFO - Started process (PID=6471) to work on /usr/local/lib/python3.10/dist-packages/airflow/example_dags/example_sensor_decorator.py
[2024-07-27T21:40:33.444+0700] {processor.py:830} INFO - Processing file /usr/local/lib/python3.10/dist-packages/airflow/example_dags/example_sensor_decorator.py for tasks to queue
[2024-07-27T21:40:33.445+0700] {logging_mixin.py:188} INFO - [2024-07-27T21:40:33.445+0700] {dagbag.py:545} INFO - Filling up the DagBag from /usr/local/lib/python3.10/dist-packages/airflow/example_dags/example_sensor_decorator.py
[2024-07-27T21:40:33.450+0700] {processor.py:840} INFO - DAG(s) 'example_sensor_decorator' retrieved from /usr/local/lib/python3.10/dist-packages/airflow/example_dags/example_sensor_decorator.py
[2024-07-27T21:40:33.463+0700] {logging_mixin.py:188} INFO - [2024-07-27T21:40:33.463+0700] {dag.py:3089} INFO - Sync 1 DAGs
[2024-07-27T21:40:33.472+0700] {logging_mixin.py:188} INFO - [2024-07-27T21:40:33.472+0700] {dag.py:3947} INFO - Setting next_dagrun for example_sensor_decorator to None, run_after=None
[2024-07-27T21:40:33.501+0700] {processor.py:183} INFO - Processing /usr/local/lib/python3.10/dist-packages/airflow/example_dags/example_sensor_decorator.py took 0.066 seconds
[2024-07-27T21:41:15.265+0700] {processor.py:161} INFO - Started process (PID=6831) to work on /usr/local/lib/python3.10/dist-packages/airflow/example_dags/example_sensor_decorator.py
[2024-07-27T21:41:15.267+0700] {processor.py:830} INFO - Processing file /usr/local/lib/python3.10/dist-packages/airflow/example_dags/example_sensor_decorator.py for tasks to queue
[2024-07-27T21:41:15.267+0700] {logging_mixin.py:188} INFO - [2024-07-27T21:41:15.267+0700] {dagbag.py:545} INFO - Filling up the DagBag from /usr/local/lib/python3.10/dist-packages/airflow/example_dags/example_sensor_decorator.py
[2024-07-27T21:41:15.272+0700] {processor.py:840} INFO - DAG(s) 'example_sensor_decorator' retrieved from /usr/local/lib/python3.10/dist-packages/airflow/example_dags/example_sensor_decorator.py
[2024-07-27T21:41:15.284+0700] {logging_mixin.py:188} INFO - [2024-07-27T21:41:15.284+0700] {dag.py:3089} INFO - Sync 1 DAGs
[2024-07-27T21:41:15.294+0700] {logging_mixin.py:188} INFO - [2024-07-27T21:41:15.293+0700] {dag.py:3947} INFO - Setting next_dagrun for example_sensor_decorator to None, run_after=None
[2024-07-27T21:41:15.326+0700] {processor.py:183} INFO - Processing /usr/local/lib/python3.10/dist-packages/airflow/example_dags/example_sensor_decorator.py took 0.065 seconds
[2024-07-27T21:44:23.661+0700] {processor.py:161} INFO - Started process (PID=9359) to work on /usr/local/lib/python3.10/dist-packages/airflow/example_dags/example_sensor_decorator.py
[2024-07-27T21:44:23.674+0700] {processor.py:830} INFO - Processing file /usr/local/lib/python3.10/dist-packages/airflow/example_dags/example_sensor_decorator.py for tasks to queue
[2024-07-27T21:44:23.675+0700] {logging_mixin.py:188} INFO - [2024-07-27T21:44:23.674+0700] {dagbag.py:545} INFO - Filling up the DagBag from /usr/local/lib/python3.10/dist-packages/airflow/example_dags/example_sensor_decorator.py
[2024-07-27T21:44:23.679+0700] {processor.py:840} INFO - DAG(s) 'example_sensor_decorator' retrieved from /usr/local/lib/python3.10/dist-packages/airflow/example_dags/example_sensor_decorator.py
[2024-07-27T21:44:23.699+0700] {logging_mixin.py:188} INFO - [2024-07-27T21:44:23.698+0700] {dag.py:3089} INFO - Sync 1 DAGs
[2024-07-27T21:44:23.708+0700] {logging_mixin.py:188} INFO - [2024-07-27T21:44:23.707+0700] {dag.py:3947} INFO - Setting next_dagrun for example_sensor_decorator to None, run_after=None
[2024-07-27T21:44:23.797+0700] {processor.py:183} INFO - Processing /usr/local/lib/python3.10/dist-packages/airflow/example_dags/example_sensor_decorator.py took 0.141 seconds
[2024-07-27T21:45:15.393+0700] {processor.py:161} INFO - Started process (PID=9833) to work on /usr/local/lib/python3.10/dist-packages/airflow/example_dags/example_sensor_decorator.py
[2024-07-27T21:45:15.394+0700] {processor.py:830} INFO - Processing file /usr/local/lib/python3.10/dist-packages/airflow/example_dags/example_sensor_decorator.py for tasks to queue
[2024-07-27T21:45:15.395+0700] {logging_mixin.py:188} INFO - [2024-07-27T21:45:15.395+0700] {dagbag.py:545} INFO - Filling up the DagBag from /usr/local/lib/python3.10/dist-packages/airflow/example_dags/example_sensor_decorator.py
[2024-07-27T21:45:15.400+0700] {processor.py:840} INFO - DAG(s) 'example_sensor_decorator' retrieved from /usr/local/lib/python3.10/dist-packages/airflow/example_dags/example_sensor_decorator.py
[2024-07-27T21:45:15.411+0700] {logging_mixin.py:188} INFO - [2024-07-27T21:45:15.411+0700] {dag.py:3089} INFO - Sync 1 DAGs
[2024-07-27T21:45:15.420+0700] {logging_mixin.py:188} INFO - [2024-07-27T21:45:15.419+0700] {dag.py:3947} INFO - Setting next_dagrun for example_sensor_decorator to None, run_after=None
[2024-07-27T21:45:15.452+0700] {processor.py:183} INFO - Processing /usr/local/lib/python3.10/dist-packages/airflow/example_dags/example_sensor_decorator.py took 0.063 seconds
[2024-07-27T21:48:22.687+0700] {processor.py:161} INFO - Started process (PID=11874) to work on /usr/local/lib/python3.10/dist-packages/airflow/example_dags/example_sensor_decorator.py
[2024-07-27T21:48:22.688+0700] {processor.py:830} INFO - Processing file /usr/local/lib/python3.10/dist-packages/airflow/example_dags/example_sensor_decorator.py for tasks to queue
[2024-07-27T21:48:22.689+0700] {logging_mixin.py:188} INFO - [2024-07-27T21:48:22.689+0700] {dagbag.py:545} INFO - Filling up the DagBag from /usr/local/lib/python3.10/dist-packages/airflow/example_dags/example_sensor_decorator.py
[2024-07-27T21:48:22.694+0700] {processor.py:840} INFO - DAG(s) 'example_sensor_decorator' retrieved from /usr/local/lib/python3.10/dist-packages/airflow/example_dags/example_sensor_decorator.py
[2024-07-27T21:48:22.710+0700] {logging_mixin.py:188} INFO - [2024-07-27T21:48:22.710+0700] {dag.py:3089} INFO - Sync 1 DAGs
[2024-07-27T21:48:22.718+0700] {logging_mixin.py:188} INFO - [2024-07-27T21:48:22.718+0700] {dag.py:3947} INFO - Setting next_dagrun for example_sensor_decorator to None, run_after=None
[2024-07-27T21:48:22.750+0700] {processor.py:183} INFO - Processing /usr/local/lib/python3.10/dist-packages/airflow/example_dags/example_sensor_decorator.py took 0.067 seconds
[2024-07-27T21:49:11.821+0700] {processor.py:161} INFO - Started process (PID=12358) to work on /usr/local/lib/python3.10/dist-packages/airflow/example_dags/example_sensor_decorator.py
[2024-07-27T21:49:11.823+0700] {processor.py:830} INFO - Processing file /usr/local/lib/python3.10/dist-packages/airflow/example_dags/example_sensor_decorator.py for tasks to queue
[2024-07-27T21:49:11.824+0700] {logging_mixin.py:188} INFO - [2024-07-27T21:49:11.823+0700] {dagbag.py:545} INFO - Filling up the DagBag from /usr/local/lib/python3.10/dist-packages/airflow/example_dags/example_sensor_decorator.py
[2024-07-27T21:49:11.829+0700] {processor.py:840} INFO - DAG(s) 'example_sensor_decorator' retrieved from /usr/local/lib/python3.10/dist-packages/airflow/example_dags/example_sensor_decorator.py
[2024-07-27T21:49:11.842+0700] {logging_mixin.py:188} INFO - [2024-07-27T21:49:11.842+0700] {dag.py:3089} INFO - Sync 1 DAGs
[2024-07-27T21:49:11.851+0700] {logging_mixin.py:188} INFO - [2024-07-27T21:49:11.850+0700] {dag.py:3947} INFO - Setting next_dagrun for example_sensor_decorator to None, run_after=None
[2024-07-27T21:49:11.880+0700] {processor.py:183} INFO - Processing /usr/local/lib/python3.10/dist-packages/airflow/example_dags/example_sensor_decorator.py took 0.063 seconds
[2024-07-27T21:50:03.443+0700] {processor.py:161} INFO - Started process (PID=12828) to work on /usr/local/lib/python3.10/dist-packages/airflow/example_dags/example_sensor_decorator.py
[2024-07-27T21:50:03.445+0700] {processor.py:830} INFO - Processing file /usr/local/lib/python3.10/dist-packages/airflow/example_dags/example_sensor_decorator.py for tasks to queue
[2024-07-27T21:50:03.445+0700] {logging_mixin.py:188} INFO - [2024-07-27T21:50:03.445+0700] {dagbag.py:545} INFO - Filling up the DagBag from /usr/local/lib/python3.10/dist-packages/airflow/example_dags/example_sensor_decorator.py
[2024-07-27T21:50:03.450+0700] {processor.py:840} INFO - DAG(s) 'example_sensor_decorator' retrieved from /usr/local/lib/python3.10/dist-packages/airflow/example_dags/example_sensor_decorator.py
[2024-07-27T21:50:03.463+0700] {logging_mixin.py:188} INFO - [2024-07-27T21:50:03.462+0700] {dag.py:3089} INFO - Sync 1 DAGs
[2024-07-27T21:50:03.471+0700] {logging_mixin.py:188} INFO - [2024-07-27T21:50:03.471+0700] {dag.py:3947} INFO - Setting next_dagrun for example_sensor_decorator to None, run_after=None
[2024-07-27T21:50:03.503+0700] {processor.py:183} INFO - Processing /usr/local/lib/python3.10/dist-packages/airflow/example_dags/example_sensor_decorator.py took 0.064 seconds
[2024-07-27T21:50:42.037+0700] {processor.py:161} INFO - Started process (PID=13296) to work on /usr/local/lib/python3.10/dist-packages/airflow/example_dags/example_sensor_decorator.py
[2024-07-27T21:50:42.039+0700] {processor.py:830} INFO - Processing file /usr/local/lib/python3.10/dist-packages/airflow/example_dags/example_sensor_decorator.py for tasks to queue
[2024-07-27T21:50:42.040+0700] {logging_mixin.py:188} INFO - [2024-07-27T21:50:42.040+0700] {dagbag.py:545} INFO - Filling up the DagBag from /usr/local/lib/python3.10/dist-packages/airflow/example_dags/example_sensor_decorator.py
[2024-07-27T21:50:42.045+0700] {processor.py:840} INFO - DAG(s) 'example_sensor_decorator' retrieved from /usr/local/lib/python3.10/dist-packages/airflow/example_dags/example_sensor_decorator.py
[2024-07-27T21:50:42.058+0700] {logging_mixin.py:188} INFO - [2024-07-27T21:50:42.057+0700] {dag.py:3089} INFO - Sync 1 DAGs
[2024-07-27T21:50:42.066+0700] {logging_mixin.py:188} INFO - [2024-07-27T21:50:42.066+0700] {dag.py:3947} INFO - Setting next_dagrun for example_sensor_decorator to None, run_after=None
[2024-07-27T21:50:42.097+0700] {processor.py:183} INFO - Processing /usr/local/lib/python3.10/dist-packages/airflow/example_dags/example_sensor_decorator.py took 0.065 seconds
[2024-07-27T21:51:23.729+0700] {processor.py:161} INFO - Started process (PID=13625) to work on /usr/local/lib/python3.10/dist-packages/airflow/example_dags/example_sensor_decorator.py
[2024-07-27T21:51:23.732+0700] {processor.py:830} INFO - Processing file /usr/local/lib/python3.10/dist-packages/airflow/example_dags/example_sensor_decorator.py for tasks to queue
[2024-07-27T21:51:23.733+0700] {logging_mixin.py:188} INFO - [2024-07-27T21:51:23.733+0700] {dagbag.py:545} INFO - Filling up the DagBag from /usr/local/lib/python3.10/dist-packages/airflow/example_dags/example_sensor_decorator.py
[2024-07-27T21:51:23.737+0700] {processor.py:840} INFO - DAG(s) 'example_sensor_decorator' retrieved from /usr/local/lib/python3.10/dist-packages/airflow/example_dags/example_sensor_decorator.py
[2024-07-27T21:51:23.750+0700] {logging_mixin.py:188} INFO - [2024-07-27T21:51:23.750+0700] {dag.py:3089} INFO - Sync 1 DAGs
[2024-07-27T21:51:23.759+0700] {logging_mixin.py:188} INFO - [2024-07-27T21:51:23.759+0700] {dag.py:3947} INFO - Setting next_dagrun for example_sensor_decorator to None, run_after=None
[2024-07-27T21:51:23.790+0700] {processor.py:183} INFO - Processing /usr/local/lib/python3.10/dist-packages/airflow/example_dags/example_sensor_decorator.py took 0.065 seconds
[2024-07-27T21:52:08.117+0700] {processor.py:161} INFO - Started process (PID=14097) to work on /usr/local/lib/python3.10/dist-packages/airflow/example_dags/example_sensor_decorator.py
[2024-07-27T21:52:08.119+0700] {processor.py:830} INFO - Processing file /usr/local/lib/python3.10/dist-packages/airflow/example_dags/example_sensor_decorator.py for tasks to queue
[2024-07-27T21:52:08.120+0700] {logging_mixin.py:188} INFO - [2024-07-27T21:52:08.119+0700] {dagbag.py:545} INFO - Filling up the DagBag from /usr/local/lib/python3.10/dist-packages/airflow/example_dags/example_sensor_decorator.py
[2024-07-27T21:52:08.125+0700] {processor.py:840} INFO - DAG(s) 'example_sensor_decorator' retrieved from /usr/local/lib/python3.10/dist-packages/airflow/example_dags/example_sensor_decorator.py
[2024-07-27T21:52:08.138+0700] {logging_mixin.py:188} INFO - [2024-07-27T21:52:08.137+0700] {dag.py:3089} INFO - Sync 1 DAGs
[2024-07-27T21:52:08.147+0700] {logging_mixin.py:188} INFO - [2024-07-27T21:52:08.147+0700] {dag.py:3947} INFO - Setting next_dagrun for example_sensor_decorator to None, run_after=None
[2024-07-27T21:52:08.179+0700] {processor.py:183} INFO - Processing /usr/local/lib/python3.10/dist-packages/airflow/example_dags/example_sensor_decorator.py took 0.066 seconds
[2024-07-27T21:54:47.798+0700] {processor.py:161} INFO - Started process (PID=15842) to work on /usr/local/lib/python3.10/dist-packages/airflow/example_dags/example_sensor_decorator.py
[2024-07-27T21:54:47.800+0700] {processor.py:830} INFO - Processing file /usr/local/lib/python3.10/dist-packages/airflow/example_dags/example_sensor_decorator.py for tasks to queue
[2024-07-27T21:54:47.802+0700] {logging_mixin.py:188} INFO - [2024-07-27T21:54:47.801+0700] {dagbag.py:545} INFO - Filling up the DagBag from /usr/local/lib/python3.10/dist-packages/airflow/example_dags/example_sensor_decorator.py
[2024-07-27T21:54:47.808+0700] {processor.py:840} INFO - DAG(s) 'example_sensor_decorator' retrieved from /usr/local/lib/python3.10/dist-packages/airflow/example_dags/example_sensor_decorator.py
[2024-07-27T21:54:47.828+0700] {logging_mixin.py:188} INFO - [2024-07-27T21:54:47.828+0700] {dag.py:3089} INFO - Sync 1 DAGs
[2024-07-27T21:54:47.837+0700] {logging_mixin.py:188} INFO - [2024-07-27T21:54:47.837+0700] {dag.py:3947} INFO - Setting next_dagrun for example_sensor_decorator to None, run_after=None
[2024-07-27T21:54:47.872+0700] {processor.py:183} INFO - Processing /usr/local/lib/python3.10/dist-packages/airflow/example_dags/example_sensor_decorator.py took 0.079 seconds
[2024-07-27T21:55:36.631+0700] {processor.py:161} INFO - Started process (PID=16497) to work on /usr/local/lib/python3.10/dist-packages/airflow/example_dags/example_sensor_decorator.py
[2024-07-27T21:55:36.634+0700] {processor.py:830} INFO - Processing file /usr/local/lib/python3.10/dist-packages/airflow/example_dags/example_sensor_decorator.py for tasks to queue
[2024-07-27T21:55:36.635+0700] {logging_mixin.py:188} INFO - [2024-07-27T21:55:36.635+0700] {dagbag.py:545} INFO - Filling up the DagBag from /usr/local/lib/python3.10/dist-packages/airflow/example_dags/example_sensor_decorator.py
[2024-07-27T21:55:36.641+0700] {processor.py:840} INFO - DAG(s) 'example_sensor_decorator' retrieved from /usr/local/lib/python3.10/dist-packages/airflow/example_dags/example_sensor_decorator.py
[2024-07-27T21:55:36.655+0700] {logging_mixin.py:188} INFO - [2024-07-27T21:55:36.654+0700] {dag.py:3089} INFO - Sync 1 DAGs
[2024-07-27T21:55:36.664+0700] {logging_mixin.py:188} INFO - [2024-07-27T21:55:36.664+0700] {dag.py:3947} INFO - Setting next_dagrun for example_sensor_decorator to None, run_after=None
[2024-07-27T21:55:36.696+0700] {processor.py:183} INFO - Processing /usr/local/lib/python3.10/dist-packages/airflow/example_dags/example_sensor_decorator.py took 0.070 seconds
[2024-07-27T21:58:11.359+0700] {processor.py:161} INFO - Started process (PID=18605) to work on /usr/local/lib/python3.10/dist-packages/airflow/example_dags/example_sensor_decorator.py
[2024-07-27T21:58:11.363+0700] {processor.py:830} INFO - Processing file /usr/local/lib/python3.10/dist-packages/airflow/example_dags/example_sensor_decorator.py for tasks to queue
[2024-07-27T21:58:11.364+0700] {logging_mixin.py:188} INFO - [2024-07-27T21:58:11.363+0700] {dagbag.py:545} INFO - Filling up the DagBag from /usr/local/lib/python3.10/dist-packages/airflow/example_dags/example_sensor_decorator.py
[2024-07-27T21:58:11.368+0700] {processor.py:840} INFO - DAG(s) 'example_sensor_decorator' retrieved from /usr/local/lib/python3.10/dist-packages/airflow/example_dags/example_sensor_decorator.py
[2024-07-27T21:58:11.386+0700] {logging_mixin.py:188} INFO - [2024-07-27T21:58:11.385+0700] {dag.py:3089} INFO - Sync 1 DAGs
[2024-07-27T21:58:11.394+0700] {logging_mixin.py:188} INFO - [2024-07-27T21:58:11.394+0700] {dag.py:3947} INFO - Setting next_dagrun for example_sensor_decorator to None, run_after=None
[2024-07-27T21:58:11.423+0700] {processor.py:183} INFO - Processing /usr/local/lib/python3.10/dist-packages/airflow/example_dags/example_sensor_decorator.py took 0.069 seconds
[2024-07-27T21:59:02.772+0700] {processor.py:161} INFO - Started process (PID=19008) to work on /usr/local/lib/python3.10/dist-packages/airflow/example_dags/example_sensor_decorator.py
[2024-07-27T21:59:02.775+0700] {processor.py:830} INFO - Processing file /usr/local/lib/python3.10/dist-packages/airflow/example_dags/example_sensor_decorator.py for tasks to queue
[2024-07-27T21:59:02.776+0700] {logging_mixin.py:188} INFO - [2024-07-27T21:59:02.776+0700] {dagbag.py:545} INFO - Filling up the DagBag from /usr/local/lib/python3.10/dist-packages/airflow/example_dags/example_sensor_decorator.py
[2024-07-27T21:59:02.781+0700] {processor.py:840} INFO - DAG(s) 'example_sensor_decorator' retrieved from /usr/local/lib/python3.10/dist-packages/airflow/example_dags/example_sensor_decorator.py
[2024-07-27T21:59:02.793+0700] {logging_mixin.py:188} INFO - [2024-07-27T21:59:02.793+0700] {dag.py:3089} INFO - Sync 1 DAGs
[2024-07-27T21:59:02.802+0700] {logging_mixin.py:188} INFO - [2024-07-27T21:59:02.801+0700] {dag.py:3947} INFO - Setting next_dagrun for example_sensor_decorator to None, run_after=None
[2024-07-27T21:59:02.822+0700] {processor.py:183} INFO - Processing /usr/local/lib/python3.10/dist-packages/airflow/example_dags/example_sensor_decorator.py took 0.054 seconds
[2024-07-27T21:59:55.005+0700] {processor.py:161} INFO - Started process (PID=19539) to work on /usr/local/lib/python3.10/dist-packages/airflow/example_dags/example_sensor_decorator.py
[2024-07-27T21:59:55.006+0700] {processor.py:830} INFO - Processing file /usr/local/lib/python3.10/dist-packages/airflow/example_dags/example_sensor_decorator.py for tasks to queue
[2024-07-27T21:59:55.007+0700] {logging_mixin.py:188} INFO - [2024-07-27T21:59:55.007+0700] {dagbag.py:545} INFO - Filling up the DagBag from /usr/local/lib/python3.10/dist-packages/airflow/example_dags/example_sensor_decorator.py
[2024-07-27T21:59:55.012+0700] {processor.py:840} INFO - DAG(s) 'example_sensor_decorator' retrieved from /usr/local/lib/python3.10/dist-packages/airflow/example_dags/example_sensor_decorator.py
[2024-07-27T21:59:55.026+0700] {logging_mixin.py:188} INFO - [2024-07-27T21:59:55.026+0700] {dag.py:3089} INFO - Sync 1 DAGs
[2024-07-27T21:59:55.037+0700] {logging_mixin.py:188} INFO - [2024-07-27T21:59:55.037+0700] {dag.py:3947} INFO - Setting next_dagrun for example_sensor_decorator to None, run_after=None
[2024-07-27T21:59:55.062+0700] {processor.py:183} INFO - Processing /usr/local/lib/python3.10/dist-packages/airflow/example_dags/example_sensor_decorator.py took 0.063 seconds
[2024-07-27T22:00:42.340+0700] {processor.py:161} INFO - Started process (PID=19909) to work on /usr/local/lib/python3.10/dist-packages/airflow/example_dags/example_sensor_decorator.py
[2024-07-27T22:00:42.342+0700] {processor.py:830} INFO - Processing file /usr/local/lib/python3.10/dist-packages/airflow/example_dags/example_sensor_decorator.py for tasks to queue
[2024-07-27T22:00:42.343+0700] {logging_mixin.py:188} INFO - [2024-07-27T22:00:42.343+0700] {dagbag.py:545} INFO - Filling up the DagBag from /usr/local/lib/python3.10/dist-packages/airflow/example_dags/example_sensor_decorator.py
[2024-07-27T22:00:42.352+0700] {processor.py:840} INFO - DAG(s) 'example_sensor_decorator' retrieved from /usr/local/lib/python3.10/dist-packages/airflow/example_dags/example_sensor_decorator.py
[2024-07-27T22:00:42.369+0700] {logging_mixin.py:188} INFO - [2024-07-27T22:00:42.369+0700] {dag.py:3089} INFO - Sync 1 DAGs
[2024-07-27T22:00:42.382+0700] {logging_mixin.py:188} INFO - [2024-07-27T22:00:42.382+0700] {dag.py:3947} INFO - Setting next_dagrun for example_sensor_decorator to None, run_after=None
[2024-07-27T22:00:42.420+0700] {processor.py:183} INFO - Processing /usr/local/lib/python3.10/dist-packages/airflow/example_dags/example_sensor_decorator.py took 0.102 seconds
[2024-07-27T22:01:33.179+0700] {processor.py:161} INFO - Started process (PID=20303) to work on /usr/local/lib/python3.10/dist-packages/airflow/example_dags/example_sensor_decorator.py
[2024-07-27T22:01:33.180+0700] {processor.py:830} INFO - Processing file /usr/local/lib/python3.10/dist-packages/airflow/example_dags/example_sensor_decorator.py for tasks to queue
[2024-07-27T22:01:33.181+0700] {logging_mixin.py:188} INFO - [2024-07-27T22:01:33.181+0700] {dagbag.py:545} INFO - Filling up the DagBag from /usr/local/lib/python3.10/dist-packages/airflow/example_dags/example_sensor_decorator.py
[2024-07-27T22:01:33.186+0700] {processor.py:840} INFO - DAG(s) 'example_sensor_decorator' retrieved from /usr/local/lib/python3.10/dist-packages/airflow/example_dags/example_sensor_decorator.py
[2024-07-27T22:01:33.200+0700] {logging_mixin.py:188} INFO - [2024-07-27T22:01:33.200+0700] {dag.py:3089} INFO - Sync 1 DAGs
[2024-07-27T22:01:33.210+0700] {logging_mixin.py:188} INFO - [2024-07-27T22:01:33.210+0700] {dag.py:3947} INFO - Setting next_dagrun for example_sensor_decorator to None, run_after=None
[2024-07-27T22:01:33.233+0700] {processor.py:183} INFO - Processing /usr/local/lib/python3.10/dist-packages/airflow/example_dags/example_sensor_decorator.py took 0.059 seconds
[2024-07-27T22:02:14.269+0700] {processor.py:161} INFO - Started process (PID=20761) to work on /usr/local/lib/python3.10/dist-packages/airflow/example_dags/example_sensor_decorator.py
[2024-07-27T22:02:14.271+0700] {processor.py:830} INFO - Processing file /usr/local/lib/python3.10/dist-packages/airflow/example_dags/example_sensor_decorator.py for tasks to queue
[2024-07-27T22:02:14.272+0700] {logging_mixin.py:188} INFO - [2024-07-27T22:02:14.271+0700] {dagbag.py:545} INFO - Filling up the DagBag from /usr/local/lib/python3.10/dist-packages/airflow/example_dags/example_sensor_decorator.py
[2024-07-27T22:02:14.276+0700] {processor.py:840} INFO - DAG(s) 'example_sensor_decorator' retrieved from /usr/local/lib/python3.10/dist-packages/airflow/example_dags/example_sensor_decorator.py
[2024-07-27T22:02:14.288+0700] {logging_mixin.py:188} INFO - [2024-07-27T22:02:14.288+0700] {dag.py:3089} INFO - Sync 1 DAGs
[2024-07-27T22:02:14.296+0700] {logging_mixin.py:188} INFO - [2024-07-27T22:02:14.296+0700] {dag.py:3947} INFO - Setting next_dagrun for example_sensor_decorator to None, run_after=None
[2024-07-27T22:02:14.327+0700] {processor.py:183} INFO - Processing /usr/local/lib/python3.10/dist-packages/airflow/example_dags/example_sensor_decorator.py took 0.063 seconds
[2024-07-27T22:02:58.333+0700] {processor.py:161} INFO - Started process (PID=21209) to work on /usr/local/lib/python3.10/dist-packages/airflow/example_dags/example_sensor_decorator.py
[2024-07-27T22:02:58.335+0700] {processor.py:830} INFO - Processing file /usr/local/lib/python3.10/dist-packages/airflow/example_dags/example_sensor_decorator.py for tasks to queue
[2024-07-27T22:02:58.336+0700] {logging_mixin.py:188} INFO - [2024-07-27T22:02:58.336+0700] {dagbag.py:545} INFO - Filling up the DagBag from /usr/local/lib/python3.10/dist-packages/airflow/example_dags/example_sensor_decorator.py
[2024-07-27T22:02:58.341+0700] {processor.py:840} INFO - DAG(s) 'example_sensor_decorator' retrieved from /usr/local/lib/python3.10/dist-packages/airflow/example_dags/example_sensor_decorator.py
[2024-07-27T22:02:58.356+0700] {logging_mixin.py:188} INFO - [2024-07-27T22:02:58.355+0700] {dag.py:3089} INFO - Sync 1 DAGs
[2024-07-27T22:02:58.366+0700] {logging_mixin.py:188} INFO - [2024-07-27T22:02:58.366+0700] {dag.py:3947} INFO - Setting next_dagrun for example_sensor_decorator to None, run_after=None
[2024-07-27T22:02:58.398+0700] {processor.py:183} INFO - Processing /usr/local/lib/python3.10/dist-packages/airflow/example_dags/example_sensor_decorator.py took 0.070 seconds
[2024-07-27T22:03:41.538+0700] {processor.py:161} INFO - Started process (PID=21549) to work on /usr/local/lib/python3.10/dist-packages/airflow/example_dags/example_sensor_decorator.py
[2024-07-27T22:03:41.541+0700] {processor.py:830} INFO - Processing file /usr/local/lib/python3.10/dist-packages/airflow/example_dags/example_sensor_decorator.py for tasks to queue
[2024-07-27T22:03:41.541+0700] {logging_mixin.py:188} INFO - [2024-07-27T22:03:41.541+0700] {dagbag.py:545} INFO - Filling up the DagBag from /usr/local/lib/python3.10/dist-packages/airflow/example_dags/example_sensor_decorator.py
[2024-07-27T22:03:41.546+0700] {processor.py:840} INFO - DAG(s) 'example_sensor_decorator' retrieved from /usr/local/lib/python3.10/dist-packages/airflow/example_dags/example_sensor_decorator.py
[2024-07-27T22:03:41.558+0700] {logging_mixin.py:188} INFO - [2024-07-27T22:03:41.558+0700] {dag.py:3089} INFO - Sync 1 DAGs
[2024-07-27T22:03:41.567+0700] {logging_mixin.py:188} INFO - [2024-07-27T22:03:41.566+0700] {dag.py:3947} INFO - Setting next_dagrun for example_sensor_decorator to None, run_after=None
[2024-07-27T22:03:41.599+0700] {processor.py:183} INFO - Processing /usr/local/lib/python3.10/dist-packages/airflow/example_dags/example_sensor_decorator.py took 0.065 seconds
[2024-07-27T22:04:24.311+0700] {processor.py:161} INFO - Started process (PID=21978) to work on /usr/local/lib/python3.10/dist-packages/airflow/example_dags/example_sensor_decorator.py
[2024-07-27T22:04:24.312+0700] {processor.py:830} INFO - Processing file /usr/local/lib/python3.10/dist-packages/airflow/example_dags/example_sensor_decorator.py for tasks to queue
[2024-07-27T22:04:24.313+0700] {logging_mixin.py:188} INFO - [2024-07-27T22:04:24.313+0700] {dagbag.py:545} INFO - Filling up the DagBag from /usr/local/lib/python3.10/dist-packages/airflow/example_dags/example_sensor_decorator.py
[2024-07-27T22:04:24.318+0700] {processor.py:840} INFO - DAG(s) 'example_sensor_decorator' retrieved from /usr/local/lib/python3.10/dist-packages/airflow/example_dags/example_sensor_decorator.py
[2024-07-27T22:04:24.329+0700] {logging_mixin.py:188} INFO - [2024-07-27T22:04:24.329+0700] {dag.py:3089} INFO - Sync 1 DAGs
[2024-07-27T22:04:24.337+0700] {logging_mixin.py:188} INFO - [2024-07-27T22:04:24.337+0700] {dag.py:3947} INFO - Setting next_dagrun for example_sensor_decorator to None, run_after=None
[2024-07-27T22:04:24.369+0700] {processor.py:183} INFO - Processing /usr/local/lib/python3.10/dist-packages/airflow/example_dags/example_sensor_decorator.py took 0.062 seconds
[2024-07-27T22:05:10.696+0700] {processor.py:161} INFO - Started process (PID=22526) to work on /usr/local/lib/python3.10/dist-packages/airflow/example_dags/example_sensor_decorator.py
[2024-07-27T22:05:10.698+0700] {processor.py:830} INFO - Processing file /usr/local/lib/python3.10/dist-packages/airflow/example_dags/example_sensor_decorator.py for tasks to queue
[2024-07-27T22:05:10.699+0700] {logging_mixin.py:188} INFO - [2024-07-27T22:05:10.699+0700] {dagbag.py:545} INFO - Filling up the DagBag from /usr/local/lib/python3.10/dist-packages/airflow/example_dags/example_sensor_decorator.py
[2024-07-27T22:05:10.705+0700] {processor.py:840} INFO - DAG(s) 'example_sensor_decorator' retrieved from /usr/local/lib/python3.10/dist-packages/airflow/example_dags/example_sensor_decorator.py
[2024-07-27T22:05:10.718+0700] {logging_mixin.py:188} INFO - [2024-07-27T22:05:10.718+0700] {dag.py:3089} INFO - Sync 1 DAGs
[2024-07-27T22:05:10.728+0700] {logging_mixin.py:188} INFO - [2024-07-27T22:05:10.728+0700] {dag.py:3947} INFO - Setting next_dagrun for example_sensor_decorator to None, run_after=None
[2024-07-27T22:05:10.759+0700] {processor.py:183} INFO - Processing /usr/local/lib/python3.10/dist-packages/airflow/example_dags/example_sensor_decorator.py took 0.069 seconds
[2024-07-27T22:05:52.157+0700] {processor.py:161} INFO - Started process (PID=22903) to work on /usr/local/lib/python3.10/dist-packages/airflow/example_dags/example_sensor_decorator.py
[2024-07-27T22:05:52.159+0700] {processor.py:830} INFO - Processing file /usr/local/lib/python3.10/dist-packages/airflow/example_dags/example_sensor_decorator.py for tasks to queue
[2024-07-27T22:05:52.159+0700] {logging_mixin.py:188} INFO - [2024-07-27T22:05:52.159+0700] {dagbag.py:545} INFO - Filling up the DagBag from /usr/local/lib/python3.10/dist-packages/airflow/example_dags/example_sensor_decorator.py
[2024-07-27T22:05:52.164+0700] {processor.py:840} INFO - DAG(s) 'example_sensor_decorator' retrieved from /usr/local/lib/python3.10/dist-packages/airflow/example_dags/example_sensor_decorator.py
[2024-07-27T22:05:52.175+0700] {logging_mixin.py:188} INFO - [2024-07-27T22:05:52.175+0700] {dag.py:3089} INFO - Sync 1 DAGs
[2024-07-27T22:05:52.183+0700] {logging_mixin.py:188} INFO - [2024-07-27T22:05:52.183+0700] {dag.py:3947} INFO - Setting next_dagrun for example_sensor_decorator to None, run_after=None
[2024-07-27T22:05:52.212+0700] {processor.py:183} INFO - Processing /usr/local/lib/python3.10/dist-packages/airflow/example_dags/example_sensor_decorator.py took 0.060 seconds
[2024-07-27T22:06:36.235+0700] {processor.py:161} INFO - Started process (PID=23538) to work on /usr/local/lib/python3.10/dist-packages/airflow/example_dags/example_sensor_decorator.py
[2024-07-27T22:06:36.238+0700] {processor.py:830} INFO - Processing file /usr/local/lib/python3.10/dist-packages/airflow/example_dags/example_sensor_decorator.py for tasks to queue
[2024-07-27T22:06:36.239+0700] {logging_mixin.py:188} INFO - [2024-07-27T22:06:36.239+0700] {dagbag.py:545} INFO - Filling up the DagBag from /usr/local/lib/python3.10/dist-packages/airflow/example_dags/example_sensor_decorator.py
[2024-07-27T22:06:36.245+0700] {processor.py:840} INFO - DAG(s) 'example_sensor_decorator' retrieved from /usr/local/lib/python3.10/dist-packages/airflow/example_dags/example_sensor_decorator.py
[2024-07-27T22:06:36.258+0700] {logging_mixin.py:188} INFO - [2024-07-27T22:06:36.258+0700] {dag.py:3089} INFO - Sync 1 DAGs
[2024-07-27T22:06:36.266+0700] {logging_mixin.py:188} INFO - [2024-07-27T22:06:36.266+0700] {dag.py:3947} INFO - Setting next_dagrun for example_sensor_decorator to None, run_after=None
[2024-07-27T22:06:36.299+0700] {processor.py:183} INFO - Processing /usr/local/lib/python3.10/dist-packages/airflow/example_dags/example_sensor_decorator.py took 0.068 seconds
[2024-07-27T22:07:24.489+0700] {processor.py:161} INFO - Started process (PID=23915) to work on /usr/local/lib/python3.10/dist-packages/airflow/example_dags/example_sensor_decorator.py
[2024-07-27T22:07:24.492+0700] {processor.py:830} INFO - Processing file /usr/local/lib/python3.10/dist-packages/airflow/example_dags/example_sensor_decorator.py for tasks to queue
[2024-07-27T22:07:24.493+0700] {logging_mixin.py:188} INFO - [2024-07-27T22:07:24.492+0700] {dagbag.py:545} INFO - Filling up the DagBag from /usr/local/lib/python3.10/dist-packages/airflow/example_dags/example_sensor_decorator.py
[2024-07-27T22:07:24.497+0700] {processor.py:840} INFO - DAG(s) 'example_sensor_decorator' retrieved from /usr/local/lib/python3.10/dist-packages/airflow/example_dags/example_sensor_decorator.py
[2024-07-27T22:07:24.508+0700] {logging_mixin.py:188} INFO - [2024-07-27T22:07:24.508+0700] {dag.py:3089} INFO - Sync 1 DAGs
[2024-07-27T22:07:24.516+0700] {logging_mixin.py:188} INFO - [2024-07-27T22:07:24.516+0700] {dag.py:3947} INFO - Setting next_dagrun for example_sensor_decorator to None, run_after=None
[2024-07-27T22:07:24.547+0700] {processor.py:183} INFO - Processing /usr/local/lib/python3.10/dist-packages/airflow/example_dags/example_sensor_decorator.py took 0.062 seconds
[2024-07-27T22:08:06.485+0700] {processor.py:161} INFO - Started process (PID=24342) to work on /usr/local/lib/python3.10/dist-packages/airflow/example_dags/example_sensor_decorator.py
[2024-07-27T22:08:06.487+0700] {processor.py:830} INFO - Processing file /usr/local/lib/python3.10/dist-packages/airflow/example_dags/example_sensor_decorator.py for tasks to queue
[2024-07-27T22:08:06.488+0700] {logging_mixin.py:188} INFO - [2024-07-27T22:08:06.488+0700] {dagbag.py:545} INFO - Filling up the DagBag from /usr/local/lib/python3.10/dist-packages/airflow/example_dags/example_sensor_decorator.py
[2024-07-27T22:08:06.492+0700] {processor.py:840} INFO - DAG(s) 'example_sensor_decorator' retrieved from /usr/local/lib/python3.10/dist-packages/airflow/example_dags/example_sensor_decorator.py
[2024-07-27T22:08:06.507+0700] {logging_mixin.py:188} INFO - [2024-07-27T22:08:06.506+0700] {dag.py:3089} INFO - Sync 1 DAGs
[2024-07-27T22:08:06.516+0700] {logging_mixin.py:188} INFO - [2024-07-27T22:08:06.516+0700] {dag.py:3947} INFO - Setting next_dagrun for example_sensor_decorator to None, run_after=None
[2024-07-27T22:08:06.547+0700] {processor.py:183} INFO - Processing /usr/local/lib/python3.10/dist-packages/airflow/example_dags/example_sensor_decorator.py took 0.067 seconds
[2024-07-27T22:08:48.262+0700] {processor.py:161} INFO - Started process (PID=24857) to work on /usr/local/lib/python3.10/dist-packages/airflow/example_dags/example_sensor_decorator.py
[2024-07-27T22:08:48.264+0700] {processor.py:830} INFO - Processing file /usr/local/lib/python3.10/dist-packages/airflow/example_dags/example_sensor_decorator.py for tasks to queue
[2024-07-27T22:08:48.265+0700] {logging_mixin.py:188} INFO - [2024-07-27T22:08:48.265+0700] {dagbag.py:545} INFO - Filling up the DagBag from /usr/local/lib/python3.10/dist-packages/airflow/example_dags/example_sensor_decorator.py
[2024-07-27T22:08:48.269+0700] {processor.py:840} INFO - DAG(s) 'example_sensor_decorator' retrieved from /usr/local/lib/python3.10/dist-packages/airflow/example_dags/example_sensor_decorator.py
[2024-07-27T22:08:48.281+0700] {logging_mixin.py:188} INFO - [2024-07-27T22:08:48.281+0700] {dag.py:3089} INFO - Sync 1 DAGs
[2024-07-27T22:08:48.289+0700] {logging_mixin.py:188} INFO - [2024-07-27T22:08:48.289+0700] {dag.py:3947} INFO - Setting next_dagrun for example_sensor_decorator to None, run_after=None
[2024-07-27T22:08:48.318+0700] {processor.py:183} INFO - Processing /usr/local/lib/python3.10/dist-packages/airflow/example_dags/example_sensor_decorator.py took 0.060 seconds
[2024-07-27T22:09:29.474+0700] {processor.py:161} INFO - Started process (PID=25245) to work on /usr/local/lib/python3.10/dist-packages/airflow/example_dags/example_sensor_decorator.py
[2024-07-27T22:09:29.477+0700] {processor.py:830} INFO - Processing file /usr/local/lib/python3.10/dist-packages/airflow/example_dags/example_sensor_decorator.py for tasks to queue
[2024-07-27T22:09:29.477+0700] {logging_mixin.py:188} INFO - [2024-07-27T22:09:29.477+0700] {dagbag.py:545} INFO - Filling up the DagBag from /usr/local/lib/python3.10/dist-packages/airflow/example_dags/example_sensor_decorator.py
[2024-07-27T22:09:29.482+0700] {processor.py:840} INFO - DAG(s) 'example_sensor_decorator' retrieved from /usr/local/lib/python3.10/dist-packages/airflow/example_dags/example_sensor_decorator.py
[2024-07-27T22:09:29.494+0700] {logging_mixin.py:188} INFO - [2024-07-27T22:09:29.493+0700] {dag.py:3089} INFO - Sync 1 DAGs
[2024-07-27T22:09:29.503+0700] {logging_mixin.py:188} INFO - [2024-07-27T22:09:29.502+0700] {dag.py:3947} INFO - Setting next_dagrun for example_sensor_decorator to None, run_after=None
[2024-07-27T22:09:29.531+0700] {processor.py:183} INFO - Processing /usr/local/lib/python3.10/dist-packages/airflow/example_dags/example_sensor_decorator.py took 0.062 seconds
[2024-07-27T22:10:14.226+0700] {processor.py:161} INFO - Started process (PID=25628) to work on /usr/local/lib/python3.10/dist-packages/airflow/example_dags/example_sensor_decorator.py
[2024-07-27T22:10:14.228+0700] {processor.py:830} INFO - Processing file /usr/local/lib/python3.10/dist-packages/airflow/example_dags/example_sensor_decorator.py for tasks to queue
[2024-07-27T22:10:14.229+0700] {logging_mixin.py:188} INFO - [2024-07-27T22:10:14.228+0700] {dagbag.py:545} INFO - Filling up the DagBag from /usr/local/lib/python3.10/dist-packages/airflow/example_dags/example_sensor_decorator.py
[2024-07-27T22:10:14.233+0700] {processor.py:840} INFO - DAG(s) 'example_sensor_decorator' retrieved from /usr/local/lib/python3.10/dist-packages/airflow/example_dags/example_sensor_decorator.py
[2024-07-27T22:10:14.245+0700] {logging_mixin.py:188} INFO - [2024-07-27T22:10:14.244+0700] {dag.py:3089} INFO - Sync 1 DAGs
[2024-07-27T22:10:14.254+0700] {logging_mixin.py:188} INFO - [2024-07-27T22:10:14.253+0700] {dag.py:3947} INFO - Setting next_dagrun for example_sensor_decorator to None, run_after=None
[2024-07-27T22:10:14.290+0700] {processor.py:183} INFO - Processing /usr/local/lib/python3.10/dist-packages/airflow/example_dags/example_sensor_decorator.py took 0.069 seconds
