[2024-07-27T18:30:11.066+0700] {processor.py:161} INFO - Started process (PID=1541) to work on /usr/local/lib/python3.10/dist-packages/airflow/example_dags/example_branch_python_dop_operator_3.py
[2024-07-27T18:30:11.067+0700] {processor.py:830} INFO - Processing file /usr/local/lib/python3.10/dist-packages/airflow/example_dags/example_branch_python_dop_operator_3.py for tasks to queue
[2024-07-27T18:30:11.068+0700] {logging_mixin.py:188} INFO - [2024-07-27T18:30:11.068+0700] {dagbag.py:545} INFO - Filling up the DagBag from /usr/local/lib/python3.10/dist-packages/airflow/example_dags/example_branch_python_dop_operator_3.py
[2024-07-27T18:30:11.074+0700] {processor.py:840} INFO - DAG(s) 'example_branch_dop_operator_v3' retrieved from /usr/local/lib/python3.10/dist-packages/airflow/example_dags/example_branch_python_dop_operator_3.py
[2024-07-27T18:30:11.087+0700] {logging_mixin.py:188} INFO - [2024-07-27T18:30:11.087+0700] {dag.py:3089} INFO - Sync 1 DAGs
[2024-07-27T18:30:11.104+0700] {logging_mixin.py:188} INFO - [2024-07-27T18:30:11.104+0700] {dag.py:3947} INFO - Setting next_dagrun for example_branch_dop_operator_v3 to 2024-07-27 11:29:00+00:00, run_after=2024-07-27 11:30:00+00:00
[2024-07-27T18:30:11.138+0700] {processor.py:183} INFO - Processing /usr/local/lib/python3.10/dist-packages/airflow/example_dags/example_branch_python_dop_operator_3.py took 0.077 seconds
[2024-07-27T21:32:40.836+0700] {processor.py:161} INFO - Started process (PID=1915) to work on /usr/local/lib/python3.10/dist-packages/airflow/example_dags/example_branch_python_dop_operator_3.py
[2024-07-27T21:32:40.838+0700] {processor.py:830} INFO - Processing file /usr/local/lib/python3.10/dist-packages/airflow/example_dags/example_branch_python_dop_operator_3.py for tasks to queue
[2024-07-27T21:32:40.839+0700] {logging_mixin.py:188} INFO - [2024-07-27T21:32:40.839+0700] {dagbag.py:545} INFO - Filling up the DagBag from /usr/local/lib/python3.10/dist-packages/airflow/example_dags/example_branch_python_dop_operator_3.py
[2024-07-27T21:32:40.846+0700] {processor.py:840} INFO - DAG(s) 'example_branch_dop_operator_v3' retrieved from /usr/local/lib/python3.10/dist-packages/airflow/example_dags/example_branch_python_dop_operator_3.py
[2024-07-27T21:32:40.859+0700] {logging_mixin.py:188} INFO - [2024-07-27T21:32:40.858+0700] {dag.py:3089} INFO - Sync 1 DAGs
[2024-07-27T21:32:40.876+0700] {logging_mixin.py:188} INFO - [2024-07-27T21:32:40.876+0700] {dag.py:3947} INFO - Setting next_dagrun for example_branch_dop_operator_v3 to 2024-07-27 14:31:00+00:00, run_after=2024-07-27 14:32:00+00:00
[2024-07-27T21:32:40.906+0700] {processor.py:183} INFO - Processing /usr/local/lib/python3.10/dist-packages/airflow/example_dags/example_branch_python_dop_operator_3.py took 0.075 seconds
[2024-07-27T21:33:48.384+0700] {processor.py:161} INFO - Started process (PID=2755) to work on /usr/local/lib/python3.10/dist-packages/airflow/example_dags/example_branch_python_dop_operator_3.py
[2024-07-27T21:33:48.390+0700] {processor.py:830} INFO - Processing file /usr/local/lib/python3.10/dist-packages/airflow/example_dags/example_branch_python_dop_operator_3.py for tasks to queue
[2024-07-27T21:33:48.391+0700] {logging_mixin.py:188} INFO - [2024-07-27T21:33:48.391+0700] {dagbag.py:545} INFO - Filling up the DagBag from /usr/local/lib/python3.10/dist-packages/airflow/example_dags/example_branch_python_dop_operator_3.py
[2024-07-27T21:33:48.398+0700] {processor.py:840} INFO - DAG(s) 'example_branch_dop_operator_v3' retrieved from /usr/local/lib/python3.10/dist-packages/airflow/example_dags/example_branch_python_dop_operator_3.py
[2024-07-27T21:33:48.409+0700] {logging_mixin.py:188} INFO - [2024-07-27T21:33:48.409+0700] {dag.py:3089} INFO - Sync 1 DAGs
[2024-07-27T21:33:48.507+0700] {logging_mixin.py:188} INFO - [2024-07-27T21:33:48.507+0700] {dag.py:3947} INFO - Setting next_dagrun for example_branch_dop_operator_v3 to 2024-07-27 14:32:00+00:00, run_after=2024-07-27 14:33:00+00:00
[2024-07-27T21:33:48.544+0700] {processor.py:183} INFO - Processing /usr/local/lib/python3.10/dist-packages/airflow/example_dags/example_branch_python_dop_operator_3.py took 0.164 seconds
[2024-07-27T21:34:40.317+0700] {processor.py:161} INFO - Started process (PID=3192) to work on /usr/local/lib/python3.10/dist-packages/airflow/example_dags/example_branch_python_dop_operator_3.py
[2024-07-27T21:34:40.319+0700] {processor.py:830} INFO - Processing file /usr/local/lib/python3.10/dist-packages/airflow/example_dags/example_branch_python_dop_operator_3.py for tasks to queue
[2024-07-27T21:34:40.320+0700] {logging_mixin.py:188} INFO - [2024-07-27T21:34:40.319+0700] {dagbag.py:545} INFO - Filling up the DagBag from /usr/local/lib/python3.10/dist-packages/airflow/example_dags/example_branch_python_dop_operator_3.py
[2024-07-27T21:34:40.327+0700] {processor.py:840} INFO - DAG(s) 'example_branch_dop_operator_v3' retrieved from /usr/local/lib/python3.10/dist-packages/airflow/example_dags/example_branch_python_dop_operator_3.py
[2024-07-27T21:34:40.338+0700] {logging_mixin.py:188} INFO - [2024-07-27T21:34:40.338+0700] {dag.py:3089} INFO - Sync 1 DAGs
[2024-07-27T21:34:40.356+0700] {logging_mixin.py:188} INFO - [2024-07-27T21:34:40.355+0700] {dag.py:3947} INFO - Setting next_dagrun for example_branch_dop_operator_v3 to 2024-07-27 14:33:00+00:00, run_after=2024-07-27 14:34:00+00:00
[2024-07-27T21:34:40.387+0700] {processor.py:183} INFO - Processing /usr/local/lib/python3.10/dist-packages/airflow/example_dags/example_branch_python_dop_operator_3.py took 0.075 seconds
[2024-07-27T21:35:45.632+0700] {processor.py:161} INFO - Started process (PID=3726) to work on /usr/local/lib/python3.10/dist-packages/airflow/example_dags/example_branch_python_dop_operator_3.py
[2024-07-27T21:35:45.634+0700] {processor.py:830} INFO - Processing file /usr/local/lib/python3.10/dist-packages/airflow/example_dags/example_branch_python_dop_operator_3.py for tasks to queue
[2024-07-27T21:35:45.636+0700] {logging_mixin.py:188} INFO - [2024-07-27T21:35:45.636+0700] {dagbag.py:545} INFO - Filling up the DagBag from /usr/local/lib/python3.10/dist-packages/airflow/example_dags/example_branch_python_dop_operator_3.py
[2024-07-27T21:35:45.650+0700] {processor.py:840} INFO - DAG(s) 'example_branch_dop_operator_v3' retrieved from /usr/local/lib/python3.10/dist-packages/airflow/example_dags/example_branch_python_dop_operator_3.py
[2024-07-27T21:35:45.671+0700] {logging_mixin.py:188} INFO - [2024-07-27T21:35:45.671+0700] {dag.py:3089} INFO - Sync 1 DAGs
[2024-07-27T21:35:45.705+0700] {logging_mixin.py:188} INFO - [2024-07-27T21:35:45.705+0700] {dag.py:3947} INFO - Setting next_dagrun for example_branch_dop_operator_v3 to 2024-07-27 14:34:00+00:00, run_after=2024-07-27 14:35:00+00:00
[2024-07-27T21:35:45.754+0700] {processor.py:183} INFO - Processing /usr/local/lib/python3.10/dist-packages/airflow/example_dags/example_branch_python_dop_operator_3.py took 0.133 seconds
[2024-07-27T21:36:48.646+0700] {processor.py:161} INFO - Started process (PID=4288) to work on /usr/local/lib/python3.10/dist-packages/airflow/example_dags/example_branch_python_dop_operator_3.py
[2024-07-27T21:36:48.650+0700] {processor.py:830} INFO - Processing file /usr/local/lib/python3.10/dist-packages/airflow/example_dags/example_branch_python_dop_operator_3.py for tasks to queue
[2024-07-27T21:36:48.651+0700] {logging_mixin.py:188} INFO - [2024-07-27T21:36:48.651+0700] {dagbag.py:545} INFO - Filling up the DagBag from /usr/local/lib/python3.10/dist-packages/airflow/example_dags/example_branch_python_dop_operator_3.py
[2024-07-27T21:36:48.658+0700] {processor.py:840} INFO - DAG(s) 'example_branch_dop_operator_v3' retrieved from /usr/local/lib/python3.10/dist-packages/airflow/example_dags/example_branch_python_dop_operator_3.py
[2024-07-27T21:36:48.669+0700] {logging_mixin.py:188} INFO - [2024-07-27T21:36:48.669+0700] {dag.py:3089} INFO - Sync 1 DAGs
[2024-07-27T21:36:48.688+0700] {logging_mixin.py:188} INFO - [2024-07-27T21:36:48.688+0700] {dag.py:3947} INFO - Setting next_dagrun for example_branch_dop_operator_v3 to 2024-07-27 14:35:00+00:00, run_after=2024-07-27 14:36:00+00:00
[2024-07-27T21:36:48.720+0700] {processor.py:183} INFO - Processing /usr/local/lib/python3.10/dist-packages/airflow/example_dags/example_branch_python_dop_operator_3.py took 0.078 seconds
[2024-07-27T21:37:51.679+0700] {processor.py:161} INFO - Started process (PID=4808) to work on /usr/local/lib/python3.10/dist-packages/airflow/example_dags/example_branch_python_dop_operator_3.py
[2024-07-27T21:37:51.680+0700] {processor.py:830} INFO - Processing file /usr/local/lib/python3.10/dist-packages/airflow/example_dags/example_branch_python_dop_operator_3.py for tasks to queue
[2024-07-27T21:37:51.681+0700] {logging_mixin.py:188} INFO - [2024-07-27T21:37:51.681+0700] {dagbag.py:545} INFO - Filling up the DagBag from /usr/local/lib/python3.10/dist-packages/airflow/example_dags/example_branch_python_dop_operator_3.py
[2024-07-27T21:37:51.691+0700] {processor.py:840} INFO - DAG(s) 'example_branch_dop_operator_v3' retrieved from /usr/local/lib/python3.10/dist-packages/airflow/example_dags/example_branch_python_dop_operator_3.py
[2024-07-27T21:37:51.703+0700] {logging_mixin.py:188} INFO - [2024-07-27T21:37:51.703+0700] {dag.py:3089} INFO - Sync 1 DAGs
[2024-07-27T21:37:51.721+0700] {logging_mixin.py:188} INFO - [2024-07-27T21:37:51.721+0700] {dag.py:3947} INFO - Setting next_dagrun for example_branch_dop_operator_v3 to 2024-07-27 14:36:00+00:00, run_after=2024-07-27 14:37:00+00:00
[2024-07-27T21:37:51.751+0700] {processor.py:183} INFO - Processing /usr/local/lib/python3.10/dist-packages/airflow/example_dags/example_branch_python_dop_operator_3.py took 0.076 seconds
[2024-07-27T21:39:02.644+0700] {processor.py:161} INFO - Started process (PID=5367) to work on /usr/local/lib/python3.10/dist-packages/airflow/example_dags/example_branch_python_dop_operator_3.py
[2024-07-27T21:39:02.649+0700] {processor.py:830} INFO - Processing file /usr/local/lib/python3.10/dist-packages/airflow/example_dags/example_branch_python_dop_operator_3.py for tasks to queue
[2024-07-27T21:39:02.651+0700] {logging_mixin.py:188} INFO - [2024-07-27T21:39:02.650+0700] {dagbag.py:545} INFO - Filling up the DagBag from /usr/local/lib/python3.10/dist-packages/airflow/example_dags/example_branch_python_dop_operator_3.py
[2024-07-27T21:39:02.660+0700] {processor.py:840} INFO - DAG(s) 'example_branch_dop_operator_v3' retrieved from /usr/local/lib/python3.10/dist-packages/airflow/example_dags/example_branch_python_dop_operator_3.py
[2024-07-27T21:39:02.676+0700] {logging_mixin.py:188} INFO - [2024-07-27T21:39:02.675+0700] {dag.py:3089} INFO - Sync 1 DAGs
[2024-07-27T21:39:02.701+0700] {logging_mixin.py:188} INFO - [2024-07-27T21:39:02.701+0700] {dag.py:3947} INFO - Setting next_dagrun for example_branch_dop_operator_v3 to 2024-07-27 14:38:00+00:00, run_after=2024-07-27 14:39:00+00:00
[2024-07-27T21:39:02.738+0700] {processor.py:183} INFO - Processing /usr/local/lib/python3.10/dist-packages/airflow/example_dags/example_branch_python_dop_operator_3.py took 0.100 seconds
[2024-07-27T21:40:07.661+0700] {processor.py:161} INFO - Started process (PID=6146) to work on /usr/local/lib/python3.10/dist-packages/airflow/example_dags/example_branch_python_dop_operator_3.py
[2024-07-27T21:40:07.663+0700] {processor.py:830} INFO - Processing file /usr/local/lib/python3.10/dist-packages/airflow/example_dags/example_branch_python_dop_operator_3.py for tasks to queue
[2024-07-27T21:40:07.665+0700] {logging_mixin.py:188} INFO - [2024-07-27T21:40:07.664+0700] {dagbag.py:545} INFO - Filling up the DagBag from /usr/local/lib/python3.10/dist-packages/airflow/example_dags/example_branch_python_dop_operator_3.py
[2024-07-27T21:40:07.672+0700] {processor.py:840} INFO - DAG(s) 'example_branch_dop_operator_v3' retrieved from /usr/local/lib/python3.10/dist-packages/airflow/example_dags/example_branch_python_dop_operator_3.py
[2024-07-27T21:40:07.684+0700] {logging_mixin.py:188} INFO - [2024-07-27T21:40:07.684+0700] {dag.py:3089} INFO - Sync 1 DAGs
[2024-07-27T21:40:07.703+0700] {logging_mixin.py:188} INFO - [2024-07-27T21:40:07.703+0700] {dag.py:3947} INFO - Setting next_dagrun for example_branch_dop_operator_v3 to 2024-07-27 14:39:00+00:00, run_after=2024-07-27 14:40:00+00:00
[2024-07-27T21:40:07.732+0700] {processor.py:183} INFO - Processing /usr/local/lib/python3.10/dist-packages/airflow/example_dags/example_branch_python_dop_operator_3.py took 0.076 seconds
[2024-07-27T21:41:09.836+0700] {processor.py:161} INFO - Started process (PID=6761) to work on /usr/local/lib/python3.10/dist-packages/airflow/example_dags/example_branch_python_dop_operator_3.py
[2024-07-27T21:41:09.837+0700] {processor.py:830} INFO - Processing file /usr/local/lib/python3.10/dist-packages/airflow/example_dags/example_branch_python_dop_operator_3.py for tasks to queue
[2024-07-27T21:41:09.838+0700] {logging_mixin.py:188} INFO - [2024-07-27T21:41:09.838+0700] {dagbag.py:545} INFO - Filling up the DagBag from /usr/local/lib/python3.10/dist-packages/airflow/example_dags/example_branch_python_dop_operator_3.py
[2024-07-27T21:41:09.847+0700] {processor.py:840} INFO - DAG(s) 'example_branch_dop_operator_v3' retrieved from /usr/local/lib/python3.10/dist-packages/airflow/example_dags/example_branch_python_dop_operator_3.py
[2024-07-27T21:41:09.883+0700] {logging_mixin.py:188} INFO - [2024-07-27T21:41:09.882+0700] {dag.py:3089} INFO - Sync 1 DAGs
[2024-07-27T21:41:09.905+0700] {logging_mixin.py:188} INFO - [2024-07-27T21:41:09.905+0700] {dag.py:3947} INFO - Setting next_dagrun for example_branch_dop_operator_v3 to 2024-07-27 14:40:00+00:00, run_after=2024-07-27 14:41:00+00:00
[2024-07-27T21:41:09.939+0700] {processor.py:183} INFO - Processing /usr/local/lib/python3.10/dist-packages/airflow/example_dags/example_branch_python_dop_operator_3.py took 0.109 seconds
[2024-07-27T21:44:53.616+0700] {processor.py:161} INFO - Started process (PID=9590) to work on /usr/local/lib/python3.10/dist-packages/airflow/example_dags/example_branch_python_dop_operator_3.py
[2024-07-27T21:44:53.618+0700] {processor.py:830} INFO - Processing file /usr/local/lib/python3.10/dist-packages/airflow/example_dags/example_branch_python_dop_operator_3.py for tasks to queue
[2024-07-27T21:44:53.618+0700] {logging_mixin.py:188} INFO - [2024-07-27T21:44:53.618+0700] {dagbag.py:545} INFO - Filling up the DagBag from /usr/local/lib/python3.10/dist-packages/airflow/example_dags/example_branch_python_dop_operator_3.py
[2024-07-27T21:44:53.624+0700] {processor.py:840} INFO - DAG(s) 'example_branch_dop_operator_v3' retrieved from /usr/local/lib/python3.10/dist-packages/airflow/example_dags/example_branch_python_dop_operator_3.py
[2024-07-27T21:44:53.639+0700] {logging_mixin.py:188} INFO - [2024-07-27T21:44:53.638+0700] {dag.py:3089} INFO - Sync 1 DAGs
[2024-07-27T21:44:53.654+0700] {logging_mixin.py:188} INFO - [2024-07-27T21:44:53.654+0700] {dag.py:3947} INFO - Setting next_dagrun for example_branch_dop_operator_v3 to 2024-07-27 14:43:00+00:00, run_after=2024-07-27 14:44:00+00:00
[2024-07-27T21:44:53.685+0700] {processor.py:183} INFO - Processing /usr/local/lib/python3.10/dist-packages/airflow/example_dags/example_branch_python_dop_operator_3.py took 0.073 seconds
[2024-07-27T21:48:51.282+0700] {processor.py:161} INFO - Started process (PID=12100) to work on /usr/local/lib/python3.10/dist-packages/airflow/example_dags/example_branch_python_dop_operator_3.py
[2024-07-27T21:48:51.285+0700] {processor.py:830} INFO - Processing file /usr/local/lib/python3.10/dist-packages/airflow/example_dags/example_branch_python_dop_operator_3.py for tasks to queue
[2024-07-27T21:48:51.286+0700] {logging_mixin.py:188} INFO - [2024-07-27T21:48:51.286+0700] {dagbag.py:545} INFO - Filling up the DagBag from /usr/local/lib/python3.10/dist-packages/airflow/example_dags/example_branch_python_dop_operator_3.py
[2024-07-27T21:48:51.292+0700] {processor.py:840} INFO - DAG(s) 'example_branch_dop_operator_v3' retrieved from /usr/local/lib/python3.10/dist-packages/airflow/example_dags/example_branch_python_dop_operator_3.py
[2024-07-27T21:48:51.306+0700] {logging_mixin.py:188} INFO - [2024-07-27T21:48:51.305+0700] {dag.py:3089} INFO - Sync 1 DAGs
[2024-07-27T21:48:51.321+0700] {logging_mixin.py:188} INFO - [2024-07-27T21:48:51.321+0700] {dag.py:3947} INFO - Setting next_dagrun for example_branch_dop_operator_v3 to 2024-07-27 14:47:00+00:00, run_after=2024-07-27 14:48:00+00:00
[2024-07-27T21:48:51.352+0700] {processor.py:183} INFO - Processing /usr/local/lib/python3.10/dist-packages/airflow/example_dags/example_branch_python_dop_operator_3.py took 0.074 seconds
[2024-07-27T21:49:51.909+0700] {processor.py:161} INFO - Started process (PID=12703) to work on /usr/local/lib/python3.10/dist-packages/airflow/example_dags/example_branch_python_dop_operator_3.py
[2024-07-27T21:49:51.912+0700] {processor.py:830} INFO - Processing file /usr/local/lib/python3.10/dist-packages/airflow/example_dags/example_branch_python_dop_operator_3.py for tasks to queue
[2024-07-27T21:49:51.912+0700] {logging_mixin.py:188} INFO - [2024-07-27T21:49:51.912+0700] {dagbag.py:545} INFO - Filling up the DagBag from /usr/local/lib/python3.10/dist-packages/airflow/example_dags/example_branch_python_dop_operator_3.py
[2024-07-27T21:49:51.920+0700] {processor.py:840} INFO - DAG(s) 'example_branch_dop_operator_v3' retrieved from /usr/local/lib/python3.10/dist-packages/airflow/example_dags/example_branch_python_dop_operator_3.py
[2024-07-27T21:49:51.931+0700] {logging_mixin.py:188} INFO - [2024-07-27T21:49:51.931+0700] {dag.py:3089} INFO - Sync 1 DAGs
[2024-07-27T21:49:51.946+0700] {logging_mixin.py:188} INFO - [2024-07-27T21:49:51.946+0700] {dag.py:3947} INFO - Setting next_dagrun for example_branch_dop_operator_v3 to 2024-07-27 14:48:00+00:00, run_after=2024-07-27 14:49:00+00:00
[2024-07-27T21:49:51.975+0700] {processor.py:183} INFO - Processing /usr/local/lib/python3.10/dist-packages/airflow/example_dags/example_branch_python_dop_operator_3.py took 0.070 seconds
[2024-07-27T21:50:49.901+0700] {processor.py:161} INFO - Started process (PID=13356) to work on /usr/local/lib/python3.10/dist-packages/airflow/example_dags/example_branch_python_dop_operator_3.py
[2024-07-27T21:50:49.903+0700] {processor.py:830} INFO - Processing file /usr/local/lib/python3.10/dist-packages/airflow/example_dags/example_branch_python_dop_operator_3.py for tasks to queue
[2024-07-27T21:50:49.903+0700] {logging_mixin.py:188} INFO - [2024-07-27T21:50:49.903+0700] {dagbag.py:545} INFO - Filling up the DagBag from /usr/local/lib/python3.10/dist-packages/airflow/example_dags/example_branch_python_dop_operator_3.py
[2024-07-27T21:50:49.911+0700] {processor.py:840} INFO - DAG(s) 'example_branch_dop_operator_v3' retrieved from /usr/local/lib/python3.10/dist-packages/airflow/example_dags/example_branch_python_dop_operator_3.py
[2024-07-27T21:50:49.924+0700] {logging_mixin.py:188} INFO - [2024-07-27T21:50:49.923+0700] {dag.py:3089} INFO - Sync 1 DAGs
[2024-07-27T21:50:49.941+0700] {logging_mixin.py:188} INFO - [2024-07-27T21:50:49.941+0700] {dag.py:3947} INFO - Setting next_dagrun for example_branch_dop_operator_v3 to 2024-07-27 14:49:00+00:00, run_after=2024-07-27 14:50:00+00:00
[2024-07-27T21:50:49.974+0700] {processor.py:183} INFO - Processing /usr/local/lib/python3.10/dist-packages/airflow/example_dags/example_branch_python_dop_operator_3.py took 0.078 seconds
[2024-07-27T21:51:55.808+0700] {processor.py:161} INFO - Started process (PID=13938) to work on /usr/local/lib/python3.10/dist-packages/airflow/example_dags/example_branch_python_dop_operator_3.py
[2024-07-27T21:51:55.811+0700] {processor.py:830} INFO - Processing file /usr/local/lib/python3.10/dist-packages/airflow/example_dags/example_branch_python_dop_operator_3.py for tasks to queue
[2024-07-27T21:51:55.811+0700] {logging_mixin.py:188} INFO - [2024-07-27T21:51:55.811+0700] {dagbag.py:545} INFO - Filling up the DagBag from /usr/local/lib/python3.10/dist-packages/airflow/example_dags/example_branch_python_dop_operator_3.py
[2024-07-27T21:51:55.818+0700] {processor.py:840} INFO - DAG(s) 'example_branch_dop_operator_v3' retrieved from /usr/local/lib/python3.10/dist-packages/airflow/example_dags/example_branch_python_dop_operator_3.py
[2024-07-27T21:51:55.830+0700] {logging_mixin.py:188} INFO - [2024-07-27T21:51:55.829+0700] {dag.py:3089} INFO - Sync 1 DAGs
[2024-07-27T21:51:55.845+0700] {logging_mixin.py:188} INFO - [2024-07-27T21:51:55.845+0700] {dag.py:3947} INFO - Setting next_dagrun for example_branch_dop_operator_v3 to 2024-07-27 14:50:00+00:00, run_after=2024-07-27 14:51:00+00:00
[2024-07-27T21:51:55.875+0700] {processor.py:183} INFO - Processing /usr/local/lib/python3.10/dist-packages/airflow/example_dags/example_branch_python_dop_operator_3.py took 0.072 seconds
[2024-07-27T21:55:16.894+0700] {processor.py:161} INFO - Started process (PID=16241) to work on /usr/local/lib/python3.10/dist-packages/airflow/example_dags/example_branch_python_dop_operator_3.py
[2024-07-27T21:55:16.895+0700] {processor.py:830} INFO - Processing file /usr/local/lib/python3.10/dist-packages/airflow/example_dags/example_branch_python_dop_operator_3.py for tasks to queue
[2024-07-27T21:55:16.896+0700] {logging_mixin.py:188} INFO - [2024-07-27T21:55:16.896+0700] {dagbag.py:545} INFO - Filling up the DagBag from /usr/local/lib/python3.10/dist-packages/airflow/example_dags/example_branch_python_dop_operator_3.py
[2024-07-27T21:55:16.902+0700] {processor.py:840} INFO - DAG(s) 'example_branch_dop_operator_v3' retrieved from /usr/local/lib/python3.10/dist-packages/airflow/example_dags/example_branch_python_dop_operator_3.py
[2024-07-27T21:55:16.916+0700] {logging_mixin.py:188} INFO - [2024-07-27T21:55:16.916+0700] {dag.py:3089} INFO - Sync 1 DAGs
[2024-07-27T21:55:16.933+0700] {logging_mixin.py:188} INFO - [2024-07-27T21:55:16.933+0700] {dag.py:3947} INFO - Setting next_dagrun for example_branch_dop_operator_v3 to 2024-07-27 14:54:00+00:00, run_after=2024-07-27 14:55:00+00:00
[2024-07-27T21:55:16.965+0700] {processor.py:183} INFO - Processing /usr/local/lib/python3.10/dist-packages/airflow/example_dags/example_branch_python_dop_operator_3.py took 0.076 seconds
[2024-07-27T21:58:41.067+0700] {processor.py:161} INFO - Started process (PID=18835) to work on /usr/local/lib/python3.10/dist-packages/airflow/example_dags/example_branch_python_dop_operator_3.py
[2024-07-27T21:58:41.068+0700] {processor.py:830} INFO - Processing file /usr/local/lib/python3.10/dist-packages/airflow/example_dags/example_branch_python_dop_operator_3.py for tasks to queue
[2024-07-27T21:58:41.069+0700] {logging_mixin.py:188} INFO - [2024-07-27T21:58:41.069+0700] {dagbag.py:545} INFO - Filling up the DagBag from /usr/local/lib/python3.10/dist-packages/airflow/example_dags/example_branch_python_dop_operator_3.py
[2024-07-27T21:58:41.076+0700] {processor.py:840} INFO - DAG(s) 'example_branch_dop_operator_v3' retrieved from /usr/local/lib/python3.10/dist-packages/airflow/example_dags/example_branch_python_dop_operator_3.py
[2024-07-27T21:58:41.091+0700] {logging_mixin.py:188} INFO - [2024-07-27T21:58:41.091+0700] {dag.py:3089} INFO - Sync 1 DAGs
[2024-07-27T21:58:41.107+0700] {logging_mixin.py:188} INFO - [2024-07-27T21:58:41.107+0700] {dag.py:3947} INFO - Setting next_dagrun for example_branch_dop_operator_v3 to 2024-07-27 14:57:00+00:00, run_after=2024-07-27 14:58:00+00:00
[2024-07-27T21:58:41.130+0700] {processor.py:183} INFO - Processing /usr/local/lib/python3.10/dist-packages/airflow/example_dags/example_branch_python_dop_operator_3.py took 0.068 seconds
[2024-07-27T21:59:46.968+0700] {processor.py:161} INFO - Started process (PID=19476) to work on /usr/local/lib/python3.10/dist-packages/airflow/example_dags/example_branch_python_dop_operator_3.py
[2024-07-27T21:59:46.969+0700] {processor.py:830} INFO - Processing file /usr/local/lib/python3.10/dist-packages/airflow/example_dags/example_branch_python_dop_operator_3.py for tasks to queue
[2024-07-27T21:59:46.970+0700] {logging_mixin.py:188} INFO - [2024-07-27T21:59:46.970+0700] {dagbag.py:545} INFO - Filling up the DagBag from /usr/local/lib/python3.10/dist-packages/airflow/example_dags/example_branch_python_dop_operator_3.py
[2024-07-27T21:59:46.976+0700] {processor.py:840} INFO - DAG(s) 'example_branch_dop_operator_v3' retrieved from /usr/local/lib/python3.10/dist-packages/airflow/example_dags/example_branch_python_dop_operator_3.py
[2024-07-27T21:59:46.989+0700] {logging_mixin.py:188} INFO - [2024-07-27T21:59:46.988+0700] {dag.py:3089} INFO - Sync 1 DAGs
[2024-07-27T21:59:47.006+0700] {logging_mixin.py:188} INFO - [2024-07-27T21:59:47.006+0700] {dag.py:3947} INFO - Setting next_dagrun for example_branch_dop_operator_v3 to 2024-07-27 14:58:00+00:00, run_after=2024-07-27 14:59:00+00:00
[2024-07-27T21:59:47.034+0700] {processor.py:183} INFO - Processing /usr/local/lib/python3.10/dist-packages/airflow/example_dags/example_branch_python_dop_operator_3.py took 0.071 seconds
[2024-07-27T22:01:00.223+0700] {processor.py:161} INFO - Started process (PID=20044) to work on /usr/local/lib/python3.10/dist-packages/airflow/example_dags/example_branch_python_dop_operator_3.py
[2024-07-27T22:01:00.225+0700] {processor.py:830} INFO - Processing file /usr/local/lib/python3.10/dist-packages/airflow/example_dags/example_branch_python_dop_operator_3.py for tasks to queue
[2024-07-27T22:01:00.227+0700] {logging_mixin.py:188} INFO - [2024-07-27T22:01:00.227+0700] {dagbag.py:545} INFO - Filling up the DagBag from /usr/local/lib/python3.10/dist-packages/airflow/example_dags/example_branch_python_dop_operator_3.py
[2024-07-27T22:01:00.237+0700] {processor.py:840} INFO - DAG(s) 'example_branch_dop_operator_v3' retrieved from /usr/local/lib/python3.10/dist-packages/airflow/example_dags/example_branch_python_dop_operator_3.py
[2024-07-27T22:01:00.251+0700] {logging_mixin.py:188} INFO - [2024-07-27T22:01:00.251+0700] {dag.py:3089} INFO - Sync 1 DAGs
[2024-07-27T22:01:00.271+0700] {logging_mixin.py:188} INFO - [2024-07-27T22:01:00.270+0700] {dag.py:3947} INFO - Setting next_dagrun for example_branch_dop_operator_v3 to 2024-07-27 15:00:00+00:00, run_after=2024-07-27 15:01:00+00:00
[2024-07-27T22:01:00.302+0700] {processor.py:183} INFO - Processing /usr/local/lib/python3.10/dist-packages/airflow/example_dags/example_branch_python_dop_operator_3.py took 0.083 seconds
[2024-07-27T22:01:51.371+0700] {processor.py:161} INFO - Started process (PID=20580) to work on /usr/local/lib/python3.10/dist-packages/airflow/example_dags/example_branch_python_dop_operator_3.py
[2024-07-27T22:01:51.372+0700] {processor.py:830} INFO - Processing file /usr/local/lib/python3.10/dist-packages/airflow/example_dags/example_branch_python_dop_operator_3.py for tasks to queue
[2024-07-27T22:01:51.373+0700] {logging_mixin.py:188} INFO - [2024-07-27T22:01:51.373+0700] {dagbag.py:545} INFO - Filling up the DagBag from /usr/local/lib/python3.10/dist-packages/airflow/example_dags/example_branch_python_dop_operator_3.py
[2024-07-27T22:01:51.380+0700] {processor.py:840} INFO - DAG(s) 'example_branch_dop_operator_v3' retrieved from /usr/local/lib/python3.10/dist-packages/airflow/example_dags/example_branch_python_dop_operator_3.py
[2024-07-27T22:01:51.392+0700] {logging_mixin.py:188} INFO - [2024-07-27T22:01:51.391+0700] {dag.py:3089} INFO - Sync 1 DAGs
[2024-07-27T22:01:51.410+0700] {logging_mixin.py:188} INFO - [2024-07-27T22:01:51.409+0700] {dag.py:3947} INFO - Setting next_dagrun for example_branch_dop_operator_v3 to 2024-07-27 15:00:00+00:00, run_after=2024-07-27 15:01:00+00:00
[2024-07-27T22:01:51.443+0700] {processor.py:183} INFO - Processing /usr/local/lib/python3.10/dist-packages/airflow/example_dags/example_branch_python_dop_operator_3.py took 0.077 seconds
[2024-07-27T22:02:53.173+0700] {processor.py:161} INFO - Started process (PID=21164) to work on /usr/local/lib/python3.10/dist-packages/airflow/example_dags/example_branch_python_dop_operator_3.py
[2024-07-27T22:02:53.175+0700] {processor.py:830} INFO - Processing file /usr/local/lib/python3.10/dist-packages/airflow/example_dags/example_branch_python_dop_operator_3.py for tasks to queue
[2024-07-27T22:02:53.176+0700] {logging_mixin.py:188} INFO - [2024-07-27T22:02:53.176+0700] {dagbag.py:545} INFO - Filling up the DagBag from /usr/local/lib/python3.10/dist-packages/airflow/example_dags/example_branch_python_dop_operator_3.py
[2024-07-27T22:02:53.182+0700] {processor.py:840} INFO - DAG(s) 'example_branch_dop_operator_v3' retrieved from /usr/local/lib/python3.10/dist-packages/airflow/example_dags/example_branch_python_dop_operator_3.py
[2024-07-27T22:02:53.194+0700] {logging_mixin.py:188} INFO - [2024-07-27T22:02:53.194+0700] {dag.py:3089} INFO - Sync 1 DAGs
[2024-07-27T22:02:53.210+0700] {logging_mixin.py:188} INFO - [2024-07-27T22:02:53.210+0700] {dag.py:3947} INFO - Setting next_dagrun for example_branch_dop_operator_v3 to 2024-07-27 15:01:00+00:00, run_after=2024-07-27 15:02:00+00:00
[2024-07-27T22:02:53.241+0700] {processor.py:183} INFO - Processing /usr/local/lib/python3.10/dist-packages/airflow/example_dags/example_branch_python_dop_operator_3.py took 0.072 seconds
[2024-07-27T22:03:57.078+0700] {processor.py:161} INFO - Started process (PID=21669) to work on /usr/local/lib/python3.10/dist-packages/airflow/example_dags/example_branch_python_dop_operator_3.py
[2024-07-27T22:03:57.080+0700] {processor.py:830} INFO - Processing file /usr/local/lib/python3.10/dist-packages/airflow/example_dags/example_branch_python_dop_operator_3.py for tasks to queue
[2024-07-27T22:03:57.081+0700] {logging_mixin.py:188} INFO - [2024-07-27T22:03:57.081+0700] {dagbag.py:545} INFO - Filling up the DagBag from /usr/local/lib/python3.10/dist-packages/airflow/example_dags/example_branch_python_dop_operator_3.py
[2024-07-27T22:03:57.088+0700] {processor.py:840} INFO - DAG(s) 'example_branch_dop_operator_v3' retrieved from /usr/local/lib/python3.10/dist-packages/airflow/example_dags/example_branch_python_dop_operator_3.py
[2024-07-27T22:03:57.100+0700] {logging_mixin.py:188} INFO - [2024-07-27T22:03:57.099+0700] {dag.py:3089} INFO - Sync 1 DAGs
[2024-07-27T22:03:57.115+0700] {logging_mixin.py:188} INFO - [2024-07-27T22:03:57.115+0700] {dag.py:3947} INFO - Setting next_dagrun for example_branch_dop_operator_v3 to 2024-07-27 15:02:00+00:00, run_after=2024-07-27 15:03:00+00:00
[2024-07-27T22:03:57.143+0700] {processor.py:183} INFO - Processing /usr/local/lib/python3.10/dist-packages/airflow/example_dags/example_branch_python_dop_operator_3.py took 0.070 seconds
[2024-07-27T22:05:04.400+0700] {processor.py:161} INFO - Started process (PID=22474) to work on /usr/local/lib/python3.10/dist-packages/airflow/example_dags/example_branch_python_dop_operator_3.py
[2024-07-27T22:05:04.403+0700] {processor.py:830} INFO - Processing file /usr/local/lib/python3.10/dist-packages/airflow/example_dags/example_branch_python_dop_operator_3.py for tasks to queue
[2024-07-27T22:05:04.404+0700] {logging_mixin.py:188} INFO - [2024-07-27T22:05:04.404+0700] {dagbag.py:545} INFO - Filling up the DagBag from /usr/local/lib/python3.10/dist-packages/airflow/example_dags/example_branch_python_dop_operator_3.py
[2024-07-27T22:05:04.411+0700] {processor.py:840} INFO - DAG(s) 'example_branch_dop_operator_v3' retrieved from /usr/local/lib/python3.10/dist-packages/airflow/example_dags/example_branch_python_dop_operator_3.py
[2024-07-27T22:05:04.425+0700] {logging_mixin.py:188} INFO - [2024-07-27T22:05:04.425+0700] {dag.py:3089} INFO - Sync 1 DAGs
[2024-07-27T22:05:04.444+0700] {logging_mixin.py:188} INFO - [2024-07-27T22:05:04.443+0700] {dag.py:3947} INFO - Setting next_dagrun for example_branch_dop_operator_v3 to 2024-07-27 15:04:00+00:00, run_after=2024-07-27 15:05:00+00:00
[2024-07-27T22:05:04.474+0700] {processor.py:183} INFO - Processing /usr/local/lib/python3.10/dist-packages/airflow/example_dags/example_branch_python_dop_operator_3.py took 0.078 seconds
[2024-07-27T22:06:05.347+0700] {processor.py:161} INFO - Started process (PID=23069) to work on /usr/local/lib/python3.10/dist-packages/airflow/example_dags/example_branch_python_dop_operator_3.py
[2024-07-27T22:06:05.348+0700] {processor.py:830} INFO - Processing file /usr/local/lib/python3.10/dist-packages/airflow/example_dags/example_branch_python_dop_operator_3.py for tasks to queue
[2024-07-27T22:06:05.350+0700] {logging_mixin.py:188} INFO - [2024-07-27T22:06:05.349+0700] {dagbag.py:545} INFO - Filling up the DagBag from /usr/local/lib/python3.10/dist-packages/airflow/example_dags/example_branch_python_dop_operator_3.py
[2024-07-27T22:06:05.357+0700] {processor.py:840} INFO - DAG(s) 'example_branch_dop_operator_v3' retrieved from /usr/local/lib/python3.10/dist-packages/airflow/example_dags/example_branch_python_dop_operator_3.py
[2024-07-27T22:06:05.371+0700] {logging_mixin.py:188} INFO - [2024-07-27T22:06:05.371+0700] {dag.py:3089} INFO - Sync 1 DAGs
[2024-07-27T22:06:05.393+0700] {logging_mixin.py:188} INFO - [2024-07-27T22:06:05.393+0700] {dag.py:3947} INFO - Setting next_dagrun for example_branch_dop_operator_v3 to 2024-07-27 15:05:00+00:00, run_after=2024-07-27 15:06:00+00:00
[2024-07-27T22:06:05.433+0700] {processor.py:183} INFO - Processing /usr/local/lib/python3.10/dist-packages/airflow/example_dags/example_branch_python_dop_operator_3.py took 0.091 seconds
[2024-07-27T22:07:16.886+0700] {processor.py:161} INFO - Started process (PID=23853) to work on /usr/local/lib/python3.10/dist-packages/airflow/example_dags/example_branch_python_dop_operator_3.py
[2024-07-27T22:07:16.890+0700] {processor.py:830} INFO - Processing file /usr/local/lib/python3.10/dist-packages/airflow/example_dags/example_branch_python_dop_operator_3.py for tasks to queue
[2024-07-27T22:07:16.890+0700] {logging_mixin.py:188} INFO - [2024-07-27T22:07:16.890+0700] {dagbag.py:545} INFO - Filling up the DagBag from /usr/local/lib/python3.10/dist-packages/airflow/example_dags/example_branch_python_dop_operator_3.py
[2024-07-27T22:07:16.897+0700] {processor.py:840} INFO - DAG(s) 'example_branch_dop_operator_v3' retrieved from /usr/local/lib/python3.10/dist-packages/airflow/example_dags/example_branch_python_dop_operator_3.py
[2024-07-27T22:07:16.909+0700] {logging_mixin.py:188} INFO - [2024-07-27T22:07:16.908+0700] {dag.py:3089} INFO - Sync 1 DAGs
[2024-07-27T22:07:16.924+0700] {logging_mixin.py:188} INFO - [2024-07-27T22:07:16.924+0700] {dag.py:3947} INFO - Setting next_dagrun for example_branch_dop_operator_v3 to 2024-07-27 15:06:00+00:00, run_after=2024-07-27 15:07:00+00:00
[2024-07-27T22:07:16.954+0700] {processor.py:183} INFO - Processing /usr/local/lib/python3.10/dist-packages/airflow/example_dags/example_branch_python_dop_operator_3.py took 0.072 seconds
[2024-07-27T22:08:20.894+0700] {processor.py:161} INFO - Started process (PID=24505) to work on /usr/local/lib/python3.10/dist-packages/airflow/example_dags/example_branch_python_dop_operator_3.py
[2024-07-27T22:08:20.896+0700] {processor.py:830} INFO - Processing file /usr/local/lib/python3.10/dist-packages/airflow/example_dags/example_branch_python_dop_operator_3.py for tasks to queue
[2024-07-27T22:08:20.897+0700] {logging_mixin.py:188} INFO - [2024-07-27T22:08:20.896+0700] {dagbag.py:545} INFO - Filling up the DagBag from /usr/local/lib/python3.10/dist-packages/airflow/example_dags/example_branch_python_dop_operator_3.py
[2024-07-27T22:08:20.905+0700] {processor.py:840} INFO - DAG(s) 'example_branch_dop_operator_v3' retrieved from /usr/local/lib/python3.10/dist-packages/airflow/example_dags/example_branch_python_dop_operator_3.py
[2024-07-27T22:08:20.922+0700] {logging_mixin.py:188} INFO - [2024-07-27T22:08:20.921+0700] {dag.py:3089} INFO - Sync 1 DAGs
[2024-07-27T22:08:20.941+0700] {logging_mixin.py:188} INFO - [2024-07-27T22:08:20.941+0700] {dag.py:3947} INFO - Setting next_dagrun for example_branch_dop_operator_v3 to 2024-07-27 15:07:00+00:00, run_after=2024-07-27 15:08:00+00:00
[2024-07-27T22:08:20.971+0700] {processor.py:183} INFO - Processing /usr/local/lib/python3.10/dist-packages/airflow/example_dags/example_branch_python_dop_operator_3.py took 0.083 seconds
[2024-07-27T22:09:21.433+0700] {processor.py:161} INFO - Started process (PID=25181) to work on /usr/local/lib/python3.10/dist-packages/airflow/example_dags/example_branch_python_dop_operator_3.py
[2024-07-27T22:09:21.436+0700] {processor.py:830} INFO - Processing file /usr/local/lib/python3.10/dist-packages/airflow/example_dags/example_branch_python_dop_operator_3.py for tasks to queue
[2024-07-27T22:09:21.437+0700] {logging_mixin.py:188} INFO - [2024-07-27T22:09:21.436+0700] {dagbag.py:545} INFO - Filling up the DagBag from /usr/local/lib/python3.10/dist-packages/airflow/example_dags/example_branch_python_dop_operator_3.py
[2024-07-27T22:09:21.443+0700] {processor.py:840} INFO - DAG(s) 'example_branch_dop_operator_v3' retrieved from /usr/local/lib/python3.10/dist-packages/airflow/example_dags/example_branch_python_dop_operator_3.py
[2024-07-27T22:09:21.455+0700] {logging_mixin.py:188} INFO - [2024-07-27T22:09:21.454+0700] {dag.py:3089} INFO - Sync 1 DAGs
[2024-07-27T22:09:21.470+0700] {logging_mixin.py:188} INFO - [2024-07-27T22:09:21.470+0700] {dag.py:3947} INFO - Setting next_dagrun for example_branch_dop_operator_v3 to 2024-07-27 15:08:00+00:00, run_after=2024-07-27 15:09:00+00:00
[2024-07-27T22:09:21.501+0700] {processor.py:183} INFO - Processing /usr/local/lib/python3.10/dist-packages/airflow/example_dags/example_branch_python_dop_operator_3.py took 0.073 seconds
[2024-07-27T22:10:28.539+0700] {processor.py:161} INFO - Started process (PID=25747) to work on /usr/local/lib/python3.10/dist-packages/airflow/example_dags/example_branch_python_dop_operator_3.py
[2024-07-27T22:10:28.541+0700] {processor.py:830} INFO - Processing file /usr/local/lib/python3.10/dist-packages/airflow/example_dags/example_branch_python_dop_operator_3.py for tasks to queue
[2024-07-27T22:10:28.541+0700] {logging_mixin.py:188} INFO - [2024-07-27T22:10:28.541+0700] {dagbag.py:545} INFO - Filling up the DagBag from /usr/local/lib/python3.10/dist-packages/airflow/example_dags/example_branch_python_dop_operator_3.py
[2024-07-27T22:10:28.542+0700] {processor.py:842} WARNING - No viable dags retrieved from /usr/local/lib/python3.10/dist-packages/airflow/example_dags/example_branch_python_dop_operator_3.py
[2024-07-27T22:10:28.549+0700] {processor.py:183} INFO - Processing /usr/local/lib/python3.10/dist-packages/airflow/example_dags/example_branch_python_dop_operator_3.py took 0.016 seconds
