[2024-07-27T18:29:44.316+0700] {processor.py:161} INFO - Started process (PID=1406) to work on /usr/local/lib/python3.10/dist-packages/airflow/example_dags/example_latest_only.py
[2024-07-27T18:29:44.317+0700] {processor.py:830} INFO - Processing file /usr/local/lib/python3.10/dist-packages/airflow/example_dags/example_latest_only.py for tasks to queue
[2024-07-27T18:29:44.318+0700] {logging_mixin.py:188} INFO - [2024-07-27T18:29:44.318+0700] {dagbag.py:545} INFO - Filling up the DagBag from /usr/local/lib/python3.10/dist-packages/airflow/example_dags/example_latest_only.py
[2024-07-27T18:29:44.323+0700] {processor.py:840} INFO - DAG(s) 'latest_only' retrieved from /usr/local/lib/python3.10/dist-packages/airflow/example_dags/example_latest_only.py
[2024-07-27T18:29:44.341+0700] {logging_mixin.py:188} INFO - [2024-07-27T18:29:44.340+0700] {dag.py:3089} INFO - Sync 1 DAGs
[2024-07-27T18:29:44.354+0700] {logging_mixin.py:188} INFO - [2024-07-27T18:29:44.354+0700] {dag.py:3947} INFO - Setting next_dagrun for latest_only to 2024-07-27 04:00:00+00:00, run_after=2024-07-27 08:00:00+00:00
[2024-07-27T18:29:44.383+0700] {processor.py:183} INFO - Processing /usr/local/lib/python3.10/dist-packages/airflow/example_dags/example_latest_only.py took 0.071 seconds
[2024-07-27T18:30:33.429+0700] {processor.py:161} INFO - Started process (PID=1666) to work on /usr/local/lib/python3.10/dist-packages/airflow/example_dags/example_latest_only.py
[2024-07-27T18:30:33.432+0700] {processor.py:830} INFO - Processing file /usr/local/lib/python3.10/dist-packages/airflow/example_dags/example_latest_only.py for tasks to queue
[2024-07-27T18:30:33.434+0700] {logging_mixin.py:188} INFO - [2024-07-27T18:30:33.434+0700] {dagbag.py:545} INFO - Filling up the DagBag from /usr/local/lib/python3.10/dist-packages/airflow/example_dags/example_latest_only.py
[2024-07-27T18:30:33.440+0700] {processor.py:840} INFO - DAG(s) 'latest_only' retrieved from /usr/local/lib/python3.10/dist-packages/airflow/example_dags/example_latest_only.py
[2024-07-27T18:30:33.457+0700] {logging_mixin.py:188} INFO - [2024-07-27T18:30:33.456+0700] {dag.py:3089} INFO - Sync 1 DAGs
[2024-07-27T18:30:33.481+0700] {logging_mixin.py:188} INFO - [2024-07-27T18:30:33.481+0700] {dag.py:3947} INFO - Setting next_dagrun for latest_only to 2024-07-27 04:00:00+00:00, run_after=2024-07-27 08:00:00+00:00
[2024-07-27T18:30:33.526+0700] {processor.py:183} INFO - Processing /usr/local/lib/python3.10/dist-packages/airflow/example_dags/example_latest_only.py took 0.103 seconds
[2024-07-27T21:32:13.354+0700] {processor.py:161} INFO - Started process (PID=1702) to work on /usr/local/lib/python3.10/dist-packages/airflow/example_dags/example_latest_only.py
[2024-07-27T21:32:13.355+0700] {processor.py:830} INFO - Processing file /usr/local/lib/python3.10/dist-packages/airflow/example_dags/example_latest_only.py for tasks to queue
[2024-07-27T21:32:13.356+0700] {logging_mixin.py:188} INFO - [2024-07-27T21:32:13.356+0700] {dagbag.py:545} INFO - Filling up the DagBag from /usr/local/lib/python3.10/dist-packages/airflow/example_dags/example_latest_only.py
[2024-07-27T21:32:13.362+0700] {processor.py:840} INFO - DAG(s) 'latest_only' retrieved from /usr/local/lib/python3.10/dist-packages/airflow/example_dags/example_latest_only.py
[2024-07-27T21:32:13.378+0700] {logging_mixin.py:188} INFO - [2024-07-27T21:32:13.378+0700] {dag.py:3089} INFO - Sync 1 DAGs
[2024-07-27T21:32:13.393+0700] {logging_mixin.py:188} INFO - [2024-07-27T21:32:13.392+0700] {dag.py:3947} INFO - Setting next_dagrun for latest_only to 2024-07-27 08:00:00+00:00, run_after=2024-07-27 12:00:00+00:00
[2024-07-27T21:32:13.422+0700] {processor.py:183} INFO - Processing /usr/local/lib/python3.10/dist-packages/airflow/example_dags/example_latest_only.py took 0.072 seconds
[2024-07-27T21:33:02.891+0700] {processor.py:161} INFO - Started process (PID=2092) to work on /usr/local/lib/python3.10/dist-packages/airflow/example_dags/example_latest_only.py
[2024-07-27T21:33:02.893+0700] {processor.py:830} INFO - Processing file /usr/local/lib/python3.10/dist-packages/airflow/example_dags/example_latest_only.py for tasks to queue
[2024-07-27T21:33:02.895+0700] {logging_mixin.py:188} INFO - [2024-07-27T21:33:02.894+0700] {dagbag.py:545} INFO - Filling up the DagBag from /usr/local/lib/python3.10/dist-packages/airflow/example_dags/example_latest_only.py
[2024-07-27T21:33:02.898+0700] {processor.py:840} INFO - DAG(s) 'latest_only' retrieved from /usr/local/lib/python3.10/dist-packages/airflow/example_dags/example_latest_only.py
[2024-07-27T21:33:02.909+0700] {logging_mixin.py:188} INFO - [2024-07-27T21:33:02.909+0700] {dag.py:3089} INFO - Sync 1 DAGs
[2024-07-27T21:33:02.924+0700] {logging_mixin.py:188} INFO - [2024-07-27T21:33:02.923+0700] {dag.py:3947} INFO - Setting next_dagrun for latest_only to 2024-07-27 08:00:00+00:00, run_after=2024-07-27 12:00:00+00:00
[2024-07-27T21:33:02.954+0700] {processor.py:183} INFO - Processing /usr/local/lib/python3.10/dist-packages/airflow/example_dags/example_latest_only.py took 0.067 seconds
[2024-07-27T21:33:58.722+0700] {processor.py:161} INFO - Started process (PID=2837) to work on /usr/local/lib/python3.10/dist-packages/airflow/example_dags/example_latest_only.py
[2024-07-27T21:33:58.724+0700] {processor.py:830} INFO - Processing file /usr/local/lib/python3.10/dist-packages/airflow/example_dags/example_latest_only.py for tasks to queue
[2024-07-27T21:33:58.725+0700] {logging_mixin.py:188} INFO - [2024-07-27T21:33:58.725+0700] {dagbag.py:545} INFO - Filling up the DagBag from /usr/local/lib/python3.10/dist-packages/airflow/example_dags/example_latest_only.py
[2024-07-27T21:33:58.731+0700] {processor.py:840} INFO - DAG(s) 'latest_only' retrieved from /usr/local/lib/python3.10/dist-packages/airflow/example_dags/example_latest_only.py
[2024-07-27T21:33:58.745+0700] {logging_mixin.py:188} INFO - [2024-07-27T21:33:58.745+0700] {dag.py:3089} INFO - Sync 1 DAGs
[2024-07-27T21:33:58.865+0700] {logging_mixin.py:188} INFO - [2024-07-27T21:33:58.865+0700] {dag.py:3947} INFO - Setting next_dagrun for latest_only to 2024-07-27 08:00:00+00:00, run_after=2024-07-27 12:00:00+00:00
[2024-07-27T21:33:58.898+0700] {processor.py:183} INFO - Processing /usr/local/lib/python3.10/dist-packages/airflow/example_dags/example_latest_only.py took 0.182 seconds
[2024-07-27T21:34:47.027+0700] {processor.py:161} INFO - Started process (PID=3244) to work on /usr/local/lib/python3.10/dist-packages/airflow/example_dags/example_latest_only.py
[2024-07-27T21:34:47.028+0700] {processor.py:830} INFO - Processing file /usr/local/lib/python3.10/dist-packages/airflow/example_dags/example_latest_only.py for tasks to queue
[2024-07-27T21:34:47.029+0700] {logging_mixin.py:188} INFO - [2024-07-27T21:34:47.029+0700] {dagbag.py:545} INFO - Filling up the DagBag from /usr/local/lib/python3.10/dist-packages/airflow/example_dags/example_latest_only.py
[2024-07-27T21:34:47.033+0700] {processor.py:840} INFO - DAG(s) 'latest_only' retrieved from /usr/local/lib/python3.10/dist-packages/airflow/example_dags/example_latest_only.py
[2024-07-27T21:34:47.044+0700] {logging_mixin.py:188} INFO - [2024-07-27T21:34:47.044+0700] {dag.py:3089} INFO - Sync 1 DAGs
[2024-07-27T21:34:47.061+0700] {logging_mixin.py:188} INFO - [2024-07-27T21:34:47.061+0700] {dag.py:3947} INFO - Setting next_dagrun for latest_only to 2024-07-27 08:00:00+00:00, run_after=2024-07-27 12:00:00+00:00
[2024-07-27T21:34:47.091+0700] {processor.py:183} INFO - Processing /usr/local/lib/python3.10/dist-packages/airflow/example_dags/example_latest_only.py took 0.068 seconds
[2024-07-27T21:35:30.000+0700] {processor.py:161} INFO - Started process (PID=3605) to work on /usr/local/lib/python3.10/dist-packages/airflow/example_dags/example_latest_only.py
[2024-07-27T21:35:30.001+0700] {processor.py:830} INFO - Processing file /usr/local/lib/python3.10/dist-packages/airflow/example_dags/example_latest_only.py for tasks to queue
[2024-07-27T21:35:30.003+0700] {logging_mixin.py:188} INFO - [2024-07-27T21:35:30.003+0700] {dagbag.py:545} INFO - Filling up the DagBag from /usr/local/lib/python3.10/dist-packages/airflow/example_dags/example_latest_only.py
[2024-07-27T21:35:30.007+0700] {processor.py:840} INFO - DAG(s) 'latest_only' retrieved from /usr/local/lib/python3.10/dist-packages/airflow/example_dags/example_latest_only.py
[2024-07-27T21:35:30.018+0700] {logging_mixin.py:188} INFO - [2024-07-27T21:35:30.018+0700] {dag.py:3089} INFO - Sync 1 DAGs
[2024-07-27T21:35:30.037+0700] {logging_mixin.py:188} INFO - [2024-07-27T21:35:30.037+0700] {dag.py:3947} INFO - Setting next_dagrun for latest_only to 2024-07-27 08:00:00+00:00, run_after=2024-07-27 12:00:00+00:00
[2024-07-27T21:35:30.067+0700] {processor.py:183} INFO - Processing /usr/local/lib/python3.10/dist-packages/airflow/example_dags/example_latest_only.py took 0.072 seconds
[2024-07-27T21:36:14.160+0700] {processor.py:161} INFO - Started process (PID=3949) to work on /usr/local/lib/python3.10/dist-packages/airflow/example_dags/example_latest_only.py
[2024-07-27T21:36:14.178+0700] {processor.py:830} INFO - Processing file /usr/local/lib/python3.10/dist-packages/airflow/example_dags/example_latest_only.py for tasks to queue
[2024-07-27T21:36:14.180+0700] {logging_mixin.py:188} INFO - [2024-07-27T21:36:14.179+0700] {dagbag.py:545} INFO - Filling up the DagBag from /usr/local/lib/python3.10/dist-packages/airflow/example_dags/example_latest_only.py
[2024-07-27T21:36:14.185+0700] {processor.py:840} INFO - DAG(s) 'latest_only' retrieved from /usr/local/lib/python3.10/dist-packages/airflow/example_dags/example_latest_only.py
[2024-07-27T21:36:14.208+0700] {logging_mixin.py:188} INFO - [2024-07-27T21:36:14.207+0700] {dag.py:3089} INFO - Sync 1 DAGs
[2024-07-27T21:36:14.234+0700] {logging_mixin.py:188} INFO - [2024-07-27T21:36:14.234+0700] {dag.py:3947} INFO - Setting next_dagrun for latest_only to 2024-07-27 08:00:00+00:00, run_after=2024-07-27 12:00:00+00:00
[2024-07-27T21:36:14.266+0700] {processor.py:183} INFO - Processing /usr/local/lib/python3.10/dist-packages/airflow/example_dags/example_latest_only.py took 0.112 seconds
[2024-07-27T21:36:55.532+0700] {processor.py:161} INFO - Started process (PID=4341) to work on /usr/local/lib/python3.10/dist-packages/airflow/example_dags/example_latest_only.py
[2024-07-27T21:36:55.536+0700] {processor.py:830} INFO - Processing file /usr/local/lib/python3.10/dist-packages/airflow/example_dags/example_latest_only.py for tasks to queue
[2024-07-27T21:36:55.537+0700] {logging_mixin.py:188} INFO - [2024-07-27T21:36:55.536+0700] {dagbag.py:545} INFO - Filling up the DagBag from /usr/local/lib/python3.10/dist-packages/airflow/example_dags/example_latest_only.py
[2024-07-27T21:36:55.541+0700] {processor.py:840} INFO - DAG(s) 'latest_only' retrieved from /usr/local/lib/python3.10/dist-packages/airflow/example_dags/example_latest_only.py
[2024-07-27T21:36:55.553+0700] {logging_mixin.py:188} INFO - [2024-07-27T21:36:55.552+0700] {dag.py:3089} INFO - Sync 1 DAGs
[2024-07-27T21:36:55.567+0700] {logging_mixin.py:188} INFO - [2024-07-27T21:36:55.567+0700] {dag.py:3947} INFO - Setting next_dagrun for latest_only to 2024-07-27 08:00:00+00:00, run_after=2024-07-27 12:00:00+00:00
[2024-07-27T21:36:55.598+0700] {processor.py:183} INFO - Processing /usr/local/lib/python3.10/dist-packages/airflow/example_dags/example_latest_only.py took 0.070 seconds
[2024-07-27T21:37:39.183+0700] {processor.py:161} INFO - Started process (PID=4710) to work on /usr/local/lib/python3.10/dist-packages/airflow/example_dags/example_latest_only.py
[2024-07-27T21:37:39.185+0700] {processor.py:830} INFO - Processing file /usr/local/lib/python3.10/dist-packages/airflow/example_dags/example_latest_only.py for tasks to queue
[2024-07-27T21:37:39.186+0700] {logging_mixin.py:188} INFO - [2024-07-27T21:37:39.185+0700] {dagbag.py:545} INFO - Filling up the DagBag from /usr/local/lib/python3.10/dist-packages/airflow/example_dags/example_latest_only.py
[2024-07-27T21:37:39.190+0700] {processor.py:840} INFO - DAG(s) 'latest_only' retrieved from /usr/local/lib/python3.10/dist-packages/airflow/example_dags/example_latest_only.py
[2024-07-27T21:37:39.201+0700] {logging_mixin.py:188} INFO - [2024-07-27T21:37:39.201+0700] {dag.py:3089} INFO - Sync 1 DAGs
[2024-07-27T21:37:39.218+0700] {logging_mixin.py:188} INFO - [2024-07-27T21:37:39.217+0700] {dag.py:3947} INFO - Setting next_dagrun for latest_only to 2024-07-27 08:00:00+00:00, run_after=2024-07-27 12:00:00+00:00
[2024-07-27T21:37:39.255+0700] {processor.py:183} INFO - Processing /usr/local/lib/python3.10/dist-packages/airflow/example_dags/example_latest_only.py took 0.075 seconds
[2024-07-27T21:38:23.225+0700] {processor.py:161} INFO - Started process (PID=5057) to work on /usr/local/lib/python3.10/dist-packages/airflow/example_dags/example_latest_only.py
[2024-07-27T21:38:23.226+0700] {processor.py:830} INFO - Processing file /usr/local/lib/python3.10/dist-packages/airflow/example_dags/example_latest_only.py for tasks to queue
[2024-07-27T21:38:23.228+0700] {logging_mixin.py:188} INFO - [2024-07-27T21:38:23.227+0700] {dagbag.py:545} INFO - Filling up the DagBag from /usr/local/lib/python3.10/dist-packages/airflow/example_dags/example_latest_only.py
[2024-07-27T21:38:23.233+0700] {processor.py:840} INFO - DAG(s) 'latest_only' retrieved from /usr/local/lib/python3.10/dist-packages/airflow/example_dags/example_latest_only.py
[2024-07-27T21:38:23.248+0700] {logging_mixin.py:188} INFO - [2024-07-27T21:38:23.247+0700] {dag.py:3089} INFO - Sync 1 DAGs
[2024-07-27T21:38:23.267+0700] {logging_mixin.py:188} INFO - [2024-07-27T21:38:23.267+0700] {dag.py:3947} INFO - Setting next_dagrun for latest_only to 2024-07-27 08:00:00+00:00, run_after=2024-07-27 12:00:00+00:00
[2024-07-27T21:38:23.296+0700] {processor.py:183} INFO - Processing /usr/local/lib/python3.10/dist-packages/airflow/example_dags/example_latest_only.py took 0.076 seconds
[2024-07-27T21:39:12.782+0700] {processor.py:161} INFO - Started process (PID=5492) to work on /usr/local/lib/python3.10/dist-packages/airflow/example_dags/example_latest_only.py
[2024-07-27T21:39:12.784+0700] {processor.py:830} INFO - Processing file /usr/local/lib/python3.10/dist-packages/airflow/example_dags/example_latest_only.py for tasks to queue
[2024-07-27T21:39:12.784+0700] {logging_mixin.py:188} INFO - [2024-07-27T21:39:12.784+0700] {dagbag.py:545} INFO - Filling up the DagBag from /usr/local/lib/python3.10/dist-packages/airflow/example_dags/example_latest_only.py
[2024-07-27T21:39:12.789+0700] {processor.py:840} INFO - DAG(s) 'latest_only' retrieved from /usr/local/lib/python3.10/dist-packages/airflow/example_dags/example_latest_only.py
[2024-07-27T21:39:12.801+0700] {logging_mixin.py:188} INFO - [2024-07-27T21:39:12.800+0700] {dag.py:3089} INFO - Sync 1 DAGs
[2024-07-27T21:39:12.817+0700] {logging_mixin.py:188} INFO - [2024-07-27T21:39:12.817+0700] {dag.py:3947} INFO - Setting next_dagrun for latest_only to 2024-07-27 08:00:00+00:00, run_after=2024-07-27 12:00:00+00:00
[2024-07-27T21:39:12.865+0700] {processor.py:183} INFO - Processing /usr/local/lib/python3.10/dist-packages/airflow/example_dags/example_latest_only.py took 0.088 seconds
[2024-07-27T21:39:55.605+0700] {processor.py:161} INFO - Started process (PID=6033) to work on /usr/local/lib/python3.10/dist-packages/airflow/example_dags/example_latest_only.py
[2024-07-27T21:39:55.607+0700] {processor.py:830} INFO - Processing file /usr/local/lib/python3.10/dist-packages/airflow/example_dags/example_latest_only.py for tasks to queue
[2024-07-27T21:39:55.608+0700] {logging_mixin.py:188} INFO - [2024-07-27T21:39:55.607+0700] {dagbag.py:545} INFO - Filling up the DagBag from /usr/local/lib/python3.10/dist-packages/airflow/example_dags/example_latest_only.py
[2024-07-27T21:39:55.613+0700] {processor.py:840} INFO - DAG(s) 'latest_only' retrieved from /usr/local/lib/python3.10/dist-packages/airflow/example_dags/example_latest_only.py
[2024-07-27T21:39:55.626+0700] {logging_mixin.py:188} INFO - [2024-07-27T21:39:55.626+0700] {dag.py:3089} INFO - Sync 1 DAGs
[2024-07-27T21:39:55.645+0700] {logging_mixin.py:188} INFO - [2024-07-27T21:39:55.645+0700] {dag.py:3947} INFO - Setting next_dagrun for latest_only to 2024-07-27 08:00:00+00:00, run_after=2024-07-27 12:00:00+00:00
[2024-07-27T21:39:55.691+0700] {processor.py:183} INFO - Processing /usr/local/lib/python3.10/dist-packages/airflow/example_dags/example_latest_only.py took 0.092 seconds
[2024-07-27T21:40:36.847+0700] {processor.py:161} INFO - Started process (PID=6500) to work on /usr/local/lib/python3.10/dist-packages/airflow/example_dags/example_latest_only.py
[2024-07-27T21:40:36.849+0700] {processor.py:830} INFO - Processing file /usr/local/lib/python3.10/dist-packages/airflow/example_dags/example_latest_only.py for tasks to queue
[2024-07-27T21:40:36.849+0700] {logging_mixin.py:188} INFO - [2024-07-27T21:40:36.849+0700] {dagbag.py:545} INFO - Filling up the DagBag from /usr/local/lib/python3.10/dist-packages/airflow/example_dags/example_latest_only.py
[2024-07-27T21:40:36.854+0700] {processor.py:840} INFO - DAG(s) 'latest_only' retrieved from /usr/local/lib/python3.10/dist-packages/airflow/example_dags/example_latest_only.py
[2024-07-27T21:40:36.865+0700] {logging_mixin.py:188} INFO - [2024-07-27T21:40:36.865+0700] {dag.py:3089} INFO - Sync 1 DAGs
[2024-07-27T21:40:36.880+0700] {logging_mixin.py:188} INFO - [2024-07-27T21:40:36.880+0700] {dag.py:3947} INFO - Setting next_dagrun for latest_only to 2024-07-27 08:00:00+00:00, run_after=2024-07-27 12:00:00+00:00
[2024-07-27T21:40:36.911+0700] {processor.py:183} INFO - Processing /usr/local/lib/python3.10/dist-packages/airflow/example_dags/example_latest_only.py took 0.069 seconds
[2024-07-27T21:41:18.672+0700] {processor.py:161} INFO - Started process (PID=6889) to work on /usr/local/lib/python3.10/dist-packages/airflow/example_dags/example_latest_only.py
[2024-07-27T21:41:18.674+0700] {processor.py:830} INFO - Processing file /usr/local/lib/python3.10/dist-packages/airflow/example_dags/example_latest_only.py for tasks to queue
[2024-07-27T21:41:18.675+0700] {logging_mixin.py:188} INFO - [2024-07-27T21:41:18.675+0700] {dagbag.py:545} INFO - Filling up the DagBag from /usr/local/lib/python3.10/dist-packages/airflow/example_dags/example_latest_only.py
[2024-07-27T21:41:18.680+0700] {processor.py:840} INFO - DAG(s) 'latest_only' retrieved from /usr/local/lib/python3.10/dist-packages/airflow/example_dags/example_latest_only.py
[2024-07-27T21:41:18.691+0700] {logging_mixin.py:188} INFO - [2024-07-27T21:41:18.691+0700] {dag.py:3089} INFO - Sync 1 DAGs
[2024-07-27T21:41:18.708+0700] {logging_mixin.py:188} INFO - [2024-07-27T21:41:18.708+0700] {dag.py:3947} INFO - Setting next_dagrun for latest_only to 2024-07-27 08:00:00+00:00, run_after=2024-07-27 12:00:00+00:00
[2024-07-27T21:41:18.740+0700] {processor.py:183} INFO - Processing /usr/local/lib/python3.10/dist-packages/airflow/example_dags/example_latest_only.py took 0.072 seconds
[2024-07-27T21:44:27.184+0700] {processor.py:161} INFO - Started process (PID=9388) to work on /usr/local/lib/python3.10/dist-packages/airflow/example_dags/example_latest_only.py
[2024-07-27T21:44:27.186+0700] {processor.py:830} INFO - Processing file /usr/local/lib/python3.10/dist-packages/airflow/example_dags/example_latest_only.py for tasks to queue
[2024-07-27T21:44:27.189+0700] {logging_mixin.py:188} INFO - [2024-07-27T21:44:27.187+0700] {dagbag.py:545} INFO - Filling up the DagBag from /usr/local/lib/python3.10/dist-packages/airflow/example_dags/example_latest_only.py
[2024-07-27T21:44:27.197+0700] {processor.py:840} INFO - DAG(s) 'latest_only' retrieved from /usr/local/lib/python3.10/dist-packages/airflow/example_dags/example_latest_only.py
[2024-07-27T21:44:27.232+0700] {logging_mixin.py:188} INFO - [2024-07-27T21:44:27.232+0700] {dag.py:3089} INFO - Sync 1 DAGs
[2024-07-27T21:44:27.250+0700] {logging_mixin.py:188} INFO - [2024-07-27T21:44:27.250+0700] {dag.py:3947} INFO - Setting next_dagrun for latest_only to 2024-07-27 08:00:00+00:00, run_after=2024-07-27 12:00:00+00:00
[2024-07-27T21:44:27.288+0700] {processor.py:183} INFO - Processing /usr/local/lib/python3.10/dist-packages/airflow/example_dags/example_latest_only.py took 0.112 seconds
[2024-07-27T21:45:18.209+0700] {processor.py:161} INFO - Started process (PID=9855) to work on /usr/local/lib/python3.10/dist-packages/airflow/example_dags/example_latest_only.py
[2024-07-27T21:45:18.211+0700] {processor.py:830} INFO - Processing file /usr/local/lib/python3.10/dist-packages/airflow/example_dags/example_latest_only.py for tasks to queue
[2024-07-27T21:45:18.212+0700] {logging_mixin.py:188} INFO - [2024-07-27T21:45:18.211+0700] {dagbag.py:545} INFO - Filling up the DagBag from /usr/local/lib/python3.10/dist-packages/airflow/example_dags/example_latest_only.py
[2024-07-27T21:45:18.216+0700] {processor.py:840} INFO - DAG(s) 'latest_only' retrieved from /usr/local/lib/python3.10/dist-packages/airflow/example_dags/example_latest_only.py
[2024-07-27T21:45:18.228+0700] {logging_mixin.py:188} INFO - [2024-07-27T21:45:18.227+0700] {dag.py:3089} INFO - Sync 1 DAGs
[2024-07-27T21:45:18.241+0700] {logging_mixin.py:188} INFO - [2024-07-27T21:45:18.241+0700] {dag.py:3947} INFO - Setting next_dagrun for latest_only to 2024-07-27 08:00:00+00:00, run_after=2024-07-27 12:00:00+00:00
[2024-07-27T21:45:18.270+0700] {processor.py:183} INFO - Processing /usr/local/lib/python3.10/dist-packages/airflow/example_dags/example_latest_only.py took 0.065 seconds
[2024-07-27T21:48:25.404+0700] {processor.py:161} INFO - Started process (PID=11899) to work on /usr/local/lib/python3.10/dist-packages/airflow/example_dags/example_latest_only.py
[2024-07-27T21:48:25.406+0700] {processor.py:830} INFO - Processing file /usr/local/lib/python3.10/dist-packages/airflow/example_dags/example_latest_only.py for tasks to queue
[2024-07-27T21:48:25.407+0700] {logging_mixin.py:188} INFO - [2024-07-27T21:48:25.406+0700] {dagbag.py:545} INFO - Filling up the DagBag from /usr/local/lib/python3.10/dist-packages/airflow/example_dags/example_latest_only.py
[2024-07-27T21:48:25.411+0700] {processor.py:840} INFO - DAG(s) 'latest_only' retrieved from /usr/local/lib/python3.10/dist-packages/airflow/example_dags/example_latest_only.py
[2024-07-27T21:48:25.427+0700] {logging_mixin.py:188} INFO - [2024-07-27T21:48:25.427+0700] {dag.py:3089} INFO - Sync 1 DAGs
[2024-07-27T21:48:25.441+0700] {logging_mixin.py:188} INFO - [2024-07-27T21:48:25.441+0700] {dag.py:3947} INFO - Setting next_dagrun for latest_only to 2024-07-27 08:00:00+00:00, run_after=2024-07-27 12:00:00+00:00
[2024-07-27T21:48:25.472+0700] {processor.py:183} INFO - Processing /usr/local/lib/python3.10/dist-packages/airflow/example_dags/example_latest_only.py took 0.072 seconds
[2024-07-27T21:49:14.680+0700] {processor.py:161} INFO - Started process (PID=12408) to work on /usr/local/lib/python3.10/dist-packages/airflow/example_dags/example_latest_only.py
[2024-07-27T21:49:14.682+0700] {processor.py:830} INFO - Processing file /usr/local/lib/python3.10/dist-packages/airflow/example_dags/example_latest_only.py for tasks to queue
[2024-07-27T21:49:14.682+0700] {logging_mixin.py:188} INFO - [2024-07-27T21:49:14.682+0700] {dagbag.py:545} INFO - Filling up the DagBag from /usr/local/lib/python3.10/dist-packages/airflow/example_dags/example_latest_only.py
[2024-07-27T21:49:14.687+0700] {processor.py:840} INFO - DAG(s) 'latest_only' retrieved from /usr/local/lib/python3.10/dist-packages/airflow/example_dags/example_latest_only.py
[2024-07-27T21:49:14.701+0700] {logging_mixin.py:188} INFO - [2024-07-27T21:49:14.701+0700] {dag.py:3089} INFO - Sync 1 DAGs
[2024-07-27T21:49:14.715+0700] {logging_mixin.py:188} INFO - [2024-07-27T21:49:14.714+0700] {dag.py:3947} INFO - Setting next_dagrun for latest_only to 2024-07-27 08:00:00+00:00, run_after=2024-07-27 12:00:00+00:00
[2024-07-27T21:49:14.746+0700] {processor.py:183} INFO - Processing /usr/local/lib/python3.10/dist-packages/airflow/example_dags/example_latest_only.py took 0.070 seconds
[2024-07-27T21:50:06.305+0700] {processor.py:161} INFO - Started process (PID=12848) to work on /usr/local/lib/python3.10/dist-packages/airflow/example_dags/example_latest_only.py
[2024-07-27T21:50:06.307+0700] {processor.py:830} INFO - Processing file /usr/local/lib/python3.10/dist-packages/airflow/example_dags/example_latest_only.py for tasks to queue
[2024-07-27T21:50:06.309+0700] {logging_mixin.py:188} INFO - [2024-07-27T21:50:06.308+0700] {dagbag.py:545} INFO - Filling up the DagBag from /usr/local/lib/python3.10/dist-packages/airflow/example_dags/example_latest_only.py
[2024-07-27T21:50:06.313+0700] {processor.py:840} INFO - DAG(s) 'latest_only' retrieved from /usr/local/lib/python3.10/dist-packages/airflow/example_dags/example_latest_only.py
[2024-07-27T21:50:06.325+0700] {logging_mixin.py:188} INFO - [2024-07-27T21:50:06.325+0700] {dag.py:3089} INFO - Sync 1 DAGs
[2024-07-27T21:50:06.338+0700] {logging_mixin.py:188} INFO - [2024-07-27T21:50:06.338+0700] {dag.py:3947} INFO - Setting next_dagrun for latest_only to 2024-07-27 08:00:00+00:00, run_after=2024-07-27 12:00:00+00:00
[2024-07-27T21:50:06.368+0700] {processor.py:183} INFO - Processing /usr/local/lib/python3.10/dist-packages/airflow/example_dags/example_latest_only.py took 0.068 seconds
[2024-07-27T21:50:44.801+0700] {processor.py:161} INFO - Started process (PID=13319) to work on /usr/local/lib/python3.10/dist-packages/airflow/example_dags/example_latest_only.py
[2024-07-27T21:50:44.805+0700] {processor.py:830} INFO - Processing file /usr/local/lib/python3.10/dist-packages/airflow/example_dags/example_latest_only.py for tasks to queue
[2024-07-27T21:50:44.806+0700] {logging_mixin.py:188} INFO - [2024-07-27T21:50:44.806+0700] {dagbag.py:545} INFO - Filling up the DagBag from /usr/local/lib/python3.10/dist-packages/airflow/example_dags/example_latest_only.py
[2024-07-27T21:50:44.810+0700] {processor.py:840} INFO - DAG(s) 'latest_only' retrieved from /usr/local/lib/python3.10/dist-packages/airflow/example_dags/example_latest_only.py
[2024-07-27T21:50:44.822+0700] {logging_mixin.py:188} INFO - [2024-07-27T21:50:44.821+0700] {dag.py:3089} INFO - Sync 1 DAGs
[2024-07-27T21:50:44.837+0700] {logging_mixin.py:188} INFO - [2024-07-27T21:50:44.837+0700] {dag.py:3947} INFO - Setting next_dagrun for latest_only to 2024-07-27 08:00:00+00:00, run_after=2024-07-27 12:00:00+00:00
[2024-07-27T21:50:44.866+0700] {processor.py:183} INFO - Processing /usr/local/lib/python3.10/dist-packages/airflow/example_dags/example_latest_only.py took 0.070 seconds
[2024-07-27T21:51:26.642+0700] {processor.py:161} INFO - Started process (PID=13646) to work on /usr/local/lib/python3.10/dist-packages/airflow/example_dags/example_latest_only.py
[2024-07-27T21:51:26.644+0700] {processor.py:830} INFO - Processing file /usr/local/lib/python3.10/dist-packages/airflow/example_dags/example_latest_only.py for tasks to queue
[2024-07-27T21:51:26.645+0700] {logging_mixin.py:188} INFO - [2024-07-27T21:51:26.645+0700] {dagbag.py:545} INFO - Filling up the DagBag from /usr/local/lib/python3.10/dist-packages/airflow/example_dags/example_latest_only.py
[2024-07-27T21:51:26.650+0700] {processor.py:840} INFO - DAG(s) 'latest_only' retrieved from /usr/local/lib/python3.10/dist-packages/airflow/example_dags/example_latest_only.py
[2024-07-27T21:51:26.663+0700] {logging_mixin.py:188} INFO - [2024-07-27T21:51:26.662+0700] {dag.py:3089} INFO - Sync 1 DAGs
[2024-07-27T21:51:26.676+0700] {logging_mixin.py:188} INFO - [2024-07-27T21:51:26.676+0700] {dag.py:3947} INFO - Setting next_dagrun for latest_only to 2024-07-27 08:00:00+00:00, run_after=2024-07-27 12:00:00+00:00
[2024-07-27T21:51:26.707+0700] {processor.py:183} INFO - Processing /usr/local/lib/python3.10/dist-packages/airflow/example_dags/example_latest_only.py took 0.069 seconds
[2024-07-27T21:52:10.119+0700] {processor.py:161} INFO - Started process (PID=14115) to work on /usr/local/lib/python3.10/dist-packages/airflow/example_dags/example_latest_only.py
[2024-07-27T21:52:10.120+0700] {processor.py:830} INFO - Processing file /usr/local/lib/python3.10/dist-packages/airflow/example_dags/example_latest_only.py for tasks to queue
[2024-07-27T21:52:10.121+0700] {logging_mixin.py:188} INFO - [2024-07-27T21:52:10.121+0700] {dagbag.py:545} INFO - Filling up the DagBag from /usr/local/lib/python3.10/dist-packages/airflow/example_dags/example_latest_only.py
[2024-07-27T21:52:10.125+0700] {processor.py:840} INFO - DAG(s) 'latest_only' retrieved from /usr/local/lib/python3.10/dist-packages/airflow/example_dags/example_latest_only.py
[2024-07-27T21:52:10.137+0700] {logging_mixin.py:188} INFO - [2024-07-27T21:52:10.137+0700] {dag.py:3089} INFO - Sync 1 DAGs
[2024-07-27T21:52:10.150+0700] {logging_mixin.py:188} INFO - [2024-07-27T21:52:10.149+0700] {dag.py:3947} INFO - Setting next_dagrun for latest_only to 2024-07-27 08:00:00+00:00, run_after=2024-07-27 12:00:00+00:00
[2024-07-27T21:52:10.181+0700] {processor.py:183} INFO - Processing /usr/local/lib/python3.10/dist-packages/airflow/example_dags/example_latest_only.py took 0.066 seconds
[2024-07-27T21:54:51.211+0700] {processor.py:161} INFO - Started process (PID=15942) to work on /usr/local/lib/python3.10/dist-packages/airflow/example_dags/example_latest_only.py
[2024-07-27T21:54:51.213+0700] {processor.py:830} INFO - Processing file /usr/local/lib/python3.10/dist-packages/airflow/example_dags/example_latest_only.py for tasks to queue
[2024-07-27T21:54:51.214+0700] {logging_mixin.py:188} INFO - [2024-07-27T21:54:51.214+0700] {dagbag.py:545} INFO - Filling up the DagBag from /usr/local/lib/python3.10/dist-packages/airflow/example_dags/example_latest_only.py
[2024-07-27T21:54:51.219+0700] {processor.py:840} INFO - DAG(s) 'latest_only' retrieved from /usr/local/lib/python3.10/dist-packages/airflow/example_dags/example_latest_only.py
[2024-07-27T21:54:51.236+0700] {logging_mixin.py:188} INFO - [2024-07-27T21:54:51.235+0700] {dag.py:3089} INFO - Sync 1 DAGs
[2024-07-27T21:54:51.249+0700] {logging_mixin.py:188} INFO - [2024-07-27T21:54:51.249+0700] {dag.py:3947} INFO - Setting next_dagrun for latest_only to 2024-07-27 08:00:00+00:00, run_after=2024-07-27 12:00:00+00:00
[2024-07-27T21:54:51.281+0700] {processor.py:183} INFO - Processing /usr/local/lib/python3.10/dist-packages/airflow/example_dags/example_latest_only.py took 0.074 seconds
[2024-07-27T21:55:39.400+0700] {processor.py:161} INFO - Started process (PID=16547) to work on /usr/local/lib/python3.10/dist-packages/airflow/example_dags/example_latest_only.py
[2024-07-27T21:55:39.402+0700] {processor.py:830} INFO - Processing file /usr/local/lib/python3.10/dist-packages/airflow/example_dags/example_latest_only.py for tasks to queue
[2024-07-27T21:55:39.403+0700] {logging_mixin.py:188} INFO - [2024-07-27T21:55:39.403+0700] {dagbag.py:545} INFO - Filling up the DagBag from /usr/local/lib/python3.10/dist-packages/airflow/example_dags/example_latest_only.py
[2024-07-27T21:55:39.407+0700] {processor.py:840} INFO - DAG(s) 'latest_only' retrieved from /usr/local/lib/python3.10/dist-packages/airflow/example_dags/example_latest_only.py
[2024-07-27T21:55:39.420+0700] {logging_mixin.py:188} INFO - [2024-07-27T21:55:39.419+0700] {dag.py:3089} INFO - Sync 1 DAGs
[2024-07-27T21:55:39.433+0700] {logging_mixin.py:188} INFO - [2024-07-27T21:55:39.432+0700] {dag.py:3947} INFO - Setting next_dagrun for latest_only to 2024-07-27 08:00:00+00:00, run_after=2024-07-27 12:00:00+00:00
[2024-07-27T21:55:39.463+0700] {processor.py:183} INFO - Processing /usr/local/lib/python3.10/dist-packages/airflow/example_dags/example_latest_only.py took 0.068 seconds
[2024-07-27T21:58:13.968+0700] {processor.py:161} INFO - Started process (PID=18624) to work on /usr/local/lib/python3.10/dist-packages/airflow/example_dags/example_latest_only.py
[2024-07-27T21:58:13.971+0700] {processor.py:830} INFO - Processing file /usr/local/lib/python3.10/dist-packages/airflow/example_dags/example_latest_only.py for tasks to queue
[2024-07-27T21:58:13.971+0700] {logging_mixin.py:188} INFO - [2024-07-27T21:58:13.971+0700] {dagbag.py:545} INFO - Filling up the DagBag from /usr/local/lib/python3.10/dist-packages/airflow/example_dags/example_latest_only.py
[2024-07-27T21:58:13.976+0700] {processor.py:840} INFO - DAG(s) 'latest_only' retrieved from /usr/local/lib/python3.10/dist-packages/airflow/example_dags/example_latest_only.py
[2024-07-27T21:58:13.995+0700] {logging_mixin.py:188} INFO - [2024-07-27T21:58:13.995+0700] {dag.py:3089} INFO - Sync 1 DAGs
[2024-07-27T21:58:14.009+0700] {logging_mixin.py:188} INFO - [2024-07-27T21:58:14.008+0700] {dag.py:3947} INFO - Setting next_dagrun for latest_only to 2024-07-27 08:00:00+00:00, run_after=2024-07-27 12:00:00+00:00
[2024-07-27T21:58:14.040+0700] {processor.py:183} INFO - Processing /usr/local/lib/python3.10/dist-packages/airflow/example_dags/example_latest_only.py took 0.076 seconds
[2024-07-27T21:59:05.650+0700] {processor.py:161} INFO - Started process (PID=19029) to work on /usr/local/lib/python3.10/dist-packages/airflow/example_dags/example_latest_only.py
[2024-07-27T21:59:05.652+0700] {processor.py:830} INFO - Processing file /usr/local/lib/python3.10/dist-packages/airflow/example_dags/example_latest_only.py for tasks to queue
[2024-07-27T21:59:05.653+0700] {logging_mixin.py:188} INFO - [2024-07-27T21:59:05.652+0700] {dagbag.py:545} INFO - Filling up the DagBag from /usr/local/lib/python3.10/dist-packages/airflow/example_dags/example_latest_only.py
[2024-07-27T21:59:05.657+0700] {processor.py:840} INFO - DAG(s) 'latest_only' retrieved from /usr/local/lib/python3.10/dist-packages/airflow/example_dags/example_latest_only.py
[2024-07-27T21:59:05.668+0700] {logging_mixin.py:188} INFO - [2024-07-27T21:59:05.668+0700] {dag.py:3089} INFO - Sync 1 DAGs
[2024-07-27T21:59:05.681+0700] {logging_mixin.py:188} INFO - [2024-07-27T21:59:05.681+0700] {dag.py:3947} INFO - Setting next_dagrun for latest_only to 2024-07-27 08:00:00+00:00, run_after=2024-07-27 12:00:00+00:00
[2024-07-27T21:59:05.703+0700] {processor.py:183} INFO - Processing /usr/local/lib/python3.10/dist-packages/airflow/example_dags/example_latest_only.py took 0.057 seconds
[2024-07-27T21:59:56.528+0700] {processor.py:161} INFO - Started process (PID=19554) to work on /usr/local/lib/python3.10/dist-packages/airflow/example_dags/example_latest_only.py
[2024-07-27T21:59:56.529+0700] {processor.py:830} INFO - Processing file /usr/local/lib/python3.10/dist-packages/airflow/example_dags/example_latest_only.py for tasks to queue
[2024-07-27T21:59:56.530+0700] {logging_mixin.py:188} INFO - [2024-07-27T21:59:56.530+0700] {dagbag.py:545} INFO - Filling up the DagBag from /usr/local/lib/python3.10/dist-packages/airflow/example_dags/example_latest_only.py
[2024-07-27T21:59:56.535+0700] {processor.py:840} INFO - DAG(s) 'latest_only' retrieved from /usr/local/lib/python3.10/dist-packages/airflow/example_dags/example_latest_only.py
[2024-07-27T21:59:56.548+0700] {logging_mixin.py:188} INFO - [2024-07-27T21:59:56.548+0700] {dag.py:3089} INFO - Sync 1 DAGs
[2024-07-27T21:59:56.569+0700] {logging_mixin.py:188} INFO - [2024-07-27T21:59:56.568+0700] {dag.py:3947} INFO - Setting next_dagrun for latest_only to 2024-07-27 08:00:00+00:00, run_after=2024-07-27 12:00:00+00:00
[2024-07-27T21:59:56.598+0700] {processor.py:183} INFO - Processing /usr/local/lib/python3.10/dist-packages/airflow/example_dags/example_latest_only.py took 0.085 seconds
[2024-07-27T22:00:45.908+0700] {processor.py:161} INFO - Started process (PID=19932) to work on /usr/local/lib/python3.10/dist-packages/airflow/example_dags/example_latest_only.py
[2024-07-27T22:00:45.910+0700] {processor.py:830} INFO - Processing file /usr/local/lib/python3.10/dist-packages/airflow/example_dags/example_latest_only.py for tasks to queue
[2024-07-27T22:00:45.913+0700] {logging_mixin.py:188} INFO - [2024-07-27T22:00:45.912+0700] {dagbag.py:545} INFO - Filling up the DagBag from /usr/local/lib/python3.10/dist-packages/airflow/example_dags/example_latest_only.py
[2024-07-27T22:00:45.919+0700] {processor.py:840} INFO - DAG(s) 'latest_only' retrieved from /usr/local/lib/python3.10/dist-packages/airflow/example_dags/example_latest_only.py
[2024-07-27T22:00:45.932+0700] {logging_mixin.py:188} INFO - [2024-07-27T22:00:45.931+0700] {dag.py:3089} INFO - Sync 1 DAGs
[2024-07-27T22:00:45.957+0700] {logging_mixin.py:188} INFO - [2024-07-27T22:00:45.957+0700] {dag.py:3947} INFO - Setting next_dagrun for latest_only to 2024-07-27 08:00:00+00:00, run_after=2024-07-27 12:00:00+00:00
[2024-07-27T22:00:45.990+0700] {processor.py:183} INFO - Processing /usr/local/lib/python3.10/dist-packages/airflow/example_dags/example_latest_only.py took 0.088 seconds
[2024-07-27T22:01:35.921+0700] {processor.py:161} INFO - Started process (PID=20322) to work on /usr/local/lib/python3.10/dist-packages/airflow/example_dags/example_latest_only.py
[2024-07-27T22:01:35.923+0700] {processor.py:830} INFO - Processing file /usr/local/lib/python3.10/dist-packages/airflow/example_dags/example_latest_only.py for tasks to queue
[2024-07-27T22:01:35.924+0700] {logging_mixin.py:188} INFO - [2024-07-27T22:01:35.924+0700] {dagbag.py:545} INFO - Filling up the DagBag from /usr/local/lib/python3.10/dist-packages/airflow/example_dags/example_latest_only.py
[2024-07-27T22:01:35.928+0700] {processor.py:840} INFO - DAG(s) 'latest_only' retrieved from /usr/local/lib/python3.10/dist-packages/airflow/example_dags/example_latest_only.py
[2024-07-27T22:01:35.940+0700] {logging_mixin.py:188} INFO - [2024-07-27T22:01:35.940+0700] {dag.py:3089} INFO - Sync 1 DAGs
[2024-07-27T22:01:35.953+0700] {logging_mixin.py:188} INFO - [2024-07-27T22:01:35.953+0700] {dag.py:3947} INFO - Setting next_dagrun for latest_only to 2024-07-27 08:00:00+00:00, run_after=2024-07-27 12:00:00+00:00
[2024-07-27T22:01:35.974+0700] {processor.py:183} INFO - Processing /usr/local/lib/python3.10/dist-packages/airflow/example_dags/example_latest_only.py took 0.057 seconds
[2024-07-27T22:02:15.998+0700] {processor.py:161} INFO - Started process (PID=20777) to work on /usr/local/lib/python3.10/dist-packages/airflow/example_dags/example_latest_only.py
[2024-07-27T22:02:16.000+0700] {processor.py:830} INFO - Processing file /usr/local/lib/python3.10/dist-packages/airflow/example_dags/example_latest_only.py for tasks to queue
[2024-07-27T22:02:16.001+0700] {logging_mixin.py:188} INFO - [2024-07-27T22:02:16.001+0700] {dagbag.py:545} INFO - Filling up the DagBag from /usr/local/lib/python3.10/dist-packages/airflow/example_dags/example_latest_only.py
[2024-07-27T22:02:16.006+0700] {processor.py:840} INFO - DAG(s) 'latest_only' retrieved from /usr/local/lib/python3.10/dist-packages/airflow/example_dags/example_latest_only.py
[2024-07-27T22:02:16.017+0700] {logging_mixin.py:188} INFO - [2024-07-27T22:02:16.017+0700] {dag.py:3089} INFO - Sync 1 DAGs
[2024-07-27T22:02:16.031+0700] {logging_mixin.py:188} INFO - [2024-07-27T22:02:16.030+0700] {dag.py:3947} INFO - Setting next_dagrun for latest_only to 2024-07-27 08:00:00+00:00, run_after=2024-07-27 12:00:00+00:00
[2024-07-27T22:02:16.062+0700] {processor.py:183} INFO - Processing /usr/local/lib/python3.10/dist-packages/airflow/example_dags/example_latest_only.py took 0.068 seconds
[2024-07-27T22:03:01.018+0700] {processor.py:161} INFO - Started process (PID=21228) to work on /usr/local/lib/python3.10/dist-packages/airflow/example_dags/example_latest_only.py
[2024-07-27T22:03:01.021+0700] {processor.py:830} INFO - Processing file /usr/local/lib/python3.10/dist-packages/airflow/example_dags/example_latest_only.py for tasks to queue
[2024-07-27T22:03:01.021+0700] {logging_mixin.py:188} INFO - [2024-07-27T22:03:01.021+0700] {dagbag.py:545} INFO - Filling up the DagBag from /usr/local/lib/python3.10/dist-packages/airflow/example_dags/example_latest_only.py
[2024-07-27T22:03:01.027+0700] {processor.py:840} INFO - DAG(s) 'latest_only' retrieved from /usr/local/lib/python3.10/dist-packages/airflow/example_dags/example_latest_only.py
[2024-07-27T22:03:01.041+0700] {logging_mixin.py:188} INFO - [2024-07-27T22:03:01.040+0700] {dag.py:3089} INFO - Sync 1 DAGs
[2024-07-27T22:03:01.057+0700] {logging_mixin.py:188} INFO - [2024-07-27T22:03:01.057+0700] {dag.py:3947} INFO - Setting next_dagrun for latest_only to 2024-07-27 08:00:00+00:00, run_after=2024-07-27 12:00:00+00:00
[2024-07-27T22:03:01.089+0700] {processor.py:183} INFO - Processing /usr/local/lib/python3.10/dist-packages/airflow/example_dags/example_latest_only.py took 0.076 seconds
[2024-07-27T22:03:44.968+0700] {processor.py:161} INFO - Started process (PID=21571) to work on /usr/local/lib/python3.10/dist-packages/airflow/example_dags/example_latest_only.py
[2024-07-27T22:03:44.970+0700] {processor.py:830} INFO - Processing file /usr/local/lib/python3.10/dist-packages/airflow/example_dags/example_latest_only.py for tasks to queue
[2024-07-27T22:03:44.971+0700] {logging_mixin.py:188} INFO - [2024-07-27T22:03:44.971+0700] {dagbag.py:545} INFO - Filling up the DagBag from /usr/local/lib/python3.10/dist-packages/airflow/example_dags/example_latest_only.py
[2024-07-27T22:03:44.975+0700] {processor.py:840} INFO - DAG(s) 'latest_only' retrieved from /usr/local/lib/python3.10/dist-packages/airflow/example_dags/example_latest_only.py
[2024-07-27T22:03:44.987+0700] {logging_mixin.py:188} INFO - [2024-07-27T22:03:44.986+0700] {dag.py:3089} INFO - Sync 1 DAGs
[2024-07-27T22:03:44.999+0700] {logging_mixin.py:188} INFO - [2024-07-27T22:03:44.999+0700] {dag.py:3947} INFO - Setting next_dagrun for latest_only to 2024-07-27 08:00:00+00:00, run_after=2024-07-27 12:00:00+00:00
[2024-07-27T22:03:45.029+0700] {processor.py:183} INFO - Processing /usr/local/lib/python3.10/dist-packages/airflow/example_dags/example_latest_only.py took 0.065 seconds
[2024-07-27T22:04:27.486+0700] {processor.py:161} INFO - Started process (PID=22035) to work on /usr/local/lib/python3.10/dist-packages/airflow/example_dags/example_latest_only.py
[2024-07-27T22:04:27.488+0700] {processor.py:830} INFO - Processing file /usr/local/lib/python3.10/dist-packages/airflow/example_dags/example_latest_only.py for tasks to queue
[2024-07-27T22:04:27.490+0700] {logging_mixin.py:188} INFO - [2024-07-27T22:04:27.489+0700] {dagbag.py:545} INFO - Filling up the DagBag from /usr/local/lib/python3.10/dist-packages/airflow/example_dags/example_latest_only.py
[2024-07-27T22:04:27.494+0700] {processor.py:840} INFO - DAG(s) 'latest_only' retrieved from /usr/local/lib/python3.10/dist-packages/airflow/example_dags/example_latest_only.py
[2024-07-27T22:04:27.507+0700] {logging_mixin.py:188} INFO - [2024-07-27T22:04:27.507+0700] {dag.py:3089} INFO - Sync 1 DAGs
[2024-07-27T22:04:27.521+0700] {logging_mixin.py:188} INFO - [2024-07-27T22:04:27.521+0700] {dag.py:3947} INFO - Setting next_dagrun for latest_only to 2024-07-27 08:00:00+00:00, run_after=2024-07-27 12:00:00+00:00
[2024-07-27T22:04:27.553+0700] {processor.py:183} INFO - Processing /usr/local/lib/python3.10/dist-packages/airflow/example_dags/example_latest_only.py took 0.073 seconds
[2024-07-27T22:05:13.560+0700] {processor.py:161} INFO - Started process (PID=22550) to work on /usr/local/lib/python3.10/dist-packages/airflow/example_dags/example_latest_only.py
[2024-07-27T22:05:13.563+0700] {processor.py:830} INFO - Processing file /usr/local/lib/python3.10/dist-packages/airflow/example_dags/example_latest_only.py for tasks to queue
[2024-07-27T22:05:13.564+0700] {logging_mixin.py:188} INFO - [2024-07-27T22:05:13.563+0700] {dagbag.py:545} INFO - Filling up the DagBag from /usr/local/lib/python3.10/dist-packages/airflow/example_dags/example_latest_only.py
[2024-07-27T22:05:13.570+0700] {processor.py:840} INFO - DAG(s) 'latest_only' retrieved from /usr/local/lib/python3.10/dist-packages/airflow/example_dags/example_latest_only.py
[2024-07-27T22:05:13.584+0700] {logging_mixin.py:188} INFO - [2024-07-27T22:05:13.584+0700] {dag.py:3089} INFO - Sync 1 DAGs
[2024-07-27T22:05:13.599+0700] {logging_mixin.py:188} INFO - [2024-07-27T22:05:13.599+0700] {dag.py:3947} INFO - Setting next_dagrun for latest_only to 2024-07-27 08:00:00+00:00, run_after=2024-07-27 12:00:00+00:00
[2024-07-27T22:05:13.632+0700] {processor.py:183} INFO - Processing /usr/local/lib/python3.10/dist-packages/airflow/example_dags/example_latest_only.py took 0.077 seconds
[2024-07-27T22:05:54.674+0700] {processor.py:161} INFO - Started process (PID=22937) to work on /usr/local/lib/python3.10/dist-packages/airflow/example_dags/example_latest_only.py
[2024-07-27T22:05:54.677+0700] {processor.py:830} INFO - Processing file /usr/local/lib/python3.10/dist-packages/airflow/example_dags/example_latest_only.py for tasks to queue
[2024-07-27T22:05:54.677+0700] {logging_mixin.py:188} INFO - [2024-07-27T22:05:54.677+0700] {dagbag.py:545} INFO - Filling up the DagBag from /usr/local/lib/python3.10/dist-packages/airflow/example_dags/example_latest_only.py
[2024-07-27T22:05:54.682+0700] {processor.py:840} INFO - DAG(s) 'latest_only' retrieved from /usr/local/lib/python3.10/dist-packages/airflow/example_dags/example_latest_only.py
[2024-07-27T22:05:54.693+0700] {logging_mixin.py:188} INFO - [2024-07-27T22:05:54.693+0700] {dag.py:3089} INFO - Sync 1 DAGs
[2024-07-27T22:05:54.708+0700] {logging_mixin.py:188} INFO - [2024-07-27T22:05:54.708+0700] {dag.py:3947} INFO - Setting next_dagrun for latest_only to 2024-07-27 08:00:00+00:00, run_after=2024-07-27 12:00:00+00:00
[2024-07-27T22:05:54.738+0700] {processor.py:183} INFO - Processing /usr/local/lib/python3.10/dist-packages/airflow/example_dags/example_latest_only.py took 0.068 seconds
[2024-07-27T22:06:39.276+0700] {processor.py:161} INFO - Started process (PID=23559) to work on /usr/local/lib/python3.10/dist-packages/airflow/example_dags/example_latest_only.py
[2024-07-27T22:06:39.279+0700] {processor.py:830} INFO - Processing file /usr/local/lib/python3.10/dist-packages/airflow/example_dags/example_latest_only.py for tasks to queue
[2024-07-27T22:06:39.280+0700] {logging_mixin.py:188} INFO - [2024-07-27T22:06:39.280+0700] {dagbag.py:545} INFO - Filling up the DagBag from /usr/local/lib/python3.10/dist-packages/airflow/example_dags/example_latest_only.py
[2024-07-27T22:06:39.286+0700] {processor.py:840} INFO - DAG(s) 'latest_only' retrieved from /usr/local/lib/python3.10/dist-packages/airflow/example_dags/example_latest_only.py
[2024-07-27T22:06:39.300+0700] {logging_mixin.py:188} INFO - [2024-07-27T22:06:39.299+0700] {dag.py:3089} INFO - Sync 1 DAGs
[2024-07-27T22:06:39.316+0700] {logging_mixin.py:188} INFO - [2024-07-27T22:06:39.315+0700] {dag.py:3947} INFO - Setting next_dagrun for latest_only to 2024-07-27 08:00:00+00:00, run_after=2024-07-27 12:00:00+00:00
[2024-07-27T22:06:39.347+0700] {processor.py:183} INFO - Processing /usr/local/lib/python3.10/dist-packages/airflow/example_dags/example_latest_only.py took 0.077 seconds
[2024-07-27T22:07:27.024+0700] {processor.py:161} INFO - Started process (PID=23934) to work on /usr/local/lib/python3.10/dist-packages/airflow/example_dags/example_latest_only.py
[2024-07-27T22:07:27.027+0700] {processor.py:830} INFO - Processing file /usr/local/lib/python3.10/dist-packages/airflow/example_dags/example_latest_only.py for tasks to queue
[2024-07-27T22:07:27.028+0700] {logging_mixin.py:188} INFO - [2024-07-27T22:07:27.028+0700] {dagbag.py:545} INFO - Filling up the DagBag from /usr/local/lib/python3.10/dist-packages/airflow/example_dags/example_latest_only.py
[2024-07-27T22:07:27.032+0700] {processor.py:840} INFO - DAG(s) 'latest_only' retrieved from /usr/local/lib/python3.10/dist-packages/airflow/example_dags/example_latest_only.py
[2024-07-27T22:07:27.044+0700] {logging_mixin.py:188} INFO - [2024-07-27T22:07:27.043+0700] {dag.py:3089} INFO - Sync 1 DAGs
[2024-07-27T22:07:27.057+0700] {logging_mixin.py:188} INFO - [2024-07-27T22:07:27.057+0700] {dag.py:3947} INFO - Setting next_dagrun for latest_only to 2024-07-27 08:00:00+00:00, run_after=2024-07-27 12:00:00+00:00
[2024-07-27T22:07:27.088+0700] {processor.py:183} INFO - Processing /usr/local/lib/python3.10/dist-packages/airflow/example_dags/example_latest_only.py took 0.068 seconds
[2024-07-27T22:08:09.901+0700] {processor.py:161} INFO - Started process (PID=24371) to work on /usr/local/lib/python3.10/dist-packages/airflow/example_dags/example_latest_only.py
[2024-07-27T22:08:09.903+0700] {processor.py:830} INFO - Processing file /usr/local/lib/python3.10/dist-packages/airflow/example_dags/example_latest_only.py for tasks to queue
[2024-07-27T22:08:09.904+0700] {logging_mixin.py:188} INFO - [2024-07-27T22:08:09.904+0700] {dagbag.py:545} INFO - Filling up the DagBag from /usr/local/lib/python3.10/dist-packages/airflow/example_dags/example_latest_only.py
[2024-07-27T22:08:09.911+0700] {processor.py:840} INFO - DAG(s) 'latest_only' retrieved from /usr/local/lib/python3.10/dist-packages/airflow/example_dags/example_latest_only.py
[2024-07-27T22:08:09.924+0700] {logging_mixin.py:188} INFO - [2024-07-27T22:08:09.924+0700] {dag.py:3089} INFO - Sync 1 DAGs
[2024-07-27T22:08:09.949+0700] {logging_mixin.py:188} INFO - [2024-07-27T22:08:09.949+0700] {dag.py:3947} INFO - Setting next_dagrun for latest_only to 2024-07-27 08:00:00+00:00, run_after=2024-07-27 12:00:00+00:00
[2024-07-27T22:08:09.992+0700] {processor.py:183} INFO - Processing /usr/local/lib/python3.10/dist-packages/airflow/example_dags/example_latest_only.py took 0.097 seconds
[2024-07-27T22:08:51.169+0700] {processor.py:161} INFO - Started process (PID=24914) to work on /usr/local/lib/python3.10/dist-packages/airflow/example_dags/example_latest_only.py
[2024-07-27T22:08:51.170+0700] {processor.py:830} INFO - Processing file /usr/local/lib/python3.10/dist-packages/airflow/example_dags/example_latest_only.py for tasks to queue
[2024-07-27T22:08:51.171+0700] {logging_mixin.py:188} INFO - [2024-07-27T22:08:51.171+0700] {dagbag.py:545} INFO - Filling up the DagBag from /usr/local/lib/python3.10/dist-packages/airflow/example_dags/example_latest_only.py
[2024-07-27T22:08:51.175+0700] {processor.py:840} INFO - DAG(s) 'latest_only' retrieved from /usr/local/lib/python3.10/dist-packages/airflow/example_dags/example_latest_only.py
[2024-07-27T22:08:51.188+0700] {logging_mixin.py:188} INFO - [2024-07-27T22:08:51.187+0700] {dag.py:3089} INFO - Sync 1 DAGs
[2024-07-27T22:08:51.202+0700] {logging_mixin.py:188} INFO - [2024-07-27T22:08:51.202+0700] {dag.py:3947} INFO - Setting next_dagrun for latest_only to 2024-07-27 08:00:00+00:00, run_after=2024-07-27 12:00:00+00:00
[2024-07-27T22:08:51.232+0700] {processor.py:183} INFO - Processing /usr/local/lib/python3.10/dist-packages/airflow/example_dags/example_latest_only.py took 0.068 seconds
[2024-07-27T22:09:32.615+0700] {processor.py:161} INFO - Started process (PID=25272) to work on /usr/local/lib/python3.10/dist-packages/airflow/example_dags/example_latest_only.py
[2024-07-27T22:09:32.618+0700] {processor.py:830} INFO - Processing file /usr/local/lib/python3.10/dist-packages/airflow/example_dags/example_latest_only.py for tasks to queue
[2024-07-27T22:09:32.619+0700] {logging_mixin.py:188} INFO - [2024-07-27T22:09:32.619+0700] {dagbag.py:545} INFO - Filling up the DagBag from /usr/local/lib/python3.10/dist-packages/airflow/example_dags/example_latest_only.py
[2024-07-27T22:09:32.623+0700] {processor.py:840} INFO - DAG(s) 'latest_only' retrieved from /usr/local/lib/python3.10/dist-packages/airflow/example_dags/example_latest_only.py
[2024-07-27T22:09:32.634+0700] {logging_mixin.py:188} INFO - [2024-07-27T22:09:32.634+0700] {dag.py:3089} INFO - Sync 1 DAGs
[2024-07-27T22:09:32.647+0700] {logging_mixin.py:188} INFO - [2024-07-27T22:09:32.647+0700] {dag.py:3947} INFO - Setting next_dagrun for latest_only to 2024-07-27 08:00:00+00:00, run_after=2024-07-27 12:00:00+00:00
[2024-07-27T22:09:32.683+0700] {processor.py:183} INFO - Processing /usr/local/lib/python3.10/dist-packages/airflow/example_dags/example_latest_only.py took 0.073 seconds
[2024-07-27T22:10:17.111+0700] {processor.py:161} INFO - Started process (PID=25649) to work on /usr/local/lib/python3.10/dist-packages/airflow/example_dags/example_latest_only.py
[2024-07-27T22:10:17.112+0700] {processor.py:830} INFO - Processing file /usr/local/lib/python3.10/dist-packages/airflow/example_dags/example_latest_only.py for tasks to queue
[2024-07-27T22:10:17.113+0700] {logging_mixin.py:188} INFO - [2024-07-27T22:10:17.112+0700] {dagbag.py:545} INFO - Filling up the DagBag from /usr/local/lib/python3.10/dist-packages/airflow/example_dags/example_latest_only.py
[2024-07-27T22:10:17.118+0700] {processor.py:840} INFO - DAG(s) 'latest_only' retrieved from /usr/local/lib/python3.10/dist-packages/airflow/example_dags/example_latest_only.py
[2024-07-27T22:10:17.129+0700] {logging_mixin.py:188} INFO - [2024-07-27T22:10:17.129+0700] {dag.py:3089} INFO - Sync 1 DAGs
[2024-07-27T22:10:17.142+0700] {logging_mixin.py:188} INFO - [2024-07-27T22:10:17.142+0700] {dag.py:3947} INFO - Setting next_dagrun for latest_only to 2024-07-27 08:00:00+00:00, run_after=2024-07-27 12:00:00+00:00
[2024-07-27T22:10:17.173+0700] {processor.py:183} INFO - Processing /usr/local/lib/python3.10/dist-packages/airflow/example_dags/example_latest_only.py took 0.067 seconds
