[2024-07-27T18:29:49.322+0700] {processor.py:161} INFO - Started process (PID=1432) to work on /usr/local/lib/python3.10/dist-packages/airflow/example_dags/example_subdag_operator.py
[2024-07-27T18:29:49.322+0700] {processor.py:830} INFO - Processing file /usr/local/lib/python3.10/dist-packages/airflow/example_dags/example_subdag_operator.py for tasks to queue
[2024-07-27T18:29:49.324+0700] {logging_mixin.py:188} INFO - [2024-07-27T18:29:49.323+0700] {dagbag.py:545} INFO - Filling up the DagBag from /usr/local/lib/python3.10/dist-packages/airflow/example_dags/example_subdag_operator.py
[2024-07-27T18:29:49.339+0700] {processor.py:840} INFO - DAG(s) 'example_subdag_operator.section-1', 'example_subdag_operator.section-2', 'example_subdag_operator' retrieved from /usr/local/lib/python3.10/dist-packages/airflow/example_dags/example_subdag_operator.py
[2024-07-27T18:29:49.354+0700] {logging_mixin.py:188} INFO - [2024-07-27T18:29:49.354+0700] {dag.py:3089} INFO - Sync 3 DAGs
[2024-07-27T18:29:49.368+0700] {logging_mixin.py:188} INFO - [2024-07-27T18:29:49.367+0700] {dag.py:3947} INFO - Setting next_dagrun for example_subdag_operator to 2022-01-01 00:00:00+00:00, run_after=2022-01-01 00:00:00+00:00
[2024-07-27T18:29:49.370+0700] {logging_mixin.py:188} INFO - [2024-07-27T18:29:49.370+0700] {dag.py:3947} INFO - Setting next_dagrun for example_subdag_operator.section-1 to None, run_after=None
[2024-07-27T18:29:49.371+0700] {logging_mixin.py:188} INFO - [2024-07-27T18:29:49.371+0700] {dag.py:3947} INFO - Setting next_dagrun for example_subdag_operator.section-2 to None, run_after=None
[2024-07-27T18:29:49.376+0700] {logging_mixin.py:188} INFO - [2024-07-27T18:29:49.375+0700] {dag.py:3089} INFO - Sync 2 DAGs
[2024-07-27T18:29:49.379+0700] {logging_mixin.py:188} INFO - [2024-07-27T18:29:49.379+0700] {dag.py:3947} INFO - Setting next_dagrun for example_subdag_operator.section-1 to None, run_after=None
[2024-07-27T18:29:49.380+0700] {logging_mixin.py:188} INFO - [2024-07-27T18:29:49.380+0700] {dag.py:3947} INFO - Setting next_dagrun for example_subdag_operator.section-2 to None, run_after=None
[2024-07-27T18:29:49.407+0700] {processor.py:183} INFO - Processing /usr/local/lib/python3.10/dist-packages/airflow/example_dags/example_subdag_operator.py took 0.089 seconds
[2024-07-27T18:30:38.689+0700] {processor.py:161} INFO - Started process (PID=1692) to work on /usr/local/lib/python3.10/dist-packages/airflow/example_dags/example_subdag_operator.py
[2024-07-27T18:30:38.690+0700] {processor.py:830} INFO - Processing file /usr/local/lib/python3.10/dist-packages/airflow/example_dags/example_subdag_operator.py for tasks to queue
[2024-07-27T18:30:38.691+0700] {logging_mixin.py:188} INFO - [2024-07-27T18:30:38.691+0700] {dagbag.py:545} INFO - Filling up the DagBag from /usr/local/lib/python3.10/dist-packages/airflow/example_dags/example_subdag_operator.py
[2024-07-27T18:30:38.714+0700] {processor.py:840} INFO - DAG(s) 'example_subdag_operator.section-1', 'example_subdag_operator.section-2', 'example_subdag_operator' retrieved from /usr/local/lib/python3.10/dist-packages/airflow/example_dags/example_subdag_operator.py
[2024-07-27T18:30:38.726+0700] {logging_mixin.py:188} INFO - [2024-07-27T18:30:38.726+0700] {dag.py:3089} INFO - Sync 3 DAGs
[2024-07-27T18:30:38.743+0700] {logging_mixin.py:188} INFO - [2024-07-27T18:30:38.743+0700] {dag.py:3947} INFO - Setting next_dagrun for example_subdag_operator to 2022-01-01 00:00:00+00:00, run_after=2022-01-01 00:00:00+00:00
[2024-07-27T18:30:38.747+0700] {logging_mixin.py:188} INFO - [2024-07-27T18:30:38.747+0700] {dag.py:3947} INFO - Setting next_dagrun for example_subdag_operator.section-1 to None, run_after=None
[2024-07-27T18:30:38.748+0700] {logging_mixin.py:188} INFO - [2024-07-27T18:30:38.748+0700] {dag.py:3947} INFO - Setting next_dagrun for example_subdag_operator.section-2 to None, run_after=None
[2024-07-27T18:30:38.754+0700] {logging_mixin.py:188} INFO - [2024-07-27T18:30:38.754+0700] {dag.py:3089} INFO - Sync 2 DAGs
[2024-07-27T18:30:38.760+0700] {logging_mixin.py:188} INFO - [2024-07-27T18:30:38.760+0700] {dag.py:3947} INFO - Setting next_dagrun for example_subdag_operator.section-1 to None, run_after=None
[2024-07-27T18:30:38.761+0700] {logging_mixin.py:188} INFO - [2024-07-27T18:30:38.761+0700] {dag.py:3947} INFO - Setting next_dagrun for example_subdag_operator.section-2 to None, run_after=None
[2024-07-27T18:30:38.789+0700] {processor.py:183} INFO - Processing /usr/local/lib/python3.10/dist-packages/airflow/example_dags/example_subdag_operator.py took 0.106 seconds
[2024-07-27T21:32:18.503+0700] {processor.py:161} INFO - Started process (PID=1739) to work on /usr/local/lib/python3.10/dist-packages/airflow/example_dags/example_subdag_operator.py
[2024-07-27T21:32:18.504+0700] {processor.py:830} INFO - Processing file /usr/local/lib/python3.10/dist-packages/airflow/example_dags/example_subdag_operator.py for tasks to queue
[2024-07-27T21:32:18.506+0700] {logging_mixin.py:188} INFO - [2024-07-27T21:32:18.505+0700] {dagbag.py:545} INFO - Filling up the DagBag from /usr/local/lib/python3.10/dist-packages/airflow/example_dags/example_subdag_operator.py
[2024-07-27T21:32:18.522+0700] {processor.py:840} INFO - DAG(s) 'example_subdag_operator.section-1', 'example_subdag_operator.section-2', 'example_subdag_operator' retrieved from /usr/local/lib/python3.10/dist-packages/airflow/example_dags/example_subdag_operator.py
[2024-07-27T21:32:18.538+0700] {logging_mixin.py:188} INFO - [2024-07-27T21:32:18.538+0700] {dag.py:3089} INFO - Sync 3 DAGs
[2024-07-27T21:32:18.566+0700] {logging_mixin.py:188} INFO - [2024-07-27T21:32:18.566+0700] {dag.py:3947} INFO - Setting next_dagrun for example_subdag_operator to 2022-01-01 00:00:00+00:00, run_after=2022-01-01 00:00:00+00:00
[2024-07-27T21:32:18.569+0700] {logging_mixin.py:188} INFO - [2024-07-27T21:32:18.569+0700] {dag.py:3947} INFO - Setting next_dagrun for example_subdag_operator.section-1 to None, run_after=None
[2024-07-27T21:32:18.571+0700] {logging_mixin.py:188} INFO - [2024-07-27T21:32:18.570+0700] {dag.py:3947} INFO - Setting next_dagrun for example_subdag_operator.section-2 to None, run_after=None
[2024-07-27T21:32:18.576+0700] {logging_mixin.py:188} INFO - [2024-07-27T21:32:18.576+0700] {dag.py:3089} INFO - Sync 2 DAGs
[2024-07-27T21:32:18.581+0700] {logging_mixin.py:188} INFO - [2024-07-27T21:32:18.580+0700] {dag.py:3947} INFO - Setting next_dagrun for example_subdag_operator.section-1 to None, run_after=None
[2024-07-27T21:32:18.582+0700] {logging_mixin.py:188} INFO - [2024-07-27T21:32:18.581+0700] {dag.py:3947} INFO - Setting next_dagrun for example_subdag_operator.section-2 to None, run_after=None
[2024-07-27T21:32:18.607+0700] {processor.py:183} INFO - Processing /usr/local/lib/python3.10/dist-packages/airflow/example_dags/example_subdag_operator.py took 0.108 seconds
[2024-07-27T21:33:08.046+0700] {processor.py:161} INFO - Started process (PID=2129) to work on /usr/local/lib/python3.10/dist-packages/airflow/example_dags/example_subdag_operator.py
[2024-07-27T21:33:08.050+0700] {processor.py:830} INFO - Processing file /usr/local/lib/python3.10/dist-packages/airflow/example_dags/example_subdag_operator.py for tasks to queue
[2024-07-27T21:33:08.051+0700] {logging_mixin.py:188} INFO - [2024-07-27T21:33:08.051+0700] {dagbag.py:545} INFO - Filling up the DagBag from /usr/local/lib/python3.10/dist-packages/airflow/example_dags/example_subdag_operator.py
[2024-07-27T21:33:08.067+0700] {processor.py:840} INFO - DAG(s) 'example_subdag_operator.section-1', 'example_subdag_operator.section-2', 'example_subdag_operator' retrieved from /usr/local/lib/python3.10/dist-packages/airflow/example_dags/example_subdag_operator.py
[2024-07-27T21:33:08.078+0700] {logging_mixin.py:188} INFO - [2024-07-27T21:33:08.078+0700] {dag.py:3089} INFO - Sync 3 DAGs
[2024-07-27T21:33:08.092+0700] {logging_mixin.py:188} INFO - [2024-07-27T21:33:08.092+0700] {dag.py:3947} INFO - Setting next_dagrun for example_subdag_operator to 2022-01-01 00:00:00+00:00, run_after=2022-01-01 00:00:00+00:00
[2024-07-27T21:33:08.095+0700] {logging_mixin.py:188} INFO - [2024-07-27T21:33:08.095+0700] {dag.py:3947} INFO - Setting next_dagrun for example_subdag_operator.section-1 to None, run_after=None
[2024-07-27T21:33:08.096+0700] {logging_mixin.py:188} INFO - [2024-07-27T21:33:08.096+0700] {dag.py:3947} INFO - Setting next_dagrun for example_subdag_operator.section-2 to None, run_after=None
[2024-07-27T21:33:08.101+0700] {logging_mixin.py:188} INFO - [2024-07-27T21:33:08.101+0700] {dag.py:3089} INFO - Sync 2 DAGs
[2024-07-27T21:33:08.105+0700] {logging_mixin.py:188} INFO - [2024-07-27T21:33:08.105+0700] {dag.py:3947} INFO - Setting next_dagrun for example_subdag_operator.section-1 to None, run_after=None
[2024-07-27T21:33:08.105+0700] {logging_mixin.py:188} INFO - [2024-07-27T21:33:08.105+0700] {dag.py:3947} INFO - Setting next_dagrun for example_subdag_operator.section-2 to None, run_after=None
[2024-07-27T21:33:08.127+0700] {processor.py:183} INFO - Processing /usr/local/lib/python3.10/dist-packages/airflow/example_dags/example_subdag_operator.py took 0.085 seconds
[2024-07-27T21:34:04.508+0700] {processor.py:161} INFO - Started process (PID=2892) to work on /usr/local/lib/python3.10/dist-packages/airflow/example_dags/example_subdag_operator.py
[2024-07-27T21:34:04.511+0700] {processor.py:830} INFO - Processing file /usr/local/lib/python3.10/dist-packages/airflow/example_dags/example_subdag_operator.py for tasks to queue
[2024-07-27T21:34:04.512+0700] {logging_mixin.py:188} INFO - [2024-07-27T21:34:04.512+0700] {dagbag.py:545} INFO - Filling up the DagBag from /usr/local/lib/python3.10/dist-packages/airflow/example_dags/example_subdag_operator.py
[2024-07-27T21:34:04.531+0700] {processor.py:840} INFO - DAG(s) 'example_subdag_operator.section-1', 'example_subdag_operator.section-2', 'example_subdag_operator' retrieved from /usr/local/lib/python3.10/dist-packages/airflow/example_dags/example_subdag_operator.py
[2024-07-27T21:34:04.640+0700] {logging_mixin.py:188} INFO - [2024-07-27T21:34:04.640+0700] {dag.py:3089} INFO - Sync 3 DAGs
[2024-07-27T21:34:04.657+0700] {logging_mixin.py:188} INFO - [2024-07-27T21:34:04.657+0700] {dag.py:3947} INFO - Setting next_dagrun for example_subdag_operator to 2022-01-01 00:00:00+00:00, run_after=2022-01-01 00:00:00+00:00
[2024-07-27T21:34:04.661+0700] {logging_mixin.py:188} INFO - [2024-07-27T21:34:04.660+0700] {dag.py:3947} INFO - Setting next_dagrun for example_subdag_operator.section-1 to None, run_after=None
[2024-07-27T21:34:04.662+0700] {logging_mixin.py:188} INFO - [2024-07-27T21:34:04.662+0700] {dag.py:3947} INFO - Setting next_dagrun for example_subdag_operator.section-2 to None, run_after=None
[2024-07-27T21:34:04.668+0700] {logging_mixin.py:188} INFO - [2024-07-27T21:34:04.668+0700] {dag.py:3089} INFO - Sync 2 DAGs
[2024-07-27T21:34:04.673+0700] {logging_mixin.py:188} INFO - [2024-07-27T21:34:04.673+0700] {dag.py:3947} INFO - Setting next_dagrun for example_subdag_operator.section-1 to None, run_after=None
[2024-07-27T21:34:04.674+0700] {logging_mixin.py:188} INFO - [2024-07-27T21:34:04.673+0700] {dag.py:3947} INFO - Setting next_dagrun for example_subdag_operator.section-2 to None, run_after=None
[2024-07-27T21:34:04.700+0700] {processor.py:183} INFO - Processing /usr/local/lib/python3.10/dist-packages/airflow/example_dags/example_subdag_operator.py took 0.197 seconds
[2024-07-27T21:34:52.427+0700] {processor.py:161} INFO - Started process (PID=3288) to work on /usr/local/lib/python3.10/dist-packages/airflow/example_dags/example_subdag_operator.py
[2024-07-27T21:34:52.429+0700] {processor.py:830} INFO - Processing file /usr/local/lib/python3.10/dist-packages/airflow/example_dags/example_subdag_operator.py for tasks to queue
[2024-07-27T21:34:52.430+0700] {logging_mixin.py:188} INFO - [2024-07-27T21:34:52.430+0700] {dagbag.py:545} INFO - Filling up the DagBag from /usr/local/lib/python3.10/dist-packages/airflow/example_dags/example_subdag_operator.py
[2024-07-27T21:34:52.449+0700] {processor.py:840} INFO - DAG(s) 'example_subdag_operator.section-1', 'example_subdag_operator.section-2', 'example_subdag_operator' retrieved from /usr/local/lib/python3.10/dist-packages/airflow/example_dags/example_subdag_operator.py
[2024-07-27T21:34:52.463+0700] {logging_mixin.py:188} INFO - [2024-07-27T21:34:52.462+0700] {dag.py:3089} INFO - Sync 3 DAGs
[2024-07-27T21:34:52.478+0700] {logging_mixin.py:188} INFO - [2024-07-27T21:34:52.478+0700] {dag.py:3947} INFO - Setting next_dagrun for example_subdag_operator to 2022-01-01 00:00:00+00:00, run_after=2022-01-01 00:00:00+00:00
[2024-07-27T21:34:52.481+0700] {logging_mixin.py:188} INFO - [2024-07-27T21:34:52.480+0700] {dag.py:3947} INFO - Setting next_dagrun for example_subdag_operator.section-1 to None, run_after=None
[2024-07-27T21:34:52.482+0700] {logging_mixin.py:188} INFO - [2024-07-27T21:34:52.482+0700] {dag.py:3947} INFO - Setting next_dagrun for example_subdag_operator.section-2 to None, run_after=None
[2024-07-27T21:34:52.488+0700] {logging_mixin.py:188} INFO - [2024-07-27T21:34:52.488+0700] {dag.py:3089} INFO - Sync 2 DAGs
[2024-07-27T21:34:52.492+0700] {logging_mixin.py:188} INFO - [2024-07-27T21:34:52.492+0700] {dag.py:3947} INFO - Setting next_dagrun for example_subdag_operator.section-1 to None, run_after=None
[2024-07-27T21:34:52.493+0700] {logging_mixin.py:188} INFO - [2024-07-27T21:34:52.493+0700] {dag.py:3947} INFO - Setting next_dagrun for example_subdag_operator.section-2 to None, run_after=None
[2024-07-27T21:34:52.520+0700] {processor.py:183} INFO - Processing /usr/local/lib/python3.10/dist-packages/airflow/example_dags/example_subdag_operator.py took 0.098 seconds
[2024-07-27T21:35:35.289+0700] {processor.py:161} INFO - Started process (PID=3649) to work on /usr/local/lib/python3.10/dist-packages/airflow/example_dags/example_subdag_operator.py
[2024-07-27T21:35:35.291+0700] {processor.py:830} INFO - Processing file /usr/local/lib/python3.10/dist-packages/airflow/example_dags/example_subdag_operator.py for tasks to queue
[2024-07-27T21:35:35.293+0700] {logging_mixin.py:188} INFO - [2024-07-27T21:35:35.293+0700] {dagbag.py:545} INFO - Filling up the DagBag from /usr/local/lib/python3.10/dist-packages/airflow/example_dags/example_subdag_operator.py
[2024-07-27T21:35:35.312+0700] {processor.py:840} INFO - DAG(s) 'example_subdag_operator.section-1', 'example_subdag_operator.section-2', 'example_subdag_operator' retrieved from /usr/local/lib/python3.10/dist-packages/airflow/example_dags/example_subdag_operator.py
[2024-07-27T21:35:35.331+0700] {logging_mixin.py:188} INFO - [2024-07-27T21:35:35.330+0700] {dag.py:3089} INFO - Sync 3 DAGs
[2024-07-27T21:35:35.360+0700] {logging_mixin.py:188} INFO - [2024-07-27T21:35:35.359+0700] {dag.py:3947} INFO - Setting next_dagrun for example_subdag_operator to 2022-01-01 00:00:00+00:00, run_after=2022-01-01 00:00:00+00:00
[2024-07-27T21:35:35.367+0700] {logging_mixin.py:188} INFO - [2024-07-27T21:35:35.367+0700] {dag.py:3947} INFO - Setting next_dagrun for example_subdag_operator.section-1 to None, run_after=None
[2024-07-27T21:35:35.369+0700] {logging_mixin.py:188} INFO - [2024-07-27T21:35:35.368+0700] {dag.py:3947} INFO - Setting next_dagrun for example_subdag_operator.section-2 to None, run_after=None
[2024-07-27T21:35:35.378+0700] {logging_mixin.py:188} INFO - [2024-07-27T21:35:35.377+0700] {dag.py:3089} INFO - Sync 2 DAGs
[2024-07-27T21:35:35.389+0700] {logging_mixin.py:188} INFO - [2024-07-27T21:35:35.388+0700] {dag.py:3947} INFO - Setting next_dagrun for example_subdag_operator.section-1 to None, run_after=None
[2024-07-27T21:35:35.389+0700] {logging_mixin.py:188} INFO - [2024-07-27T21:35:35.389+0700] {dag.py:3947} INFO - Setting next_dagrun for example_subdag_operator.section-2 to None, run_after=None
[2024-07-27T21:35:35.426+0700] {processor.py:183} INFO - Processing /usr/local/lib/python3.10/dist-packages/airflow/example_dags/example_subdag_operator.py took 0.143 seconds
[2024-07-27T21:36:19.423+0700] {processor.py:161} INFO - Started process (PID=4020) to work on /usr/local/lib/python3.10/dist-packages/airflow/example_dags/example_subdag_operator.py
[2024-07-27T21:36:19.425+0700] {processor.py:830} INFO - Processing file /usr/local/lib/python3.10/dist-packages/airflow/example_dags/example_subdag_operator.py for tasks to queue
[2024-07-27T21:36:19.426+0700] {logging_mixin.py:188} INFO - [2024-07-27T21:36:19.426+0700] {dagbag.py:545} INFO - Filling up the DagBag from /usr/local/lib/python3.10/dist-packages/airflow/example_dags/example_subdag_operator.py
[2024-07-27T21:36:19.442+0700] {processor.py:840} INFO - DAG(s) 'example_subdag_operator.section-1', 'example_subdag_operator.section-2', 'example_subdag_operator' retrieved from /usr/local/lib/python3.10/dist-packages/airflow/example_dags/example_subdag_operator.py
[2024-07-27T21:36:19.454+0700] {logging_mixin.py:188} INFO - [2024-07-27T21:36:19.453+0700] {dag.py:3089} INFO - Sync 3 DAGs
[2024-07-27T21:36:19.473+0700] {logging_mixin.py:188} INFO - [2024-07-27T21:36:19.472+0700] {dag.py:3947} INFO - Setting next_dagrun for example_subdag_operator to 2022-01-01 00:00:00+00:00, run_after=2022-01-01 00:00:00+00:00
[2024-07-27T21:36:19.476+0700] {logging_mixin.py:188} INFO - [2024-07-27T21:36:19.476+0700] {dag.py:3947} INFO - Setting next_dagrun for example_subdag_operator.section-1 to None, run_after=None
[2024-07-27T21:36:19.477+0700] {logging_mixin.py:188} INFO - [2024-07-27T21:36:19.477+0700] {dag.py:3947} INFO - Setting next_dagrun for example_subdag_operator.section-2 to None, run_after=None
[2024-07-27T21:36:19.483+0700] {logging_mixin.py:188} INFO - [2024-07-27T21:36:19.482+0700] {dag.py:3089} INFO - Sync 2 DAGs
[2024-07-27T21:36:19.486+0700] {logging_mixin.py:188} INFO - [2024-07-27T21:36:19.486+0700] {dag.py:3947} INFO - Setting next_dagrun for example_subdag_operator.section-1 to None, run_after=None
[2024-07-27T21:36:19.487+0700] {logging_mixin.py:188} INFO - [2024-07-27T21:36:19.487+0700] {dag.py:3947} INFO - Setting next_dagrun for example_subdag_operator.section-2 to None, run_after=None
[2024-07-27T21:36:19.512+0700] {processor.py:183} INFO - Processing /usr/local/lib/python3.10/dist-packages/airflow/example_dags/example_subdag_operator.py took 0.093 seconds
[2024-07-27T21:36:59.919+0700] {processor.py:161} INFO - Started process (PID=4402) to work on /usr/local/lib/python3.10/dist-packages/airflow/example_dags/example_subdag_operator.py
[2024-07-27T21:36:59.921+0700] {processor.py:830} INFO - Processing file /usr/local/lib/python3.10/dist-packages/airflow/example_dags/example_subdag_operator.py for tasks to queue
[2024-07-27T21:36:59.922+0700] {logging_mixin.py:188} INFO - [2024-07-27T21:36:59.921+0700] {dagbag.py:545} INFO - Filling up the DagBag from /usr/local/lib/python3.10/dist-packages/airflow/example_dags/example_subdag_operator.py
[2024-07-27T21:36:59.937+0700] {processor.py:840} INFO - DAG(s) 'example_subdag_operator.section-1', 'example_subdag_operator.section-2', 'example_subdag_operator' retrieved from /usr/local/lib/python3.10/dist-packages/airflow/example_dags/example_subdag_operator.py
[2024-07-27T21:36:59.949+0700] {logging_mixin.py:188} INFO - [2024-07-27T21:36:59.949+0700] {dag.py:3089} INFO - Sync 3 DAGs
[2024-07-27T21:36:59.964+0700] {logging_mixin.py:188} INFO - [2024-07-27T21:36:59.964+0700] {dag.py:3947} INFO - Setting next_dagrun for example_subdag_operator to 2022-01-01 00:00:00+00:00, run_after=2022-01-01 00:00:00+00:00
[2024-07-27T21:36:59.967+0700] {logging_mixin.py:188} INFO - [2024-07-27T21:36:59.967+0700] {dag.py:3947} INFO - Setting next_dagrun for example_subdag_operator.section-1 to None, run_after=None
[2024-07-27T21:36:59.968+0700] {logging_mixin.py:188} INFO - [2024-07-27T21:36:59.968+0700] {dag.py:3947} INFO - Setting next_dagrun for example_subdag_operator.section-2 to None, run_after=None
[2024-07-27T21:36:59.973+0700] {logging_mixin.py:188} INFO - [2024-07-27T21:36:59.973+0700] {dag.py:3089} INFO - Sync 2 DAGs
[2024-07-27T21:36:59.977+0700] {logging_mixin.py:188} INFO - [2024-07-27T21:36:59.977+0700] {dag.py:3947} INFO - Setting next_dagrun for example_subdag_operator.section-1 to None, run_after=None
[2024-07-27T21:36:59.978+0700] {logging_mixin.py:188} INFO - [2024-07-27T21:36:59.978+0700] {dag.py:3947} INFO - Setting next_dagrun for example_subdag_operator.section-2 to None, run_after=None
[2024-07-27T21:37:00.004+0700] {processor.py:183} INFO - Processing /usr/local/lib/python3.10/dist-packages/airflow/example_dags/example_subdag_operator.py took 0.089 seconds
[2024-07-27T21:37:43.104+0700] {processor.py:161} INFO - Started process (PID=4742) to work on /usr/local/lib/python3.10/dist-packages/airflow/example_dags/example_subdag_operator.py
[2024-07-27T21:37:43.107+0700] {processor.py:830} INFO - Processing file /usr/local/lib/python3.10/dist-packages/airflow/example_dags/example_subdag_operator.py for tasks to queue
[2024-07-27T21:37:43.107+0700] {logging_mixin.py:188} INFO - [2024-07-27T21:37:43.107+0700] {dagbag.py:545} INFO - Filling up the DagBag from /usr/local/lib/python3.10/dist-packages/airflow/example_dags/example_subdag_operator.py
[2024-07-27T21:37:43.123+0700] {processor.py:840} INFO - DAG(s) 'example_subdag_operator.section-1', 'example_subdag_operator.section-2', 'example_subdag_operator' retrieved from /usr/local/lib/python3.10/dist-packages/airflow/example_dags/example_subdag_operator.py
[2024-07-27T21:37:43.136+0700] {logging_mixin.py:188} INFO - [2024-07-27T21:37:43.135+0700] {dag.py:3089} INFO - Sync 3 DAGs
[2024-07-27T21:37:43.149+0700] {logging_mixin.py:188} INFO - [2024-07-27T21:37:43.149+0700] {dag.py:3947} INFO - Setting next_dagrun for example_subdag_operator to 2022-01-01 00:00:00+00:00, run_after=2022-01-01 00:00:00+00:00
[2024-07-27T21:37:43.152+0700] {logging_mixin.py:188} INFO - [2024-07-27T21:37:43.152+0700] {dag.py:3947} INFO - Setting next_dagrun for example_subdag_operator.section-1 to None, run_after=None
[2024-07-27T21:37:43.153+0700] {logging_mixin.py:188} INFO - [2024-07-27T21:37:43.153+0700] {dag.py:3947} INFO - Setting next_dagrun for example_subdag_operator.section-2 to None, run_after=None
[2024-07-27T21:37:43.158+0700] {logging_mixin.py:188} INFO - [2024-07-27T21:37:43.158+0700] {dag.py:3089} INFO - Sync 2 DAGs
[2024-07-27T21:37:43.162+0700] {logging_mixin.py:188} INFO - [2024-07-27T21:37:43.161+0700] {dag.py:3947} INFO - Setting next_dagrun for example_subdag_operator.section-1 to None, run_after=None
[2024-07-27T21:37:43.162+0700] {logging_mixin.py:188} INFO - [2024-07-27T21:37:43.162+0700] {dag.py:3947} INFO - Setting next_dagrun for example_subdag_operator.section-2 to None, run_after=None
[2024-07-27T21:37:43.189+0700] {processor.py:183} INFO - Processing /usr/local/lib/python3.10/dist-packages/airflow/example_dags/example_subdag_operator.py took 0.089 seconds
[2024-07-27T21:38:28.376+0700] {processor.py:161} INFO - Started process (PID=5098) to work on /usr/local/lib/python3.10/dist-packages/airflow/example_dags/example_subdag_operator.py
[2024-07-27T21:38:28.377+0700] {processor.py:830} INFO - Processing file /usr/local/lib/python3.10/dist-packages/airflow/example_dags/example_subdag_operator.py for tasks to queue
[2024-07-27T21:38:28.378+0700] {logging_mixin.py:188} INFO - [2024-07-27T21:38:28.378+0700] {dagbag.py:545} INFO - Filling up the DagBag from /usr/local/lib/python3.10/dist-packages/airflow/example_dags/example_subdag_operator.py
[2024-07-27T21:38:28.396+0700] {processor.py:840} INFO - DAG(s) 'example_subdag_operator.section-1', 'example_subdag_operator.section-2', 'example_subdag_operator' retrieved from /usr/local/lib/python3.10/dist-packages/airflow/example_dags/example_subdag_operator.py
[2024-07-27T21:38:28.410+0700] {logging_mixin.py:188} INFO - [2024-07-27T21:38:28.409+0700] {dag.py:3089} INFO - Sync 3 DAGs
[2024-07-27T21:38:28.428+0700] {logging_mixin.py:188} INFO - [2024-07-27T21:38:28.427+0700] {dag.py:3947} INFO - Setting next_dagrun for example_subdag_operator to 2022-01-01 00:00:00+00:00, run_after=2022-01-01 00:00:00+00:00
[2024-07-27T21:38:28.432+0700] {logging_mixin.py:188} INFO - [2024-07-27T21:38:28.431+0700] {dag.py:3947} INFO - Setting next_dagrun for example_subdag_operator.section-1 to None, run_after=None
[2024-07-27T21:38:28.433+0700] {logging_mixin.py:188} INFO - [2024-07-27T21:38:28.432+0700] {dag.py:3947} INFO - Setting next_dagrun for example_subdag_operator.section-2 to None, run_after=None
[2024-07-27T21:38:28.441+0700] {logging_mixin.py:188} INFO - [2024-07-27T21:38:28.441+0700] {dag.py:3089} INFO - Sync 2 DAGs
[2024-07-27T21:38:28.445+0700] {logging_mixin.py:188} INFO - [2024-07-27T21:38:28.445+0700] {dag.py:3947} INFO - Setting next_dagrun for example_subdag_operator.section-1 to None, run_after=None
[2024-07-27T21:38:28.445+0700] {logging_mixin.py:188} INFO - [2024-07-27T21:38:28.445+0700] {dag.py:3947} INFO - Setting next_dagrun for example_subdag_operator.section-2 to None, run_after=None
[2024-07-27T21:38:28.474+0700] {processor.py:183} INFO - Processing /usr/local/lib/python3.10/dist-packages/airflow/example_dags/example_subdag_operator.py took 0.102 seconds
[2024-07-27T21:39:17.444+0700] {processor.py:161} INFO - Started process (PID=5551) to work on /usr/local/lib/python3.10/dist-packages/airflow/example_dags/example_subdag_operator.py
[2024-07-27T21:39:17.446+0700] {processor.py:830} INFO - Processing file /usr/local/lib/python3.10/dist-packages/airflow/example_dags/example_subdag_operator.py for tasks to queue
[2024-07-27T21:39:17.447+0700] {logging_mixin.py:188} INFO - [2024-07-27T21:39:17.447+0700] {dagbag.py:545} INFO - Filling up the DagBag from /usr/local/lib/python3.10/dist-packages/airflow/example_dags/example_subdag_operator.py
[2024-07-27T21:39:17.464+0700] {processor.py:840} INFO - DAG(s) 'example_subdag_operator.section-1', 'example_subdag_operator.section-2', 'example_subdag_operator' retrieved from /usr/local/lib/python3.10/dist-packages/airflow/example_dags/example_subdag_operator.py
[2024-07-27T21:39:17.478+0700] {logging_mixin.py:188} INFO - [2024-07-27T21:39:17.478+0700] {dag.py:3089} INFO - Sync 3 DAGs
[2024-07-27T21:39:17.493+0700] {logging_mixin.py:188} INFO - [2024-07-27T21:39:17.493+0700] {dag.py:3947} INFO - Setting next_dagrun for example_subdag_operator to 2022-01-01 00:00:00+00:00, run_after=2022-01-01 00:00:00+00:00
[2024-07-27T21:39:17.497+0700] {logging_mixin.py:188} INFO - [2024-07-27T21:39:17.496+0700] {dag.py:3947} INFO - Setting next_dagrun for example_subdag_operator.section-1 to None, run_after=None
[2024-07-27T21:39:17.498+0700] {logging_mixin.py:188} INFO - [2024-07-27T21:39:17.498+0700] {dag.py:3947} INFO - Setting next_dagrun for example_subdag_operator.section-2 to None, run_after=None
[2024-07-27T21:39:17.504+0700] {logging_mixin.py:188} INFO - [2024-07-27T21:39:17.504+0700] {dag.py:3089} INFO - Sync 2 DAGs
[2024-07-27T21:39:17.509+0700] {logging_mixin.py:188} INFO - [2024-07-27T21:39:17.509+0700] {dag.py:3947} INFO - Setting next_dagrun for example_subdag_operator.section-1 to None, run_after=None
[2024-07-27T21:39:17.510+0700] {logging_mixin.py:188} INFO - [2024-07-27T21:39:17.510+0700] {dag.py:3947} INFO - Setting next_dagrun for example_subdag_operator.section-2 to None, run_after=None
[2024-07-27T21:39:17.534+0700] {processor.py:183} INFO - Processing /usr/local/lib/python3.10/dist-packages/airflow/example_dags/example_subdag_operator.py took 0.095 seconds
[2024-07-27T21:40:00.760+0700] {processor.py:161} INFO - Started process (PID=6070) to work on /usr/local/lib/python3.10/dist-packages/airflow/example_dags/example_subdag_operator.py
[2024-07-27T21:40:00.761+0700] {processor.py:830} INFO - Processing file /usr/local/lib/python3.10/dist-packages/airflow/example_dags/example_subdag_operator.py for tasks to queue
[2024-07-27T21:40:00.762+0700] {logging_mixin.py:188} INFO - [2024-07-27T21:40:00.762+0700] {dagbag.py:545} INFO - Filling up the DagBag from /usr/local/lib/python3.10/dist-packages/airflow/example_dags/example_subdag_operator.py
[2024-07-27T21:40:00.781+0700] {processor.py:840} INFO - DAG(s) 'example_subdag_operator.section-1', 'example_subdag_operator.section-2', 'example_subdag_operator' retrieved from /usr/local/lib/python3.10/dist-packages/airflow/example_dags/example_subdag_operator.py
[2024-07-27T21:40:00.796+0700] {logging_mixin.py:188} INFO - [2024-07-27T21:40:00.795+0700] {dag.py:3089} INFO - Sync 3 DAGs
[2024-07-27T21:40:00.815+0700] {logging_mixin.py:188} INFO - [2024-07-27T21:40:00.814+0700] {dag.py:3947} INFO - Setting next_dagrun for example_subdag_operator to 2022-01-01 00:00:00+00:00, run_after=2022-01-01 00:00:00+00:00
[2024-07-27T21:40:00.819+0700] {logging_mixin.py:188} INFO - [2024-07-27T21:40:00.819+0700] {dag.py:3947} INFO - Setting next_dagrun for example_subdag_operator.section-1 to None, run_after=None
[2024-07-27T21:40:00.820+0700] {logging_mixin.py:188} INFO - [2024-07-27T21:40:00.820+0700] {dag.py:3947} INFO - Setting next_dagrun for example_subdag_operator.section-2 to None, run_after=None
[2024-07-27T21:40:00.827+0700] {logging_mixin.py:188} INFO - [2024-07-27T21:40:00.826+0700] {dag.py:3089} INFO - Sync 2 DAGs
[2024-07-27T21:40:00.831+0700] {logging_mixin.py:188} INFO - [2024-07-27T21:40:00.831+0700] {dag.py:3947} INFO - Setting next_dagrun for example_subdag_operator.section-1 to None, run_after=None
[2024-07-27T21:40:00.832+0700] {logging_mixin.py:188} INFO - [2024-07-27T21:40:00.831+0700] {dag.py:3947} INFO - Setting next_dagrun for example_subdag_operator.section-2 to None, run_after=None
[2024-07-27T21:40:00.855+0700] {processor.py:183} INFO - Processing /usr/local/lib/python3.10/dist-packages/airflow/example_dags/example_subdag_operator.py took 0.100 seconds
[2024-07-27T21:41:01.268+0700] {processor.py:161} INFO - Started process (PID=6692) to work on /usr/local/lib/python3.10/dist-packages/airflow/example_dags/example_subdag_operator.py
[2024-07-27T21:41:01.270+0700] {processor.py:830} INFO - Processing file /usr/local/lib/python3.10/dist-packages/airflow/example_dags/example_subdag_operator.py for tasks to queue
[2024-07-27T21:41:01.271+0700] {logging_mixin.py:188} INFO - [2024-07-27T21:41:01.271+0700] {dagbag.py:545} INFO - Filling up the DagBag from /usr/local/lib/python3.10/dist-packages/airflow/example_dags/example_subdag_operator.py
[2024-07-27T21:41:01.287+0700] {processor.py:840} INFO - DAG(s) 'example_subdag_operator.section-1', 'example_subdag_operator.section-2', 'example_subdag_operator' retrieved from /usr/local/lib/python3.10/dist-packages/airflow/example_dags/example_subdag_operator.py
[2024-07-27T21:41:01.299+0700] {logging_mixin.py:188} INFO - [2024-07-27T21:41:01.299+0700] {dag.py:3089} INFO - Sync 3 DAGs
[2024-07-27T21:41:01.315+0700] {logging_mixin.py:188} INFO - [2024-07-27T21:41:01.315+0700] {dag.py:3947} INFO - Setting next_dagrun for example_subdag_operator to 2022-01-01 00:00:00+00:00, run_after=2022-01-01 00:00:00+00:00
[2024-07-27T21:41:01.318+0700] {logging_mixin.py:188} INFO - [2024-07-27T21:41:01.318+0700] {dag.py:3947} INFO - Setting next_dagrun for example_subdag_operator.section-1 to None, run_after=None
[2024-07-27T21:41:01.319+0700] {logging_mixin.py:188} INFO - [2024-07-27T21:41:01.319+0700] {dag.py:3947} INFO - Setting next_dagrun for example_subdag_operator.section-2 to None, run_after=None
[2024-07-27T21:41:01.326+0700] {logging_mixin.py:188} INFO - [2024-07-27T21:41:01.326+0700] {dag.py:3089} INFO - Sync 2 DAGs
[2024-07-27T21:41:01.329+0700] {logging_mixin.py:188} INFO - [2024-07-27T21:41:01.329+0700] {dag.py:3947} INFO - Setting next_dagrun for example_subdag_operator.section-1 to None, run_after=None
[2024-07-27T21:41:01.330+0700] {logging_mixin.py:188} INFO - [2024-07-27T21:41:01.330+0700] {dag.py:3947} INFO - Setting next_dagrun for example_subdag_operator.section-2 to None, run_after=None
[2024-07-27T21:41:01.359+0700] {processor.py:183} INFO - Processing /usr/local/lib/python3.10/dist-packages/airflow/example_dags/example_subdag_operator.py took 0.096 seconds
[2024-07-27T21:41:44.646+0700] {processor.py:161} INFO - Started process (PID=7220) to work on /usr/local/lib/python3.10/dist-packages/airflow/example_dags/example_subdag_operator.py
[2024-07-27T21:41:44.647+0700] {processor.py:830} INFO - Processing file /usr/local/lib/python3.10/dist-packages/airflow/example_dags/example_subdag_operator.py for tasks to queue
[2024-07-27T21:41:44.648+0700] {logging_mixin.py:188} INFO - [2024-07-27T21:41:44.648+0700] {dagbag.py:545} INFO - Filling up the DagBag from /usr/local/lib/python3.10/dist-packages/airflow/example_dags/example_subdag_operator.py
[2024-07-27T21:41:44.663+0700] {processor.py:840} INFO - DAG(s) 'example_subdag_operator.section-1', 'example_subdag_operator.section-2', 'example_subdag_operator' retrieved from /usr/local/lib/python3.10/dist-packages/airflow/example_dags/example_subdag_operator.py
[2024-07-27T21:41:44.675+0700] {logging_mixin.py:188} INFO - [2024-07-27T21:41:44.675+0700] {dag.py:3089} INFO - Sync 3 DAGs
[2024-07-27T21:41:44.690+0700] {logging_mixin.py:188} INFO - [2024-07-27T21:41:44.689+0700] {dag.py:3947} INFO - Setting next_dagrun for example_subdag_operator to 2022-01-01 00:00:00+00:00, run_after=2022-01-01 00:00:00+00:00
[2024-07-27T21:41:44.692+0700] {logging_mixin.py:188} INFO - [2024-07-27T21:41:44.692+0700] {dag.py:3947} INFO - Setting next_dagrun for example_subdag_operator.section-1 to None, run_after=None
[2024-07-27T21:41:44.694+0700] {logging_mixin.py:188} INFO - [2024-07-27T21:41:44.693+0700] {dag.py:3947} INFO - Setting next_dagrun for example_subdag_operator.section-2 to None, run_after=None
[2024-07-27T21:41:44.699+0700] {logging_mixin.py:188} INFO - [2024-07-27T21:41:44.699+0700] {dag.py:3089} INFO - Sync 2 DAGs
[2024-07-27T21:41:44.703+0700] {logging_mixin.py:188} INFO - [2024-07-27T21:41:44.702+0700] {dag.py:3947} INFO - Setting next_dagrun for example_subdag_operator.section-1 to None, run_after=None
[2024-07-27T21:41:44.703+0700] {logging_mixin.py:188} INFO - [2024-07-27T21:41:44.703+0700] {dag.py:3947} INFO - Setting next_dagrun for example_subdag_operator.section-2 to None, run_after=None
[2024-07-27T21:41:44.728+0700] {processor.py:183} INFO - Processing /usr/local/lib/python3.10/dist-packages/airflow/example_dags/example_subdag_operator.py took 0.087 seconds
[2024-07-27T21:44:31.631+0700] {processor.py:161} INFO - Started process (PID=9422) to work on /usr/local/lib/python3.10/dist-packages/airflow/example_dags/example_subdag_operator.py
[2024-07-27T21:44:31.633+0700] {processor.py:830} INFO - Processing file /usr/local/lib/python3.10/dist-packages/airflow/example_dags/example_subdag_operator.py for tasks to queue
[2024-07-27T21:44:31.634+0700] {logging_mixin.py:188} INFO - [2024-07-27T21:44:31.633+0700] {dagbag.py:545} INFO - Filling up the DagBag from /usr/local/lib/python3.10/dist-packages/airflow/example_dags/example_subdag_operator.py
[2024-07-27T21:44:31.657+0700] {processor.py:840} INFO - DAG(s) 'example_subdag_operator.section-1', 'example_subdag_operator.section-2', 'example_subdag_operator' retrieved from /usr/local/lib/python3.10/dist-packages/airflow/example_dags/example_subdag_operator.py
[2024-07-27T21:44:31.671+0700] {logging_mixin.py:188} INFO - [2024-07-27T21:44:31.671+0700] {dag.py:3089} INFO - Sync 3 DAGs
[2024-07-27T21:44:31.684+0700] {logging_mixin.py:188} INFO - [2024-07-27T21:44:31.684+0700] {dag.py:3947} INFO - Setting next_dagrun for example_subdag_operator to 2022-01-01 00:00:00+00:00, run_after=2022-01-01 00:00:00+00:00
[2024-07-27T21:44:31.687+0700] {logging_mixin.py:188} INFO - [2024-07-27T21:44:31.687+0700] {dag.py:3947} INFO - Setting next_dagrun for example_subdag_operator.section-1 to None, run_after=None
[2024-07-27T21:44:31.688+0700] {logging_mixin.py:188} INFO - [2024-07-27T21:44:31.688+0700] {dag.py:3947} INFO - Setting next_dagrun for example_subdag_operator.section-2 to None, run_after=None
[2024-07-27T21:44:31.693+0700] {logging_mixin.py:188} INFO - [2024-07-27T21:44:31.693+0700] {dag.py:3089} INFO - Sync 2 DAGs
[2024-07-27T21:44:31.697+0700] {logging_mixin.py:188} INFO - [2024-07-27T21:44:31.697+0700] {dag.py:3947} INFO - Setting next_dagrun for example_subdag_operator.section-1 to None, run_after=None
[2024-07-27T21:44:31.698+0700] {logging_mixin.py:188} INFO - [2024-07-27T21:44:31.697+0700] {dag.py:3947} INFO - Setting next_dagrun for example_subdag_operator.section-2 to None, run_after=None
[2024-07-27T21:44:31.723+0700] {processor.py:183} INFO - Processing /usr/local/lib/python3.10/dist-packages/airflow/example_dags/example_subdag_operator.py took 0.099 seconds
[2024-07-27T21:45:23.917+0700] {processor.py:161} INFO - Started process (PID=9901) to work on /usr/local/lib/python3.10/dist-packages/airflow/example_dags/example_subdag_operator.py
[2024-07-27T21:45:23.919+0700] {processor.py:830} INFO - Processing file /usr/local/lib/python3.10/dist-packages/airflow/example_dags/example_subdag_operator.py for tasks to queue
[2024-07-27T21:45:23.920+0700] {logging_mixin.py:188} INFO - [2024-07-27T21:45:23.919+0700] {dagbag.py:545} INFO - Filling up the DagBag from /usr/local/lib/python3.10/dist-packages/airflow/example_dags/example_subdag_operator.py
[2024-07-27T21:45:23.935+0700] {processor.py:840} INFO - DAG(s) 'example_subdag_operator.section-1', 'example_subdag_operator.section-2', 'example_subdag_operator' retrieved from /usr/local/lib/python3.10/dist-packages/airflow/example_dags/example_subdag_operator.py
[2024-07-27T21:45:23.947+0700] {logging_mixin.py:188} INFO - [2024-07-27T21:45:23.947+0700] {dag.py:3089} INFO - Sync 3 DAGs
[2024-07-27T21:45:23.959+0700] {logging_mixin.py:188} INFO - [2024-07-27T21:45:23.959+0700] {dag.py:3947} INFO - Setting next_dagrun for example_subdag_operator to 2022-01-01 00:00:00+00:00, run_after=2022-01-01 00:00:00+00:00
[2024-07-27T21:45:23.962+0700] {logging_mixin.py:188} INFO - [2024-07-27T21:45:23.961+0700] {dag.py:3947} INFO - Setting next_dagrun for example_subdag_operator.section-1 to None, run_after=None
[2024-07-27T21:45:23.963+0700] {logging_mixin.py:188} INFO - [2024-07-27T21:45:23.963+0700] {dag.py:3947} INFO - Setting next_dagrun for example_subdag_operator.section-2 to None, run_after=None
[2024-07-27T21:45:23.969+0700] {logging_mixin.py:188} INFO - [2024-07-27T21:45:23.968+0700] {dag.py:3089} INFO - Sync 2 DAGs
[2024-07-27T21:45:23.973+0700] {logging_mixin.py:188} INFO - [2024-07-27T21:45:23.973+0700] {dag.py:3947} INFO - Setting next_dagrun for example_subdag_operator.section-1 to None, run_after=None
[2024-07-27T21:45:23.973+0700] {logging_mixin.py:188} INFO - [2024-07-27T21:45:23.973+0700] {dag.py:3947} INFO - Setting next_dagrun for example_subdag_operator.section-2 to None, run_after=None
[2024-07-27T21:45:23.998+0700] {processor.py:183} INFO - Processing /usr/local/lib/python3.10/dist-packages/airflow/example_dags/example_subdag_operator.py took 0.085 seconds
[2024-07-27T21:48:29.324+0700] {processor.py:161} INFO - Started process (PID=11926) to work on /usr/local/lib/python3.10/dist-packages/airflow/example_dags/example_subdag_operator.py
[2024-07-27T21:48:29.325+0700] {processor.py:830} INFO - Processing file /usr/local/lib/python3.10/dist-packages/airflow/example_dags/example_subdag_operator.py for tasks to queue
[2024-07-27T21:48:29.326+0700] {logging_mixin.py:188} INFO - [2024-07-27T21:48:29.326+0700] {dagbag.py:545} INFO - Filling up the DagBag from /usr/local/lib/python3.10/dist-packages/airflow/example_dags/example_subdag_operator.py
[2024-07-27T21:48:29.341+0700] {processor.py:840} INFO - DAG(s) 'example_subdag_operator.section-1', 'example_subdag_operator.section-2', 'example_subdag_operator' retrieved from /usr/local/lib/python3.10/dist-packages/airflow/example_dags/example_subdag_operator.py
[2024-07-27T21:48:29.354+0700] {logging_mixin.py:188} INFO - [2024-07-27T21:48:29.353+0700] {dag.py:3089} INFO - Sync 3 DAGs
[2024-07-27T21:48:29.367+0700] {logging_mixin.py:188} INFO - [2024-07-27T21:48:29.367+0700] {dag.py:3947} INFO - Setting next_dagrun for example_subdag_operator to 2022-01-01 00:00:00+00:00, run_after=2022-01-01 00:00:00+00:00
[2024-07-27T21:48:29.370+0700] {logging_mixin.py:188} INFO - [2024-07-27T21:48:29.369+0700] {dag.py:3947} INFO - Setting next_dagrun for example_subdag_operator.section-1 to None, run_after=None
[2024-07-27T21:48:29.371+0700] {logging_mixin.py:188} INFO - [2024-07-27T21:48:29.371+0700] {dag.py:3947} INFO - Setting next_dagrun for example_subdag_operator.section-2 to None, run_after=None
[2024-07-27T21:48:29.376+0700] {logging_mixin.py:188} INFO - [2024-07-27T21:48:29.376+0700] {dag.py:3089} INFO - Sync 2 DAGs
[2024-07-27T21:48:29.379+0700] {logging_mixin.py:188} INFO - [2024-07-27T21:48:29.379+0700] {dag.py:3947} INFO - Setting next_dagrun for example_subdag_operator.section-1 to None, run_after=None
[2024-07-27T21:48:29.380+0700] {logging_mixin.py:188} INFO - [2024-07-27T21:48:29.380+0700] {dag.py:3947} INFO - Setting next_dagrun for example_subdag_operator.section-2 to None, run_after=None
[2024-07-27T21:48:29.402+0700] {processor.py:183} INFO - Processing /usr/local/lib/python3.10/dist-packages/airflow/example_dags/example_subdag_operator.py took 0.083 seconds
[2024-07-27T21:49:19.697+0700] {processor.py:161} INFO - Started process (PID=12454) to work on /usr/local/lib/python3.10/dist-packages/airflow/example_dags/example_subdag_operator.py
[2024-07-27T21:49:19.700+0700] {processor.py:830} INFO - Processing file /usr/local/lib/python3.10/dist-packages/airflow/example_dags/example_subdag_operator.py for tasks to queue
[2024-07-27T21:49:19.704+0700] {logging_mixin.py:188} INFO - [2024-07-27T21:49:19.702+0700] {dagbag.py:545} INFO - Filling up the DagBag from /usr/local/lib/python3.10/dist-packages/airflow/example_dags/example_subdag_operator.py
[2024-07-27T21:49:19.731+0700] {processor.py:840} INFO - DAG(s) 'example_subdag_operator.section-1', 'example_subdag_operator.section-2', 'example_subdag_operator' retrieved from /usr/local/lib/python3.10/dist-packages/airflow/example_dags/example_subdag_operator.py
[2024-07-27T21:49:19.749+0700] {logging_mixin.py:188} INFO - [2024-07-27T21:49:19.749+0700] {dag.py:3089} INFO - Sync 3 DAGs
[2024-07-27T21:49:19.766+0700] {logging_mixin.py:188} INFO - [2024-07-27T21:49:19.765+0700] {dag.py:3947} INFO - Setting next_dagrun for example_subdag_operator to 2022-01-01 00:00:00+00:00, run_after=2022-01-01 00:00:00+00:00
[2024-07-27T21:49:19.768+0700] {logging_mixin.py:188} INFO - [2024-07-27T21:49:19.768+0700] {dag.py:3947} INFO - Setting next_dagrun for example_subdag_operator.section-1 to None, run_after=None
[2024-07-27T21:49:19.769+0700] {logging_mixin.py:188} INFO - [2024-07-27T21:49:19.769+0700] {dag.py:3947} INFO - Setting next_dagrun for example_subdag_operator.section-2 to None, run_after=None
[2024-07-27T21:49:19.775+0700] {logging_mixin.py:188} INFO - [2024-07-27T21:49:19.774+0700] {dag.py:3089} INFO - Sync 2 DAGs
[2024-07-27T21:49:19.784+0700] {logging_mixin.py:188} INFO - [2024-07-27T21:49:19.783+0700] {dag.py:3947} INFO - Setting next_dagrun for example_subdag_operator.section-1 to None, run_after=None
[2024-07-27T21:49:19.784+0700] {logging_mixin.py:188} INFO - [2024-07-27T21:49:19.784+0700] {dag.py:3947} INFO - Setting next_dagrun for example_subdag_operator.section-2 to None, run_after=None
[2024-07-27T21:49:19.822+0700] {processor.py:183} INFO - Processing /usr/local/lib/python3.10/dist-packages/airflow/example_dags/example_subdag_operator.py took 0.133 seconds
[2024-07-27T21:50:09.248+0700] {processor.py:161} INFO - Started process (PID=12908) to work on /usr/local/lib/python3.10/dist-packages/airflow/example_dags/example_subdag_operator.py
[2024-07-27T21:50:09.250+0700] {processor.py:830} INFO - Processing file /usr/local/lib/python3.10/dist-packages/airflow/example_dags/example_subdag_operator.py for tasks to queue
[2024-07-27T21:50:09.251+0700] {logging_mixin.py:188} INFO - [2024-07-27T21:50:09.250+0700] {dagbag.py:545} INFO - Filling up the DagBag from /usr/local/lib/python3.10/dist-packages/airflow/example_dags/example_subdag_operator.py
[2024-07-27T21:50:09.269+0700] {processor.py:840} INFO - DAG(s) 'example_subdag_operator.section-1', 'example_subdag_operator.section-2', 'example_subdag_operator' retrieved from /usr/local/lib/python3.10/dist-packages/airflow/example_dags/example_subdag_operator.py
[2024-07-27T21:50:09.281+0700] {logging_mixin.py:188} INFO - [2024-07-27T21:50:09.281+0700] {dag.py:3089} INFO - Sync 3 DAGs
[2024-07-27T21:50:09.297+0700] {logging_mixin.py:188} INFO - [2024-07-27T21:50:09.297+0700] {dag.py:3947} INFO - Setting next_dagrun for example_subdag_operator to 2022-01-01 00:00:00+00:00, run_after=2022-01-01 00:00:00+00:00
[2024-07-27T21:50:09.301+0700] {logging_mixin.py:188} INFO - [2024-07-27T21:50:09.301+0700] {dag.py:3947} INFO - Setting next_dagrun for example_subdag_operator.section-1 to None, run_after=None
[2024-07-27T21:50:09.302+0700] {logging_mixin.py:188} INFO - [2024-07-27T21:50:09.302+0700] {dag.py:3947} INFO - Setting next_dagrun for example_subdag_operator.section-2 to None, run_after=None
[2024-07-27T21:50:09.307+0700] {logging_mixin.py:188} INFO - [2024-07-27T21:50:09.307+0700] {dag.py:3089} INFO - Sync 2 DAGs
[2024-07-27T21:50:09.311+0700] {logging_mixin.py:188} INFO - [2024-07-27T21:50:09.311+0700] {dag.py:3947} INFO - Setting next_dagrun for example_subdag_operator.section-1 to None, run_after=None
[2024-07-27T21:50:09.311+0700] {logging_mixin.py:188} INFO - [2024-07-27T21:50:09.311+0700] {dag.py:3947} INFO - Setting next_dagrun for example_subdag_operator.section-2 to None, run_after=None
[2024-07-27T21:50:09.335+0700] {processor.py:183} INFO - Processing /usr/local/lib/python3.10/dist-packages/airflow/example_dags/example_subdag_operator.py took 0.092 seconds
[2024-07-27T21:51:09.123+0700] {processor.py:161} INFO - Started process (PID=13511) to work on /usr/local/lib/python3.10/dist-packages/airflow/example_dags/example_subdag_operator.py
[2024-07-27T21:51:09.124+0700] {processor.py:830} INFO - Processing file /usr/local/lib/python3.10/dist-packages/airflow/example_dags/example_subdag_operator.py for tasks to queue
[2024-07-27T21:51:09.125+0700] {logging_mixin.py:188} INFO - [2024-07-27T21:51:09.125+0700] {dagbag.py:545} INFO - Filling up the DagBag from /usr/local/lib/python3.10/dist-packages/airflow/example_dags/example_subdag_operator.py
[2024-07-27T21:51:09.141+0700] {processor.py:840} INFO - DAG(s) 'example_subdag_operator.section-1', 'example_subdag_operator.section-2', 'example_subdag_operator' retrieved from /usr/local/lib/python3.10/dist-packages/airflow/example_dags/example_subdag_operator.py
[2024-07-27T21:51:09.153+0700] {logging_mixin.py:188} INFO - [2024-07-27T21:51:09.152+0700] {dag.py:3089} INFO - Sync 3 DAGs
[2024-07-27T21:51:09.166+0700] {logging_mixin.py:188} INFO - [2024-07-27T21:51:09.166+0700] {dag.py:3947} INFO - Setting next_dagrun for example_subdag_operator to 2022-01-01 00:00:00+00:00, run_after=2022-01-01 00:00:00+00:00
[2024-07-27T21:51:09.169+0700] {logging_mixin.py:188} INFO - [2024-07-27T21:51:09.168+0700] {dag.py:3947} INFO - Setting next_dagrun for example_subdag_operator.section-1 to None, run_after=None
[2024-07-27T21:51:09.170+0700] {logging_mixin.py:188} INFO - [2024-07-27T21:51:09.169+0700] {dag.py:3947} INFO - Setting next_dagrun for example_subdag_operator.section-2 to None, run_after=None
[2024-07-27T21:51:09.175+0700] {logging_mixin.py:188} INFO - [2024-07-27T21:51:09.175+0700] {dag.py:3089} INFO - Sync 2 DAGs
[2024-07-27T21:51:09.180+0700] {logging_mixin.py:188} INFO - [2024-07-27T21:51:09.179+0700] {dag.py:3947} INFO - Setting next_dagrun for example_subdag_operator.section-1 to None, run_after=None
[2024-07-27T21:51:09.180+0700] {logging_mixin.py:188} INFO - [2024-07-27T21:51:09.180+0700] {dag.py:3947} INFO - Setting next_dagrun for example_subdag_operator.section-2 to None, run_after=None
[2024-07-27T21:51:09.206+0700] {processor.py:183} INFO - Processing /usr/local/lib/python3.10/dist-packages/airflow/example_dags/example_subdag_operator.py took 0.087 seconds
[2024-07-27T21:51:54.086+0700] {processor.py:161} INFO - Started process (PID=13923) to work on /usr/local/lib/python3.10/dist-packages/airflow/example_dags/example_subdag_operator.py
[2024-07-27T21:51:54.087+0700] {processor.py:830} INFO - Processing file /usr/local/lib/python3.10/dist-packages/airflow/example_dags/example_subdag_operator.py for tasks to queue
[2024-07-27T21:51:54.088+0700] {logging_mixin.py:188} INFO - [2024-07-27T21:51:54.088+0700] {dagbag.py:545} INFO - Filling up the DagBag from /usr/local/lib/python3.10/dist-packages/airflow/example_dags/example_subdag_operator.py
[2024-07-27T21:51:54.105+0700] {processor.py:840} INFO - DAG(s) 'example_subdag_operator.section-1', 'example_subdag_operator.section-2', 'example_subdag_operator' retrieved from /usr/local/lib/python3.10/dist-packages/airflow/example_dags/example_subdag_operator.py
[2024-07-27T21:51:54.119+0700] {logging_mixin.py:188} INFO - [2024-07-27T21:51:54.119+0700] {dag.py:3089} INFO - Sync 3 DAGs
[2024-07-27T21:51:54.142+0700] {logging_mixin.py:188} INFO - [2024-07-27T21:51:54.142+0700] {dag.py:3947} INFO - Setting next_dagrun for example_subdag_operator to 2022-01-01 00:00:00+00:00, run_after=2022-01-01 00:00:00+00:00
[2024-07-27T21:51:54.147+0700] {logging_mixin.py:188} INFO - [2024-07-27T21:51:54.146+0700] {dag.py:3947} INFO - Setting next_dagrun for example_subdag_operator.section-1 to None, run_after=None
[2024-07-27T21:51:54.148+0700] {logging_mixin.py:188} INFO - [2024-07-27T21:51:54.148+0700] {dag.py:3947} INFO - Setting next_dagrun for example_subdag_operator.section-2 to None, run_after=None
[2024-07-27T21:51:54.154+0700] {logging_mixin.py:188} INFO - [2024-07-27T21:51:54.154+0700] {dag.py:3089} INFO - Sync 2 DAGs
[2024-07-27T21:51:54.157+0700] {logging_mixin.py:188} INFO - [2024-07-27T21:51:54.157+0700] {dag.py:3947} INFO - Setting next_dagrun for example_subdag_operator.section-1 to None, run_after=None
[2024-07-27T21:51:54.158+0700] {logging_mixin.py:188} INFO - [2024-07-27T21:51:54.158+0700] {dag.py:3947} INFO - Setting next_dagrun for example_subdag_operator.section-2 to None, run_after=None
[2024-07-27T21:51:54.183+0700] {processor.py:183} INFO - Processing /usr/local/lib/python3.10/dist-packages/airflow/example_dags/example_subdag_operator.py took 0.103 seconds
[2024-07-27T21:54:56.469+0700] {processor.py:161} INFO - Started process (PID=16011) to work on /usr/local/lib/python3.10/dist-packages/airflow/example_dags/example_subdag_operator.py
[2024-07-27T21:54:56.471+0700] {processor.py:830} INFO - Processing file /usr/local/lib/python3.10/dist-packages/airflow/example_dags/example_subdag_operator.py for tasks to queue
[2024-07-27T21:54:56.472+0700] {logging_mixin.py:188} INFO - [2024-07-27T21:54:56.472+0700] {dagbag.py:545} INFO - Filling up the DagBag from /usr/local/lib/python3.10/dist-packages/airflow/example_dags/example_subdag_operator.py
[2024-07-27T21:54:56.489+0700] {processor.py:840} INFO - DAG(s) 'example_subdag_operator.section-1', 'example_subdag_operator.section-2', 'example_subdag_operator' retrieved from /usr/local/lib/python3.10/dist-packages/airflow/example_dags/example_subdag_operator.py
[2024-07-27T21:54:56.505+0700] {logging_mixin.py:188} INFO - [2024-07-27T21:54:56.505+0700] {dag.py:3089} INFO - Sync 3 DAGs
[2024-07-27T21:54:56.520+0700] {logging_mixin.py:188} INFO - [2024-07-27T21:54:56.520+0700] {dag.py:3947} INFO - Setting next_dagrun for example_subdag_operator to 2022-01-01 00:00:00+00:00, run_after=2022-01-01 00:00:00+00:00
[2024-07-27T21:54:56.525+0700] {logging_mixin.py:188} INFO - [2024-07-27T21:54:56.525+0700] {dag.py:3947} INFO - Setting next_dagrun for example_subdag_operator.section-1 to None, run_after=None
[2024-07-27T21:54:56.526+0700] {logging_mixin.py:188} INFO - [2024-07-27T21:54:56.526+0700] {dag.py:3947} INFO - Setting next_dagrun for example_subdag_operator.section-2 to None, run_after=None
[2024-07-27T21:54:56.532+0700] {logging_mixin.py:188} INFO - [2024-07-27T21:54:56.531+0700] {dag.py:3089} INFO - Sync 2 DAGs
[2024-07-27T21:54:56.538+0700] {logging_mixin.py:188} INFO - [2024-07-27T21:54:56.537+0700] {dag.py:3947} INFO - Setting next_dagrun for example_subdag_operator.section-1 to None, run_after=None
[2024-07-27T21:54:56.538+0700] {logging_mixin.py:188} INFO - [2024-07-27T21:54:56.538+0700] {dag.py:3947} INFO - Setting next_dagrun for example_subdag_operator.section-2 to None, run_after=None
[2024-07-27T21:54:56.566+0700] {processor.py:183} INFO - Processing /usr/local/lib/python3.10/dist-packages/airflow/example_dags/example_subdag_operator.py took 0.102 seconds
[2024-07-27T21:58:17.989+0700] {processor.py:161} INFO - Started process (PID=18657) to work on /usr/local/lib/python3.10/dist-packages/airflow/example_dags/example_subdag_operator.py
[2024-07-27T21:58:17.991+0700] {processor.py:830} INFO - Processing file /usr/local/lib/python3.10/dist-packages/airflow/example_dags/example_subdag_operator.py for tasks to queue
[2024-07-27T21:58:17.993+0700] {logging_mixin.py:188} INFO - [2024-07-27T21:58:17.992+0700] {dagbag.py:545} INFO - Filling up the DagBag from /usr/local/lib/python3.10/dist-packages/airflow/example_dags/example_subdag_operator.py
[2024-07-27T21:58:18.009+0700] {processor.py:840} INFO - DAG(s) 'example_subdag_operator.section-1', 'example_subdag_operator.section-2', 'example_subdag_operator' retrieved from /usr/local/lib/python3.10/dist-packages/airflow/example_dags/example_subdag_operator.py
[2024-07-27T21:58:18.022+0700] {logging_mixin.py:188} INFO - [2024-07-27T21:58:18.022+0700] {dag.py:3089} INFO - Sync 3 DAGs
[2024-07-27T21:58:18.034+0700] {logging_mixin.py:188} INFO - [2024-07-27T21:58:18.034+0700] {dag.py:3947} INFO - Setting next_dagrun for example_subdag_operator to 2022-01-01 00:00:00+00:00, run_after=2022-01-01 00:00:00+00:00
[2024-07-27T21:58:18.037+0700] {logging_mixin.py:188} INFO - [2024-07-27T21:58:18.037+0700] {dag.py:3947} INFO - Setting next_dagrun for example_subdag_operator.section-1 to None, run_after=None
[2024-07-27T21:58:18.038+0700] {logging_mixin.py:188} INFO - [2024-07-27T21:58:18.038+0700] {dag.py:3947} INFO - Setting next_dagrun for example_subdag_operator.section-2 to None, run_after=None
[2024-07-27T21:58:18.043+0700] {logging_mixin.py:188} INFO - [2024-07-27T21:58:18.043+0700] {dag.py:3089} INFO - Sync 2 DAGs
[2024-07-27T21:58:18.047+0700] {logging_mixin.py:188} INFO - [2024-07-27T21:58:18.047+0700] {dag.py:3947} INFO - Setting next_dagrun for example_subdag_operator.section-1 to None, run_after=None
[2024-07-27T21:58:18.047+0700] {logging_mixin.py:188} INFO - [2024-07-27T21:58:18.047+0700] {dag.py:3947} INFO - Setting next_dagrun for example_subdag_operator.section-2 to None, run_after=None
[2024-07-27T21:58:18.074+0700] {processor.py:183} INFO - Processing /usr/local/lib/python3.10/dist-packages/airflow/example_dags/example_subdag_operator.py took 0.090 seconds
[2024-07-27T21:59:09.663+0700] {processor.py:161} INFO - Started process (PID=19061) to work on /usr/local/lib/python3.10/dist-packages/airflow/example_dags/example_subdag_operator.py
[2024-07-27T21:59:09.666+0700] {processor.py:830} INFO - Processing file /usr/local/lib/python3.10/dist-packages/airflow/example_dags/example_subdag_operator.py for tasks to queue
[2024-07-27T21:59:09.667+0700] {logging_mixin.py:188} INFO - [2024-07-27T21:59:09.667+0700] {dagbag.py:545} INFO - Filling up the DagBag from /usr/local/lib/python3.10/dist-packages/airflow/example_dags/example_subdag_operator.py
[2024-07-27T21:59:09.683+0700] {processor.py:840} INFO - DAG(s) 'example_subdag_operator.section-1', 'example_subdag_operator.section-2', 'example_subdag_operator' retrieved from /usr/local/lib/python3.10/dist-packages/airflow/example_dags/example_subdag_operator.py
[2024-07-27T21:59:09.694+0700] {logging_mixin.py:188} INFO - [2024-07-27T21:59:09.694+0700] {dag.py:3089} INFO - Sync 3 DAGs
[2024-07-27T21:59:09.707+0700] {logging_mixin.py:188} INFO - [2024-07-27T21:59:09.706+0700] {dag.py:3947} INFO - Setting next_dagrun for example_subdag_operator to 2022-01-01 00:00:00+00:00, run_after=2022-01-01 00:00:00+00:00
[2024-07-27T21:59:09.709+0700] {logging_mixin.py:188} INFO - [2024-07-27T21:59:09.709+0700] {dag.py:3947} INFO - Setting next_dagrun for example_subdag_operator.section-1 to None, run_after=None
[2024-07-27T21:59:09.710+0700] {logging_mixin.py:188} INFO - [2024-07-27T21:59:09.710+0700] {dag.py:3947} INFO - Setting next_dagrun for example_subdag_operator.section-2 to None, run_after=None
[2024-07-27T21:59:09.715+0700] {logging_mixin.py:188} INFO - [2024-07-27T21:59:09.715+0700] {dag.py:3089} INFO - Sync 2 DAGs
[2024-07-27T21:59:09.719+0700] {logging_mixin.py:188} INFO - [2024-07-27T21:59:09.719+0700] {dag.py:3947} INFO - Setting next_dagrun for example_subdag_operator.section-1 to None, run_after=None
[2024-07-27T21:59:09.720+0700] {logging_mixin.py:188} INFO - [2024-07-27T21:59:09.719+0700] {dag.py:3947} INFO - Setting next_dagrun for example_subdag_operator.section-2 to None, run_after=None
[2024-07-27T21:59:09.737+0700] {processor.py:183} INFO - Processing /usr/local/lib/python3.10/dist-packages/airflow/example_dags/example_subdag_operator.py took 0.078 seconds
[2024-07-27T22:00:01.324+0700] {processor.py:161} INFO - Started process (PID=19591) to work on /usr/local/lib/python3.10/dist-packages/airflow/example_dags/example_subdag_operator.py
[2024-07-27T22:00:01.325+0700] {processor.py:830} INFO - Processing file /usr/local/lib/python3.10/dist-packages/airflow/example_dags/example_subdag_operator.py for tasks to queue
[2024-07-27T22:00:01.326+0700] {logging_mixin.py:188} INFO - [2024-07-27T22:00:01.326+0700] {dagbag.py:545} INFO - Filling up the DagBag from /usr/local/lib/python3.10/dist-packages/airflow/example_dags/example_subdag_operator.py
[2024-07-27T22:00:01.344+0700] {processor.py:840} INFO - DAG(s) 'example_subdag_operator.section-1', 'example_subdag_operator.section-2', 'example_subdag_operator' retrieved from /usr/local/lib/python3.10/dist-packages/airflow/example_dags/example_subdag_operator.py
[2024-07-27T22:00:01.356+0700] {logging_mixin.py:188} INFO - [2024-07-27T22:00:01.356+0700] {dag.py:3089} INFO - Sync 3 DAGs
[2024-07-27T22:00:01.370+0700] {logging_mixin.py:188} INFO - [2024-07-27T22:00:01.370+0700] {dag.py:3947} INFO - Setting next_dagrun for example_subdag_operator to 2022-01-01 00:00:00+00:00, run_after=2022-01-01 00:00:00+00:00
[2024-07-27T22:00:01.373+0700] {logging_mixin.py:188} INFO - [2024-07-27T22:00:01.373+0700] {dag.py:3947} INFO - Setting next_dagrun for example_subdag_operator.section-1 to None, run_after=None
[2024-07-27T22:00:01.375+0700] {logging_mixin.py:188} INFO - [2024-07-27T22:00:01.375+0700] {dag.py:3947} INFO - Setting next_dagrun for example_subdag_operator.section-2 to None, run_after=None
[2024-07-27T22:00:01.383+0700] {logging_mixin.py:188} INFO - [2024-07-27T22:00:01.383+0700] {dag.py:3089} INFO - Sync 2 DAGs
[2024-07-27T22:00:01.387+0700] {logging_mixin.py:188} INFO - [2024-07-27T22:00:01.387+0700] {dag.py:3947} INFO - Setting next_dagrun for example_subdag_operator.section-1 to None, run_after=None
[2024-07-27T22:00:01.388+0700] {logging_mixin.py:188} INFO - [2024-07-27T22:00:01.388+0700] {dag.py:3947} INFO - Setting next_dagrun for example_subdag_operator.section-2 to None, run_after=None
[2024-07-27T22:00:01.406+0700] {processor.py:183} INFO - Processing /usr/local/lib/python3.10/dist-packages/airflow/example_dags/example_subdag_operator.py took 0.087 seconds
[2024-07-27T22:00:51.261+0700] {processor.py:161} INFO - Started process (PID=19976) to work on /usr/local/lib/python3.10/dist-packages/airflow/example_dags/example_subdag_operator.py
[2024-07-27T22:00:51.263+0700] {processor.py:830} INFO - Processing file /usr/local/lib/python3.10/dist-packages/airflow/example_dags/example_subdag_operator.py for tasks to queue
[2024-07-27T22:00:51.264+0700] {logging_mixin.py:188} INFO - [2024-07-27T22:00:51.264+0700] {dagbag.py:545} INFO - Filling up the DagBag from /usr/local/lib/python3.10/dist-packages/airflow/example_dags/example_subdag_operator.py
[2024-07-27T22:00:51.284+0700] {processor.py:840} INFO - DAG(s) 'example_subdag_operator.section-1', 'example_subdag_operator.section-2', 'example_subdag_operator' retrieved from /usr/local/lib/python3.10/dist-packages/airflow/example_dags/example_subdag_operator.py
[2024-07-27T22:00:51.300+0700] {logging_mixin.py:188} INFO - [2024-07-27T22:00:51.300+0700] {dag.py:3089} INFO - Sync 3 DAGs
[2024-07-27T22:00:51.319+0700] {logging_mixin.py:188} INFO - [2024-07-27T22:00:51.319+0700] {dag.py:3947} INFO - Setting next_dagrun for example_subdag_operator to 2022-01-01 00:00:00+00:00, run_after=2022-01-01 00:00:00+00:00
[2024-07-27T22:00:51.322+0700] {logging_mixin.py:188} INFO - [2024-07-27T22:00:51.322+0700] {dag.py:3947} INFO - Setting next_dagrun for example_subdag_operator.section-1 to None, run_after=None
[2024-07-27T22:00:51.324+0700] {logging_mixin.py:188} INFO - [2024-07-27T22:00:51.324+0700] {dag.py:3947} INFO - Setting next_dagrun for example_subdag_operator.section-2 to None, run_after=None
[2024-07-27T22:00:51.331+0700] {logging_mixin.py:188} INFO - [2024-07-27T22:00:51.331+0700] {dag.py:3089} INFO - Sync 2 DAGs
[2024-07-27T22:00:51.337+0700] {logging_mixin.py:188} INFO - [2024-07-27T22:00:51.337+0700] {dag.py:3947} INFO - Setting next_dagrun for example_subdag_operator.section-1 to None, run_after=None
[2024-07-27T22:00:51.338+0700] {logging_mixin.py:188} INFO - [2024-07-27T22:00:51.338+0700] {dag.py:3947} INFO - Setting next_dagrun for example_subdag_operator.section-2 to None, run_after=None
[2024-07-27T22:00:51.361+0700] {processor.py:183} INFO - Processing /usr/local/lib/python3.10/dist-packages/airflow/example_dags/example_subdag_operator.py took 0.107 seconds
[2024-07-27T22:01:39.922+0700] {processor.py:161} INFO - Started process (PID=20355) to work on /usr/local/lib/python3.10/dist-packages/airflow/example_dags/example_subdag_operator.py
[2024-07-27T22:01:39.923+0700] {processor.py:830} INFO - Processing file /usr/local/lib/python3.10/dist-packages/airflow/example_dags/example_subdag_operator.py for tasks to queue
[2024-07-27T22:01:39.924+0700] {logging_mixin.py:188} INFO - [2024-07-27T22:01:39.924+0700] {dagbag.py:545} INFO - Filling up the DagBag from /usr/local/lib/python3.10/dist-packages/airflow/example_dags/example_subdag_operator.py
[2024-07-27T22:01:39.943+0700] {processor.py:840} INFO - DAG(s) 'example_subdag_operator.section-1', 'example_subdag_operator.section-2', 'example_subdag_operator' retrieved from /usr/local/lib/python3.10/dist-packages/airflow/example_dags/example_subdag_operator.py
[2024-07-27T22:01:39.958+0700] {logging_mixin.py:188} INFO - [2024-07-27T22:01:39.958+0700] {dag.py:3089} INFO - Sync 3 DAGs
[2024-07-27T22:01:39.976+0700] {logging_mixin.py:188} INFO - [2024-07-27T22:01:39.976+0700] {dag.py:3947} INFO - Setting next_dagrun for example_subdag_operator to 2022-01-01 00:00:00+00:00, run_after=2022-01-01 00:00:00+00:00
[2024-07-27T22:01:39.979+0700] {logging_mixin.py:188} INFO - [2024-07-27T22:01:39.979+0700] {dag.py:3947} INFO - Setting next_dagrun for example_subdag_operator.section-1 to None, run_after=None
[2024-07-27T22:01:39.981+0700] {logging_mixin.py:188} INFO - [2024-07-27T22:01:39.981+0700] {dag.py:3947} INFO - Setting next_dagrun for example_subdag_operator.section-2 to None, run_after=None
[2024-07-27T22:01:39.987+0700] {logging_mixin.py:188} INFO - [2024-07-27T22:01:39.987+0700] {dag.py:3089} INFO - Sync 2 DAGs
[2024-07-27T22:01:39.992+0700] {logging_mixin.py:188} INFO - [2024-07-27T22:01:39.991+0700] {dag.py:3947} INFO - Setting next_dagrun for example_subdag_operator.section-1 to None, run_after=None
[2024-07-27T22:01:39.992+0700] {logging_mixin.py:188} INFO - [2024-07-27T22:01:39.992+0700] {dag.py:3947} INFO - Setting next_dagrun for example_subdag_operator.section-2 to None, run_after=None
[2024-07-27T22:01:40.008+0700] {processor.py:183} INFO - Processing /usr/local/lib/python3.10/dist-packages/airflow/example_dags/example_subdag_operator.py took 0.091 seconds
[2024-07-27T22:02:21.159+0700] {processor.py:161} INFO - Started process (PID=20820) to work on /usr/local/lib/python3.10/dist-packages/airflow/example_dags/example_subdag_operator.py
[2024-07-27T22:02:21.161+0700] {processor.py:830} INFO - Processing file /usr/local/lib/python3.10/dist-packages/airflow/example_dags/example_subdag_operator.py for tasks to queue
[2024-07-27T22:02:21.161+0700] {logging_mixin.py:188} INFO - [2024-07-27T22:02:21.161+0700] {dagbag.py:545} INFO - Filling up the DagBag from /usr/local/lib/python3.10/dist-packages/airflow/example_dags/example_subdag_operator.py
[2024-07-27T22:02:21.177+0700] {processor.py:840} INFO - DAG(s) 'example_subdag_operator.section-1', 'example_subdag_operator.section-2', 'example_subdag_operator' retrieved from /usr/local/lib/python3.10/dist-packages/airflow/example_dags/example_subdag_operator.py
[2024-07-27T22:02:21.188+0700] {logging_mixin.py:188} INFO - [2024-07-27T22:02:21.188+0700] {dag.py:3089} INFO - Sync 3 DAGs
[2024-07-27T22:02:21.201+0700] {logging_mixin.py:188} INFO - [2024-07-27T22:02:21.201+0700] {dag.py:3947} INFO - Setting next_dagrun for example_subdag_operator to 2022-01-01 00:00:00+00:00, run_after=2022-01-01 00:00:00+00:00
[2024-07-27T22:02:21.204+0700] {logging_mixin.py:188} INFO - [2024-07-27T22:02:21.204+0700] {dag.py:3947} INFO - Setting next_dagrun for example_subdag_operator.section-1 to None, run_after=None
[2024-07-27T22:02:21.205+0700] {logging_mixin.py:188} INFO - [2024-07-27T22:02:21.205+0700] {dag.py:3947} INFO - Setting next_dagrun for example_subdag_operator.section-2 to None, run_after=None
[2024-07-27T22:02:21.210+0700] {logging_mixin.py:188} INFO - [2024-07-27T22:02:21.210+0700] {dag.py:3089} INFO - Sync 2 DAGs
[2024-07-27T22:02:21.214+0700] {logging_mixin.py:188} INFO - [2024-07-27T22:02:21.213+0700] {dag.py:3947} INFO - Setting next_dagrun for example_subdag_operator.section-1 to None, run_after=None
[2024-07-27T22:02:21.214+0700] {logging_mixin.py:188} INFO - [2024-07-27T22:02:21.214+0700] {dag.py:3947} INFO - Setting next_dagrun for example_subdag_operator.section-2 to None, run_after=None
[2024-07-27T22:02:21.242+0700] {processor.py:183} INFO - Processing /usr/local/lib/python3.10/dist-packages/airflow/example_dags/example_subdag_operator.py took 0.087 seconds
[2024-07-27T22:03:05.764+0700] {processor.py:161} INFO - Started process (PID=21264) to work on /usr/local/lib/python3.10/dist-packages/airflow/example_dags/example_subdag_operator.py
[2024-07-27T22:03:05.765+0700] {processor.py:830} INFO - Processing file /usr/local/lib/python3.10/dist-packages/airflow/example_dags/example_subdag_operator.py for tasks to queue
[2024-07-27T22:03:05.766+0700] {logging_mixin.py:188} INFO - [2024-07-27T22:03:05.766+0700] {dagbag.py:545} INFO - Filling up the DagBag from /usr/local/lib/python3.10/dist-packages/airflow/example_dags/example_subdag_operator.py
[2024-07-27T22:03:05.788+0700] {processor.py:840} INFO - DAG(s) 'example_subdag_operator.section-1', 'example_subdag_operator.section-2', 'example_subdag_operator' retrieved from /usr/local/lib/python3.10/dist-packages/airflow/example_dags/example_subdag_operator.py
[2024-07-27T22:03:05.800+0700] {logging_mixin.py:188} INFO - [2024-07-27T22:03:05.800+0700] {dag.py:3089} INFO - Sync 3 DAGs
[2024-07-27T22:03:05.821+0700] {logging_mixin.py:188} INFO - [2024-07-27T22:03:05.819+0700] {dag.py:3947} INFO - Setting next_dagrun for example_subdag_operator to 2022-01-01 00:00:00+00:00, run_after=2022-01-01 00:00:00+00:00
[2024-07-27T22:03:05.825+0700] {logging_mixin.py:188} INFO - [2024-07-27T22:03:05.825+0700] {dag.py:3947} INFO - Setting next_dagrun for example_subdag_operator.section-1 to None, run_after=None
[2024-07-27T22:03:05.826+0700] {logging_mixin.py:188} INFO - [2024-07-27T22:03:05.826+0700] {dag.py:3947} INFO - Setting next_dagrun for example_subdag_operator.section-2 to None, run_after=None
[2024-07-27T22:03:05.832+0700] {logging_mixin.py:188} INFO - [2024-07-27T22:03:05.831+0700] {dag.py:3089} INFO - Sync 2 DAGs
[2024-07-27T22:03:05.837+0700] {logging_mixin.py:188} INFO - [2024-07-27T22:03:05.837+0700] {dag.py:3947} INFO - Setting next_dagrun for example_subdag_operator.section-1 to None, run_after=None
[2024-07-27T22:03:05.837+0700] {logging_mixin.py:188} INFO - [2024-07-27T22:03:05.837+0700] {dag.py:3947} INFO - Setting next_dagrun for example_subdag_operator.section-2 to None, run_after=None
[2024-07-27T22:03:05.860+0700] {processor.py:183} INFO - Processing /usr/local/lib/python3.10/dist-packages/airflow/example_dags/example_subdag_operator.py took 0.102 seconds
[2024-07-27T22:03:50.127+0700] {processor.py:161} INFO - Started process (PID=21615) to work on /usr/local/lib/python3.10/dist-packages/airflow/example_dags/example_subdag_operator.py
[2024-07-27T22:03:50.129+0700] {processor.py:830} INFO - Processing file /usr/local/lib/python3.10/dist-packages/airflow/example_dags/example_subdag_operator.py for tasks to queue
[2024-07-27T22:03:50.130+0700] {logging_mixin.py:188} INFO - [2024-07-27T22:03:50.130+0700] {dagbag.py:545} INFO - Filling up the DagBag from /usr/local/lib/python3.10/dist-packages/airflow/example_dags/example_subdag_operator.py
[2024-07-27T22:03:50.146+0700] {processor.py:840} INFO - DAG(s) 'example_subdag_operator.section-1', 'example_subdag_operator.section-2', 'example_subdag_operator' retrieved from /usr/local/lib/python3.10/dist-packages/airflow/example_dags/example_subdag_operator.py
[2024-07-27T22:03:50.158+0700] {logging_mixin.py:188} INFO - [2024-07-27T22:03:50.158+0700] {dag.py:3089} INFO - Sync 3 DAGs
[2024-07-27T22:03:50.172+0700] {logging_mixin.py:188} INFO - [2024-07-27T22:03:50.172+0700] {dag.py:3947} INFO - Setting next_dagrun for example_subdag_operator to 2022-01-01 00:00:00+00:00, run_after=2022-01-01 00:00:00+00:00
[2024-07-27T22:03:50.175+0700] {logging_mixin.py:188} INFO - [2024-07-27T22:03:50.175+0700] {dag.py:3947} INFO - Setting next_dagrun for example_subdag_operator.section-1 to None, run_after=None
[2024-07-27T22:03:50.176+0700] {logging_mixin.py:188} INFO - [2024-07-27T22:03:50.176+0700] {dag.py:3947} INFO - Setting next_dagrun for example_subdag_operator.section-2 to None, run_after=None
[2024-07-27T22:03:50.183+0700] {logging_mixin.py:188} INFO - [2024-07-27T22:03:50.183+0700] {dag.py:3089} INFO - Sync 2 DAGs
[2024-07-27T22:03:50.188+0700] {logging_mixin.py:188} INFO - [2024-07-27T22:03:50.187+0700] {dag.py:3947} INFO - Setting next_dagrun for example_subdag_operator.section-1 to None, run_after=None
[2024-07-27T22:03:50.188+0700] {logging_mixin.py:188} INFO - [2024-07-27T22:03:50.188+0700] {dag.py:3947} INFO - Setting next_dagrun for example_subdag_operator.section-2 to None, run_after=None
[2024-07-27T22:03:50.213+0700] {processor.py:183} INFO - Processing /usr/local/lib/python3.10/dist-packages/airflow/example_dags/example_subdag_operator.py took 0.091 seconds
[2024-07-27T22:04:52.773+0700] {processor.py:161} INFO - Started process (PID=22382) to work on /usr/local/lib/python3.10/dist-packages/airflow/example_dags/example_subdag_operator.py
[2024-07-27T22:04:52.776+0700] {processor.py:830} INFO - Processing file /usr/local/lib/python3.10/dist-packages/airflow/example_dags/example_subdag_operator.py for tasks to queue
[2024-07-27T22:04:52.777+0700] {logging_mixin.py:188} INFO - [2024-07-27T22:04:52.776+0700] {dagbag.py:545} INFO - Filling up the DagBag from /usr/local/lib/python3.10/dist-packages/airflow/example_dags/example_subdag_operator.py
[2024-07-27T22:04:52.792+0700] {processor.py:840} INFO - DAG(s) 'example_subdag_operator.section-1', 'example_subdag_operator.section-2', 'example_subdag_operator' retrieved from /usr/local/lib/python3.10/dist-packages/airflow/example_dags/example_subdag_operator.py
[2024-07-27T22:04:52.804+0700] {logging_mixin.py:188} INFO - [2024-07-27T22:04:52.803+0700] {dag.py:3089} INFO - Sync 3 DAGs
[2024-07-27T22:04:52.817+0700] {logging_mixin.py:188} INFO - [2024-07-27T22:04:52.816+0700] {dag.py:3947} INFO - Setting next_dagrun for example_subdag_operator to 2022-01-01 00:00:00+00:00, run_after=2022-01-01 00:00:00+00:00
[2024-07-27T22:04:52.819+0700] {logging_mixin.py:188} INFO - [2024-07-27T22:04:52.819+0700] {dag.py:3947} INFO - Setting next_dagrun for example_subdag_operator.section-1 to None, run_after=None
[2024-07-27T22:04:52.820+0700] {logging_mixin.py:188} INFO - [2024-07-27T22:04:52.820+0700] {dag.py:3947} INFO - Setting next_dagrun for example_subdag_operator.section-2 to None, run_after=None
[2024-07-27T22:04:52.825+0700] {logging_mixin.py:188} INFO - [2024-07-27T22:04:52.825+0700] {dag.py:3089} INFO - Sync 2 DAGs
[2024-07-27T22:04:52.829+0700] {logging_mixin.py:188} INFO - [2024-07-27T22:04:52.829+0700] {dag.py:3947} INFO - Setting next_dagrun for example_subdag_operator.section-1 to None, run_after=None
[2024-07-27T22:04:52.830+0700] {logging_mixin.py:188} INFO - [2024-07-27T22:04:52.830+0700] {dag.py:3947} INFO - Setting next_dagrun for example_subdag_operator.section-2 to None, run_after=None
[2024-07-27T22:04:52.854+0700] {processor.py:183} INFO - Processing /usr/local/lib/python3.10/dist-packages/airflow/example_dags/example_subdag_operator.py took 0.086 seconds
[2024-07-27T22:05:36.688+0700] {processor.py:161} INFO - Started process (PID=22729) to work on /usr/local/lib/python3.10/dist-packages/airflow/example_dags/example_subdag_operator.py
[2024-07-27T22:05:36.690+0700] {processor.py:830} INFO - Processing file /usr/local/lib/python3.10/dist-packages/airflow/example_dags/example_subdag_operator.py for tasks to queue
[2024-07-27T22:05:36.691+0700] {logging_mixin.py:188} INFO - [2024-07-27T22:05:36.690+0700] {dagbag.py:545} INFO - Filling up the DagBag from /usr/local/lib/python3.10/dist-packages/airflow/example_dags/example_subdag_operator.py
[2024-07-27T22:05:36.708+0700] {processor.py:840} INFO - DAG(s) 'example_subdag_operator.section-1', 'example_subdag_operator.section-2', 'example_subdag_operator' retrieved from /usr/local/lib/python3.10/dist-packages/airflow/example_dags/example_subdag_operator.py
[2024-07-27T22:05:36.719+0700] {logging_mixin.py:188} INFO - [2024-07-27T22:05:36.718+0700] {dag.py:3089} INFO - Sync 3 DAGs
[2024-07-27T22:05:36.731+0700] {logging_mixin.py:188} INFO - [2024-07-27T22:05:36.731+0700] {dag.py:3947} INFO - Setting next_dagrun for example_subdag_operator to 2022-01-01 00:00:00+00:00, run_after=2022-01-01 00:00:00+00:00
[2024-07-27T22:05:36.734+0700] {logging_mixin.py:188} INFO - [2024-07-27T22:05:36.733+0700] {dag.py:3947} INFO - Setting next_dagrun for example_subdag_operator.section-1 to None, run_after=None
[2024-07-27T22:05:36.735+0700] {logging_mixin.py:188} INFO - [2024-07-27T22:05:36.734+0700] {dag.py:3947} INFO - Setting next_dagrun for example_subdag_operator.section-2 to None, run_after=None
[2024-07-27T22:05:36.740+0700] {logging_mixin.py:188} INFO - [2024-07-27T22:05:36.740+0700] {dag.py:3089} INFO - Sync 2 DAGs
[2024-07-27T22:05:36.744+0700] {logging_mixin.py:188} INFO - [2024-07-27T22:05:36.744+0700] {dag.py:3947} INFO - Setting next_dagrun for example_subdag_operator.section-1 to None, run_after=None
[2024-07-27T22:05:36.744+0700] {logging_mixin.py:188} INFO - [2024-07-27T22:05:36.744+0700] {dag.py:3947} INFO - Setting next_dagrun for example_subdag_operator.section-2 to None, run_after=None
[2024-07-27T22:05:36.768+0700] {processor.py:183} INFO - Processing /usr/local/lib/python3.10/dist-packages/airflow/example_dags/example_subdag_operator.py took 0.085 seconds
[2024-07-27T22:06:43.275+0700] {processor.py:161} INFO - Started process (PID=23590) to work on /usr/local/lib/python3.10/dist-packages/airflow/example_dags/example_subdag_operator.py
[2024-07-27T22:06:43.278+0700] {processor.py:830} INFO - Processing file /usr/local/lib/python3.10/dist-packages/airflow/example_dags/example_subdag_operator.py for tasks to queue
[2024-07-27T22:06:43.279+0700] {logging_mixin.py:188} INFO - [2024-07-27T22:06:43.278+0700] {dagbag.py:545} INFO - Filling up the DagBag from /usr/local/lib/python3.10/dist-packages/airflow/example_dags/example_subdag_operator.py
[2024-07-27T22:06:43.294+0700] {processor.py:840} INFO - DAG(s) 'example_subdag_operator.section-1', 'example_subdag_operator.section-2', 'example_subdag_operator' retrieved from /usr/local/lib/python3.10/dist-packages/airflow/example_dags/example_subdag_operator.py
[2024-07-27T22:06:43.305+0700] {logging_mixin.py:188} INFO - [2024-07-27T22:06:43.304+0700] {dag.py:3089} INFO - Sync 3 DAGs
[2024-07-27T22:06:43.317+0700] {logging_mixin.py:188} INFO - [2024-07-27T22:06:43.317+0700] {dag.py:3947} INFO - Setting next_dagrun for example_subdag_operator to 2022-01-01 00:00:00+00:00, run_after=2022-01-01 00:00:00+00:00
[2024-07-27T22:06:43.319+0700] {logging_mixin.py:188} INFO - [2024-07-27T22:06:43.319+0700] {dag.py:3947} INFO - Setting next_dagrun for example_subdag_operator.section-1 to None, run_after=None
[2024-07-27T22:06:43.321+0700] {logging_mixin.py:188} INFO - [2024-07-27T22:06:43.320+0700] {dag.py:3947} INFO - Setting next_dagrun for example_subdag_operator.section-2 to None, run_after=None
[2024-07-27T22:06:43.325+0700] {logging_mixin.py:188} INFO - [2024-07-27T22:06:43.325+0700] {dag.py:3089} INFO - Sync 2 DAGs
[2024-07-27T22:06:43.329+0700] {logging_mixin.py:188} INFO - [2024-07-27T22:06:43.329+0700] {dag.py:3947} INFO - Setting next_dagrun for example_subdag_operator.section-1 to None, run_after=None
[2024-07-27T22:06:43.329+0700] {logging_mixin.py:188} INFO - [2024-07-27T22:06:43.329+0700] {dag.py:3947} INFO - Setting next_dagrun for example_subdag_operator.section-2 to None, run_after=None
[2024-07-27T22:06:43.354+0700] {processor.py:183} INFO - Processing /usr/local/lib/python3.10/dist-packages/airflow/example_dags/example_subdag_operator.py took 0.085 seconds
[2024-07-27T22:07:30.804+0700] {processor.py:161} INFO - Started process (PID=23965) to work on /usr/local/lib/python3.10/dist-packages/airflow/example_dags/example_subdag_operator.py
[2024-07-27T22:07:30.805+0700] {processor.py:830} INFO - Processing file /usr/local/lib/python3.10/dist-packages/airflow/example_dags/example_subdag_operator.py for tasks to queue
[2024-07-27T22:07:30.806+0700] {logging_mixin.py:188} INFO - [2024-07-27T22:07:30.806+0700] {dagbag.py:545} INFO - Filling up the DagBag from /usr/local/lib/python3.10/dist-packages/airflow/example_dags/example_subdag_operator.py
[2024-07-27T22:07:30.822+0700] {processor.py:840} INFO - DAG(s) 'example_subdag_operator.section-1', 'example_subdag_operator.section-2', 'example_subdag_operator' retrieved from /usr/local/lib/python3.10/dist-packages/airflow/example_dags/example_subdag_operator.py
[2024-07-27T22:07:30.835+0700] {logging_mixin.py:188} INFO - [2024-07-27T22:07:30.835+0700] {dag.py:3089} INFO - Sync 3 DAGs
[2024-07-27T22:07:30.848+0700] {logging_mixin.py:188} INFO - [2024-07-27T22:07:30.848+0700] {dag.py:3947} INFO - Setting next_dagrun for example_subdag_operator to 2022-01-01 00:00:00+00:00, run_after=2022-01-01 00:00:00+00:00
[2024-07-27T22:07:30.850+0700] {logging_mixin.py:188} INFO - [2024-07-27T22:07:30.850+0700] {dag.py:3947} INFO - Setting next_dagrun for example_subdag_operator.section-1 to None, run_after=None
[2024-07-27T22:07:30.851+0700] {logging_mixin.py:188} INFO - [2024-07-27T22:07:30.851+0700] {dag.py:3947} INFO - Setting next_dagrun for example_subdag_operator.section-2 to None, run_after=None
[2024-07-27T22:07:30.856+0700] {logging_mixin.py:188} INFO - [2024-07-27T22:07:30.856+0700] {dag.py:3089} INFO - Sync 2 DAGs
[2024-07-27T22:07:30.860+0700] {logging_mixin.py:188} INFO - [2024-07-27T22:07:30.860+0700] {dag.py:3947} INFO - Setting next_dagrun for example_subdag_operator.section-1 to None, run_after=None
[2024-07-27T22:07:30.860+0700] {logging_mixin.py:188} INFO - [2024-07-27T22:07:30.860+0700] {dag.py:3947} INFO - Setting next_dagrun for example_subdag_operator.section-2 to None, run_after=None
[2024-07-27T22:07:30.888+0700] {processor.py:183} INFO - Processing /usr/local/lib/python3.10/dist-packages/airflow/example_dags/example_subdag_operator.py took 0.088 seconds
[2024-07-27T22:08:14.321+0700] {processor.py:161} INFO - Started process (PID=24437) to work on /usr/local/lib/python3.10/dist-packages/airflow/example_dags/example_subdag_operator.py
[2024-07-27T22:08:14.323+0700] {processor.py:830} INFO - Processing file /usr/local/lib/python3.10/dist-packages/airflow/example_dags/example_subdag_operator.py for tasks to queue
[2024-07-27T22:08:14.324+0700] {logging_mixin.py:188} INFO - [2024-07-27T22:08:14.324+0700] {dagbag.py:545} INFO - Filling up the DagBag from /usr/local/lib/python3.10/dist-packages/airflow/example_dags/example_subdag_operator.py
[2024-07-27T22:08:14.340+0700] {processor.py:840} INFO - DAG(s) 'example_subdag_operator.section-1', 'example_subdag_operator.section-2', 'example_subdag_operator' retrieved from /usr/local/lib/python3.10/dist-packages/airflow/example_dags/example_subdag_operator.py
[2024-07-27T22:08:14.351+0700] {logging_mixin.py:188} INFO - [2024-07-27T22:08:14.351+0700] {dag.py:3089} INFO - Sync 3 DAGs
[2024-07-27T22:08:14.364+0700] {logging_mixin.py:188} INFO - [2024-07-27T22:08:14.364+0700] {dag.py:3947} INFO - Setting next_dagrun for example_subdag_operator to 2022-01-01 00:00:00+00:00, run_after=2022-01-01 00:00:00+00:00
[2024-07-27T22:08:14.367+0700] {logging_mixin.py:188} INFO - [2024-07-27T22:08:14.367+0700] {dag.py:3947} INFO - Setting next_dagrun for example_subdag_operator.section-1 to None, run_after=None
[2024-07-27T22:08:14.368+0700] {logging_mixin.py:188} INFO - [2024-07-27T22:08:14.368+0700] {dag.py:3947} INFO - Setting next_dagrun for example_subdag_operator.section-2 to None, run_after=None
[2024-07-27T22:08:14.375+0700] {logging_mixin.py:188} INFO - [2024-07-27T22:08:14.375+0700] {dag.py:3089} INFO - Sync 2 DAGs
[2024-07-27T22:08:14.381+0700] {logging_mixin.py:188} INFO - [2024-07-27T22:08:14.381+0700] {dag.py:3947} INFO - Setting next_dagrun for example_subdag_operator.section-1 to None, run_after=None
[2024-07-27T22:08:14.381+0700] {logging_mixin.py:188} INFO - [2024-07-27T22:08:14.381+0700] {dag.py:3947} INFO - Setting next_dagrun for example_subdag_operator.section-2 to None, run_after=None
[2024-07-27T22:08:14.408+0700] {processor.py:183} INFO - Processing /usr/local/lib/python3.10/dist-packages/airflow/example_dags/example_subdag_operator.py took 0.091 seconds
[2024-07-27T22:09:14.006+0700] {processor.py:161} INFO - Started process (PID=25127) to work on /usr/local/lib/python3.10/dist-packages/airflow/example_dags/example_subdag_operator.py
[2024-07-27T22:09:14.007+0700] {processor.py:830} INFO - Processing file /usr/local/lib/python3.10/dist-packages/airflow/example_dags/example_subdag_operator.py for tasks to queue
[2024-07-27T22:09:14.008+0700] {logging_mixin.py:188} INFO - [2024-07-27T22:09:14.008+0700] {dagbag.py:545} INFO - Filling up the DagBag from /usr/local/lib/python3.10/dist-packages/airflow/example_dags/example_subdag_operator.py
[2024-07-27T22:09:14.029+0700] {processor.py:840} INFO - DAG(s) 'example_subdag_operator.section-1', 'example_subdag_operator.section-2', 'example_subdag_operator' retrieved from /usr/local/lib/python3.10/dist-packages/airflow/example_dags/example_subdag_operator.py
[2024-07-27T22:09:14.042+0700] {logging_mixin.py:188} INFO - [2024-07-27T22:09:14.042+0700] {dag.py:3089} INFO - Sync 3 DAGs
[2024-07-27T22:09:14.057+0700] {logging_mixin.py:188} INFO - [2024-07-27T22:09:14.056+0700] {dag.py:3947} INFO - Setting next_dagrun for example_subdag_operator to 2022-01-01 00:00:00+00:00, run_after=2022-01-01 00:00:00+00:00
[2024-07-27T22:09:14.059+0700] {logging_mixin.py:188} INFO - [2024-07-27T22:09:14.059+0700] {dag.py:3947} INFO - Setting next_dagrun for example_subdag_operator.section-1 to None, run_after=None
[2024-07-27T22:09:14.061+0700] {logging_mixin.py:188} INFO - [2024-07-27T22:09:14.060+0700] {dag.py:3947} INFO - Setting next_dagrun for example_subdag_operator.section-2 to None, run_after=None
[2024-07-27T22:09:14.066+0700] {logging_mixin.py:188} INFO - [2024-07-27T22:09:14.066+0700] {dag.py:3089} INFO - Sync 2 DAGs
[2024-07-27T22:09:14.073+0700] {logging_mixin.py:188} INFO - [2024-07-27T22:09:14.072+0700] {dag.py:3947} INFO - Setting next_dagrun for example_subdag_operator.section-1 to None, run_after=None
[2024-07-27T22:09:14.073+0700] {logging_mixin.py:188} INFO - [2024-07-27T22:09:14.073+0700] {dag.py:3947} INFO - Setting next_dagrun for example_subdag_operator.section-2 to None, run_after=None
[2024-07-27T22:09:14.106+0700] {processor.py:183} INFO - Processing /usr/local/lib/python3.10/dist-packages/airflow/example_dags/example_subdag_operator.py took 0.105 seconds
[2024-07-27T22:09:58.012+0700] {processor.py:161} INFO - Started process (PID=25496) to work on /usr/local/lib/python3.10/dist-packages/airflow/example_dags/example_subdag_operator.py
[2024-07-27T22:09:58.015+0700] {processor.py:830} INFO - Processing file /usr/local/lib/python3.10/dist-packages/airflow/example_dags/example_subdag_operator.py for tasks to queue
[2024-07-27T22:09:58.016+0700] {logging_mixin.py:188} INFO - [2024-07-27T22:09:58.016+0700] {dagbag.py:545} INFO - Filling up the DagBag from /usr/local/lib/python3.10/dist-packages/airflow/example_dags/example_subdag_operator.py
[2024-07-27T22:09:58.032+0700] {processor.py:840} INFO - DAG(s) 'example_subdag_operator.section-1', 'example_subdag_operator.section-2', 'example_subdag_operator' retrieved from /usr/local/lib/python3.10/dist-packages/airflow/example_dags/example_subdag_operator.py
[2024-07-27T22:09:58.044+0700] {logging_mixin.py:188} INFO - [2024-07-27T22:09:58.044+0700] {dag.py:3089} INFO - Sync 3 DAGs
[2024-07-27T22:09:58.057+0700] {logging_mixin.py:188} INFO - [2024-07-27T22:09:58.057+0700] {dag.py:3947} INFO - Setting next_dagrun for example_subdag_operator to 2022-01-01 00:00:00+00:00, run_after=2022-01-01 00:00:00+00:00
[2024-07-27T22:09:58.060+0700] {logging_mixin.py:188} INFO - [2024-07-27T22:09:58.060+0700] {dag.py:3947} INFO - Setting next_dagrun for example_subdag_operator.section-1 to None, run_after=None
[2024-07-27T22:09:58.061+0700] {logging_mixin.py:188} INFO - [2024-07-27T22:09:58.061+0700] {dag.py:3947} INFO - Setting next_dagrun for example_subdag_operator.section-2 to None, run_after=None
[2024-07-27T22:09:58.066+0700] {logging_mixin.py:188} INFO - [2024-07-27T22:09:58.066+0700] {dag.py:3089} INFO - Sync 2 DAGs
[2024-07-27T22:09:58.070+0700] {logging_mixin.py:188} INFO - [2024-07-27T22:09:58.069+0700] {dag.py:3947} INFO - Setting next_dagrun for example_subdag_operator.section-1 to None, run_after=None
[2024-07-27T22:09:58.070+0700] {logging_mixin.py:188} INFO - [2024-07-27T22:09:58.070+0700] {dag.py:3947} INFO - Setting next_dagrun for example_subdag_operator.section-2 to None, run_after=None
[2024-07-27T22:09:58.096+0700] {processor.py:183} INFO - Processing /usr/local/lib/python3.10/dist-packages/airflow/example_dags/example_subdag_operator.py took 0.089 seconds
