[2024-07-27T18:29:46.589+0700] {processor.py:161} INFO - Started process (PID=1419) to work on /usr/local/lib/python3.10/dist-packages/airflow/example_dags/example_task_group_decorator.py
[2024-07-27T18:29:46.589+0700] {processor.py:830} INFO - Processing file /usr/local/lib/python3.10/dist-packages/airflow/example_dags/example_task_group_decorator.py for tasks to queue
[2024-07-27T18:29:46.590+0700] {logging_mixin.py:188} INFO - [2024-07-27T18:29:46.590+0700] {dagbag.py:545} INFO - Filling up the DagBag from /usr/local/lib/python3.10/dist-packages/airflow/example_dags/example_task_group_decorator.py
[2024-07-27T18:29:46.603+0700] {processor.py:840} INFO - DAG(s) 'example_task_group_decorator' retrieved from /usr/local/lib/python3.10/dist-packages/airflow/example_dags/example_task_group_decorator.py
[2024-07-27T18:29:46.621+0700] {logging_mixin.py:188} INFO - [2024-07-27T18:29:46.621+0700] {dag.py:3089} INFO - Sync 1 DAGs
[2024-07-27T18:29:46.635+0700] {logging_mixin.py:188} INFO - [2024-07-27T18:29:46.634+0700] {dag.py:3947} INFO - Setting next_dagrun for example_task_group_decorator to 2024-07-26 00:00:00+00:00, run_after=2024-07-27 00:00:00+00:00
[2024-07-27T18:29:46.664+0700] {processor.py:183} INFO - Processing /usr/local/lib/python3.10/dist-packages/airflow/example_dags/example_task_group_decorator.py took 0.080 seconds
[2024-07-27T18:30:35.839+0700] {processor.py:161} INFO - Started process (PID=1678) to work on /usr/local/lib/python3.10/dist-packages/airflow/example_dags/example_task_group_decorator.py
[2024-07-27T18:30:35.842+0700] {processor.py:830} INFO - Processing file /usr/local/lib/python3.10/dist-packages/airflow/example_dags/example_task_group_decorator.py for tasks to queue
[2024-07-27T18:30:35.843+0700] {logging_mixin.py:188} INFO - [2024-07-27T18:30:35.843+0700] {dagbag.py:545} INFO - Filling up the DagBag from /usr/local/lib/python3.10/dist-packages/airflow/example_dags/example_task_group_decorator.py
[2024-07-27T18:30:35.858+0700] {processor.py:840} INFO - DAG(s) 'example_task_group_decorator' retrieved from /usr/local/lib/python3.10/dist-packages/airflow/example_dags/example_task_group_decorator.py
[2024-07-27T18:30:35.876+0700] {logging_mixin.py:188} INFO - [2024-07-27T18:30:35.876+0700] {dag.py:3089} INFO - Sync 1 DAGs
[2024-07-27T18:30:35.894+0700] {logging_mixin.py:188} INFO - [2024-07-27T18:30:35.894+0700] {dag.py:3947} INFO - Setting next_dagrun for example_task_group_decorator to 2024-07-26 00:00:00+00:00, run_after=2024-07-27 00:00:00+00:00
[2024-07-27T18:30:35.926+0700] {processor.py:183} INFO - Processing /usr/local/lib/python3.10/dist-packages/airflow/example_dags/example_task_group_decorator.py took 0.092 seconds
[2024-07-27T21:32:15.077+0700] {processor.py:161} INFO - Started process (PID=1717) to work on /usr/local/lib/python3.10/dist-packages/airflow/example_dags/example_task_group_decorator.py
[2024-07-27T21:32:15.079+0700] {processor.py:830} INFO - Processing file /usr/local/lib/python3.10/dist-packages/airflow/example_dags/example_task_group_decorator.py for tasks to queue
[2024-07-27T21:32:15.080+0700] {logging_mixin.py:188} INFO - [2024-07-27T21:32:15.080+0700] {dagbag.py:545} INFO - Filling up the DagBag from /usr/local/lib/python3.10/dist-packages/airflow/example_dags/example_task_group_decorator.py
[2024-07-27T21:32:15.092+0700] {processor.py:840} INFO - DAG(s) 'example_task_group_decorator' retrieved from /usr/local/lib/python3.10/dist-packages/airflow/example_dags/example_task_group_decorator.py
[2024-07-27T21:32:15.110+0700] {logging_mixin.py:188} INFO - [2024-07-27T21:32:15.109+0700] {dag.py:3089} INFO - Sync 1 DAGs
[2024-07-27T21:32:15.124+0700] {logging_mixin.py:188} INFO - [2024-07-27T21:32:15.124+0700] {dag.py:3947} INFO - Setting next_dagrun for example_task_group_decorator to 2024-07-26 00:00:00+00:00, run_after=2024-07-27 00:00:00+00:00
[2024-07-27T21:32:15.152+0700] {processor.py:183} INFO - Processing /usr/local/lib/python3.10/dist-packages/airflow/example_dags/example_task_group_decorator.py took 0.079 seconds
[2024-07-27T21:33:05.093+0700] {processor.py:161} INFO - Started process (PID=2109) to work on /usr/local/lib/python3.10/dist-packages/airflow/example_dags/example_task_group_decorator.py
[2024-07-27T21:33:05.095+0700] {processor.py:830} INFO - Processing file /usr/local/lib/python3.10/dist-packages/airflow/example_dags/example_task_group_decorator.py for tasks to queue
[2024-07-27T21:33:05.097+0700] {logging_mixin.py:188} INFO - [2024-07-27T21:33:05.097+0700] {dagbag.py:545} INFO - Filling up the DagBag from /usr/local/lib/python3.10/dist-packages/airflow/example_dags/example_task_group_decorator.py
[2024-07-27T21:33:05.109+0700] {processor.py:840} INFO - DAG(s) 'example_task_group_decorator' retrieved from /usr/local/lib/python3.10/dist-packages/airflow/example_dags/example_task_group_decorator.py
[2024-07-27T21:33:05.125+0700] {logging_mixin.py:188} INFO - [2024-07-27T21:33:05.124+0700] {dag.py:3089} INFO - Sync 1 DAGs
[2024-07-27T21:33:05.140+0700] {logging_mixin.py:188} INFO - [2024-07-27T21:33:05.139+0700] {dag.py:3947} INFO - Setting next_dagrun for example_task_group_decorator to 2024-07-26 00:00:00+00:00, run_after=2024-07-27 00:00:00+00:00
[2024-07-27T21:33:05.171+0700] {processor.py:183} INFO - Processing /usr/local/lib/python3.10/dist-packages/airflow/example_dags/example_task_group_decorator.py took 0.082 seconds
[2024-07-27T21:34:00.796+0700] {processor.py:161} INFO - Started process (PID=2862) to work on /usr/local/lib/python3.10/dist-packages/airflow/example_dags/example_task_group_decorator.py
[2024-07-27T21:34:00.797+0700] {processor.py:830} INFO - Processing file /usr/local/lib/python3.10/dist-packages/airflow/example_dags/example_task_group_decorator.py for tasks to queue
[2024-07-27T21:34:00.800+0700] {logging_mixin.py:188} INFO - [2024-07-27T21:34:00.799+0700] {dagbag.py:545} INFO - Filling up the DagBag from /usr/local/lib/python3.10/dist-packages/airflow/example_dags/example_task_group_decorator.py
[2024-07-27T21:34:00.826+0700] {processor.py:840} INFO - DAG(s) 'example_task_group_decorator' retrieved from /usr/local/lib/python3.10/dist-packages/airflow/example_dags/example_task_group_decorator.py
[2024-07-27T21:34:01.008+0700] {logging_mixin.py:188} INFO - [2024-07-27T21:34:01.007+0700] {dag.py:3089} INFO - Sync 1 DAGs
[2024-07-27T21:34:01.024+0700] {logging_mixin.py:188} INFO - [2024-07-27T21:34:01.024+0700] {dag.py:3947} INFO - Setting next_dagrun for example_task_group_decorator to 2024-07-26 00:00:00+00:00, run_after=2024-07-27 00:00:00+00:00
[2024-07-27T21:34:01.058+0700] {processor.py:183} INFO - Processing /usr/local/lib/python3.10/dist-packages/airflow/example_dags/example_task_group_decorator.py took 0.289 seconds
[2024-07-27T21:34:49.307+0700] {processor.py:161} INFO - Started process (PID=3261) to work on /usr/local/lib/python3.10/dist-packages/airflow/example_dags/example_task_group_decorator.py
[2024-07-27T21:34:49.309+0700] {processor.py:830} INFO - Processing file /usr/local/lib/python3.10/dist-packages/airflow/example_dags/example_task_group_decorator.py for tasks to queue
[2024-07-27T21:34:49.310+0700] {logging_mixin.py:188} INFO - [2024-07-27T21:34:49.310+0700] {dagbag.py:545} INFO - Filling up the DagBag from /usr/local/lib/python3.10/dist-packages/airflow/example_dags/example_task_group_decorator.py
[2024-07-27T21:34:49.323+0700] {processor.py:840} INFO - DAG(s) 'example_task_group_decorator' retrieved from /usr/local/lib/python3.10/dist-packages/airflow/example_dags/example_task_group_decorator.py
[2024-07-27T21:34:49.341+0700] {logging_mixin.py:188} INFO - [2024-07-27T21:34:49.340+0700] {dag.py:3089} INFO - Sync 1 DAGs
[2024-07-27T21:34:49.359+0700] {logging_mixin.py:188} INFO - [2024-07-27T21:34:49.359+0700] {dag.py:3947} INFO - Setting next_dagrun for example_task_group_decorator to 2024-07-26 00:00:00+00:00, run_after=2024-07-27 00:00:00+00:00
[2024-07-27T21:34:49.397+0700] {processor.py:183} INFO - Processing /usr/local/lib/python3.10/dist-packages/airflow/example_dags/example_task_group_decorator.py took 0.096 seconds
[2024-07-27T21:35:32.270+0700] {processor.py:161} INFO - Started process (PID=3622) to work on /usr/local/lib/python3.10/dist-packages/airflow/example_dags/example_task_group_decorator.py
[2024-07-27T21:35:32.271+0700] {processor.py:830} INFO - Processing file /usr/local/lib/python3.10/dist-packages/airflow/example_dags/example_task_group_decorator.py for tasks to queue
[2024-07-27T21:35:32.273+0700] {logging_mixin.py:188} INFO - [2024-07-27T21:35:32.273+0700] {dagbag.py:545} INFO - Filling up the DagBag from /usr/local/lib/python3.10/dist-packages/airflow/example_dags/example_task_group_decorator.py
[2024-07-27T21:35:32.284+0700] {processor.py:840} INFO - DAG(s) 'example_task_group_decorator' retrieved from /usr/local/lib/python3.10/dist-packages/airflow/example_dags/example_task_group_decorator.py
[2024-07-27T21:35:32.300+0700] {logging_mixin.py:188} INFO - [2024-07-27T21:35:32.300+0700] {dag.py:3089} INFO - Sync 1 DAGs
[2024-07-27T21:35:32.317+0700] {logging_mixin.py:188} INFO - [2024-07-27T21:35:32.317+0700] {dag.py:3947} INFO - Setting next_dagrun for example_task_group_decorator to 2024-07-26 00:00:00+00:00, run_after=2024-07-27 00:00:00+00:00
[2024-07-27T21:35:32.346+0700] {processor.py:183} INFO - Processing /usr/local/lib/python3.10/dist-packages/airflow/example_dags/example_task_group_decorator.py took 0.081 seconds
[2024-07-27T21:36:16.578+0700] {processor.py:161} INFO - Started process (PID=3981) to work on /usr/local/lib/python3.10/dist-packages/airflow/example_dags/example_task_group_decorator.py
[2024-07-27T21:36:16.580+0700] {processor.py:830} INFO - Processing file /usr/local/lib/python3.10/dist-packages/airflow/example_dags/example_task_group_decorator.py for tasks to queue
[2024-07-27T21:36:16.582+0700] {logging_mixin.py:188} INFO - [2024-07-27T21:36:16.582+0700] {dagbag.py:545} INFO - Filling up the DagBag from /usr/local/lib/python3.10/dist-packages/airflow/example_dags/example_task_group_decorator.py
[2024-07-27T21:36:16.598+0700] {processor.py:840} INFO - DAG(s) 'example_task_group_decorator' retrieved from /usr/local/lib/python3.10/dist-packages/airflow/example_dags/example_task_group_decorator.py
[2024-07-27T21:36:16.614+0700] {logging_mixin.py:188} INFO - [2024-07-27T21:36:16.613+0700] {dag.py:3089} INFO - Sync 1 DAGs
[2024-07-27T21:36:16.634+0700] {logging_mixin.py:188} INFO - [2024-07-27T21:36:16.634+0700] {dag.py:3947} INFO - Setting next_dagrun for example_task_group_decorator to 2024-07-26 00:00:00+00:00, run_after=2024-07-27 00:00:00+00:00
[2024-07-27T21:36:16.666+0700] {processor.py:183} INFO - Processing /usr/local/lib/python3.10/dist-packages/airflow/example_dags/example_task_group_decorator.py took 0.093 seconds
[2024-07-27T21:36:57.825+0700] {processor.py:161} INFO - Started process (PID=4385) to work on /usr/local/lib/python3.10/dist-packages/airflow/example_dags/example_task_group_decorator.py
[2024-07-27T21:36:57.826+0700] {processor.py:830} INFO - Processing file /usr/local/lib/python3.10/dist-packages/airflow/example_dags/example_task_group_decorator.py for tasks to queue
[2024-07-27T21:36:57.827+0700] {logging_mixin.py:188} INFO - [2024-07-27T21:36:57.827+0700] {dagbag.py:545} INFO - Filling up the DagBag from /usr/local/lib/python3.10/dist-packages/airflow/example_dags/example_task_group_decorator.py
[2024-07-27T21:36:57.838+0700] {processor.py:840} INFO - DAG(s) 'example_task_group_decorator' retrieved from /usr/local/lib/python3.10/dist-packages/airflow/example_dags/example_task_group_decorator.py
[2024-07-27T21:36:57.853+0700] {logging_mixin.py:188} INFO - [2024-07-27T21:36:57.853+0700] {dag.py:3089} INFO - Sync 1 DAGs
[2024-07-27T21:36:57.868+0700] {logging_mixin.py:188} INFO - [2024-07-27T21:36:57.868+0700] {dag.py:3947} INFO - Setting next_dagrun for example_task_group_decorator to 2024-07-26 00:00:00+00:00, run_after=2024-07-27 00:00:00+00:00
[2024-07-27T21:36:57.898+0700] {processor.py:183} INFO - Processing /usr/local/lib/python3.10/dist-packages/airflow/example_dags/example_task_group_decorator.py took 0.078 seconds
[2024-07-27T21:37:40.467+0700] {processor.py:161} INFO - Started process (PID=4723) to work on /usr/local/lib/python3.10/dist-packages/airflow/example_dags/example_task_group_decorator.py
[2024-07-27T21:37:40.469+0700] {processor.py:830} INFO - Processing file /usr/local/lib/python3.10/dist-packages/airflow/example_dags/example_task_group_decorator.py for tasks to queue
[2024-07-27T21:37:40.470+0700] {logging_mixin.py:188} INFO - [2024-07-27T21:37:40.469+0700] {dagbag.py:545} INFO - Filling up the DagBag from /usr/local/lib/python3.10/dist-packages/airflow/example_dags/example_task_group_decorator.py
[2024-07-27T21:37:40.480+0700] {processor.py:840} INFO - DAG(s) 'example_task_group_decorator' retrieved from /usr/local/lib/python3.10/dist-packages/airflow/example_dags/example_task_group_decorator.py
[2024-07-27T21:37:40.496+0700] {logging_mixin.py:188} INFO - [2024-07-27T21:37:40.496+0700] {dag.py:3089} INFO - Sync 1 DAGs
[2024-07-27T21:37:40.513+0700] {logging_mixin.py:188} INFO - [2024-07-27T21:37:40.513+0700] {dag.py:3947} INFO - Setting next_dagrun for example_task_group_decorator to 2024-07-26 00:00:00+00:00, run_after=2024-07-27 00:00:00+00:00
[2024-07-27T21:37:40.542+0700] {processor.py:183} INFO - Processing /usr/local/lib/python3.10/dist-packages/airflow/example_dags/example_task_group_decorator.py took 0.080 seconds
[2024-07-27T21:38:25.509+0700] {processor.py:161} INFO - Started process (PID=5077) to work on /usr/local/lib/python3.10/dist-packages/airflow/example_dags/example_task_group_decorator.py
[2024-07-27T21:38:25.511+0700] {processor.py:830} INFO - Processing file /usr/local/lib/python3.10/dist-packages/airflow/example_dags/example_task_group_decorator.py for tasks to queue
[2024-07-27T21:38:25.511+0700] {logging_mixin.py:188} INFO - [2024-07-27T21:38:25.511+0700] {dagbag.py:545} INFO - Filling up the DagBag from /usr/local/lib/python3.10/dist-packages/airflow/example_dags/example_task_group_decorator.py
[2024-07-27T21:38:25.522+0700] {processor.py:840} INFO - DAG(s) 'example_task_group_decorator' retrieved from /usr/local/lib/python3.10/dist-packages/airflow/example_dags/example_task_group_decorator.py
[2024-07-27T21:38:25.538+0700] {logging_mixin.py:188} INFO - [2024-07-27T21:38:25.537+0700] {dag.py:3089} INFO - Sync 1 DAGs
[2024-07-27T21:38:25.552+0700] {logging_mixin.py:188} INFO - [2024-07-27T21:38:25.552+0700] {dag.py:3947} INFO - Setting next_dagrun for example_task_group_decorator to 2024-07-26 00:00:00+00:00, run_after=2024-07-27 00:00:00+00:00
[2024-07-27T21:38:25.582+0700] {processor.py:183} INFO - Processing /usr/local/lib/python3.10/dist-packages/airflow/example_dags/example_task_group_decorator.py took 0.078 seconds
[2024-07-27T21:39:14.292+0700] {processor.py:161} INFO - Started process (PID=5523) to work on /usr/local/lib/python3.10/dist-packages/airflow/example_dags/example_task_group_decorator.py
[2024-07-27T21:39:14.297+0700] {processor.py:830} INFO - Processing file /usr/local/lib/python3.10/dist-packages/airflow/example_dags/example_task_group_decorator.py for tasks to queue
[2024-07-27T21:39:14.298+0700] {logging_mixin.py:188} INFO - [2024-07-27T21:39:14.298+0700] {dagbag.py:545} INFO - Filling up the DagBag from /usr/local/lib/python3.10/dist-packages/airflow/example_dags/example_task_group_decorator.py
[2024-07-27T21:39:14.311+0700] {processor.py:840} INFO - DAG(s) 'example_task_group_decorator' retrieved from /usr/local/lib/python3.10/dist-packages/airflow/example_dags/example_task_group_decorator.py
[2024-07-27T21:39:14.326+0700] {logging_mixin.py:188} INFO - [2024-07-27T21:39:14.326+0700] {dag.py:3089} INFO - Sync 1 DAGs
[2024-07-27T21:39:14.342+0700] {logging_mixin.py:188} INFO - [2024-07-27T21:39:14.342+0700] {dag.py:3947} INFO - Setting next_dagrun for example_task_group_decorator to 2024-07-26 00:00:00+00:00, run_after=2024-07-27 00:00:00+00:00
[2024-07-27T21:39:14.372+0700] {processor.py:183} INFO - Processing /usr/local/lib/python3.10/dist-packages/airflow/example_dags/example_task_group_decorator.py took 0.084 seconds
[2024-07-27T21:39:57.343+0700] {processor.py:161} INFO - Started process (PID=6048) to work on /usr/local/lib/python3.10/dist-packages/airflow/example_dags/example_task_group_decorator.py
[2024-07-27T21:39:57.346+0700] {processor.py:830} INFO - Processing file /usr/local/lib/python3.10/dist-packages/airflow/example_dags/example_task_group_decorator.py for tasks to queue
[2024-07-27T21:39:57.347+0700] {logging_mixin.py:188} INFO - [2024-07-27T21:39:57.347+0700] {dagbag.py:545} INFO - Filling up the DagBag from /usr/local/lib/python3.10/dist-packages/airflow/example_dags/example_task_group_decorator.py
[2024-07-27T21:39:57.359+0700] {processor.py:840} INFO - DAG(s) 'example_task_group_decorator' retrieved from /usr/local/lib/python3.10/dist-packages/airflow/example_dags/example_task_group_decorator.py
[2024-07-27T21:39:57.375+0700] {logging_mixin.py:188} INFO - [2024-07-27T21:39:57.374+0700] {dag.py:3089} INFO - Sync 1 DAGs
[2024-07-27T21:39:57.392+0700] {logging_mixin.py:188} INFO - [2024-07-27T21:39:57.392+0700] {dag.py:3947} INFO - Setting next_dagrun for example_task_group_decorator to 2024-07-26 00:00:00+00:00, run_after=2024-07-27 00:00:00+00:00
[2024-07-27T21:39:57.423+0700] {processor.py:183} INFO - Processing /usr/local/lib/python3.10/dist-packages/airflow/example_dags/example_task_group_decorator.py took 0.084 seconds
[2024-07-27T21:40:38.590+0700] {processor.py:161} INFO - Started process (PID=6514) to work on /usr/local/lib/python3.10/dist-packages/airflow/example_dags/example_task_group_decorator.py
[2024-07-27T21:40:38.596+0700] {processor.py:830} INFO - Processing file /usr/local/lib/python3.10/dist-packages/airflow/example_dags/example_task_group_decorator.py for tasks to queue
[2024-07-27T21:40:38.596+0700] {logging_mixin.py:188} INFO - [2024-07-27T21:40:38.596+0700] {dagbag.py:545} INFO - Filling up the DagBag from /usr/local/lib/python3.10/dist-packages/airflow/example_dags/example_task_group_decorator.py
[2024-07-27T21:40:38.607+0700] {processor.py:840} INFO - DAG(s) 'example_task_group_decorator' retrieved from /usr/local/lib/python3.10/dist-packages/airflow/example_dags/example_task_group_decorator.py
[2024-07-27T21:40:38.624+0700] {logging_mixin.py:188} INFO - [2024-07-27T21:40:38.624+0700] {dag.py:3089} INFO - Sync 1 DAGs
[2024-07-27T21:40:38.638+0700] {logging_mixin.py:188} INFO - [2024-07-27T21:40:38.638+0700] {dag.py:3947} INFO - Setting next_dagrun for example_task_group_decorator to 2024-07-26 00:00:00+00:00, run_after=2024-07-27 00:00:00+00:00
[2024-07-27T21:40:38.672+0700] {processor.py:183} INFO - Processing /usr/local/lib/python3.10/dist-packages/airflow/example_dags/example_task_group_decorator.py took 0.086 seconds
[2024-07-27T21:41:20.143+0700] {processor.py:161} INFO - Started process (PID=6903) to work on /usr/local/lib/python3.10/dist-packages/airflow/example_dags/example_task_group_decorator.py
[2024-07-27T21:41:20.144+0700] {processor.py:830} INFO - Processing file /usr/local/lib/python3.10/dist-packages/airflow/example_dags/example_task_group_decorator.py for tasks to queue
[2024-07-27T21:41:20.145+0700] {logging_mixin.py:188} INFO - [2024-07-27T21:41:20.144+0700] {dagbag.py:545} INFO - Filling up the DagBag from /usr/local/lib/python3.10/dist-packages/airflow/example_dags/example_task_group_decorator.py
[2024-07-27T21:41:20.156+0700] {processor.py:840} INFO - DAG(s) 'example_task_group_decorator' retrieved from /usr/local/lib/python3.10/dist-packages/airflow/example_dags/example_task_group_decorator.py
[2024-07-27T21:41:20.171+0700] {logging_mixin.py:188} INFO - [2024-07-27T21:41:20.170+0700] {dag.py:3089} INFO - Sync 1 DAGs
[2024-07-27T21:41:20.188+0700] {logging_mixin.py:188} INFO - [2024-07-27T21:41:20.187+0700] {dag.py:3947} INFO - Setting next_dagrun for example_task_group_decorator to 2024-07-26 00:00:00+00:00, run_after=2024-07-27 00:00:00+00:00
[2024-07-27T21:41:20.219+0700] {processor.py:183} INFO - Processing /usr/local/lib/python3.10/dist-packages/airflow/example_dags/example_task_group_decorator.py took 0.081 seconds
[2024-07-27T21:44:27.660+0700] {processor.py:161} INFO - Started process (PID=9392) to work on /usr/local/lib/python3.10/dist-packages/airflow/example_dags/example_task_group_decorator.py
[2024-07-27T21:44:27.662+0700] {processor.py:830} INFO - Processing file /usr/local/lib/python3.10/dist-packages/airflow/example_dags/example_task_group_decorator.py for tasks to queue
[2024-07-27T21:44:27.663+0700] {logging_mixin.py:188} INFO - [2024-07-27T21:44:27.662+0700] {dagbag.py:545} INFO - Filling up the DagBag from /usr/local/lib/python3.10/dist-packages/airflow/example_dags/example_task_group_decorator.py
[2024-07-27T21:44:27.675+0700] {processor.py:840} INFO - DAG(s) 'example_task_group_decorator' retrieved from /usr/local/lib/python3.10/dist-packages/airflow/example_dags/example_task_group_decorator.py
[2024-07-27T21:44:27.692+0700] {logging_mixin.py:188} INFO - [2024-07-27T21:44:27.692+0700] {dag.py:3089} INFO - Sync 1 DAGs
[2024-07-27T21:44:27.707+0700] {logging_mixin.py:188} INFO - [2024-07-27T21:44:27.707+0700] {dag.py:3947} INFO - Setting next_dagrun for example_task_group_decorator to 2024-07-26 00:00:00+00:00, run_after=2024-07-27 00:00:00+00:00
[2024-07-27T21:44:27.742+0700] {processor.py:183} INFO - Processing /usr/local/lib/python3.10/dist-packages/airflow/example_dags/example_task_group_decorator.py took 0.086 seconds
[2024-07-27T21:45:20.503+0700] {processor.py:161} INFO - Started process (PID=9872) to work on /usr/local/lib/python3.10/dist-packages/airflow/example_dags/example_task_group_decorator.py
[2024-07-27T21:45:20.506+0700] {processor.py:830} INFO - Processing file /usr/local/lib/python3.10/dist-packages/airflow/example_dags/example_task_group_decorator.py for tasks to queue
[2024-07-27T21:45:20.507+0700] {logging_mixin.py:188} INFO - [2024-07-27T21:45:20.507+0700] {dagbag.py:545} INFO - Filling up the DagBag from /usr/local/lib/python3.10/dist-packages/airflow/example_dags/example_task_group_decorator.py
[2024-07-27T21:45:20.517+0700] {processor.py:840} INFO - DAG(s) 'example_task_group_decorator' retrieved from /usr/local/lib/python3.10/dist-packages/airflow/example_dags/example_task_group_decorator.py
[2024-07-27T21:45:20.532+0700] {logging_mixin.py:188} INFO - [2024-07-27T21:45:20.532+0700] {dag.py:3089} INFO - Sync 1 DAGs
[2024-07-27T21:45:20.545+0700] {logging_mixin.py:188} INFO - [2024-07-27T21:45:20.545+0700] {dag.py:3947} INFO - Setting next_dagrun for example_task_group_decorator to 2024-07-26 00:00:00+00:00, run_after=2024-07-27 00:00:00+00:00
[2024-07-27T21:45:20.574+0700] {processor.py:183} INFO - Processing /usr/local/lib/python3.10/dist-packages/airflow/example_dags/example_task_group_decorator.py took 0.075 seconds
[2024-07-27T21:48:27.679+0700] {processor.py:161} INFO - Started process (PID=11916) to work on /usr/local/lib/python3.10/dist-packages/airflow/example_dags/example_task_group_decorator.py
[2024-07-27T21:48:27.684+0700] {processor.py:830} INFO - Processing file /usr/local/lib/python3.10/dist-packages/airflow/example_dags/example_task_group_decorator.py for tasks to queue
[2024-07-27T21:48:27.685+0700] {logging_mixin.py:188} INFO - [2024-07-27T21:48:27.685+0700] {dagbag.py:545} INFO - Filling up the DagBag from /usr/local/lib/python3.10/dist-packages/airflow/example_dags/example_task_group_decorator.py
[2024-07-27T21:48:27.695+0700] {processor.py:840} INFO - DAG(s) 'example_task_group_decorator' retrieved from /usr/local/lib/python3.10/dist-packages/airflow/example_dags/example_task_group_decorator.py
[2024-07-27T21:48:27.712+0700] {logging_mixin.py:188} INFO - [2024-07-27T21:48:27.711+0700] {dag.py:3089} INFO - Sync 1 DAGs
[2024-07-27T21:48:27.726+0700] {logging_mixin.py:188} INFO - [2024-07-27T21:48:27.726+0700] {dag.py:3947} INFO - Setting next_dagrun for example_task_group_decorator to 2024-07-26 00:00:00+00:00, run_after=2024-07-27 00:00:00+00:00
[2024-07-27T21:48:27.756+0700] {processor.py:183} INFO - Processing /usr/local/lib/python3.10/dist-packages/airflow/example_dags/example_task_group_decorator.py took 0.081 seconds
[2024-07-27T21:49:16.994+0700] {processor.py:161} INFO - Started process (PID=12429) to work on /usr/local/lib/python3.10/dist-packages/airflow/example_dags/example_task_group_decorator.py
[2024-07-27T21:49:16.996+0700] {processor.py:830} INFO - Processing file /usr/local/lib/python3.10/dist-packages/airflow/example_dags/example_task_group_decorator.py for tasks to queue
[2024-07-27T21:49:16.997+0700] {logging_mixin.py:188} INFO - [2024-07-27T21:49:16.996+0700] {dagbag.py:545} INFO - Filling up the DagBag from /usr/local/lib/python3.10/dist-packages/airflow/example_dags/example_task_group_decorator.py
[2024-07-27T21:49:17.008+0700] {processor.py:840} INFO - DAG(s) 'example_task_group_decorator' retrieved from /usr/local/lib/python3.10/dist-packages/airflow/example_dags/example_task_group_decorator.py
[2024-07-27T21:49:17.030+0700] {logging_mixin.py:188} INFO - [2024-07-27T21:49:17.029+0700] {dag.py:3089} INFO - Sync 1 DAGs
[2024-07-27T21:49:17.047+0700] {logging_mixin.py:188} INFO - [2024-07-27T21:49:17.047+0700] {dag.py:3947} INFO - Setting next_dagrun for example_task_group_decorator to 2024-07-26 00:00:00+00:00, run_after=2024-07-27 00:00:00+00:00
[2024-07-27T21:49:17.082+0700] {processor.py:183} INFO - Processing /usr/local/lib/python3.10/dist-packages/airflow/example_dags/example_task_group_decorator.py took 0.092 seconds
[2024-07-27T21:50:07.696+0700] {processor.py:161} INFO - Started process (PID=12878) to work on /usr/local/lib/python3.10/dist-packages/airflow/example_dags/example_task_group_decorator.py
[2024-07-27T21:50:07.699+0700] {processor.py:830} INFO - Processing file /usr/local/lib/python3.10/dist-packages/airflow/example_dags/example_task_group_decorator.py for tasks to queue
[2024-07-27T21:50:07.700+0700] {logging_mixin.py:188} INFO - [2024-07-27T21:50:07.699+0700] {dagbag.py:545} INFO - Filling up the DagBag from /usr/local/lib/python3.10/dist-packages/airflow/example_dags/example_task_group_decorator.py
[2024-07-27T21:50:07.711+0700] {processor.py:840} INFO - DAG(s) 'example_task_group_decorator' retrieved from /usr/local/lib/python3.10/dist-packages/airflow/example_dags/example_task_group_decorator.py
[2024-07-27T21:50:07.729+0700] {logging_mixin.py:188} INFO - [2024-07-27T21:50:07.729+0700] {dag.py:3089} INFO - Sync 1 DAGs
[2024-07-27T21:50:07.747+0700] {logging_mixin.py:188} INFO - [2024-07-27T21:50:07.747+0700] {dag.py:3947} INFO - Setting next_dagrun for example_task_group_decorator to 2024-07-26 00:00:00+00:00, run_after=2024-07-27 00:00:00+00:00
[2024-07-27T21:50:07.777+0700] {processor.py:183} INFO - Processing /usr/local/lib/python3.10/dist-packages/airflow/example_dags/example_task_group_decorator.py took 0.085 seconds
[2024-07-27T21:51:07.704+0700] {processor.py:161} INFO - Started process (PID=13496) to work on /usr/local/lib/python3.10/dist-packages/airflow/example_dags/example_task_group_decorator.py
[2024-07-27T21:51:07.706+0700] {processor.py:830} INFO - Processing file /usr/local/lib/python3.10/dist-packages/airflow/example_dags/example_task_group_decorator.py for tasks to queue
[2024-07-27T21:51:07.707+0700] {logging_mixin.py:188} INFO - [2024-07-27T21:51:07.706+0700] {dagbag.py:545} INFO - Filling up the DagBag from /usr/local/lib/python3.10/dist-packages/airflow/example_dags/example_task_group_decorator.py
[2024-07-27T21:51:07.717+0700] {processor.py:840} INFO - DAG(s) 'example_task_group_decorator' retrieved from /usr/local/lib/python3.10/dist-packages/airflow/example_dags/example_task_group_decorator.py
[2024-07-27T21:51:07.732+0700] {logging_mixin.py:188} INFO - [2024-07-27T21:51:07.732+0700] {dag.py:3089} INFO - Sync 1 DAGs
[2024-07-27T21:51:07.745+0700] {logging_mixin.py:188} INFO - [2024-07-27T21:51:07.745+0700] {dag.py:3947} INFO - Setting next_dagrun for example_task_group_decorator to 2024-07-26 00:00:00+00:00, run_after=2024-07-27 00:00:00+00:00
[2024-07-27T21:51:07.775+0700] {processor.py:183} INFO - Processing /usr/local/lib/python3.10/dist-packages/airflow/example_dags/example_task_group_decorator.py took 0.076 seconds
[2024-07-27T21:51:50.675+0700] {processor.py:161} INFO - Started process (PID=13901) to work on /usr/local/lib/python3.10/dist-packages/airflow/example_dags/example_task_group_decorator.py
[2024-07-27T21:51:50.679+0700] {processor.py:830} INFO - Processing file /usr/local/lib/python3.10/dist-packages/airflow/example_dags/example_task_group_decorator.py for tasks to queue
[2024-07-27T21:51:50.680+0700] {logging_mixin.py:188} INFO - [2024-07-27T21:51:50.679+0700] {dagbag.py:545} INFO - Filling up the DagBag from /usr/local/lib/python3.10/dist-packages/airflow/example_dags/example_task_group_decorator.py
[2024-07-27T21:51:50.690+0700] {processor.py:840} INFO - DAG(s) 'example_task_group_decorator' retrieved from /usr/local/lib/python3.10/dist-packages/airflow/example_dags/example_task_group_decorator.py
[2024-07-27T21:51:50.704+0700] {logging_mixin.py:188} INFO - [2024-07-27T21:51:50.704+0700] {dag.py:3089} INFO - Sync 1 DAGs
[2024-07-27T21:51:50.717+0700] {logging_mixin.py:188} INFO - [2024-07-27T21:51:50.716+0700] {dag.py:3947} INFO - Setting next_dagrun for example_task_group_decorator to 2024-07-26 00:00:00+00:00, run_after=2024-07-27 00:00:00+00:00
[2024-07-27T21:51:50.746+0700] {processor.py:183} INFO - Processing /usr/local/lib/python3.10/dist-packages/airflow/example_dags/example_task_group_decorator.py took 0.075 seconds
[2024-07-27T21:54:52.945+0700] {processor.py:161} INFO - Started process (PID=15953) to work on /usr/local/lib/python3.10/dist-packages/airflow/example_dags/example_task_group_decorator.py
[2024-07-27T21:54:52.948+0700] {processor.py:830} INFO - Processing file /usr/local/lib/python3.10/dist-packages/airflow/example_dags/example_task_group_decorator.py for tasks to queue
[2024-07-27T21:54:52.950+0700] {logging_mixin.py:188} INFO - [2024-07-27T21:54:52.950+0700] {dagbag.py:545} INFO - Filling up the DagBag from /usr/local/lib/python3.10/dist-packages/airflow/example_dags/example_task_group_decorator.py
[2024-07-27T21:54:52.965+0700] {processor.py:840} INFO - DAG(s) 'example_task_group_decorator' retrieved from /usr/local/lib/python3.10/dist-packages/airflow/example_dags/example_task_group_decorator.py
[2024-07-27T21:54:52.989+0700] {logging_mixin.py:188} INFO - [2024-07-27T21:54:52.988+0700] {dag.py:3089} INFO - Sync 1 DAGs
[2024-07-27T21:54:53.006+0700] {logging_mixin.py:188} INFO - [2024-07-27T21:54:53.006+0700] {dag.py:3947} INFO - Setting next_dagrun for example_task_group_decorator to 2024-07-26 00:00:00+00:00, run_after=2024-07-27 00:00:00+00:00
[2024-07-27T21:54:53.037+0700] {processor.py:183} INFO - Processing /usr/local/lib/python3.10/dist-packages/airflow/example_dags/example_task_group_decorator.py took 0.098 seconds
[2024-07-27T21:55:41.671+0700] {processor.py:161} INFO - Started process (PID=16564) to work on /usr/local/lib/python3.10/dist-packages/airflow/example_dags/example_task_group_decorator.py
[2024-07-27T21:55:41.673+0700] {processor.py:830} INFO - Processing file /usr/local/lib/python3.10/dist-packages/airflow/example_dags/example_task_group_decorator.py for tasks to queue
[2024-07-27T21:55:41.674+0700] {logging_mixin.py:188} INFO - [2024-07-27T21:55:41.674+0700] {dagbag.py:545} INFO - Filling up the DagBag from /usr/local/lib/python3.10/dist-packages/airflow/example_dags/example_task_group_decorator.py
[2024-07-27T21:55:41.686+0700] {processor.py:840} INFO - DAG(s) 'example_task_group_decorator' retrieved from /usr/local/lib/python3.10/dist-packages/airflow/example_dags/example_task_group_decorator.py
[2024-07-27T21:55:41.703+0700] {logging_mixin.py:188} INFO - [2024-07-27T21:55:41.702+0700] {dag.py:3089} INFO - Sync 1 DAGs
[2024-07-27T21:55:41.718+0700] {logging_mixin.py:188} INFO - [2024-07-27T21:55:41.718+0700] {dag.py:3947} INFO - Setting next_dagrun for example_task_group_decorator to 2024-07-26 00:00:00+00:00, run_after=2024-07-27 00:00:00+00:00
[2024-07-27T21:55:41.755+0700] {processor.py:183} INFO - Processing /usr/local/lib/python3.10/dist-packages/airflow/example_dags/example_task_group_decorator.py took 0.089 seconds
[2024-07-27T21:58:16.244+0700] {processor.py:161} INFO - Started process (PID=18641) to work on /usr/local/lib/python3.10/dist-packages/airflow/example_dags/example_task_group_decorator.py
[2024-07-27T21:58:16.246+0700] {processor.py:830} INFO - Processing file /usr/local/lib/python3.10/dist-packages/airflow/example_dags/example_task_group_decorator.py for tasks to queue
[2024-07-27T21:58:16.247+0700] {logging_mixin.py:188} INFO - [2024-07-27T21:58:16.247+0700] {dagbag.py:545} INFO - Filling up the DagBag from /usr/local/lib/python3.10/dist-packages/airflow/example_dags/example_task_group_decorator.py
[2024-07-27T21:58:16.258+0700] {processor.py:840} INFO - DAG(s) 'example_task_group_decorator' retrieved from /usr/local/lib/python3.10/dist-packages/airflow/example_dags/example_task_group_decorator.py
[2024-07-27T21:58:16.277+0700] {logging_mixin.py:188} INFO - [2024-07-27T21:58:16.277+0700] {dag.py:3089} INFO - Sync 1 DAGs
[2024-07-27T21:58:16.292+0700] {logging_mixin.py:188} INFO - [2024-07-27T21:58:16.292+0700] {dag.py:3947} INFO - Setting next_dagrun for example_task_group_decorator to 2024-07-26 00:00:00+00:00, run_after=2024-07-27 00:00:00+00:00
[2024-07-27T21:58:16.322+0700] {processor.py:183} INFO - Processing /usr/local/lib/python3.10/dist-packages/airflow/example_dags/example_task_group_decorator.py took 0.083 seconds
[2024-07-27T21:59:06.922+0700] {processor.py:161} INFO - Started process (PID=19042) to work on /usr/local/lib/python3.10/dist-packages/airflow/example_dags/example_task_group_decorator.py
[2024-07-27T21:59:06.925+0700] {processor.py:830} INFO - Processing file /usr/local/lib/python3.10/dist-packages/airflow/example_dags/example_task_group_decorator.py for tasks to queue
[2024-07-27T21:59:06.926+0700] {logging_mixin.py:188} INFO - [2024-07-27T21:59:06.925+0700] {dagbag.py:545} INFO - Filling up the DagBag from /usr/local/lib/python3.10/dist-packages/airflow/example_dags/example_task_group_decorator.py
[2024-07-27T21:59:06.936+0700] {processor.py:840} INFO - DAG(s) 'example_task_group_decorator' retrieved from /usr/local/lib/python3.10/dist-packages/airflow/example_dags/example_task_group_decorator.py
[2024-07-27T21:59:06.952+0700] {logging_mixin.py:188} INFO - [2024-07-27T21:59:06.952+0700] {dag.py:3089} INFO - Sync 1 DAGs
[2024-07-27T21:59:06.966+0700] {logging_mixin.py:188} INFO - [2024-07-27T21:59:06.966+0700] {dag.py:3947} INFO - Setting next_dagrun for example_task_group_decorator to 2024-07-26 00:00:00+00:00, run_after=2024-07-27 00:00:00+00:00
[2024-07-27T21:59:06.989+0700] {processor.py:183} INFO - Processing /usr/local/lib/python3.10/dist-packages/airflow/example_dags/example_task_group_decorator.py took 0.070 seconds
[2024-07-27T21:59:58.694+0700] {processor.py:161} INFO - Started process (PID=19571) to work on /usr/local/lib/python3.10/dist-packages/airflow/example_dags/example_task_group_decorator.py
[2024-07-27T21:59:58.696+0700] {processor.py:830} INFO - Processing file /usr/local/lib/python3.10/dist-packages/airflow/example_dags/example_task_group_decorator.py for tasks to queue
[2024-07-27T21:59:58.698+0700] {logging_mixin.py:188} INFO - [2024-07-27T21:59:58.697+0700] {dagbag.py:545} INFO - Filling up the DagBag from /usr/local/lib/python3.10/dist-packages/airflow/example_dags/example_task_group_decorator.py
[2024-07-27T21:59:58.709+0700] {processor.py:840} INFO - DAG(s) 'example_task_group_decorator' retrieved from /usr/local/lib/python3.10/dist-packages/airflow/example_dags/example_task_group_decorator.py
[2024-07-27T21:59:58.727+0700] {logging_mixin.py:188} INFO - [2024-07-27T21:59:58.727+0700] {dag.py:3089} INFO - Sync 1 DAGs
[2024-07-27T21:59:58.743+0700] {logging_mixin.py:188} INFO - [2024-07-27T21:59:58.743+0700] {dag.py:3947} INFO - Setting next_dagrun for example_task_group_decorator to 2024-07-26 00:00:00+00:00, run_after=2024-07-27 00:00:00+00:00
[2024-07-27T21:59:58.768+0700] {processor.py:183} INFO - Processing /usr/local/lib/python3.10/dist-packages/airflow/example_dags/example_task_group_decorator.py took 0.079 seconds
[2024-07-27T22:00:47.597+0700] {processor.py:161} INFO - Started process (PID=19946) to work on /usr/local/lib/python3.10/dist-packages/airflow/example_dags/example_task_group_decorator.py
[2024-07-27T22:00:47.611+0700] {processor.py:830} INFO - Processing file /usr/local/lib/python3.10/dist-packages/airflow/example_dags/example_task_group_decorator.py for tasks to queue
[2024-07-27T22:00:47.613+0700] {logging_mixin.py:188} INFO - [2024-07-27T22:00:47.612+0700] {dagbag.py:545} INFO - Filling up the DagBag from /usr/local/lib/python3.10/dist-packages/airflow/example_dags/example_task_group_decorator.py
[2024-07-27T22:00:47.656+0700] {processor.py:840} INFO - DAG(s) 'example_task_group_decorator' retrieved from /usr/local/lib/python3.10/dist-packages/airflow/example_dags/example_task_group_decorator.py
[2024-07-27T22:00:47.702+0700] {logging_mixin.py:188} INFO - [2024-07-27T22:00:47.702+0700] {dag.py:3089} INFO - Sync 1 DAGs
[2024-07-27T22:00:47.748+0700] {logging_mixin.py:188} INFO - [2024-07-27T22:00:47.748+0700] {dag.py:3947} INFO - Setting next_dagrun for example_task_group_decorator to 2024-07-26 00:00:00+00:00, run_after=2024-07-27 00:00:00+00:00
[2024-07-27T22:00:48.133+0700] {processor.py:183} INFO - Processing /usr/local/lib/python3.10/dist-packages/airflow/example_dags/example_task_group_decorator.py took 0.545 seconds
[2024-07-27T22:01:38.195+0700] {processor.py:161} INFO - Started process (PID=20339) to work on /usr/local/lib/python3.10/dist-packages/airflow/example_dags/example_task_group_decorator.py
[2024-07-27T22:01:38.199+0700] {processor.py:830} INFO - Processing file /usr/local/lib/python3.10/dist-packages/airflow/example_dags/example_task_group_decorator.py for tasks to queue
[2024-07-27T22:01:38.202+0700] {logging_mixin.py:188} INFO - [2024-07-27T22:01:38.202+0700] {dagbag.py:545} INFO - Filling up the DagBag from /usr/local/lib/python3.10/dist-packages/airflow/example_dags/example_task_group_decorator.py
[2024-07-27T22:01:38.214+0700] {processor.py:840} INFO - DAG(s) 'example_task_group_decorator' retrieved from /usr/local/lib/python3.10/dist-packages/airflow/example_dags/example_task_group_decorator.py
[2024-07-27T22:01:38.233+0700] {logging_mixin.py:188} INFO - [2024-07-27T22:01:38.232+0700] {dag.py:3089} INFO - Sync 1 DAGs
[2024-07-27T22:01:38.250+0700] {logging_mixin.py:188} INFO - [2024-07-27T22:01:38.250+0700] {dag.py:3947} INFO - Setting next_dagrun for example_task_group_decorator to 2024-07-26 00:00:00+00:00, run_after=2024-07-27 00:00:00+00:00
[2024-07-27T22:01:38.275+0700] {processor.py:183} INFO - Processing /usr/local/lib/python3.10/dist-packages/airflow/example_dags/example_task_group_decorator.py took 0.085 seconds
[2024-07-27T22:02:18.306+0700] {processor.py:161} INFO - Started process (PID=20794) to work on /usr/local/lib/python3.10/dist-packages/airflow/example_dags/example_task_group_decorator.py
[2024-07-27T22:02:18.307+0700] {processor.py:830} INFO - Processing file /usr/local/lib/python3.10/dist-packages/airflow/example_dags/example_task_group_decorator.py for tasks to queue
[2024-07-27T22:02:18.309+0700] {logging_mixin.py:188} INFO - [2024-07-27T22:02:18.308+0700] {dagbag.py:545} INFO - Filling up the DagBag from /usr/local/lib/python3.10/dist-packages/airflow/example_dags/example_task_group_decorator.py
[2024-07-27T22:02:18.319+0700] {processor.py:840} INFO - DAG(s) 'example_task_group_decorator' retrieved from /usr/local/lib/python3.10/dist-packages/airflow/example_dags/example_task_group_decorator.py
[2024-07-27T22:02:18.334+0700] {logging_mixin.py:188} INFO - [2024-07-27T22:02:18.334+0700] {dag.py:3089} INFO - Sync 1 DAGs
[2024-07-27T22:02:18.347+0700] {logging_mixin.py:188} INFO - [2024-07-27T22:02:18.347+0700] {dag.py:3947} INFO - Setting next_dagrun for example_task_group_decorator to 2024-07-26 00:00:00+00:00, run_after=2024-07-27 00:00:00+00:00
[2024-07-27T22:02:18.378+0700] {processor.py:183} INFO - Processing /usr/local/lib/python3.10/dist-packages/airflow/example_dags/example_task_group_decorator.py took 0.076 seconds
[2024-07-27T22:03:02.330+0700] {processor.py:161} INFO - Started process (PID=21241) to work on /usr/local/lib/python3.10/dist-packages/airflow/example_dags/example_task_group_decorator.py
[2024-07-27T22:03:02.332+0700] {processor.py:830} INFO - Processing file /usr/local/lib/python3.10/dist-packages/airflow/example_dags/example_task_group_decorator.py for tasks to queue
[2024-07-27T22:03:02.333+0700] {logging_mixin.py:188} INFO - [2024-07-27T22:03:02.332+0700] {dagbag.py:545} INFO - Filling up the DagBag from /usr/local/lib/python3.10/dist-packages/airflow/example_dags/example_task_group_decorator.py
[2024-07-27T22:03:02.343+0700] {processor.py:840} INFO - DAG(s) 'example_task_group_decorator' retrieved from /usr/local/lib/python3.10/dist-packages/airflow/example_dags/example_task_group_decorator.py
[2024-07-27T22:03:02.360+0700] {logging_mixin.py:188} INFO - [2024-07-27T22:03:02.360+0700] {dag.py:3089} INFO - Sync 1 DAGs
[2024-07-27T22:03:02.374+0700] {logging_mixin.py:188} INFO - [2024-07-27T22:03:02.373+0700] {dag.py:3947} INFO - Setting next_dagrun for example_task_group_decorator to 2024-07-26 00:00:00+00:00, run_after=2024-07-27 00:00:00+00:00
[2024-07-27T22:03:02.417+0700] {processor.py:183} INFO - Processing /usr/local/lib/python3.10/dist-packages/airflow/example_dags/example_task_group_decorator.py took 0.091 seconds
[2024-07-27T22:03:46.755+0700] {processor.py:161} INFO - Started process (PID=21586) to work on /usr/local/lib/python3.10/dist-packages/airflow/example_dags/example_task_group_decorator.py
[2024-07-27T22:03:46.757+0700] {processor.py:830} INFO - Processing file /usr/local/lib/python3.10/dist-packages/airflow/example_dags/example_task_group_decorator.py for tasks to queue
[2024-07-27T22:03:46.758+0700] {logging_mixin.py:188} INFO - [2024-07-27T22:03:46.758+0700] {dagbag.py:545} INFO - Filling up the DagBag from /usr/local/lib/python3.10/dist-packages/airflow/example_dags/example_task_group_decorator.py
[2024-07-27T22:03:46.769+0700] {processor.py:840} INFO - DAG(s) 'example_task_group_decorator' retrieved from /usr/local/lib/python3.10/dist-packages/airflow/example_dags/example_task_group_decorator.py
[2024-07-27T22:03:46.785+0700] {logging_mixin.py:188} INFO - [2024-07-27T22:03:46.785+0700] {dag.py:3089} INFO - Sync 1 DAGs
[2024-07-27T22:03:46.799+0700] {logging_mixin.py:188} INFO - [2024-07-27T22:03:46.799+0700] {dag.py:3947} INFO - Setting next_dagrun for example_task_group_decorator to 2024-07-26 00:00:00+00:00, run_after=2024-07-27 00:00:00+00:00
[2024-07-27T22:03:46.828+0700] {processor.py:183} INFO - Processing /usr/local/lib/python3.10/dist-packages/airflow/example_dags/example_task_group_decorator.py took 0.078 seconds
[2024-07-27T22:04:29.765+0700] {processor.py:161} INFO - Started process (PID=22052) to work on /usr/local/lib/python3.10/dist-packages/airflow/example_dags/example_task_group_decorator.py
[2024-07-27T22:04:29.766+0700] {processor.py:830} INFO - Processing file /usr/local/lib/python3.10/dist-packages/airflow/example_dags/example_task_group_decorator.py for tasks to queue
[2024-07-27T22:04:29.767+0700] {logging_mixin.py:188} INFO - [2024-07-27T22:04:29.767+0700] {dagbag.py:545} INFO - Filling up the DagBag from /usr/local/lib/python3.10/dist-packages/airflow/example_dags/example_task_group_decorator.py
[2024-07-27T22:04:29.781+0700] {processor.py:840} INFO - DAG(s) 'example_task_group_decorator' retrieved from /usr/local/lib/python3.10/dist-packages/airflow/example_dags/example_task_group_decorator.py
[2024-07-27T22:04:29.797+0700] {logging_mixin.py:188} INFO - [2024-07-27T22:04:29.797+0700] {dag.py:3089} INFO - Sync 1 DAGs
[2024-07-27T22:04:29.811+0700] {logging_mixin.py:188} INFO - [2024-07-27T22:04:29.810+0700] {dag.py:3947} INFO - Setting next_dagrun for example_task_group_decorator to 2024-07-26 00:00:00+00:00, run_after=2024-07-27 00:00:00+00:00
[2024-07-27T22:04:29.848+0700] {processor.py:183} INFO - Processing /usr/local/lib/python3.10/dist-packages/airflow/example_dags/example_task_group_decorator.py took 0.089 seconds
[2024-07-27T22:05:15.856+0700] {processor.py:161} INFO - Started process (PID=22567) to work on /usr/local/lib/python3.10/dist-packages/airflow/example_dags/example_task_group_decorator.py
[2024-07-27T22:05:15.857+0700] {processor.py:830} INFO - Processing file /usr/local/lib/python3.10/dist-packages/airflow/example_dags/example_task_group_decorator.py for tasks to queue
[2024-07-27T22:05:15.858+0700] {logging_mixin.py:188} INFO - [2024-07-27T22:05:15.858+0700] {dagbag.py:545} INFO - Filling up the DagBag from /usr/local/lib/python3.10/dist-packages/airflow/example_dags/example_task_group_decorator.py
[2024-07-27T22:05:15.869+0700] {processor.py:840} INFO - DAG(s) 'example_task_group_decorator' retrieved from /usr/local/lib/python3.10/dist-packages/airflow/example_dags/example_task_group_decorator.py
[2024-07-27T22:05:15.884+0700] {logging_mixin.py:188} INFO - [2024-07-27T22:05:15.884+0700] {dag.py:3089} INFO - Sync 1 DAGs
[2024-07-27T22:05:15.901+0700] {logging_mixin.py:188} INFO - [2024-07-27T22:05:15.901+0700] {dag.py:3947} INFO - Setting next_dagrun for example_task_group_decorator to 2024-07-26 00:00:00+00:00, run_after=2024-07-27 00:00:00+00:00
[2024-07-27T22:05:15.931+0700] {processor.py:183} INFO - Processing /usr/local/lib/python3.10/dist-packages/airflow/example_dags/example_task_group_decorator.py took 0.079 seconds
[2024-07-27T22:05:56.178+0700] {processor.py:161} INFO - Started process (PID=22945) to work on /usr/local/lib/python3.10/dist-packages/airflow/example_dags/example_task_group_decorator.py
[2024-07-27T22:05:56.181+0700] {processor.py:830} INFO - Processing file /usr/local/lib/python3.10/dist-packages/airflow/example_dags/example_task_group_decorator.py for tasks to queue
[2024-07-27T22:05:56.182+0700] {logging_mixin.py:188} INFO - [2024-07-27T22:05:56.182+0700] {dagbag.py:545} INFO - Filling up the DagBag from /usr/local/lib/python3.10/dist-packages/airflow/example_dags/example_task_group_decorator.py
[2024-07-27T22:05:56.192+0700] {processor.py:840} INFO - DAG(s) 'example_task_group_decorator' retrieved from /usr/local/lib/python3.10/dist-packages/airflow/example_dags/example_task_group_decorator.py
[2024-07-27T22:05:56.207+0700] {logging_mixin.py:188} INFO - [2024-07-27T22:05:56.207+0700] {dag.py:3089} INFO - Sync 1 DAGs
[2024-07-27T22:05:56.221+0700] {logging_mixin.py:188} INFO - [2024-07-27T22:05:56.220+0700] {dag.py:3947} INFO - Setting next_dagrun for example_task_group_decorator to 2024-07-26 00:00:00+00:00, run_after=2024-07-27 00:00:00+00:00
[2024-07-27T22:05:56.251+0700] {processor.py:183} INFO - Processing /usr/local/lib/python3.10/dist-packages/airflow/example_dags/example_task_group_decorator.py took 0.077 seconds
[2024-07-27T22:06:41.546+0700] {processor.py:161} INFO - Started process (PID=23576) to work on /usr/local/lib/python3.10/dist-packages/airflow/example_dags/example_task_group_decorator.py
[2024-07-27T22:06:41.547+0700] {processor.py:830} INFO - Processing file /usr/local/lib/python3.10/dist-packages/airflow/example_dags/example_task_group_decorator.py for tasks to queue
[2024-07-27T22:06:41.548+0700] {logging_mixin.py:188} INFO - [2024-07-27T22:06:41.548+0700] {dagbag.py:545} INFO - Filling up the DagBag from /usr/local/lib/python3.10/dist-packages/airflow/example_dags/example_task_group_decorator.py
[2024-07-27T22:06:41.559+0700] {processor.py:840} INFO - DAG(s) 'example_task_group_decorator' retrieved from /usr/local/lib/python3.10/dist-packages/airflow/example_dags/example_task_group_decorator.py
[2024-07-27T22:06:41.576+0700] {logging_mixin.py:188} INFO - [2024-07-27T22:06:41.576+0700] {dag.py:3089} INFO - Sync 1 DAGs
[2024-07-27T22:06:41.589+0700] {logging_mixin.py:188} INFO - [2024-07-27T22:06:41.589+0700] {dag.py:3947} INFO - Setting next_dagrun for example_task_group_decorator to 2024-07-26 00:00:00+00:00, run_after=2024-07-27 00:00:00+00:00
[2024-07-27T22:06:41.619+0700] {processor.py:183} INFO - Processing /usr/local/lib/python3.10/dist-packages/airflow/example_dags/example_task_group_decorator.py took 0.077 seconds
[2024-07-27T22:07:29.298+0700] {processor.py:161} INFO - Started process (PID=23951) to work on /usr/local/lib/python3.10/dist-packages/airflow/example_dags/example_task_group_decorator.py
[2024-07-27T22:07:29.300+0700] {processor.py:830} INFO - Processing file /usr/local/lib/python3.10/dist-packages/airflow/example_dags/example_task_group_decorator.py for tasks to queue
[2024-07-27T22:07:29.301+0700] {logging_mixin.py:188} INFO - [2024-07-27T22:07:29.301+0700] {dagbag.py:545} INFO - Filling up the DagBag from /usr/local/lib/python3.10/dist-packages/airflow/example_dags/example_task_group_decorator.py
[2024-07-27T22:07:29.313+0700] {processor.py:840} INFO - DAG(s) 'example_task_group_decorator' retrieved from /usr/local/lib/python3.10/dist-packages/airflow/example_dags/example_task_group_decorator.py
[2024-07-27T22:07:29.330+0700] {logging_mixin.py:188} INFO - [2024-07-27T22:07:29.330+0700] {dag.py:3089} INFO - Sync 1 DAGs
[2024-07-27T22:07:29.346+0700] {logging_mixin.py:188} INFO - [2024-07-27T22:07:29.346+0700] {dag.py:3947} INFO - Setting next_dagrun for example_task_group_decorator to 2024-07-26 00:00:00+00:00, run_after=2024-07-27 00:00:00+00:00
[2024-07-27T22:07:29.382+0700] {processor.py:183} INFO - Processing /usr/local/lib/python3.10/dist-packages/airflow/example_dags/example_task_group_decorator.py took 0.091 seconds
[2024-07-27T22:08:12.048+0700] {processor.py:161} INFO - Started process (PID=24419) to work on /usr/local/lib/python3.10/dist-packages/airflow/example_dags/example_task_group_decorator.py
[2024-07-27T22:08:12.051+0700] {processor.py:830} INFO - Processing file /usr/local/lib/python3.10/dist-packages/airflow/example_dags/example_task_group_decorator.py for tasks to queue
[2024-07-27T22:08:12.052+0700] {logging_mixin.py:188} INFO - [2024-07-27T22:08:12.051+0700] {dagbag.py:545} INFO - Filling up the DagBag from /usr/local/lib/python3.10/dist-packages/airflow/example_dags/example_task_group_decorator.py
[2024-07-27T22:08:12.062+0700] {processor.py:840} INFO - DAG(s) 'example_task_group_decorator' retrieved from /usr/local/lib/python3.10/dist-packages/airflow/example_dags/example_task_group_decorator.py
[2024-07-27T22:08:12.078+0700] {logging_mixin.py:188} INFO - [2024-07-27T22:08:12.078+0700] {dag.py:3089} INFO - Sync 1 DAGs
[2024-07-27T22:08:12.091+0700] {logging_mixin.py:188} INFO - [2024-07-27T22:08:12.091+0700] {dag.py:3947} INFO - Setting next_dagrun for example_task_group_decorator to 2024-07-26 00:00:00+00:00, run_after=2024-07-27 00:00:00+00:00
[2024-07-27T22:08:12.119+0700] {processor.py:183} INFO - Processing /usr/local/lib/python3.10/dist-packages/airflow/example_dags/example_task_group_decorator.py took 0.076 seconds
[2024-07-27T22:08:53.419+0700] {processor.py:161} INFO - Started process (PID=24931) to work on /usr/local/lib/python3.10/dist-packages/airflow/example_dags/example_task_group_decorator.py
[2024-07-27T22:08:53.422+0700] {processor.py:830} INFO - Processing file /usr/local/lib/python3.10/dist-packages/airflow/example_dags/example_task_group_decorator.py for tasks to queue
[2024-07-27T22:08:53.422+0700] {logging_mixin.py:188} INFO - [2024-07-27T22:08:53.422+0700] {dagbag.py:545} INFO - Filling up the DagBag from /usr/local/lib/python3.10/dist-packages/airflow/example_dags/example_task_group_decorator.py
[2024-07-27T22:08:53.433+0700] {processor.py:840} INFO - DAG(s) 'example_task_group_decorator' retrieved from /usr/local/lib/python3.10/dist-packages/airflow/example_dags/example_task_group_decorator.py
[2024-07-27T22:08:53.448+0700] {logging_mixin.py:188} INFO - [2024-07-27T22:08:53.448+0700] {dag.py:3089} INFO - Sync 1 DAGs
[2024-07-27T22:08:53.461+0700] {logging_mixin.py:188} INFO - [2024-07-27T22:08:53.460+0700] {dag.py:3947} INFO - Setting next_dagrun for example_task_group_decorator to 2024-07-26 00:00:00+00:00, run_after=2024-07-27 00:00:00+00:00
[2024-07-27T22:08:53.489+0700] {processor.py:183} INFO - Processing /usr/local/lib/python3.10/dist-packages/airflow/example_dags/example_task_group_decorator.py took 0.074 seconds
[2024-07-27T22:09:34.629+0700] {processor.py:161} INFO - Started process (PID=25302) to work on /usr/local/lib/python3.10/dist-packages/airflow/example_dags/example_task_group_decorator.py
[2024-07-27T22:09:34.630+0700] {processor.py:830} INFO - Processing file /usr/local/lib/python3.10/dist-packages/airflow/example_dags/example_task_group_decorator.py for tasks to queue
[2024-07-27T22:09:34.631+0700] {logging_mixin.py:188} INFO - [2024-07-27T22:09:34.631+0700] {dagbag.py:545} INFO - Filling up the DagBag from /usr/local/lib/python3.10/dist-packages/airflow/example_dags/example_task_group_decorator.py
[2024-07-27T22:09:34.642+0700] {processor.py:840} INFO - DAG(s) 'example_task_group_decorator' retrieved from /usr/local/lib/python3.10/dist-packages/airflow/example_dags/example_task_group_decorator.py
[2024-07-27T22:09:34.658+0700] {logging_mixin.py:188} INFO - [2024-07-27T22:09:34.658+0700] {dag.py:3089} INFO - Sync 1 DAGs
[2024-07-27T22:09:34.671+0700] {logging_mixin.py:188} INFO - [2024-07-27T22:09:34.671+0700] {dag.py:3947} INFO - Setting next_dagrun for example_task_group_decorator to 2024-07-26 00:00:00+00:00, run_after=2024-07-27 00:00:00+00:00
[2024-07-27T22:09:34.699+0700] {processor.py:183} INFO - Processing /usr/local/lib/python3.10/dist-packages/airflow/example_dags/example_task_group_decorator.py took 0.074 seconds
[2024-07-27T22:10:18.395+0700] {processor.py:161} INFO - Started process (PID=25662) to work on /usr/local/lib/python3.10/dist-packages/airflow/example_dags/example_task_group_decorator.py
[2024-07-27T22:10:18.397+0700] {processor.py:830} INFO - Processing file /usr/local/lib/python3.10/dist-packages/airflow/example_dags/example_task_group_decorator.py for tasks to queue
[2024-07-27T22:10:18.398+0700] {logging_mixin.py:188} INFO - [2024-07-27T22:10:18.398+0700] {dagbag.py:545} INFO - Filling up the DagBag from /usr/local/lib/python3.10/dist-packages/airflow/example_dags/example_task_group_decorator.py
[2024-07-27T22:10:18.408+0700] {processor.py:840} INFO - DAG(s) 'example_task_group_decorator' retrieved from /usr/local/lib/python3.10/dist-packages/airflow/example_dags/example_task_group_decorator.py
[2024-07-27T22:10:18.423+0700] {logging_mixin.py:188} INFO - [2024-07-27T22:10:18.423+0700] {dag.py:3089} INFO - Sync 1 DAGs
[2024-07-27T22:10:18.436+0700] {logging_mixin.py:188} INFO - [2024-07-27T22:10:18.435+0700] {dag.py:3947} INFO - Setting next_dagrun for example_task_group_decorator to 2024-07-26 00:00:00+00:00, run_after=2024-07-27 00:00:00+00:00
[2024-07-27T22:10:18.468+0700] {processor.py:183} INFO - Processing /usr/local/lib/python3.10/dist-packages/airflow/example_dags/example_task_group_decorator.py took 0.077 seconds
