[2024-07-27T18:29:39.274+0700] {processor.py:161} INFO - Started process (PID=1380) to work on /usr/local/lib/python3.10/dist-packages/airflow/example_dags/example_short_circuit_operator.py
[2024-07-27T18:29:39.275+0700] {processor.py:830} INFO - Processing file /usr/local/lib/python3.10/dist-packages/airflow/example_dags/example_short_circuit_operator.py for tasks to queue
[2024-07-27T18:29:39.276+0700] {logging_mixin.py:188} INFO - [2024-07-27T18:29:39.276+0700] {dagbag.py:545} INFO - Filling up the DagBag from /usr/local/lib/python3.10/dist-packages/airflow/example_dags/example_short_circuit_operator.py
[2024-07-27T18:29:39.284+0700] {processor.py:840} INFO - DAG(s) 'example_short_circuit_operator' retrieved from /usr/local/lib/python3.10/dist-packages/airflow/example_dags/example_short_circuit_operator.py
[2024-07-27T18:29:39.303+0700] {logging_mixin.py:188} INFO - [2024-07-27T18:29:39.303+0700] {dag.py:3089} INFO - Sync 1 DAGs
[2024-07-27T18:29:39.319+0700] {logging_mixin.py:188} INFO - [2024-07-27T18:29:39.319+0700] {dag.py:3947} INFO - Setting next_dagrun for example_short_circuit_operator to 2024-07-26 00:00:00+00:00, run_after=2024-07-27 00:00:00+00:00
[2024-07-27T18:29:39.351+0700] {processor.py:183} INFO - Processing /usr/local/lib/python3.10/dist-packages/airflow/example_dags/example_short_circuit_operator.py took 0.082 seconds
[2024-07-27T18:30:27.591+0700] {processor.py:161} INFO - Started process (PID=1628) to work on /usr/local/lib/python3.10/dist-packages/airflow/example_dags/example_short_circuit_operator.py
[2024-07-27T18:30:27.592+0700] {processor.py:830} INFO - Processing file /usr/local/lib/python3.10/dist-packages/airflow/example_dags/example_short_circuit_operator.py for tasks to queue
[2024-07-27T18:30:27.593+0700] {logging_mixin.py:188} INFO - [2024-07-27T18:30:27.593+0700] {dagbag.py:545} INFO - Filling up the DagBag from /usr/local/lib/python3.10/dist-packages/airflow/example_dags/example_short_circuit_operator.py
[2024-07-27T18:30:27.599+0700] {processor.py:840} INFO - DAG(s) 'example_short_circuit_operator' retrieved from /usr/local/lib/python3.10/dist-packages/airflow/example_dags/example_short_circuit_operator.py
[2024-07-27T18:30:27.613+0700] {logging_mixin.py:188} INFO - [2024-07-27T18:30:27.612+0700] {dag.py:3089} INFO - Sync 1 DAGs
[2024-07-27T18:30:27.627+0700] {logging_mixin.py:188} INFO - [2024-07-27T18:30:27.627+0700] {dag.py:3947} INFO - Setting next_dagrun for example_short_circuit_operator to 2024-07-26 00:00:00+00:00, run_after=2024-07-27 00:00:00+00:00
[2024-07-27T18:30:27.659+0700] {processor.py:183} INFO - Processing /usr/local/lib/python3.10/dist-packages/airflow/example_dags/example_short_circuit_operator.py took 0.073 seconds
[2024-07-27T21:32:07.036+0700] {processor.py:161} INFO - Started process (PID=1652) to work on /usr/local/lib/python3.10/dist-packages/airflow/example_dags/example_short_circuit_operator.py
[2024-07-27T21:32:07.038+0700] {processor.py:830} INFO - Processing file /usr/local/lib/python3.10/dist-packages/airflow/example_dags/example_short_circuit_operator.py for tasks to queue
[2024-07-27T21:32:07.039+0700] {logging_mixin.py:188} INFO - [2024-07-27T21:32:07.039+0700] {dagbag.py:545} INFO - Filling up the DagBag from /usr/local/lib/python3.10/dist-packages/airflow/example_dags/example_short_circuit_operator.py
[2024-07-27T21:32:07.047+0700] {processor.py:840} INFO - DAG(s) 'example_short_circuit_operator' retrieved from /usr/local/lib/python3.10/dist-packages/airflow/example_dags/example_short_circuit_operator.py
[2024-07-27T21:32:07.072+0700] {logging_mixin.py:188} INFO - [2024-07-27T21:32:07.071+0700] {dag.py:3089} INFO - Sync 1 DAGs
[2024-07-27T21:32:07.100+0700] {logging_mixin.py:188} INFO - [2024-07-27T21:32:07.099+0700] {dag.py:3947} INFO - Setting next_dagrun for example_short_circuit_operator to 2024-07-26 00:00:00+00:00, run_after=2024-07-27 00:00:00+00:00
[2024-07-27T21:32:07.141+0700] {processor.py:183} INFO - Processing /usr/local/lib/python3.10/dist-packages/airflow/example_dags/example_short_circuit_operator.py took 0.109 seconds
[2024-07-27T21:32:56.570+0700] {processor.py:161} INFO - Started process (PID=2043) to work on /usr/local/lib/python3.10/dist-packages/airflow/example_dags/example_short_circuit_operator.py
[2024-07-27T21:32:56.571+0700] {processor.py:830} INFO - Processing file /usr/local/lib/python3.10/dist-packages/airflow/example_dags/example_short_circuit_operator.py for tasks to queue
[2024-07-27T21:32:56.572+0700] {logging_mixin.py:188} INFO - [2024-07-27T21:32:56.572+0700] {dagbag.py:545} INFO - Filling up the DagBag from /usr/local/lib/python3.10/dist-packages/airflow/example_dags/example_short_circuit_operator.py
[2024-07-27T21:32:56.578+0700] {processor.py:840} INFO - DAG(s) 'example_short_circuit_operator' retrieved from /usr/local/lib/python3.10/dist-packages/airflow/example_dags/example_short_circuit_operator.py
[2024-07-27T21:32:56.591+0700] {logging_mixin.py:188} INFO - [2024-07-27T21:32:56.591+0700] {dag.py:3089} INFO - Sync 1 DAGs
[2024-07-27T21:32:56.606+0700] {logging_mixin.py:188} INFO - [2024-07-27T21:32:56.606+0700] {dag.py:3947} INFO - Setting next_dagrun for example_short_circuit_operator to 2024-07-26 00:00:00+00:00, run_after=2024-07-27 00:00:00+00:00
[2024-07-27T21:32:56.642+0700] {processor.py:183} INFO - Processing /usr/local/lib/python3.10/dist-packages/airflow/example_dags/example_short_circuit_operator.py took 0.076 seconds
[2024-07-27T21:33:42.145+0700] {processor.py:161} INFO - Started process (PID=2705) to work on /usr/local/lib/python3.10/dist-packages/airflow/example_dags/example_short_circuit_operator.py
[2024-07-27T21:33:42.152+0700] {processor.py:830} INFO - Processing file /usr/local/lib/python3.10/dist-packages/airflow/example_dags/example_short_circuit_operator.py for tasks to queue
[2024-07-27T21:33:42.153+0700] {logging_mixin.py:188} INFO - [2024-07-27T21:33:42.153+0700] {dagbag.py:545} INFO - Filling up the DagBag from /usr/local/lib/python3.10/dist-packages/airflow/example_dags/example_short_circuit_operator.py
[2024-07-27T21:33:42.170+0700] {processor.py:840} INFO - DAG(s) 'example_short_circuit_operator' retrieved from /usr/local/lib/python3.10/dist-packages/airflow/example_dags/example_short_circuit_operator.py
[2024-07-27T21:33:42.202+0700] {logging_mixin.py:188} INFO - [2024-07-27T21:33:42.200+0700] {dag.py:3089} INFO - Sync 1 DAGs
[2024-07-27T21:33:42.501+0700] {logging_mixin.py:188} INFO - [2024-07-27T21:33:42.500+0700] {dag.py:3947} INFO - Setting next_dagrun for example_short_circuit_operator to 2024-07-26 00:00:00+00:00, run_after=2024-07-27 00:00:00+00:00
[2024-07-27T21:33:42.555+0700] {processor.py:183} INFO - Processing /usr/local/lib/python3.10/dist-packages/airflow/example_dags/example_short_circuit_operator.py took 0.419 seconds
[2024-07-27T21:34:31.774+0700] {processor.py:161} INFO - Started process (PID=3120) to work on /usr/local/lib/python3.10/dist-packages/airflow/example_dags/example_short_circuit_operator.py
[2024-07-27T21:34:31.777+0700] {processor.py:830} INFO - Processing file /usr/local/lib/python3.10/dist-packages/airflow/example_dags/example_short_circuit_operator.py for tasks to queue
[2024-07-27T21:34:31.778+0700] {logging_mixin.py:188} INFO - [2024-07-27T21:34:31.778+0700] {dagbag.py:545} INFO - Filling up the DagBag from /usr/local/lib/python3.10/dist-packages/airflow/example_dags/example_short_circuit_operator.py
[2024-07-27T21:34:31.784+0700] {processor.py:840} INFO - DAG(s) 'example_short_circuit_operator' retrieved from /usr/local/lib/python3.10/dist-packages/airflow/example_dags/example_short_circuit_operator.py
[2024-07-27T21:34:31.797+0700] {logging_mixin.py:188} INFO - [2024-07-27T21:34:31.797+0700] {dag.py:3089} INFO - Sync 1 DAGs
[2024-07-27T21:34:31.813+0700] {logging_mixin.py:188} INFO - [2024-07-27T21:34:31.813+0700] {dag.py:3947} INFO - Setting next_dagrun for example_short_circuit_operator to 2024-07-26 00:00:00+00:00, run_after=2024-07-27 00:00:00+00:00
[2024-07-27T21:34:31.844+0700] {processor.py:183} INFO - Processing /usr/local/lib/python3.10/dist-packages/airflow/example_dags/example_short_circuit_operator.py took 0.074 seconds
[2024-07-27T21:35:15.775+0700] {processor.py:161} INFO - Started process (PID=3481) to work on /usr/local/lib/python3.10/dist-packages/airflow/example_dags/example_short_circuit_operator.py
[2024-07-27T21:35:15.776+0700] {processor.py:830} INFO - Processing file /usr/local/lib/python3.10/dist-packages/airflow/example_dags/example_short_circuit_operator.py for tasks to queue
[2024-07-27T21:35:15.777+0700] {logging_mixin.py:188} INFO - [2024-07-27T21:35:15.777+0700] {dagbag.py:545} INFO - Filling up the DagBag from /usr/local/lib/python3.10/dist-packages/airflow/example_dags/example_short_circuit_operator.py
[2024-07-27T21:35:15.783+0700] {processor.py:840} INFO - DAG(s) 'example_short_circuit_operator' retrieved from /usr/local/lib/python3.10/dist-packages/airflow/example_dags/example_short_circuit_operator.py
[2024-07-27T21:35:15.797+0700] {logging_mixin.py:188} INFO - [2024-07-27T21:35:15.797+0700] {dag.py:3089} INFO - Sync 1 DAGs
[2024-07-27T21:35:15.813+0700] {logging_mixin.py:188} INFO - [2024-07-27T21:35:15.813+0700] {dag.py:3947} INFO - Setting next_dagrun for example_short_circuit_operator to 2024-07-26 00:00:00+00:00, run_after=2024-07-27 00:00:00+00:00
[2024-07-27T21:35:15.850+0700] {processor.py:183} INFO - Processing /usr/local/lib/python3.10/dist-packages/airflow/example_dags/example_short_circuit_operator.py took 0.080 seconds
[2024-07-27T21:35:58.690+0700] {processor.py:161} INFO - Started process (PID=3830) to work on /usr/local/lib/python3.10/dist-packages/airflow/example_dags/example_short_circuit_operator.py
[2024-07-27T21:35:58.692+0700] {processor.py:830} INFO - Processing file /usr/local/lib/python3.10/dist-packages/airflow/example_dags/example_short_circuit_operator.py for tasks to queue
[2024-07-27T21:35:58.694+0700] {logging_mixin.py:188} INFO - [2024-07-27T21:35:58.693+0700] {dagbag.py:545} INFO - Filling up the DagBag from /usr/local/lib/python3.10/dist-packages/airflow/example_dags/example_short_circuit_operator.py
[2024-07-27T21:35:58.702+0700] {processor.py:840} INFO - DAG(s) 'example_short_circuit_operator' retrieved from /usr/local/lib/python3.10/dist-packages/airflow/example_dags/example_short_circuit_operator.py
[2024-07-27T21:35:58.720+0700] {logging_mixin.py:188} INFO - [2024-07-27T21:35:58.720+0700] {dag.py:3089} INFO - Sync 1 DAGs
[2024-07-27T21:35:58.738+0700] {logging_mixin.py:188} INFO - [2024-07-27T21:35:58.738+0700] {dag.py:3947} INFO - Setting next_dagrun for example_short_circuit_operator to 2024-07-26 00:00:00+00:00, run_after=2024-07-27 00:00:00+00:00
[2024-07-27T21:35:58.769+0700] {processor.py:183} INFO - Processing /usr/local/lib/python3.10/dist-packages/airflow/example_dags/example_short_circuit_operator.py took 0.084 seconds
[2024-07-27T21:36:41.306+0700] {processor.py:161} INFO - Started process (PID=4225) to work on /usr/local/lib/python3.10/dist-packages/airflow/example_dags/example_short_circuit_operator.py
[2024-07-27T21:36:41.309+0700] {processor.py:830} INFO - Processing file /usr/local/lib/python3.10/dist-packages/airflow/example_dags/example_short_circuit_operator.py for tasks to queue
[2024-07-27T21:36:41.310+0700] {logging_mixin.py:188} INFO - [2024-07-27T21:36:41.310+0700] {dagbag.py:545} INFO - Filling up the DagBag from /usr/local/lib/python3.10/dist-packages/airflow/example_dags/example_short_circuit_operator.py
[2024-07-27T21:36:41.316+0700] {processor.py:840} INFO - DAG(s) 'example_short_circuit_operator' retrieved from /usr/local/lib/python3.10/dist-packages/airflow/example_dags/example_short_circuit_operator.py
[2024-07-27T21:36:41.330+0700] {logging_mixin.py:188} INFO - [2024-07-27T21:36:41.329+0700] {dag.py:3089} INFO - Sync 1 DAGs
[2024-07-27T21:36:41.346+0700] {logging_mixin.py:188} INFO - [2024-07-27T21:36:41.346+0700] {dag.py:3947} INFO - Setting next_dagrun for example_short_circuit_operator to 2024-07-26 00:00:00+00:00, run_after=2024-07-27 00:00:00+00:00
[2024-07-27T21:36:41.378+0700] {processor.py:183} INFO - Processing /usr/local/lib/python3.10/dist-packages/airflow/example_dags/example_short_circuit_operator.py took 0.077 seconds
[2024-07-27T21:37:32.792+0700] {processor.py:161} INFO - Started process (PID=4661) to work on /usr/local/lib/python3.10/dist-packages/airflow/example_dags/example_short_circuit_operator.py
[2024-07-27T21:37:32.795+0700] {processor.py:830} INFO - Processing file /usr/local/lib/python3.10/dist-packages/airflow/example_dags/example_short_circuit_operator.py for tasks to queue
[2024-07-27T21:37:32.797+0700] {logging_mixin.py:188} INFO - [2024-07-27T21:37:32.796+0700] {dagbag.py:545} INFO - Filling up the DagBag from /usr/local/lib/python3.10/dist-packages/airflow/example_dags/example_short_circuit_operator.py
[2024-07-27T21:37:32.803+0700] {processor.py:840} INFO - DAG(s) 'example_short_circuit_operator' retrieved from /usr/local/lib/python3.10/dist-packages/airflow/example_dags/example_short_circuit_operator.py
[2024-07-27T21:37:32.825+0700] {logging_mixin.py:188} INFO - [2024-07-27T21:37:32.825+0700] {dag.py:3089} INFO - Sync 1 DAGs
[2024-07-27T21:37:32.848+0700] {logging_mixin.py:188} INFO - [2024-07-27T21:37:32.848+0700] {dag.py:3947} INFO - Setting next_dagrun for example_short_circuit_operator to 2024-07-26 00:00:00+00:00, run_after=2024-07-27 00:00:00+00:00
[2024-07-27T21:37:32.887+0700] {processor.py:183} INFO - Processing /usr/local/lib/python3.10/dist-packages/airflow/example_dags/example_short_circuit_operator.py took 0.099 seconds
[2024-07-27T21:38:17.493+0700] {processor.py:161} INFO - Started process (PID=5013) to work on /usr/local/lib/python3.10/dist-packages/airflow/example_dags/example_short_circuit_operator.py
[2024-07-27T21:38:17.495+0700] {processor.py:830} INFO - Processing file /usr/local/lib/python3.10/dist-packages/airflow/example_dags/example_short_circuit_operator.py for tasks to queue
[2024-07-27T21:38:17.496+0700] {logging_mixin.py:188} INFO - [2024-07-27T21:38:17.496+0700] {dagbag.py:545} INFO - Filling up the DagBag from /usr/local/lib/python3.10/dist-packages/airflow/example_dags/example_short_circuit_operator.py
[2024-07-27T21:38:17.502+0700] {processor.py:840} INFO - DAG(s) 'example_short_circuit_operator' retrieved from /usr/local/lib/python3.10/dist-packages/airflow/example_dags/example_short_circuit_operator.py
[2024-07-27T21:38:17.521+0700] {logging_mixin.py:188} INFO - [2024-07-27T21:38:17.520+0700] {dag.py:3089} INFO - Sync 1 DAGs
[2024-07-27T21:38:17.544+0700] {logging_mixin.py:188} INFO - [2024-07-27T21:38:17.544+0700] {dag.py:3947} INFO - Setting next_dagrun for example_short_circuit_operator to 2024-07-26 00:00:00+00:00, run_after=2024-07-27 00:00:00+00:00
[2024-07-27T21:38:17.579+0700] {processor.py:183} INFO - Processing /usr/local/lib/python3.10/dist-packages/airflow/example_dags/example_short_circuit_operator.py took 0.093 seconds
[2024-07-27T21:39:07.031+0700] {processor.py:161} INFO - Started process (PID=5405) to work on /usr/local/lib/python3.10/dist-packages/airflow/example_dags/example_short_circuit_operator.py
[2024-07-27T21:39:07.035+0700] {processor.py:830} INFO - Processing file /usr/local/lib/python3.10/dist-packages/airflow/example_dags/example_short_circuit_operator.py for tasks to queue
[2024-07-27T21:39:07.036+0700] {logging_mixin.py:188} INFO - [2024-07-27T21:39:07.036+0700] {dagbag.py:545} INFO - Filling up the DagBag from /usr/local/lib/python3.10/dist-packages/airflow/example_dags/example_short_circuit_operator.py
[2024-07-27T21:39:07.044+0700] {processor.py:840} INFO - DAG(s) 'example_short_circuit_operator' retrieved from /usr/local/lib/python3.10/dist-packages/airflow/example_dags/example_short_circuit_operator.py
[2024-07-27T21:39:07.073+0700] {logging_mixin.py:188} INFO - [2024-07-27T21:39:07.073+0700] {dag.py:3089} INFO - Sync 1 DAGs
[2024-07-27T21:39:07.093+0700] {logging_mixin.py:188} INFO - [2024-07-27T21:39:07.093+0700] {dag.py:3947} INFO - Setting next_dagrun for example_short_circuit_operator to 2024-07-26 00:00:00+00:00, run_after=2024-07-27 00:00:00+00:00
[2024-07-27T21:39:07.128+0700] {processor.py:183} INFO - Processing /usr/local/lib/python3.10/dist-packages/airflow/example_dags/example_short_circuit_operator.py took 0.111 seconds
[2024-07-27T21:39:50.539+0700] {processor.py:161} INFO - Started process (PID=5993) to work on /usr/local/lib/python3.10/dist-packages/airflow/example_dags/example_short_circuit_operator.py
[2024-07-27T21:39:50.540+0700] {processor.py:830} INFO - Processing file /usr/local/lib/python3.10/dist-packages/airflow/example_dags/example_short_circuit_operator.py for tasks to queue
[2024-07-27T21:39:50.542+0700] {logging_mixin.py:188} INFO - [2024-07-27T21:39:50.541+0700] {dagbag.py:545} INFO - Filling up the DagBag from /usr/local/lib/python3.10/dist-packages/airflow/example_dags/example_short_circuit_operator.py
[2024-07-27T21:39:50.549+0700] {processor.py:840} INFO - DAG(s) 'example_short_circuit_operator' retrieved from /usr/local/lib/python3.10/dist-packages/airflow/example_dags/example_short_circuit_operator.py
[2024-07-27T21:39:50.563+0700] {logging_mixin.py:188} INFO - [2024-07-27T21:39:50.563+0700] {dag.py:3089} INFO - Sync 1 DAGs
[2024-07-27T21:39:50.581+0700] {logging_mixin.py:188} INFO - [2024-07-27T21:39:50.581+0700] {dag.py:3947} INFO - Setting next_dagrun for example_short_circuit_operator to 2024-07-26 00:00:00+00:00, run_after=2024-07-27 00:00:00+00:00
[2024-07-27T21:39:50.612+0700] {processor.py:183} INFO - Processing /usr/local/lib/python3.10/dist-packages/airflow/example_dags/example_short_circuit_operator.py took 0.079 seconds
[2024-07-27T21:40:31.035+0700] {processor.py:161} INFO - Started process (PID=6453) to work on /usr/local/lib/python3.10/dist-packages/airflow/example_dags/example_short_circuit_operator.py
[2024-07-27T21:40:31.038+0700] {processor.py:830} INFO - Processing file /usr/local/lib/python3.10/dist-packages/airflow/example_dags/example_short_circuit_operator.py for tasks to queue
[2024-07-27T21:40:31.038+0700] {logging_mixin.py:188} INFO - [2024-07-27T21:40:31.038+0700] {dagbag.py:545} INFO - Filling up the DagBag from /usr/local/lib/python3.10/dist-packages/airflow/example_dags/example_short_circuit_operator.py
[2024-07-27T21:40:31.044+0700] {processor.py:840} INFO - DAG(s) 'example_short_circuit_operator' retrieved from /usr/local/lib/python3.10/dist-packages/airflow/example_dags/example_short_circuit_operator.py
[2024-07-27T21:40:31.058+0700] {logging_mixin.py:188} INFO - [2024-07-27T21:40:31.058+0700] {dag.py:3089} INFO - Sync 1 DAGs
[2024-07-27T21:40:31.073+0700] {logging_mixin.py:188} INFO - [2024-07-27T21:40:31.073+0700] {dag.py:3947} INFO - Setting next_dagrun for example_short_circuit_operator to 2024-07-26 00:00:00+00:00, run_after=2024-07-27 00:00:00+00:00
[2024-07-27T21:40:31.104+0700] {processor.py:183} INFO - Processing /usr/local/lib/python3.10/dist-packages/airflow/example_dags/example_short_circuit_operator.py took 0.073 seconds
[2024-07-27T21:41:13.681+0700] {processor.py:161} INFO - Started process (PID=6822) to work on /usr/local/lib/python3.10/dist-packages/airflow/example_dags/example_short_circuit_operator.py
[2024-07-27T21:41:13.684+0700] {processor.py:830} INFO - Processing file /usr/local/lib/python3.10/dist-packages/airflow/example_dags/example_short_circuit_operator.py for tasks to queue
[2024-07-27T21:41:13.685+0700] {logging_mixin.py:188} INFO - [2024-07-27T21:41:13.684+0700] {dagbag.py:545} INFO - Filling up the DagBag from /usr/local/lib/python3.10/dist-packages/airflow/example_dags/example_short_circuit_operator.py
[2024-07-27T21:41:13.692+0700] {processor.py:840} INFO - DAG(s) 'example_short_circuit_operator' retrieved from /usr/local/lib/python3.10/dist-packages/airflow/example_dags/example_short_circuit_operator.py
[2024-07-27T21:41:13.705+0700] {logging_mixin.py:188} INFO - [2024-07-27T21:41:13.705+0700] {dag.py:3089} INFO - Sync 1 DAGs
[2024-07-27T21:41:13.721+0700] {logging_mixin.py:188} INFO - [2024-07-27T21:41:13.720+0700] {dag.py:3947} INFO - Setting next_dagrun for example_short_circuit_operator to 2024-07-26 00:00:00+00:00, run_after=2024-07-27 00:00:00+00:00
[2024-07-27T21:41:13.751+0700] {processor.py:183} INFO - Processing /usr/local/lib/python3.10/dist-packages/airflow/example_dags/example_short_circuit_operator.py took 0.074 seconds
[2024-07-27T21:44:22.016+0700] {processor.py:161} INFO - Started process (PID=9343) to work on /usr/local/lib/python3.10/dist-packages/airflow/example_dags/example_short_circuit_operator.py
[2024-07-27T21:44:22.017+0700] {processor.py:830} INFO - Processing file /usr/local/lib/python3.10/dist-packages/airflow/example_dags/example_short_circuit_operator.py for tasks to queue
[2024-07-27T21:44:22.018+0700] {logging_mixin.py:188} INFO - [2024-07-27T21:44:22.018+0700] {dagbag.py:545} INFO - Filling up the DagBag from /usr/local/lib/python3.10/dist-packages/airflow/example_dags/example_short_circuit_operator.py
[2024-07-27T21:44:22.022+0700] {processor.py:840} INFO - DAG(s) 'example_short_circuit_operator' retrieved from /usr/local/lib/python3.10/dist-packages/airflow/example_dags/example_short_circuit_operator.py
[2024-07-27T21:44:22.042+0700] {logging_mixin.py:188} INFO - [2024-07-27T21:44:22.041+0700] {dag.py:3089} INFO - Sync 1 DAGs
[2024-07-27T21:44:22.056+0700] {logging_mixin.py:188} INFO - [2024-07-27T21:44:22.056+0700] {dag.py:3947} INFO - Setting next_dagrun for example_short_circuit_operator to 2024-07-26 00:00:00+00:00, run_after=2024-07-27 00:00:00+00:00
[2024-07-27T21:44:22.086+0700] {processor.py:183} INFO - Processing /usr/local/lib/python3.10/dist-packages/airflow/example_dags/example_short_circuit_operator.py took 0.074 seconds
[2024-07-27T21:45:12.508+0700] {processor.py:161} INFO - Started process (PID=9808) to work on /usr/local/lib/python3.10/dist-packages/airflow/example_dags/example_short_circuit_operator.py
[2024-07-27T21:45:12.511+0700] {processor.py:830} INFO - Processing file /usr/local/lib/python3.10/dist-packages/airflow/example_dags/example_short_circuit_operator.py for tasks to queue
[2024-07-27T21:45:12.512+0700] {logging_mixin.py:188} INFO - [2024-07-27T21:45:12.511+0700] {dagbag.py:545} INFO - Filling up the DagBag from /usr/local/lib/python3.10/dist-packages/airflow/example_dags/example_short_circuit_operator.py
[2024-07-27T21:45:12.517+0700] {processor.py:840} INFO - DAG(s) 'example_short_circuit_operator' retrieved from /usr/local/lib/python3.10/dist-packages/airflow/example_dags/example_short_circuit_operator.py
[2024-07-27T21:45:12.531+0700] {logging_mixin.py:188} INFO - [2024-07-27T21:45:12.531+0700] {dag.py:3089} INFO - Sync 1 DAGs
[2024-07-27T21:45:12.544+0700] {logging_mixin.py:188} INFO - [2024-07-27T21:45:12.544+0700] {dag.py:3947} INFO - Setting next_dagrun for example_short_circuit_operator to 2024-07-26 00:00:00+00:00, run_after=2024-07-27 00:00:00+00:00
[2024-07-27T21:45:12.572+0700] {processor.py:183} INFO - Processing /usr/local/lib/python3.10/dist-packages/airflow/example_dags/example_short_circuit_operator.py took 0.068 seconds
[2024-07-27T21:48:20.147+0700] {processor.py:161} INFO - Started process (PID=11855) to work on /usr/local/lib/python3.10/dist-packages/airflow/example_dags/example_short_circuit_operator.py
[2024-07-27T21:48:20.149+0700] {processor.py:830} INFO - Processing file /usr/local/lib/python3.10/dist-packages/airflow/example_dags/example_short_circuit_operator.py for tasks to queue
[2024-07-27T21:48:20.150+0700] {logging_mixin.py:188} INFO - [2024-07-27T21:48:20.150+0700] {dagbag.py:545} INFO - Filling up the DagBag from /usr/local/lib/python3.10/dist-packages/airflow/example_dags/example_short_circuit_operator.py
[2024-07-27T21:48:20.157+0700] {processor.py:840} INFO - DAG(s) 'example_short_circuit_operator' retrieved from /usr/local/lib/python3.10/dist-packages/airflow/example_dags/example_short_circuit_operator.py
[2024-07-27T21:48:20.176+0700] {logging_mixin.py:188} INFO - [2024-07-27T21:48:20.176+0700] {dag.py:3089} INFO - Sync 1 DAGs
[2024-07-27T21:48:20.188+0700] {logging_mixin.py:188} INFO - [2024-07-27T21:48:20.188+0700] {dag.py:3947} INFO - Setting next_dagrun for example_short_circuit_operator to 2024-07-26 00:00:00+00:00, run_after=2024-07-27 00:00:00+00:00
[2024-07-27T21:48:20.216+0700] {processor.py:183} INFO - Processing /usr/local/lib/python3.10/dist-packages/airflow/example_dags/example_short_circuit_operator.py took 0.075 seconds
[2024-07-27T21:49:08.389+0700] {processor.py:161} INFO - Started process (PID=12304) to work on /usr/local/lib/python3.10/dist-packages/airflow/example_dags/example_short_circuit_operator.py
[2024-07-27T21:49:08.391+0700] {processor.py:830} INFO - Processing file /usr/local/lib/python3.10/dist-packages/airflow/example_dags/example_short_circuit_operator.py for tasks to queue
[2024-07-27T21:49:08.392+0700] {logging_mixin.py:188} INFO - [2024-07-27T21:49:08.392+0700] {dagbag.py:545} INFO - Filling up the DagBag from /usr/local/lib/python3.10/dist-packages/airflow/example_dags/example_short_circuit_operator.py
[2024-07-27T21:49:08.399+0700] {processor.py:840} INFO - DAG(s) 'example_short_circuit_operator' retrieved from /usr/local/lib/python3.10/dist-packages/airflow/example_dags/example_short_circuit_operator.py
[2024-07-27T21:49:08.415+0700] {logging_mixin.py:188} INFO - [2024-07-27T21:49:08.415+0700] {dag.py:3089} INFO - Sync 1 DAGs
[2024-07-27T21:49:08.430+0700] {logging_mixin.py:188} INFO - [2024-07-27T21:49:08.429+0700] {dag.py:3947} INFO - Setting next_dagrun for example_short_circuit_operator to 2024-07-26 00:00:00+00:00, run_after=2024-07-27 00:00:00+00:00
[2024-07-27T21:49:08.462+0700] {processor.py:183} INFO - Processing /usr/local/lib/python3.10/dist-packages/airflow/example_dags/example_short_circuit_operator.py took 0.080 seconds
[2024-07-27T21:50:00.249+0700] {processor.py:161} INFO - Started process (PID=12768) to work on /usr/local/lib/python3.10/dist-packages/airflow/example_dags/example_short_circuit_operator.py
[2024-07-27T21:50:00.250+0700] {processor.py:830} INFO - Processing file /usr/local/lib/python3.10/dist-packages/airflow/example_dags/example_short_circuit_operator.py for tasks to queue
[2024-07-27T21:50:00.252+0700] {logging_mixin.py:188} INFO - [2024-07-27T21:50:00.251+0700] {dagbag.py:545} INFO - Filling up the DagBag from /usr/local/lib/python3.10/dist-packages/airflow/example_dags/example_short_circuit_operator.py
[2024-07-27T21:50:00.256+0700] {processor.py:840} INFO - DAG(s) 'example_short_circuit_operator' retrieved from /usr/local/lib/python3.10/dist-packages/airflow/example_dags/example_short_circuit_operator.py
[2024-07-27T21:50:00.271+0700] {logging_mixin.py:188} INFO - [2024-07-27T21:50:00.271+0700] {dag.py:3089} INFO - Sync 1 DAGs
[2024-07-27T21:50:00.285+0700] {logging_mixin.py:188} INFO - [2024-07-27T21:50:00.285+0700] {dag.py:3947} INFO - Setting next_dagrun for example_short_circuit_operator to 2024-07-26 00:00:00+00:00, run_after=2024-07-27 00:00:00+00:00
[2024-07-27T21:50:00.316+0700] {processor.py:183} INFO - Processing /usr/local/lib/python3.10/dist-packages/airflow/example_dags/example_short_circuit_operator.py took 0.072 seconds
[2024-07-27T21:50:38.948+0700] {processor.py:161} INFO - Started process (PID=13272) to work on /usr/local/lib/python3.10/dist-packages/airflow/example_dags/example_short_circuit_operator.py
[2024-07-27T21:50:38.952+0700] {processor.py:830} INFO - Processing file /usr/local/lib/python3.10/dist-packages/airflow/example_dags/example_short_circuit_operator.py for tasks to queue
[2024-07-27T21:50:38.953+0700] {logging_mixin.py:188} INFO - [2024-07-27T21:50:38.953+0700] {dagbag.py:545} INFO - Filling up the DagBag from /usr/local/lib/python3.10/dist-packages/airflow/example_dags/example_short_circuit_operator.py
[2024-07-27T21:50:38.958+0700] {processor.py:840} INFO - DAG(s) 'example_short_circuit_operator' retrieved from /usr/local/lib/python3.10/dist-packages/airflow/example_dags/example_short_circuit_operator.py
[2024-07-27T21:50:38.973+0700] {logging_mixin.py:188} INFO - [2024-07-27T21:50:38.972+0700] {dag.py:3089} INFO - Sync 1 DAGs
[2024-07-27T21:50:38.986+0700] {logging_mixin.py:188} INFO - [2024-07-27T21:50:38.986+0700] {dag.py:3947} INFO - Setting next_dagrun for example_short_circuit_operator to 2024-07-26 00:00:00+00:00, run_after=2024-07-27 00:00:00+00:00
[2024-07-27T21:50:39.018+0700] {processor.py:183} INFO - Processing /usr/local/lib/python3.10/dist-packages/airflow/example_dags/example_short_circuit_operator.py took 0.075 seconds
[2024-07-27T21:51:20.315+0700] {processor.py:161} INFO - Started process (PID=13597) to work on /usr/local/lib/python3.10/dist-packages/airflow/example_dags/example_short_circuit_operator.py
[2024-07-27T21:51:20.317+0700] {processor.py:830} INFO - Processing file /usr/local/lib/python3.10/dist-packages/airflow/example_dags/example_short_circuit_operator.py for tasks to queue
[2024-07-27T21:51:20.318+0700] {logging_mixin.py:188} INFO - [2024-07-27T21:51:20.318+0700] {dagbag.py:545} INFO - Filling up the DagBag from /usr/local/lib/python3.10/dist-packages/airflow/example_dags/example_short_circuit_operator.py
[2024-07-27T21:51:20.323+0700] {processor.py:840} INFO - DAG(s) 'example_short_circuit_operator' retrieved from /usr/local/lib/python3.10/dist-packages/airflow/example_dags/example_short_circuit_operator.py
[2024-07-27T21:51:20.338+0700] {logging_mixin.py:188} INFO - [2024-07-27T21:51:20.337+0700] {dag.py:3089} INFO - Sync 1 DAGs
[2024-07-27T21:51:20.352+0700] {logging_mixin.py:188} INFO - [2024-07-27T21:51:20.351+0700] {dag.py:3947} INFO - Setting next_dagrun for example_short_circuit_operator to 2024-07-26 00:00:00+00:00, run_after=2024-07-27 00:00:00+00:00
[2024-07-27T21:51:20.383+0700] {processor.py:183} INFO - Processing /usr/local/lib/python3.10/dist-packages/airflow/example_dags/example_short_circuit_operator.py took 0.073 seconds
[2024-07-27T21:52:06.120+0700] {processor.py:161} INFO - Started process (PID=14051) to work on /usr/local/lib/python3.10/dist-packages/airflow/example_dags/example_short_circuit_operator.py
[2024-07-27T21:52:06.121+0700] {processor.py:830} INFO - Processing file /usr/local/lib/python3.10/dist-packages/airflow/example_dags/example_short_circuit_operator.py for tasks to queue
[2024-07-27T21:52:06.122+0700] {logging_mixin.py:188} INFO - [2024-07-27T21:52:06.122+0700] {dagbag.py:545} INFO - Filling up the DagBag from /usr/local/lib/python3.10/dist-packages/airflow/example_dags/example_short_circuit_operator.py
[2024-07-27T21:52:06.127+0700] {processor.py:840} INFO - DAG(s) 'example_short_circuit_operator' retrieved from /usr/local/lib/python3.10/dist-packages/airflow/example_dags/example_short_circuit_operator.py
[2024-07-27T21:52:06.141+0700] {logging_mixin.py:188} INFO - [2024-07-27T21:52:06.141+0700] {dag.py:3089} INFO - Sync 1 DAGs
[2024-07-27T21:52:06.154+0700] {logging_mixin.py:188} INFO - [2024-07-27T21:52:06.154+0700] {dag.py:3947} INFO - Setting next_dagrun for example_short_circuit_operator to 2024-07-26 00:00:00+00:00, run_after=2024-07-27 00:00:00+00:00
[2024-07-27T21:52:06.184+0700] {processor.py:183} INFO - Processing /usr/local/lib/python3.10/dist-packages/airflow/example_dags/example_short_circuit_operator.py took 0.068 seconds
[2024-07-27T21:54:45.264+0700] {processor.py:161} INFO - Started process (PID=15790) to work on /usr/local/lib/python3.10/dist-packages/airflow/example_dags/example_short_circuit_operator.py
[2024-07-27T21:54:45.266+0700] {processor.py:830} INFO - Processing file /usr/local/lib/python3.10/dist-packages/airflow/example_dags/example_short_circuit_operator.py for tasks to queue
[2024-07-27T21:54:45.266+0700] {logging_mixin.py:188} INFO - [2024-07-27T21:54:45.266+0700] {dagbag.py:545} INFO - Filling up the DagBag from /usr/local/lib/python3.10/dist-packages/airflow/example_dags/example_short_circuit_operator.py
[2024-07-27T21:54:45.271+0700] {processor.py:840} INFO - DAG(s) 'example_short_circuit_operator' retrieved from /usr/local/lib/python3.10/dist-packages/airflow/example_dags/example_short_circuit_operator.py
[2024-07-27T21:54:45.291+0700] {logging_mixin.py:188} INFO - [2024-07-27T21:54:45.291+0700] {dag.py:3089} INFO - Sync 1 DAGs
[2024-07-27T21:54:45.307+0700] {logging_mixin.py:188} INFO - [2024-07-27T21:54:45.307+0700] {dag.py:3947} INFO - Setting next_dagrun for example_short_circuit_operator to 2024-07-26 00:00:00+00:00, run_after=2024-07-27 00:00:00+00:00
[2024-07-27T21:54:45.339+0700] {processor.py:183} INFO - Processing /usr/local/lib/python3.10/dist-packages/airflow/example_dags/example_short_circuit_operator.py took 0.081 seconds
[2024-07-27T21:55:33.089+0700] {processor.py:161} INFO - Started process (PID=16451) to work on /usr/local/lib/python3.10/dist-packages/airflow/example_dags/example_short_circuit_operator.py
[2024-07-27T21:55:33.090+0700] {processor.py:830} INFO - Processing file /usr/local/lib/python3.10/dist-packages/airflow/example_dags/example_short_circuit_operator.py for tasks to queue
[2024-07-27T21:55:33.091+0700] {logging_mixin.py:188} INFO - [2024-07-27T21:55:33.091+0700] {dagbag.py:545} INFO - Filling up the DagBag from /usr/local/lib/python3.10/dist-packages/airflow/example_dags/example_short_circuit_operator.py
[2024-07-27T21:55:33.095+0700] {processor.py:840} INFO - DAG(s) 'example_short_circuit_operator' retrieved from /usr/local/lib/python3.10/dist-packages/airflow/example_dags/example_short_circuit_operator.py
[2024-07-27T21:55:33.110+0700] {logging_mixin.py:188} INFO - [2024-07-27T21:55:33.110+0700] {dag.py:3089} INFO - Sync 1 DAGs
[2024-07-27T21:55:33.123+0700] {logging_mixin.py:188} INFO - [2024-07-27T21:55:33.122+0700] {dag.py:3947} INFO - Setting next_dagrun for example_short_circuit_operator to 2024-07-26 00:00:00+00:00, run_after=2024-07-27 00:00:00+00:00
[2024-07-27T21:55:33.153+0700] {processor.py:183} INFO - Processing /usr/local/lib/python3.10/dist-packages/airflow/example_dags/example_short_circuit_operator.py took 0.069 seconds
[2024-07-27T21:58:08.807+0700] {processor.py:161} INFO - Started process (PID=18585) to work on /usr/local/lib/python3.10/dist-packages/airflow/example_dags/example_short_circuit_operator.py
[2024-07-27T21:58:08.811+0700] {processor.py:830} INFO - Processing file /usr/local/lib/python3.10/dist-packages/airflow/example_dags/example_short_circuit_operator.py for tasks to queue
[2024-07-27T21:58:08.812+0700] {logging_mixin.py:188} INFO - [2024-07-27T21:58:08.811+0700] {dagbag.py:545} INFO - Filling up the DagBag from /usr/local/lib/python3.10/dist-packages/airflow/example_dags/example_short_circuit_operator.py
[2024-07-27T21:58:08.816+0700] {processor.py:840} INFO - DAG(s) 'example_short_circuit_operator' retrieved from /usr/local/lib/python3.10/dist-packages/airflow/example_dags/example_short_circuit_operator.py
[2024-07-27T21:58:08.835+0700] {logging_mixin.py:188} INFO - [2024-07-27T21:58:08.835+0700] {dag.py:3089} INFO - Sync 1 DAGs
[2024-07-27T21:58:08.850+0700] {logging_mixin.py:188} INFO - [2024-07-27T21:58:08.849+0700] {dag.py:3947} INFO - Setting next_dagrun for example_short_circuit_operator to 2024-07-26 00:00:00+00:00, run_after=2024-07-27 00:00:00+00:00
[2024-07-27T21:58:08.879+0700] {processor.py:183} INFO - Processing /usr/local/lib/python3.10/dist-packages/airflow/example_dags/example_short_circuit_operator.py took 0.076 seconds
[2024-07-27T21:58:59.364+0700] {processor.py:161} INFO - Started process (PID=18980) to work on /usr/local/lib/python3.10/dist-packages/airflow/example_dags/example_short_circuit_operator.py
[2024-07-27T21:58:59.366+0700] {processor.py:830} INFO - Processing file /usr/local/lib/python3.10/dist-packages/airflow/example_dags/example_short_circuit_operator.py for tasks to queue
[2024-07-27T21:58:59.367+0700] {logging_mixin.py:188} INFO - [2024-07-27T21:58:59.367+0700] {dagbag.py:545} INFO - Filling up the DagBag from /usr/local/lib/python3.10/dist-packages/airflow/example_dags/example_short_circuit_operator.py
[2024-07-27T21:58:59.372+0700] {processor.py:840} INFO - DAG(s) 'example_short_circuit_operator' retrieved from /usr/local/lib/python3.10/dist-packages/airflow/example_dags/example_short_circuit_operator.py
[2024-07-27T21:58:59.387+0700] {logging_mixin.py:188} INFO - [2024-07-27T21:58:59.386+0700] {dag.py:3089} INFO - Sync 1 DAGs
[2024-07-27T21:58:59.400+0700] {logging_mixin.py:188} INFO - [2024-07-27T21:58:59.399+0700] {dag.py:3947} INFO - Setting next_dagrun for example_short_circuit_operator to 2024-07-26 00:00:00+00:00, run_after=2024-07-27 00:00:00+00:00
[2024-07-27T21:58:59.423+0700] {processor.py:183} INFO - Processing /usr/local/lib/python3.10/dist-packages/airflow/example_dags/example_short_circuit_operator.py took 0.064 seconds
[2024-07-27T21:59:43.545+0700] {processor.py:161} INFO - Started process (PID=19453) to work on /usr/local/lib/python3.10/dist-packages/airflow/example_dags/example_short_circuit_operator.py
[2024-07-27T21:59:43.547+0700] {processor.py:830} INFO - Processing file /usr/local/lib/python3.10/dist-packages/airflow/example_dags/example_short_circuit_operator.py for tasks to queue
[2024-07-27T21:59:43.548+0700] {logging_mixin.py:188} INFO - [2024-07-27T21:59:43.548+0700] {dagbag.py:545} INFO - Filling up the DagBag from /usr/local/lib/python3.10/dist-packages/airflow/example_dags/example_short_circuit_operator.py
[2024-07-27T21:59:43.555+0700] {processor.py:840} INFO - DAG(s) 'example_short_circuit_operator' retrieved from /usr/local/lib/python3.10/dist-packages/airflow/example_dags/example_short_circuit_operator.py
[2024-07-27T21:59:43.573+0700] {logging_mixin.py:188} INFO - [2024-07-27T21:59:43.573+0700] {dag.py:3089} INFO - Sync 1 DAGs
[2024-07-27T21:59:43.596+0700] {logging_mixin.py:188} INFO - [2024-07-27T21:59:43.595+0700] {dag.py:3947} INFO - Setting next_dagrun for example_short_circuit_operator to 2024-07-26 00:00:00+00:00, run_after=2024-07-27 00:00:00+00:00
[2024-07-27T21:59:43.622+0700] {processor.py:183} INFO - Processing /usr/local/lib/python3.10/dist-packages/airflow/example_dags/example_short_circuit_operator.py took 0.082 seconds
[2024-07-27T22:00:29.778+0700] {processor.py:161} INFO - Started process (PID=19813) to work on /usr/local/lib/python3.10/dist-packages/airflow/example_dags/example_short_circuit_operator.py
[2024-07-27T22:00:29.781+0700] {processor.py:830} INFO - Processing file /usr/local/lib/python3.10/dist-packages/airflow/example_dags/example_short_circuit_operator.py for tasks to queue
[2024-07-27T22:00:29.783+0700] {logging_mixin.py:188} INFO - [2024-07-27T22:00:29.783+0700] {dagbag.py:545} INFO - Filling up the DagBag from /usr/local/lib/python3.10/dist-packages/airflow/example_dags/example_short_circuit_operator.py
[2024-07-27T22:00:29.790+0700] {processor.py:840} INFO - DAG(s) 'example_short_circuit_operator' retrieved from /usr/local/lib/python3.10/dist-packages/airflow/example_dags/example_short_circuit_operator.py
[2024-07-27T22:00:29.810+0700] {logging_mixin.py:188} INFO - [2024-07-27T22:00:29.810+0700] {dag.py:3089} INFO - Sync 1 DAGs
[2024-07-27T22:00:29.825+0700] {logging_mixin.py:188} INFO - [2024-07-27T22:00:29.824+0700] {dag.py:3947} INFO - Setting next_dagrun for example_short_circuit_operator to 2024-07-26 00:00:00+00:00, run_after=2024-07-27 00:00:00+00:00
[2024-07-27T22:00:29.852+0700] {processor.py:183} INFO - Processing /usr/local/lib/python3.10/dist-packages/airflow/example_dags/example_short_circuit_operator.py took 0.079 seconds
[2024-07-27T22:01:19.380+0700] {processor.py:161} INFO - Started process (PID=20193) to work on /usr/local/lib/python3.10/dist-packages/airflow/example_dags/example_short_circuit_operator.py
[2024-07-27T22:01:19.382+0700] {processor.py:830} INFO - Processing file /usr/local/lib/python3.10/dist-packages/airflow/example_dags/example_short_circuit_operator.py for tasks to queue
[2024-07-27T22:01:19.384+0700] {logging_mixin.py:188} INFO - [2024-07-27T22:01:19.383+0700] {dagbag.py:545} INFO - Filling up the DagBag from /usr/local/lib/python3.10/dist-packages/airflow/example_dags/example_short_circuit_operator.py
[2024-07-27T22:01:19.392+0700] {processor.py:840} INFO - DAG(s) 'example_short_circuit_operator' retrieved from /usr/local/lib/python3.10/dist-packages/airflow/example_dags/example_short_circuit_operator.py
[2024-07-27T22:01:19.410+0700] {logging_mixin.py:188} INFO - [2024-07-27T22:01:19.409+0700] {dag.py:3089} INFO - Sync 1 DAGs
[2024-07-27T22:01:19.427+0700] {logging_mixin.py:188} INFO - [2024-07-27T22:01:19.427+0700] {dag.py:3947} INFO - Setting next_dagrun for example_short_circuit_operator to 2024-07-26 00:00:00+00:00, run_after=2024-07-27 00:00:00+00:00
[2024-07-27T22:01:19.460+0700] {processor.py:183} INFO - Processing /usr/local/lib/python3.10/dist-packages/airflow/example_dags/example_short_circuit_operator.py took 0.086 seconds
[2024-07-27T22:02:03.953+0700] {processor.py:161} INFO - Started process (PID=20680) to work on /usr/local/lib/python3.10/dist-packages/airflow/example_dags/example_short_circuit_operator.py
[2024-07-27T22:02:03.955+0700] {processor.py:830} INFO - Processing file /usr/local/lib/python3.10/dist-packages/airflow/example_dags/example_short_circuit_operator.py for tasks to queue
[2024-07-27T22:02:03.956+0700] {logging_mixin.py:188} INFO - [2024-07-27T22:02:03.955+0700] {dagbag.py:545} INFO - Filling up the DagBag from /usr/local/lib/python3.10/dist-packages/airflow/example_dags/example_short_circuit_operator.py
[2024-07-27T22:02:03.961+0700] {processor.py:840} INFO - DAG(s) 'example_short_circuit_operator' retrieved from /usr/local/lib/python3.10/dist-packages/airflow/example_dags/example_short_circuit_operator.py
[2024-07-27T22:02:03.977+0700] {logging_mixin.py:188} INFO - [2024-07-27T22:02:03.977+0700] {dag.py:3089} INFO - Sync 1 DAGs
[2024-07-27T22:02:03.991+0700] {logging_mixin.py:188} INFO - [2024-07-27T22:02:03.991+0700] {dag.py:3947} INFO - Setting next_dagrun for example_short_circuit_operator to 2024-07-26 00:00:00+00:00, run_after=2024-07-27 00:00:00+00:00
[2024-07-27T22:02:04.020+0700] {processor.py:183} INFO - Processing /usr/local/lib/python3.10/dist-packages/airflow/example_dags/example_short_circuit_operator.py took 0.071 seconds
[2024-07-27T22:02:56.602+0700] {processor.py:161} INFO - Started process (PID=21193) to work on /usr/local/lib/python3.10/dist-packages/airflow/example_dags/example_short_circuit_operator.py
[2024-07-27T22:02:56.603+0700] {processor.py:830} INFO - Processing file /usr/local/lib/python3.10/dist-packages/airflow/example_dags/example_short_circuit_operator.py for tasks to queue
[2024-07-27T22:02:56.604+0700] {logging_mixin.py:188} INFO - [2024-07-27T22:02:56.604+0700] {dagbag.py:545} INFO - Filling up the DagBag from /usr/local/lib/python3.10/dist-packages/airflow/example_dags/example_short_circuit_operator.py
[2024-07-27T22:02:56.609+0700] {processor.py:840} INFO - DAG(s) 'example_short_circuit_operator' retrieved from /usr/local/lib/python3.10/dist-packages/airflow/example_dags/example_short_circuit_operator.py
[2024-07-27T22:02:56.623+0700] {logging_mixin.py:188} INFO - [2024-07-27T22:02:56.623+0700] {dag.py:3089} INFO - Sync 1 DAGs
[2024-07-27T22:02:56.640+0700] {logging_mixin.py:188} INFO - [2024-07-27T22:02:56.639+0700] {dag.py:3947} INFO - Setting next_dagrun for example_short_circuit_operator to 2024-07-26 00:00:00+00:00, run_after=2024-07-27 00:00:00+00:00
[2024-07-27T22:02:56.669+0700] {processor.py:183} INFO - Processing /usr/local/lib/python3.10/dist-packages/airflow/example_dags/example_short_circuit_operator.py took 0.071 seconds
[2024-07-27T22:03:38.737+0700] {processor.py:161} INFO - Started process (PID=21523) to work on /usr/local/lib/python3.10/dist-packages/airflow/example_dags/example_short_circuit_operator.py
[2024-07-27T22:03:38.739+0700] {processor.py:830} INFO - Processing file /usr/local/lib/python3.10/dist-packages/airflow/example_dags/example_short_circuit_operator.py for tasks to queue
[2024-07-27T22:03:38.740+0700] {logging_mixin.py:188} INFO - [2024-07-27T22:03:38.740+0700] {dagbag.py:545} INFO - Filling up the DagBag from /usr/local/lib/python3.10/dist-packages/airflow/example_dags/example_short_circuit_operator.py
[2024-07-27T22:03:38.747+0700] {processor.py:840} INFO - DAG(s) 'example_short_circuit_operator' retrieved from /usr/local/lib/python3.10/dist-packages/airflow/example_dags/example_short_circuit_operator.py
[2024-07-27T22:03:38.767+0700] {logging_mixin.py:188} INFO - [2024-07-27T22:03:38.766+0700] {dag.py:3089} INFO - Sync 1 DAGs
[2024-07-27T22:03:38.787+0700] {logging_mixin.py:188} INFO - [2024-07-27T22:03:38.787+0700] {dag.py:3947} INFO - Setting next_dagrun for example_short_circuit_operator to 2024-07-26 00:00:00+00:00, run_after=2024-07-27 00:00:00+00:00
[2024-07-27T22:03:38.821+0700] {processor.py:183} INFO - Processing /usr/local/lib/python3.10/dist-packages/airflow/example_dags/example_short_circuit_operator.py took 0.090 seconds
[2024-07-27T22:04:21.182+0700] {processor.py:161} INFO - Started process (PID=21941) to work on /usr/local/lib/python3.10/dist-packages/airflow/example_dags/example_short_circuit_operator.py
[2024-07-27T22:04:21.188+0700] {processor.py:830} INFO - Processing file /usr/local/lib/python3.10/dist-packages/airflow/example_dags/example_short_circuit_operator.py for tasks to queue
[2024-07-27T22:04:21.190+0700] {logging_mixin.py:188} INFO - [2024-07-27T22:04:21.190+0700] {dagbag.py:545} INFO - Filling up the DagBag from /usr/local/lib/python3.10/dist-packages/airflow/example_dags/example_short_circuit_operator.py
[2024-07-27T22:04:21.197+0700] {processor.py:840} INFO - DAG(s) 'example_short_circuit_operator' retrieved from /usr/local/lib/python3.10/dist-packages/airflow/example_dags/example_short_circuit_operator.py
[2024-07-27T22:04:21.216+0700] {logging_mixin.py:188} INFO - [2024-07-27T22:04:21.216+0700] {dag.py:3089} INFO - Sync 1 DAGs
[2024-07-27T22:04:21.235+0700] {logging_mixin.py:188} INFO - [2024-07-27T22:04:21.235+0700] {dag.py:3947} INFO - Setting next_dagrun for example_short_circuit_operator to 2024-07-26 00:00:00+00:00, run_after=2024-07-27 00:00:00+00:00
[2024-07-27T22:04:21.268+0700] {processor.py:183} INFO - Processing /usr/local/lib/python3.10/dist-packages/airflow/example_dags/example_short_circuit_operator.py took 0.093 seconds
[2024-07-27T22:05:07.807+0700] {processor.py:161} INFO - Started process (PID=22502) to work on /usr/local/lib/python3.10/dist-packages/airflow/example_dags/example_short_circuit_operator.py
[2024-07-27T22:05:07.809+0700] {processor.py:830} INFO - Processing file /usr/local/lib/python3.10/dist-packages/airflow/example_dags/example_short_circuit_operator.py for tasks to queue
[2024-07-27T22:05:07.810+0700] {logging_mixin.py:188} INFO - [2024-07-27T22:05:07.810+0700] {dagbag.py:545} INFO - Filling up the DagBag from /usr/local/lib/python3.10/dist-packages/airflow/example_dags/example_short_circuit_operator.py
[2024-07-27T22:05:07.815+0700] {processor.py:840} INFO - DAG(s) 'example_short_circuit_operator' retrieved from /usr/local/lib/python3.10/dist-packages/airflow/example_dags/example_short_circuit_operator.py
[2024-07-27T22:05:07.829+0700] {logging_mixin.py:188} INFO - [2024-07-27T22:05:07.829+0700] {dag.py:3089} INFO - Sync 1 DAGs
[2024-07-27T22:05:07.842+0700] {logging_mixin.py:188} INFO - [2024-07-27T22:05:07.842+0700] {dag.py:3947} INFO - Setting next_dagrun for example_short_circuit_operator to 2024-07-26 00:00:00+00:00, run_after=2024-07-27 00:00:00+00:00
[2024-07-27T22:05:07.873+0700] {processor.py:183} INFO - Processing /usr/local/lib/python3.10/dist-packages/airflow/example_dags/example_short_circuit_operator.py took 0.070 seconds
[2024-07-27T22:05:49.221+0700] {processor.py:161} INFO - Started process (PID=22859) to work on /usr/local/lib/python3.10/dist-packages/airflow/example_dags/example_short_circuit_operator.py
[2024-07-27T22:05:49.223+0700] {processor.py:830} INFO - Processing file /usr/local/lib/python3.10/dist-packages/airflow/example_dags/example_short_circuit_operator.py for tasks to queue
[2024-07-27T22:05:49.224+0700] {logging_mixin.py:188} INFO - [2024-07-27T22:05:49.223+0700] {dagbag.py:545} INFO - Filling up the DagBag from /usr/local/lib/python3.10/dist-packages/airflow/example_dags/example_short_circuit_operator.py
[2024-07-27T22:05:49.230+0700] {processor.py:840} INFO - DAG(s) 'example_short_circuit_operator' retrieved from /usr/local/lib/python3.10/dist-packages/airflow/example_dags/example_short_circuit_operator.py
[2024-07-27T22:05:49.249+0700] {logging_mixin.py:188} INFO - [2024-07-27T22:05:49.249+0700] {dag.py:3089} INFO - Sync 1 DAGs
[2024-07-27T22:05:49.264+0700] {logging_mixin.py:188} INFO - [2024-07-27T22:05:49.264+0700] {dag.py:3947} INFO - Setting next_dagrun for example_short_circuit_operator to 2024-07-26 00:00:00+00:00, run_after=2024-07-27 00:00:00+00:00
[2024-07-27T22:05:49.294+0700] {processor.py:183} INFO - Processing /usr/local/lib/python3.10/dist-packages/airflow/example_dags/example_short_circuit_operator.py took 0.078 seconds
[2024-07-27T22:06:33.506+0700] {processor.py:161} INFO - Started process (PID=23512) to work on /usr/local/lib/python3.10/dist-packages/airflow/example_dags/example_short_circuit_operator.py
[2024-07-27T22:06:33.509+0700] {processor.py:830} INFO - Processing file /usr/local/lib/python3.10/dist-packages/airflow/example_dags/example_short_circuit_operator.py for tasks to queue
[2024-07-27T22:06:33.510+0700] {logging_mixin.py:188} INFO - [2024-07-27T22:06:33.510+0700] {dagbag.py:545} INFO - Filling up the DagBag from /usr/local/lib/python3.10/dist-packages/airflow/example_dags/example_short_circuit_operator.py
[2024-07-27T22:06:33.516+0700] {processor.py:840} INFO - DAG(s) 'example_short_circuit_operator' retrieved from /usr/local/lib/python3.10/dist-packages/airflow/example_dags/example_short_circuit_operator.py
[2024-07-27T22:06:33.530+0700] {logging_mixin.py:188} INFO - [2024-07-27T22:06:33.530+0700] {dag.py:3089} INFO - Sync 1 DAGs
[2024-07-27T22:06:33.545+0700] {logging_mixin.py:188} INFO - [2024-07-27T22:06:33.545+0700] {dag.py:3947} INFO - Setting next_dagrun for example_short_circuit_operator to 2024-07-26 00:00:00+00:00, run_after=2024-07-27 00:00:00+00:00
[2024-07-27T22:06:33.577+0700] {processor.py:183} INFO - Processing /usr/local/lib/python3.10/dist-packages/airflow/example_dags/example_short_circuit_operator.py took 0.076 seconds
[2024-07-27T22:07:21.627+0700] {processor.py:161} INFO - Started process (PID=23895) to work on /usr/local/lib/python3.10/dist-packages/airflow/example_dags/example_short_circuit_operator.py
[2024-07-27T22:07:21.629+0700] {processor.py:830} INFO - Processing file /usr/local/lib/python3.10/dist-packages/airflow/example_dags/example_short_circuit_operator.py for tasks to queue
[2024-07-27T22:07:21.629+0700] {logging_mixin.py:188} INFO - [2024-07-27T22:07:21.629+0700] {dagbag.py:545} INFO - Filling up the DagBag from /usr/local/lib/python3.10/dist-packages/airflow/example_dags/example_short_circuit_operator.py
[2024-07-27T22:07:21.634+0700] {processor.py:840} INFO - DAG(s) 'example_short_circuit_operator' retrieved from /usr/local/lib/python3.10/dist-packages/airflow/example_dags/example_short_circuit_operator.py
[2024-07-27T22:07:21.649+0700] {logging_mixin.py:188} INFO - [2024-07-27T22:07:21.649+0700] {dag.py:3089} INFO - Sync 1 DAGs
[2024-07-27T22:07:21.663+0700] {logging_mixin.py:188} INFO - [2024-07-27T22:07:21.663+0700] {dag.py:3947} INFO - Setting next_dagrun for example_short_circuit_operator to 2024-07-26 00:00:00+00:00, run_after=2024-07-27 00:00:00+00:00
[2024-07-27T22:07:21.692+0700] {processor.py:183} INFO - Processing /usr/local/lib/python3.10/dist-packages/airflow/example_dags/example_short_circuit_operator.py took 0.069 seconds
[2024-07-27T22:08:04.123+0700] {processor.py:161} INFO - Started process (PID=24323) to work on /usr/local/lib/python3.10/dist-packages/airflow/example_dags/example_short_circuit_operator.py
[2024-07-27T22:08:04.126+0700] {processor.py:830} INFO - Processing file /usr/local/lib/python3.10/dist-packages/airflow/example_dags/example_short_circuit_operator.py for tasks to queue
[2024-07-27T22:08:04.126+0700] {logging_mixin.py:188} INFO - [2024-07-27T22:08:04.126+0700] {dagbag.py:545} INFO - Filling up the DagBag from /usr/local/lib/python3.10/dist-packages/airflow/example_dags/example_short_circuit_operator.py
[2024-07-27T22:08:04.131+0700] {processor.py:840} INFO - DAG(s) 'example_short_circuit_operator' retrieved from /usr/local/lib/python3.10/dist-packages/airflow/example_dags/example_short_circuit_operator.py
[2024-07-27T22:08:04.146+0700] {logging_mixin.py:188} INFO - [2024-07-27T22:08:04.146+0700] {dag.py:3089} INFO - Sync 1 DAGs
[2024-07-27T22:08:04.160+0700] {logging_mixin.py:188} INFO - [2024-07-27T22:08:04.160+0700] {dag.py:3947} INFO - Setting next_dagrun for example_short_circuit_operator to 2024-07-26 00:00:00+00:00, run_after=2024-07-27 00:00:00+00:00
[2024-07-27T22:08:04.189+0700] {processor.py:183} INFO - Processing /usr/local/lib/python3.10/dist-packages/airflow/example_dags/example_short_circuit_operator.py took 0.071 seconds
[2024-07-27T22:08:46.516+0700] {processor.py:161} INFO - Started process (PID=24847) to work on /usr/local/lib/python3.10/dist-packages/airflow/example_dags/example_short_circuit_operator.py
[2024-07-27T22:08:46.517+0700] {processor.py:830} INFO - Processing file /usr/local/lib/python3.10/dist-packages/airflow/example_dags/example_short_circuit_operator.py for tasks to queue
[2024-07-27T22:08:46.518+0700] {logging_mixin.py:188} INFO - [2024-07-27T22:08:46.518+0700] {dagbag.py:545} INFO - Filling up the DagBag from /usr/local/lib/python3.10/dist-packages/airflow/example_dags/example_short_circuit_operator.py
[2024-07-27T22:08:46.523+0700] {processor.py:840} INFO - DAG(s) 'example_short_circuit_operator' retrieved from /usr/local/lib/python3.10/dist-packages/airflow/example_dags/example_short_circuit_operator.py
[2024-07-27T22:08:46.537+0700] {logging_mixin.py:188} INFO - [2024-07-27T22:08:46.537+0700] {dag.py:3089} INFO - Sync 1 DAGs
[2024-07-27T22:08:46.550+0700] {logging_mixin.py:188} INFO - [2024-07-27T22:08:46.550+0700] {dag.py:3947} INFO - Setting next_dagrun for example_short_circuit_operator to 2024-07-26 00:00:00+00:00, run_after=2024-07-27 00:00:00+00:00
[2024-07-27T22:08:46.579+0700] {processor.py:183} INFO - Processing /usr/local/lib/python3.10/dist-packages/airflow/example_dags/example_short_circuit_operator.py took 0.067 seconds
[2024-07-27T22:09:26.591+0700] {processor.py:161} INFO - Started process (PID=25225) to work on /usr/local/lib/python3.10/dist-packages/airflow/example_dags/example_short_circuit_operator.py
[2024-07-27T22:09:26.594+0700] {processor.py:830} INFO - Processing file /usr/local/lib/python3.10/dist-packages/airflow/example_dags/example_short_circuit_operator.py for tasks to queue
[2024-07-27T22:09:26.595+0700] {logging_mixin.py:188} INFO - [2024-07-27T22:09:26.594+0700] {dagbag.py:545} INFO - Filling up the DagBag from /usr/local/lib/python3.10/dist-packages/airflow/example_dags/example_short_circuit_operator.py
[2024-07-27T22:09:26.600+0700] {processor.py:840} INFO - DAG(s) 'example_short_circuit_operator' retrieved from /usr/local/lib/python3.10/dist-packages/airflow/example_dags/example_short_circuit_operator.py
[2024-07-27T22:09:26.614+0700] {logging_mixin.py:188} INFO - [2024-07-27T22:09:26.614+0700] {dag.py:3089} INFO - Sync 1 DAGs
[2024-07-27T22:09:26.626+0700] {logging_mixin.py:188} INFO - [2024-07-27T22:09:26.626+0700] {dag.py:3947} INFO - Setting next_dagrun for example_short_circuit_operator to 2024-07-26 00:00:00+00:00, run_after=2024-07-27 00:00:00+00:00
[2024-07-27T22:09:26.656+0700] {processor.py:183} INFO - Processing /usr/local/lib/python3.10/dist-packages/airflow/example_dags/example_short_circuit_operator.py took 0.069 seconds
[2024-07-27T22:10:10.818+0700] {processor.py:161} INFO - Started process (PID=25600) to work on /usr/local/lib/python3.10/dist-packages/airflow/example_dags/example_short_circuit_operator.py
[2024-07-27T22:10:10.821+0700] {processor.py:830} INFO - Processing file /usr/local/lib/python3.10/dist-packages/airflow/example_dags/example_short_circuit_operator.py for tasks to queue
[2024-07-27T22:10:10.822+0700] {logging_mixin.py:188} INFO - [2024-07-27T22:10:10.821+0700] {dagbag.py:545} INFO - Filling up the DagBag from /usr/local/lib/python3.10/dist-packages/airflow/example_dags/example_short_circuit_operator.py
[2024-07-27T22:10:10.826+0700] {processor.py:840} INFO - DAG(s) 'example_short_circuit_operator' retrieved from /usr/local/lib/python3.10/dist-packages/airflow/example_dags/example_short_circuit_operator.py
[2024-07-27T22:10:10.841+0700] {logging_mixin.py:188} INFO - [2024-07-27T22:10:10.841+0700] {dag.py:3089} INFO - Sync 1 DAGs
[2024-07-27T22:10:10.855+0700] {logging_mixin.py:188} INFO - [2024-07-27T22:10:10.854+0700] {dag.py:3947} INFO - Setting next_dagrun for example_short_circuit_operator to 2024-07-26 00:00:00+00:00, run_after=2024-07-27 00:00:00+00:00
[2024-07-27T22:10:10.884+0700] {processor.py:183} INFO - Processing /usr/local/lib/python3.10/dist-packages/airflow/example_dags/example_short_circuit_operator.py took 0.070 seconds
