[2024-07-27T18:30:12.803+0700] {processor.py:161} INFO - Started process (PID=1552) to work on /usr/local/lib/python3.10/dist-packages/airflow/example_dags/example_external_task_marker_dag.py
[2024-07-27T18:30:12.804+0700] {processor.py:830} INFO - Processing file /usr/local/lib/python3.10/dist-packages/airflow/example_dags/example_external_task_marker_dag.py for tasks to queue
[2024-07-27T18:30:12.806+0700] {logging_mixin.py:188} INFO - [2024-07-27T18:30:12.805+0700] {dagbag.py:545} INFO - Filling up the DagBag from /usr/local/lib/python3.10/dist-packages/airflow/example_dags/example_external_task_marker_dag.py
[2024-07-27T18:30:12.810+0700] {processor.py:840} INFO - DAG(s) 'example_external_task_marker_child', 'example_external_task_marker_parent' retrieved from /usr/local/lib/python3.10/dist-packages/airflow/example_dags/example_external_task_marker_dag.py
[2024-07-27T18:30:12.827+0700] {logging_mixin.py:188} INFO - [2024-07-27T18:30:12.826+0700] {dag.py:3089} INFO - Sync 2 DAGs
[2024-07-27T18:30:12.838+0700] {logging_mixin.py:188} INFO - [2024-07-27T18:30:12.838+0700] {dag.py:3947} INFO - Setting next_dagrun for example_external_task_marker_child to None, run_after=None
[2024-07-27T18:30:12.841+0700] {logging_mixin.py:188} INFO - [2024-07-27T18:30:12.841+0700] {dag.py:3947} INFO - Setting next_dagrun for example_external_task_marker_parent to None, run_after=None
[2024-07-27T18:30:12.878+0700] {processor.py:183} INFO - Processing /usr/local/lib/python3.10/dist-packages/airflow/example_dags/example_external_task_marker_dag.py took 0.079 seconds
[2024-07-27T21:32:42.259+0700] {processor.py:161} INFO - Started process (PID=1928) to work on /usr/local/lib/python3.10/dist-packages/airflow/example_dags/example_external_task_marker_dag.py
[2024-07-27T21:32:42.260+0700] {processor.py:830} INFO - Processing file /usr/local/lib/python3.10/dist-packages/airflow/example_dags/example_external_task_marker_dag.py for tasks to queue
[2024-07-27T21:32:42.262+0700] {logging_mixin.py:188} INFO - [2024-07-27T21:32:42.262+0700] {dagbag.py:545} INFO - Filling up the DagBag from /usr/local/lib/python3.10/dist-packages/airflow/example_dags/example_external_task_marker_dag.py
[2024-07-27T21:32:42.266+0700] {processor.py:840} INFO - DAG(s) 'example_external_task_marker_child', 'example_external_task_marker_parent' retrieved from /usr/local/lib/python3.10/dist-packages/airflow/example_dags/example_external_task_marker_dag.py
[2024-07-27T21:32:42.280+0700] {logging_mixin.py:188} INFO - [2024-07-27T21:32:42.280+0700] {dag.py:3089} INFO - Sync 2 DAGs
[2024-07-27T21:32:42.288+0700] {logging_mixin.py:188} INFO - [2024-07-27T21:32:42.288+0700] {dag.py:3947} INFO - Setting next_dagrun for example_external_task_marker_child to None, run_after=None
[2024-07-27T21:32:42.291+0700] {logging_mixin.py:188} INFO - [2024-07-27T21:32:42.291+0700] {dag.py:3947} INFO - Setting next_dagrun for example_external_task_marker_parent to None, run_after=None
[2024-07-27T21:32:42.320+0700] {processor.py:183} INFO - Processing /usr/local/lib/python3.10/dist-packages/airflow/example_dags/example_external_task_marker_dag.py took 0.064 seconds
[2024-07-27T21:33:50.099+0700] {processor.py:161} INFO - Started process (PID=2770) to work on /usr/local/lib/python3.10/dist-packages/airflow/example_dags/example_external_task_marker_dag.py
[2024-07-27T21:33:50.100+0700] {processor.py:830} INFO - Processing file /usr/local/lib/python3.10/dist-packages/airflow/example_dags/example_external_task_marker_dag.py for tasks to queue
[2024-07-27T21:33:50.101+0700] {logging_mixin.py:188} INFO - [2024-07-27T21:33:50.101+0700] {dagbag.py:545} INFO - Filling up the DagBag from /usr/local/lib/python3.10/dist-packages/airflow/example_dags/example_external_task_marker_dag.py
[2024-07-27T21:33:50.106+0700] {processor.py:840} INFO - DAG(s) 'example_external_task_marker_child', 'example_external_task_marker_parent' retrieved from /usr/local/lib/python3.10/dist-packages/airflow/example_dags/example_external_task_marker_dag.py
[2024-07-27T21:33:50.120+0700] {logging_mixin.py:188} INFO - [2024-07-27T21:33:50.120+0700] {dag.py:3089} INFO - Sync 2 DAGs
[2024-07-27T21:33:50.213+0700] {logging_mixin.py:188} INFO - [2024-07-27T21:33:50.213+0700] {dag.py:3947} INFO - Setting next_dagrun for example_external_task_marker_child to None, run_after=None
[2024-07-27T21:33:50.217+0700] {logging_mixin.py:188} INFO - [2024-07-27T21:33:50.217+0700] {dag.py:3947} INFO - Setting next_dagrun for example_external_task_marker_parent to None, run_after=None
[2024-07-27T21:33:50.244+0700] {processor.py:183} INFO - Processing /usr/local/lib/python3.10/dist-packages/airflow/example_dags/example_external_task_marker_dag.py took 0.150 seconds
[2024-07-27T21:34:59.443+0700] {processor.py:161} INFO - Started process (PID=3348) to work on /usr/local/lib/python3.10/dist-packages/airflow/example_dags/example_external_task_marker_dag.py
[2024-07-27T21:34:59.445+0700] {processor.py:830} INFO - Processing file /usr/local/lib/python3.10/dist-packages/airflow/example_dags/example_external_task_marker_dag.py for tasks to queue
[2024-07-27T21:34:59.447+0700] {logging_mixin.py:188} INFO - [2024-07-27T21:34:59.446+0700] {dagbag.py:545} INFO - Filling up the DagBag from /usr/local/lib/python3.10/dist-packages/airflow/example_dags/example_external_task_marker_dag.py
[2024-07-27T21:34:59.451+0700] {processor.py:840} INFO - DAG(s) 'example_external_task_marker_parent', 'example_external_task_marker_child' retrieved from /usr/local/lib/python3.10/dist-packages/airflow/example_dags/example_external_task_marker_dag.py
[2024-07-27T21:34:59.465+0700] {logging_mixin.py:188} INFO - [2024-07-27T21:34:59.465+0700] {dag.py:3089} INFO - Sync 2 DAGs
[2024-07-27T21:34:59.474+0700] {logging_mixin.py:188} INFO - [2024-07-27T21:34:59.473+0700] {dag.py:3947} INFO - Setting next_dagrun for example_external_task_marker_child to None, run_after=None
[2024-07-27T21:34:59.476+0700] {logging_mixin.py:188} INFO - [2024-07-27T21:34:59.476+0700] {dag.py:3947} INFO - Setting next_dagrun for example_external_task_marker_parent to None, run_after=None
[2024-07-27T21:34:59.504+0700] {processor.py:183} INFO - Processing /usr/local/lib/python3.10/dist-packages/airflow/example_dags/example_external_task_marker_dag.py took 0.065 seconds
[2024-07-27T21:36:05.003+0700] {processor.py:161} INFO - Started process (PID=3879) to work on /usr/local/lib/python3.10/dist-packages/airflow/example_dags/example_external_task_marker_dag.py
[2024-07-27T21:36:05.005+0700] {processor.py:830} INFO - Processing file /usr/local/lib/python3.10/dist-packages/airflow/example_dags/example_external_task_marker_dag.py for tasks to queue
[2024-07-27T21:36:05.006+0700] {logging_mixin.py:188} INFO - [2024-07-27T21:36:05.006+0700] {dagbag.py:545} INFO - Filling up the DagBag from /usr/local/lib/python3.10/dist-packages/airflow/example_dags/example_external_task_marker_dag.py
[2024-07-27T21:36:05.012+0700] {processor.py:840} INFO - DAG(s) 'example_external_task_marker_child', 'example_external_task_marker_parent' retrieved from /usr/local/lib/python3.10/dist-packages/airflow/example_dags/example_external_task_marker_dag.py
[2024-07-27T21:36:05.028+0700] {logging_mixin.py:188} INFO - [2024-07-27T21:36:05.028+0700] {dag.py:3089} INFO - Sync 2 DAGs
[2024-07-27T21:36:05.037+0700] {logging_mixin.py:188} INFO - [2024-07-27T21:36:05.037+0700] {dag.py:3947} INFO - Setting next_dagrun for example_external_task_marker_child to None, run_after=None
[2024-07-27T21:36:05.040+0700] {logging_mixin.py:188} INFO - [2024-07-27T21:36:05.039+0700] {dag.py:3947} INFO - Setting next_dagrun for example_external_task_marker_parent to None, run_after=None
[2024-07-27T21:36:05.072+0700] {processor.py:183} INFO - Processing /usr/local/lib/python3.10/dist-packages/airflow/example_dags/example_external_task_marker_dag.py took 0.074 seconds
[2024-07-27T21:37:05.944+0700] {processor.py:161} INFO - Started process (PID=4450) to work on /usr/local/lib/python3.10/dist-packages/airflow/example_dags/example_external_task_marker_dag.py
[2024-07-27T21:37:05.946+0700] {processor.py:830} INFO - Processing file /usr/local/lib/python3.10/dist-packages/airflow/example_dags/example_external_task_marker_dag.py for tasks to queue
[2024-07-27T21:37:05.947+0700] {logging_mixin.py:188} INFO - [2024-07-27T21:37:05.947+0700] {dagbag.py:545} INFO - Filling up the DagBag from /usr/local/lib/python3.10/dist-packages/airflow/example_dags/example_external_task_marker_dag.py
[2024-07-27T21:37:05.952+0700] {processor.py:840} INFO - DAG(s) 'example_external_task_marker_child', 'example_external_task_marker_parent' retrieved from /usr/local/lib/python3.10/dist-packages/airflow/example_dags/example_external_task_marker_dag.py
[2024-07-27T21:37:05.967+0700] {logging_mixin.py:188} INFO - [2024-07-27T21:37:05.967+0700] {dag.py:3089} INFO - Sync 2 DAGs
[2024-07-27T21:37:05.976+0700] {logging_mixin.py:188} INFO - [2024-07-27T21:37:05.976+0700] {dag.py:3947} INFO - Setting next_dagrun for example_external_task_marker_child to None, run_after=None
[2024-07-27T21:37:05.979+0700] {logging_mixin.py:188} INFO - [2024-07-27T21:37:05.979+0700] {dag.py:3947} INFO - Setting next_dagrun for example_external_task_marker_parent to None, run_after=None
[2024-07-27T21:37:06.009+0700] {processor.py:183} INFO - Processing /usr/local/lib/python3.10/dist-packages/airflow/example_dags/example_external_task_marker_dag.py took 0.070 seconds
[2024-07-27T21:38:11.950+0700] {processor.py:161} INFO - Started process (PID=4969) to work on /usr/local/lib/python3.10/dist-packages/airflow/example_dags/example_external_task_marker_dag.py
[2024-07-27T21:38:11.952+0700] {processor.py:830} INFO - Processing file /usr/local/lib/python3.10/dist-packages/airflow/example_dags/example_external_task_marker_dag.py for tasks to queue
[2024-07-27T21:38:11.953+0700] {logging_mixin.py:188} INFO - [2024-07-27T21:38:11.953+0700] {dagbag.py:545} INFO - Filling up the DagBag from /usr/local/lib/python3.10/dist-packages/airflow/example_dags/example_external_task_marker_dag.py
[2024-07-27T21:38:11.958+0700] {processor.py:840} INFO - DAG(s) 'example_external_task_marker_child', 'example_external_task_marker_parent' retrieved from /usr/local/lib/python3.10/dist-packages/airflow/example_dags/example_external_task_marker_dag.py
[2024-07-27T21:38:11.973+0700] {logging_mixin.py:188} INFO - [2024-07-27T21:38:11.973+0700] {dag.py:3089} INFO - Sync 2 DAGs
[2024-07-27T21:38:11.982+0700] {logging_mixin.py:188} INFO - [2024-07-27T21:38:11.982+0700] {dag.py:3947} INFO - Setting next_dagrun for example_external_task_marker_child to None, run_after=None
[2024-07-27T21:38:11.985+0700] {logging_mixin.py:188} INFO - [2024-07-27T21:38:11.984+0700] {dag.py:3947} INFO - Setting next_dagrun for example_external_task_marker_parent to None, run_after=None
[2024-07-27T21:38:12.013+0700] {processor.py:183} INFO - Processing /usr/local/lib/python3.10/dist-packages/airflow/example_dags/example_external_task_marker_dag.py took 0.068 seconds
[2024-07-27T21:39:23.149+0700] {processor.py:161} INFO - Started process (PID=5636) to work on /usr/local/lib/python3.10/dist-packages/airflow/example_dags/example_external_task_marker_dag.py
[2024-07-27T21:39:23.151+0700] {processor.py:830} INFO - Processing file /usr/local/lib/python3.10/dist-packages/airflow/example_dags/example_external_task_marker_dag.py for tasks to queue
[2024-07-27T21:39:23.151+0700] {logging_mixin.py:188} INFO - [2024-07-27T21:39:23.151+0700] {dagbag.py:545} INFO - Filling up the DagBag from /usr/local/lib/python3.10/dist-packages/airflow/example_dags/example_external_task_marker_dag.py
[2024-07-27T21:39:23.156+0700] {processor.py:840} INFO - DAG(s) 'example_external_task_marker_child', 'example_external_task_marker_parent' retrieved from /usr/local/lib/python3.10/dist-packages/airflow/example_dags/example_external_task_marker_dag.py
[2024-07-27T21:39:23.171+0700] {logging_mixin.py:188} INFO - [2024-07-27T21:39:23.171+0700] {dag.py:3089} INFO - Sync 2 DAGs
[2024-07-27T21:39:23.181+0700] {logging_mixin.py:188} INFO - [2024-07-27T21:39:23.181+0700] {dag.py:3947} INFO - Setting next_dagrun for example_external_task_marker_child to None, run_after=None
[2024-07-27T21:39:23.184+0700] {logging_mixin.py:188} INFO - [2024-07-27T21:39:23.184+0700] {dag.py:3947} INFO - Setting next_dagrun for example_external_task_marker_parent to None, run_after=None
[2024-07-27T21:39:23.213+0700] {processor.py:183} INFO - Processing /usr/local/lib/python3.10/dist-packages/airflow/example_dags/example_external_task_marker_dag.py took 0.068 seconds
[2024-07-27T21:40:25.492+0700] {processor.py:161} INFO - Started process (PID=6407) to work on /usr/local/lib/python3.10/dist-packages/airflow/example_dags/example_external_task_marker_dag.py
[2024-07-27T21:40:25.494+0700] {processor.py:830} INFO - Processing file /usr/local/lib/python3.10/dist-packages/airflow/example_dags/example_external_task_marker_dag.py for tasks to queue
[2024-07-27T21:40:25.495+0700] {logging_mixin.py:188} INFO - [2024-07-27T21:40:25.495+0700] {dagbag.py:545} INFO - Filling up the DagBag from /usr/local/lib/python3.10/dist-packages/airflow/example_dags/example_external_task_marker_dag.py
[2024-07-27T21:40:25.500+0700] {processor.py:840} INFO - DAG(s) 'example_external_task_marker_child', 'example_external_task_marker_parent' retrieved from /usr/local/lib/python3.10/dist-packages/airflow/example_dags/example_external_task_marker_dag.py
[2024-07-27T21:40:25.514+0700] {logging_mixin.py:188} INFO - [2024-07-27T21:40:25.514+0700] {dag.py:3089} INFO - Sync 2 DAGs
[2024-07-27T21:40:25.525+0700] {logging_mixin.py:188} INFO - [2024-07-27T21:40:25.525+0700] {dag.py:3947} INFO - Setting next_dagrun for example_external_task_marker_child to None, run_after=None
[2024-07-27T21:40:25.528+0700] {logging_mixin.py:188} INFO - [2024-07-27T21:40:25.528+0700] {dag.py:3947} INFO - Setting next_dagrun for example_external_task_marker_parent to None, run_after=None
[2024-07-27T21:40:25.557+0700] {processor.py:183} INFO - Processing /usr/local/lib/python3.10/dist-packages/airflow/example_dags/example_external_task_marker_dag.py took 0.069 seconds
[2024-07-27T21:41:29.184+0700] {processor.py:161} INFO - Started process (PID=7019) to work on /usr/local/lib/python3.10/dist-packages/airflow/example_dags/example_external_task_marker_dag.py
[2024-07-27T21:41:29.186+0700] {processor.py:830} INFO - Processing file /usr/local/lib/python3.10/dist-packages/airflow/example_dags/example_external_task_marker_dag.py for tasks to queue
[2024-07-27T21:41:29.187+0700] {logging_mixin.py:188} INFO - [2024-07-27T21:41:29.187+0700] {dagbag.py:545} INFO - Filling up the DagBag from /usr/local/lib/python3.10/dist-packages/airflow/example_dags/example_external_task_marker_dag.py
[2024-07-27T21:41:29.192+0700] {processor.py:840} INFO - DAG(s) 'example_external_task_marker_parent', 'example_external_task_marker_child' retrieved from /usr/local/lib/python3.10/dist-packages/airflow/example_dags/example_external_task_marker_dag.py
[2024-07-27T21:41:29.207+0700] {logging_mixin.py:188} INFO - [2024-07-27T21:41:29.206+0700] {dag.py:3089} INFO - Sync 2 DAGs
[2024-07-27T21:41:29.216+0700] {logging_mixin.py:188} INFO - [2024-07-27T21:41:29.216+0700] {dag.py:3947} INFO - Setting next_dagrun for example_external_task_marker_child to None, run_after=None
[2024-07-27T21:41:29.219+0700] {logging_mixin.py:188} INFO - [2024-07-27T21:41:29.219+0700] {dag.py:3947} INFO - Setting next_dagrun for example_external_task_marker_parent to None, run_after=None
[2024-07-27T21:41:29.247+0700] {processor.py:183} INFO - Processing /usr/local/lib/python3.10/dist-packages/airflow/example_dags/example_external_task_marker_dag.py took 0.068 seconds
[2024-07-27T21:44:55.911+0700] {processor.py:161} INFO - Started process (PID=9610) to work on /usr/local/lib/python3.10/dist-packages/airflow/example_dags/example_external_task_marker_dag.py
[2024-07-27T21:44:55.913+0700] {processor.py:830} INFO - Processing file /usr/local/lib/python3.10/dist-packages/airflow/example_dags/example_external_task_marker_dag.py for tasks to queue
[2024-07-27T21:44:55.914+0700] {logging_mixin.py:188} INFO - [2024-07-27T21:44:55.914+0700] {dagbag.py:545} INFO - Filling up the DagBag from /usr/local/lib/python3.10/dist-packages/airflow/example_dags/example_external_task_marker_dag.py
[2024-07-27T21:44:55.920+0700] {processor.py:840} INFO - DAG(s) 'example_external_task_marker_parent', 'example_external_task_marker_child' retrieved from /usr/local/lib/python3.10/dist-packages/airflow/example_dags/example_external_task_marker_dag.py
[2024-07-27T21:44:55.937+0700] {logging_mixin.py:188} INFO - [2024-07-27T21:44:55.937+0700] {dag.py:3089} INFO - Sync 2 DAGs
[2024-07-27T21:44:55.946+0700] {logging_mixin.py:188} INFO - [2024-07-27T21:44:55.945+0700] {dag.py:3947} INFO - Setting next_dagrun for example_external_task_marker_child to None, run_after=None
[2024-07-27T21:44:55.948+0700] {logging_mixin.py:188} INFO - [2024-07-27T21:44:55.948+0700] {dag.py:3947} INFO - Setting next_dagrun for example_external_task_marker_parent to None, run_after=None
[2024-07-27T21:44:55.976+0700] {processor.py:183} INFO - Processing /usr/local/lib/python3.10/dist-packages/airflow/example_dags/example_external_task_marker_dag.py took 0.070 seconds
[2024-07-27T21:48:52.967+0700] {processor.py:161} INFO - Started process (PID=12114) to work on /usr/local/lib/python3.10/dist-packages/airflow/example_dags/example_external_task_marker_dag.py
[2024-07-27T21:48:52.969+0700] {processor.py:830} INFO - Processing file /usr/local/lib/python3.10/dist-packages/airflow/example_dags/example_external_task_marker_dag.py for tasks to queue
[2024-07-27T21:48:52.970+0700] {logging_mixin.py:188} INFO - [2024-07-27T21:48:52.969+0700] {dagbag.py:545} INFO - Filling up the DagBag from /usr/local/lib/python3.10/dist-packages/airflow/example_dags/example_external_task_marker_dag.py
[2024-07-27T21:48:52.974+0700] {processor.py:840} INFO - DAG(s) 'example_external_task_marker_parent', 'example_external_task_marker_child' retrieved from /usr/local/lib/python3.10/dist-packages/airflow/example_dags/example_external_task_marker_dag.py
[2024-07-27T21:48:52.991+0700] {logging_mixin.py:188} INFO - [2024-07-27T21:48:52.991+0700] {dag.py:3089} INFO - Sync 2 DAGs
[2024-07-27T21:48:52.999+0700] {logging_mixin.py:188} INFO - [2024-07-27T21:48:52.999+0700] {dag.py:3947} INFO - Setting next_dagrun for example_external_task_marker_child to None, run_after=None
[2024-07-27T21:48:53.002+0700] {logging_mixin.py:188} INFO - [2024-07-27T21:48:53.002+0700] {dag.py:3947} INFO - Setting next_dagrun for example_external_task_marker_parent to None, run_after=None
[2024-07-27T21:48:53.032+0700] {processor.py:183} INFO - Processing /usr/local/lib/python3.10/dist-packages/airflow/example_dags/example_external_task_marker_dag.py took 0.069 seconds
[2024-07-27T21:49:53.529+0700] {processor.py:161} INFO - Started process (PID=12718) to work on /usr/local/lib/python3.10/dist-packages/airflow/example_dags/example_external_task_marker_dag.py
[2024-07-27T21:49:53.532+0700] {processor.py:830} INFO - Processing file /usr/local/lib/python3.10/dist-packages/airflow/example_dags/example_external_task_marker_dag.py for tasks to queue
[2024-07-27T21:49:53.532+0700] {logging_mixin.py:188} INFO - [2024-07-27T21:49:53.532+0700] {dagbag.py:545} INFO - Filling up the DagBag from /usr/local/lib/python3.10/dist-packages/airflow/example_dags/example_external_task_marker_dag.py
[2024-07-27T21:49:53.537+0700] {processor.py:840} INFO - DAG(s) 'example_external_task_marker_parent', 'example_external_task_marker_child' retrieved from /usr/local/lib/python3.10/dist-packages/airflow/example_dags/example_external_task_marker_dag.py
[2024-07-27T21:49:53.551+0700] {logging_mixin.py:188} INFO - [2024-07-27T21:49:53.551+0700] {dag.py:3089} INFO - Sync 2 DAGs
[2024-07-27T21:49:53.560+0700] {logging_mixin.py:188} INFO - [2024-07-27T21:49:53.559+0700] {dag.py:3947} INFO - Setting next_dagrun for example_external_task_marker_child to None, run_after=None
[2024-07-27T21:49:53.562+0700] {logging_mixin.py:188} INFO - [2024-07-27T21:49:53.562+0700] {dag.py:3947} INFO - Setting next_dagrun for example_external_task_marker_parent to None, run_after=None
[2024-07-27T21:49:53.599+0700] {processor.py:183} INFO - Processing /usr/local/lib/python3.10/dist-packages/airflow/example_dags/example_external_task_marker_dag.py took 0.074 seconds
[2024-07-27T21:50:52.178+0700] {processor.py:161} INFO - Started process (PID=13373) to work on /usr/local/lib/python3.10/dist-packages/airflow/example_dags/example_external_task_marker_dag.py
[2024-07-27T21:50:52.180+0700] {processor.py:830} INFO - Processing file /usr/local/lib/python3.10/dist-packages/airflow/example_dags/example_external_task_marker_dag.py for tasks to queue
[2024-07-27T21:50:52.181+0700] {logging_mixin.py:188} INFO - [2024-07-27T21:50:52.180+0700] {dagbag.py:545} INFO - Filling up the DagBag from /usr/local/lib/python3.10/dist-packages/airflow/example_dags/example_external_task_marker_dag.py
[2024-07-27T21:50:52.186+0700] {processor.py:840} INFO - DAG(s) 'example_external_task_marker_parent', 'example_external_task_marker_child' retrieved from /usr/local/lib/python3.10/dist-packages/airflow/example_dags/example_external_task_marker_dag.py
[2024-07-27T21:50:52.204+0700] {logging_mixin.py:188} INFO - [2024-07-27T21:50:52.203+0700] {dag.py:3089} INFO - Sync 2 DAGs
[2024-07-27T21:50:52.214+0700] {logging_mixin.py:188} INFO - [2024-07-27T21:50:52.213+0700] {dag.py:3947} INFO - Setting next_dagrun for example_external_task_marker_child to None, run_after=None
[2024-07-27T21:50:52.217+0700] {logging_mixin.py:188} INFO - [2024-07-27T21:50:52.217+0700] {dag.py:3947} INFO - Setting next_dagrun for example_external_task_marker_parent to None, run_after=None
[2024-07-27T21:50:52.249+0700] {processor.py:183} INFO - Processing /usr/local/lib/python3.10/dist-packages/airflow/example_dags/example_external_task_marker_dag.py took 0.076 seconds
[2024-07-27T21:51:58.082+0700] {processor.py:161} INFO - Started process (PID=13955) to work on /usr/local/lib/python3.10/dist-packages/airflow/example_dags/example_external_task_marker_dag.py
[2024-07-27T21:51:58.084+0700] {processor.py:830} INFO - Processing file /usr/local/lib/python3.10/dist-packages/airflow/example_dags/example_external_task_marker_dag.py for tasks to queue
[2024-07-27T21:51:58.084+0700] {logging_mixin.py:188} INFO - [2024-07-27T21:51:58.084+0700] {dagbag.py:545} INFO - Filling up the DagBag from /usr/local/lib/python3.10/dist-packages/airflow/example_dags/example_external_task_marker_dag.py
[2024-07-27T21:51:58.088+0700] {processor.py:840} INFO - DAG(s) 'example_external_task_marker_child', 'example_external_task_marker_parent' retrieved from /usr/local/lib/python3.10/dist-packages/airflow/example_dags/example_external_task_marker_dag.py
[2024-07-27T21:51:58.103+0700] {logging_mixin.py:188} INFO - [2024-07-27T21:51:58.103+0700] {dag.py:3089} INFO - Sync 2 DAGs
[2024-07-27T21:51:58.111+0700] {logging_mixin.py:188} INFO - [2024-07-27T21:51:58.111+0700] {dag.py:3947} INFO - Setting next_dagrun for example_external_task_marker_child to None, run_after=None
[2024-07-27T21:51:58.113+0700] {logging_mixin.py:188} INFO - [2024-07-27T21:51:58.113+0700] {dag.py:3947} INFO - Setting next_dagrun for example_external_task_marker_parent to None, run_after=None
[2024-07-27T21:51:58.140+0700] {processor.py:183} INFO - Processing /usr/local/lib/python3.10/dist-packages/airflow/example_dags/example_external_task_marker_dag.py took 0.064 seconds
[2024-07-27T21:55:18.768+0700] {processor.py:161} INFO - Started process (PID=16257) to work on /usr/local/lib/python3.10/dist-packages/airflow/example_dags/example_external_task_marker_dag.py
[2024-07-27T21:55:18.770+0700] {processor.py:830} INFO - Processing file /usr/local/lib/python3.10/dist-packages/airflow/example_dags/example_external_task_marker_dag.py for tasks to queue
[2024-07-27T21:55:18.771+0700] {logging_mixin.py:188} INFO - [2024-07-27T21:55:18.770+0700] {dagbag.py:545} INFO - Filling up the DagBag from /usr/local/lib/python3.10/dist-packages/airflow/example_dags/example_external_task_marker_dag.py
[2024-07-27T21:55:18.776+0700] {processor.py:840} INFO - DAG(s) 'example_external_task_marker_parent', 'example_external_task_marker_child' retrieved from /usr/local/lib/python3.10/dist-packages/airflow/example_dags/example_external_task_marker_dag.py
[2024-07-27T21:55:18.791+0700] {logging_mixin.py:188} INFO - [2024-07-27T21:55:18.791+0700] {dag.py:3089} INFO - Sync 2 DAGs
[2024-07-27T21:55:18.799+0700] {logging_mixin.py:188} INFO - [2024-07-27T21:55:18.799+0700] {dag.py:3947} INFO - Setting next_dagrun for example_external_task_marker_child to None, run_after=None
[2024-07-27T21:55:18.802+0700] {logging_mixin.py:188} INFO - [2024-07-27T21:55:18.802+0700] {dag.py:3947} INFO - Setting next_dagrun for example_external_task_marker_parent to None, run_after=None
[2024-07-27T21:55:18.830+0700] {processor.py:183} INFO - Processing /usr/local/lib/python3.10/dist-packages/airflow/example_dags/example_external_task_marker_dag.py took 0.066 seconds
[2024-07-27T21:58:42.782+0700] {processor.py:161} INFO - Started process (PID=18850) to work on /usr/local/lib/python3.10/dist-packages/airflow/example_dags/example_external_task_marker_dag.py
[2024-07-27T21:58:42.784+0700] {processor.py:830} INFO - Processing file /usr/local/lib/python3.10/dist-packages/airflow/example_dags/example_external_task_marker_dag.py for tasks to queue
[2024-07-27T21:58:42.785+0700] {logging_mixin.py:188} INFO - [2024-07-27T21:58:42.785+0700] {dagbag.py:545} INFO - Filling up the DagBag from /usr/local/lib/python3.10/dist-packages/airflow/example_dags/example_external_task_marker_dag.py
[2024-07-27T21:58:42.790+0700] {processor.py:840} INFO - DAG(s) 'example_external_task_marker_child', 'example_external_task_marker_parent' retrieved from /usr/local/lib/python3.10/dist-packages/airflow/example_dags/example_external_task_marker_dag.py
[2024-07-27T21:58:42.806+0700] {logging_mixin.py:188} INFO - [2024-07-27T21:58:42.806+0700] {dag.py:3089} INFO - Sync 2 DAGs
[2024-07-27T21:58:42.815+0700] {logging_mixin.py:188} INFO - [2024-07-27T21:58:42.814+0700] {dag.py:3947} INFO - Setting next_dagrun for example_external_task_marker_child to None, run_after=None
[2024-07-27T21:58:42.817+0700] {logging_mixin.py:188} INFO - [2024-07-27T21:58:42.817+0700] {dag.py:3947} INFO - Setting next_dagrun for example_external_task_marker_parent to None, run_after=None
[2024-07-27T21:58:42.836+0700] {processor.py:183} INFO - Processing /usr/local/lib/python3.10/dist-packages/airflow/example_dags/example_external_task_marker_dag.py took 0.058 seconds
[2024-07-27T21:59:48.683+0700] {processor.py:161} INFO - Started process (PID=19490) to work on /usr/local/lib/python3.10/dist-packages/airflow/example_dags/example_external_task_marker_dag.py
[2024-07-27T21:59:48.686+0700] {processor.py:830} INFO - Processing file /usr/local/lib/python3.10/dist-packages/airflow/example_dags/example_external_task_marker_dag.py for tasks to queue
[2024-07-27T21:59:48.687+0700] {logging_mixin.py:188} INFO - [2024-07-27T21:59:48.687+0700] {dagbag.py:545} INFO - Filling up the DagBag from /usr/local/lib/python3.10/dist-packages/airflow/example_dags/example_external_task_marker_dag.py
[2024-07-27T21:59:48.691+0700] {processor.py:840} INFO - DAG(s) 'example_external_task_marker_parent', 'example_external_task_marker_child' retrieved from /usr/local/lib/python3.10/dist-packages/airflow/example_dags/example_external_task_marker_dag.py
[2024-07-27T21:59:48.706+0700] {logging_mixin.py:188} INFO - [2024-07-27T21:59:48.706+0700] {dag.py:3089} INFO - Sync 2 DAGs
[2024-07-27T21:59:48.714+0700] {logging_mixin.py:188} INFO - [2024-07-27T21:59:48.714+0700] {dag.py:3947} INFO - Setting next_dagrun for example_external_task_marker_child to None, run_after=None
[2024-07-27T21:59:48.717+0700] {logging_mixin.py:188} INFO - [2024-07-27T21:59:48.717+0700] {dag.py:3947} INFO - Setting next_dagrun for example_external_task_marker_parent to None, run_after=None
[2024-07-27T21:59:48.739+0700] {processor.py:183} INFO - Processing /usr/local/lib/python3.10/dist-packages/airflow/example_dags/example_external_task_marker_dag.py took 0.061 seconds
[2024-07-27T22:01:02.515+0700] {processor.py:161} INFO - Started process (PID=20061) to work on /usr/local/lib/python3.10/dist-packages/airflow/example_dags/example_external_task_marker_dag.py
[2024-07-27T22:01:02.516+0700] {processor.py:830} INFO - Processing file /usr/local/lib/python3.10/dist-packages/airflow/example_dags/example_external_task_marker_dag.py for tasks to queue
[2024-07-27T22:01:02.517+0700] {logging_mixin.py:188} INFO - [2024-07-27T22:01:02.517+0700] {dagbag.py:545} INFO - Filling up the DagBag from /usr/local/lib/python3.10/dist-packages/airflow/example_dags/example_external_task_marker_dag.py
[2024-07-27T22:01:02.522+0700] {processor.py:840} INFO - DAG(s) 'example_external_task_marker_parent', 'example_external_task_marker_child' retrieved from /usr/local/lib/python3.10/dist-packages/airflow/example_dags/example_external_task_marker_dag.py
[2024-07-27T22:01:02.542+0700] {logging_mixin.py:188} INFO - [2024-07-27T22:01:02.542+0700] {dag.py:3089} INFO - Sync 2 DAGs
[2024-07-27T22:01:02.557+0700] {logging_mixin.py:188} INFO - [2024-07-27T22:01:02.557+0700] {dag.py:3947} INFO - Setting next_dagrun for example_external_task_marker_child to None, run_after=None
[2024-07-27T22:01:02.560+0700] {logging_mixin.py:188} INFO - [2024-07-27T22:01:02.560+0700] {dag.py:3947} INFO - Setting next_dagrun for example_external_task_marker_parent to None, run_after=None
[2024-07-27T22:01:02.591+0700] {processor.py:183} INFO - Processing /usr/local/lib/python3.10/dist-packages/airflow/example_dags/example_external_task_marker_dag.py took 0.084 seconds
[2024-07-27T22:02:07.985+0700] {processor.py:161} INFO - Started process (PID=20711) to work on /usr/local/lib/python3.10/dist-packages/airflow/example_dags/example_external_task_marker_dag.py
[2024-07-27T22:02:07.987+0700] {processor.py:830} INFO - Processing file /usr/local/lib/python3.10/dist-packages/airflow/example_dags/example_external_task_marker_dag.py for tasks to queue
[2024-07-27T22:02:07.987+0700] {logging_mixin.py:188} INFO - [2024-07-27T22:02:07.987+0700] {dagbag.py:545} INFO - Filling up the DagBag from /usr/local/lib/python3.10/dist-packages/airflow/example_dags/example_external_task_marker_dag.py
[2024-07-27T22:02:07.992+0700] {processor.py:840} INFO - DAG(s) 'example_external_task_marker_child', 'example_external_task_marker_parent' retrieved from /usr/local/lib/python3.10/dist-packages/airflow/example_dags/example_external_task_marker_dag.py
[2024-07-27T22:02:08.007+0700] {logging_mixin.py:188} INFO - [2024-07-27T22:02:08.006+0700] {dag.py:3089} INFO - Sync 2 DAGs
[2024-07-27T22:02:08.015+0700] {logging_mixin.py:188} INFO - [2024-07-27T22:02:08.015+0700] {dag.py:3947} INFO - Setting next_dagrun for example_external_task_marker_child to None, run_after=None
[2024-07-27T22:02:08.017+0700] {logging_mixin.py:188} INFO - [2024-07-27T22:02:08.017+0700] {dag.py:3947} INFO - Setting next_dagrun for example_external_task_marker_parent to None, run_after=None
[2024-07-27T22:02:08.047+0700] {processor.py:183} INFO - Processing /usr/local/lib/python3.10/dist-packages/airflow/example_dags/example_external_task_marker_dag.py took 0.066 seconds
[2024-07-27T22:03:12.258+0700] {processor.py:161} INFO - Started process (PID=21314) to work on /usr/local/lib/python3.10/dist-packages/airflow/example_dags/example_external_task_marker_dag.py
[2024-07-27T22:03:12.260+0700] {processor.py:830} INFO - Processing file /usr/local/lib/python3.10/dist-packages/airflow/example_dags/example_external_task_marker_dag.py for tasks to queue
[2024-07-27T22:03:12.261+0700] {logging_mixin.py:188} INFO - [2024-07-27T22:03:12.260+0700] {dagbag.py:545} INFO - Filling up the DagBag from /usr/local/lib/python3.10/dist-packages/airflow/example_dags/example_external_task_marker_dag.py
[2024-07-27T22:03:12.265+0700] {processor.py:840} INFO - DAG(s) 'example_external_task_marker_child', 'example_external_task_marker_parent' retrieved from /usr/local/lib/python3.10/dist-packages/airflow/example_dags/example_external_task_marker_dag.py
[2024-07-27T22:03:12.279+0700] {logging_mixin.py:188} INFO - [2024-07-27T22:03:12.279+0700] {dag.py:3089} INFO - Sync 2 DAGs
[2024-07-27T22:03:12.288+0700] {logging_mixin.py:188} INFO - [2024-07-27T22:03:12.288+0700] {dag.py:3947} INFO - Setting next_dagrun for example_external_task_marker_child to None, run_after=None
[2024-07-27T22:03:12.290+0700] {logging_mixin.py:188} INFO - [2024-07-27T22:03:12.290+0700] {dag.py:3947} INFO - Setting next_dagrun for example_external_task_marker_parent to None, run_after=None
[2024-07-27T22:03:12.318+0700] {processor.py:183} INFO - Processing /usr/local/lib/python3.10/dist-packages/airflow/example_dags/example_external_task_marker_dag.py took 0.065 seconds
[2024-07-27T22:04:14.755+0700] {processor.py:161} INFO - Started process (PID=21875) to work on /usr/local/lib/python3.10/dist-packages/airflow/example_dags/example_external_task_marker_dag.py
[2024-07-27T22:04:14.757+0700] {processor.py:830} INFO - Processing file /usr/local/lib/python3.10/dist-packages/airflow/example_dags/example_external_task_marker_dag.py for tasks to queue
[2024-07-27T22:04:14.758+0700] {logging_mixin.py:188} INFO - [2024-07-27T22:04:14.757+0700] {dagbag.py:545} INFO - Filling up the DagBag from /usr/local/lib/python3.10/dist-packages/airflow/example_dags/example_external_task_marker_dag.py
[2024-07-27T22:04:14.763+0700] {processor.py:840} INFO - DAG(s) 'example_external_task_marker_parent', 'example_external_task_marker_child' retrieved from /usr/local/lib/python3.10/dist-packages/airflow/example_dags/example_external_task_marker_dag.py
[2024-07-27T22:04:14.777+0700] {logging_mixin.py:188} INFO - [2024-07-27T22:04:14.777+0700] {dag.py:3089} INFO - Sync 2 DAGs
[2024-07-27T22:04:14.786+0700] {logging_mixin.py:188} INFO - [2024-07-27T22:04:14.785+0700] {dag.py:3947} INFO - Setting next_dagrun for example_external_task_marker_child to None, run_after=None
[2024-07-27T22:04:14.788+0700] {logging_mixin.py:188} INFO - [2024-07-27T22:04:14.788+0700] {dag.py:3947} INFO - Setting next_dagrun for example_external_task_marker_parent to None, run_after=None
[2024-07-27T22:04:14.820+0700] {processor.py:183} INFO - Processing /usr/local/lib/python3.10/dist-packages/airflow/example_dags/example_external_task_marker_dag.py took 0.070 seconds
[2024-07-27T22:05:22.549+0700] {processor.py:161} INFO - Started process (PID=22617) to work on /usr/local/lib/python3.10/dist-packages/airflow/example_dags/example_external_task_marker_dag.py
[2024-07-27T22:05:22.552+0700] {processor.py:830} INFO - Processing file /usr/local/lib/python3.10/dist-packages/airflow/example_dags/example_external_task_marker_dag.py for tasks to queue
[2024-07-27T22:05:22.553+0700] {logging_mixin.py:188} INFO - [2024-07-27T22:05:22.553+0700] {dagbag.py:545} INFO - Filling up the DagBag from /usr/local/lib/python3.10/dist-packages/airflow/example_dags/example_external_task_marker_dag.py
[2024-07-27T22:05:22.557+0700] {processor.py:840} INFO - DAG(s) 'example_external_task_marker_parent', 'example_external_task_marker_child' retrieved from /usr/local/lib/python3.10/dist-packages/airflow/example_dags/example_external_task_marker_dag.py
[2024-07-27T22:05:22.573+0700] {logging_mixin.py:188} INFO - [2024-07-27T22:05:22.572+0700] {dag.py:3089} INFO - Sync 2 DAGs
[2024-07-27T22:05:22.581+0700] {logging_mixin.py:188} INFO - [2024-07-27T22:05:22.581+0700] {dag.py:3947} INFO - Setting next_dagrun for example_external_task_marker_child to None, run_after=None
[2024-07-27T22:05:22.584+0700] {logging_mixin.py:188} INFO - [2024-07-27T22:05:22.583+0700] {dag.py:3947} INFO - Setting next_dagrun for example_external_task_marker_parent to None, run_after=None
[2024-07-27T22:05:22.612+0700] {processor.py:183} INFO - Processing /usr/local/lib/python3.10/dist-packages/airflow/example_dags/example_external_task_marker_dag.py took 0.067 seconds
[2024-07-27T22:06:27.807+0700] {processor.py:161} INFO - Started process (PID=23470) to work on /usr/local/lib/python3.10/dist-packages/airflow/example_dags/example_external_task_marker_dag.py
[2024-07-27T22:06:27.811+0700] {processor.py:830} INFO - Processing file /usr/local/lib/python3.10/dist-packages/airflow/example_dags/example_external_task_marker_dag.py for tasks to queue
[2024-07-27T22:06:27.812+0700] {logging_mixin.py:188} INFO - [2024-07-27T22:06:27.812+0700] {dagbag.py:545} INFO - Filling up the DagBag from /usr/local/lib/python3.10/dist-packages/airflow/example_dags/example_external_task_marker_dag.py
[2024-07-27T22:06:27.816+0700] {processor.py:840} INFO - DAG(s) 'example_external_task_marker_child', 'example_external_task_marker_parent' retrieved from /usr/local/lib/python3.10/dist-packages/airflow/example_dags/example_external_task_marker_dag.py
[2024-07-27T22:06:27.832+0700] {logging_mixin.py:188} INFO - [2024-07-27T22:06:27.832+0700] {dag.py:3089} INFO - Sync 2 DAGs
[2024-07-27T22:06:27.840+0700] {logging_mixin.py:188} INFO - [2024-07-27T22:06:27.840+0700] {dag.py:3947} INFO - Setting next_dagrun for example_external_task_marker_child to None, run_after=None
[2024-07-27T22:06:27.843+0700] {logging_mixin.py:188} INFO - [2024-07-27T22:06:27.843+0700] {dag.py:3947} INFO - Setting next_dagrun for example_external_task_marker_parent to None, run_after=None
[2024-07-27T22:06:27.874+0700] {processor.py:183} INFO - Processing /usr/local/lib/python3.10/dist-packages/airflow/example_dags/example_external_task_marker_dag.py took 0.071 seconds
[2024-07-27T22:07:19.057+0700] {processor.py:161} INFO - Started process (PID=23870) to work on /usr/local/lib/python3.10/dist-packages/airflow/example_dags/example_external_task_marker_dag.py
[2024-07-27T22:07:19.058+0700] {processor.py:830} INFO - Processing file /usr/local/lib/python3.10/dist-packages/airflow/example_dags/example_external_task_marker_dag.py for tasks to queue
[2024-07-27T22:07:19.059+0700] {logging_mixin.py:188} INFO - [2024-07-27T22:07:19.059+0700] {dagbag.py:545} INFO - Filling up the DagBag from /usr/local/lib/python3.10/dist-packages/airflow/example_dags/example_external_task_marker_dag.py
[2024-07-27T22:07:19.063+0700] {processor.py:840} INFO - DAG(s) 'example_external_task_marker_parent', 'example_external_task_marker_child' retrieved from /usr/local/lib/python3.10/dist-packages/airflow/example_dags/example_external_task_marker_dag.py
[2024-07-27T22:07:19.078+0700] {logging_mixin.py:188} INFO - [2024-07-27T22:07:19.077+0700] {dag.py:3089} INFO - Sync 2 DAGs
[2024-07-27T22:07:19.086+0700] {logging_mixin.py:188} INFO - [2024-07-27T22:07:19.085+0700] {dag.py:3947} INFO - Setting next_dagrun for example_external_task_marker_child to None, run_after=None
[2024-07-27T22:07:19.088+0700] {logging_mixin.py:188} INFO - [2024-07-27T22:07:19.088+0700] {dag.py:3947} INFO - Setting next_dagrun for example_external_task_marker_parent to None, run_after=None
[2024-07-27T22:07:19.116+0700] {processor.py:183} INFO - Processing /usr/local/lib/python3.10/dist-packages/airflow/example_dags/example_external_task_marker_dag.py took 0.064 seconds
[2024-07-27T22:08:22.464+0700] {processor.py:161} INFO - Started process (PID=24534) to work on /usr/local/lib/python3.10/dist-packages/airflow/example_dags/example_external_task_marker_dag.py
[2024-07-27T22:08:22.465+0700] {processor.py:830} INFO - Processing file /usr/local/lib/python3.10/dist-packages/airflow/example_dags/example_external_task_marker_dag.py for tasks to queue
[2024-07-27T22:08:22.466+0700] {logging_mixin.py:188} INFO - [2024-07-27T22:08:22.466+0700] {dagbag.py:545} INFO - Filling up the DagBag from /usr/local/lib/python3.10/dist-packages/airflow/example_dags/example_external_task_marker_dag.py
[2024-07-27T22:08:22.471+0700] {processor.py:840} INFO - DAG(s) 'example_external_task_marker_child', 'example_external_task_marker_parent' retrieved from /usr/local/lib/python3.10/dist-packages/airflow/example_dags/example_external_task_marker_dag.py
[2024-07-27T22:08:22.485+0700] {logging_mixin.py:188} INFO - [2024-07-27T22:08:22.485+0700] {dag.py:3089} INFO - Sync 2 DAGs
[2024-07-27T22:08:22.493+0700] {logging_mixin.py:188} INFO - [2024-07-27T22:08:22.493+0700] {dag.py:3947} INFO - Setting next_dagrun for example_external_task_marker_child to None, run_after=None
[2024-07-27T22:08:22.496+0700] {logging_mixin.py:188} INFO - [2024-07-27T22:08:22.496+0700] {dag.py:3947} INFO - Setting next_dagrun for example_external_task_marker_parent to None, run_after=None
[2024-07-27T22:08:22.527+0700] {processor.py:183} INFO - Processing /usr/local/lib/python3.10/dist-packages/airflow/example_dags/example_external_task_marker_dag.py took 0.067 seconds
[2024-07-27T22:09:23.159+0700] {processor.py:161} INFO - Started process (PID=25196) to work on /usr/local/lib/python3.10/dist-packages/airflow/example_dags/example_external_task_marker_dag.py
[2024-07-27T22:09:23.161+0700] {processor.py:830} INFO - Processing file /usr/local/lib/python3.10/dist-packages/airflow/example_dags/example_external_task_marker_dag.py for tasks to queue
[2024-07-27T22:09:23.162+0700] {logging_mixin.py:188} INFO - [2024-07-27T22:09:23.162+0700] {dagbag.py:545} INFO - Filling up the DagBag from /usr/local/lib/python3.10/dist-packages/airflow/example_dags/example_external_task_marker_dag.py
[2024-07-27T22:09:23.166+0700] {processor.py:840} INFO - DAG(s) 'example_external_task_marker_parent', 'example_external_task_marker_child' retrieved from /usr/local/lib/python3.10/dist-packages/airflow/example_dags/example_external_task_marker_dag.py
[2024-07-27T22:09:23.181+0700] {logging_mixin.py:188} INFO - [2024-07-27T22:09:23.181+0700] {dag.py:3089} INFO - Sync 2 DAGs
[2024-07-27T22:09:23.191+0700] {logging_mixin.py:188} INFO - [2024-07-27T22:09:23.190+0700] {dag.py:3947} INFO - Setting next_dagrun for example_external_task_marker_child to None, run_after=None
[2024-07-27T22:09:23.193+0700] {logging_mixin.py:188} INFO - [2024-07-27T22:09:23.193+0700] {dag.py:3947} INFO - Setting next_dagrun for example_external_task_marker_parent to None, run_after=None
[2024-07-27T22:09:23.222+0700] {processor.py:183} INFO - Processing /usr/local/lib/python3.10/dist-packages/airflow/example_dags/example_external_task_marker_dag.py took 0.067 seconds
[2024-07-27T22:10:30.283+0700] {processor.py:161} INFO - Started process (PID=25762) to work on /usr/local/lib/python3.10/dist-packages/airflow/example_dags/example_external_task_marker_dag.py
[2024-07-27T22:10:30.285+0700] {processor.py:830} INFO - Processing file /usr/local/lib/python3.10/dist-packages/airflow/example_dags/example_external_task_marker_dag.py for tasks to queue
[2024-07-27T22:10:30.286+0700] {logging_mixin.py:188} INFO - [2024-07-27T22:10:30.285+0700] {dagbag.py:545} INFO - Filling up the DagBag from /usr/local/lib/python3.10/dist-packages/airflow/example_dags/example_external_task_marker_dag.py
[2024-07-27T22:10:30.286+0700] {processor.py:842} WARNING - No viable dags retrieved from /usr/local/lib/python3.10/dist-packages/airflow/example_dags/example_external_task_marker_dag.py
[2024-07-27T22:10:30.292+0700] {processor.py:183} INFO - Processing /usr/local/lib/python3.10/dist-packages/airflow/example_dags/example_external_task_marker_dag.py took 0.012 seconds
