[2024-07-27T18:30:03.648+0700] {processor.py:161} INFO - Started process (PID=1504) to work on /usr/local/lib/python3.10/dist-packages/airflow/example_dags/example_bash_decorator.py
[2024-07-27T18:30:03.649+0700] {processor.py:830} INFO - Processing file /usr/local/lib/python3.10/dist-packages/airflow/example_dags/example_bash_decorator.py for tasks to queue
[2024-07-27T18:30:03.650+0700] {logging_mixin.py:188} INFO - [2024-07-27T18:30:03.650+0700] {dagbag.py:545} INFO - Filling up the DagBag from /usr/local/lib/python3.10/dist-packages/airflow/example_dags/example_bash_decorator.py
[2024-07-27T18:30:03.661+0700] {processor.py:840} INFO - DAG(s) 'example_bash_decorator' retrieved from /usr/local/lib/python3.10/dist-packages/airflow/example_dags/example_bash_decorator.py
[2024-07-27T18:30:03.816+0700] {logging_mixin.py:188} INFO - [2024-07-27T18:30:03.816+0700] {dag.py:3089} INFO - Sync 1 DAGs
[2024-07-27T18:30:03.823+0700] {logging_mixin.py:188} INFO - [2024-07-27T18:30:03.822+0700] {dag.py:3947} INFO - Setting next_dagrun for example_bash_decorator to None, run_after=None
[2024-07-27T18:30:03.853+0700] {processor.py:183} INFO - Processing /usr/local/lib/python3.10/dist-packages/airflow/example_dags/example_bash_decorator.py took 0.210 seconds
[2024-07-27T21:32:34.115+0700] {processor.py:161} INFO - Started process (PID=1863) to work on /usr/local/lib/python3.10/dist-packages/airflow/example_dags/example_bash_decorator.py
[2024-07-27T21:32:34.117+0700] {processor.py:830} INFO - Processing file /usr/local/lib/python3.10/dist-packages/airflow/example_dags/example_bash_decorator.py for tasks to queue
[2024-07-27T21:32:34.118+0700] {logging_mixin.py:188} INFO - [2024-07-27T21:32:34.118+0700] {dagbag.py:545} INFO - Filling up the DagBag from /usr/local/lib/python3.10/dist-packages/airflow/example_dags/example_bash_decorator.py
[2024-07-27T21:32:34.127+0700] {processor.py:840} INFO - DAG(s) 'example_bash_decorator' retrieved from /usr/local/lib/python3.10/dist-packages/airflow/example_dags/example_bash_decorator.py
[2024-07-27T21:32:34.289+0700] {logging_mixin.py:188} INFO - [2024-07-27T21:32:34.288+0700] {dag.py:3089} INFO - Sync 1 DAGs
[2024-07-27T21:32:34.296+0700] {logging_mixin.py:188} INFO - [2024-07-27T21:32:34.296+0700] {dag.py:3947} INFO - Setting next_dagrun for example_bash_decorator to None, run_after=None
[2024-07-27T21:32:34.325+0700] {processor.py:183} INFO - Processing /usr/local/lib/python3.10/dist-packages/airflow/example_dags/example_bash_decorator.py took 0.214 seconds
[2024-07-27T21:33:24.898+0700] {processor.py:161} INFO - Started process (PID=2305) to work on /usr/local/lib/python3.10/dist-packages/airflow/example_dags/example_bash_decorator.py
[2024-07-27T21:33:24.900+0700] {processor.py:830} INFO - Processing file /usr/local/lib/python3.10/dist-packages/airflow/example_dags/example_bash_decorator.py for tasks to queue
[2024-07-27T21:33:24.901+0700] {logging_mixin.py:188} INFO - [2024-07-27T21:33:24.901+0700] {dagbag.py:545} INFO - Filling up the DagBag from /usr/local/lib/python3.10/dist-packages/airflow/example_dags/example_bash_decorator.py
[2024-07-27T21:33:24.912+0700] {processor.py:840} INFO - DAG(s) 'example_bash_decorator' retrieved from /usr/local/lib/python3.10/dist-packages/airflow/example_dags/example_bash_decorator.py
[2024-07-27T21:33:24.928+0700] {logging_mixin.py:188} INFO - [2024-07-27T21:33:24.927+0700] {dag.py:3089} INFO - Sync 1 DAGs
[2024-07-27T21:33:24.938+0700] {logging_mixin.py:188} INFO - [2024-07-27T21:33:24.937+0700] {dag.py:3947} INFO - Setting next_dagrun for example_bash_decorator to None, run_after=None
[2024-07-27T21:33:25.071+0700] {processor.py:183} INFO - Processing /usr/local/lib/python3.10/dist-packages/airflow/example_dags/example_bash_decorator.py took 0.178 seconds
[2024-07-27T21:34:32.908+0700] {processor.py:161} INFO - Started process (PID=3125) to work on /usr/local/lib/python3.10/dist-packages/airflow/example_dags/example_bash_decorator.py
[2024-07-27T21:34:32.909+0700] {processor.py:830} INFO - Processing file /usr/local/lib/python3.10/dist-packages/airflow/example_dags/example_bash_decorator.py for tasks to queue
[2024-07-27T21:34:32.910+0700] {logging_mixin.py:188} INFO - [2024-07-27T21:34:32.910+0700] {dagbag.py:545} INFO - Filling up the DagBag from /usr/local/lib/python3.10/dist-packages/airflow/example_dags/example_bash_decorator.py
[2024-07-27T21:34:32.921+0700] {processor.py:840} INFO - DAG(s) 'example_bash_decorator' retrieved from /usr/local/lib/python3.10/dist-packages/airflow/example_dags/example_bash_decorator.py
[2024-07-27T21:34:32.935+0700] {logging_mixin.py:188} INFO - [2024-07-27T21:34:32.935+0700] {dag.py:3089} INFO - Sync 1 DAGs
[2024-07-27T21:34:32.944+0700] {logging_mixin.py:188} INFO - [2024-07-27T21:34:32.943+0700] {dag.py:3947} INFO - Setting next_dagrun for example_bash_decorator to None, run_after=None
[2024-07-27T21:34:32.978+0700] {processor.py:183} INFO - Processing /usr/local/lib/python3.10/dist-packages/airflow/example_dags/example_bash_decorator.py took 0.075 seconds
[2024-07-27T21:35:24.859+0700] {processor.py:161} INFO - Started process (PID=3567) to work on /usr/local/lib/python3.10/dist-packages/airflow/example_dags/example_bash_decorator.py
[2024-07-27T21:35:24.860+0700] {processor.py:830} INFO - Processing file /usr/local/lib/python3.10/dist-packages/airflow/example_dags/example_bash_decorator.py for tasks to queue
[2024-07-27T21:35:24.861+0700] {logging_mixin.py:188} INFO - [2024-07-27T21:35:24.861+0700] {dagbag.py:545} INFO - Filling up the DagBag from /usr/local/lib/python3.10/dist-packages/airflow/example_dags/example_bash_decorator.py
[2024-07-27T21:35:24.878+0700] {processor.py:840} INFO - DAG(s) 'example_bash_decorator' retrieved from /usr/local/lib/python3.10/dist-packages/airflow/example_dags/example_bash_decorator.py
[2024-07-27T21:35:24.902+0700] {logging_mixin.py:188} INFO - [2024-07-27T21:35:24.901+0700] {dag.py:3089} INFO - Sync 1 DAGs
[2024-07-27T21:35:24.916+0700] {logging_mixin.py:188} INFO - [2024-07-27T21:35:24.916+0700] {dag.py:3947} INFO - Setting next_dagrun for example_bash_decorator to None, run_after=None
[2024-07-27T21:35:24.949+0700] {processor.py:183} INFO - Processing /usr/local/lib/python3.10/dist-packages/airflow/example_dags/example_bash_decorator.py took 0.098 seconds
[2024-07-27T21:36:29.628+0700] {processor.py:161} INFO - Started process (PID=4112) to work on /usr/local/lib/python3.10/dist-packages/airflow/example_dags/example_bash_decorator.py
[2024-07-27T21:36:29.631+0700] {processor.py:830} INFO - Processing file /usr/local/lib/python3.10/dist-packages/airflow/example_dags/example_bash_decorator.py for tasks to queue
[2024-07-27T21:36:29.632+0700] {logging_mixin.py:188} INFO - [2024-07-27T21:36:29.632+0700] {dagbag.py:545} INFO - Filling up the DagBag from /usr/local/lib/python3.10/dist-packages/airflow/example_dags/example_bash_decorator.py
[2024-07-27T21:36:29.643+0700] {processor.py:840} INFO - DAG(s) 'example_bash_decorator' retrieved from /usr/local/lib/python3.10/dist-packages/airflow/example_dags/example_bash_decorator.py
[2024-07-27T21:36:29.657+0700] {logging_mixin.py:188} INFO - [2024-07-27T21:36:29.657+0700] {dag.py:3089} INFO - Sync 1 DAGs
[2024-07-27T21:36:29.667+0700] {logging_mixin.py:188} INFO - [2024-07-27T21:36:29.667+0700] {dag.py:3947} INFO - Setting next_dagrun for example_bash_decorator to None, run_after=None
[2024-07-27T21:36:29.698+0700] {processor.py:183} INFO - Processing /usr/local/lib/python3.10/dist-packages/airflow/example_dags/example_bash_decorator.py took 0.075 seconds
[2024-07-27T21:37:30.331+0700] {processor.py:161} INFO - Started process (PID=4642) to work on /usr/local/lib/python3.10/dist-packages/airflow/example_dags/example_bash_decorator.py
[2024-07-27T21:37:30.334+0700] {processor.py:830} INFO - Processing file /usr/local/lib/python3.10/dist-packages/airflow/example_dags/example_bash_decorator.py for tasks to queue
[2024-07-27T21:37:30.335+0700] {logging_mixin.py:188} INFO - [2024-07-27T21:37:30.335+0700] {dagbag.py:545} INFO - Filling up the DagBag from /usr/local/lib/python3.10/dist-packages/airflow/example_dags/example_bash_decorator.py
[2024-07-27T21:37:30.345+0700] {processor.py:840} INFO - DAG(s) 'example_bash_decorator' retrieved from /usr/local/lib/python3.10/dist-packages/airflow/example_dags/example_bash_decorator.py
[2024-07-27T21:37:30.360+0700] {logging_mixin.py:188} INFO - [2024-07-27T21:37:30.360+0700] {dag.py:3089} INFO - Sync 1 DAGs
[2024-07-27T21:37:30.374+0700] {logging_mixin.py:188} INFO - [2024-07-27T21:37:30.374+0700] {dag.py:3947} INFO - Setting next_dagrun for example_bash_decorator to None, run_after=None
[2024-07-27T21:37:30.404+0700] {processor.py:183} INFO - Processing /usr/local/lib/python3.10/dist-packages/airflow/example_dags/example_bash_decorator.py took 0.077 seconds
[2024-07-27T21:38:38.133+0700] {processor.py:161} INFO - Started process (PID=5176) to work on /usr/local/lib/python3.10/dist-packages/airflow/example_dags/example_bash_decorator.py
[2024-07-27T21:38:38.137+0700] {processor.py:830} INFO - Processing file /usr/local/lib/python3.10/dist-packages/airflow/example_dags/example_bash_decorator.py for tasks to queue
[2024-07-27T21:38:38.138+0700] {logging_mixin.py:188} INFO - [2024-07-27T21:38:38.138+0700] {dagbag.py:545} INFO - Filling up the DagBag from /usr/local/lib/python3.10/dist-packages/airflow/example_dags/example_bash_decorator.py
[2024-07-27T21:38:38.157+0700] {processor.py:840} INFO - DAG(s) 'example_bash_decorator' retrieved from /usr/local/lib/python3.10/dist-packages/airflow/example_dags/example_bash_decorator.py
[2024-07-27T21:38:38.178+0700] {logging_mixin.py:188} INFO - [2024-07-27T21:38:38.178+0700] {dag.py:3089} INFO - Sync 1 DAGs
[2024-07-27T21:38:38.193+0700] {logging_mixin.py:188} INFO - [2024-07-27T21:38:38.193+0700] {dag.py:3947} INFO - Setting next_dagrun for example_bash_decorator to None, run_after=None
[2024-07-27T21:38:38.233+0700] {processor.py:183} INFO - Processing /usr/local/lib/python3.10/dist-packages/airflow/example_dags/example_bash_decorator.py took 0.107 seconds
[2024-07-27T21:39:45.699+0700] {processor.py:161} INFO - Started process (PID=5920) to work on /usr/local/lib/python3.10/dist-packages/airflow/example_dags/example_bash_decorator.py
[2024-07-27T21:39:45.700+0700] {processor.py:830} INFO - Processing file /usr/local/lib/python3.10/dist-packages/airflow/example_dags/example_bash_decorator.py for tasks to queue
[2024-07-27T21:39:45.701+0700] {logging_mixin.py:188} INFO - [2024-07-27T21:39:45.701+0700] {dagbag.py:545} INFO - Filling up the DagBag from /usr/local/lib/python3.10/dist-packages/airflow/example_dags/example_bash_decorator.py
[2024-07-27T21:39:45.714+0700] {processor.py:840} INFO - DAG(s) 'example_bash_decorator' retrieved from /usr/local/lib/python3.10/dist-packages/airflow/example_dags/example_bash_decorator.py
[2024-07-27T21:39:45.730+0700] {logging_mixin.py:188} INFO - [2024-07-27T21:39:45.730+0700] {dag.py:3089} INFO - Sync 1 DAGs
[2024-07-27T21:39:45.741+0700] {logging_mixin.py:188} INFO - [2024-07-27T21:39:45.741+0700] {dag.py:3947} INFO - Setting next_dagrun for example_bash_decorator to None, run_after=None
[2024-07-27T21:39:45.773+0700] {processor.py:183} INFO - Processing /usr/local/lib/python3.10/dist-packages/airflow/example_dags/example_bash_decorator.py took 0.080 seconds
[2024-07-27T21:40:47.260+0700] {processor.py:161} INFO - Started process (PID=6580) to work on /usr/local/lib/python3.10/dist-packages/airflow/example_dags/example_bash_decorator.py
[2024-07-27T21:40:47.262+0700] {processor.py:830} INFO - Processing file /usr/local/lib/python3.10/dist-packages/airflow/example_dags/example_bash_decorator.py for tasks to queue
[2024-07-27T21:40:47.263+0700] {logging_mixin.py:188} INFO - [2024-07-27T21:40:47.262+0700] {dagbag.py:545} INFO - Filling up the DagBag from /usr/local/lib/python3.10/dist-packages/airflow/example_dags/example_bash_decorator.py
[2024-07-27T21:40:47.273+0700] {processor.py:840} INFO - DAG(s) 'example_bash_decorator' retrieved from /usr/local/lib/python3.10/dist-packages/airflow/example_dags/example_bash_decorator.py
[2024-07-27T21:40:47.287+0700] {logging_mixin.py:188} INFO - [2024-07-27T21:40:47.286+0700] {dag.py:3089} INFO - Sync 1 DAGs
[2024-07-27T21:40:47.296+0700] {logging_mixin.py:188} INFO - [2024-07-27T21:40:47.296+0700] {dag.py:3947} INFO - Setting next_dagrun for example_bash_decorator to None, run_after=None
[2024-07-27T21:40:47.327+0700] {processor.py:183} INFO - Processing /usr/local/lib/python3.10/dist-packages/airflow/example_dags/example_bash_decorator.py took 0.071 seconds
[2024-07-27T21:41:50.959+0700] {processor.py:161} INFO - Started process (PID=7301) to work on /usr/local/lib/python3.10/dist-packages/airflow/example_dags/example_bash_decorator.py
[2024-07-27T21:41:50.960+0700] {processor.py:830} INFO - Processing file /usr/local/lib/python3.10/dist-packages/airflow/example_dags/example_bash_decorator.py for tasks to queue
[2024-07-27T21:41:50.961+0700] {logging_mixin.py:188} INFO - [2024-07-27T21:41:50.961+0700] {dagbag.py:545} INFO - Filling up the DagBag from /usr/local/lib/python3.10/dist-packages/airflow/example_dags/example_bash_decorator.py
[2024-07-27T21:41:50.974+0700] {processor.py:840} INFO - DAG(s) 'example_bash_decorator' retrieved from /usr/local/lib/python3.10/dist-packages/airflow/example_dags/example_bash_decorator.py
[2024-07-27T21:41:50.992+0700] {logging_mixin.py:188} INFO - [2024-07-27T21:41:50.992+0700] {dag.py:3089} INFO - Sync 1 DAGs
[2024-07-27T21:41:51.000+0700] {logging_mixin.py:188} INFO - [2024-07-27T21:41:51.000+0700] {dag.py:3947} INFO - Setting next_dagrun for example_bash_decorator to None, run_after=None
[2024-07-27T21:41:51.033+0700] {processor.py:183} INFO - Processing /usr/local/lib/python3.10/dist-packages/airflow/example_dags/example_bash_decorator.py took 0.079 seconds
[2024-07-27T21:44:46.639+0700] {processor.py:161} INFO - Started process (PID=9538) to work on /usr/local/lib/python3.10/dist-packages/airflow/example_dags/example_bash_decorator.py
[2024-07-27T21:44:46.640+0700] {processor.py:830} INFO - Processing file /usr/local/lib/python3.10/dist-packages/airflow/example_dags/example_bash_decorator.py for tasks to queue
[2024-07-27T21:44:46.641+0700] {logging_mixin.py:188} INFO - [2024-07-27T21:44:46.641+0700] {dagbag.py:545} INFO - Filling up the DagBag from /usr/local/lib/python3.10/dist-packages/airflow/example_dags/example_bash_decorator.py
[2024-07-27T21:44:46.651+0700] {processor.py:840} INFO - DAG(s) 'example_bash_decorator' retrieved from /usr/local/lib/python3.10/dist-packages/airflow/example_dags/example_bash_decorator.py
[2024-07-27T21:44:46.667+0700] {logging_mixin.py:188} INFO - [2024-07-27T21:44:46.666+0700] {dag.py:3089} INFO - Sync 1 DAGs
[2024-07-27T21:44:46.675+0700] {logging_mixin.py:188} INFO - [2024-07-27T21:44:46.675+0700] {dag.py:3947} INFO - Setting next_dagrun for example_bash_decorator to None, run_after=None
[2024-07-27T21:44:46.705+0700] {processor.py:183} INFO - Processing /usr/local/lib/python3.10/dist-packages/airflow/example_dags/example_bash_decorator.py took 0.071 seconds
[2024-07-27T21:45:37.916+0700] {processor.py:161} INFO - Started process (PID=10013) to work on /usr/local/lib/python3.10/dist-packages/airflow/example_dags/example_bash_decorator.py
[2024-07-27T21:45:37.919+0700] {processor.py:830} INFO - Processing file /usr/local/lib/python3.10/dist-packages/airflow/example_dags/example_bash_decorator.py for tasks to queue
[2024-07-27T21:45:37.919+0700] {logging_mixin.py:188} INFO - [2024-07-27T21:45:37.919+0700] {dagbag.py:545} INFO - Filling up the DagBag from /usr/local/lib/python3.10/dist-packages/airflow/example_dags/example_bash_decorator.py
[2024-07-27T21:45:37.930+0700] {processor.py:840} INFO - DAG(s) 'example_bash_decorator' retrieved from /usr/local/lib/python3.10/dist-packages/airflow/example_dags/example_bash_decorator.py
[2024-07-27T21:45:37.947+0700] {logging_mixin.py:188} INFO - [2024-07-27T21:45:37.947+0700] {dag.py:3089} INFO - Sync 1 DAGs
[2024-07-27T21:45:37.957+0700] {logging_mixin.py:188} INFO - [2024-07-27T21:45:37.957+0700] {dag.py:3947} INFO - Setting next_dagrun for example_bash_decorator to None, run_after=None
[2024-07-27T21:45:37.987+0700] {processor.py:183} INFO - Processing /usr/local/lib/python3.10/dist-packages/airflow/example_dags/example_bash_decorator.py took 0.076 seconds
[2024-07-27T21:48:43.833+0700] {processor.py:161} INFO - Started process (PID=12040) to work on /usr/local/lib/python3.10/dist-packages/airflow/example_dags/example_bash_decorator.py
[2024-07-27T21:48:43.836+0700] {processor.py:830} INFO - Processing file /usr/local/lib/python3.10/dist-packages/airflow/example_dags/example_bash_decorator.py for tasks to queue
[2024-07-27T21:48:43.836+0700] {logging_mixin.py:188} INFO - [2024-07-27T21:48:43.836+0700] {dagbag.py:545} INFO - Filling up the DagBag from /usr/local/lib/python3.10/dist-packages/airflow/example_dags/example_bash_decorator.py
[2024-07-27T21:48:43.846+0700] {processor.py:840} INFO - DAG(s) 'example_bash_decorator' retrieved from /usr/local/lib/python3.10/dist-packages/airflow/example_dags/example_bash_decorator.py
[2024-07-27T21:48:43.861+0700] {logging_mixin.py:188} INFO - [2024-07-27T21:48:43.861+0700] {dag.py:3089} INFO - Sync 1 DAGs
[2024-07-27T21:48:43.869+0700] {logging_mixin.py:188} INFO - [2024-07-27T21:48:43.868+0700] {dag.py:3947} INFO - Setting next_dagrun for example_bash_decorator to None, run_after=None
[2024-07-27T21:48:43.896+0700] {processor.py:183} INFO - Processing /usr/local/lib/python3.10/dist-packages/airflow/example_dags/example_bash_decorator.py took 0.067 seconds
[2024-07-27T21:49:34.684+0700] {processor.py:161} INFO - Started process (PID=12570) to work on /usr/local/lib/python3.10/dist-packages/airflow/example_dags/example_bash_decorator.py
[2024-07-27T21:49:34.685+0700] {processor.py:830} INFO - Processing file /usr/local/lib/python3.10/dist-packages/airflow/example_dags/example_bash_decorator.py for tasks to queue
[2024-07-27T21:49:34.686+0700] {logging_mixin.py:188} INFO - [2024-07-27T21:49:34.686+0700] {dagbag.py:545} INFO - Filling up the DagBag from /usr/local/lib/python3.10/dist-packages/airflow/example_dags/example_bash_decorator.py
[2024-07-27T21:49:34.696+0700] {processor.py:840} INFO - DAG(s) 'example_bash_decorator' retrieved from /usr/local/lib/python3.10/dist-packages/airflow/example_dags/example_bash_decorator.py
[2024-07-27T21:49:34.711+0700] {logging_mixin.py:188} INFO - [2024-07-27T21:49:34.711+0700] {dag.py:3089} INFO - Sync 1 DAGs
[2024-07-27T21:49:34.719+0700] {logging_mixin.py:188} INFO - [2024-07-27T21:49:34.719+0700] {dag.py:3947} INFO - Setting next_dagrun for example_bash_decorator to None, run_after=None
[2024-07-27T21:49:34.750+0700] {processor.py:183} INFO - Processing /usr/local/lib/python3.10/dist-packages/airflow/example_dags/example_bash_decorator.py took 0.071 seconds
[2024-07-27T21:50:34.483+0700] {processor.py:161} INFO - Started process (PID=13221) to work on /usr/local/lib/python3.10/dist-packages/airflow/example_dags/example_bash_decorator.py
[2024-07-27T21:50:34.486+0700] {processor.py:830} INFO - Processing file /usr/local/lib/python3.10/dist-packages/airflow/example_dags/example_bash_decorator.py for tasks to queue
[2024-07-27T21:50:34.487+0700] {logging_mixin.py:188} INFO - [2024-07-27T21:50:34.487+0700] {dagbag.py:545} INFO - Filling up the DagBag from /usr/local/lib/python3.10/dist-packages/airflow/example_dags/example_bash_decorator.py
[2024-07-27T21:50:34.497+0700] {processor.py:840} INFO - DAG(s) 'example_bash_decorator' retrieved from /usr/local/lib/python3.10/dist-packages/airflow/example_dags/example_bash_decorator.py
[2024-07-27T21:50:34.511+0700] {logging_mixin.py:188} INFO - [2024-07-27T21:50:34.511+0700] {dag.py:3089} INFO - Sync 1 DAGs
[2024-07-27T21:50:34.519+0700] {logging_mixin.py:188} INFO - [2024-07-27T21:50:34.519+0700] {dag.py:3947} INFO - Setting next_dagrun for example_bash_decorator to None, run_after=None
[2024-07-27T21:50:34.547+0700] {processor.py:183} INFO - Processing /usr/local/lib/python3.10/dist-packages/airflow/example_dags/example_bash_decorator.py took 0.068 seconds
[2024-07-27T21:51:34.043+0700] {processor.py:161} INFO - Started process (PID=13739) to work on /usr/local/lib/python3.10/dist-packages/airflow/example_dags/example_bash_decorator.py
[2024-07-27T21:51:34.044+0700] {processor.py:830} INFO - Processing file /usr/local/lib/python3.10/dist-packages/airflow/example_dags/example_bash_decorator.py for tasks to queue
[2024-07-27T21:51:34.045+0700] {logging_mixin.py:188} INFO - [2024-07-27T21:51:34.044+0700] {dagbag.py:545} INFO - Filling up the DagBag from /usr/local/lib/python3.10/dist-packages/airflow/example_dags/example_bash_decorator.py
[2024-07-27T21:51:34.055+0700] {processor.py:840} INFO - DAG(s) 'example_bash_decorator' retrieved from /usr/local/lib/python3.10/dist-packages/airflow/example_dags/example_bash_decorator.py
[2024-07-27T21:51:34.071+0700] {logging_mixin.py:188} INFO - [2024-07-27T21:51:34.071+0700] {dag.py:3089} INFO - Sync 1 DAGs
[2024-07-27T21:51:34.079+0700] {logging_mixin.py:188} INFO - [2024-07-27T21:51:34.079+0700] {dag.py:3947} INFO - Setting next_dagrun for example_bash_decorator to None, run_after=None
[2024-07-27T21:51:34.111+0700] {processor.py:183} INFO - Processing /usr/local/lib/python3.10/dist-packages/airflow/example_dags/example_bash_decorator.py took 0.073 seconds
[2024-07-27T21:55:10.727+0700] {processor.py:161} INFO - Started process (PID=16158) to work on /usr/local/lib/python3.10/dist-packages/airflow/example_dags/example_bash_decorator.py
[2024-07-27T21:55:10.729+0700] {processor.py:830} INFO - Processing file /usr/local/lib/python3.10/dist-packages/airflow/example_dags/example_bash_decorator.py for tasks to queue
[2024-07-27T21:55:10.730+0700] {logging_mixin.py:188} INFO - [2024-07-27T21:55:10.729+0700] {dagbag.py:545} INFO - Filling up the DagBag from /usr/local/lib/python3.10/dist-packages/airflow/example_dags/example_bash_decorator.py
[2024-07-27T21:55:10.740+0700] {processor.py:840} INFO - DAG(s) 'example_bash_decorator' retrieved from /usr/local/lib/python3.10/dist-packages/airflow/example_dags/example_bash_decorator.py
[2024-07-27T21:55:10.758+0700] {logging_mixin.py:188} INFO - [2024-07-27T21:55:10.758+0700] {dag.py:3089} INFO - Sync 1 DAGs
[2024-07-27T21:55:10.767+0700] {logging_mixin.py:188} INFO - [2024-07-27T21:55:10.767+0700] {dag.py:3947} INFO - Setting next_dagrun for example_bash_decorator to None, run_after=None
[2024-07-27T21:55:10.797+0700] {processor.py:183} INFO - Processing /usr/local/lib/python3.10/dist-packages/airflow/example_dags/example_bash_decorator.py took 0.076 seconds
[2024-07-27T21:58:33.645+0700] {processor.py:161} INFO - Started process (PID=18781) to work on /usr/local/lib/python3.10/dist-packages/airflow/example_dags/example_bash_decorator.py
[2024-07-27T21:58:33.647+0700] {processor.py:830} INFO - Processing file /usr/local/lib/python3.10/dist-packages/airflow/example_dags/example_bash_decorator.py for tasks to queue
[2024-07-27T21:58:33.648+0700] {logging_mixin.py:188} INFO - [2024-07-27T21:58:33.648+0700] {dagbag.py:545} INFO - Filling up the DagBag from /usr/local/lib/python3.10/dist-packages/airflow/example_dags/example_bash_decorator.py
[2024-07-27T21:58:33.658+0700] {processor.py:840} INFO - DAG(s) 'example_bash_decorator' retrieved from /usr/local/lib/python3.10/dist-packages/airflow/example_dags/example_bash_decorator.py
[2024-07-27T21:58:33.673+0700] {logging_mixin.py:188} INFO - [2024-07-27T21:58:33.673+0700] {dag.py:3089} INFO - Sync 1 DAGs
[2024-07-27T21:58:33.683+0700] {logging_mixin.py:188} INFO - [2024-07-27T21:58:33.683+0700] {dag.py:3947} INFO - Setting next_dagrun for example_bash_decorator to None, run_after=None
[2024-07-27T21:58:33.703+0700] {processor.py:183} INFO - Processing /usr/local/lib/python3.10/dist-packages/airflow/example_dags/example_bash_decorator.py took 0.062 seconds
[2024-07-27T21:59:25.314+0700] {processor.py:161} INFO - Started process (PID=19219) to work on /usr/local/lib/python3.10/dist-packages/airflow/example_dags/example_bash_decorator.py
[2024-07-27T21:59:25.315+0700] {processor.py:830} INFO - Processing file /usr/local/lib/python3.10/dist-packages/airflow/example_dags/example_bash_decorator.py for tasks to queue
[2024-07-27T21:59:25.316+0700] {logging_mixin.py:188} INFO - [2024-07-27T21:59:25.316+0700] {dagbag.py:545} INFO - Filling up the DagBag from /usr/local/lib/python3.10/dist-packages/airflow/example_dags/example_bash_decorator.py
[2024-07-27T21:59:25.326+0700] {processor.py:840} INFO - DAG(s) 'example_bash_decorator' retrieved from /usr/local/lib/python3.10/dist-packages/airflow/example_dags/example_bash_decorator.py
[2024-07-27T21:59:25.340+0700] {logging_mixin.py:188} INFO - [2024-07-27T21:59:25.340+0700] {dag.py:3089} INFO - Sync 1 DAGs
[2024-07-27T21:59:25.348+0700] {logging_mixin.py:188} INFO - [2024-07-27T21:59:25.348+0700] {dag.py:3947} INFO - Setting next_dagrun for example_bash_decorator to None, run_after=None
[2024-07-27T21:59:25.368+0700] {processor.py:183} INFO - Processing /usr/local/lib/python3.10/dist-packages/airflow/example_dags/example_bash_decorator.py took 0.059 seconds
[2024-07-27T22:00:33.236+0700] {processor.py:161} INFO - Started process (PID=19835) to work on /usr/local/lib/python3.10/dist-packages/airflow/example_dags/example_bash_decorator.py
[2024-07-27T22:00:33.238+0700] {processor.py:830} INFO - Processing file /usr/local/lib/python3.10/dist-packages/airflow/example_dags/example_bash_decorator.py for tasks to queue
[2024-07-27T22:00:33.240+0700] {logging_mixin.py:188} INFO - [2024-07-27T22:00:33.239+0700] {dagbag.py:545} INFO - Filling up the DagBag from /usr/local/lib/python3.10/dist-packages/airflow/example_dags/example_bash_decorator.py
[2024-07-27T22:00:33.272+0700] {processor.py:840} INFO - DAG(s) 'example_bash_decorator' retrieved from /usr/local/lib/python3.10/dist-packages/airflow/example_dags/example_bash_decorator.py
[2024-07-27T22:00:33.295+0700] {logging_mixin.py:188} INFO - [2024-07-27T22:00:33.294+0700] {dag.py:3089} INFO - Sync 1 DAGs
[2024-07-27T22:00:33.307+0700] {logging_mixin.py:188} INFO - [2024-07-27T22:00:33.306+0700] {dag.py:3947} INFO - Setting next_dagrun for example_bash_decorator to None, run_after=None
[2024-07-27T22:00:33.343+0700] {processor.py:183} INFO - Processing /usr/local/lib/python3.10/dist-packages/airflow/example_dags/example_bash_decorator.py took 0.117 seconds
[2024-07-27T22:01:27.800+0700] {processor.py:161} INFO - Started process (PID=20258) to work on /usr/local/lib/python3.10/dist-packages/airflow/example_dags/example_bash_decorator.py
[2024-07-27T22:01:27.803+0700] {processor.py:830} INFO - Processing file /usr/local/lib/python3.10/dist-packages/airflow/example_dags/example_bash_decorator.py for tasks to queue
[2024-07-27T22:01:27.805+0700] {logging_mixin.py:188} INFO - [2024-07-27T22:01:27.804+0700] {dagbag.py:545} INFO - Filling up the DagBag from /usr/local/lib/python3.10/dist-packages/airflow/example_dags/example_bash_decorator.py
[2024-07-27T22:01:27.822+0700] {processor.py:840} INFO - DAG(s) 'example_bash_decorator' retrieved from /usr/local/lib/python3.10/dist-packages/airflow/example_dags/example_bash_decorator.py
[2024-07-27T22:01:27.840+0700] {logging_mixin.py:188} INFO - [2024-07-27T22:01:27.839+0700] {dag.py:3089} INFO - Sync 1 DAGs
[2024-07-27T22:01:27.853+0700] {logging_mixin.py:188} INFO - [2024-07-27T22:01:27.852+0700] {dag.py:3947} INFO - Setting next_dagrun for example_bash_decorator to None, run_after=None
[2024-07-27T22:01:27.877+0700] {processor.py:183} INFO - Processing /usr/local/lib/python3.10/dist-packages/airflow/example_dags/example_bash_decorator.py took 0.081 seconds
[2024-07-27T22:02:28.611+0700] {processor.py:161} INFO - Started process (PID=20874) to work on /usr/local/lib/python3.10/dist-packages/airflow/example_dags/example_bash_decorator.py
[2024-07-27T22:02:28.612+0700] {processor.py:830} INFO - Processing file /usr/local/lib/python3.10/dist-packages/airflow/example_dags/example_bash_decorator.py for tasks to queue
[2024-07-27T22:02:28.613+0700] {logging_mixin.py:188} INFO - [2024-07-27T22:02:28.612+0700] {dagbag.py:545} INFO - Filling up the DagBag from /usr/local/lib/python3.10/dist-packages/airflow/example_dags/example_bash_decorator.py
[2024-07-27T22:02:28.624+0700] {processor.py:840} INFO - DAG(s) 'example_bash_decorator' retrieved from /usr/local/lib/python3.10/dist-packages/airflow/example_dags/example_bash_decorator.py
[2024-07-27T22:02:28.639+0700] {logging_mixin.py:188} INFO - [2024-07-27T22:02:28.639+0700] {dag.py:3089} INFO - Sync 1 DAGs
[2024-07-27T22:02:28.649+0700] {logging_mixin.py:188} INFO - [2024-07-27T22:02:28.648+0700] {dag.py:3947} INFO - Setting next_dagrun for example_bash_decorator to None, run_after=None
[2024-07-27T22:02:28.678+0700] {processor.py:183} INFO - Processing /usr/local/lib/python3.10/dist-packages/airflow/example_dags/example_bash_decorator.py took 0.072 seconds
[2024-07-27T22:03:33.574+0700] {processor.py:161} INFO - Started process (PID=21486) to work on /usr/local/lib/python3.10/dist-packages/airflow/example_dags/example_bash_decorator.py
[2024-07-27T22:03:33.577+0700] {processor.py:830} INFO - Processing file /usr/local/lib/python3.10/dist-packages/airflow/example_dags/example_bash_decorator.py for tasks to queue
[2024-07-27T22:03:33.578+0700] {logging_mixin.py:188} INFO - [2024-07-27T22:03:33.578+0700] {dagbag.py:545} INFO - Filling up the DagBag from /usr/local/lib/python3.10/dist-packages/airflow/example_dags/example_bash_decorator.py
[2024-07-27T22:03:33.589+0700] {processor.py:840} INFO - DAG(s) 'example_bash_decorator' retrieved from /usr/local/lib/python3.10/dist-packages/airflow/example_dags/example_bash_decorator.py
[2024-07-27T22:03:33.604+0700] {logging_mixin.py:188} INFO - [2024-07-27T22:03:33.604+0700] {dag.py:3089} INFO - Sync 1 DAGs
[2024-07-27T22:03:33.612+0700] {logging_mixin.py:188} INFO - [2024-07-27T22:03:33.612+0700] {dag.py:3947} INFO - Setting next_dagrun for example_bash_decorator to None, run_after=None
[2024-07-27T22:03:33.641+0700] {processor.py:183} INFO - Processing /usr/local/lib/python3.10/dist-packages/airflow/example_dags/example_bash_decorator.py took 0.071 seconds
[2024-07-27T22:04:39.917+0700] {processor.py:161} INFO - Started process (PID=22251) to work on /usr/local/lib/python3.10/dist-packages/airflow/example_dags/example_bash_decorator.py
[2024-07-27T22:04:39.919+0700] {processor.py:830} INFO - Processing file /usr/local/lib/python3.10/dist-packages/airflow/example_dags/example_bash_decorator.py for tasks to queue
[2024-07-27T22:04:39.919+0700] {logging_mixin.py:188} INFO - [2024-07-27T22:04:39.919+0700] {dagbag.py:545} INFO - Filling up the DagBag from /usr/local/lib/python3.10/dist-packages/airflow/example_dags/example_bash_decorator.py
[2024-07-27T22:04:39.931+0700] {processor.py:840} INFO - DAG(s) 'example_bash_decorator' retrieved from /usr/local/lib/python3.10/dist-packages/airflow/example_dags/example_bash_decorator.py
[2024-07-27T22:04:39.945+0700] {logging_mixin.py:188} INFO - [2024-07-27T22:04:39.945+0700] {dag.py:3089} INFO - Sync 1 DAGs
[2024-07-27T22:04:39.953+0700] {logging_mixin.py:188} INFO - [2024-07-27T22:04:39.953+0700] {dag.py:3947} INFO - Setting next_dagrun for example_bash_decorator to None, run_after=None
[2024-07-27T22:04:39.983+0700] {processor.py:183} INFO - Processing /usr/local/lib/python3.10/dist-packages/airflow/example_dags/example_bash_decorator.py took 0.072 seconds
[2024-07-27T22:05:44.536+0700] {processor.py:161} INFO - Started process (PID=22794) to work on /usr/local/lib/python3.10/dist-packages/airflow/example_dags/example_bash_decorator.py
[2024-07-27T22:05:44.538+0700] {processor.py:830} INFO - Processing file /usr/local/lib/python3.10/dist-packages/airflow/example_dags/example_bash_decorator.py for tasks to queue
[2024-07-27T22:05:44.539+0700] {logging_mixin.py:188} INFO - [2024-07-27T22:05:44.539+0700] {dagbag.py:545} INFO - Filling up the DagBag from /usr/local/lib/python3.10/dist-packages/airflow/example_dags/example_bash_decorator.py
[2024-07-27T22:05:44.551+0700] {processor.py:840} INFO - DAG(s) 'example_bash_decorator' retrieved from /usr/local/lib/python3.10/dist-packages/airflow/example_dags/example_bash_decorator.py
[2024-07-27T22:05:44.571+0700] {logging_mixin.py:188} INFO - [2024-07-27T22:05:44.570+0700] {dag.py:3089} INFO - Sync 1 DAGs
[2024-07-27T22:05:44.580+0700] {logging_mixin.py:188} INFO - [2024-07-27T22:05:44.579+0700] {dag.py:3947} INFO - Setting next_dagrun for example_bash_decorator to None, run_after=None
[2024-07-27T22:05:44.609+0700] {processor.py:183} INFO - Processing /usr/local/lib/python3.10/dist-packages/airflow/example_dags/example_bash_decorator.py took 0.078 seconds
[2024-07-27T22:06:55.473+0700] {processor.py:161} INFO - Started process (PID=23687) to work on /usr/local/lib/python3.10/dist-packages/airflow/example_dags/example_bash_decorator.py
[2024-07-27T22:06:55.475+0700] {processor.py:830} INFO - Processing file /usr/local/lib/python3.10/dist-packages/airflow/example_dags/example_bash_decorator.py for tasks to queue
[2024-07-27T22:06:55.476+0700] {logging_mixin.py:188} INFO - [2024-07-27T22:06:55.476+0700] {dagbag.py:545} INFO - Filling up the DagBag from /usr/local/lib/python3.10/dist-packages/airflow/example_dags/example_bash_decorator.py
[2024-07-27T22:06:55.486+0700] {processor.py:840} INFO - DAG(s) 'example_bash_decorator' retrieved from /usr/local/lib/python3.10/dist-packages/airflow/example_dags/example_bash_decorator.py
[2024-07-27T22:06:55.501+0700] {logging_mixin.py:188} INFO - [2024-07-27T22:06:55.501+0700] {dag.py:3089} INFO - Sync 1 DAGs
[2024-07-27T22:06:55.510+0700] {logging_mixin.py:188} INFO - [2024-07-27T22:06:55.510+0700] {dag.py:3947} INFO - Setting next_dagrun for example_bash_decorator to None, run_after=None
[2024-07-27T22:06:55.541+0700] {processor.py:183} INFO - Processing /usr/local/lib/python3.10/dist-packages/airflow/example_dags/example_bash_decorator.py took 0.073 seconds
[2024-07-27T22:07:58.878+0700] {processor.py:161} INFO - Started process (PID=24286) to work on /usr/local/lib/python3.10/dist-packages/airflow/example_dags/example_bash_decorator.py
[2024-07-27T22:07:58.881+0700] {processor.py:830} INFO - Processing file /usr/local/lib/python3.10/dist-packages/airflow/example_dags/example_bash_decorator.py for tasks to queue
[2024-07-27T22:07:58.882+0700] {logging_mixin.py:188} INFO - [2024-07-27T22:07:58.881+0700] {dagbag.py:545} INFO - Filling up the DagBag from /usr/local/lib/python3.10/dist-packages/airflow/example_dags/example_bash_decorator.py
[2024-07-27T22:07:58.892+0700] {processor.py:840} INFO - DAG(s) 'example_bash_decorator' retrieved from /usr/local/lib/python3.10/dist-packages/airflow/example_dags/example_bash_decorator.py
[2024-07-27T22:07:58.906+0700] {logging_mixin.py:188} INFO - [2024-07-27T22:07:58.906+0700] {dag.py:3089} INFO - Sync 1 DAGs
[2024-07-27T22:07:58.914+0700] {logging_mixin.py:188} INFO - [2024-07-27T22:07:58.914+0700] {dag.py:3947} INFO - Setting next_dagrun for example_bash_decorator to None, run_after=None
[2024-07-27T22:07:58.942+0700] {processor.py:183} INFO - Processing /usr/local/lib/python3.10/dist-packages/airflow/example_dags/example_bash_decorator.py took 0.069 seconds
[2024-07-27T22:09:00.153+0700] {processor.py:161} INFO - Started process (PID=25013) to work on /usr/local/lib/python3.10/dist-packages/airflow/example_dags/example_bash_decorator.py
[2024-07-27T22:09:00.154+0700] {processor.py:830} INFO - Processing file /usr/local/lib/python3.10/dist-packages/airflow/example_dags/example_bash_decorator.py for tasks to queue
[2024-07-27T22:09:00.155+0700] {logging_mixin.py:188} INFO - [2024-07-27T22:09:00.155+0700] {dagbag.py:545} INFO - Filling up the DagBag from /usr/local/lib/python3.10/dist-packages/airflow/example_dags/example_bash_decorator.py
[2024-07-27T22:09:00.165+0700] {processor.py:840} INFO - DAG(s) 'example_bash_decorator' retrieved from /usr/local/lib/python3.10/dist-packages/airflow/example_dags/example_bash_decorator.py
[2024-07-27T22:09:00.178+0700] {logging_mixin.py:188} INFO - [2024-07-27T22:09:00.178+0700] {dag.py:3089} INFO - Sync 1 DAGs
[2024-07-27T22:09:00.187+0700] {logging_mixin.py:188} INFO - [2024-07-27T22:09:00.186+0700] {dag.py:3947} INFO - Setting next_dagrun for example_bash_decorator to None, run_after=None
[2024-07-27T22:09:00.217+0700] {processor.py:183} INFO - Processing /usr/local/lib/python3.10/dist-packages/airflow/example_dags/example_bash_decorator.py took 0.069 seconds
[2024-07-27T22:10:06.804+0700] {processor.py:161} INFO - Started process (PID=25563) to work on /usr/local/lib/python3.10/dist-packages/airflow/example_dags/example_bash_decorator.py
[2024-07-27T22:10:06.805+0700] {processor.py:830} INFO - Processing file /usr/local/lib/python3.10/dist-packages/airflow/example_dags/example_bash_decorator.py for tasks to queue
[2024-07-27T22:10:06.806+0700] {logging_mixin.py:188} INFO - [2024-07-27T22:10:06.806+0700] {dagbag.py:545} INFO - Filling up the DagBag from /usr/local/lib/python3.10/dist-packages/airflow/example_dags/example_bash_decorator.py
[2024-07-27T22:10:06.816+0700] {processor.py:840} INFO - DAG(s) 'example_bash_decorator' retrieved from /usr/local/lib/python3.10/dist-packages/airflow/example_dags/example_bash_decorator.py
[2024-07-27T22:10:06.830+0700] {logging_mixin.py:188} INFO - [2024-07-27T22:10:06.830+0700] {dag.py:3089} INFO - Sync 1 DAGs
[2024-07-27T22:10:06.838+0700] {logging_mixin.py:188} INFO - [2024-07-27T22:10:06.838+0700] {dag.py:3947} INFO - Setting next_dagrun for example_bash_decorator to None, run_after=None
[2024-07-27T22:10:06.868+0700] {processor.py:183} INFO - Processing /usr/local/lib/python3.10/dist-packages/airflow/example_dags/example_bash_decorator.py took 0.068 seconds
