[2024-07-27T18:30:13.970+0700] {processor.py:161} INFO - Started process (PID=1557) to work on /usr/local/lib/python3.10/dist-packages/airflow/example_dags/example_branch_operator_decorator.py
[2024-07-27T18:30:13.971+0700] {processor.py:830} INFO - Processing file /usr/local/lib/python3.10/dist-packages/airflow/example_dags/example_branch_operator_decorator.py for tasks to queue
[2024-07-27T18:30:13.972+0700] {logging_mixin.py:188} INFO - [2024-07-27T18:30:13.972+0700] {dagbag.py:545} INFO - Filling up the DagBag from /usr/local/lib/python3.10/dist-packages/airflow/example_dags/example_branch_operator_decorator.py
[2024-07-27T18:30:14.087+0700] {processor.py:842} WARNING - No viable dags retrieved from /usr/local/lib/python3.10/dist-packages/airflow/example_dags/example_branch_operator_decorator.py
[2024-07-27T18:30:14.102+0700] {processor.py:183} INFO - Processing /usr/local/lib/python3.10/dist-packages/airflow/example_dags/example_branch_operator_decorator.py took 0.140 seconds
[2024-07-27T21:32:43.393+0700] {processor.py:161} INFO - Started process (PID=1934) to work on /usr/local/lib/python3.10/dist-packages/airflow/example_dags/example_branch_operator_decorator.py
[2024-07-27T21:32:43.395+0700] {processor.py:830} INFO - Processing file /usr/local/lib/python3.10/dist-packages/airflow/example_dags/example_branch_operator_decorator.py for tasks to queue
[2024-07-27T21:32:43.396+0700] {logging_mixin.py:188} INFO - [2024-07-27T21:32:43.396+0700] {dagbag.py:545} INFO - Filling up the DagBag from /usr/local/lib/python3.10/dist-packages/airflow/example_dags/example_branch_operator_decorator.py
[2024-07-27T21:32:43.439+0700] {processor.py:842} WARNING - No viable dags retrieved from /usr/local/lib/python3.10/dist-packages/airflow/example_dags/example_branch_operator_decorator.py
[2024-07-27T21:32:43.446+0700] {processor.py:183} INFO - Processing /usr/local/lib/python3.10/dist-packages/airflow/example_dags/example_branch_operator_decorator.py took 0.057 seconds
[2024-07-27T21:33:51.333+0700] {processor.py:161} INFO - Started process (PID=2776) to work on /usr/local/lib/python3.10/dist-packages/airflow/example_dags/example_branch_operator_decorator.py
[2024-07-27T21:33:51.334+0700] {processor.py:830} INFO - Processing file /usr/local/lib/python3.10/dist-packages/airflow/example_dags/example_branch_operator_decorator.py for tasks to queue
[2024-07-27T21:33:51.336+0700] {logging_mixin.py:188} INFO - [2024-07-27T21:33:51.335+0700] {dagbag.py:545} INFO - Filling up the DagBag from /usr/local/lib/python3.10/dist-packages/airflow/example_dags/example_branch_operator_decorator.py
[2024-07-27T21:33:51.393+0700] {processor.py:842} WARNING - No viable dags retrieved from /usr/local/lib/python3.10/dist-packages/airflow/example_dags/example_branch_operator_decorator.py
[2024-07-27T21:33:51.401+0700] {processor.py:183} INFO - Processing /usr/local/lib/python3.10/dist-packages/airflow/example_dags/example_branch_operator_decorator.py took 0.072 seconds
[2024-07-27T21:35:00.579+0700] {processor.py:161} INFO - Started process (PID=3360) to work on /usr/local/lib/python3.10/dist-packages/airflow/example_dags/example_branch_operator_decorator.py
[2024-07-27T21:35:00.581+0700] {processor.py:830} INFO - Processing file /usr/local/lib/python3.10/dist-packages/airflow/example_dags/example_branch_operator_decorator.py for tasks to queue
[2024-07-27T21:35:00.582+0700] {logging_mixin.py:188} INFO - [2024-07-27T21:35:00.582+0700] {dagbag.py:545} INFO - Filling up the DagBag from /usr/local/lib/python3.10/dist-packages/airflow/example_dags/example_branch_operator_decorator.py
[2024-07-27T21:35:00.630+0700] {processor.py:842} WARNING - No viable dags retrieved from /usr/local/lib/python3.10/dist-packages/airflow/example_dags/example_branch_operator_decorator.py
[2024-07-27T21:35:00.637+0700] {processor.py:183} INFO - Processing /usr/local/lib/python3.10/dist-packages/airflow/example_dags/example_branch_operator_decorator.py took 0.063 seconds
[2024-07-27T21:36:06.138+0700] {processor.py:161} INFO - Started process (PID=3885) to work on /usr/local/lib/python3.10/dist-packages/airflow/example_dags/example_branch_operator_decorator.py
[2024-07-27T21:36:06.140+0700] {processor.py:830} INFO - Processing file /usr/local/lib/python3.10/dist-packages/airflow/example_dags/example_branch_operator_decorator.py for tasks to queue
[2024-07-27T21:36:06.141+0700] {logging_mixin.py:188} INFO - [2024-07-27T21:36:06.141+0700] {dagbag.py:545} INFO - Filling up the DagBag from /usr/local/lib/python3.10/dist-packages/airflow/example_dags/example_branch_operator_decorator.py
[2024-07-27T21:36:06.199+0700] {processor.py:842} WARNING - No viable dags retrieved from /usr/local/lib/python3.10/dist-packages/airflow/example_dags/example_branch_operator_decorator.py
[2024-07-27T21:36:06.208+0700] {processor.py:183} INFO - Processing /usr/local/lib/python3.10/dist-packages/airflow/example_dags/example_branch_operator_decorator.py took 0.073 seconds
[2024-07-27T21:37:07.098+0700] {processor.py:161} INFO - Started process (PID=4461) to work on /usr/local/lib/python3.10/dist-packages/airflow/example_dags/example_branch_operator_decorator.py
[2024-07-27T21:37:07.099+0700] {processor.py:830} INFO - Processing file /usr/local/lib/python3.10/dist-packages/airflow/example_dags/example_branch_operator_decorator.py for tasks to queue
[2024-07-27T21:37:07.100+0700] {logging_mixin.py:188} INFO - [2024-07-27T21:37:07.100+0700] {dagbag.py:545} INFO - Filling up the DagBag from /usr/local/lib/python3.10/dist-packages/airflow/example_dags/example_branch_operator_decorator.py
[2024-07-27T21:37:07.153+0700] {processor.py:842} WARNING - No viable dags retrieved from /usr/local/lib/python3.10/dist-packages/airflow/example_dags/example_branch_operator_decorator.py
[2024-07-27T21:37:07.161+0700] {processor.py:183} INFO - Processing /usr/local/lib/python3.10/dist-packages/airflow/example_dags/example_branch_operator_decorator.py took 0.068 seconds
[2024-07-27T21:38:12.905+0700] {processor.py:161} INFO - Started process (PID=4979) to work on /usr/local/lib/python3.10/dist-packages/airflow/example_dags/example_branch_operator_decorator.py
[2024-07-27T21:38:12.907+0700] {processor.py:830} INFO - Processing file /usr/local/lib/python3.10/dist-packages/airflow/example_dags/example_branch_operator_decorator.py for tasks to queue
[2024-07-27T21:38:12.908+0700] {logging_mixin.py:188} INFO - [2024-07-27T21:38:12.908+0700] {dagbag.py:545} INFO - Filling up the DagBag from /usr/local/lib/python3.10/dist-packages/airflow/example_dags/example_branch_operator_decorator.py
[2024-07-27T21:38:12.969+0700] {processor.py:842} WARNING - No viable dags retrieved from /usr/local/lib/python3.10/dist-packages/airflow/example_dags/example_branch_operator_decorator.py
[2024-07-27T21:38:12.978+0700] {processor.py:183} INFO - Processing /usr/local/lib/python3.10/dist-packages/airflow/example_dags/example_branch_operator_decorator.py took 0.080 seconds
[2024-07-27T21:39:24.284+0700] {processor.py:161} INFO - Started process (PID=5662) to work on /usr/local/lib/python3.10/dist-packages/airflow/example_dags/example_branch_operator_decorator.py
[2024-07-27T21:39:24.286+0700] {processor.py:830} INFO - Processing file /usr/local/lib/python3.10/dist-packages/airflow/example_dags/example_branch_operator_decorator.py for tasks to queue
[2024-07-27T21:39:24.287+0700] {logging_mixin.py:188} INFO - [2024-07-27T21:39:24.287+0700] {dagbag.py:545} INFO - Filling up the DagBag from /usr/local/lib/python3.10/dist-packages/airflow/example_dags/example_branch_operator_decorator.py
[2024-07-27T21:39:24.347+0700] {processor.py:842} WARNING - No viable dags retrieved from /usr/local/lib/python3.10/dist-packages/airflow/example_dags/example_branch_operator_decorator.py
[2024-07-27T21:39:24.356+0700] {processor.py:183} INFO - Processing /usr/local/lib/python3.10/dist-packages/airflow/example_dags/example_branch_operator_decorator.py took 0.077 seconds
[2024-07-27T21:40:26.630+0700] {processor.py:161} INFO - Started process (PID=6419) to work on /usr/local/lib/python3.10/dist-packages/airflow/example_dags/example_branch_operator_decorator.py
[2024-07-27T21:40:26.632+0700] {processor.py:830} INFO - Processing file /usr/local/lib/python3.10/dist-packages/airflow/example_dags/example_branch_operator_decorator.py for tasks to queue
[2024-07-27T21:40:26.633+0700] {logging_mixin.py:188} INFO - [2024-07-27T21:40:26.633+0700] {dagbag.py:545} INFO - Filling up the DagBag from /usr/local/lib/python3.10/dist-packages/airflow/example_dags/example_branch_operator_decorator.py
[2024-07-27T21:40:26.687+0700] {processor.py:842} WARNING - No viable dags retrieved from /usr/local/lib/python3.10/dist-packages/airflow/example_dags/example_branch_operator_decorator.py
[2024-07-27T21:40:26.696+0700] {processor.py:183} INFO - Processing /usr/local/lib/python3.10/dist-packages/airflow/example_dags/example_branch_operator_decorator.py took 0.071 seconds
[2024-07-27T21:41:30.337+0700] {processor.py:161} INFO - Started process (PID=7045) to work on /usr/local/lib/python3.10/dist-packages/airflow/example_dags/example_branch_operator_decorator.py
[2024-07-27T21:41:30.340+0700] {processor.py:830} INFO - Processing file /usr/local/lib/python3.10/dist-packages/airflow/example_dags/example_branch_operator_decorator.py for tasks to queue
[2024-07-27T21:41:30.341+0700] {logging_mixin.py:188} INFO - [2024-07-27T21:41:30.341+0700] {dagbag.py:545} INFO - Filling up the DagBag from /usr/local/lib/python3.10/dist-packages/airflow/example_dags/example_branch_operator_decorator.py
[2024-07-27T21:41:30.388+0700] {processor.py:842} WARNING - No viable dags retrieved from /usr/local/lib/python3.10/dist-packages/airflow/example_dags/example_branch_operator_decorator.py
[2024-07-27T21:41:30.395+0700] {processor.py:183} INFO - Processing /usr/local/lib/python3.10/dist-packages/airflow/example_dags/example_branch_operator_decorator.py took 0.063 seconds
[2024-07-27T21:44:57.049+0700] {processor.py:161} INFO - Started process (PID=9619) to work on /usr/local/lib/python3.10/dist-packages/airflow/example_dags/example_branch_operator_decorator.py
[2024-07-27T21:44:57.052+0700] {processor.py:830} INFO - Processing file /usr/local/lib/python3.10/dist-packages/airflow/example_dags/example_branch_operator_decorator.py for tasks to queue
[2024-07-27T21:44:57.053+0700] {logging_mixin.py:188} INFO - [2024-07-27T21:44:57.053+0700] {dagbag.py:545} INFO - Filling up the DagBag from /usr/local/lib/python3.10/dist-packages/airflow/example_dags/example_branch_operator_decorator.py
[2024-07-27T21:44:57.093+0700] {processor.py:842} WARNING - No viable dags retrieved from /usr/local/lib/python3.10/dist-packages/airflow/example_dags/example_branch_operator_decorator.py
[2024-07-27T21:44:57.101+0700] {processor.py:183} INFO - Processing /usr/local/lib/python3.10/dist-packages/airflow/example_dags/example_branch_operator_decorator.py took 0.057 seconds
[2024-07-27T21:48:54.107+0700] {processor.py:161} INFO - Started process (PID=12120) to work on /usr/local/lib/python3.10/dist-packages/airflow/example_dags/example_branch_operator_decorator.py
[2024-07-27T21:48:54.108+0700] {processor.py:830} INFO - Processing file /usr/local/lib/python3.10/dist-packages/airflow/example_dags/example_branch_operator_decorator.py for tasks to queue
[2024-07-27T21:48:54.109+0700] {logging_mixin.py:188} INFO - [2024-07-27T21:48:54.108+0700] {dagbag.py:545} INFO - Filling up the DagBag from /usr/local/lib/python3.10/dist-packages/airflow/example_dags/example_branch_operator_decorator.py
[2024-07-27T21:48:54.162+0700] {processor.py:842} WARNING - No viable dags retrieved from /usr/local/lib/python3.10/dist-packages/airflow/example_dags/example_branch_operator_decorator.py
[2024-07-27T21:48:54.170+0700] {processor.py:183} INFO - Processing /usr/local/lib/python3.10/dist-packages/airflow/example_dags/example_branch_operator_decorator.py took 0.069 seconds
[2024-07-27T21:49:54.668+0700] {processor.py:161} INFO - Started process (PID=12729) to work on /usr/local/lib/python3.10/dist-packages/airflow/example_dags/example_branch_operator_decorator.py
[2024-07-27T21:49:54.670+0700] {processor.py:830} INFO - Processing file /usr/local/lib/python3.10/dist-packages/airflow/example_dags/example_branch_operator_decorator.py for tasks to queue
[2024-07-27T21:49:54.671+0700] {logging_mixin.py:188} INFO - [2024-07-27T21:49:54.671+0700] {dagbag.py:545} INFO - Filling up the DagBag from /usr/local/lib/python3.10/dist-packages/airflow/example_dags/example_branch_operator_decorator.py
[2024-07-27T21:49:54.724+0700] {processor.py:842} WARNING - No viable dags retrieved from /usr/local/lib/python3.10/dist-packages/airflow/example_dags/example_branch_operator_decorator.py
[2024-07-27T21:49:54.732+0700] {processor.py:183} INFO - Processing /usr/local/lib/python3.10/dist-packages/airflow/example_dags/example_branch_operator_decorator.py took 0.068 seconds
[2024-07-27T21:50:52.824+0700] {processor.py:161} INFO - Started process (PID=13382) to work on /usr/local/lib/python3.10/dist-packages/airflow/example_dags/example_branch_operator_decorator.py
[2024-07-27T21:50:52.826+0700] {processor.py:830} INFO - Processing file /usr/local/lib/python3.10/dist-packages/airflow/example_dags/example_branch_operator_decorator.py for tasks to queue
[2024-07-27T21:50:52.827+0700] {logging_mixin.py:188} INFO - [2024-07-27T21:50:52.826+0700] {dagbag.py:545} INFO - Filling up the DagBag from /usr/local/lib/python3.10/dist-packages/airflow/example_dags/example_branch_operator_decorator.py
[2024-07-27T21:50:52.901+0700] {processor.py:842} WARNING - No viable dags retrieved from /usr/local/lib/python3.10/dist-packages/airflow/example_dags/example_branch_operator_decorator.py
[2024-07-27T21:50:52.912+0700] {processor.py:183} INFO - Processing /usr/local/lib/python3.10/dist-packages/airflow/example_dags/example_branch_operator_decorator.py took 0.094 seconds
[2024-07-27T21:51:59.217+0700] {processor.py:161} INFO - Started process (PID=13966) to work on /usr/local/lib/python3.10/dist-packages/airflow/example_dags/example_branch_operator_decorator.py
[2024-07-27T21:51:59.219+0700] {processor.py:830} INFO - Processing file /usr/local/lib/python3.10/dist-packages/airflow/example_dags/example_branch_operator_decorator.py for tasks to queue
[2024-07-27T21:51:59.219+0700] {logging_mixin.py:188} INFO - [2024-07-27T21:51:59.219+0700] {dagbag.py:545} INFO - Filling up the DagBag from /usr/local/lib/python3.10/dist-packages/airflow/example_dags/example_branch_operator_decorator.py
[2024-07-27T21:51:59.283+0700] {processor.py:842} WARNING - No viable dags retrieved from /usr/local/lib/python3.10/dist-packages/airflow/example_dags/example_branch_operator_decorator.py
[2024-07-27T21:51:59.292+0700] {processor.py:183} INFO - Processing /usr/local/lib/python3.10/dist-packages/airflow/example_dags/example_branch_operator_decorator.py took 0.079 seconds
[2024-07-27T21:55:19.906+0700] {processor.py:161} INFO - Started process (PID=16265) to work on /usr/local/lib/python3.10/dist-packages/airflow/example_dags/example_branch_operator_decorator.py
[2024-07-27T21:55:19.908+0700] {processor.py:830} INFO - Processing file /usr/local/lib/python3.10/dist-packages/airflow/example_dags/example_branch_operator_decorator.py for tasks to queue
[2024-07-27T21:55:19.909+0700] {logging_mixin.py:188} INFO - [2024-07-27T21:55:19.909+0700] {dagbag.py:545} INFO - Filling up the DagBag from /usr/local/lib/python3.10/dist-packages/airflow/example_dags/example_branch_operator_decorator.py
[2024-07-27T21:55:19.963+0700] {processor.py:842} WARNING - No viable dags retrieved from /usr/local/lib/python3.10/dist-packages/airflow/example_dags/example_branch_operator_decorator.py
[2024-07-27T21:55:19.971+0700] {processor.py:183} INFO - Processing /usr/local/lib/python3.10/dist-packages/airflow/example_dags/example_branch_operator_decorator.py took 0.069 seconds
[2024-07-27T21:58:43.932+0700] {processor.py:161} INFO - Started process (PID=18862) to work on /usr/local/lib/python3.10/dist-packages/airflow/example_dags/example_branch_operator_decorator.py
[2024-07-27T21:58:43.935+0700] {processor.py:830} INFO - Processing file /usr/local/lib/python3.10/dist-packages/airflow/example_dags/example_branch_operator_decorator.py for tasks to queue
[2024-07-27T21:58:43.935+0700] {logging_mixin.py:188} INFO - [2024-07-27T21:58:43.935+0700] {dagbag.py:545} INFO - Filling up the DagBag from /usr/local/lib/python3.10/dist-packages/airflow/example_dags/example_branch_operator_decorator.py
[2024-07-27T21:58:43.984+0700] {processor.py:842} WARNING - No viable dags retrieved from /usr/local/lib/python3.10/dist-packages/airflow/example_dags/example_branch_operator_decorator.py
[2024-07-27T21:58:43.992+0700] {processor.py:183} INFO - Processing /usr/local/lib/python3.10/dist-packages/airflow/example_dags/example_branch_operator_decorator.py took 0.064 seconds
[2024-07-27T21:59:49.821+0700] {processor.py:161} INFO - Started process (PID=19502) to work on /usr/local/lib/python3.10/dist-packages/airflow/example_dags/example_branch_operator_decorator.py
[2024-07-27T21:59:49.822+0700] {processor.py:830} INFO - Processing file /usr/local/lib/python3.10/dist-packages/airflow/example_dags/example_branch_operator_decorator.py for tasks to queue
[2024-07-27T21:59:49.823+0700] {logging_mixin.py:188} INFO - [2024-07-27T21:59:49.823+0700] {dagbag.py:545} INFO - Filling up the DagBag from /usr/local/lib/python3.10/dist-packages/airflow/example_dags/example_branch_operator_decorator.py
[2024-07-27T21:59:49.890+0700] {processor.py:842} WARNING - No viable dags retrieved from /usr/local/lib/python3.10/dist-packages/airflow/example_dags/example_branch_operator_decorator.py
[2024-07-27T21:59:49.901+0700] {processor.py:183} INFO - Processing /usr/local/lib/python3.10/dist-packages/airflow/example_dags/example_branch_operator_decorator.py took 0.086 seconds
[2024-07-27T22:01:03.665+0700] {processor.py:161} INFO - Started process (PID=20072) to work on /usr/local/lib/python3.10/dist-packages/airflow/example_dags/example_branch_operator_decorator.py
[2024-07-27T22:01:03.668+0700] {processor.py:830} INFO - Processing file /usr/local/lib/python3.10/dist-packages/airflow/example_dags/example_branch_operator_decorator.py for tasks to queue
[2024-07-27T22:01:03.669+0700] {logging_mixin.py:188} INFO - [2024-07-27T22:01:03.668+0700] {dagbag.py:545} INFO - Filling up the DagBag from /usr/local/lib/python3.10/dist-packages/airflow/example_dags/example_branch_operator_decorator.py
[2024-07-27T22:01:03.743+0700] {processor.py:842} WARNING - No viable dags retrieved from /usr/local/lib/python3.10/dist-packages/airflow/example_dags/example_branch_operator_decorator.py
[2024-07-27T22:01:03.758+0700] {processor.py:183} INFO - Processing /usr/local/lib/python3.10/dist-packages/airflow/example_dags/example_branch_operator_decorator.py took 0.097 seconds
[2024-07-27T22:02:09.123+0700] {processor.py:161} INFO - Started process (PID=20723) to work on /usr/local/lib/python3.10/dist-packages/airflow/example_dags/example_branch_operator_decorator.py
[2024-07-27T22:02:09.125+0700] {processor.py:830} INFO - Processing file /usr/local/lib/python3.10/dist-packages/airflow/example_dags/example_branch_operator_decorator.py for tasks to queue
[2024-07-27T22:02:09.126+0700] {logging_mixin.py:188} INFO - [2024-07-27T22:02:09.125+0700] {dagbag.py:545} INFO - Filling up the DagBag from /usr/local/lib/python3.10/dist-packages/airflow/example_dags/example_branch_operator_decorator.py
[2024-07-27T22:02:09.178+0700] {processor.py:842} WARNING - No viable dags retrieved from /usr/local/lib/python3.10/dist-packages/airflow/example_dags/example_branch_operator_decorator.py
[2024-07-27T22:02:09.187+0700] {processor.py:183} INFO - Processing /usr/local/lib/python3.10/dist-packages/airflow/example_dags/example_branch_operator_decorator.py took 0.068 seconds
[2024-07-27T22:03:12.744+0700] {processor.py:161} INFO - Started process (PID=21323) to work on /usr/local/lib/python3.10/dist-packages/airflow/example_dags/example_branch_operator_decorator.py
[2024-07-27T22:03:12.745+0700] {processor.py:830} INFO - Processing file /usr/local/lib/python3.10/dist-packages/airflow/example_dags/example_branch_operator_decorator.py for tasks to queue
[2024-07-27T22:03:12.746+0700] {logging_mixin.py:188} INFO - [2024-07-27T22:03:12.746+0700] {dagbag.py:545} INFO - Filling up the DagBag from /usr/local/lib/python3.10/dist-packages/airflow/example_dags/example_branch_operator_decorator.py
[2024-07-27T22:03:12.802+0700] {processor.py:842} WARNING - No viable dags retrieved from /usr/local/lib/python3.10/dist-packages/airflow/example_dags/example_branch_operator_decorator.py
[2024-07-27T22:03:12.810+0700] {processor.py:183} INFO - Processing /usr/local/lib/python3.10/dist-packages/airflow/example_dags/example_branch_operator_decorator.py took 0.071 seconds
[2024-07-27T22:04:15.896+0700] {processor.py:161} INFO - Started process (PID=21881) to work on /usr/local/lib/python3.10/dist-packages/airflow/example_dags/example_branch_operator_decorator.py
[2024-07-27T22:04:15.898+0700] {processor.py:830} INFO - Processing file /usr/local/lib/python3.10/dist-packages/airflow/example_dags/example_branch_operator_decorator.py for tasks to queue
[2024-07-27T22:04:15.899+0700] {logging_mixin.py:188} INFO - [2024-07-27T22:04:15.898+0700] {dagbag.py:545} INFO - Filling up the DagBag from /usr/local/lib/python3.10/dist-packages/airflow/example_dags/example_branch_operator_decorator.py
[2024-07-27T22:04:15.953+0700] {processor.py:842} WARNING - No viable dags retrieved from /usr/local/lib/python3.10/dist-packages/airflow/example_dags/example_branch_operator_decorator.py
[2024-07-27T22:04:15.961+0700] {processor.py:183} INFO - Processing /usr/local/lib/python3.10/dist-packages/airflow/example_dags/example_branch_operator_decorator.py took 0.070 seconds
[2024-07-27T22:05:23.114+0700] {processor.py:161} INFO - Started process (PID=22623) to work on /usr/local/lib/python3.10/dist-packages/airflow/example_dags/example_branch_operator_decorator.py
[2024-07-27T22:05:23.116+0700] {processor.py:830} INFO - Processing file /usr/local/lib/python3.10/dist-packages/airflow/example_dags/example_branch_operator_decorator.py for tasks to queue
[2024-07-27T22:05:23.117+0700] {logging_mixin.py:188} INFO - [2024-07-27T22:05:23.116+0700] {dagbag.py:545} INFO - Filling up the DagBag from /usr/local/lib/python3.10/dist-packages/airflow/example_dags/example_branch_operator_decorator.py
[2024-07-27T22:05:23.164+0700] {processor.py:842} WARNING - No viable dags retrieved from /usr/local/lib/python3.10/dist-packages/airflow/example_dags/example_branch_operator_decorator.py
[2024-07-27T22:05:23.172+0700] {processor.py:183} INFO - Processing /usr/local/lib/python3.10/dist-packages/airflow/example_dags/example_branch_operator_decorator.py took 0.062 seconds
[2024-07-27T22:06:28.964+0700] {processor.py:161} INFO - Started process (PID=23475) to work on /usr/local/lib/python3.10/dist-packages/airflow/example_dags/example_branch_operator_decorator.py
[2024-07-27T22:06:28.965+0700] {processor.py:830} INFO - Processing file /usr/local/lib/python3.10/dist-packages/airflow/example_dags/example_branch_operator_decorator.py for tasks to queue
[2024-07-27T22:06:28.966+0700] {logging_mixin.py:188} INFO - [2024-07-27T22:06:28.966+0700] {dagbag.py:545} INFO - Filling up the DagBag from /usr/local/lib/python3.10/dist-packages/airflow/example_dags/example_branch_operator_decorator.py
[2024-07-27T22:06:29.017+0700] {processor.py:842} WARNING - No viable dags retrieved from /usr/local/lib/python3.10/dist-packages/airflow/example_dags/example_branch_operator_decorator.py
[2024-07-27T22:06:29.026+0700] {processor.py:183} INFO - Processing /usr/local/lib/python3.10/dist-packages/airflow/example_dags/example_branch_operator_decorator.py took 0.067 seconds
[2024-07-27T22:07:38.347+0700] {processor.py:161} INFO - Started process (PID=24026) to work on /usr/local/lib/python3.10/dist-packages/airflow/example_dags/example_branch_operator_decorator.py
[2024-07-27T22:07:38.349+0700] {processor.py:830} INFO - Processing file /usr/local/lib/python3.10/dist-packages/airflow/example_dags/example_branch_operator_decorator.py for tasks to queue
[2024-07-27T22:07:38.350+0700] {logging_mixin.py:188} INFO - [2024-07-27T22:07:38.349+0700] {dagbag.py:545} INFO - Filling up the DagBag from /usr/local/lib/python3.10/dist-packages/airflow/example_dags/example_branch_operator_decorator.py
[2024-07-27T22:07:38.418+0700] {processor.py:842} WARNING - No viable dags retrieved from /usr/local/lib/python3.10/dist-packages/airflow/example_dags/example_branch_operator_decorator.py
[2024-07-27T22:07:38.429+0700] {processor.py:183} INFO - Processing /usr/local/lib/python3.10/dist-packages/airflow/example_dags/example_branch_operator_decorator.py took 0.088 seconds
[2024-07-27T22:08:41.361+0700] {processor.py:161} INFO - Started process (PID=24774) to work on /usr/local/lib/python3.10/dist-packages/airflow/example_dags/example_branch_operator_decorator.py
[2024-07-27T22:08:41.363+0700] {processor.py:830} INFO - Processing file /usr/local/lib/python3.10/dist-packages/airflow/example_dags/example_branch_operator_decorator.py for tasks to queue
[2024-07-27T22:08:41.367+0700] {logging_mixin.py:188} INFO - [2024-07-27T22:08:41.366+0700] {dagbag.py:545} INFO - Filling up the DagBag from /usr/local/lib/python3.10/dist-packages/airflow/example_dags/example_branch_operator_decorator.py
[2024-07-27T22:08:41.422+0700] {processor.py:842} WARNING - No viable dags retrieved from /usr/local/lib/python3.10/dist-packages/airflow/example_dags/example_branch_operator_decorator.py
[2024-07-27T22:08:41.432+0700] {processor.py:183} INFO - Processing /usr/local/lib/python3.10/dist-packages/airflow/example_dags/example_branch_operator_decorator.py took 0.077 seconds
[2024-07-27T22:09:43.193+0700] {processor.py:161} INFO - Started process (PID=25381) to work on /usr/local/lib/python3.10/dist-packages/airflow/example_dags/example_branch_operator_decorator.py
[2024-07-27T22:09:43.197+0700] {processor.py:830} INFO - Processing file /usr/local/lib/python3.10/dist-packages/airflow/example_dags/example_branch_operator_decorator.py for tasks to queue
[2024-07-27T22:09:43.198+0700] {logging_mixin.py:188} INFO - [2024-07-27T22:09:43.197+0700] {dagbag.py:545} INFO - Filling up the DagBag from /usr/local/lib/python3.10/dist-packages/airflow/example_dags/example_branch_operator_decorator.py
[2024-07-27T22:09:43.245+0700] {processor.py:842} WARNING - No viable dags retrieved from /usr/local/lib/python3.10/dist-packages/airflow/example_dags/example_branch_operator_decorator.py
[2024-07-27T22:09:43.253+0700] {processor.py:183} INFO - Processing /usr/local/lib/python3.10/dist-packages/airflow/example_dags/example_branch_operator_decorator.py took 0.064 seconds
