[2024-07-27T18:29:32.958+0700] {processor.py:161} INFO - Started process (PID=1349) to work on /usr/local/lib/python3.10/dist-packages/airflow/example_dags/example_short_circuit_decorator.py
[2024-07-27T18:29:32.959+0700] {processor.py:830} INFO - Processing file /usr/local/lib/python3.10/dist-packages/airflow/example_dags/example_short_circuit_decorator.py for tasks to queue
[2024-07-27T18:29:32.962+0700] {logging_mixin.py:188} INFO - [2024-07-27T18:29:32.961+0700] {dagbag.py:545} INFO - Filling up the DagBag from /usr/local/lib/python3.10/dist-packages/airflow/example_dags/example_short_circuit_decorator.py
[2024-07-27T18:29:32.973+0700] {processor.py:840} INFO - DAG(s) 'example_short_circuit_decorator' retrieved from /usr/local/lib/python3.10/dist-packages/airflow/example_dags/example_short_circuit_decorator.py
[2024-07-27T18:29:33.005+0700] {logging_mixin.py:188} INFO - [2024-07-27T18:29:33.005+0700] {dag.py:3089} INFO - Sync 1 DAGs
[2024-07-27T18:29:33.022+0700] {logging_mixin.py:188} INFO - [2024-07-27T18:29:33.022+0700] {dag.py:3947} INFO - Setting next_dagrun for example_short_circuit_decorator to 2024-07-26 00:00:00+00:00, run_after=2024-07-27 00:00:00+00:00
[2024-07-27T18:29:33.064+0700] {processor.py:183} INFO - Processing /usr/local/lib/python3.10/dist-packages/airflow/example_dags/example_short_circuit_decorator.py took 0.112 seconds
[2024-07-27T18:30:23.117+0700] {processor.py:161} INFO - Started process (PID=1602) to work on /usr/local/lib/python3.10/dist-packages/airflow/example_dags/example_short_circuit_decorator.py
[2024-07-27T18:30:23.120+0700] {processor.py:830} INFO - Processing file /usr/local/lib/python3.10/dist-packages/airflow/example_dags/example_short_circuit_decorator.py for tasks to queue
[2024-07-27T18:30:23.121+0700] {logging_mixin.py:188} INFO - [2024-07-27T18:30:23.121+0700] {dagbag.py:545} INFO - Filling up the DagBag from /usr/local/lib/python3.10/dist-packages/airflow/example_dags/example_short_circuit_decorator.py
[2024-07-27T18:30:23.128+0700] {processor.py:840} INFO - DAG(s) 'example_short_circuit_decorator' retrieved from /usr/local/lib/python3.10/dist-packages/airflow/example_dags/example_short_circuit_decorator.py
[2024-07-27T18:30:23.141+0700] {logging_mixin.py:188} INFO - [2024-07-27T18:30:23.141+0700] {dag.py:3089} INFO - Sync 1 DAGs
[2024-07-27T18:30:23.155+0700] {logging_mixin.py:188} INFO - [2024-07-27T18:30:23.155+0700] {dag.py:3947} INFO - Setting next_dagrun for example_short_circuit_decorator to 2024-07-26 00:00:00+00:00, run_after=2024-07-27 00:00:00+00:00
[2024-07-27T18:30:23.186+0700] {processor.py:183} INFO - Processing /usr/local/lib/python3.10/dist-packages/airflow/example_dags/example_short_circuit_decorator.py took 0.072 seconds
[2024-07-27T21:32:00.661+0700] {processor.py:161} INFO - Started process (PID=1556) to work on /usr/local/lib/python3.10/dist-packages/airflow/example_dags/example_short_circuit_decorator.py
[2024-07-27T21:32:00.663+0700] {processor.py:830} INFO - Processing file /usr/local/lib/python3.10/dist-packages/airflow/example_dags/example_short_circuit_decorator.py for tasks to queue
[2024-07-27T21:32:00.664+0700] {logging_mixin.py:188} INFO - [2024-07-27T21:32:00.664+0700] {dagbag.py:545} INFO - Filling up the DagBag from /usr/local/lib/python3.10/dist-packages/airflow/example_dags/example_short_circuit_decorator.py
[2024-07-27T21:32:00.680+0700] {processor.py:840} INFO - DAG(s) 'example_short_circuit_decorator' retrieved from /usr/local/lib/python3.10/dist-packages/airflow/example_dags/example_short_circuit_decorator.py
[2024-07-27T21:32:00.745+0700] {logging_mixin.py:188} INFO - [2024-07-27T21:32:00.745+0700] {dag.py:3089} INFO - Sync 1 DAGs
[2024-07-27T21:32:00.837+0700] {logging_mixin.py:188} INFO - [2024-07-27T21:32:00.837+0700] {dag.py:3947} INFO - Setting next_dagrun for example_short_circuit_decorator to 2024-07-26 00:00:00+00:00, run_after=2024-07-27 00:00:00+00:00
[2024-07-27T21:32:00.905+0700] {processor.py:183} INFO - Processing /usr/local/lib/python3.10/dist-packages/airflow/example_dags/example_short_circuit_decorator.py took 0.252 seconds
[2024-07-27T21:32:51.411+0700] {processor.py:161} INFO - Started process (PID=1999) to work on /usr/local/lib/python3.10/dist-packages/airflow/example_dags/example_short_circuit_decorator.py
[2024-07-27T21:32:51.412+0700] {processor.py:830} INFO - Processing file /usr/local/lib/python3.10/dist-packages/airflow/example_dags/example_short_circuit_decorator.py for tasks to queue
[2024-07-27T21:32:51.414+0700] {logging_mixin.py:188} INFO - [2024-07-27T21:32:51.413+0700] {dagbag.py:545} INFO - Filling up the DagBag from /usr/local/lib/python3.10/dist-packages/airflow/example_dags/example_short_circuit_decorator.py
[2024-07-27T21:32:51.423+0700] {processor.py:840} INFO - DAG(s) 'example_short_circuit_decorator' retrieved from /usr/local/lib/python3.10/dist-packages/airflow/example_dags/example_short_circuit_decorator.py
[2024-07-27T21:32:51.440+0700] {logging_mixin.py:188} INFO - [2024-07-27T21:32:51.439+0700] {dag.py:3089} INFO - Sync 1 DAGs
[2024-07-27T21:32:51.457+0700] {logging_mixin.py:188} INFO - [2024-07-27T21:32:51.457+0700] {dag.py:3947} INFO - Setting next_dagrun for example_short_circuit_decorator to 2024-07-26 00:00:00+00:00, run_after=2024-07-27 00:00:00+00:00
[2024-07-27T21:32:51.499+0700] {processor.py:183} INFO - Processing /usr/local/lib/python3.10/dist-packages/airflow/example_dags/example_short_circuit_decorator.py took 0.093 seconds
[2024-07-27T21:33:34.216+0700] {processor.py:161} INFO - Started process (PID=2593) to work on /usr/local/lib/python3.10/dist-packages/airflow/example_dags/example_short_circuit_decorator.py
[2024-07-27T21:33:34.218+0700] {processor.py:830} INFO - Processing file /usr/local/lib/python3.10/dist-packages/airflow/example_dags/example_short_circuit_decorator.py for tasks to queue
[2024-07-27T21:33:34.219+0700] {logging_mixin.py:188} INFO - [2024-07-27T21:33:34.219+0700] {dagbag.py:545} INFO - Filling up the DagBag from /usr/local/lib/python3.10/dist-packages/airflow/example_dags/example_short_circuit_decorator.py
[2024-07-27T21:33:34.239+0700] {processor.py:840} INFO - DAG(s) 'example_short_circuit_decorator' retrieved from /usr/local/lib/python3.10/dist-packages/airflow/example_dags/example_short_circuit_decorator.py
[2024-07-27T21:33:34.278+0700] {logging_mixin.py:188} INFO - [2024-07-27T21:33:34.277+0700] {dag.py:3089} INFO - Sync 1 DAGs
[2024-07-27T21:33:34.610+0700] {logging_mixin.py:188} INFO - [2024-07-27T21:33:34.609+0700] {dag.py:3947} INFO - Setting next_dagrun for example_short_circuit_decorator to 2024-07-26 00:00:00+00:00, run_after=2024-07-27 00:00:00+00:00
[2024-07-27T21:33:34.665+0700] {processor.py:183} INFO - Processing /usr/local/lib/python3.10/dist-packages/airflow/example_dags/example_short_circuit_decorator.py took 0.455 seconds
[2024-07-27T21:34:26.473+0700] {processor.py:161} INFO - Started process (PID=3075) to work on /usr/local/lib/python3.10/dist-packages/airflow/example_dags/example_short_circuit_decorator.py
[2024-07-27T21:34:26.475+0700] {processor.py:830} INFO - Processing file /usr/local/lib/python3.10/dist-packages/airflow/example_dags/example_short_circuit_decorator.py for tasks to queue
[2024-07-27T21:34:26.477+0700] {logging_mixin.py:188} INFO - [2024-07-27T21:34:26.476+0700] {dagbag.py:545} INFO - Filling up the DagBag from /usr/local/lib/python3.10/dist-packages/airflow/example_dags/example_short_circuit_decorator.py
[2024-07-27T21:34:26.483+0700] {processor.py:840} INFO - DAG(s) 'example_short_circuit_decorator' retrieved from /usr/local/lib/python3.10/dist-packages/airflow/example_dags/example_short_circuit_decorator.py
[2024-07-27T21:34:26.497+0700] {logging_mixin.py:188} INFO - [2024-07-27T21:34:26.496+0700] {dag.py:3089} INFO - Sync 1 DAGs
[2024-07-27T21:34:26.511+0700] {logging_mixin.py:188} INFO - [2024-07-27T21:34:26.511+0700] {dag.py:3947} INFO - Setting next_dagrun for example_short_circuit_decorator to 2024-07-26 00:00:00+00:00, run_after=2024-07-27 00:00:00+00:00
[2024-07-27T21:34:26.541+0700] {processor.py:183} INFO - Processing /usr/local/lib/python3.10/dist-packages/airflow/example_dags/example_short_circuit_decorator.py took 0.073 seconds
[2024-07-27T21:35:09.578+0700] {processor.py:161} INFO - Started process (PID=3433) to work on /usr/local/lib/python3.10/dist-packages/airflow/example_dags/example_short_circuit_decorator.py
[2024-07-27T21:35:09.579+0700] {processor.py:830} INFO - Processing file /usr/local/lib/python3.10/dist-packages/airflow/example_dags/example_short_circuit_decorator.py for tasks to queue
[2024-07-27T21:35:09.581+0700] {logging_mixin.py:188} INFO - [2024-07-27T21:35:09.581+0700] {dagbag.py:545} INFO - Filling up the DagBag from /usr/local/lib/python3.10/dist-packages/airflow/example_dags/example_short_circuit_decorator.py
[2024-07-27T21:35:09.590+0700] {processor.py:840} INFO - DAG(s) 'example_short_circuit_decorator' retrieved from /usr/local/lib/python3.10/dist-packages/airflow/example_dags/example_short_circuit_decorator.py
[2024-07-27T21:35:09.605+0700] {logging_mixin.py:188} INFO - [2024-07-27T21:35:09.604+0700] {dag.py:3089} INFO - Sync 1 DAGs
[2024-07-27T21:35:09.622+0700] {logging_mixin.py:188} INFO - [2024-07-27T21:35:09.622+0700] {dag.py:3947} INFO - Setting next_dagrun for example_short_circuit_decorator to 2024-07-26 00:00:00+00:00, run_after=2024-07-27 00:00:00+00:00
[2024-07-27T21:35:09.651+0700] {processor.py:183} INFO - Processing /usr/local/lib/python3.10/dist-packages/airflow/example_dags/example_short_circuit_decorator.py took 0.078 seconds
[2024-07-27T21:35:53.532+0700] {processor.py:161} INFO - Started process (PID=3786) to work on /usr/local/lib/python3.10/dist-packages/airflow/example_dags/example_short_circuit_decorator.py
[2024-07-27T21:35:53.534+0700] {processor.py:830} INFO - Processing file /usr/local/lib/python3.10/dist-packages/airflow/example_dags/example_short_circuit_decorator.py for tasks to queue
[2024-07-27T21:35:53.535+0700] {logging_mixin.py:188} INFO - [2024-07-27T21:35:53.535+0700] {dagbag.py:545} INFO - Filling up the DagBag from /usr/local/lib/python3.10/dist-packages/airflow/example_dags/example_short_circuit_decorator.py
[2024-07-27T21:35:53.543+0700] {processor.py:840} INFO - DAG(s) 'example_short_circuit_decorator' retrieved from /usr/local/lib/python3.10/dist-packages/airflow/example_dags/example_short_circuit_decorator.py
[2024-07-27T21:35:53.560+0700] {logging_mixin.py:188} INFO - [2024-07-27T21:35:53.560+0700] {dag.py:3089} INFO - Sync 1 DAGs
[2024-07-27T21:35:53.586+0700] {logging_mixin.py:188} INFO - [2024-07-27T21:35:53.586+0700] {dag.py:3947} INFO - Setting next_dagrun for example_short_circuit_decorator to 2024-07-26 00:00:00+00:00, run_after=2024-07-27 00:00:00+00:00
[2024-07-27T21:35:53.620+0700] {processor.py:183} INFO - Processing /usr/local/lib/python3.10/dist-packages/airflow/example_dags/example_short_circuit_decorator.py took 0.092 seconds
[2024-07-27T21:36:36.150+0700] {processor.py:161} INFO - Started process (PID=4170) to work on /usr/local/lib/python3.10/dist-packages/airflow/example_dags/example_short_circuit_decorator.py
[2024-07-27T21:36:36.151+0700] {processor.py:830} INFO - Processing file /usr/local/lib/python3.10/dist-packages/airflow/example_dags/example_short_circuit_decorator.py for tasks to queue
[2024-07-27T21:36:36.153+0700] {logging_mixin.py:188} INFO - [2024-07-27T21:36:36.152+0700] {dagbag.py:545} INFO - Filling up the DagBag from /usr/local/lib/python3.10/dist-packages/airflow/example_dags/example_short_circuit_decorator.py
[2024-07-27T21:36:36.160+0700] {processor.py:840} INFO - DAG(s) 'example_short_circuit_decorator' retrieved from /usr/local/lib/python3.10/dist-packages/airflow/example_dags/example_short_circuit_decorator.py
[2024-07-27T21:36:36.174+0700] {logging_mixin.py:188} INFO - [2024-07-27T21:36:36.174+0700] {dag.py:3089} INFO - Sync 1 DAGs
[2024-07-27T21:36:36.189+0700] {logging_mixin.py:188} INFO - [2024-07-27T21:36:36.189+0700] {dag.py:3947} INFO - Setting next_dagrun for example_short_circuit_decorator to 2024-07-26 00:00:00+00:00, run_after=2024-07-27 00:00:00+00:00
[2024-07-27T21:36:36.234+0700] {processor.py:183} INFO - Processing /usr/local/lib/python3.10/dist-packages/airflow/example_dags/example_short_circuit_decorator.py took 0.088 seconds
[2024-07-27T21:37:16.254+0700] {processor.py:161} INFO - Started process (PID=4531) to work on /usr/local/lib/python3.10/dist-packages/airflow/example_dags/example_short_circuit_decorator.py
[2024-07-27T21:37:16.255+0700] {processor.py:830} INFO - Processing file /usr/local/lib/python3.10/dist-packages/airflow/example_dags/example_short_circuit_decorator.py for tasks to queue
[2024-07-27T21:37:16.256+0700] {logging_mixin.py:188} INFO - [2024-07-27T21:37:16.256+0700] {dagbag.py:545} INFO - Filling up the DagBag from /usr/local/lib/python3.10/dist-packages/airflow/example_dags/example_short_circuit_decorator.py
[2024-07-27T21:37:16.264+0700] {processor.py:840} INFO - DAG(s) 'example_short_circuit_decorator' retrieved from /usr/local/lib/python3.10/dist-packages/airflow/example_dags/example_short_circuit_decorator.py
[2024-07-27T21:37:16.278+0700] {logging_mixin.py:188} INFO - [2024-07-27T21:37:16.278+0700] {dag.py:3089} INFO - Sync 1 DAGs
[2024-07-27T21:37:16.293+0700] {logging_mixin.py:188} INFO - [2024-07-27T21:37:16.292+0700] {dag.py:3947} INFO - Setting next_dagrun for example_short_circuit_decorator to 2024-07-26 00:00:00+00:00, run_after=2024-07-27 00:00:00+00:00
[2024-07-27T21:37:16.323+0700] {processor.py:183} INFO - Processing /usr/local/lib/python3.10/dist-packages/airflow/example_dags/example_short_circuit_decorator.py took 0.073 seconds
[2024-07-27T21:38:00.680+0700] {processor.py:161} INFO - Started process (PID=4882) to work on /usr/local/lib/python3.10/dist-packages/airflow/example_dags/example_short_circuit_decorator.py
[2024-07-27T21:38:00.683+0700] {processor.py:830} INFO - Processing file /usr/local/lib/python3.10/dist-packages/airflow/example_dags/example_short_circuit_decorator.py for tasks to queue
[2024-07-27T21:38:00.684+0700] {logging_mixin.py:188} INFO - [2024-07-27T21:38:00.684+0700] {dagbag.py:545} INFO - Filling up the DagBag from /usr/local/lib/python3.10/dist-packages/airflow/example_dags/example_short_circuit_decorator.py
[2024-07-27T21:38:00.694+0700] {processor.py:840} INFO - DAG(s) 'example_short_circuit_decorator' retrieved from /usr/local/lib/python3.10/dist-packages/airflow/example_dags/example_short_circuit_decorator.py
[2024-07-27T21:38:00.710+0700] {logging_mixin.py:188} INFO - [2024-07-27T21:38:00.710+0700] {dag.py:3089} INFO - Sync 1 DAGs
[2024-07-27T21:38:00.725+0700] {logging_mixin.py:188} INFO - [2024-07-27T21:38:00.725+0700] {dag.py:3947} INFO - Setting next_dagrun for example_short_circuit_decorator to 2024-07-26 00:00:00+00:00, run_after=2024-07-27 00:00:00+00:00
[2024-07-27T21:38:00.753+0700] {processor.py:183} INFO - Processing /usr/local/lib/python3.10/dist-packages/airflow/example_dags/example_short_circuit_decorator.py took 0.078 seconds
[2024-07-27T21:38:48.582+0700] {processor.py:161} INFO - Started process (PID=5258) to work on /usr/local/lib/python3.10/dist-packages/airflow/example_dags/example_short_circuit_decorator.py
[2024-07-27T21:38:48.585+0700] {processor.py:830} INFO - Processing file /usr/local/lib/python3.10/dist-packages/airflow/example_dags/example_short_circuit_decorator.py for tasks to queue
[2024-07-27T21:38:48.586+0700] {logging_mixin.py:188} INFO - [2024-07-27T21:38:48.586+0700] {dagbag.py:545} INFO - Filling up the DagBag from /usr/local/lib/python3.10/dist-packages/airflow/example_dags/example_short_circuit_decorator.py
[2024-07-27T21:38:48.596+0700] {processor.py:840} INFO - DAG(s) 'example_short_circuit_decorator' retrieved from /usr/local/lib/python3.10/dist-packages/airflow/example_dags/example_short_circuit_decorator.py
[2024-07-27T21:38:48.619+0700] {logging_mixin.py:188} INFO - [2024-07-27T21:38:48.619+0700] {dag.py:3089} INFO - Sync 1 DAGs
[2024-07-27T21:38:48.640+0700] {logging_mixin.py:188} INFO - [2024-07-27T21:38:48.639+0700] {dag.py:3947} INFO - Setting next_dagrun for example_short_circuit_decorator to 2024-07-26 00:00:00+00:00, run_after=2024-07-27 00:00:00+00:00
[2024-07-27T21:38:48.678+0700] {processor.py:183} INFO - Processing /usr/local/lib/python3.10/dist-packages/airflow/example_dags/example_short_circuit_decorator.py took 0.103 seconds
[2024-07-27T21:39:33.288+0700] {processor.py:161} INFO - Started process (PID=5760) to work on /usr/local/lib/python3.10/dist-packages/airflow/example_dags/example_short_circuit_decorator.py
[2024-07-27T21:39:33.290+0700] {processor.py:830} INFO - Processing file /usr/local/lib/python3.10/dist-packages/airflow/example_dags/example_short_circuit_decorator.py for tasks to queue
[2024-07-27T21:39:33.291+0700] {logging_mixin.py:188} INFO - [2024-07-27T21:39:33.291+0700] {dagbag.py:545} INFO - Filling up the DagBag from /usr/local/lib/python3.10/dist-packages/airflow/example_dags/example_short_circuit_decorator.py
[2024-07-27T21:39:33.299+0700] {processor.py:840} INFO - DAG(s) 'example_short_circuit_decorator' retrieved from /usr/local/lib/python3.10/dist-packages/airflow/example_dags/example_short_circuit_decorator.py
[2024-07-27T21:39:33.313+0700] {logging_mixin.py:188} INFO - [2024-07-27T21:39:33.313+0700] {dag.py:3089} INFO - Sync 1 DAGs
[2024-07-27T21:39:33.328+0700] {logging_mixin.py:188} INFO - [2024-07-27T21:39:33.327+0700] {dag.py:3947} INFO - Setting next_dagrun for example_short_circuit_decorator to 2024-07-26 00:00:00+00:00, run_after=2024-07-27 00:00:00+00:00
[2024-07-27T21:39:33.359+0700] {processor.py:183} INFO - Processing /usr/local/lib/python3.10/dist-packages/airflow/example_dags/example_short_circuit_decorator.py took 0.075 seconds
[2024-07-27T21:40:14.760+0700] {processor.py:161} INFO - Started process (PID=6246) to work on /usr/local/lib/python3.10/dist-packages/airflow/example_dags/example_short_circuit_decorator.py
[2024-07-27T21:40:14.763+0700] {processor.py:830} INFO - Processing file /usr/local/lib/python3.10/dist-packages/airflow/example_dags/example_short_circuit_decorator.py for tasks to queue
[2024-07-27T21:40:14.764+0700] {logging_mixin.py:188} INFO - [2024-07-27T21:40:14.763+0700] {dagbag.py:545} INFO - Filling up the DagBag from /usr/local/lib/python3.10/dist-packages/airflow/example_dags/example_short_circuit_decorator.py
[2024-07-27T21:40:14.771+0700] {processor.py:840} INFO - DAG(s) 'example_short_circuit_decorator' retrieved from /usr/local/lib/python3.10/dist-packages/airflow/example_dags/example_short_circuit_decorator.py
[2024-07-27T21:40:14.785+0700] {logging_mixin.py:188} INFO - [2024-07-27T21:40:14.785+0700] {dag.py:3089} INFO - Sync 1 DAGs
[2024-07-27T21:40:14.801+0700] {logging_mixin.py:188} INFO - [2024-07-27T21:40:14.800+0700] {dag.py:3947} INFO - Setting next_dagrun for example_short_circuit_decorator to 2024-07-26 00:00:00+00:00, run_after=2024-07-27 00:00:00+00:00
[2024-07-27T21:40:14.833+0700] {processor.py:183} INFO - Processing /usr/local/lib/python3.10/dist-packages/airflow/example_dags/example_short_circuit_decorator.py took 0.077 seconds
[2024-07-27T21:40:55.747+0700] {processor.py:161} INFO - Started process (PID=6647) to work on /usr/local/lib/python3.10/dist-packages/airflow/example_dags/example_short_circuit_decorator.py
[2024-07-27T21:40:55.749+0700] {processor.py:830} INFO - Processing file /usr/local/lib/python3.10/dist-packages/airflow/example_dags/example_short_circuit_decorator.py for tasks to queue
[2024-07-27T21:40:55.750+0700] {logging_mixin.py:188} INFO - [2024-07-27T21:40:55.750+0700] {dagbag.py:545} INFO - Filling up the DagBag from /usr/local/lib/python3.10/dist-packages/airflow/example_dags/example_short_circuit_decorator.py
[2024-07-27T21:40:55.758+0700] {processor.py:840} INFO - DAG(s) 'example_short_circuit_decorator' retrieved from /usr/local/lib/python3.10/dist-packages/airflow/example_dags/example_short_circuit_decorator.py
[2024-07-27T21:40:55.771+0700] {logging_mixin.py:188} INFO - [2024-07-27T21:40:55.771+0700] {dag.py:3089} INFO - Sync 1 DAGs
[2024-07-27T21:40:55.785+0700] {logging_mixin.py:188} INFO - [2024-07-27T21:40:55.785+0700] {dag.py:3947} INFO - Setting next_dagrun for example_short_circuit_decorator to 2024-07-26 00:00:00+00:00, run_after=2024-07-27 00:00:00+00:00
[2024-07-27T21:40:55.815+0700] {processor.py:183} INFO - Processing /usr/local/lib/python3.10/dist-packages/airflow/example_dags/example_short_circuit_decorator.py took 0.072 seconds
[2024-07-27T21:41:38.898+0700] {processor.py:161} INFO - Started process (PID=7142) to work on /usr/local/lib/python3.10/dist-packages/airflow/example_dags/example_short_circuit_decorator.py
[2024-07-27T21:41:38.899+0700] {processor.py:830} INFO - Processing file /usr/local/lib/python3.10/dist-packages/airflow/example_dags/example_short_circuit_decorator.py for tasks to queue
[2024-07-27T21:41:38.901+0700] {logging_mixin.py:188} INFO - [2024-07-27T21:41:38.900+0700] {dagbag.py:545} INFO - Filling up the DagBag from /usr/local/lib/python3.10/dist-packages/airflow/example_dags/example_short_circuit_decorator.py
[2024-07-27T21:41:38.908+0700] {processor.py:840} INFO - DAG(s) 'example_short_circuit_decorator' retrieved from /usr/local/lib/python3.10/dist-packages/airflow/example_dags/example_short_circuit_decorator.py
[2024-07-27T21:41:38.926+0700] {logging_mixin.py:188} INFO - [2024-07-27T21:41:38.926+0700] {dag.py:3089} INFO - Sync 1 DAGs
[2024-07-27T21:41:38.944+0700] {logging_mixin.py:188} INFO - [2024-07-27T21:41:38.943+0700] {dag.py:3947} INFO - Setting next_dagrun for example_short_circuit_decorator to 2024-07-26 00:00:00+00:00, run_after=2024-07-27 00:00:00+00:00
[2024-07-27T21:41:38.973+0700] {processor.py:183} INFO - Processing /usr/local/lib/python3.10/dist-packages/airflow/example_dags/example_short_circuit_decorator.py took 0.081 seconds
[2024-07-27T21:44:15.693+0700] {processor.py:161} INFO - Started process (PID=9295) to work on /usr/local/lib/python3.10/dist-packages/airflow/example_dags/example_short_circuit_decorator.py
[2024-07-27T21:44:15.695+0700] {processor.py:830} INFO - Processing file /usr/local/lib/python3.10/dist-packages/airflow/example_dags/example_short_circuit_decorator.py for tasks to queue
[2024-07-27T21:44:15.696+0700] {logging_mixin.py:188} INFO - [2024-07-27T21:44:15.696+0700] {dagbag.py:545} INFO - Filling up the DagBag from /usr/local/lib/python3.10/dist-packages/airflow/example_dags/example_short_circuit_decorator.py
[2024-07-27T21:44:15.705+0700] {processor.py:840} INFO - DAG(s) 'example_short_circuit_decorator' retrieved from /usr/local/lib/python3.10/dist-packages/airflow/example_dags/example_short_circuit_decorator.py
[2024-07-27T21:44:15.729+0700] {logging_mixin.py:188} INFO - [2024-07-27T21:44:15.729+0700] {dag.py:3089} INFO - Sync 1 DAGs
[2024-07-27T21:44:15.750+0700] {logging_mixin.py:188} INFO - [2024-07-27T21:44:15.750+0700] {dag.py:3947} INFO - Setting next_dagrun for example_short_circuit_decorator to 2024-07-26 00:00:00+00:00, run_after=2024-07-27 00:00:00+00:00
[2024-07-27T21:44:15.790+0700] {processor.py:183} INFO - Processing /usr/local/lib/python3.10/dist-packages/airflow/example_dags/example_short_circuit_decorator.py took 0.102 seconds
[2024-07-27T21:45:07.267+0700] {processor.py:161} INFO - Started process (PID=9736) to work on /usr/local/lib/python3.10/dist-packages/airflow/example_dags/example_short_circuit_decorator.py
[2024-07-27T21:45:07.268+0700] {processor.py:830} INFO - Processing file /usr/local/lib/python3.10/dist-packages/airflow/example_dags/example_short_circuit_decorator.py for tasks to queue
[2024-07-27T21:45:07.269+0700] {logging_mixin.py:188} INFO - [2024-07-27T21:45:07.269+0700] {dagbag.py:545} INFO - Filling up the DagBag from /usr/local/lib/python3.10/dist-packages/airflow/example_dags/example_short_circuit_decorator.py
[2024-07-27T21:45:07.277+0700] {processor.py:840} INFO - DAG(s) 'example_short_circuit_decorator' retrieved from /usr/local/lib/python3.10/dist-packages/airflow/example_dags/example_short_circuit_decorator.py
[2024-07-27T21:45:07.291+0700] {logging_mixin.py:188} INFO - [2024-07-27T21:45:07.291+0700] {dag.py:3089} INFO - Sync 1 DAGs
[2024-07-27T21:45:07.305+0700] {logging_mixin.py:188} INFO - [2024-07-27T21:45:07.305+0700] {dag.py:3947} INFO - Setting next_dagrun for example_short_circuit_decorator to 2024-07-26 00:00:00+00:00, run_after=2024-07-27 00:00:00+00:00
[2024-07-27T21:45:07.334+0700] {processor.py:183} INFO - Processing /usr/local/lib/python3.10/dist-packages/airflow/example_dags/example_short_circuit_decorator.py took 0.072 seconds
[2024-07-27T21:45:51.435+0700] {processor.py:161} INFO - Started process (PID=10119) to work on /usr/local/lib/python3.10/dist-packages/airflow/example_dags/example_short_circuit_decorator.py
[2024-07-27T21:45:51.438+0700] {processor.py:830} INFO - Processing file /usr/local/lib/python3.10/dist-packages/airflow/example_dags/example_short_circuit_decorator.py for tasks to queue
[2024-07-27T21:45:51.439+0700] {logging_mixin.py:188} INFO - [2024-07-27T21:45:51.439+0700] {dagbag.py:545} INFO - Filling up the DagBag from /usr/local/lib/python3.10/dist-packages/airflow/example_dags/example_short_circuit_decorator.py
[2024-07-27T21:45:51.446+0700] {processor.py:840} INFO - DAG(s) 'example_short_circuit_decorator' retrieved from /usr/local/lib/python3.10/dist-packages/airflow/example_dags/example_short_circuit_decorator.py
[2024-07-27T21:45:51.459+0700] {logging_mixin.py:188} INFO - [2024-07-27T21:45:51.459+0700] {dag.py:3089} INFO - Sync 1 DAGs
[2024-07-27T21:45:51.471+0700] {logging_mixin.py:188} INFO - [2024-07-27T21:45:51.471+0700] {dag.py:3947} INFO - Setting next_dagrun for example_short_circuit_decorator to 2024-07-26 00:00:00+00:00, run_after=2024-07-27 00:00:00+00:00
[2024-07-27T21:45:51.501+0700] {processor.py:183} INFO - Processing /usr/local/lib/python3.10/dist-packages/airflow/example_dags/example_short_circuit_decorator.py took 0.070 seconds
[2024-07-27T21:48:14.996+0700] {processor.py:161} INFO - Started process (PID=11814) to work on /usr/local/lib/python3.10/dist-packages/airflow/example_dags/example_short_circuit_decorator.py
[2024-07-27T21:48:14.997+0700] {processor.py:830} INFO - Processing file /usr/local/lib/python3.10/dist-packages/airflow/example_dags/example_short_circuit_decorator.py for tasks to queue
[2024-07-27T21:48:14.998+0700] {logging_mixin.py:188} INFO - [2024-07-27T21:48:14.998+0700] {dagbag.py:545} INFO - Filling up the DagBag from /usr/local/lib/python3.10/dist-packages/airflow/example_dags/example_short_circuit_decorator.py
[2024-07-27T21:48:15.005+0700] {processor.py:840} INFO - DAG(s) 'example_short_circuit_decorator' retrieved from /usr/local/lib/python3.10/dist-packages/airflow/example_dags/example_short_circuit_decorator.py
[2024-07-27T21:48:15.024+0700] {logging_mixin.py:188} INFO - [2024-07-27T21:48:15.024+0700] {dag.py:3089} INFO - Sync 1 DAGs
[2024-07-27T21:48:15.037+0700] {logging_mixin.py:188} INFO - [2024-07-27T21:48:15.037+0700] {dag.py:3947} INFO - Setting next_dagrun for example_short_circuit_decorator to 2024-07-26 00:00:00+00:00, run_after=2024-07-27 00:00:00+00:00
[2024-07-27T21:48:15.065+0700] {processor.py:183} INFO - Processing /usr/local/lib/python3.10/dist-packages/airflow/example_dags/example_short_circuit_decorator.py took 0.074 seconds
[2024-07-27T21:49:04.418+0700] {processor.py:161} INFO - Started process (PID=12264) to work on /usr/local/lib/python3.10/dist-packages/airflow/example_dags/example_short_circuit_decorator.py
[2024-07-27T21:49:04.419+0700] {processor.py:830} INFO - Processing file /usr/local/lib/python3.10/dist-packages/airflow/example_dags/example_short_circuit_decorator.py for tasks to queue
[2024-07-27T21:49:04.420+0700] {logging_mixin.py:188} INFO - [2024-07-27T21:49:04.420+0700] {dagbag.py:545} INFO - Filling up the DagBag from /usr/local/lib/python3.10/dist-packages/airflow/example_dags/example_short_circuit_decorator.py
[2024-07-27T21:49:04.427+0700] {processor.py:840} INFO - DAG(s) 'example_short_circuit_decorator' retrieved from /usr/local/lib/python3.10/dist-packages/airflow/example_dags/example_short_circuit_decorator.py
[2024-07-27T21:49:04.441+0700] {logging_mixin.py:188} INFO - [2024-07-27T21:49:04.441+0700] {dag.py:3089} INFO - Sync 1 DAGs
[2024-07-27T21:49:04.456+0700] {logging_mixin.py:188} INFO - [2024-07-27T21:49:04.455+0700] {dag.py:3947} INFO - Setting next_dagrun for example_short_circuit_decorator to 2024-07-26 00:00:00+00:00, run_after=2024-07-27 00:00:00+00:00
[2024-07-27T21:49:04.486+0700] {processor.py:183} INFO - Processing /usr/local/lib/python3.10/dist-packages/airflow/example_dags/example_short_circuit_decorator.py took 0.073 seconds
[2024-07-27T21:49:43.874+0700] {processor.py:161} INFO - Started process (PID=12640) to work on /usr/local/lib/python3.10/dist-packages/airflow/example_dags/example_short_circuit_decorator.py
[2024-07-27T21:49:43.877+0700] {processor.py:830} INFO - Processing file /usr/local/lib/python3.10/dist-packages/airflow/example_dags/example_short_circuit_decorator.py for tasks to queue
[2024-07-27T21:49:43.878+0700] {logging_mixin.py:188} INFO - [2024-07-27T21:49:43.878+0700] {dagbag.py:545} INFO - Filling up the DagBag from /usr/local/lib/python3.10/dist-packages/airflow/example_dags/example_short_circuit_decorator.py
[2024-07-27T21:49:43.884+0700] {processor.py:840} INFO - DAG(s) 'example_short_circuit_decorator' retrieved from /usr/local/lib/python3.10/dist-packages/airflow/example_dags/example_short_circuit_decorator.py
[2024-07-27T21:49:43.898+0700] {logging_mixin.py:188} INFO - [2024-07-27T21:49:43.898+0700] {dag.py:3089} INFO - Sync 1 DAGs
[2024-07-27T21:49:43.911+0700] {logging_mixin.py:188} INFO - [2024-07-27T21:49:43.911+0700] {dag.py:3947} INFO - Setting next_dagrun for example_short_circuit_decorator to 2024-07-26 00:00:00+00:00, run_after=2024-07-27 00:00:00+00:00
[2024-07-27T21:49:43.941+0700] {processor.py:183} INFO - Processing /usr/local/lib/python3.10/dist-packages/airflow/example_dags/example_short_circuit_decorator.py took 0.071 seconds
[2024-07-27T21:50:23.809+0700] {processor.py:161} INFO - Started process (PID=13089) to work on /usr/local/lib/python3.10/dist-packages/airflow/example_dags/example_short_circuit_decorator.py
[2024-07-27T21:50:23.812+0700] {processor.py:830} INFO - Processing file /usr/local/lib/python3.10/dist-packages/airflow/example_dags/example_short_circuit_decorator.py for tasks to queue
[2024-07-27T21:50:23.813+0700] {logging_mixin.py:188} INFO - [2024-07-27T21:50:23.812+0700] {dagbag.py:545} INFO - Filling up the DagBag from /usr/local/lib/python3.10/dist-packages/airflow/example_dags/example_short_circuit_decorator.py
[2024-07-27T21:50:23.819+0700] {processor.py:840} INFO - DAG(s) 'example_short_circuit_decorator' retrieved from /usr/local/lib/python3.10/dist-packages/airflow/example_dags/example_short_circuit_decorator.py
[2024-07-27T21:50:23.834+0700] {logging_mixin.py:188} INFO - [2024-07-27T21:50:23.834+0700] {dag.py:3089} INFO - Sync 1 DAGs
[2024-07-27T21:50:23.847+0700] {logging_mixin.py:188} INFO - [2024-07-27T21:50:23.847+0700] {dag.py:3947} INFO - Setting next_dagrun for example_short_circuit_decorator to 2024-07-26 00:00:00+00:00, run_after=2024-07-27 00:00:00+00:00
[2024-07-27T21:50:23.877+0700] {processor.py:183} INFO - Processing /usr/local/lib/python3.10/dist-packages/airflow/example_dags/example_short_circuit_decorator.py took 0.073 seconds
[2024-07-27T21:51:03.138+0700] {processor.py:161} INFO - Started process (PID=13463) to work on /usr/local/lib/python3.10/dist-packages/airflow/example_dags/example_short_circuit_decorator.py
[2024-07-27T21:51:03.141+0700] {processor.py:830} INFO - Processing file /usr/local/lib/python3.10/dist-packages/airflow/example_dags/example_short_circuit_decorator.py for tasks to queue
[2024-07-27T21:51:03.142+0700] {logging_mixin.py:188} INFO - [2024-07-27T21:51:03.142+0700] {dagbag.py:545} INFO - Filling up the DagBag from /usr/local/lib/python3.10/dist-packages/airflow/example_dags/example_short_circuit_decorator.py
[2024-07-27T21:51:03.149+0700] {processor.py:840} INFO - DAG(s) 'example_short_circuit_decorator' retrieved from /usr/local/lib/python3.10/dist-packages/airflow/example_dags/example_short_circuit_decorator.py
[2024-07-27T21:51:03.163+0700] {logging_mixin.py:188} INFO - [2024-07-27T21:51:03.163+0700] {dag.py:3089} INFO - Sync 1 DAGs
[2024-07-27T21:51:03.177+0700] {logging_mixin.py:188} INFO - [2024-07-27T21:51:03.177+0700] {dag.py:3947} INFO - Setting next_dagrun for example_short_circuit_decorator to 2024-07-26 00:00:00+00:00, run_after=2024-07-27 00:00:00+00:00
[2024-07-27T21:51:03.206+0700] {processor.py:183} INFO - Processing /usr/local/lib/python3.10/dist-packages/airflow/example_dags/example_short_circuit_decorator.py took 0.072 seconds
[2024-07-27T21:51:46.756+0700] {processor.py:161} INFO - Started process (PID=13870) to work on /usr/local/lib/python3.10/dist-packages/airflow/example_dags/example_short_circuit_decorator.py
[2024-07-27T21:51:46.757+0700] {processor.py:830} INFO - Processing file /usr/local/lib/python3.10/dist-packages/airflow/example_dags/example_short_circuit_decorator.py for tasks to queue
[2024-07-27T21:51:46.758+0700] {logging_mixin.py:188} INFO - [2024-07-27T21:51:46.758+0700] {dagbag.py:545} INFO - Filling up the DagBag from /usr/local/lib/python3.10/dist-packages/airflow/example_dags/example_short_circuit_decorator.py
[2024-07-27T21:51:46.767+0700] {processor.py:840} INFO - DAG(s) 'example_short_circuit_decorator' retrieved from /usr/local/lib/python3.10/dist-packages/airflow/example_dags/example_short_circuit_decorator.py
[2024-07-27T21:51:46.783+0700] {logging_mixin.py:188} INFO - [2024-07-27T21:51:46.783+0700] {dag.py:3089} INFO - Sync 1 DAGs
[2024-07-27T21:51:46.801+0700] {logging_mixin.py:188} INFO - [2024-07-27T21:51:46.801+0700] {dag.py:3947} INFO - Setting next_dagrun for example_short_circuit_decorator to 2024-07-26 00:00:00+00:00, run_after=2024-07-27 00:00:00+00:00
[2024-07-27T21:51:46.839+0700] {processor.py:183} INFO - Processing /usr/local/lib/python3.10/dist-packages/airflow/example_dags/example_short_circuit_decorator.py took 0.089 seconds
[2024-07-27T21:54:38.930+0700] {processor.py:161} INFO - Started process (PID=15673) to work on /usr/local/lib/python3.10/dist-packages/airflow/example_dags/example_short_circuit_decorator.py
[2024-07-27T21:54:38.932+0700] {processor.py:830} INFO - Processing file /usr/local/lib/python3.10/dist-packages/airflow/example_dags/example_short_circuit_decorator.py for tasks to queue
[2024-07-27T21:54:38.933+0700] {logging_mixin.py:188} INFO - [2024-07-27T21:54:38.932+0700] {dagbag.py:545} INFO - Filling up the DagBag from /usr/local/lib/python3.10/dist-packages/airflow/example_dags/example_short_circuit_decorator.py
[2024-07-27T21:54:38.943+0700] {processor.py:840} INFO - DAG(s) 'example_short_circuit_decorator' retrieved from /usr/local/lib/python3.10/dist-packages/airflow/example_dags/example_short_circuit_decorator.py
[2024-07-27T21:54:38.964+0700] {logging_mixin.py:188} INFO - [2024-07-27T21:54:38.964+0700] {dag.py:3089} INFO - Sync 1 DAGs
[2024-07-27T21:54:38.977+0700] {logging_mixin.py:188} INFO - [2024-07-27T21:54:38.977+0700] {dag.py:3947} INFO - Setting next_dagrun for example_short_circuit_decorator to 2024-07-26 00:00:00+00:00, run_after=2024-07-27 00:00:00+00:00
[2024-07-27T21:54:39.009+0700] {processor.py:183} INFO - Processing /usr/local/lib/python3.10/dist-packages/airflow/example_dags/example_short_circuit_decorator.py took 0.084 seconds
[2024-07-27T21:55:29.089+0700] {processor.py:161} INFO - Started process (PID=16400) to work on /usr/local/lib/python3.10/dist-packages/airflow/example_dags/example_short_circuit_decorator.py
[2024-07-27T21:55:29.090+0700] {processor.py:830} INFO - Processing file /usr/local/lib/python3.10/dist-packages/airflow/example_dags/example_short_circuit_decorator.py for tasks to queue
[2024-07-27T21:55:29.091+0700] {logging_mixin.py:188} INFO - [2024-07-27T21:55:29.091+0700] {dagbag.py:545} INFO - Filling up the DagBag from /usr/local/lib/python3.10/dist-packages/airflow/example_dags/example_short_circuit_decorator.py
[2024-07-27T21:55:29.098+0700] {processor.py:840} INFO - DAG(s) 'example_short_circuit_decorator' retrieved from /usr/local/lib/python3.10/dist-packages/airflow/example_dags/example_short_circuit_decorator.py
[2024-07-27T21:55:29.112+0700] {logging_mixin.py:188} INFO - [2024-07-27T21:55:29.112+0700] {dag.py:3089} INFO - Sync 1 DAGs
[2024-07-27T21:55:29.126+0700] {logging_mixin.py:188} INFO - [2024-07-27T21:55:29.126+0700] {dag.py:3947} INFO - Setting next_dagrun for example_short_circuit_decorator to 2024-07-26 00:00:00+00:00, run_after=2024-07-27 00:00:00+00:00
[2024-07-27T21:55:29.155+0700] {processor.py:183} INFO - Processing /usr/local/lib/python3.10/dist-packages/airflow/example_dags/example_short_circuit_decorator.py took 0.071 seconds
[2024-07-27T21:58:03.660+0700] {processor.py:161} INFO - Started process (PID=18524) to work on /usr/local/lib/python3.10/dist-packages/airflow/example_dags/example_short_circuit_decorator.py
[2024-07-27T21:58:03.662+0700] {processor.py:830} INFO - Processing file /usr/local/lib/python3.10/dist-packages/airflow/example_dags/example_short_circuit_decorator.py for tasks to queue
[2024-07-27T21:58:03.662+0700] {logging_mixin.py:188} INFO - [2024-07-27T21:58:03.662+0700] {dagbag.py:545} INFO - Filling up the DagBag from /usr/local/lib/python3.10/dist-packages/airflow/example_dags/example_short_circuit_decorator.py
[2024-07-27T21:58:03.668+0700] {processor.py:840} INFO - DAG(s) 'example_short_circuit_decorator' retrieved from /usr/local/lib/python3.10/dist-packages/airflow/example_dags/example_short_circuit_decorator.py
[2024-07-27T21:58:03.687+0700] {logging_mixin.py:188} INFO - [2024-07-27T21:58:03.687+0700] {dag.py:3089} INFO - Sync 1 DAGs
[2024-07-27T21:58:03.702+0700] {logging_mixin.py:188} INFO - [2024-07-27T21:58:03.702+0700] {dag.py:3947} INFO - Setting next_dagrun for example_short_circuit_decorator to 2024-07-26 00:00:00+00:00, run_after=2024-07-27 00:00:00+00:00
[2024-07-27T21:58:03.734+0700] {processor.py:183} INFO - Processing /usr/local/lib/python3.10/dist-packages/airflow/example_dags/example_short_circuit_decorator.py took 0.078 seconds
[2024-07-27T21:58:54.214+0700] {processor.py:161} INFO - Started process (PID=18942) to work on /usr/local/lib/python3.10/dist-packages/airflow/example_dags/example_short_circuit_decorator.py
[2024-07-27T21:58:54.215+0700] {processor.py:830} INFO - Processing file /usr/local/lib/python3.10/dist-packages/airflow/example_dags/example_short_circuit_decorator.py for tasks to queue
[2024-07-27T21:58:54.216+0700] {logging_mixin.py:188} INFO - [2024-07-27T21:58:54.215+0700] {dagbag.py:545} INFO - Filling up the DagBag from /usr/local/lib/python3.10/dist-packages/airflow/example_dags/example_short_circuit_decorator.py
[2024-07-27T21:58:54.223+0700] {processor.py:840} INFO - DAG(s) 'example_short_circuit_decorator' retrieved from /usr/local/lib/python3.10/dist-packages/airflow/example_dags/example_short_circuit_decorator.py
[2024-07-27T21:58:54.237+0700] {logging_mixin.py:188} INFO - [2024-07-27T21:58:54.237+0700] {dag.py:3089} INFO - Sync 1 DAGs
[2024-07-27T21:58:54.249+0700] {logging_mixin.py:188} INFO - [2024-07-27T21:58:54.249+0700] {dag.py:3947} INFO - Setting next_dagrun for example_short_circuit_decorator to 2024-07-26 00:00:00+00:00, run_after=2024-07-27 00:00:00+00:00
[2024-07-27T21:58:54.273+0700] {processor.py:183} INFO - Processing /usr/local/lib/python3.10/dist-packages/airflow/example_dags/example_short_circuit_decorator.py took 0.064 seconds
[2024-07-27T21:59:37.405+0700] {processor.py:161} INFO - Started process (PID=19405) to work on /usr/local/lib/python3.10/dist-packages/airflow/example_dags/example_short_circuit_decorator.py
[2024-07-27T21:59:37.407+0700] {processor.py:830} INFO - Processing file /usr/local/lib/python3.10/dist-packages/airflow/example_dags/example_short_circuit_decorator.py for tasks to queue
[2024-07-27T21:59:37.408+0700] {logging_mixin.py:188} INFO - [2024-07-27T21:59:37.408+0700] {dagbag.py:545} INFO - Filling up the DagBag from /usr/local/lib/python3.10/dist-packages/airflow/example_dags/example_short_circuit_decorator.py
[2024-07-27T21:59:37.415+0700] {processor.py:840} INFO - DAG(s) 'example_short_circuit_decorator' retrieved from /usr/local/lib/python3.10/dist-packages/airflow/example_dags/example_short_circuit_decorator.py
[2024-07-27T21:59:37.430+0700] {logging_mixin.py:188} INFO - [2024-07-27T21:59:37.430+0700] {dag.py:3089} INFO - Sync 1 DAGs
[2024-07-27T21:59:37.446+0700] {logging_mixin.py:188} INFO - [2024-07-27T21:59:37.446+0700] {dag.py:3947} INFO - Setting next_dagrun for example_short_circuit_decorator to 2024-07-26 00:00:00+00:00, run_after=2024-07-27 00:00:00+00:00
[2024-07-27T21:59:37.468+0700] {processor.py:183} INFO - Processing /usr/local/lib/python3.10/dist-packages/airflow/example_dags/example_short_circuit_decorator.py took 0.067 seconds
[2024-07-27T22:00:22.727+0700] {processor.py:161} INFO - Started process (PID=19756) to work on /usr/local/lib/python3.10/dist-packages/airflow/example_dags/example_short_circuit_decorator.py
[2024-07-27T22:00:22.729+0700] {processor.py:830} INFO - Processing file /usr/local/lib/python3.10/dist-packages/airflow/example_dags/example_short_circuit_decorator.py for tasks to queue
[2024-07-27T22:00:22.730+0700] {logging_mixin.py:188} INFO - [2024-07-27T22:00:22.730+0700] {dagbag.py:545} INFO - Filling up the DagBag from /usr/local/lib/python3.10/dist-packages/airflow/example_dags/example_short_circuit_decorator.py
[2024-07-27T22:00:22.739+0700] {processor.py:840} INFO - DAG(s) 'example_short_circuit_decorator' retrieved from /usr/local/lib/python3.10/dist-packages/airflow/example_dags/example_short_circuit_decorator.py
[2024-07-27T22:00:22.755+0700] {logging_mixin.py:188} INFO - [2024-07-27T22:00:22.755+0700] {dag.py:3089} INFO - Sync 1 DAGs
[2024-07-27T22:00:22.774+0700] {logging_mixin.py:188} INFO - [2024-07-27T22:00:22.773+0700] {dag.py:3947} INFO - Setting next_dagrun for example_short_circuit_decorator to 2024-07-26 00:00:00+00:00, run_after=2024-07-27 00:00:00+00:00
[2024-07-27T22:00:22.800+0700] {processor.py:183} INFO - Processing /usr/local/lib/python3.10/dist-packages/airflow/example_dags/example_short_circuit_decorator.py took 0.080 seconds
[2024-07-27T22:01:13.727+0700] {processor.py:161} INFO - Started process (PID=20147) to work on /usr/local/lib/python3.10/dist-packages/airflow/example_dags/example_short_circuit_decorator.py
[2024-07-27T22:01:13.729+0700] {processor.py:830} INFO - Processing file /usr/local/lib/python3.10/dist-packages/airflow/example_dags/example_short_circuit_decorator.py for tasks to queue
[2024-07-27T22:01:13.730+0700] {logging_mixin.py:188} INFO - [2024-07-27T22:01:13.730+0700] {dagbag.py:545} INFO - Filling up the DagBag from /usr/local/lib/python3.10/dist-packages/airflow/example_dags/example_short_circuit_decorator.py
[2024-07-27T22:01:13.740+0700] {processor.py:840} INFO - DAG(s) 'example_short_circuit_decorator' retrieved from /usr/local/lib/python3.10/dist-packages/airflow/example_dags/example_short_circuit_decorator.py
[2024-07-27T22:01:13.765+0700] {logging_mixin.py:188} INFO - [2024-07-27T22:01:13.764+0700] {dag.py:3089} INFO - Sync 1 DAGs
[2024-07-27T22:01:13.861+0700] {logging_mixin.py:188} INFO - [2024-07-27T22:01:13.861+0700] {dag.py:3947} INFO - Setting next_dagrun for example_short_circuit_decorator to 2024-07-26 00:00:00+00:00, run_after=2024-07-27 00:00:00+00:00
[2024-07-27T22:01:13.944+0700] {processor.py:183} INFO - Processing /usr/local/lib/python3.10/dist-packages/airflow/example_dags/example_short_circuit_decorator.py took 0.224 seconds
[2024-07-27T22:01:59.084+0700] {processor.py:161} INFO - Started process (PID=20642) to work on /usr/local/lib/python3.10/dist-packages/airflow/example_dags/example_short_circuit_decorator.py
[2024-07-27T22:01:59.086+0700] {processor.py:830} INFO - Processing file /usr/local/lib/python3.10/dist-packages/airflow/example_dags/example_short_circuit_decorator.py for tasks to queue
[2024-07-27T22:01:59.087+0700] {logging_mixin.py:188} INFO - [2024-07-27T22:01:59.087+0700] {dagbag.py:545} INFO - Filling up the DagBag from /usr/local/lib/python3.10/dist-packages/airflow/example_dags/example_short_circuit_decorator.py
[2024-07-27T22:01:59.094+0700] {processor.py:840} INFO - DAG(s) 'example_short_circuit_decorator' retrieved from /usr/local/lib/python3.10/dist-packages/airflow/example_dags/example_short_circuit_decorator.py
[2024-07-27T22:01:59.109+0700] {logging_mixin.py:188} INFO - [2024-07-27T22:01:59.108+0700] {dag.py:3089} INFO - Sync 1 DAGs
[2024-07-27T22:01:59.123+0700] {logging_mixin.py:188} INFO - [2024-07-27T22:01:59.123+0700] {dag.py:3947} INFO - Setting next_dagrun for example_short_circuit_decorator to 2024-07-26 00:00:00+00:00, run_after=2024-07-27 00:00:00+00:00
[2024-07-27T22:01:59.152+0700] {processor.py:183} INFO - Processing /usr/local/lib/python3.10/dist-packages/airflow/example_dags/example_short_circuit_decorator.py took 0.073 seconds
[2024-07-27T22:02:38.941+0700] {processor.py:161} INFO - Started process (PID=21001) to work on /usr/local/lib/python3.10/dist-packages/airflow/example_dags/example_short_circuit_decorator.py
[2024-07-27T22:02:38.944+0700] {processor.py:830} INFO - Processing file /usr/local/lib/python3.10/dist-packages/airflow/example_dags/example_short_circuit_decorator.py for tasks to queue
[2024-07-27T22:02:38.945+0700] {logging_mixin.py:188} INFO - [2024-07-27T22:02:38.945+0700] {dagbag.py:545} INFO - Filling up the DagBag from /usr/local/lib/python3.10/dist-packages/airflow/example_dags/example_short_circuit_decorator.py
[2024-07-27T22:02:38.955+0700] {processor.py:840} INFO - DAG(s) 'example_short_circuit_decorator' retrieved from /usr/local/lib/python3.10/dist-packages/airflow/example_dags/example_short_circuit_decorator.py
[2024-07-27T22:02:38.972+0700] {logging_mixin.py:188} INFO - [2024-07-27T22:02:38.971+0700] {dag.py:3089} INFO - Sync 1 DAGs
[2024-07-27T22:02:38.989+0700] {logging_mixin.py:188} INFO - [2024-07-27T22:02:38.988+0700] {dag.py:3947} INFO - Setting next_dagrun for example_short_circuit_decorator to 2024-07-26 00:00:00+00:00, run_after=2024-07-27 00:00:00+00:00
[2024-07-27T22:02:39.020+0700] {processor.py:183} INFO - Processing /usr/local/lib/python3.10/dist-packages/airflow/example_dags/example_short_circuit_decorator.py took 0.092 seconds
[2024-07-27T22:03:22.403+0700] {processor.py:161} INFO - Started process (PID=21395) to work on /usr/local/lib/python3.10/dist-packages/airflow/example_dags/example_short_circuit_decorator.py
[2024-07-27T22:03:22.405+0700] {processor.py:830} INFO - Processing file /usr/local/lib/python3.10/dist-packages/airflow/example_dags/example_short_circuit_decorator.py for tasks to queue
[2024-07-27T22:03:22.406+0700] {logging_mixin.py:188} INFO - [2024-07-27T22:03:22.406+0700] {dagbag.py:545} INFO - Filling up the DagBag from /usr/local/lib/python3.10/dist-packages/airflow/example_dags/example_short_circuit_decorator.py
[2024-07-27T22:03:22.415+0700] {processor.py:840} INFO - DAG(s) 'example_short_circuit_decorator' retrieved from /usr/local/lib/python3.10/dist-packages/airflow/example_dags/example_short_circuit_decorator.py
[2024-07-27T22:03:22.429+0700] {logging_mixin.py:188} INFO - [2024-07-27T22:03:22.429+0700] {dag.py:3089} INFO - Sync 1 DAGs
[2024-07-27T22:03:22.441+0700] {logging_mixin.py:188} INFO - [2024-07-27T22:03:22.441+0700] {dag.py:3947} INFO - Setting next_dagrun for example_short_circuit_decorator to 2024-07-26 00:00:00+00:00, run_after=2024-07-27 00:00:00+00:00
[2024-07-27T22:03:22.472+0700] {processor.py:183} INFO - Processing /usr/local/lib/python3.10/dist-packages/airflow/example_dags/example_short_circuit_decorator.py took 0.074 seconds
[2024-07-27T22:04:04.442+0700] {processor.py:161} INFO - Started process (PID=21762) to work on /usr/local/lib/python3.10/dist-packages/airflow/example_dags/example_short_circuit_decorator.py
[2024-07-27T22:04:04.443+0700] {processor.py:830} INFO - Processing file /usr/local/lib/python3.10/dist-packages/airflow/example_dags/example_short_circuit_decorator.py for tasks to queue
[2024-07-27T22:04:04.444+0700] {logging_mixin.py:188} INFO - [2024-07-27T22:04:04.444+0700] {dagbag.py:545} INFO - Filling up the DagBag from /usr/local/lib/python3.10/dist-packages/airflow/example_dags/example_short_circuit_decorator.py
[2024-07-27T22:04:04.451+0700] {processor.py:840} INFO - DAG(s) 'example_short_circuit_decorator' retrieved from /usr/local/lib/python3.10/dist-packages/airflow/example_dags/example_short_circuit_decorator.py
[2024-07-27T22:04:04.464+0700] {logging_mixin.py:188} INFO - [2024-07-27T22:04:04.464+0700] {dag.py:3089} INFO - Sync 1 DAGs
[2024-07-27T22:04:04.478+0700] {logging_mixin.py:188} INFO - [2024-07-27T22:04:04.478+0700] {dag.py:3947} INFO - Setting next_dagrun for example_short_circuit_decorator to 2024-07-26 00:00:00+00:00, run_after=2024-07-27 00:00:00+00:00
[2024-07-27T22:04:04.506+0700] {processor.py:183} INFO - Processing /usr/local/lib/python3.10/dist-packages/airflow/example_dags/example_short_circuit_decorator.py took 0.068 seconds
[2024-07-27T22:04:48.932+0700] {processor.py:161} INFO - Started process (PID=22351) to work on /usr/local/lib/python3.10/dist-packages/airflow/example_dags/example_short_circuit_decorator.py
[2024-07-27T22:04:48.935+0700] {processor.py:830} INFO - Processing file /usr/local/lib/python3.10/dist-packages/airflow/example_dags/example_short_circuit_decorator.py for tasks to queue
[2024-07-27T22:04:48.936+0700] {logging_mixin.py:188} INFO - [2024-07-27T22:04:48.936+0700] {dagbag.py:545} INFO - Filling up the DagBag from /usr/local/lib/python3.10/dist-packages/airflow/example_dags/example_short_circuit_decorator.py
[2024-07-27T22:04:48.943+0700] {processor.py:840} INFO - DAG(s) 'example_short_circuit_decorator' retrieved from /usr/local/lib/python3.10/dist-packages/airflow/example_dags/example_short_circuit_decorator.py
[2024-07-27T22:04:48.957+0700] {logging_mixin.py:188} INFO - [2024-07-27T22:04:48.957+0700] {dag.py:3089} INFO - Sync 1 DAGs
[2024-07-27T22:04:48.969+0700] {logging_mixin.py:188} INFO - [2024-07-27T22:04:48.969+0700] {dag.py:3947} INFO - Setting next_dagrun for example_short_circuit_decorator to 2024-07-26 00:00:00+00:00, run_after=2024-07-27 00:00:00+00:00
[2024-07-27T22:04:49.000+0700] {processor.py:183} INFO - Processing /usr/local/lib/python3.10/dist-packages/airflow/example_dags/example_short_circuit_decorator.py took 0.072 seconds
[2024-07-27T22:05:32.936+0700] {processor.py:161} INFO - Started process (PID=22699) to work on /usr/local/lib/python3.10/dist-packages/airflow/example_dags/example_short_circuit_decorator.py
[2024-07-27T22:05:32.937+0700] {processor.py:830} INFO - Processing file /usr/local/lib/python3.10/dist-packages/airflow/example_dags/example_short_circuit_decorator.py for tasks to queue
[2024-07-27T22:05:32.938+0700] {logging_mixin.py:188} INFO - [2024-07-27T22:05:32.938+0700] {dagbag.py:545} INFO - Filling up the DagBag from /usr/local/lib/python3.10/dist-packages/airflow/example_dags/example_short_circuit_decorator.py
[2024-07-27T22:05:32.948+0700] {processor.py:840} INFO - DAG(s) 'example_short_circuit_decorator' retrieved from /usr/local/lib/python3.10/dist-packages/airflow/example_dags/example_short_circuit_decorator.py
[2024-07-27T22:05:32.967+0700] {logging_mixin.py:188} INFO - [2024-07-27T22:05:32.966+0700] {dag.py:3089} INFO - Sync 1 DAGs
[2024-07-27T22:05:32.983+0700] {logging_mixin.py:188} INFO - [2024-07-27T22:05:32.982+0700] {dag.py:3947} INFO - Setting next_dagrun for example_short_circuit_decorator to 2024-07-26 00:00:00+00:00, run_after=2024-07-27 00:00:00+00:00
[2024-07-27T22:05:33.017+0700] {processor.py:183} INFO - Processing /usr/local/lib/python3.10/dist-packages/airflow/example_dags/example_short_circuit_decorator.py took 0.086 seconds
[2024-07-27T22:06:19.508+0700] {processor.py:161} INFO - Started process (PID=23316) to work on /usr/local/lib/python3.10/dist-packages/airflow/example_dags/example_short_circuit_decorator.py
[2024-07-27T22:06:19.509+0700] {processor.py:830} INFO - Processing file /usr/local/lib/python3.10/dist-packages/airflow/example_dags/example_short_circuit_decorator.py for tasks to queue
[2024-07-27T22:06:19.511+0700] {logging_mixin.py:188} INFO - [2024-07-27T22:06:19.510+0700] {dagbag.py:545} INFO - Filling up the DagBag from /usr/local/lib/python3.10/dist-packages/airflow/example_dags/example_short_circuit_decorator.py
[2024-07-27T22:06:19.518+0700] {processor.py:840} INFO - DAG(s) 'example_short_circuit_decorator' retrieved from /usr/local/lib/python3.10/dist-packages/airflow/example_dags/example_short_circuit_decorator.py
[2024-07-27T22:06:19.534+0700] {logging_mixin.py:188} INFO - [2024-07-27T22:06:19.534+0700] {dag.py:3089} INFO - Sync 1 DAGs
[2024-07-27T22:06:19.550+0700] {logging_mixin.py:188} INFO - [2024-07-27T22:06:19.550+0700] {dag.py:3947} INFO - Setting next_dagrun for example_short_circuit_decorator to 2024-07-26 00:00:00+00:00, run_after=2024-07-27 00:00:00+00:00
[2024-07-27T22:06:19.583+0700] {processor.py:183} INFO - Processing /usr/local/lib/python3.10/dist-packages/airflow/example_dags/example_short_circuit_decorator.py took 0.079 seconds
[2024-07-27T22:07:05.611+0700] {processor.py:161} INFO - Started process (PID=23767) to work on /usr/local/lib/python3.10/dist-packages/airflow/example_dags/example_short_circuit_decorator.py
[2024-07-27T22:07:05.614+0700] {processor.py:830} INFO - Processing file /usr/local/lib/python3.10/dist-packages/airflow/example_dags/example_short_circuit_decorator.py for tasks to queue
[2024-07-27T22:07:05.616+0700] {logging_mixin.py:188} INFO - [2024-07-27T22:07:05.615+0700] {dagbag.py:545} INFO - Filling up the DagBag from /usr/local/lib/python3.10/dist-packages/airflow/example_dags/example_short_circuit_decorator.py
[2024-07-27T22:07:05.622+0700] {processor.py:840} INFO - DAG(s) 'example_short_circuit_decorator' retrieved from /usr/local/lib/python3.10/dist-packages/airflow/example_dags/example_short_circuit_decorator.py
[2024-07-27T22:07:05.636+0700] {logging_mixin.py:188} INFO - [2024-07-27T22:07:05.636+0700] {dag.py:3089} INFO - Sync 1 DAGs
[2024-07-27T22:07:05.650+0700] {logging_mixin.py:188} INFO - [2024-07-27T22:07:05.649+0700] {dag.py:3947} INFO - Setting next_dagrun for example_short_circuit_decorator to 2024-07-26 00:00:00+00:00, run_after=2024-07-27 00:00:00+00:00
[2024-07-27T22:07:05.679+0700] {processor.py:183} INFO - Processing /usr/local/lib/python3.10/dist-packages/airflow/example_dags/example_short_circuit_decorator.py took 0.072 seconds
[2024-07-27T22:07:48.481+0700] {processor.py:161} INFO - Started process (PID=24172) to work on /usr/local/lib/python3.10/dist-packages/airflow/example_dags/example_short_circuit_decorator.py
[2024-07-27T22:07:48.482+0700] {processor.py:830} INFO - Processing file /usr/local/lib/python3.10/dist-packages/airflow/example_dags/example_short_circuit_decorator.py for tasks to queue
[2024-07-27T22:07:48.483+0700] {logging_mixin.py:188} INFO - [2024-07-27T22:07:48.483+0700] {dagbag.py:545} INFO - Filling up the DagBag from /usr/local/lib/python3.10/dist-packages/airflow/example_dags/example_short_circuit_decorator.py
[2024-07-27T22:07:48.490+0700] {processor.py:840} INFO - DAG(s) 'example_short_circuit_decorator' retrieved from /usr/local/lib/python3.10/dist-packages/airflow/example_dags/example_short_circuit_decorator.py
[2024-07-27T22:07:48.504+0700] {logging_mixin.py:188} INFO - [2024-07-27T22:07:48.504+0700] {dag.py:3089} INFO - Sync 1 DAGs
[2024-07-27T22:07:48.518+0700] {logging_mixin.py:188} INFO - [2024-07-27T22:07:48.518+0700] {dag.py:3947} INFO - Setting next_dagrun for example_short_circuit_decorator to 2024-07-26 00:00:00+00:00, run_after=2024-07-27 00:00:00+00:00
[2024-07-27T22:07:48.547+0700] {processor.py:183} INFO - Processing /usr/local/lib/python3.10/dist-packages/airflow/example_dags/example_short_circuit_decorator.py took 0.070 seconds
[2024-07-27T22:08:30.181+0700] {processor.py:161} INFO - Started process (PID=24627) to work on /usr/local/lib/python3.10/dist-packages/airflow/example_dags/example_short_circuit_decorator.py
[2024-07-27T22:08:30.183+0700] {processor.py:830} INFO - Processing file /usr/local/lib/python3.10/dist-packages/airflow/example_dags/example_short_circuit_decorator.py for tasks to queue
[2024-07-27T22:08:30.185+0700] {logging_mixin.py:188} INFO - [2024-07-27T22:08:30.184+0700] {dagbag.py:545} INFO - Filling up the DagBag from /usr/local/lib/python3.10/dist-packages/airflow/example_dags/example_short_circuit_decorator.py
[2024-07-27T22:08:30.192+0700] {processor.py:840} INFO - DAG(s) 'example_short_circuit_decorator' retrieved from /usr/local/lib/python3.10/dist-packages/airflow/example_dags/example_short_circuit_decorator.py
[2024-07-27T22:08:30.206+0700] {logging_mixin.py:188} INFO - [2024-07-27T22:08:30.206+0700] {dag.py:3089} INFO - Sync 1 DAGs
[2024-07-27T22:08:30.220+0700] {logging_mixin.py:188} INFO - [2024-07-27T22:08:30.220+0700] {dag.py:3947} INFO - Setting next_dagrun for example_short_circuit_decorator to 2024-07-26 00:00:00+00:00, run_after=2024-07-27 00:00:00+00:00
[2024-07-27T22:08:30.251+0700] {processor.py:183} INFO - Processing /usr/local/lib/python3.10/dist-packages/airflow/example_dags/example_short_circuit_decorator.py took 0.075 seconds
[2024-07-27T22:09:09.986+0700] {processor.py:161} INFO - Started process (PID=25091) to work on /usr/local/lib/python3.10/dist-packages/airflow/example_dags/example_short_circuit_decorator.py
[2024-07-27T22:09:09.987+0700] {processor.py:830} INFO - Processing file /usr/local/lib/python3.10/dist-packages/airflow/example_dags/example_short_circuit_decorator.py for tasks to queue
[2024-07-27T22:09:09.988+0700] {logging_mixin.py:188} INFO - [2024-07-27T22:09:09.988+0700] {dagbag.py:545} INFO - Filling up the DagBag from /usr/local/lib/python3.10/dist-packages/airflow/example_dags/example_short_circuit_decorator.py
[2024-07-27T22:09:09.995+0700] {processor.py:840} INFO - DAG(s) 'example_short_circuit_decorator' retrieved from /usr/local/lib/python3.10/dist-packages/airflow/example_dags/example_short_circuit_decorator.py
[2024-07-27T22:09:10.009+0700] {logging_mixin.py:188} INFO - [2024-07-27T22:09:10.009+0700] {dag.py:3089} INFO - Sync 1 DAGs
[2024-07-27T22:09:10.024+0700] {logging_mixin.py:188} INFO - [2024-07-27T22:09:10.024+0700] {dag.py:3947} INFO - Setting next_dagrun for example_short_circuit_decorator to 2024-07-26 00:00:00+00:00, run_after=2024-07-27 00:00:00+00:00
[2024-07-27T22:09:10.054+0700] {processor.py:183} INFO - Processing /usr/local/lib/python3.10/dist-packages/airflow/example_dags/example_short_circuit_decorator.py took 0.073 seconds
[2024-07-27T22:09:52.852+0700] {processor.py:161} INFO - Started process (PID=25458) to work on /usr/local/lib/python3.10/dist-packages/airflow/example_dags/example_short_circuit_decorator.py
[2024-07-27T22:09:52.856+0700] {processor.py:830} INFO - Processing file /usr/local/lib/python3.10/dist-packages/airflow/example_dags/example_short_circuit_decorator.py for tasks to queue
[2024-07-27T22:09:52.857+0700] {logging_mixin.py:188} INFO - [2024-07-27T22:09:52.856+0700] {dagbag.py:545} INFO - Filling up the DagBag from /usr/local/lib/python3.10/dist-packages/airflow/example_dags/example_short_circuit_decorator.py
[2024-07-27T22:09:52.863+0700] {processor.py:840} INFO - DAG(s) 'example_short_circuit_decorator' retrieved from /usr/local/lib/python3.10/dist-packages/airflow/example_dags/example_short_circuit_decorator.py
[2024-07-27T22:09:52.880+0700] {logging_mixin.py:188} INFO - [2024-07-27T22:09:52.880+0700] {dag.py:3089} INFO - Sync 1 DAGs
[2024-07-27T22:09:52.894+0700] {logging_mixin.py:188} INFO - [2024-07-27T22:09:52.893+0700] {dag.py:3947} INFO - Setting next_dagrun for example_short_circuit_decorator to 2024-07-26 00:00:00+00:00, run_after=2024-07-27 00:00:00+00:00
[2024-07-27T22:09:52.923+0700] {processor.py:183} INFO - Processing /usr/local/lib/python3.10/dist-packages/airflow/example_dags/example_short_circuit_decorator.py took 0.075 seconds
