[2024-07-27T18:29:36.582+0700] {processor.py:161} INFO - Started process (PID=1366) to work on /usr/local/lib/python3.10/dist-packages/airflow/example_dags/example_setup_teardown.py
[2024-07-27T18:29:36.583+0700] {processor.py:830} INFO - Processing file /usr/local/lib/python3.10/dist-packages/airflow/example_dags/example_setup_teardown.py for tasks to queue
[2024-07-27T18:29:36.584+0700] {logging_mixin.py:188} INFO - [2024-07-27T18:29:36.584+0700] {dagbag.py:545} INFO - Filling up the DagBag from /usr/local/lib/python3.10/dist-packages/airflow/example_dags/example_setup_teardown.py
[2024-07-27T18:29:36.591+0700] {processor.py:840} INFO - DAG(s) 'example_setup_teardown' retrieved from /usr/local/lib/python3.10/dist-packages/airflow/example_dags/example_setup_teardown.py
[2024-07-27T18:29:36.610+0700] {logging_mixin.py:188} INFO - [2024-07-27T18:29:36.610+0700] {dag.py:3089} INFO - Sync 1 DAGs
[2024-07-27T18:29:36.626+0700] {logging_mixin.py:188} INFO - [2024-07-27T18:29:36.626+0700] {dag.py:3947} INFO - Setting next_dagrun for example_setup_teardown to 2024-07-26 00:00:00+00:00, run_after=2024-07-27 00:00:00+00:00
[2024-07-27T18:29:36.657+0700] {processor.py:183} INFO - Processing /usr/local/lib/python3.10/dist-packages/airflow/example_dags/example_setup_teardown.py took 0.079 seconds
[2024-07-27T18:30:26.618+0700] {processor.py:161} INFO - Started process (PID=1621) to work on /usr/local/lib/python3.10/dist-packages/airflow/example_dags/example_setup_teardown.py
[2024-07-27T18:30:26.621+0700] {processor.py:830} INFO - Processing file /usr/local/lib/python3.10/dist-packages/airflow/example_dags/example_setup_teardown.py for tasks to queue
[2024-07-27T18:30:26.623+0700] {logging_mixin.py:188} INFO - [2024-07-27T18:30:26.622+0700] {dagbag.py:545} INFO - Filling up the DagBag from /usr/local/lib/python3.10/dist-packages/airflow/example_dags/example_setup_teardown.py
[2024-07-27T18:30:26.629+0700] {processor.py:840} INFO - DAG(s) 'example_setup_teardown' retrieved from /usr/local/lib/python3.10/dist-packages/airflow/example_dags/example_setup_teardown.py
[2024-07-27T18:30:26.644+0700] {logging_mixin.py:188} INFO - [2024-07-27T18:30:26.644+0700] {dag.py:3089} INFO - Sync 1 DAGs
[2024-07-27T18:30:26.662+0700] {logging_mixin.py:188} INFO - [2024-07-27T18:30:26.662+0700] {dag.py:3947} INFO - Setting next_dagrun for example_setup_teardown to 2024-07-26 00:00:00+00:00, run_after=2024-07-27 00:00:00+00:00
[2024-07-27T18:30:26.692+0700] {processor.py:183} INFO - Processing /usr/local/lib/python3.10/dist-packages/airflow/example_dags/example_setup_teardown.py took 0.078 seconds
[2024-07-27T21:32:04.279+0700] {processor.py:161} INFO - Started process (PID=1594) to work on /usr/local/lib/python3.10/dist-packages/airflow/example_dags/example_setup_teardown.py
[2024-07-27T21:32:04.281+0700] {processor.py:830} INFO - Processing file /usr/local/lib/python3.10/dist-packages/airflow/example_dags/example_setup_teardown.py for tasks to queue
[2024-07-27T21:32:04.282+0700] {logging_mixin.py:188} INFO - [2024-07-27T21:32:04.282+0700] {dagbag.py:545} INFO - Filling up the DagBag from /usr/local/lib/python3.10/dist-packages/airflow/example_dags/example_setup_teardown.py
[2024-07-27T21:32:04.291+0700] {processor.py:840} INFO - DAG(s) 'example_setup_teardown' retrieved from /usr/local/lib/python3.10/dist-packages/airflow/example_dags/example_setup_teardown.py
[2024-07-27T21:32:04.311+0700] {logging_mixin.py:188} INFO - [2024-07-27T21:32:04.310+0700] {dag.py:3089} INFO - Sync 1 DAGs
[2024-07-27T21:32:04.330+0700] {logging_mixin.py:188} INFO - [2024-07-27T21:32:04.330+0700] {dag.py:3947} INFO - Setting next_dagrun for example_setup_teardown to 2024-07-26 00:00:00+00:00, run_after=2024-07-27 00:00:00+00:00
[2024-07-27T21:32:04.369+0700] {processor.py:183} INFO - Processing /usr/local/lib/python3.10/dist-packages/airflow/example_dags/example_setup_teardown.py took 0.097 seconds
[2024-07-27T21:32:54.306+0700] {processor.py:161} INFO - Started process (PID=2025) to work on /usr/local/lib/python3.10/dist-packages/airflow/example_dags/example_setup_teardown.py
[2024-07-27T21:32:54.307+0700] {processor.py:830} INFO - Processing file /usr/local/lib/python3.10/dist-packages/airflow/example_dags/example_setup_teardown.py for tasks to queue
[2024-07-27T21:32:54.309+0700] {logging_mixin.py:188} INFO - [2024-07-27T21:32:54.308+0700] {dagbag.py:545} INFO - Filling up the DagBag from /usr/local/lib/python3.10/dist-packages/airflow/example_dags/example_setup_teardown.py
[2024-07-27T21:32:54.314+0700] {processor.py:840} INFO - DAG(s) 'example_setup_teardown' retrieved from /usr/local/lib/python3.10/dist-packages/airflow/example_dags/example_setup_teardown.py
[2024-07-27T21:32:54.326+0700] {logging_mixin.py:188} INFO - [2024-07-27T21:32:54.326+0700] {dag.py:3089} INFO - Sync 1 DAGs
[2024-07-27T21:32:54.341+0700] {logging_mixin.py:188} INFO - [2024-07-27T21:32:54.341+0700] {dag.py:3947} INFO - Setting next_dagrun for example_setup_teardown to 2024-07-26 00:00:00+00:00, run_after=2024-07-27 00:00:00+00:00
[2024-07-27T21:32:54.371+0700] {processor.py:183} INFO - Processing /usr/local/lib/python3.10/dist-packages/airflow/example_dags/example_setup_teardown.py took 0.069 seconds
[2024-07-27T21:33:38.210+0700] {processor.py:161} INFO - Started process (PID=2670) to work on /usr/local/lib/python3.10/dist-packages/airflow/example_dags/example_setup_teardown.py
[2024-07-27T21:33:38.211+0700] {processor.py:830} INFO - Processing file /usr/local/lib/python3.10/dist-packages/airflow/example_dags/example_setup_teardown.py for tasks to queue
[2024-07-27T21:33:38.215+0700] {logging_mixin.py:188} INFO - [2024-07-27T21:33:38.215+0700] {dagbag.py:545} INFO - Filling up the DagBag from /usr/local/lib/python3.10/dist-packages/airflow/example_dags/example_setup_teardown.py
[2024-07-27T21:33:38.226+0700] {processor.py:840} INFO - DAG(s) 'example_setup_teardown' retrieved from /usr/local/lib/python3.10/dist-packages/airflow/example_dags/example_setup_teardown.py
[2024-07-27T21:33:38.246+0700] {logging_mixin.py:188} INFO - [2024-07-27T21:33:38.245+0700] {dag.py:3089} INFO - Sync 1 DAGs
[2024-07-27T21:33:38.461+0700] {logging_mixin.py:188} INFO - [2024-07-27T21:33:38.461+0700] {dag.py:3947} INFO - Setting next_dagrun for example_setup_teardown to 2024-07-26 00:00:00+00:00, run_after=2024-07-27 00:00:00+00:00
[2024-07-27T21:33:38.501+0700] {processor.py:183} INFO - Processing /usr/local/lib/python3.10/dist-packages/airflow/example_dags/example_setup_teardown.py took 0.302 seconds
[2024-07-27T21:34:29.020+0700] {processor.py:161} INFO - Started process (PID=3100) to work on /usr/local/lib/python3.10/dist-packages/airflow/example_dags/example_setup_teardown.py
[2024-07-27T21:34:29.023+0700] {processor.py:830} INFO - Processing file /usr/local/lib/python3.10/dist-packages/airflow/example_dags/example_setup_teardown.py for tasks to queue
[2024-07-27T21:34:29.024+0700] {logging_mixin.py:188} INFO - [2024-07-27T21:34:29.024+0700] {dagbag.py:545} INFO - Filling up the DagBag from /usr/local/lib/python3.10/dist-packages/airflow/example_dags/example_setup_teardown.py
[2024-07-27T21:34:29.029+0700] {processor.py:840} INFO - DAG(s) 'example_setup_teardown' retrieved from /usr/local/lib/python3.10/dist-packages/airflow/example_dags/example_setup_teardown.py
[2024-07-27T21:34:29.041+0700] {logging_mixin.py:188} INFO - [2024-07-27T21:34:29.041+0700] {dag.py:3089} INFO - Sync 1 DAGs
[2024-07-27T21:34:29.055+0700] {logging_mixin.py:188} INFO - [2024-07-27T21:34:29.055+0700] {dag.py:3947} INFO - Setting next_dagrun for example_setup_teardown to 2024-07-26 00:00:00+00:00, run_after=2024-07-27 00:00:00+00:00
[2024-07-27T21:34:29.089+0700] {processor.py:183} INFO - Processing /usr/local/lib/python3.10/dist-packages/airflow/example_dags/example_setup_teardown.py took 0.074 seconds
[2024-07-27T21:35:12.143+0700] {processor.py:161} INFO - Started process (PID=3452) to work on /usr/local/lib/python3.10/dist-packages/airflow/example_dags/example_setup_teardown.py
[2024-07-27T21:35:12.144+0700] {processor.py:830} INFO - Processing file /usr/local/lib/python3.10/dist-packages/airflow/example_dags/example_setup_teardown.py for tasks to queue
[2024-07-27T21:35:12.146+0700] {logging_mixin.py:188} INFO - [2024-07-27T21:35:12.146+0700] {dagbag.py:545} INFO - Filling up the DagBag from /usr/local/lib/python3.10/dist-packages/airflow/example_dags/example_setup_teardown.py
[2024-07-27T21:35:12.152+0700] {processor.py:840} INFO - DAG(s) 'example_setup_teardown' retrieved from /usr/local/lib/python3.10/dist-packages/airflow/example_dags/example_setup_teardown.py
[2024-07-27T21:35:12.165+0700] {logging_mixin.py:188} INFO - [2024-07-27T21:35:12.165+0700] {dag.py:3089} INFO - Sync 1 DAGs
[2024-07-27T21:35:12.181+0700] {logging_mixin.py:188} INFO - [2024-07-27T21:35:12.181+0700] {dag.py:3947} INFO - Setting next_dagrun for example_setup_teardown to 2024-07-26 00:00:00+00:00, run_after=2024-07-27 00:00:00+00:00
[2024-07-27T21:35:12.212+0700] {processor.py:183} INFO - Processing /usr/local/lib/python3.10/dist-packages/airflow/example_dags/example_setup_teardown.py took 0.074 seconds
[2024-07-27T21:35:56.199+0700] {processor.py:161} INFO - Started process (PID=3812) to work on /usr/local/lib/python3.10/dist-packages/airflow/example_dags/example_setup_teardown.py
[2024-07-27T21:35:56.200+0700] {processor.py:830} INFO - Processing file /usr/local/lib/python3.10/dist-packages/airflow/example_dags/example_setup_teardown.py for tasks to queue
[2024-07-27T21:35:56.203+0700] {logging_mixin.py:188} INFO - [2024-07-27T21:35:56.202+0700] {dagbag.py:545} INFO - Filling up the DagBag from /usr/local/lib/python3.10/dist-packages/airflow/example_dags/example_setup_teardown.py
[2024-07-27T21:35:56.209+0700] {processor.py:840} INFO - DAG(s) 'example_setup_teardown' retrieved from /usr/local/lib/python3.10/dist-packages/airflow/example_dags/example_setup_teardown.py
[2024-07-27T21:35:56.224+0700] {logging_mixin.py:188} INFO - [2024-07-27T21:35:56.224+0700] {dag.py:3089} INFO - Sync 1 DAGs
[2024-07-27T21:35:56.240+0700] {logging_mixin.py:188} INFO - [2024-07-27T21:35:56.239+0700] {dag.py:3947} INFO - Setting next_dagrun for example_setup_teardown to 2024-07-26 00:00:00+00:00, run_after=2024-07-27 00:00:00+00:00
[2024-07-27T21:35:56.271+0700] {processor.py:183} INFO - Processing /usr/local/lib/python3.10/dist-packages/airflow/example_dags/example_setup_teardown.py took 0.078 seconds
[2024-07-27T21:36:38.629+0700] {processor.py:161} INFO - Started process (PID=4197) to work on /usr/local/lib/python3.10/dist-packages/airflow/example_dags/example_setup_teardown.py
[2024-07-27T21:36:38.630+0700] {processor.py:830} INFO - Processing file /usr/local/lib/python3.10/dist-packages/airflow/example_dags/example_setup_teardown.py for tasks to queue
[2024-07-27T21:36:38.632+0700] {logging_mixin.py:188} INFO - [2024-07-27T21:36:38.631+0700] {dagbag.py:545} INFO - Filling up the DagBag from /usr/local/lib/python3.10/dist-packages/airflow/example_dags/example_setup_teardown.py
[2024-07-27T21:36:38.637+0700] {processor.py:840} INFO - DAG(s) 'example_setup_teardown' retrieved from /usr/local/lib/python3.10/dist-packages/airflow/example_dags/example_setup_teardown.py
[2024-07-27T21:36:38.650+0700] {logging_mixin.py:188} INFO - [2024-07-27T21:36:38.649+0700] {dag.py:3089} INFO - Sync 1 DAGs
[2024-07-27T21:36:38.665+0700] {logging_mixin.py:188} INFO - [2024-07-27T21:36:38.664+0700] {dag.py:3947} INFO - Setting next_dagrun for example_setup_teardown to 2024-07-26 00:00:00+00:00, run_after=2024-07-27 00:00:00+00:00
[2024-07-27T21:36:38.698+0700] {processor.py:183} INFO - Processing /usr/local/lib/python3.10/dist-packages/airflow/example_dags/example_setup_teardown.py took 0.074 seconds
[2024-07-27T21:37:19.057+0700] {processor.py:161} INFO - Started process (PID=4557) to work on /usr/local/lib/python3.10/dist-packages/airflow/example_dags/example_setup_teardown.py
[2024-07-27T21:37:19.058+0700] {processor.py:830} INFO - Processing file /usr/local/lib/python3.10/dist-packages/airflow/example_dags/example_setup_teardown.py for tasks to queue
[2024-07-27T21:37:19.059+0700] {logging_mixin.py:188} INFO - [2024-07-27T21:37:19.059+0700] {dagbag.py:545} INFO - Filling up the DagBag from /usr/local/lib/python3.10/dist-packages/airflow/example_dags/example_setup_teardown.py
[2024-07-27T21:37:19.067+0700] {processor.py:840} INFO - DAG(s) 'example_setup_teardown' retrieved from /usr/local/lib/python3.10/dist-packages/airflow/example_dags/example_setup_teardown.py
[2024-07-27T21:37:19.082+0700] {logging_mixin.py:188} INFO - [2024-07-27T21:37:19.081+0700] {dag.py:3089} INFO - Sync 1 DAGs
[2024-07-27T21:37:19.106+0700] {logging_mixin.py:188} INFO - [2024-07-27T21:37:19.106+0700] {dag.py:3947} INFO - Setting next_dagrun for example_setup_teardown to 2024-07-26 00:00:00+00:00, run_after=2024-07-27 00:00:00+00:00
[2024-07-27T21:37:19.141+0700] {processor.py:183} INFO - Processing /usr/local/lib/python3.10/dist-packages/airflow/example_dags/example_setup_teardown.py took 0.090 seconds
[2024-07-27T21:38:03.743+0700] {processor.py:161} INFO - Started process (PID=4903) to work on /usr/local/lib/python3.10/dist-packages/airflow/example_dags/example_setup_teardown.py
[2024-07-27T21:38:03.745+0700] {processor.py:830} INFO - Processing file /usr/local/lib/python3.10/dist-packages/airflow/example_dags/example_setup_teardown.py for tasks to queue
[2024-07-27T21:38:03.746+0700] {logging_mixin.py:188} INFO - [2024-07-27T21:38:03.746+0700] {dagbag.py:545} INFO - Filling up the DagBag from /usr/local/lib/python3.10/dist-packages/airflow/example_dags/example_setup_teardown.py
[2024-07-27T21:38:03.755+0700] {processor.py:840} INFO - DAG(s) 'example_setup_teardown' retrieved from /usr/local/lib/python3.10/dist-packages/airflow/example_dags/example_setup_teardown.py
[2024-07-27T21:38:03.772+0700] {logging_mixin.py:188} INFO - [2024-07-27T21:38:03.772+0700] {dag.py:3089} INFO - Sync 1 DAGs
[2024-07-27T21:38:03.791+0700] {logging_mixin.py:188} INFO - [2024-07-27T21:38:03.791+0700] {dag.py:3947} INFO - Setting next_dagrun for example_setup_teardown to 2024-07-26 00:00:00+00:00, run_after=2024-07-27 00:00:00+00:00
[2024-07-27T21:38:03.827+0700] {processor.py:183} INFO - Processing /usr/local/lib/python3.10/dist-packages/airflow/example_dags/example_setup_teardown.py took 0.090 seconds
[2024-07-27T21:38:51.370+0700] {processor.py:161} INFO - Started process (PID=5278) to work on /usr/local/lib/python3.10/dist-packages/airflow/example_dags/example_setup_teardown.py
[2024-07-27T21:38:51.373+0700] {processor.py:830} INFO - Processing file /usr/local/lib/python3.10/dist-packages/airflow/example_dags/example_setup_teardown.py for tasks to queue
[2024-07-27T21:38:51.374+0700] {logging_mixin.py:188} INFO - [2024-07-27T21:38:51.374+0700] {dagbag.py:545} INFO - Filling up the DagBag from /usr/local/lib/python3.10/dist-packages/airflow/example_dags/example_setup_teardown.py
[2024-07-27T21:38:51.380+0700] {processor.py:840} INFO - DAG(s) 'example_setup_teardown' retrieved from /usr/local/lib/python3.10/dist-packages/airflow/example_dags/example_setup_teardown.py
[2024-07-27T21:38:51.392+0700] {logging_mixin.py:188} INFO - [2024-07-27T21:38:51.392+0700] {dag.py:3089} INFO - Sync 1 DAGs
[2024-07-27T21:38:51.408+0700] {logging_mixin.py:188} INFO - [2024-07-27T21:38:51.408+0700] {dag.py:3947} INFO - Setting next_dagrun for example_setup_teardown to 2024-07-26 00:00:00+00:00, run_after=2024-07-27 00:00:00+00:00
[2024-07-27T21:38:51.440+0700] {processor.py:183} INFO - Processing /usr/local/lib/python3.10/dist-packages/airflow/example_dags/example_setup_teardown.py took 0.074 seconds
[2024-07-27T21:39:36.731+0700] {processor.py:161} INFO - Started process (PID=5789) to work on /usr/local/lib/python3.10/dist-packages/airflow/example_dags/example_setup_teardown.py
[2024-07-27T21:39:36.732+0700] {processor.py:830} INFO - Processing file /usr/local/lib/python3.10/dist-packages/airflow/example_dags/example_setup_teardown.py for tasks to queue
[2024-07-27T21:39:36.734+0700] {logging_mixin.py:188} INFO - [2024-07-27T21:39:36.733+0700] {dagbag.py:545} INFO - Filling up the DagBag from /usr/local/lib/python3.10/dist-packages/airflow/example_dags/example_setup_teardown.py
[2024-07-27T21:39:36.743+0700] {processor.py:840} INFO - DAG(s) 'example_setup_teardown' retrieved from /usr/local/lib/python3.10/dist-packages/airflow/example_dags/example_setup_teardown.py
[2024-07-27T21:39:36.759+0700] {logging_mixin.py:188} INFO - [2024-07-27T21:39:36.758+0700] {dag.py:3089} INFO - Sync 1 DAGs
[2024-07-27T21:39:36.778+0700] {logging_mixin.py:188} INFO - [2024-07-27T21:39:36.778+0700] {dag.py:3947} INFO - Setting next_dagrun for example_setup_teardown to 2024-07-26 00:00:00+00:00, run_after=2024-07-27 00:00:00+00:00
[2024-07-27T21:39:36.810+0700] {processor.py:183} INFO - Processing /usr/local/lib/python3.10/dist-packages/airflow/example_dags/example_setup_teardown.py took 0.086 seconds
[2024-07-27T21:40:17.966+0700] {processor.py:161} INFO - Started process (PID=6274) to work on /usr/local/lib/python3.10/dist-packages/airflow/example_dags/example_setup_teardown.py
[2024-07-27T21:40:17.969+0700] {processor.py:830} INFO - Processing file /usr/local/lib/python3.10/dist-packages/airflow/example_dags/example_setup_teardown.py for tasks to queue
[2024-07-27T21:40:17.970+0700] {logging_mixin.py:188} INFO - [2024-07-27T21:40:17.970+0700] {dagbag.py:545} INFO - Filling up the DagBag from /usr/local/lib/python3.10/dist-packages/airflow/example_dags/example_setup_teardown.py
[2024-07-27T21:40:17.976+0700] {processor.py:840} INFO - DAG(s) 'example_setup_teardown' retrieved from /usr/local/lib/python3.10/dist-packages/airflow/example_dags/example_setup_teardown.py
[2024-07-27T21:40:17.988+0700] {logging_mixin.py:188} INFO - [2024-07-27T21:40:17.988+0700] {dag.py:3089} INFO - Sync 1 DAGs
[2024-07-27T21:40:18.005+0700] {logging_mixin.py:188} INFO - [2024-07-27T21:40:18.005+0700] {dag.py:3947} INFO - Setting next_dagrun for example_setup_teardown to 2024-07-26 00:00:00+00:00, run_after=2024-07-27 00:00:00+00:00
[2024-07-27T21:40:18.035+0700] {processor.py:183} INFO - Processing /usr/local/lib/python3.10/dist-packages/airflow/example_dags/example_setup_teardown.py took 0.073 seconds
[2024-07-27T21:40:58.364+0700] {processor.py:161} INFO - Started process (PID=6666) to work on /usr/local/lib/python3.10/dist-packages/airflow/example_dags/example_setup_teardown.py
[2024-07-27T21:40:58.367+0700] {processor.py:830} INFO - Processing file /usr/local/lib/python3.10/dist-packages/airflow/example_dags/example_setup_teardown.py for tasks to queue
[2024-07-27T21:40:58.367+0700] {logging_mixin.py:188} INFO - [2024-07-27T21:40:58.367+0700] {dagbag.py:545} INFO - Filling up the DagBag from /usr/local/lib/python3.10/dist-packages/airflow/example_dags/example_setup_teardown.py
[2024-07-27T21:40:58.374+0700] {processor.py:840} INFO - DAG(s) 'example_setup_teardown' retrieved from /usr/local/lib/python3.10/dist-packages/airflow/example_dags/example_setup_teardown.py
[2024-07-27T21:40:58.386+0700] {logging_mixin.py:188} INFO - [2024-07-27T21:40:58.386+0700] {dag.py:3089} INFO - Sync 1 DAGs
[2024-07-27T21:40:58.402+0700] {logging_mixin.py:188} INFO - [2024-07-27T21:40:58.402+0700] {dag.py:3947} INFO - Setting next_dagrun for example_setup_teardown to 2024-07-26 00:00:00+00:00, run_after=2024-07-27 00:00:00+00:00
[2024-07-27T21:40:58.433+0700] {processor.py:183} INFO - Processing /usr/local/lib/python3.10/dist-packages/airflow/example_dags/example_setup_teardown.py took 0.074 seconds
[2024-07-27T21:41:41.782+0700] {processor.py:161} INFO - Started process (PID=7194) to work on /usr/local/lib/python3.10/dist-packages/airflow/example_dags/example_setup_teardown.py
[2024-07-27T21:41:41.784+0700] {processor.py:830} INFO - Processing file /usr/local/lib/python3.10/dist-packages/airflow/example_dags/example_setup_teardown.py for tasks to queue
[2024-07-27T21:41:41.784+0700] {logging_mixin.py:188} INFO - [2024-07-27T21:41:41.784+0700] {dagbag.py:545} INFO - Filling up the DagBag from /usr/local/lib/python3.10/dist-packages/airflow/example_dags/example_setup_teardown.py
[2024-07-27T21:41:41.790+0700] {processor.py:840} INFO - DAG(s) 'example_setup_teardown' retrieved from /usr/local/lib/python3.10/dist-packages/airflow/example_dags/example_setup_teardown.py
[2024-07-27T21:41:41.802+0700] {logging_mixin.py:188} INFO - [2024-07-27T21:41:41.802+0700] {dag.py:3089} INFO - Sync 1 DAGs
[2024-07-27T21:41:41.816+0700] {logging_mixin.py:188} INFO - [2024-07-27T21:41:41.816+0700] {dag.py:3947} INFO - Setting next_dagrun for example_setup_teardown to 2024-07-26 00:00:00+00:00, run_after=2024-07-27 00:00:00+00:00
[2024-07-27T21:41:41.846+0700] {processor.py:183} INFO - Processing /usr/local/lib/python3.10/dist-packages/airflow/example_dags/example_setup_teardown.py took 0.067 seconds
[2024-07-27T21:44:18.501+0700] {processor.py:161} INFO - Started process (PID=9321) to work on /usr/local/lib/python3.10/dist-packages/airflow/example_dags/example_setup_teardown.py
[2024-07-27T21:44:18.502+0700] {processor.py:830} INFO - Processing file /usr/local/lib/python3.10/dist-packages/airflow/example_dags/example_setup_teardown.py for tasks to queue
[2024-07-27T21:44:18.503+0700] {logging_mixin.py:188} INFO - [2024-07-27T21:44:18.503+0700] {dagbag.py:545} INFO - Filling up the DagBag from /usr/local/lib/python3.10/dist-packages/airflow/example_dags/example_setup_teardown.py
[2024-07-27T21:44:18.508+0700] {processor.py:840} INFO - DAG(s) 'example_setup_teardown' retrieved from /usr/local/lib/python3.10/dist-packages/airflow/example_dags/example_setup_teardown.py
[2024-07-27T21:44:18.526+0700] {logging_mixin.py:188} INFO - [2024-07-27T21:44:18.526+0700] {dag.py:3089} INFO - Sync 1 DAGs
[2024-07-27T21:44:18.542+0700] {logging_mixin.py:188} INFO - [2024-07-27T21:44:18.542+0700] {dag.py:3947} INFO - Setting next_dagrun for example_setup_teardown to 2024-07-26 00:00:00+00:00, run_after=2024-07-27 00:00:00+00:00
[2024-07-27T21:44:18.575+0700] {processor.py:183} INFO - Processing /usr/local/lib/python3.10/dist-packages/airflow/example_dags/example_setup_teardown.py took 0.078 seconds
[2024-07-27T21:45:09.083+0700] {processor.py:161} INFO - Started process (PID=9768) to work on /usr/local/lib/python3.10/dist-packages/airflow/example_dags/example_setup_teardown.py
[2024-07-27T21:45:09.084+0700] {processor.py:830} INFO - Processing file /usr/local/lib/python3.10/dist-packages/airflow/example_dags/example_setup_teardown.py for tasks to queue
[2024-07-27T21:45:09.085+0700] {logging_mixin.py:188} INFO - [2024-07-27T21:45:09.084+0700] {dagbag.py:545} INFO - Filling up the DagBag from /usr/local/lib/python3.10/dist-packages/airflow/example_dags/example_setup_teardown.py
[2024-07-27T21:45:09.091+0700] {processor.py:840} INFO - DAG(s) 'example_setup_teardown' retrieved from /usr/local/lib/python3.10/dist-packages/airflow/example_dags/example_setup_teardown.py
[2024-07-27T21:45:09.103+0700] {logging_mixin.py:188} INFO - [2024-07-27T21:45:09.103+0700] {dag.py:3089} INFO - Sync 1 DAGs
[2024-07-27T21:45:09.118+0700] {logging_mixin.py:188} INFO - [2024-07-27T21:45:09.118+0700] {dag.py:3947} INFO - Setting next_dagrun for example_setup_teardown to 2024-07-26 00:00:00+00:00, run_after=2024-07-27 00:00:00+00:00
[2024-07-27T21:45:09.147+0700] {processor.py:183} INFO - Processing /usr/local/lib/python3.10/dist-packages/airflow/example_dags/example_setup_teardown.py took 0.069 seconds
[2024-07-27T21:48:17.693+0700] {processor.py:161} INFO - Started process (PID=11836) to work on /usr/local/lib/python3.10/dist-packages/airflow/example_dags/example_setup_teardown.py
[2024-07-27T21:48:17.696+0700] {processor.py:830} INFO - Processing file /usr/local/lib/python3.10/dist-packages/airflow/example_dags/example_setup_teardown.py for tasks to queue
[2024-07-27T21:48:17.696+0700] {logging_mixin.py:188} INFO - [2024-07-27T21:48:17.696+0700] {dagbag.py:545} INFO - Filling up the DagBag from /usr/local/lib/python3.10/dist-packages/airflow/example_dags/example_setup_teardown.py
[2024-07-27T21:48:17.701+0700] {processor.py:840} INFO - DAG(s) 'example_setup_teardown' retrieved from /usr/local/lib/python3.10/dist-packages/airflow/example_dags/example_setup_teardown.py
[2024-07-27T21:48:17.718+0700] {logging_mixin.py:188} INFO - [2024-07-27T21:48:17.717+0700] {dag.py:3089} INFO - Sync 1 DAGs
[2024-07-27T21:48:17.731+0700] {logging_mixin.py:188} INFO - [2024-07-27T21:48:17.730+0700] {dag.py:3947} INFO - Setting next_dagrun for example_setup_teardown to 2024-07-26 00:00:00+00:00, run_after=2024-07-27 00:00:00+00:00
[2024-07-27T21:48:17.760+0700] {processor.py:183} INFO - Processing /usr/local/lib/python3.10/dist-packages/airflow/example_dags/example_setup_teardown.py took 0.071 seconds
[2024-07-27T21:49:07.250+0700] {processor.py:161} INFO - Started process (PID=12292) to work on /usr/local/lib/python3.10/dist-packages/airflow/example_dags/example_setup_teardown.py
[2024-07-27T21:49:07.252+0700] {processor.py:830} INFO - Processing file /usr/local/lib/python3.10/dist-packages/airflow/example_dags/example_setup_teardown.py for tasks to queue
[2024-07-27T21:49:07.253+0700] {logging_mixin.py:188} INFO - [2024-07-27T21:49:07.253+0700] {dagbag.py:545} INFO - Filling up the DagBag from /usr/local/lib/python3.10/dist-packages/airflow/example_dags/example_setup_teardown.py
[2024-07-27T21:49:07.258+0700] {processor.py:840} INFO - DAG(s) 'example_setup_teardown' retrieved from /usr/local/lib/python3.10/dist-packages/airflow/example_dags/example_setup_teardown.py
[2024-07-27T21:49:07.271+0700] {logging_mixin.py:188} INFO - [2024-07-27T21:49:07.271+0700] {dag.py:3089} INFO - Sync 1 DAGs
[2024-07-27T21:49:07.286+0700] {logging_mixin.py:188} INFO - [2024-07-27T21:49:07.286+0700] {dag.py:3947} INFO - Setting next_dagrun for example_setup_teardown to 2024-07-26 00:00:00+00:00, run_after=2024-07-27 00:00:00+00:00
[2024-07-27T21:49:07.316+0700] {processor.py:183} INFO - Processing /usr/local/lib/python3.10/dist-packages/airflow/example_dags/example_setup_teardown.py took 0.070 seconds
[2024-07-27T21:49:46.753+0700] {processor.py:161} INFO - Started process (PID=12666) to work on /usr/local/lib/python3.10/dist-packages/airflow/example_dags/example_setup_teardown.py
[2024-07-27T21:49:46.756+0700] {processor.py:830} INFO - Processing file /usr/local/lib/python3.10/dist-packages/airflow/example_dags/example_setup_teardown.py for tasks to queue
[2024-07-27T21:49:46.757+0700] {logging_mixin.py:188} INFO - [2024-07-27T21:49:46.756+0700] {dagbag.py:545} INFO - Filling up the DagBag from /usr/local/lib/python3.10/dist-packages/airflow/example_dags/example_setup_teardown.py
[2024-07-27T21:49:46.762+0700] {processor.py:840} INFO - DAG(s) 'example_setup_teardown' retrieved from /usr/local/lib/python3.10/dist-packages/airflow/example_dags/example_setup_teardown.py
[2024-07-27T21:49:46.775+0700] {logging_mixin.py:188} INFO - [2024-07-27T21:49:46.774+0700] {dag.py:3089} INFO - Sync 1 DAGs
[2024-07-27T21:49:46.788+0700] {logging_mixin.py:188} INFO - [2024-07-27T21:49:46.788+0700] {dag.py:3947} INFO - Setting next_dagrun for example_setup_teardown to 2024-07-26 00:00:00+00:00, run_after=2024-07-27 00:00:00+00:00
[2024-07-27T21:49:46.819+0700] {processor.py:183} INFO - Processing /usr/local/lib/python3.10/dist-packages/airflow/example_dags/example_setup_teardown.py took 0.071 seconds
[2024-07-27T21:50:27.038+0700] {processor.py:161} INFO - Started process (PID=13143) to work on /usr/local/lib/python3.10/dist-packages/airflow/example_dags/example_setup_teardown.py
[2024-07-27T21:50:27.040+0700] {processor.py:830} INFO - Processing file /usr/local/lib/python3.10/dist-packages/airflow/example_dags/example_setup_teardown.py for tasks to queue
[2024-07-27T21:50:27.041+0700] {logging_mixin.py:188} INFO - [2024-07-27T21:50:27.041+0700] {dagbag.py:545} INFO - Filling up the DagBag from /usr/local/lib/python3.10/dist-packages/airflow/example_dags/example_setup_teardown.py
[2024-07-27T21:50:27.046+0700] {processor.py:840} INFO - DAG(s) 'example_setup_teardown' retrieved from /usr/local/lib/python3.10/dist-packages/airflow/example_dags/example_setup_teardown.py
[2024-07-27T21:50:27.059+0700] {logging_mixin.py:188} INFO - [2024-07-27T21:50:27.059+0700] {dag.py:3089} INFO - Sync 1 DAGs
[2024-07-27T21:50:27.072+0700] {logging_mixin.py:188} INFO - [2024-07-27T21:50:27.072+0700] {dag.py:3947} INFO - Setting next_dagrun for example_setup_teardown to 2024-07-26 00:00:00+00:00, run_after=2024-07-27 00:00:00+00:00
[2024-07-27T21:50:27.102+0700] {processor.py:183} INFO - Processing /usr/local/lib/python3.10/dist-packages/airflow/example_dags/example_setup_teardown.py took 0.068 seconds
[2024-07-27T21:51:18.117+0700] {processor.py:161} INFO - Started process (PID=13579) to work on /usr/local/lib/python3.10/dist-packages/airflow/example_dags/example_setup_teardown.py
[2024-07-27T21:51:18.123+0700] {processor.py:830} INFO - Processing file /usr/local/lib/python3.10/dist-packages/airflow/example_dags/example_setup_teardown.py for tasks to queue
[2024-07-27T21:51:18.124+0700] {logging_mixin.py:188} INFO - [2024-07-27T21:51:18.124+0700] {dagbag.py:545} INFO - Filling up the DagBag from /usr/local/lib/python3.10/dist-packages/airflow/example_dags/example_setup_teardown.py
[2024-07-27T21:51:18.129+0700] {processor.py:840} INFO - DAG(s) 'example_setup_teardown' retrieved from /usr/local/lib/python3.10/dist-packages/airflow/example_dags/example_setup_teardown.py
[2024-07-27T21:51:18.141+0700] {logging_mixin.py:188} INFO - [2024-07-27T21:51:18.141+0700] {dag.py:3089} INFO - Sync 1 DAGs
[2024-07-27T21:51:18.155+0700] {logging_mixin.py:188} INFO - [2024-07-27T21:51:18.155+0700] {dag.py:3947} INFO - Setting next_dagrun for example_setup_teardown to 2024-07-26 00:00:00+00:00, run_after=2024-07-27 00:00:00+00:00
[2024-07-27T21:51:18.185+0700] {processor.py:183} INFO - Processing /usr/local/lib/python3.10/dist-packages/airflow/example_dags/example_setup_teardown.py took 0.072 seconds
[2024-07-27T21:52:03.307+0700] {processor.py:161} INFO - Started process (PID=14030) to work on /usr/local/lib/python3.10/dist-packages/airflow/example_dags/example_setup_teardown.py
[2024-07-27T21:52:03.308+0700] {processor.py:830} INFO - Processing file /usr/local/lib/python3.10/dist-packages/airflow/example_dags/example_setup_teardown.py for tasks to queue
[2024-07-27T21:52:03.310+0700] {logging_mixin.py:188} INFO - [2024-07-27T21:52:03.309+0700] {dagbag.py:545} INFO - Filling up the DagBag from /usr/local/lib/python3.10/dist-packages/airflow/example_dags/example_setup_teardown.py
[2024-07-27T21:52:03.316+0700] {processor.py:840} INFO - DAG(s) 'example_setup_teardown' retrieved from /usr/local/lib/python3.10/dist-packages/airflow/example_dags/example_setup_teardown.py
[2024-07-27T21:52:03.330+0700] {logging_mixin.py:188} INFO - [2024-07-27T21:52:03.330+0700] {dag.py:3089} INFO - Sync 1 DAGs
[2024-07-27T21:52:03.344+0700] {logging_mixin.py:188} INFO - [2024-07-27T21:52:03.344+0700] {dag.py:3947} INFO - Setting next_dagrun for example_setup_teardown to 2024-07-26 00:00:00+00:00, run_after=2024-07-27 00:00:00+00:00
[2024-07-27T21:52:03.377+0700] {processor.py:183} INFO - Processing /usr/local/lib/python3.10/dist-packages/airflow/example_dags/example_setup_teardown.py took 0.075 seconds
[2024-07-27T21:54:41.622+0700] {processor.py:161} INFO - Started process (PID=15723) to work on /usr/local/lib/python3.10/dist-packages/airflow/example_dags/example_setup_teardown.py
[2024-07-27T21:54:41.624+0700] {processor.py:830} INFO - Processing file /usr/local/lib/python3.10/dist-packages/airflow/example_dags/example_setup_teardown.py for tasks to queue
[2024-07-27T21:54:41.625+0700] {logging_mixin.py:188} INFO - [2024-07-27T21:54:41.625+0700] {dagbag.py:545} INFO - Filling up the DagBag from /usr/local/lib/python3.10/dist-packages/airflow/example_dags/example_setup_teardown.py
[2024-07-27T21:54:41.632+0700] {processor.py:840} INFO - DAG(s) 'example_setup_teardown' retrieved from /usr/local/lib/python3.10/dist-packages/airflow/example_dags/example_setup_teardown.py
[2024-07-27T21:54:41.650+0700] {logging_mixin.py:188} INFO - [2024-07-27T21:54:41.649+0700] {dag.py:3089} INFO - Sync 1 DAGs
[2024-07-27T21:54:41.663+0700] {logging_mixin.py:188} INFO - [2024-07-27T21:54:41.662+0700] {dag.py:3947} INFO - Setting next_dagrun for example_setup_teardown to 2024-07-26 00:00:00+00:00, run_after=2024-07-27 00:00:00+00:00
[2024-07-27T21:54:41.692+0700] {processor.py:183} INFO - Processing /usr/local/lib/python3.10/dist-packages/airflow/example_dags/example_setup_teardown.py took 0.074 seconds
[2024-07-27T21:55:31.631+0700] {processor.py:161} INFO - Started process (PID=16421) to work on /usr/local/lib/python3.10/dist-packages/airflow/example_dags/example_setup_teardown.py
[2024-07-27T21:55:31.632+0700] {processor.py:830} INFO - Processing file /usr/local/lib/python3.10/dist-packages/airflow/example_dags/example_setup_teardown.py for tasks to queue
[2024-07-27T21:55:31.633+0700] {logging_mixin.py:188} INFO - [2024-07-27T21:55:31.633+0700] {dagbag.py:545} INFO - Filling up the DagBag from /usr/local/lib/python3.10/dist-packages/airflow/example_dags/example_setup_teardown.py
[2024-07-27T21:55:31.638+0700] {processor.py:840} INFO - DAG(s) 'example_setup_teardown' retrieved from /usr/local/lib/python3.10/dist-packages/airflow/example_dags/example_setup_teardown.py
[2024-07-27T21:55:31.650+0700] {logging_mixin.py:188} INFO - [2024-07-27T21:55:31.650+0700] {dag.py:3089} INFO - Sync 1 DAGs
[2024-07-27T21:55:31.663+0700] {logging_mixin.py:188} INFO - [2024-07-27T21:55:31.663+0700] {dag.py:3947} INFO - Setting next_dagrun for example_setup_teardown to 2024-07-26 00:00:00+00:00, run_after=2024-07-27 00:00:00+00:00
[2024-07-27T21:55:31.692+0700] {processor.py:183} INFO - Processing /usr/local/lib/python3.10/dist-packages/airflow/example_dags/example_setup_teardown.py took 0.065 seconds
[2024-07-27T21:58:06.350+0700] {processor.py:161} INFO - Started process (PID=18564) to work on /usr/local/lib/python3.10/dist-packages/airflow/example_dags/example_setup_teardown.py
[2024-07-27T21:58:06.352+0700] {processor.py:830} INFO - Processing file /usr/local/lib/python3.10/dist-packages/airflow/example_dags/example_setup_teardown.py for tasks to queue
[2024-07-27T21:58:06.352+0700] {logging_mixin.py:188} INFO - [2024-07-27T21:58:06.352+0700] {dagbag.py:545} INFO - Filling up the DagBag from /usr/local/lib/python3.10/dist-packages/airflow/example_dags/example_setup_teardown.py
[2024-07-27T21:58:06.357+0700] {processor.py:840} INFO - DAG(s) 'example_setup_teardown' retrieved from /usr/local/lib/python3.10/dist-packages/airflow/example_dags/example_setup_teardown.py
[2024-07-27T21:58:06.374+0700] {logging_mixin.py:188} INFO - [2024-07-27T21:58:06.374+0700] {dag.py:3089} INFO - Sync 1 DAGs
[2024-07-27T21:58:06.389+0700] {logging_mixin.py:188} INFO - [2024-07-27T21:58:06.388+0700] {dag.py:3947} INFO - Setting next_dagrun for example_setup_teardown to 2024-07-26 00:00:00+00:00, run_after=2024-07-27 00:00:00+00:00
[2024-07-27T21:58:06.418+0700] {processor.py:183} INFO - Processing /usr/local/lib/python3.10/dist-packages/airflow/example_dags/example_setup_teardown.py took 0.073 seconds
[2024-07-27T21:58:56.781+0700] {processor.py:161} INFO - Started process (PID=18961) to work on /usr/local/lib/python3.10/dist-packages/airflow/example_dags/example_setup_teardown.py
[2024-07-27T21:58:56.783+0700] {processor.py:830} INFO - Processing file /usr/local/lib/python3.10/dist-packages/airflow/example_dags/example_setup_teardown.py for tasks to queue
[2024-07-27T21:58:56.784+0700] {logging_mixin.py:188} INFO - [2024-07-27T21:58:56.784+0700] {dagbag.py:545} INFO - Filling up the DagBag from /usr/local/lib/python3.10/dist-packages/airflow/example_dags/example_setup_teardown.py
[2024-07-27T21:58:56.790+0700] {processor.py:840} INFO - DAG(s) 'example_setup_teardown' retrieved from /usr/local/lib/python3.10/dist-packages/airflow/example_dags/example_setup_teardown.py
[2024-07-27T21:58:56.802+0700] {logging_mixin.py:188} INFO - [2024-07-27T21:58:56.802+0700] {dag.py:3089} INFO - Sync 1 DAGs
[2024-07-27T21:58:56.816+0700] {logging_mixin.py:188} INFO - [2024-07-27T21:58:56.815+0700] {dag.py:3947} INFO - Setting next_dagrun for example_setup_teardown to 2024-07-26 00:00:00+00:00, run_after=2024-07-27 00:00:00+00:00
[2024-07-27T21:58:56.836+0700] {processor.py:183} INFO - Processing /usr/local/lib/python3.10/dist-packages/airflow/example_dags/example_setup_teardown.py took 0.060 seconds
[2024-07-27T21:59:40.761+0700] {processor.py:161} INFO - Started process (PID=19427) to work on /usr/local/lib/python3.10/dist-packages/airflow/example_dags/example_setup_teardown.py
[2024-07-27T21:59:40.763+0700] {processor.py:830} INFO - Processing file /usr/local/lib/python3.10/dist-packages/airflow/example_dags/example_setup_teardown.py for tasks to queue
[2024-07-27T21:59:40.764+0700] {logging_mixin.py:188} INFO - [2024-07-27T21:59:40.764+0700] {dagbag.py:545} INFO - Filling up the DagBag from /usr/local/lib/python3.10/dist-packages/airflow/example_dags/example_setup_teardown.py
[2024-07-27T21:59:40.769+0700] {processor.py:840} INFO - DAG(s) 'example_setup_teardown' retrieved from /usr/local/lib/python3.10/dist-packages/airflow/example_dags/example_setup_teardown.py
[2024-07-27T21:59:40.782+0700] {logging_mixin.py:188} INFO - [2024-07-27T21:59:40.782+0700] {dag.py:3089} INFO - Sync 1 DAGs
[2024-07-27T21:59:40.796+0700] {logging_mixin.py:188} INFO - [2024-07-27T21:59:40.796+0700] {dag.py:3947} INFO - Setting next_dagrun for example_setup_teardown to 2024-07-26 00:00:00+00:00, run_after=2024-07-27 00:00:00+00:00
[2024-07-27T21:59:40.818+0700] {processor.py:183} INFO - Processing /usr/local/lib/python3.10/dist-packages/airflow/example_dags/example_setup_teardown.py took 0.061 seconds
[2024-07-27T22:00:26.646+0700] {processor.py:161} INFO - Started process (PID=19786) to work on /usr/local/lib/python3.10/dist-packages/airflow/example_dags/example_setup_teardown.py
[2024-07-27T22:00:26.651+0700] {processor.py:830} INFO - Processing file /usr/local/lib/python3.10/dist-packages/airflow/example_dags/example_setup_teardown.py for tasks to queue
[2024-07-27T22:00:26.654+0700] {logging_mixin.py:188} INFO - [2024-07-27T22:00:26.653+0700] {dagbag.py:545} INFO - Filling up the DagBag from /usr/local/lib/python3.10/dist-packages/airflow/example_dags/example_setup_teardown.py
[2024-07-27T22:00:26.672+0700] {processor.py:840} INFO - DAG(s) 'example_setup_teardown' retrieved from /usr/local/lib/python3.10/dist-packages/airflow/example_dags/example_setup_teardown.py
[2024-07-27T22:00:26.687+0700] {logging_mixin.py:188} INFO - [2024-07-27T22:00:26.687+0700] {dag.py:3089} INFO - Sync 1 DAGs
[2024-07-27T22:00:26.701+0700] {logging_mixin.py:188} INFO - [2024-07-27T22:00:26.701+0700] {dag.py:3947} INFO - Setting next_dagrun for example_setup_teardown to 2024-07-26 00:00:00+00:00, run_after=2024-07-27 00:00:00+00:00
[2024-07-27T22:00:26.739+0700] {processor.py:183} INFO - Processing /usr/local/lib/python3.10/dist-packages/airflow/example_dags/example_setup_teardown.py took 0.111 seconds
[2024-07-27T22:01:17.491+0700] {processor.py:161} INFO - Started process (PID=20176) to work on /usr/local/lib/python3.10/dist-packages/airflow/example_dags/example_setup_teardown.py
[2024-07-27T22:01:17.493+0700] {processor.py:830} INFO - Processing file /usr/local/lib/python3.10/dist-packages/airflow/example_dags/example_setup_teardown.py for tasks to queue
[2024-07-27T22:01:17.493+0700] {logging_mixin.py:188} INFO - [2024-07-27T22:01:17.493+0700] {dagbag.py:545} INFO - Filling up the DagBag from /usr/local/lib/python3.10/dist-packages/airflow/example_dags/example_setup_teardown.py
[2024-07-27T22:01:17.505+0700] {processor.py:840} INFO - DAG(s) 'example_setup_teardown' retrieved from /usr/local/lib/python3.10/dist-packages/airflow/example_dags/example_setup_teardown.py
[2024-07-27T22:01:17.522+0700] {logging_mixin.py:188} INFO - [2024-07-27T22:01:17.522+0700] {dag.py:3089} INFO - Sync 1 DAGs
[2024-07-27T22:01:17.542+0700] {logging_mixin.py:188} INFO - [2024-07-27T22:01:17.542+0700] {dag.py:3947} INFO - Setting next_dagrun for example_setup_teardown to 2024-07-26 00:00:00+00:00, run_after=2024-07-27 00:00:00+00:00
[2024-07-27T22:01:17.585+0700] {processor.py:183} INFO - Processing /usr/local/lib/python3.10/dist-packages/airflow/example_dags/example_setup_teardown.py took 0.099 seconds
[2024-07-27T22:02:00.527+0700] {processor.py:161} INFO - Started process (PID=20657) to work on /usr/local/lib/python3.10/dist-packages/airflow/example_dags/example_setup_teardown.py
[2024-07-27T22:02:00.530+0700] {processor.py:830} INFO - Processing file /usr/local/lib/python3.10/dist-packages/airflow/example_dags/example_setup_teardown.py for tasks to queue
[2024-07-27T22:02:00.530+0700] {logging_mixin.py:188} INFO - [2024-07-27T22:02:00.530+0700] {dagbag.py:545} INFO - Filling up the DagBag from /usr/local/lib/python3.10/dist-packages/airflow/example_dags/example_setup_teardown.py
[2024-07-27T22:02:00.536+0700] {processor.py:840} INFO - DAG(s) 'example_setup_teardown' retrieved from /usr/local/lib/python3.10/dist-packages/airflow/example_dags/example_setup_teardown.py
[2024-07-27T22:02:00.549+0700] {logging_mixin.py:188} INFO - [2024-07-27T22:02:00.549+0700] {dag.py:3089} INFO - Sync 1 DAGs
[2024-07-27T22:02:00.564+0700] {logging_mixin.py:188} INFO - [2024-07-27T22:02:00.564+0700] {dag.py:3947} INFO - Setting next_dagrun for example_setup_teardown to 2024-07-26 00:00:00+00:00, run_after=2024-07-27 00:00:00+00:00
[2024-07-27T22:02:00.594+0700] {processor.py:183} INFO - Processing /usr/local/lib/python3.10/dist-packages/airflow/example_dags/example_setup_teardown.py took 0.071 seconds
[2024-07-27T22:02:41.793+0700] {processor.py:161} INFO - Started process (PID=21047) to work on /usr/local/lib/python3.10/dist-packages/airflow/example_dags/example_setup_teardown.py
[2024-07-27T22:02:41.795+0700] {processor.py:830} INFO - Processing file /usr/local/lib/python3.10/dist-packages/airflow/example_dags/example_setup_teardown.py for tasks to queue
[2024-07-27T22:02:41.795+0700] {logging_mixin.py:188} INFO - [2024-07-27T22:02:41.795+0700] {dagbag.py:545} INFO - Filling up the DagBag from /usr/local/lib/python3.10/dist-packages/airflow/example_dags/example_setup_teardown.py
[2024-07-27T22:02:41.801+0700] {processor.py:840} INFO - DAG(s) 'example_setup_teardown' retrieved from /usr/local/lib/python3.10/dist-packages/airflow/example_dags/example_setup_teardown.py
[2024-07-27T22:02:41.816+0700] {logging_mixin.py:188} INFO - [2024-07-27T22:02:41.815+0700] {dag.py:3089} INFO - Sync 1 DAGs
[2024-07-27T22:02:41.829+0700] {logging_mixin.py:188} INFO - [2024-07-27T22:02:41.829+0700] {dag.py:3947} INFO - Setting next_dagrun for example_setup_teardown to 2024-07-26 00:00:00+00:00, run_after=2024-07-27 00:00:00+00:00
[2024-07-27T22:02:41.858+0700] {processor.py:183} INFO - Processing /usr/local/lib/python3.10/dist-packages/airflow/example_dags/example_setup_teardown.py took 0.069 seconds
[2024-07-27T22:03:25.350+0700] {processor.py:161} INFO - Started process (PID=21421) to work on /usr/local/lib/python3.10/dist-packages/airflow/example_dags/example_setup_teardown.py
[2024-07-27T22:03:25.352+0700] {processor.py:830} INFO - Processing file /usr/local/lib/python3.10/dist-packages/airflow/example_dags/example_setup_teardown.py for tasks to queue
[2024-07-27T22:03:25.353+0700] {logging_mixin.py:188} INFO - [2024-07-27T22:03:25.353+0700] {dagbag.py:545} INFO - Filling up the DagBag from /usr/local/lib/python3.10/dist-packages/airflow/example_dags/example_setup_teardown.py
[2024-07-27T22:03:25.358+0700] {processor.py:840} INFO - DAG(s) 'example_setup_teardown' retrieved from /usr/local/lib/python3.10/dist-packages/airflow/example_dags/example_setup_teardown.py
[2024-07-27T22:03:25.370+0700] {logging_mixin.py:188} INFO - [2024-07-27T22:03:25.370+0700] {dag.py:3089} INFO - Sync 1 DAGs
[2024-07-27T22:03:25.385+0700] {logging_mixin.py:188} INFO - [2024-07-27T22:03:25.385+0700] {dag.py:3947} INFO - Setting next_dagrun for example_setup_teardown to 2024-07-26 00:00:00+00:00, run_after=2024-07-27 00:00:00+00:00
[2024-07-27T22:03:25.414+0700] {processor.py:183} INFO - Processing /usr/local/lib/python3.10/dist-packages/airflow/example_dags/example_setup_teardown.py took 0.068 seconds
[2024-07-27T22:04:07.868+0700] {processor.py:161} INFO - Started process (PID=21816) to work on /usr/local/lib/python3.10/dist-packages/airflow/example_dags/example_setup_teardown.py
[2024-07-27T22:04:07.869+0700] {processor.py:830} INFO - Processing file /usr/local/lib/python3.10/dist-packages/airflow/example_dags/example_setup_teardown.py for tasks to queue
[2024-07-27T22:04:07.870+0700] {logging_mixin.py:188} INFO - [2024-07-27T22:04:07.870+0700] {dagbag.py:545} INFO - Filling up the DagBag from /usr/local/lib/python3.10/dist-packages/airflow/example_dags/example_setup_teardown.py
[2024-07-27T22:04:07.875+0700] {processor.py:840} INFO - DAG(s) 'example_setup_teardown' retrieved from /usr/local/lib/python3.10/dist-packages/airflow/example_dags/example_setup_teardown.py
[2024-07-27T22:04:07.887+0700] {logging_mixin.py:188} INFO - [2024-07-27T22:04:07.886+0700] {dag.py:3089} INFO - Sync 1 DAGs
[2024-07-27T22:04:07.900+0700] {logging_mixin.py:188} INFO - [2024-07-27T22:04:07.900+0700] {dag.py:3947} INFO - Setting next_dagrun for example_setup_teardown to 2024-07-26 00:00:00+00:00, run_after=2024-07-27 00:00:00+00:00
[2024-07-27T22:04:07.931+0700] {processor.py:183} INFO - Processing /usr/local/lib/python3.10/dist-packages/airflow/example_dags/example_setup_teardown.py took 0.068 seconds
[2024-07-27T22:04:52.347+0700] {processor.py:161} INFO - Started process (PID=22380) to work on /usr/local/lib/python3.10/dist-packages/airflow/example_dags/example_setup_teardown.py
[2024-07-27T22:04:52.349+0700] {processor.py:830} INFO - Processing file /usr/local/lib/python3.10/dist-packages/airflow/example_dags/example_setup_teardown.py for tasks to queue
[2024-07-27T22:04:52.350+0700] {logging_mixin.py:188} INFO - [2024-07-27T22:04:52.350+0700] {dagbag.py:545} INFO - Filling up the DagBag from /usr/local/lib/python3.10/dist-packages/airflow/example_dags/example_setup_teardown.py
[2024-07-27T22:04:52.355+0700] {processor.py:840} INFO - DAG(s) 'example_setup_teardown' retrieved from /usr/local/lib/python3.10/dist-packages/airflow/example_dags/example_setup_teardown.py
[2024-07-27T22:04:52.367+0700] {logging_mixin.py:188} INFO - [2024-07-27T22:04:52.367+0700] {dag.py:3089} INFO - Sync 1 DAGs
[2024-07-27T22:04:52.382+0700] {logging_mixin.py:188} INFO - [2024-07-27T22:04:52.382+0700] {dag.py:3947} INFO - Setting next_dagrun for example_setup_teardown to 2024-07-26 00:00:00+00:00, run_after=2024-07-27 00:00:00+00:00
[2024-07-27T22:04:52.412+0700] {processor.py:183} INFO - Processing /usr/local/lib/python3.10/dist-packages/airflow/example_dags/example_setup_teardown.py took 0.070 seconds
[2024-07-27T22:05:35.553+0700] {processor.py:161} INFO - Started process (PID=22722) to work on /usr/local/lib/python3.10/dist-packages/airflow/example_dags/example_setup_teardown.py
[2024-07-27T22:05:35.555+0700] {processor.py:830} INFO - Processing file /usr/local/lib/python3.10/dist-packages/airflow/example_dags/example_setup_teardown.py for tasks to queue
[2024-07-27T22:05:35.555+0700] {logging_mixin.py:188} INFO - [2024-07-27T22:05:35.555+0700] {dagbag.py:545} INFO - Filling up the DagBag from /usr/local/lib/python3.10/dist-packages/airflow/example_dags/example_setup_teardown.py
[2024-07-27T22:05:35.561+0700] {processor.py:840} INFO - DAG(s) 'example_setup_teardown' retrieved from /usr/local/lib/python3.10/dist-packages/airflow/example_dags/example_setup_teardown.py
[2024-07-27T22:05:35.574+0700] {logging_mixin.py:188} INFO - [2024-07-27T22:05:35.574+0700] {dag.py:3089} INFO - Sync 1 DAGs
[2024-07-27T22:05:35.589+0700] {logging_mixin.py:188} INFO - [2024-07-27T22:05:35.588+0700] {dag.py:3947} INFO - Setting next_dagrun for example_setup_teardown to 2024-07-26 00:00:00+00:00, run_after=2024-07-27 00:00:00+00:00
[2024-07-27T22:05:35.621+0700] {processor.py:183} INFO - Processing /usr/local/lib/python3.10/dist-packages/airflow/example_dags/example_setup_teardown.py took 0.073 seconds
[2024-07-27T22:06:22.648+0700] {processor.py:161} INFO - Started process (PID=23397) to work on /usr/local/lib/python3.10/dist-packages/airflow/example_dags/example_setup_teardown.py
[2024-07-27T22:06:22.651+0700] {processor.py:830} INFO - Processing file /usr/local/lib/python3.10/dist-packages/airflow/example_dags/example_setup_teardown.py for tasks to queue
[2024-07-27T22:06:22.653+0700] {logging_mixin.py:188} INFO - [2024-07-27T22:06:22.652+0700] {dagbag.py:545} INFO - Filling up the DagBag from /usr/local/lib/python3.10/dist-packages/airflow/example_dags/example_setup_teardown.py
[2024-07-27T22:06:22.660+0700] {processor.py:840} INFO - DAG(s) 'example_setup_teardown' retrieved from /usr/local/lib/python3.10/dist-packages/airflow/example_dags/example_setup_teardown.py
[2024-07-27T22:06:22.679+0700] {logging_mixin.py:188} INFO - [2024-07-27T22:06:22.679+0700] {dag.py:3089} INFO - Sync 1 DAGs
[2024-07-27T22:06:22.698+0700] {logging_mixin.py:188} INFO - [2024-07-27T22:06:22.698+0700] {dag.py:3947} INFO - Setting next_dagrun for example_setup_teardown to 2024-07-26 00:00:00+00:00, run_after=2024-07-27 00:00:00+00:00
[2024-07-27T22:06:22.734+0700] {processor.py:183} INFO - Processing /usr/local/lib/python3.10/dist-packages/airflow/example_dags/example_setup_teardown.py took 0.092 seconds
[2024-07-27T22:07:09.020+0700] {processor.py:161} INFO - Started process (PID=23795) to work on /usr/local/lib/python3.10/dist-packages/airflow/example_dags/example_setup_teardown.py
[2024-07-27T22:07:09.023+0700] {processor.py:830} INFO - Processing file /usr/local/lib/python3.10/dist-packages/airflow/example_dags/example_setup_teardown.py for tasks to queue
[2024-07-27T22:07:09.024+0700] {logging_mixin.py:188} INFO - [2024-07-27T22:07:09.024+0700] {dagbag.py:545} INFO - Filling up the DagBag from /usr/local/lib/python3.10/dist-packages/airflow/example_dags/example_setup_teardown.py
[2024-07-27T22:07:09.029+0700] {processor.py:840} INFO - DAG(s) 'example_setup_teardown' retrieved from /usr/local/lib/python3.10/dist-packages/airflow/example_dags/example_setup_teardown.py
[2024-07-27T22:07:09.041+0700] {logging_mixin.py:188} INFO - [2024-07-27T22:07:09.041+0700] {dag.py:3089} INFO - Sync 1 DAGs
[2024-07-27T22:07:09.054+0700] {logging_mixin.py:188} INFO - [2024-07-27T22:07:09.054+0700] {dag.py:3947} INFO - Setting next_dagrun for example_setup_teardown to 2024-07-26 00:00:00+00:00, run_after=2024-07-27 00:00:00+00:00
[2024-07-27T22:07:09.083+0700] {processor.py:183} INFO - Processing /usr/local/lib/python3.10/dist-packages/airflow/example_dags/example_setup_teardown.py took 0.067 seconds
[2024-07-27T22:07:51.431+0700] {processor.py:161} INFO - Started process (PID=24193) to work on /usr/local/lib/python3.10/dist-packages/airflow/example_dags/example_setup_teardown.py
[2024-07-27T22:07:51.434+0700] {processor.py:830} INFO - Processing file /usr/local/lib/python3.10/dist-packages/airflow/example_dags/example_setup_teardown.py for tasks to queue
[2024-07-27T22:07:51.435+0700] {logging_mixin.py:188} INFO - [2024-07-27T22:07:51.435+0700] {dagbag.py:545} INFO - Filling up the DagBag from /usr/local/lib/python3.10/dist-packages/airflow/example_dags/example_setup_teardown.py
[2024-07-27T22:07:51.440+0700] {processor.py:840} INFO - DAG(s) 'example_setup_teardown' retrieved from /usr/local/lib/python3.10/dist-packages/airflow/example_dags/example_setup_teardown.py
[2024-07-27T22:07:51.454+0700] {logging_mixin.py:188} INFO - [2024-07-27T22:07:51.454+0700] {dag.py:3089} INFO - Sync 1 DAGs
[2024-07-27T22:07:51.472+0700] {logging_mixin.py:188} INFO - [2024-07-27T22:07:51.472+0700] {dag.py:3947} INFO - Setting next_dagrun for example_setup_teardown to 2024-07-26 00:00:00+00:00, run_after=2024-07-27 00:00:00+00:00
[2024-07-27T22:07:51.501+0700] {processor.py:183} INFO - Processing /usr/local/lib/python3.10/dist-packages/airflow/example_dags/example_setup_teardown.py took 0.075 seconds
[2024-07-27T22:08:32.799+0700] {processor.py:161} INFO - Started process (PID=24649) to work on /usr/local/lib/python3.10/dist-packages/airflow/example_dags/example_setup_teardown.py
[2024-07-27T22:08:32.800+0700] {processor.py:830} INFO - Processing file /usr/local/lib/python3.10/dist-packages/airflow/example_dags/example_setup_teardown.py for tasks to queue
[2024-07-27T22:08:32.801+0700] {logging_mixin.py:188} INFO - [2024-07-27T22:08:32.801+0700] {dagbag.py:545} INFO - Filling up the DagBag from /usr/local/lib/python3.10/dist-packages/airflow/example_dags/example_setup_teardown.py
[2024-07-27T22:08:32.808+0700] {processor.py:840} INFO - DAG(s) 'example_setup_teardown' retrieved from /usr/local/lib/python3.10/dist-packages/airflow/example_dags/example_setup_teardown.py
[2024-07-27T22:08:32.821+0700] {logging_mixin.py:188} INFO - [2024-07-27T22:08:32.821+0700] {dag.py:3089} INFO - Sync 1 DAGs
[2024-07-27T22:08:32.836+0700] {logging_mixin.py:188} INFO - [2024-07-27T22:08:32.836+0700] {dag.py:3947} INFO - Setting next_dagrun for example_setup_teardown to 2024-07-26 00:00:00+00:00, run_after=2024-07-27 00:00:00+00:00
[2024-07-27T22:08:32.866+0700] {processor.py:183} INFO - Processing /usr/local/lib/python3.10/dist-packages/airflow/example_dags/example_setup_teardown.py took 0.072 seconds
[2024-07-27T22:09:12.849+0700] {processor.py:161} INFO - Started process (PID=25113) to work on /usr/local/lib/python3.10/dist-packages/airflow/example_dags/example_setup_teardown.py
[2024-07-27T22:09:12.850+0700] {processor.py:830} INFO - Processing file /usr/local/lib/python3.10/dist-packages/airflow/example_dags/example_setup_teardown.py for tasks to queue
[2024-07-27T22:09:12.851+0700] {logging_mixin.py:188} INFO - [2024-07-27T22:09:12.851+0700] {dagbag.py:545} INFO - Filling up the DagBag from /usr/local/lib/python3.10/dist-packages/airflow/example_dags/example_setup_teardown.py
[2024-07-27T22:09:12.858+0700] {processor.py:840} INFO - DAG(s) 'example_setup_teardown' retrieved from /usr/local/lib/python3.10/dist-packages/airflow/example_dags/example_setup_teardown.py
[2024-07-27T22:09:12.873+0700] {logging_mixin.py:188} INFO - [2024-07-27T22:09:12.873+0700] {dag.py:3089} INFO - Sync 1 DAGs
[2024-07-27T22:09:12.888+0700] {logging_mixin.py:188} INFO - [2024-07-27T22:09:12.887+0700] {dag.py:3947} INFO - Setting next_dagrun for example_setup_teardown to 2024-07-26 00:00:00+00:00, run_after=2024-07-27 00:00:00+00:00
[2024-07-27T22:09:12.918+0700] {processor.py:183} INFO - Processing /usr/local/lib/python3.10/dist-packages/airflow/example_dags/example_setup_teardown.py took 0.075 seconds
[2024-07-27T22:09:56.282+0700] {processor.py:161} INFO - Started process (PID=25481) to work on /usr/local/lib/python3.10/dist-packages/airflow/example_dags/example_setup_teardown.py
[2024-07-27T22:09:56.283+0700] {processor.py:830} INFO - Processing file /usr/local/lib/python3.10/dist-packages/airflow/example_dags/example_setup_teardown.py for tasks to queue
[2024-07-27T22:09:56.284+0700] {logging_mixin.py:188} INFO - [2024-07-27T22:09:56.283+0700] {dagbag.py:545} INFO - Filling up the DagBag from /usr/local/lib/python3.10/dist-packages/airflow/example_dags/example_setup_teardown.py
[2024-07-27T22:09:56.288+0700] {processor.py:840} INFO - DAG(s) 'example_setup_teardown' retrieved from /usr/local/lib/python3.10/dist-packages/airflow/example_dags/example_setup_teardown.py
[2024-07-27T22:09:56.301+0700] {logging_mixin.py:188} INFO - [2024-07-27T22:09:56.300+0700] {dag.py:3089} INFO - Sync 1 DAGs
[2024-07-27T22:09:56.313+0700] {logging_mixin.py:188} INFO - [2024-07-27T22:09:56.313+0700] {dag.py:3947} INFO - Setting next_dagrun for example_setup_teardown to 2024-07-26 00:00:00+00:00, run_after=2024-07-27 00:00:00+00:00
[2024-07-27T22:09:56.344+0700] {processor.py:183} INFO - Processing /usr/local/lib/python3.10/dist-packages/airflow/example_dags/example_setup_teardown.py took 0.067 seconds
