[2024-07-27T18:29:38.030+0700] {processor.py:161} INFO - Started process (PID=1374) to work on /usr/local/lib/python3.10/dist-packages/airflow/example_dags/example_params_trigger_ui.py
[2024-07-27T18:29:38.032+0700] {processor.py:830} INFO - Processing file /usr/local/lib/python3.10/dist-packages/airflow/example_dags/example_params_trigger_ui.py for tasks to queue
[2024-07-27T18:29:38.034+0700] {logging_mixin.py:188} INFO - [2024-07-27T18:29:38.033+0700] {dagbag.py:545} INFO - Filling up the DagBag from /usr/local/lib/python3.10/dist-packages/airflow/example_dags/example_params_trigger_ui.py
[2024-07-27T18:29:38.044+0700] {processor.py:840} INFO - DAG(s) 'example_params_trigger_ui' retrieved from /usr/local/lib/python3.10/dist-packages/airflow/example_dags/example_params_trigger_ui.py
[2024-07-27T18:29:38.085+0700] {logging_mixin.py:188} INFO - [2024-07-27T18:29:38.085+0700] {dag.py:3089} INFO - Sync 1 DAGs
[2024-07-27T18:29:38.094+0700] {logging_mixin.py:188} INFO - [2024-07-27T18:29:38.094+0700] {dag.py:3947} INFO - Setting next_dagrun for example_params_trigger_ui to None, run_after=None
[2024-07-27T18:29:38.132+0700] {processor.py:183} INFO - Processing /usr/local/lib/python3.10/dist-packages/airflow/example_dags/example_params_trigger_ui.py took 0.106 seconds
[2024-07-27T18:30:27.180+0700] {processor.py:161} INFO - Started process (PID=1625) to work on /usr/local/lib/python3.10/dist-packages/airflow/example_dags/example_params_trigger_ui.py
[2024-07-27T18:30:27.183+0700] {processor.py:830} INFO - Processing file /usr/local/lib/python3.10/dist-packages/airflow/example_dags/example_params_trigger_ui.py for tasks to queue
[2024-07-27T18:30:27.185+0700] {logging_mixin.py:188} INFO - [2024-07-27T18:30:27.185+0700] {dagbag.py:545} INFO - Filling up the DagBag from /usr/local/lib/python3.10/dist-packages/airflow/example_dags/example_params_trigger_ui.py
[2024-07-27T18:30:27.192+0700] {processor.py:840} INFO - DAG(s) 'example_params_trigger_ui' retrieved from /usr/local/lib/python3.10/dist-packages/airflow/example_dags/example_params_trigger_ui.py
[2024-07-27T18:30:27.225+0700] {logging_mixin.py:188} INFO - [2024-07-27T18:30:27.225+0700] {dag.py:3089} INFO - Sync 1 DAGs
[2024-07-27T18:30:27.234+0700] {logging_mixin.py:188} INFO - [2024-07-27T18:30:27.234+0700] {dag.py:3947} INFO - Setting next_dagrun for example_params_trigger_ui to None, run_after=None
[2024-07-27T18:30:27.264+0700] {processor.py:183} INFO - Processing /usr/local/lib/python3.10/dist-packages/airflow/example_dags/example_params_trigger_ui.py took 0.089 seconds
[2024-07-27T21:32:05.905+0700] {processor.py:161} INFO - Started process (PID=1641) to work on /usr/local/lib/python3.10/dist-packages/airflow/example_dags/example_params_trigger_ui.py
[2024-07-27T21:32:05.908+0700] {processor.py:830} INFO - Processing file /usr/local/lib/python3.10/dist-packages/airflow/example_dags/example_params_trigger_ui.py for tasks to queue
[2024-07-27T21:32:05.911+0700] {logging_mixin.py:188} INFO - [2024-07-27T21:32:05.910+0700] {dagbag.py:545} INFO - Filling up the DagBag from /usr/local/lib/python3.10/dist-packages/airflow/example_dags/example_params_trigger_ui.py
[2024-07-27T21:32:05.919+0700] {processor.py:840} INFO - DAG(s) 'example_params_trigger_ui' retrieved from /usr/local/lib/python3.10/dist-packages/airflow/example_dags/example_params_trigger_ui.py
[2024-07-27T21:32:05.954+0700] {logging_mixin.py:188} INFO - [2024-07-27T21:32:05.954+0700] {dag.py:3089} INFO - Sync 1 DAGs
[2024-07-27T21:32:05.963+0700] {logging_mixin.py:188} INFO - [2024-07-27T21:32:05.963+0700] {dag.py:3947} INFO - Setting next_dagrun for example_params_trigger_ui to None, run_after=None
[2024-07-27T21:32:05.993+0700] {processor.py:183} INFO - Processing /usr/local/lib/python3.10/dist-packages/airflow/example_dags/example_params_trigger_ui.py took 0.094 seconds
[2024-07-27T21:32:56.094+0700] {processor.py:161} INFO - Started process (PID=2040) to work on /usr/local/lib/python3.10/dist-packages/airflow/example_dags/example_params_trigger_ui.py
[2024-07-27T21:32:56.095+0700] {processor.py:830} INFO - Processing file /usr/local/lib/python3.10/dist-packages/airflow/example_dags/example_params_trigger_ui.py for tasks to queue
[2024-07-27T21:32:56.097+0700] {logging_mixin.py:188} INFO - [2024-07-27T21:32:56.096+0700] {dagbag.py:545} INFO - Filling up the DagBag from /usr/local/lib/python3.10/dist-packages/airflow/example_dags/example_params_trigger_ui.py
[2024-07-27T21:32:56.103+0700] {processor.py:840} INFO - DAG(s) 'example_params_trigger_ui' retrieved from /usr/local/lib/python3.10/dist-packages/airflow/example_dags/example_params_trigger_ui.py
[2024-07-27T21:32:56.133+0700] {logging_mixin.py:188} INFO - [2024-07-27T21:32:56.133+0700] {dag.py:3089} INFO - Sync 1 DAGs
[2024-07-27T21:32:56.141+0700] {logging_mixin.py:188} INFO - [2024-07-27T21:32:56.141+0700] {dag.py:3947} INFO - Setting next_dagrun for example_params_trigger_ui to None, run_after=None
[2024-07-27T21:32:56.171+0700] {processor.py:183} INFO - Processing /usr/local/lib/python3.10/dist-packages/airflow/example_dags/example_params_trigger_ui.py took 0.083 seconds
[2024-07-27T21:33:40.673+0700] {processor.py:161} INFO - Started process (PID=2691) to work on /usr/local/lib/python3.10/dist-packages/airflow/example_dags/example_params_trigger_ui.py
[2024-07-27T21:33:40.676+0700] {processor.py:830} INFO - Processing file /usr/local/lib/python3.10/dist-packages/airflow/example_dags/example_params_trigger_ui.py for tasks to queue
[2024-07-27T21:33:40.682+0700] {logging_mixin.py:188} INFO - [2024-07-27T21:33:40.682+0700] {dagbag.py:545} INFO - Filling up the DagBag from /usr/local/lib/python3.10/dist-packages/airflow/example_dags/example_params_trigger_ui.py
[2024-07-27T21:33:40.700+0700] {processor.py:840} INFO - DAG(s) 'example_params_trigger_ui' retrieved from /usr/local/lib/python3.10/dist-packages/airflow/example_dags/example_params_trigger_ui.py
[2024-07-27T21:33:40.763+0700] {logging_mixin.py:188} INFO - [2024-07-27T21:33:40.762+0700] {dag.py:3089} INFO - Sync 1 DAGs
[2024-07-27T21:33:40.986+0700] {logging_mixin.py:188} INFO - [2024-07-27T21:33:40.986+0700] {dag.py:3947} INFO - Setting next_dagrun for example_params_trigger_ui to None, run_after=None
[2024-07-27T21:33:41.053+0700] {processor.py:183} INFO - Processing /usr/local/lib/python3.10/dist-packages/airflow/example_dags/example_params_trigger_ui.py took 0.386 seconds
[2024-07-27T21:34:30.513+0700] {processor.py:161} INFO - Started process (PID=3108) to work on /usr/local/lib/python3.10/dist-packages/airflow/example_dags/example_params_trigger_ui.py
[2024-07-27T21:34:30.514+0700] {processor.py:830} INFO - Processing file /usr/local/lib/python3.10/dist-packages/airflow/example_dags/example_params_trigger_ui.py for tasks to queue
[2024-07-27T21:34:30.515+0700] {logging_mixin.py:188} INFO - [2024-07-27T21:34:30.515+0700] {dagbag.py:545} INFO - Filling up the DagBag from /usr/local/lib/python3.10/dist-packages/airflow/example_dags/example_params_trigger_ui.py
[2024-07-27T21:34:30.522+0700] {processor.py:840} INFO - DAG(s) 'example_params_trigger_ui' retrieved from /usr/local/lib/python3.10/dist-packages/airflow/example_dags/example_params_trigger_ui.py
[2024-07-27T21:34:30.554+0700] {logging_mixin.py:188} INFO - [2024-07-27T21:34:30.553+0700] {dag.py:3089} INFO - Sync 1 DAGs
[2024-07-27T21:34:30.564+0700] {logging_mixin.py:188} INFO - [2024-07-27T21:34:30.563+0700] {dag.py:3947} INFO - Setting next_dagrun for example_params_trigger_ui to None, run_after=None
[2024-07-27T21:34:30.607+0700] {processor.py:183} INFO - Processing /usr/local/lib/python3.10/dist-packages/airflow/example_dags/example_params_trigger_ui.py took 0.099 seconds
[2024-07-27T21:35:14.534+0700] {processor.py:161} INFO - Started process (PID=3475) to work on /usr/local/lib/python3.10/dist-packages/airflow/example_dags/example_params_trigger_ui.py
[2024-07-27T21:35:14.535+0700] {processor.py:830} INFO - Processing file /usr/local/lib/python3.10/dist-packages/airflow/example_dags/example_params_trigger_ui.py for tasks to queue
[2024-07-27T21:35:14.536+0700] {logging_mixin.py:188} INFO - [2024-07-27T21:35:14.536+0700] {dagbag.py:545} INFO - Filling up the DagBag from /usr/local/lib/python3.10/dist-packages/airflow/example_dags/example_params_trigger_ui.py
[2024-07-27T21:35:14.545+0700] {processor.py:840} INFO - DAG(s) 'example_params_trigger_ui' retrieved from /usr/local/lib/python3.10/dist-packages/airflow/example_dags/example_params_trigger_ui.py
[2024-07-27T21:35:14.586+0700] {logging_mixin.py:188} INFO - [2024-07-27T21:35:14.584+0700] {dag.py:3089} INFO - Sync 1 DAGs
[2024-07-27T21:35:14.597+0700] {logging_mixin.py:188} INFO - [2024-07-27T21:35:14.597+0700] {dag.py:3947} INFO - Setting next_dagrun for example_params_trigger_ui to None, run_after=None
[2024-07-27T21:35:14.630+0700] {processor.py:183} INFO - Processing /usr/local/lib/python3.10/dist-packages/airflow/example_dags/example_params_trigger_ui.py took 0.102 seconds
[2024-07-27T21:35:57.969+0700] {processor.py:161} INFO - Started process (PID=3820) to work on /usr/local/lib/python3.10/dist-packages/airflow/example_dags/example_params_trigger_ui.py
[2024-07-27T21:35:57.971+0700] {processor.py:830} INFO - Processing file /usr/local/lib/python3.10/dist-packages/airflow/example_dags/example_params_trigger_ui.py for tasks to queue
[2024-07-27T21:35:57.972+0700] {logging_mixin.py:188} INFO - [2024-07-27T21:35:57.972+0700] {dagbag.py:545} INFO - Filling up the DagBag from /usr/local/lib/python3.10/dist-packages/airflow/example_dags/example_params_trigger_ui.py
[2024-07-27T21:35:57.981+0700] {processor.py:840} INFO - DAG(s) 'example_params_trigger_ui' retrieved from /usr/local/lib/python3.10/dist-packages/airflow/example_dags/example_params_trigger_ui.py
[2024-07-27T21:35:58.024+0700] {logging_mixin.py:188} INFO - [2024-07-27T21:35:58.024+0700] {dag.py:3089} INFO - Sync 1 DAGs
[2024-07-27T21:35:58.040+0700] {logging_mixin.py:188} INFO - [2024-07-27T21:35:58.039+0700] {dag.py:3947} INFO - Setting next_dagrun for example_params_trigger_ui to None, run_after=None
[2024-07-27T21:35:58.080+0700] {processor.py:183} INFO - Processing /usr/local/lib/python3.10/dist-packages/airflow/example_dags/example_params_trigger_ui.py took 0.118 seconds
[2024-07-27T21:36:40.150+0700] {processor.py:161} INFO - Started process (PID=4211) to work on /usr/local/lib/python3.10/dist-packages/airflow/example_dags/example_params_trigger_ui.py
[2024-07-27T21:36:40.156+0700] {processor.py:830} INFO - Processing file /usr/local/lib/python3.10/dist-packages/airflow/example_dags/example_params_trigger_ui.py for tasks to queue
[2024-07-27T21:36:40.157+0700] {logging_mixin.py:188} INFO - [2024-07-27T21:36:40.157+0700] {dagbag.py:545} INFO - Filling up the DagBag from /usr/local/lib/python3.10/dist-packages/airflow/example_dags/example_params_trigger_ui.py
[2024-07-27T21:36:40.165+0700] {processor.py:840} INFO - DAG(s) 'example_params_trigger_ui' retrieved from /usr/local/lib/python3.10/dist-packages/airflow/example_dags/example_params_trigger_ui.py
[2024-07-27T21:36:40.197+0700] {logging_mixin.py:188} INFO - [2024-07-27T21:36:40.197+0700] {dag.py:3089} INFO - Sync 1 DAGs
[2024-07-27T21:36:40.206+0700] {logging_mixin.py:188} INFO - [2024-07-27T21:36:40.206+0700] {dag.py:3947} INFO - Setting next_dagrun for example_params_trigger_ui to None, run_after=None
[2024-07-27T21:36:40.238+0700] {processor.py:183} INFO - Processing /usr/local/lib/python3.10/dist-packages/airflow/example_dags/example_params_trigger_ui.py took 0.093 seconds
[2024-07-27T21:37:31.640+0700] {processor.py:161} INFO - Started process (PID=4656) to work on /usr/local/lib/python3.10/dist-packages/airflow/example_dags/example_params_trigger_ui.py
[2024-07-27T21:37:31.642+0700] {processor.py:830} INFO - Processing file /usr/local/lib/python3.10/dist-packages/airflow/example_dags/example_params_trigger_ui.py for tasks to queue
[2024-07-27T21:37:31.643+0700] {logging_mixin.py:188} INFO - [2024-07-27T21:37:31.642+0700] {dagbag.py:545} INFO - Filling up the DagBag from /usr/local/lib/python3.10/dist-packages/airflow/example_dags/example_params_trigger_ui.py
[2024-07-27T21:37:31.650+0700] {processor.py:840} INFO - DAG(s) 'example_params_trigger_ui' retrieved from /usr/local/lib/python3.10/dist-packages/airflow/example_dags/example_params_trigger_ui.py
[2024-07-27T21:37:31.683+0700] {logging_mixin.py:188} INFO - [2024-07-27T21:37:31.683+0700] {dag.py:3089} INFO - Sync 1 DAGs
[2024-07-27T21:37:31.696+0700] {logging_mixin.py:188} INFO - [2024-07-27T21:37:31.695+0700] {dag.py:3947} INFO - Setting next_dagrun for example_params_trigger_ui to None, run_after=None
[2024-07-27T21:37:31.728+0700] {processor.py:183} INFO - Processing /usr/local/lib/python3.10/dist-packages/airflow/example_dags/example_params_trigger_ui.py took 0.092 seconds
[2024-07-27T21:38:16.146+0700] {processor.py:161} INFO - Started process (PID=5001) to work on /usr/local/lib/python3.10/dist-packages/airflow/example_dags/example_params_trigger_ui.py
[2024-07-27T21:38:16.148+0700] {processor.py:830} INFO - Processing file /usr/local/lib/python3.10/dist-packages/airflow/example_dags/example_params_trigger_ui.py for tasks to queue
[2024-07-27T21:38:16.150+0700] {logging_mixin.py:188} INFO - [2024-07-27T21:38:16.150+0700] {dagbag.py:545} INFO - Filling up the DagBag from /usr/local/lib/python3.10/dist-packages/airflow/example_dags/example_params_trigger_ui.py
[2024-07-27T21:38:16.161+0700] {processor.py:840} INFO - DAG(s) 'example_params_trigger_ui' retrieved from /usr/local/lib/python3.10/dist-packages/airflow/example_dags/example_params_trigger_ui.py
[2024-07-27T21:38:16.206+0700] {logging_mixin.py:188} INFO - [2024-07-27T21:38:16.206+0700] {dag.py:3089} INFO - Sync 1 DAGs
[2024-07-27T21:38:16.238+0700] {logging_mixin.py:188} INFO - [2024-07-27T21:38:16.238+0700] {dag.py:3947} INFO - Setting next_dagrun for example_params_trigger_ui to None, run_after=None
[2024-07-27T21:38:16.369+0700] {processor.py:183} INFO - Processing /usr/local/lib/python3.10/dist-packages/airflow/example_dags/example_params_trigger_ui.py took 0.229 seconds
[2024-07-27T21:39:05.885+0700] {processor.py:161} INFO - Started process (PID=5392) to work on /usr/local/lib/python3.10/dist-packages/airflow/example_dags/example_params_trigger_ui.py
[2024-07-27T21:39:05.886+0700] {processor.py:830} INFO - Processing file /usr/local/lib/python3.10/dist-packages/airflow/example_dags/example_params_trigger_ui.py for tasks to queue
[2024-07-27T21:39:05.888+0700] {logging_mixin.py:188} INFO - [2024-07-27T21:39:05.887+0700] {dagbag.py:545} INFO - Filling up the DagBag from /usr/local/lib/python3.10/dist-packages/airflow/example_dags/example_params_trigger_ui.py
[2024-07-27T21:39:05.895+0700] {processor.py:840} INFO - DAG(s) 'example_params_trigger_ui' retrieved from /usr/local/lib/python3.10/dist-packages/airflow/example_dags/example_params_trigger_ui.py
[2024-07-27T21:39:05.927+0700] {logging_mixin.py:188} INFO - [2024-07-27T21:39:05.927+0700] {dag.py:3089} INFO - Sync 1 DAGs
[2024-07-27T21:39:05.937+0700] {logging_mixin.py:188} INFO - [2024-07-27T21:39:05.936+0700] {dag.py:3947} INFO - Setting next_dagrun for example_params_trigger_ui to None, run_after=None
[2024-07-27T21:39:05.969+0700] {processor.py:183} INFO - Processing /usr/local/lib/python3.10/dist-packages/airflow/example_dags/example_params_trigger_ui.py took 0.090 seconds
[2024-07-27T21:39:49.403+0700] {processor.py:161} INFO - Started process (PID=5982) to work on /usr/local/lib/python3.10/dist-packages/airflow/example_dags/example_params_trigger_ui.py
[2024-07-27T21:39:49.405+0700] {processor.py:830} INFO - Processing file /usr/local/lib/python3.10/dist-packages/airflow/example_dags/example_params_trigger_ui.py for tasks to queue
[2024-07-27T21:39:49.406+0700] {logging_mixin.py:188} INFO - [2024-07-27T21:39:49.406+0700] {dagbag.py:545} INFO - Filling up the DagBag from /usr/local/lib/python3.10/dist-packages/airflow/example_dags/example_params_trigger_ui.py
[2024-07-27T21:39:49.413+0700] {processor.py:840} INFO - DAG(s) 'example_params_trigger_ui' retrieved from /usr/local/lib/python3.10/dist-packages/airflow/example_dags/example_params_trigger_ui.py
[2024-07-27T21:39:49.445+0700] {logging_mixin.py:188} INFO - [2024-07-27T21:39:49.445+0700] {dag.py:3089} INFO - Sync 1 DAGs
[2024-07-27T21:39:49.455+0700] {logging_mixin.py:188} INFO - [2024-07-27T21:39:49.454+0700] {dag.py:3947} INFO - Setting next_dagrun for example_params_trigger_ui to None, run_after=None
[2024-07-27T21:39:49.488+0700] {processor.py:183} INFO - Processing /usr/local/lib/python3.10/dist-packages/airflow/example_dags/example_params_trigger_ui.py took 0.089 seconds
[2024-07-27T21:40:29.896+0700] {processor.py:161} INFO - Started process (PID=6447) to work on /usr/local/lib/python3.10/dist-packages/airflow/example_dags/example_params_trigger_ui.py
[2024-07-27T21:40:29.901+0700] {processor.py:830} INFO - Processing file /usr/local/lib/python3.10/dist-packages/airflow/example_dags/example_params_trigger_ui.py for tasks to queue
[2024-07-27T21:40:29.902+0700] {logging_mixin.py:188} INFO - [2024-07-27T21:40:29.902+0700] {dagbag.py:545} INFO - Filling up the DagBag from /usr/local/lib/python3.10/dist-packages/airflow/example_dags/example_params_trigger_ui.py
[2024-07-27T21:40:29.910+0700] {processor.py:840} INFO - DAG(s) 'example_params_trigger_ui' retrieved from /usr/local/lib/python3.10/dist-packages/airflow/example_dags/example_params_trigger_ui.py
[2024-07-27T21:40:29.941+0700] {logging_mixin.py:188} INFO - [2024-07-27T21:40:29.941+0700] {dag.py:3089} INFO - Sync 1 DAGs
[2024-07-27T21:40:29.950+0700] {logging_mixin.py:188} INFO - [2024-07-27T21:40:29.950+0700] {dag.py:3947} INFO - Setting next_dagrun for example_params_trigger_ui to None, run_after=None
[2024-07-27T21:40:29.980+0700] {processor.py:183} INFO - Processing /usr/local/lib/python3.10/dist-packages/airflow/example_dags/example_params_trigger_ui.py took 0.089 seconds
[2024-07-27T21:41:12.543+0700] {processor.py:161} INFO - Started process (PID=6810) to work on /usr/local/lib/python3.10/dist-packages/airflow/example_dags/example_params_trigger_ui.py
[2024-07-27T21:41:12.545+0700] {processor.py:830} INFO - Processing file /usr/local/lib/python3.10/dist-packages/airflow/example_dags/example_params_trigger_ui.py for tasks to queue
[2024-07-27T21:41:12.545+0700] {logging_mixin.py:188} INFO - [2024-07-27T21:41:12.545+0700] {dagbag.py:545} INFO - Filling up the DagBag from /usr/local/lib/python3.10/dist-packages/airflow/example_dags/example_params_trigger_ui.py
[2024-07-27T21:41:12.553+0700] {processor.py:840} INFO - DAG(s) 'example_params_trigger_ui' retrieved from /usr/local/lib/python3.10/dist-packages/airflow/example_dags/example_params_trigger_ui.py
[2024-07-27T21:41:12.587+0700] {logging_mixin.py:188} INFO - [2024-07-27T21:41:12.587+0700] {dag.py:3089} INFO - Sync 1 DAGs
[2024-07-27T21:41:12.597+0700] {logging_mixin.py:188} INFO - [2024-07-27T21:41:12.597+0700] {dag.py:3947} INFO - Setting next_dagrun for example_params_trigger_ui to None, run_after=None
[2024-07-27T21:41:12.626+0700] {processor.py:183} INFO - Processing /usr/local/lib/python3.10/dist-packages/airflow/example_dags/example_params_trigger_ui.py took 0.088 seconds
[2024-07-27T21:44:20.777+0700] {processor.py:161} INFO - Started process (PID=9338) to work on /usr/local/lib/python3.10/dist-packages/airflow/example_dags/example_params_trigger_ui.py
[2024-07-27T21:44:20.778+0700] {processor.py:830} INFO - Processing file /usr/local/lib/python3.10/dist-packages/airflow/example_dags/example_params_trigger_ui.py for tasks to queue
[2024-07-27T21:44:20.779+0700] {logging_mixin.py:188} INFO - [2024-07-27T21:44:20.779+0700] {dagbag.py:545} INFO - Filling up the DagBag from /usr/local/lib/python3.10/dist-packages/airflow/example_dags/example_params_trigger_ui.py
[2024-07-27T21:44:20.792+0700] {processor.py:840} INFO - DAG(s) 'example_params_trigger_ui' retrieved from /usr/local/lib/python3.10/dist-packages/airflow/example_dags/example_params_trigger_ui.py
[2024-07-27T21:44:20.835+0700] {logging_mixin.py:188} INFO - [2024-07-27T21:44:20.835+0700] {dag.py:3089} INFO - Sync 1 DAGs
[2024-07-27T21:44:20.843+0700] {logging_mixin.py:188} INFO - [2024-07-27T21:44:20.843+0700] {dag.py:3947} INFO - Setting next_dagrun for example_params_trigger_ui to None, run_after=None
[2024-07-27T21:44:20.872+0700] {processor.py:183} INFO - Processing /usr/local/lib/python3.10/dist-packages/airflow/example_dags/example_params_trigger_ui.py took 0.100 seconds
[2024-07-27T21:45:11.373+0700] {processor.py:161} INFO - Started process (PID=9801) to work on /usr/local/lib/python3.10/dist-packages/airflow/example_dags/example_params_trigger_ui.py
[2024-07-27T21:45:11.376+0700] {processor.py:830} INFO - Processing file /usr/local/lib/python3.10/dist-packages/airflow/example_dags/example_params_trigger_ui.py for tasks to queue
[2024-07-27T21:45:11.376+0700] {logging_mixin.py:188} INFO - [2024-07-27T21:45:11.376+0700] {dagbag.py:545} INFO - Filling up the DagBag from /usr/local/lib/python3.10/dist-packages/airflow/example_dags/example_params_trigger_ui.py
[2024-07-27T21:45:11.383+0700] {processor.py:840} INFO - DAG(s) 'example_params_trigger_ui' retrieved from /usr/local/lib/python3.10/dist-packages/airflow/example_dags/example_params_trigger_ui.py
[2024-07-27T21:45:11.414+0700] {logging_mixin.py:188} INFO - [2024-07-27T21:45:11.414+0700] {dag.py:3089} INFO - Sync 1 DAGs
[2024-07-27T21:45:11.422+0700] {logging_mixin.py:188} INFO - [2024-07-27T21:45:11.421+0700] {dag.py:3947} INFO - Setting next_dagrun for example_params_trigger_ui to None, run_after=None
[2024-07-27T21:45:11.451+0700] {processor.py:183} INFO - Processing /usr/local/lib/python3.10/dist-packages/airflow/example_dags/example_params_trigger_ui.py took 0.082 seconds
[2024-07-27T21:48:19.008+0700] {processor.py:161} INFO - Started process (PID=11843) to work on /usr/local/lib/python3.10/dist-packages/airflow/example_dags/example_params_trigger_ui.py
[2024-07-27T21:48:19.009+0700] {processor.py:830} INFO - Processing file /usr/local/lib/python3.10/dist-packages/airflow/example_dags/example_params_trigger_ui.py for tasks to queue
[2024-07-27T21:48:19.010+0700] {logging_mixin.py:188} INFO - [2024-07-27T21:48:19.010+0700] {dagbag.py:545} INFO - Filling up the DagBag from /usr/local/lib/python3.10/dist-packages/airflow/example_dags/example_params_trigger_ui.py
[2024-07-27T21:48:19.017+0700] {processor.py:840} INFO - DAG(s) 'example_params_trigger_ui' retrieved from /usr/local/lib/python3.10/dist-packages/airflow/example_dags/example_params_trigger_ui.py
[2024-07-27T21:48:19.057+0700] {logging_mixin.py:188} INFO - [2024-07-27T21:48:19.056+0700] {dag.py:3089} INFO - Sync 1 DAGs
[2024-07-27T21:48:19.065+0700] {logging_mixin.py:188} INFO - [2024-07-27T21:48:19.064+0700] {dag.py:3947} INFO - Setting next_dagrun for example_params_trigger_ui to None, run_after=None
[2024-07-27T21:48:19.099+0700] {processor.py:183} INFO - Processing /usr/local/lib/python3.10/dist-packages/airflow/example_dags/example_params_trigger_ui.py took 0.096 seconds
[2024-07-27T21:49:08.106+0700] {processor.py:161} INFO - Started process (PID=12298) to work on /usr/local/lib/python3.10/dist-packages/airflow/example_dags/example_params_trigger_ui.py
[2024-07-27T21:49:08.109+0700] {processor.py:830} INFO - Processing file /usr/local/lib/python3.10/dist-packages/airflow/example_dags/example_params_trigger_ui.py for tasks to queue
[2024-07-27T21:49:08.110+0700] {logging_mixin.py:188} INFO - [2024-07-27T21:49:08.110+0700] {dagbag.py:545} INFO - Filling up the DagBag from /usr/local/lib/python3.10/dist-packages/airflow/example_dags/example_params_trigger_ui.py
[2024-07-27T21:49:08.117+0700] {processor.py:840} INFO - DAG(s) 'example_params_trigger_ui' retrieved from /usr/local/lib/python3.10/dist-packages/airflow/example_dags/example_params_trigger_ui.py
[2024-07-27T21:49:08.150+0700] {logging_mixin.py:188} INFO - [2024-07-27T21:49:08.150+0700] {dag.py:3089} INFO - Sync 1 DAGs
[2024-07-27T21:49:08.158+0700] {logging_mixin.py:188} INFO - [2024-07-27T21:49:08.158+0700] {dag.py:3947} INFO - Setting next_dagrun for example_params_trigger_ui to None, run_after=None
[2024-07-27T21:49:08.190+0700] {processor.py:183} INFO - Processing /usr/local/lib/python3.10/dist-packages/airflow/example_dags/example_params_trigger_ui.py took 0.088 seconds
[2024-07-27T21:49:59.109+0700] {processor.py:161} INFO - Started process (PID=12763) to work on /usr/local/lib/python3.10/dist-packages/airflow/example_dags/example_params_trigger_ui.py
[2024-07-27T21:49:59.112+0700] {processor.py:830} INFO - Processing file /usr/local/lib/python3.10/dist-packages/airflow/example_dags/example_params_trigger_ui.py for tasks to queue
[2024-07-27T21:49:59.113+0700] {logging_mixin.py:188} INFO - [2024-07-27T21:49:59.112+0700] {dagbag.py:545} INFO - Filling up the DagBag from /usr/local/lib/python3.10/dist-packages/airflow/example_dags/example_params_trigger_ui.py
[2024-07-27T21:49:59.119+0700] {processor.py:840} INFO - DAG(s) 'example_params_trigger_ui' retrieved from /usr/local/lib/python3.10/dist-packages/airflow/example_dags/example_params_trigger_ui.py
[2024-07-27T21:49:59.152+0700] {logging_mixin.py:188} INFO - [2024-07-27T21:49:59.151+0700] {dag.py:3089} INFO - Sync 1 DAGs
[2024-07-27T21:49:59.161+0700] {logging_mixin.py:188} INFO - [2024-07-27T21:49:59.160+0700] {dag.py:3947} INFO - Setting next_dagrun for example_params_trigger_ui to None, run_after=None
[2024-07-27T21:49:59.195+0700] {processor.py:183} INFO - Processing /usr/local/lib/python3.10/dist-packages/airflow/example_dags/example_params_trigger_ui.py took 0.091 seconds
[2024-07-27T21:50:38.508+0700] {processor.py:161} INFO - Started process (PID=13269) to work on /usr/local/lib/python3.10/dist-packages/airflow/example_dags/example_params_trigger_ui.py
[2024-07-27T21:50:38.511+0700] {processor.py:830} INFO - Processing file /usr/local/lib/python3.10/dist-packages/airflow/example_dags/example_params_trigger_ui.py for tasks to queue
[2024-07-27T21:50:38.512+0700] {logging_mixin.py:188} INFO - [2024-07-27T21:50:38.512+0700] {dagbag.py:545} INFO - Filling up the DagBag from /usr/local/lib/python3.10/dist-packages/airflow/example_dags/example_params_trigger_ui.py
[2024-07-27T21:50:38.519+0700] {processor.py:840} INFO - DAG(s) 'example_params_trigger_ui' retrieved from /usr/local/lib/python3.10/dist-packages/airflow/example_dags/example_params_trigger_ui.py
[2024-07-27T21:50:38.550+0700] {logging_mixin.py:188} INFO - [2024-07-27T21:50:38.550+0700] {dag.py:3089} INFO - Sync 1 DAGs
[2024-07-27T21:50:38.558+0700] {logging_mixin.py:188} INFO - [2024-07-27T21:50:38.558+0700] {dag.py:3947} INFO - Setting next_dagrun for example_params_trigger_ui to None, run_after=None
[2024-07-27T21:50:38.590+0700] {processor.py:183} INFO - Processing /usr/local/lib/python3.10/dist-packages/airflow/example_dags/example_params_trigger_ui.py took 0.087 seconds
[2024-07-27T21:51:19.867+0700] {processor.py:161} INFO - Started process (PID=13594) to work on /usr/local/lib/python3.10/dist-packages/airflow/example_dags/example_params_trigger_ui.py
[2024-07-27T21:51:19.870+0700] {processor.py:830} INFO - Processing file /usr/local/lib/python3.10/dist-packages/airflow/example_dags/example_params_trigger_ui.py for tasks to queue
[2024-07-27T21:51:19.871+0700] {logging_mixin.py:188} INFO - [2024-07-27T21:51:19.871+0700] {dagbag.py:545} INFO - Filling up the DagBag from /usr/local/lib/python3.10/dist-packages/airflow/example_dags/example_params_trigger_ui.py
[2024-07-27T21:51:19.878+0700] {processor.py:840} INFO - DAG(s) 'example_params_trigger_ui' retrieved from /usr/local/lib/python3.10/dist-packages/airflow/example_dags/example_params_trigger_ui.py
[2024-07-27T21:51:19.911+0700] {logging_mixin.py:188} INFO - [2024-07-27T21:51:19.910+0700] {dag.py:3089} INFO - Sync 1 DAGs
[2024-07-27T21:51:19.920+0700] {logging_mixin.py:188} INFO - [2024-07-27T21:51:19.919+0700] {dag.py:3947} INFO - Setting next_dagrun for example_params_trigger_ui to None, run_after=None
[2024-07-27T21:51:19.950+0700] {processor.py:183} INFO - Processing /usr/local/lib/python3.10/dist-packages/airflow/example_dags/example_params_trigger_ui.py took 0.087 seconds
[2024-07-27T21:52:04.965+0700] {processor.py:161} INFO - Started process (PID=14042) to work on /usr/local/lib/python3.10/dist-packages/airflow/example_dags/example_params_trigger_ui.py
[2024-07-27T21:52:04.968+0700] {processor.py:830} INFO - Processing file /usr/local/lib/python3.10/dist-packages/airflow/example_dags/example_params_trigger_ui.py for tasks to queue
[2024-07-27T21:52:04.968+0700] {logging_mixin.py:188} INFO - [2024-07-27T21:52:04.968+0700] {dagbag.py:545} INFO - Filling up the DagBag from /usr/local/lib/python3.10/dist-packages/airflow/example_dags/example_params_trigger_ui.py
[2024-07-27T21:52:04.977+0700] {processor.py:840} INFO - DAG(s) 'example_params_trigger_ui' retrieved from /usr/local/lib/python3.10/dist-packages/airflow/example_dags/example_params_trigger_ui.py
[2024-07-27T21:52:05.009+0700] {logging_mixin.py:188} INFO - [2024-07-27T21:52:05.009+0700] {dag.py:3089} INFO - Sync 1 DAGs
[2024-07-27T21:52:05.019+0700] {logging_mixin.py:188} INFO - [2024-07-27T21:52:05.018+0700] {dag.py:3947} INFO - Setting next_dagrun for example_params_trigger_ui to None, run_after=None
[2024-07-27T21:52:05.046+0700] {processor.py:183} INFO - Processing /usr/local/lib/python3.10/dist-packages/airflow/example_dags/example_params_trigger_ui.py took 0.086 seconds
[2024-07-27T21:54:44.029+0700] {processor.py:161} INFO - Started process (PID=15740) to work on /usr/local/lib/python3.10/dist-packages/airflow/example_dags/example_params_trigger_ui.py
[2024-07-27T21:54:44.032+0700] {processor.py:830} INFO - Processing file /usr/local/lib/python3.10/dist-packages/airflow/example_dags/example_params_trigger_ui.py for tasks to queue
[2024-07-27T21:54:44.033+0700] {logging_mixin.py:188} INFO - [2024-07-27T21:54:44.032+0700] {dagbag.py:545} INFO - Filling up the DagBag from /usr/local/lib/python3.10/dist-packages/airflow/example_dags/example_params_trigger_ui.py
[2024-07-27T21:54:44.053+0700] {processor.py:840} INFO - DAG(s) 'example_params_trigger_ui' retrieved from /usr/local/lib/python3.10/dist-packages/airflow/example_dags/example_params_trigger_ui.py
[2024-07-27T21:54:44.122+0700] {logging_mixin.py:188} INFO - [2024-07-27T21:54:44.121+0700] {dag.py:3089} INFO - Sync 1 DAGs
[2024-07-27T21:54:44.134+0700] {logging_mixin.py:188} INFO - [2024-07-27T21:54:44.133+0700] {dag.py:3947} INFO - Setting next_dagrun for example_params_trigger_ui to None, run_after=None
[2024-07-27T21:54:44.174+0700] {processor.py:183} INFO - Processing /usr/local/lib/python3.10/dist-packages/airflow/example_dags/example_params_trigger_ui.py took 0.152 seconds
[2024-07-27T21:55:32.457+0700] {processor.py:161} INFO - Started process (PID=16432) to work on /usr/local/lib/python3.10/dist-packages/airflow/example_dags/example_params_trigger_ui.py
[2024-07-27T21:55:32.458+0700] {processor.py:830} INFO - Processing file /usr/local/lib/python3.10/dist-packages/airflow/example_dags/example_params_trigger_ui.py for tasks to queue
[2024-07-27T21:55:32.459+0700] {logging_mixin.py:188} INFO - [2024-07-27T21:55:32.458+0700] {dagbag.py:545} INFO - Filling up the DagBag from /usr/local/lib/python3.10/dist-packages/airflow/example_dags/example_params_trigger_ui.py
[2024-07-27T21:55:32.466+0700] {processor.py:840} INFO - DAG(s) 'example_params_trigger_ui' retrieved from /usr/local/lib/python3.10/dist-packages/airflow/example_dags/example_params_trigger_ui.py
[2024-07-27T21:55:32.499+0700] {logging_mixin.py:188} INFO - [2024-07-27T21:55:32.499+0700] {dag.py:3089} INFO - Sync 1 DAGs
[2024-07-27T21:55:32.508+0700] {logging_mixin.py:188} INFO - [2024-07-27T21:55:32.508+0700] {dag.py:3947} INFO - Setting next_dagrun for example_params_trigger_ui to None, run_after=None
[2024-07-27T21:55:32.540+0700] {processor.py:183} INFO - Processing /usr/local/lib/python3.10/dist-packages/airflow/example_dags/example_params_trigger_ui.py took 0.089 seconds
[2024-07-27T21:58:07.672+0700] {processor.py:161} INFO - Started process (PID=18574) to work on /usr/local/lib/python3.10/dist-packages/airflow/example_dags/example_params_trigger_ui.py
[2024-07-27T21:58:07.673+0700] {processor.py:830} INFO - Processing file /usr/local/lib/python3.10/dist-packages/airflow/example_dags/example_params_trigger_ui.py for tasks to queue
[2024-07-27T21:58:07.674+0700] {logging_mixin.py:188} INFO - [2024-07-27T21:58:07.674+0700] {dagbag.py:545} INFO - Filling up the DagBag from /usr/local/lib/python3.10/dist-packages/airflow/example_dags/example_params_trigger_ui.py
[2024-07-27T21:58:07.682+0700] {processor.py:840} INFO - DAG(s) 'example_params_trigger_ui' retrieved from /usr/local/lib/python3.10/dist-packages/airflow/example_dags/example_params_trigger_ui.py
[2024-07-27T21:58:07.721+0700] {logging_mixin.py:188} INFO - [2024-07-27T21:58:07.721+0700] {dag.py:3089} INFO - Sync 1 DAGs
[2024-07-27T21:58:07.730+0700] {logging_mixin.py:188} INFO - [2024-07-27T21:58:07.730+0700] {dag.py:3947} INFO - Setting next_dagrun for example_params_trigger_ui to None, run_after=None
[2024-07-27T21:58:07.760+0700] {processor.py:183} INFO - Processing /usr/local/lib/python3.10/dist-packages/airflow/example_dags/example_params_trigger_ui.py took 0.093 seconds
[2024-07-27T21:58:58.213+0700] {processor.py:161} INFO - Started process (PID=18975) to work on /usr/local/lib/python3.10/dist-packages/airflow/example_dags/example_params_trigger_ui.py
[2024-07-27T21:58:58.214+0700] {processor.py:830} INFO - Processing file /usr/local/lib/python3.10/dist-packages/airflow/example_dags/example_params_trigger_ui.py for tasks to queue
[2024-07-27T21:58:58.215+0700] {logging_mixin.py:188} INFO - [2024-07-27T21:58:58.215+0700] {dagbag.py:545} INFO - Filling up the DagBag from /usr/local/lib/python3.10/dist-packages/airflow/example_dags/example_params_trigger_ui.py
[2024-07-27T21:58:58.222+0700] {processor.py:840} INFO - DAG(s) 'example_params_trigger_ui' retrieved from /usr/local/lib/python3.10/dist-packages/airflow/example_dags/example_params_trigger_ui.py
[2024-07-27T21:58:58.253+0700] {logging_mixin.py:188} INFO - [2024-07-27T21:58:58.253+0700] {dag.py:3089} INFO - Sync 1 DAGs
[2024-07-27T21:58:58.261+0700] {logging_mixin.py:188} INFO - [2024-07-27T21:58:58.261+0700] {dag.py:3947} INFO - Setting next_dagrun for example_params_trigger_ui to None, run_after=None
[2024-07-27T21:58:58.284+0700] {processor.py:183} INFO - Processing /usr/local/lib/python3.10/dist-packages/airflow/example_dags/example_params_trigger_ui.py took 0.075 seconds
[2024-07-27T21:59:42.403+0700] {processor.py:161} INFO - Started process (PID=19442) to work on /usr/local/lib/python3.10/dist-packages/airflow/example_dags/example_params_trigger_ui.py
[2024-07-27T21:59:42.404+0700] {processor.py:830} INFO - Processing file /usr/local/lib/python3.10/dist-packages/airflow/example_dags/example_params_trigger_ui.py for tasks to queue
[2024-07-27T21:59:42.405+0700] {logging_mixin.py:188} INFO - [2024-07-27T21:59:42.405+0700] {dagbag.py:545} INFO - Filling up the DagBag from /usr/local/lib/python3.10/dist-packages/airflow/example_dags/example_params_trigger_ui.py
[2024-07-27T21:59:42.412+0700] {processor.py:840} INFO - DAG(s) 'example_params_trigger_ui' retrieved from /usr/local/lib/python3.10/dist-packages/airflow/example_dags/example_params_trigger_ui.py
[2024-07-27T21:59:42.445+0700] {logging_mixin.py:188} INFO - [2024-07-27T21:59:42.444+0700] {dag.py:3089} INFO - Sync 1 DAGs
[2024-07-27T21:59:42.453+0700] {logging_mixin.py:188} INFO - [2024-07-27T21:59:42.452+0700] {dag.py:3947} INFO - Setting next_dagrun for example_params_trigger_ui to None, run_after=None
[2024-07-27T21:59:42.476+0700] {processor.py:183} INFO - Processing /usr/local/lib/python3.10/dist-packages/airflow/example_dags/example_params_trigger_ui.py took 0.077 seconds
[2024-07-27T22:00:28.531+0700] {processor.py:161} INFO - Started process (PID=19801) to work on /usr/local/lib/python3.10/dist-packages/airflow/example_dags/example_params_trigger_ui.py
[2024-07-27T22:00:28.533+0700] {processor.py:830} INFO - Processing file /usr/local/lib/python3.10/dist-packages/airflow/example_dags/example_params_trigger_ui.py for tasks to queue
[2024-07-27T22:00:28.534+0700] {logging_mixin.py:188} INFO - [2024-07-27T22:00:28.533+0700] {dagbag.py:545} INFO - Filling up the DagBag from /usr/local/lib/python3.10/dist-packages/airflow/example_dags/example_params_trigger_ui.py
[2024-07-27T22:00:28.550+0700] {processor.py:840} INFO - DAG(s) 'example_params_trigger_ui' retrieved from /usr/local/lib/python3.10/dist-packages/airflow/example_dags/example_params_trigger_ui.py
[2024-07-27T22:00:28.589+0700] {logging_mixin.py:188} INFO - [2024-07-27T22:00:28.589+0700] {dag.py:3089} INFO - Sync 1 DAGs
[2024-07-27T22:00:28.598+0700] {logging_mixin.py:188} INFO - [2024-07-27T22:00:28.597+0700] {dag.py:3947} INFO - Setting next_dagrun for example_params_trigger_ui to None, run_after=None
[2024-07-27T22:00:28.632+0700] {processor.py:183} INFO - Processing /usr/local/lib/python3.10/dist-packages/airflow/example_dags/example_params_trigger_ui.py took 0.105 seconds
[2024-07-27T22:01:19.101+0700] {processor.py:161} INFO - Started process (PID=20190) to work on /usr/local/lib/python3.10/dist-packages/airflow/example_dags/example_params_trigger_ui.py
[2024-07-27T22:01:19.103+0700] {processor.py:830} INFO - Processing file /usr/local/lib/python3.10/dist-packages/airflow/example_dags/example_params_trigger_ui.py for tasks to queue
[2024-07-27T22:01:19.105+0700] {logging_mixin.py:188} INFO - [2024-07-27T22:01:19.104+0700] {dagbag.py:545} INFO - Filling up the DagBag from /usr/local/lib/python3.10/dist-packages/airflow/example_dags/example_params_trigger_ui.py
[2024-07-27T22:01:19.116+0700] {processor.py:840} INFO - DAG(s) 'example_params_trigger_ui' retrieved from /usr/local/lib/python3.10/dist-packages/airflow/example_dags/example_params_trigger_ui.py
[2024-07-27T22:01:19.171+0700] {logging_mixin.py:188} INFO - [2024-07-27T22:01:19.170+0700] {dag.py:3089} INFO - Sync 1 DAGs
[2024-07-27T22:01:19.185+0700] {logging_mixin.py:188} INFO - [2024-07-27T22:01:19.184+0700] {dag.py:3947} INFO - Setting next_dagrun for example_params_trigger_ui to None, run_after=None
[2024-07-27T22:01:19.222+0700] {processor.py:183} INFO - Processing /usr/local/lib/python3.10/dist-packages/airflow/example_dags/example_params_trigger_ui.py took 0.139 seconds
[2024-07-27T22:02:02.819+0700] {processor.py:161} INFO - Started process (PID=20674) to work on /usr/local/lib/python3.10/dist-packages/airflow/example_dags/example_params_trigger_ui.py
[2024-07-27T22:02:02.821+0700] {processor.py:830} INFO - Processing file /usr/local/lib/python3.10/dist-packages/airflow/example_dags/example_params_trigger_ui.py for tasks to queue
[2024-07-27T22:02:02.823+0700] {logging_mixin.py:188} INFO - [2024-07-27T22:02:02.822+0700] {dagbag.py:545} INFO - Filling up the DagBag from /usr/local/lib/python3.10/dist-packages/airflow/example_dags/example_params_trigger_ui.py
[2024-07-27T22:02:02.830+0700] {processor.py:840} INFO - DAG(s) 'example_params_trigger_ui' retrieved from /usr/local/lib/python3.10/dist-packages/airflow/example_dags/example_params_trigger_ui.py
[2024-07-27T22:02:02.862+0700] {logging_mixin.py:188} INFO - [2024-07-27T22:02:02.862+0700] {dag.py:3089} INFO - Sync 1 DAGs
[2024-07-27T22:02:02.870+0700] {logging_mixin.py:188} INFO - [2024-07-27T22:02:02.870+0700] {dag.py:3947} INFO - Setting next_dagrun for example_params_trigger_ui to None, run_after=None
[2024-07-27T22:02:02.903+0700] {processor.py:183} INFO - Processing /usr/local/lib/python3.10/dist-packages/airflow/example_dags/example_params_trigger_ui.py took 0.088 seconds
[2024-07-27T22:02:55.446+0700] {processor.py:161} INFO - Started process (PID=21181) to work on /usr/local/lib/python3.10/dist-packages/airflow/example_dags/example_params_trigger_ui.py
[2024-07-27T22:02:55.450+0700] {processor.py:830} INFO - Processing file /usr/local/lib/python3.10/dist-packages/airflow/example_dags/example_params_trigger_ui.py for tasks to queue
[2024-07-27T22:02:55.451+0700] {logging_mixin.py:188} INFO - [2024-07-27T22:02:55.450+0700] {dagbag.py:545} INFO - Filling up the DagBag from /usr/local/lib/python3.10/dist-packages/airflow/example_dags/example_params_trigger_ui.py
[2024-07-27T22:02:55.458+0700] {processor.py:840} INFO - DAG(s) 'example_params_trigger_ui' retrieved from /usr/local/lib/python3.10/dist-packages/airflow/example_dags/example_params_trigger_ui.py
[2024-07-27T22:02:55.490+0700] {logging_mixin.py:188} INFO - [2024-07-27T22:02:55.490+0700] {dag.py:3089} INFO - Sync 1 DAGs
[2024-07-27T22:02:55.498+0700] {logging_mixin.py:188} INFO - [2024-07-27T22:02:55.498+0700] {dag.py:3947} INFO - Setting next_dagrun for example_params_trigger_ui to None, run_after=None
[2024-07-27T22:02:55.530+0700] {processor.py:183} INFO - Processing /usr/local/lib/python3.10/dist-packages/airflow/example_dags/example_params_trigger_ui.py took 0.089 seconds
[2024-07-27T22:03:38.255+0700] {processor.py:161} INFO - Started process (PID=21520) to work on /usr/local/lib/python3.10/dist-packages/airflow/example_dags/example_params_trigger_ui.py
[2024-07-27T22:03:38.257+0700] {processor.py:830} INFO - Processing file /usr/local/lib/python3.10/dist-packages/airflow/example_dags/example_params_trigger_ui.py for tasks to queue
[2024-07-27T22:03:38.258+0700] {logging_mixin.py:188} INFO - [2024-07-27T22:03:38.258+0700] {dagbag.py:545} INFO - Filling up the DagBag from /usr/local/lib/python3.10/dist-packages/airflow/example_dags/example_params_trigger_ui.py
[2024-07-27T22:03:38.269+0700] {processor.py:840} INFO - DAG(s) 'example_params_trigger_ui' retrieved from /usr/local/lib/python3.10/dist-packages/airflow/example_dags/example_params_trigger_ui.py
[2024-07-27T22:03:38.312+0700] {logging_mixin.py:188} INFO - [2024-07-27T22:03:38.311+0700] {dag.py:3089} INFO - Sync 1 DAGs
[2024-07-27T22:03:38.323+0700] {logging_mixin.py:188} INFO - [2024-07-27T22:03:38.323+0700] {dag.py:3947} INFO - Setting next_dagrun for example_params_trigger_ui to None, run_after=None
[2024-07-27T22:03:38.359+0700] {processor.py:183} INFO - Processing /usr/local/lib/python3.10/dist-packages/airflow/example_dags/example_params_trigger_ui.py took 0.112 seconds
[2024-07-27T22:04:19.918+0700] {processor.py:161} INFO - Started process (PID=21914) to work on /usr/local/lib/python3.10/dist-packages/airflow/example_dags/example_params_trigger_ui.py
[2024-07-27T22:04:19.921+0700] {processor.py:830} INFO - Processing file /usr/local/lib/python3.10/dist-packages/airflow/example_dags/example_params_trigger_ui.py for tasks to queue
[2024-07-27T22:04:19.924+0700] {logging_mixin.py:188} INFO - [2024-07-27T22:04:19.922+0700] {dagbag.py:545} INFO - Filling up the DagBag from /usr/local/lib/python3.10/dist-packages/airflow/example_dags/example_params_trigger_ui.py
[2024-07-27T22:04:19.943+0700] {processor.py:840} INFO - DAG(s) 'example_params_trigger_ui' retrieved from /usr/local/lib/python3.10/dist-packages/airflow/example_dags/example_params_trigger_ui.py
[2024-07-27T22:04:19.984+0700] {logging_mixin.py:188} INFO - [2024-07-27T22:04:19.984+0700] {dag.py:3089} INFO - Sync 1 DAGs
[2024-07-27T22:04:19.993+0700] {logging_mixin.py:188} INFO - [2024-07-27T22:04:19.992+0700] {dag.py:3947} INFO - Setting next_dagrun for example_params_trigger_ui to None, run_after=None
[2024-07-27T22:04:20.028+0700] {processor.py:183} INFO - Processing /usr/local/lib/python3.10/dist-packages/airflow/example_dags/example_params_trigger_ui.py took 0.116 seconds
[2024-07-27T22:05:06.672+0700] {processor.py:161} INFO - Started process (PID=22497) to work on /usr/local/lib/python3.10/dist-packages/airflow/example_dags/example_params_trigger_ui.py
[2024-07-27T22:05:06.673+0700] {processor.py:830} INFO - Processing file /usr/local/lib/python3.10/dist-packages/airflow/example_dags/example_params_trigger_ui.py for tasks to queue
[2024-07-27T22:05:06.674+0700] {logging_mixin.py:188} INFO - [2024-07-27T22:05:06.674+0700] {dagbag.py:545} INFO - Filling up the DagBag from /usr/local/lib/python3.10/dist-packages/airflow/example_dags/example_params_trigger_ui.py
[2024-07-27T22:05:06.681+0700] {processor.py:840} INFO - DAG(s) 'example_params_trigger_ui' retrieved from /usr/local/lib/python3.10/dist-packages/airflow/example_dags/example_params_trigger_ui.py
[2024-07-27T22:05:06.712+0700] {logging_mixin.py:188} INFO - [2024-07-27T22:05:06.712+0700] {dag.py:3089} INFO - Sync 1 DAGs
[2024-07-27T22:05:06.722+0700] {logging_mixin.py:188} INFO - [2024-07-27T22:05:06.722+0700] {dag.py:3947} INFO - Setting next_dagrun for example_params_trigger_ui to None, run_after=None
[2024-07-27T22:05:06.752+0700] {processor.py:183} INFO - Processing /usr/local/lib/python3.10/dist-packages/airflow/example_dags/example_params_trigger_ui.py took 0.084 seconds
[2024-07-27T22:05:48.082+0700] {processor.py:161} INFO - Started process (PID=22854) to work on /usr/local/lib/python3.10/dist-packages/airflow/example_dags/example_params_trigger_ui.py
[2024-07-27T22:05:48.084+0700] {processor.py:830} INFO - Processing file /usr/local/lib/python3.10/dist-packages/airflow/example_dags/example_params_trigger_ui.py for tasks to queue
[2024-07-27T22:05:48.085+0700] {logging_mixin.py:188} INFO - [2024-07-27T22:05:48.085+0700] {dagbag.py:545} INFO - Filling up the DagBag from /usr/local/lib/python3.10/dist-packages/airflow/example_dags/example_params_trigger_ui.py
[2024-07-27T22:05:48.092+0700] {processor.py:840} INFO - DAG(s) 'example_params_trigger_ui' retrieved from /usr/local/lib/python3.10/dist-packages/airflow/example_dags/example_params_trigger_ui.py
[2024-07-27T22:05:48.127+0700] {logging_mixin.py:188} INFO - [2024-07-27T22:05:48.127+0700] {dag.py:3089} INFO - Sync 1 DAGs
[2024-07-27T22:05:48.135+0700] {logging_mixin.py:188} INFO - [2024-07-27T22:05:48.135+0700] {dag.py:3947} INFO - Setting next_dagrun for example_params_trigger_ui to None, run_after=None
[2024-07-27T22:05:48.165+0700] {processor.py:183} INFO - Processing /usr/local/lib/python3.10/dist-packages/airflow/example_dags/example_params_trigger_ui.py took 0.087 seconds
[2024-07-27T22:06:32.963+0700] {processor.py:161} INFO - Started process (PID=23509) to work on /usr/local/lib/python3.10/dist-packages/airflow/example_dags/example_params_trigger_ui.py
[2024-07-27T22:06:32.965+0700] {processor.py:830} INFO - Processing file /usr/local/lib/python3.10/dist-packages/airflow/example_dags/example_params_trigger_ui.py for tasks to queue
[2024-07-27T22:06:32.965+0700] {logging_mixin.py:188} INFO - [2024-07-27T22:06:32.965+0700] {dagbag.py:545} INFO - Filling up the DagBag from /usr/local/lib/python3.10/dist-packages/airflow/example_dags/example_params_trigger_ui.py
[2024-07-27T22:06:32.973+0700] {processor.py:840} INFO - DAG(s) 'example_params_trigger_ui' retrieved from /usr/local/lib/python3.10/dist-packages/airflow/example_dags/example_params_trigger_ui.py
[2024-07-27T22:06:33.006+0700] {logging_mixin.py:188} INFO - [2024-07-27T22:06:33.006+0700] {dag.py:3089} INFO - Sync 1 DAGs
[2024-07-27T22:06:33.016+0700] {logging_mixin.py:188} INFO - [2024-07-27T22:06:33.015+0700] {dag.py:3947} INFO - Setting next_dagrun for example_params_trigger_ui to None, run_after=None
[2024-07-27T22:06:33.044+0700] {processor.py:183} INFO - Processing /usr/local/lib/python3.10/dist-packages/airflow/example_dags/example_params_trigger_ui.py took 0.086 seconds
[2024-07-27T22:07:20.490+0700] {processor.py:161} INFO - Started process (PID=23883) to work on /usr/local/lib/python3.10/dist-packages/airflow/example_dags/example_params_trigger_ui.py
[2024-07-27T22:07:20.492+0700] {processor.py:830} INFO - Processing file /usr/local/lib/python3.10/dist-packages/airflow/example_dags/example_params_trigger_ui.py for tasks to queue
[2024-07-27T22:07:20.492+0700] {logging_mixin.py:188} INFO - [2024-07-27T22:07:20.492+0700] {dagbag.py:545} INFO - Filling up the DagBag from /usr/local/lib/python3.10/dist-packages/airflow/example_dags/example_params_trigger_ui.py
[2024-07-27T22:07:20.499+0700] {processor.py:840} INFO - DAG(s) 'example_params_trigger_ui' retrieved from /usr/local/lib/python3.10/dist-packages/airflow/example_dags/example_params_trigger_ui.py
[2024-07-27T22:07:20.532+0700] {logging_mixin.py:188} INFO - [2024-07-27T22:07:20.532+0700] {dag.py:3089} INFO - Sync 1 DAGs
[2024-07-27T22:07:20.542+0700] {logging_mixin.py:188} INFO - [2024-07-27T22:07:20.541+0700] {dag.py:3947} INFO - Setting next_dagrun for example_params_trigger_ui to None, run_after=None
[2024-07-27T22:07:20.571+0700] {processor.py:183} INFO - Processing /usr/local/lib/python3.10/dist-packages/airflow/example_dags/example_params_trigger_ui.py took 0.085 seconds
[2024-07-27T22:08:02.988+0700] {processor.py:161} INFO - Started process (PID=24318) to work on /usr/local/lib/python3.10/dist-packages/airflow/example_dags/example_params_trigger_ui.py
[2024-07-27T22:08:02.989+0700] {processor.py:830} INFO - Processing file /usr/local/lib/python3.10/dist-packages/airflow/example_dags/example_params_trigger_ui.py for tasks to queue
[2024-07-27T22:08:02.990+0700] {logging_mixin.py:188} INFO - [2024-07-27T22:08:02.990+0700] {dagbag.py:545} INFO - Filling up the DagBag from /usr/local/lib/python3.10/dist-packages/airflow/example_dags/example_params_trigger_ui.py
[2024-07-27T22:08:02.997+0700] {processor.py:840} INFO - DAG(s) 'example_params_trigger_ui' retrieved from /usr/local/lib/python3.10/dist-packages/airflow/example_dags/example_params_trigger_ui.py
[2024-07-27T22:08:03.027+0700] {logging_mixin.py:188} INFO - [2024-07-27T22:08:03.027+0700] {dag.py:3089} INFO - Sync 1 DAGs
[2024-07-27T22:08:03.035+0700] {logging_mixin.py:188} INFO - [2024-07-27T22:08:03.035+0700] {dag.py:3947} INFO - Setting next_dagrun for example_params_trigger_ui to None, run_after=None
[2024-07-27T22:08:03.069+0700] {processor.py:183} INFO - Processing /usr/local/lib/python3.10/dist-packages/airflow/example_dags/example_params_trigger_ui.py took 0.086 seconds
[2024-07-27T22:08:45.381+0700] {processor.py:161} INFO - Started process (PID=24836) to work on /usr/local/lib/python3.10/dist-packages/airflow/example_dags/example_params_trigger_ui.py
[2024-07-27T22:08:45.383+0700] {processor.py:830} INFO - Processing file /usr/local/lib/python3.10/dist-packages/airflow/example_dags/example_params_trigger_ui.py for tasks to queue
[2024-07-27T22:08:45.383+0700] {logging_mixin.py:188} INFO - [2024-07-27T22:08:45.383+0700] {dagbag.py:545} INFO - Filling up the DagBag from /usr/local/lib/python3.10/dist-packages/airflow/example_dags/example_params_trigger_ui.py
[2024-07-27T22:08:45.393+0700] {processor.py:840} INFO - DAG(s) 'example_params_trigger_ui' retrieved from /usr/local/lib/python3.10/dist-packages/airflow/example_dags/example_params_trigger_ui.py
[2024-07-27T22:08:45.426+0700] {logging_mixin.py:188} INFO - [2024-07-27T22:08:45.426+0700] {dag.py:3089} INFO - Sync 1 DAGs
[2024-07-27T22:08:45.436+0700] {logging_mixin.py:188} INFO - [2024-07-27T22:08:45.436+0700] {dag.py:3947} INFO - Setting next_dagrun for example_params_trigger_ui to None, run_after=None
[2024-07-27T22:08:45.465+0700] {processor.py:183} INFO - Processing /usr/local/lib/python3.10/dist-packages/airflow/example_dags/example_params_trigger_ui.py took 0.088 seconds
[2024-07-27T22:09:25.455+0700] {processor.py:161} INFO - Started process (PID=25213) to work on /usr/local/lib/python3.10/dist-packages/airflow/example_dags/example_params_trigger_ui.py
[2024-07-27T22:09:25.458+0700] {processor.py:830} INFO - Processing file /usr/local/lib/python3.10/dist-packages/airflow/example_dags/example_params_trigger_ui.py for tasks to queue
[2024-07-27T22:09:25.459+0700] {logging_mixin.py:188} INFO - [2024-07-27T22:09:25.459+0700] {dagbag.py:545} INFO - Filling up the DagBag from /usr/local/lib/python3.10/dist-packages/airflow/example_dags/example_params_trigger_ui.py
[2024-07-27T22:09:25.466+0700] {processor.py:840} INFO - DAG(s) 'example_params_trigger_ui' retrieved from /usr/local/lib/python3.10/dist-packages/airflow/example_dags/example_params_trigger_ui.py
[2024-07-27T22:09:25.497+0700] {logging_mixin.py:188} INFO - [2024-07-27T22:09:25.497+0700] {dag.py:3089} INFO - Sync 1 DAGs
[2024-07-27T22:09:25.506+0700] {logging_mixin.py:188} INFO - [2024-07-27T22:09:25.506+0700] {dag.py:3947} INFO - Setting next_dagrun for example_params_trigger_ui to None, run_after=None
[2024-07-27T22:09:25.535+0700] {processor.py:183} INFO - Processing /usr/local/lib/python3.10/dist-packages/airflow/example_dags/example_params_trigger_ui.py took 0.084 seconds
[2024-07-27T22:10:09.662+0700] {processor.py:161} INFO - Started process (PID=25593) to work on /usr/local/lib/python3.10/dist-packages/airflow/example_dags/example_params_trigger_ui.py
[2024-07-27T22:10:09.665+0700] {processor.py:830} INFO - Processing file /usr/local/lib/python3.10/dist-packages/airflow/example_dags/example_params_trigger_ui.py for tasks to queue
[2024-07-27T22:10:09.666+0700] {logging_mixin.py:188} INFO - [2024-07-27T22:10:09.665+0700] {dagbag.py:545} INFO - Filling up the DagBag from /usr/local/lib/python3.10/dist-packages/airflow/example_dags/example_params_trigger_ui.py
[2024-07-27T22:10:09.673+0700] {processor.py:840} INFO - DAG(s) 'example_params_trigger_ui' retrieved from /usr/local/lib/python3.10/dist-packages/airflow/example_dags/example_params_trigger_ui.py
[2024-07-27T22:10:09.706+0700] {logging_mixin.py:188} INFO - [2024-07-27T22:10:09.706+0700] {dag.py:3089} INFO - Sync 1 DAGs
[2024-07-27T22:10:09.714+0700] {logging_mixin.py:188} INFO - [2024-07-27T22:10:09.714+0700] {dag.py:3947} INFO - Setting next_dagrun for example_params_trigger_ui to None, run_after=None
[2024-07-27T22:10:09.742+0700] {processor.py:183} INFO - Processing /usr/local/lib/python3.10/dist-packages/airflow/example_dags/example_params_trigger_ui.py took 0.084 seconds
