[2024-07-27T18:29:47.026+0700] {processor.py:161} INFO - Started process (PID=1421) to work on /usr/local/lib/python3.10/dist-packages/airflow/example_dags/example_branch_operator.py
[2024-07-27T18:29:47.027+0700] {processor.py:830} INFO - Processing file /usr/local/lib/python3.10/dist-packages/airflow/example_dags/example_branch_operator.py for tasks to queue
[2024-07-27T18:29:47.028+0700] {logging_mixin.py:188} INFO - [2024-07-27T18:29:47.028+0700] {dagbag.py:545} INFO - Filling up the DagBag from /usr/local/lib/python3.10/dist-packages/airflow/example_dags/example_branch_operator.py
[2024-07-27T18:29:47.096+0700] {processor.py:842} WARNING - No viable dags retrieved from /usr/local/lib/python3.10/dist-packages/airflow/example_dags/example_branch_operator.py
[2024-07-27T18:29:47.104+0700] {processor.py:183} INFO - Processing /usr/local/lib/python3.10/dist-packages/airflow/example_dags/example_branch_operator.py took 0.082 seconds
[2024-07-27T18:30:36.975+0700] {processor.py:161} INFO - Started process (PID=1683) to work on /usr/local/lib/python3.10/dist-packages/airflow/example_dags/example_branch_operator.py
[2024-07-27T18:30:36.978+0700] {processor.py:830} INFO - Processing file /usr/local/lib/python3.10/dist-packages/airflow/example_dags/example_branch_operator.py for tasks to queue
[2024-07-27T18:30:36.980+0700] {logging_mixin.py:188} INFO - [2024-07-27T18:30:36.979+0700] {dagbag.py:545} INFO - Filling up the DagBag from /usr/local/lib/python3.10/dist-packages/airflow/example_dags/example_branch_operator.py
[2024-07-27T18:30:37.046+0700] {processor.py:842} WARNING - No viable dags retrieved from /usr/local/lib/python3.10/dist-packages/airflow/example_dags/example_branch_operator.py
[2024-07-27T18:30:37.054+0700] {processor.py:183} INFO - Processing /usr/local/lib/python3.10/dist-packages/airflow/example_dags/example_branch_operator.py took 0.083 seconds
[2024-07-27T21:32:16.232+0700] {processor.py:161} INFO - Started process (PID=1722) to work on /usr/local/lib/python3.10/dist-packages/airflow/example_dags/example_branch_operator.py
[2024-07-27T21:32:16.233+0700] {processor.py:830} INFO - Processing file /usr/local/lib/python3.10/dist-packages/airflow/example_dags/example_branch_operator.py for tasks to queue
[2024-07-27T21:32:16.235+0700] {logging_mixin.py:188} INFO - [2024-07-27T21:32:16.234+0700] {dagbag.py:545} INFO - Filling up the DagBag from /usr/local/lib/python3.10/dist-packages/airflow/example_dags/example_branch_operator.py
[2024-07-27T21:32:16.283+0700] {processor.py:842} WARNING - No viable dags retrieved from /usr/local/lib/python3.10/dist-packages/airflow/example_dags/example_branch_operator.py
[2024-07-27T21:32:16.291+0700] {processor.py:183} INFO - Processing /usr/local/lib/python3.10/dist-packages/airflow/example_dags/example_branch_operator.py took 0.062 seconds
[2024-07-27T21:33:06.234+0700] {processor.py:161} INFO - Started process (PID=2114) to work on /usr/local/lib/python3.10/dist-packages/airflow/example_dags/example_branch_operator.py
[2024-07-27T21:33:06.237+0700] {processor.py:830} INFO - Processing file /usr/local/lib/python3.10/dist-packages/airflow/example_dags/example_branch_operator.py for tasks to queue
[2024-07-27T21:33:06.238+0700] {logging_mixin.py:188} INFO - [2024-07-27T21:33:06.238+0700] {dagbag.py:545} INFO - Filling up the DagBag from /usr/local/lib/python3.10/dist-packages/airflow/example_dags/example_branch_operator.py
[2024-07-27T21:33:06.328+0700] {processor.py:842} WARNING - No viable dags retrieved from /usr/local/lib/python3.10/dist-packages/airflow/example_dags/example_branch_operator.py
[2024-07-27T21:33:06.338+0700] {processor.py:183} INFO - Processing /usr/local/lib/python3.10/dist-packages/airflow/example_dags/example_branch_operator.py took 0.109 seconds
[2024-07-27T21:34:02.137+0700] {processor.py:161} INFO - Started process (PID=2875) to work on /usr/local/lib/python3.10/dist-packages/airflow/example_dags/example_branch_operator.py
[2024-07-27T21:34:02.138+0700] {processor.py:830} INFO - Processing file /usr/local/lib/python3.10/dist-packages/airflow/example_dags/example_branch_operator.py for tasks to queue
[2024-07-27T21:34:02.140+0700] {logging_mixin.py:188} INFO - [2024-07-27T21:34:02.140+0700] {dagbag.py:545} INFO - Filling up the DagBag from /usr/local/lib/python3.10/dist-packages/airflow/example_dags/example_branch_operator.py
[2024-07-27T21:34:02.198+0700] {processor.py:842} WARNING - No viable dags retrieved from /usr/local/lib/python3.10/dist-packages/airflow/example_dags/example_branch_operator.py
[2024-07-27T21:34:02.207+0700] {processor.py:183} INFO - Processing /usr/local/lib/python3.10/dist-packages/airflow/example_dags/example_branch_operator.py took 0.075 seconds
[2024-07-27T21:34:50.451+0700] {processor.py:161} INFO - Started process (PID=3272) to work on /usr/local/lib/python3.10/dist-packages/airflow/example_dags/example_branch_operator.py
[2024-07-27T21:34:50.454+0700] {processor.py:830} INFO - Processing file /usr/local/lib/python3.10/dist-packages/airflow/example_dags/example_branch_operator.py for tasks to queue
[2024-07-27T21:34:50.456+0700] {logging_mixin.py:188} INFO - [2024-07-27T21:34:50.456+0700] {dagbag.py:545} INFO - Filling up the DagBag from /usr/local/lib/python3.10/dist-packages/airflow/example_dags/example_branch_operator.py
[2024-07-27T21:34:50.524+0700] {processor.py:842} WARNING - No viable dags retrieved from /usr/local/lib/python3.10/dist-packages/airflow/example_dags/example_branch_operator.py
[2024-07-27T21:34:50.538+0700] {processor.py:183} INFO - Processing /usr/local/lib/python3.10/dist-packages/airflow/example_dags/example_branch_operator.py took 0.093 seconds
[2024-07-27T21:35:32.867+0700] {processor.py:161} INFO - Started process (PID=3625) to work on /usr/local/lib/python3.10/dist-packages/airflow/example_dags/example_branch_operator.py
[2024-07-27T21:35:32.869+0700] {processor.py:830} INFO - Processing file /usr/local/lib/python3.10/dist-packages/airflow/example_dags/example_branch_operator.py for tasks to queue
[2024-07-27T21:35:32.870+0700] {logging_mixin.py:188} INFO - [2024-07-27T21:35:32.870+0700] {dagbag.py:545} INFO - Filling up the DagBag from /usr/local/lib/python3.10/dist-packages/airflow/example_dags/example_branch_operator.py
[2024-07-27T21:35:32.915+0700] {processor.py:842} WARNING - No viable dags retrieved from /usr/local/lib/python3.10/dist-packages/airflow/example_dags/example_branch_operator.py
[2024-07-27T21:35:32.923+0700] {processor.py:183} INFO - Processing /usr/local/lib/python3.10/dist-packages/airflow/example_dags/example_branch_operator.py took 0.061 seconds
[2024-07-27T21:36:17.836+0700] {processor.py:161} INFO - Started process (PID=4002) to work on /usr/local/lib/python3.10/dist-packages/airflow/example_dags/example_branch_operator.py
[2024-07-27T21:36:17.837+0700] {processor.py:830} INFO - Processing file /usr/local/lib/python3.10/dist-packages/airflow/example_dags/example_branch_operator.py for tasks to queue
[2024-07-27T21:36:17.839+0700] {logging_mixin.py:188} INFO - [2024-07-27T21:36:17.838+0700] {dagbag.py:545} INFO - Filling up the DagBag from /usr/local/lib/python3.10/dist-packages/airflow/example_dags/example_branch_operator.py
[2024-07-27T21:36:17.888+0700] {processor.py:842} WARNING - No viable dags retrieved from /usr/local/lib/python3.10/dist-packages/airflow/example_dags/example_branch_operator.py
[2024-07-27T21:36:17.898+0700] {processor.py:183} INFO - Processing /usr/local/lib/python3.10/dist-packages/airflow/example_dags/example_branch_operator.py took 0.092 seconds
[2024-07-27T21:36:58.085+0700] {processor.py:161} INFO - Started process (PID=4387) to work on /usr/local/lib/python3.10/dist-packages/airflow/example_dags/example_branch_operator.py
[2024-07-27T21:36:58.087+0700] {processor.py:830} INFO - Processing file /usr/local/lib/python3.10/dist-packages/airflow/example_dags/example_branch_operator.py for tasks to queue
[2024-07-27T21:36:58.087+0700] {logging_mixin.py:188} INFO - [2024-07-27T21:36:58.087+0700] {dagbag.py:545} INFO - Filling up the DagBag from /usr/local/lib/python3.10/dist-packages/airflow/example_dags/example_branch_operator.py
[2024-07-27T21:36:58.139+0700] {processor.py:842} WARNING - No viable dags retrieved from /usr/local/lib/python3.10/dist-packages/airflow/example_dags/example_branch_operator.py
[2024-07-27T21:36:58.147+0700] {processor.py:183} INFO - Processing /usr/local/lib/python3.10/dist-packages/airflow/example_dags/example_branch_operator.py took 0.066 seconds
[2024-07-27T21:37:41.600+0700] {processor.py:161} INFO - Started process (PID=4729) to work on /usr/local/lib/python3.10/dist-packages/airflow/example_dags/example_branch_operator.py
[2024-07-27T21:37:41.601+0700] {processor.py:830} INFO - Processing file /usr/local/lib/python3.10/dist-packages/airflow/example_dags/example_branch_operator.py for tasks to queue
[2024-07-27T21:37:41.602+0700] {logging_mixin.py:188} INFO - [2024-07-27T21:37:41.602+0700] {dagbag.py:545} INFO - Filling up the DagBag from /usr/local/lib/python3.10/dist-packages/airflow/example_dags/example_branch_operator.py
[2024-07-27T21:37:41.660+0700] {processor.py:842} WARNING - No viable dags retrieved from /usr/local/lib/python3.10/dist-packages/airflow/example_dags/example_branch_operator.py
[2024-07-27T21:37:41.668+0700] {processor.py:183} INFO - Processing /usr/local/lib/python3.10/dist-packages/airflow/example_dags/example_branch_operator.py took 0.073 seconds
[2024-07-27T21:38:26.641+0700] {processor.py:161} INFO - Started process (PID=5082) to work on /usr/local/lib/python3.10/dist-packages/airflow/example_dags/example_branch_operator.py
[2024-07-27T21:38:26.643+0700] {processor.py:830} INFO - Processing file /usr/local/lib/python3.10/dist-packages/airflow/example_dags/example_branch_operator.py for tasks to queue
[2024-07-27T21:38:26.643+0700] {logging_mixin.py:188} INFO - [2024-07-27T21:38:26.643+0700] {dagbag.py:545} INFO - Filling up the DagBag from /usr/local/lib/python3.10/dist-packages/airflow/example_dags/example_branch_operator.py
[2024-07-27T21:38:26.698+0700] {processor.py:842} WARNING - No viable dags retrieved from /usr/local/lib/python3.10/dist-packages/airflow/example_dags/example_branch_operator.py
[2024-07-27T21:38:26.706+0700] {processor.py:183} INFO - Processing /usr/local/lib/python3.10/dist-packages/airflow/example_dags/example_branch_operator.py took 0.069 seconds
[2024-07-27T21:39:15.043+0700] {processor.py:161} INFO - Started process (PID=5527) to work on /usr/local/lib/python3.10/dist-packages/airflow/example_dags/example_branch_operator.py
[2024-07-27T21:39:15.044+0700] {processor.py:830} INFO - Processing file /usr/local/lib/python3.10/dist-packages/airflow/example_dags/example_branch_operator.py for tasks to queue
[2024-07-27T21:39:15.045+0700] {logging_mixin.py:188} INFO - [2024-07-27T21:39:15.045+0700] {dagbag.py:545} INFO - Filling up the DagBag from /usr/local/lib/python3.10/dist-packages/airflow/example_dags/example_branch_operator.py
[2024-07-27T21:39:15.096+0700] {processor.py:842} WARNING - No viable dags retrieved from /usr/local/lib/python3.10/dist-packages/airflow/example_dags/example_branch_operator.py
[2024-07-27T21:39:15.105+0700] {processor.py:183} INFO - Processing /usr/local/lib/python3.10/dist-packages/airflow/example_dags/example_branch_operator.py took 0.067 seconds
[2024-07-27T21:39:58.485+0700] {processor.py:161} INFO - Started process (PID=6053) to work on /usr/local/lib/python3.10/dist-packages/airflow/example_dags/example_branch_operator.py
[2024-07-27T21:39:58.487+0700] {processor.py:830} INFO - Processing file /usr/local/lib/python3.10/dist-packages/airflow/example_dags/example_branch_operator.py for tasks to queue
[2024-07-27T21:39:58.488+0700] {logging_mixin.py:188} INFO - [2024-07-27T21:39:58.488+0700] {dagbag.py:545} INFO - Filling up the DagBag from /usr/local/lib/python3.10/dist-packages/airflow/example_dags/example_branch_operator.py
[2024-07-27T21:39:58.527+0700] {processor.py:842} WARNING - No viable dags retrieved from /usr/local/lib/python3.10/dist-packages/airflow/example_dags/example_branch_operator.py
[2024-07-27T21:39:58.534+0700] {processor.py:183} INFO - Processing /usr/local/lib/python3.10/dist-packages/airflow/example_dags/example_branch_operator.py took 0.054 seconds
[2024-07-27T21:40:39.727+0700] {processor.py:161} INFO - Started process (PID=6520) to work on /usr/local/lib/python3.10/dist-packages/airflow/example_dags/example_branch_operator.py
[2024-07-27T21:40:39.728+0700] {processor.py:830} INFO - Processing file /usr/local/lib/python3.10/dist-packages/airflow/example_dags/example_branch_operator.py for tasks to queue
[2024-07-27T21:40:39.729+0700] {logging_mixin.py:188} INFO - [2024-07-27T21:40:39.728+0700] {dagbag.py:545} INFO - Filling up the DagBag from /usr/local/lib/python3.10/dist-packages/airflow/example_dags/example_branch_operator.py
[2024-07-27T21:40:39.780+0700] {processor.py:842} WARNING - No viable dags retrieved from /usr/local/lib/python3.10/dist-packages/airflow/example_dags/example_branch_operator.py
[2024-07-27T21:40:39.791+0700] {processor.py:183} INFO - Processing /usr/local/lib/python3.10/dist-packages/airflow/example_dags/example_branch_operator.py took 0.069 seconds
[2024-07-27T21:41:21.277+0700] {processor.py:161} INFO - Started process (PID=6909) to work on /usr/local/lib/python3.10/dist-packages/airflow/example_dags/example_branch_operator.py
[2024-07-27T21:41:21.278+0700] {processor.py:830} INFO - Processing file /usr/local/lib/python3.10/dist-packages/airflow/example_dags/example_branch_operator.py for tasks to queue
[2024-07-27T21:41:21.279+0700] {logging_mixin.py:188} INFO - [2024-07-27T21:41:21.279+0700] {dagbag.py:545} INFO - Filling up the DagBag from /usr/local/lib/python3.10/dist-packages/airflow/example_dags/example_branch_operator.py
[2024-07-27T21:41:21.332+0700] {processor.py:842} WARNING - No viable dags retrieved from /usr/local/lib/python3.10/dist-packages/airflow/example_dags/example_branch_operator.py
[2024-07-27T21:41:21.340+0700] {processor.py:183} INFO - Processing /usr/local/lib/python3.10/dist-packages/airflow/example_dags/example_branch_operator.py took 0.067 seconds
[2024-07-27T21:44:28.851+0700] {processor.py:161} INFO - Started process (PID=9400) to work on /usr/local/lib/python3.10/dist-packages/airflow/example_dags/example_branch_operator.py
[2024-07-27T21:44:28.853+0700] {processor.py:830} INFO - Processing file /usr/local/lib/python3.10/dist-packages/airflow/example_dags/example_branch_operator.py for tasks to queue
[2024-07-27T21:44:28.854+0700] {logging_mixin.py:188} INFO - [2024-07-27T21:44:28.854+0700] {dagbag.py:545} INFO - Filling up the DagBag from /usr/local/lib/python3.10/dist-packages/airflow/example_dags/example_branch_operator.py
[2024-07-27T21:44:29.164+0700] {processor.py:842} WARNING - No viable dags retrieved from /usr/local/lib/python3.10/dist-packages/airflow/example_dags/example_branch_operator.py
[2024-07-27T21:44:29.177+0700] {processor.py:183} INFO - Processing /usr/local/lib/python3.10/dist-packages/airflow/example_dags/example_branch_operator.py took 0.340 seconds
[2024-07-27T21:45:21.640+0700] {processor.py:161} INFO - Started process (PID=9883) to work on /usr/local/lib/python3.10/dist-packages/airflow/example_dags/example_branch_operator.py
[2024-07-27T21:45:21.642+0700] {processor.py:830} INFO - Processing file /usr/local/lib/python3.10/dist-packages/airflow/example_dags/example_branch_operator.py for tasks to queue
[2024-07-27T21:45:21.643+0700] {logging_mixin.py:188} INFO - [2024-07-27T21:45:21.643+0700] {dagbag.py:545} INFO - Filling up the DagBag from /usr/local/lib/python3.10/dist-packages/airflow/example_dags/example_branch_operator.py
[2024-07-27T21:45:21.692+0700] {processor.py:842} WARNING - No viable dags retrieved from /usr/local/lib/python3.10/dist-packages/airflow/example_dags/example_branch_operator.py
[2024-07-27T21:45:21.702+0700] {processor.py:183} INFO - Processing /usr/local/lib/python3.10/dist-packages/airflow/example_dags/example_branch_operator.py took 0.066 seconds
[2024-07-27T21:48:27.832+0700] {processor.py:161} INFO - Started process (PID=11918) to work on /usr/local/lib/python3.10/dist-packages/airflow/example_dags/example_branch_operator.py
[2024-07-27T21:48:27.834+0700] {processor.py:830} INFO - Processing file /usr/local/lib/python3.10/dist-packages/airflow/example_dags/example_branch_operator.py for tasks to queue
[2024-07-27T21:48:27.835+0700] {logging_mixin.py:188} INFO - [2024-07-27T21:48:27.834+0700] {dagbag.py:545} INFO - Filling up the DagBag from /usr/local/lib/python3.10/dist-packages/airflow/example_dags/example_branch_operator.py
[2024-07-27T21:48:27.882+0700] {processor.py:842} WARNING - No viable dags retrieved from /usr/local/lib/python3.10/dist-packages/airflow/example_dags/example_branch_operator.py
[2024-07-27T21:48:27.891+0700] {processor.py:183} INFO - Processing /usr/local/lib/python3.10/dist-packages/airflow/example_dags/example_branch_operator.py took 0.064 seconds
[2024-07-27T21:49:18.129+0700] {processor.py:161} INFO - Started process (PID=12440) to work on /usr/local/lib/python3.10/dist-packages/airflow/example_dags/example_branch_operator.py
[2024-07-27T21:49:18.130+0700] {processor.py:830} INFO - Processing file /usr/local/lib/python3.10/dist-packages/airflow/example_dags/example_branch_operator.py for tasks to queue
[2024-07-27T21:49:18.131+0700] {logging_mixin.py:188} INFO - [2024-07-27T21:49:18.131+0700] {dagbag.py:545} INFO - Filling up the DagBag from /usr/local/lib/python3.10/dist-packages/airflow/example_dags/example_branch_operator.py
[2024-07-27T21:49:18.181+0700] {processor.py:842} WARNING - No viable dags retrieved from /usr/local/lib/python3.10/dist-packages/airflow/example_dags/example_branch_operator.py
[2024-07-27T21:49:18.189+0700] {processor.py:183} INFO - Processing /usr/local/lib/python3.10/dist-packages/airflow/example_dags/example_branch_operator.py took 0.065 seconds
[2024-07-27T21:50:07.841+0700] {processor.py:161} INFO - Started process (PID=12880) to work on /usr/local/lib/python3.10/dist-packages/airflow/example_dags/example_branch_operator.py
[2024-07-27T21:50:07.842+0700] {processor.py:830} INFO - Processing file /usr/local/lib/python3.10/dist-packages/airflow/example_dags/example_branch_operator.py for tasks to queue
[2024-07-27T21:50:07.843+0700] {logging_mixin.py:188} INFO - [2024-07-27T21:50:07.843+0700] {dagbag.py:545} INFO - Filling up the DagBag from /usr/local/lib/python3.10/dist-packages/airflow/example_dags/example_branch_operator.py
[2024-07-27T21:50:07.894+0700] {processor.py:842} WARNING - No viable dags retrieved from /usr/local/lib/python3.10/dist-packages/airflow/example_dags/example_branch_operator.py
[2024-07-27T21:50:07.902+0700] {processor.py:183} INFO - Processing /usr/local/lib/python3.10/dist-packages/airflow/example_dags/example_branch_operator.py took 0.066 seconds
[2024-07-27T21:51:07.980+0700] {processor.py:161} INFO - Started process (PID=13499) to work on /usr/local/lib/python3.10/dist-packages/airflow/example_dags/example_branch_operator.py
[2024-07-27T21:51:07.981+0700] {processor.py:830} INFO - Processing file /usr/local/lib/python3.10/dist-packages/airflow/example_dags/example_branch_operator.py for tasks to queue
[2024-07-27T21:51:07.982+0700] {logging_mixin.py:188} INFO - [2024-07-27T21:51:07.981+0700] {dagbag.py:545} INFO - Filling up the DagBag from /usr/local/lib/python3.10/dist-packages/airflow/example_dags/example_branch_operator.py
[2024-07-27T21:51:08.029+0700] {processor.py:842} WARNING - No viable dags retrieved from /usr/local/lib/python3.10/dist-packages/airflow/example_dags/example_branch_operator.py
[2024-07-27T21:51:08.037+0700] {processor.py:183} INFO - Processing /usr/local/lib/python3.10/dist-packages/airflow/example_dags/example_branch_operator.py took 0.062 seconds
[2024-07-27T21:51:51.813+0700] {processor.py:161} INFO - Started process (PID=13906) to work on /usr/local/lib/python3.10/dist-packages/airflow/example_dags/example_branch_operator.py
[2024-07-27T21:51:51.814+0700] {processor.py:830} INFO - Processing file /usr/local/lib/python3.10/dist-packages/airflow/example_dags/example_branch_operator.py for tasks to queue
[2024-07-27T21:51:51.815+0700] {logging_mixin.py:188} INFO - [2024-07-27T21:51:51.815+0700] {dagbag.py:545} INFO - Filling up the DagBag from /usr/local/lib/python3.10/dist-packages/airflow/example_dags/example_branch_operator.py
[2024-07-27T21:51:51.852+0700] {processor.py:842} WARNING - No viable dags retrieved from /usr/local/lib/python3.10/dist-packages/airflow/example_dags/example_branch_operator.py
[2024-07-27T21:51:51.860+0700] {processor.py:183} INFO - Processing /usr/local/lib/python3.10/dist-packages/airflow/example_dags/example_branch_operator.py took 0.051 seconds
[2024-07-27T21:54:54.183+0700] {processor.py:161} INFO - Started process (PID=15964) to work on /usr/local/lib/python3.10/dist-packages/airflow/example_dags/example_branch_operator.py
[2024-07-27T21:54:54.186+0700] {processor.py:830} INFO - Processing file /usr/local/lib/python3.10/dist-packages/airflow/example_dags/example_branch_operator.py for tasks to queue
[2024-07-27T21:54:54.187+0700] {logging_mixin.py:188} INFO - [2024-07-27T21:54:54.187+0700] {dagbag.py:545} INFO - Filling up the DagBag from /usr/local/lib/python3.10/dist-packages/airflow/example_dags/example_branch_operator.py
[2024-07-27T21:54:54.237+0700] {processor.py:842} WARNING - No viable dags retrieved from /usr/local/lib/python3.10/dist-packages/airflow/example_dags/example_branch_operator.py
[2024-07-27T21:54:54.245+0700] {processor.py:183} INFO - Processing /usr/local/lib/python3.10/dist-packages/airflow/example_dags/example_branch_operator.py took 0.067 seconds
[2024-07-27T21:55:42.599+0700] {processor.py:161} INFO - Started process (PID=16570) to work on /usr/local/lib/python3.10/dist-packages/airflow/example_dags/example_branch_operator.py
[2024-07-27T21:55:42.600+0700] {processor.py:830} INFO - Processing file /usr/local/lib/python3.10/dist-packages/airflow/example_dags/example_branch_operator.py for tasks to queue
[2024-07-27T21:55:42.601+0700] {logging_mixin.py:188} INFO - [2024-07-27T21:55:42.601+0700] {dagbag.py:545} INFO - Filling up the DagBag from /usr/local/lib/python3.10/dist-packages/airflow/example_dags/example_branch_operator.py
[2024-07-27T21:55:42.653+0700] {processor.py:842} WARNING - No viable dags retrieved from /usr/local/lib/python3.10/dist-packages/airflow/example_dags/example_branch_operator.py
[2024-07-27T21:55:42.663+0700] {processor.py:183} INFO - Processing /usr/local/lib/python3.10/dist-packages/airflow/example_dags/example_branch_operator.py took 0.069 seconds
[2024-07-27T21:58:16.490+0700] {processor.py:161} INFO - Started process (PID=18649) to work on /usr/local/lib/python3.10/dist-packages/airflow/example_dags/example_branch_operator.py
[2024-07-27T21:58:16.492+0700] {processor.py:830} INFO - Processing file /usr/local/lib/python3.10/dist-packages/airflow/example_dags/example_branch_operator.py for tasks to queue
[2024-07-27T21:58:16.492+0700] {logging_mixin.py:188} INFO - [2024-07-27T21:58:16.492+0700] {dagbag.py:545} INFO - Filling up the DagBag from /usr/local/lib/python3.10/dist-packages/airflow/example_dags/example_branch_operator.py
[2024-07-27T21:58:16.540+0700] {processor.py:842} WARNING - No viable dags retrieved from /usr/local/lib/python3.10/dist-packages/airflow/example_dags/example_branch_operator.py
[2024-07-27T21:58:16.548+0700] {processor.py:183} INFO - Processing /usr/local/lib/python3.10/dist-packages/airflow/example_dags/example_branch_operator.py took 0.062 seconds
[2024-07-27T21:59:08.060+0700] {processor.py:161} INFO - Started process (PID=19051) to work on /usr/local/lib/python3.10/dist-packages/airflow/example_dags/example_branch_operator.py
[2024-07-27T21:59:08.062+0700] {processor.py:830} INFO - Processing file /usr/local/lib/python3.10/dist-packages/airflow/example_dags/example_branch_operator.py for tasks to queue
[2024-07-27T21:59:08.063+0700] {logging_mixin.py:188} INFO - [2024-07-27T21:59:08.062+0700] {dagbag.py:545} INFO - Filling up the DagBag from /usr/local/lib/python3.10/dist-packages/airflow/example_dags/example_branch_operator.py
[2024-07-27T21:59:08.107+0700] {processor.py:842} WARNING - No viable dags retrieved from /usr/local/lib/python3.10/dist-packages/airflow/example_dags/example_branch_operator.py
[2024-07-27T21:59:08.116+0700] {processor.py:183} INFO - Processing /usr/local/lib/python3.10/dist-packages/airflow/example_dags/example_branch_operator.py took 0.061 seconds
[2024-07-27T21:59:59.833+0700] {processor.py:161} INFO - Started process (PID=19576) to work on /usr/local/lib/python3.10/dist-packages/airflow/example_dags/example_branch_operator.py
[2024-07-27T21:59:59.835+0700] {processor.py:830} INFO - Processing file /usr/local/lib/python3.10/dist-packages/airflow/example_dags/example_branch_operator.py for tasks to queue
[2024-07-27T21:59:59.836+0700] {logging_mixin.py:188} INFO - [2024-07-27T21:59:59.836+0700] {dagbag.py:545} INFO - Filling up the DagBag from /usr/local/lib/python3.10/dist-packages/airflow/example_dags/example_branch_operator.py
[2024-07-27T21:59:59.900+0700] {processor.py:842} WARNING - No viable dags retrieved from /usr/local/lib/python3.10/dist-packages/airflow/example_dags/example_branch_operator.py
[2024-07-27T21:59:59.911+0700] {processor.py:183} INFO - Processing /usr/local/lib/python3.10/dist-packages/airflow/example_dags/example_branch_operator.py took 0.082 seconds
[2024-07-27T22:00:48.927+0700] {processor.py:161} INFO - Started process (PID=19959) to work on /usr/local/lib/python3.10/dist-packages/airflow/example_dags/example_branch_operator.py
[2024-07-27T22:00:48.928+0700] {processor.py:830} INFO - Processing file /usr/local/lib/python3.10/dist-packages/airflow/example_dags/example_branch_operator.py for tasks to queue
[2024-07-27T22:00:48.929+0700] {logging_mixin.py:188} INFO - [2024-07-27T22:00:48.929+0700] {dagbag.py:545} INFO - Filling up the DagBag from /usr/local/lib/python3.10/dist-packages/airflow/example_dags/example_branch_operator.py
[2024-07-27T22:00:49.000+0700] {processor.py:842} WARNING - No viable dags retrieved from /usr/local/lib/python3.10/dist-packages/airflow/example_dags/example_branch_operator.py
[2024-07-27T22:00:49.013+0700] {processor.py:183} INFO - Processing /usr/local/lib/python3.10/dist-packages/airflow/example_dags/example_branch_operator.py took 0.093 seconds
[2024-07-27T22:01:39.332+0700] {processor.py:161} INFO - Started process (PID=20351) to work on /usr/local/lib/python3.10/dist-packages/airflow/example_dags/example_branch_operator.py
[2024-07-27T22:01:39.333+0700] {processor.py:830} INFO - Processing file /usr/local/lib/python3.10/dist-packages/airflow/example_dags/example_branch_operator.py for tasks to queue
[2024-07-27T22:01:39.334+0700] {logging_mixin.py:188} INFO - [2024-07-27T22:01:39.334+0700] {dagbag.py:545} INFO - Filling up the DagBag from /usr/local/lib/python3.10/dist-packages/airflow/example_dags/example_branch_operator.py
[2024-07-27T22:01:39.398+0700] {processor.py:842} WARNING - No viable dags retrieved from /usr/local/lib/python3.10/dist-packages/airflow/example_dags/example_branch_operator.py
[2024-07-27T22:01:39.407+0700] {processor.py:183} INFO - Processing /usr/local/lib/python3.10/dist-packages/airflow/example_dags/example_branch_operator.py took 0.081 seconds
[2024-07-27T22:02:19.441+0700] {processor.py:161} INFO - Started process (PID=20805) to work on /usr/local/lib/python3.10/dist-packages/airflow/example_dags/example_branch_operator.py
[2024-07-27T22:02:19.443+0700] {processor.py:830} INFO - Processing file /usr/local/lib/python3.10/dist-packages/airflow/example_dags/example_branch_operator.py for tasks to queue
[2024-07-27T22:02:19.444+0700] {logging_mixin.py:188} INFO - [2024-07-27T22:02:19.444+0700] {dagbag.py:545} INFO - Filling up the DagBag from /usr/local/lib/python3.10/dist-packages/airflow/example_dags/example_branch_operator.py
[2024-07-27T22:02:19.483+0700] {processor.py:842} WARNING - No viable dags retrieved from /usr/local/lib/python3.10/dist-packages/airflow/example_dags/example_branch_operator.py
[2024-07-27T22:02:19.492+0700] {processor.py:183} INFO - Processing /usr/local/lib/python3.10/dist-packages/airflow/example_dags/example_branch_operator.py took 0.055 seconds
[2024-07-27T22:03:03.489+0700] {processor.py:161} INFO - Started process (PID=21247) to work on /usr/local/lib/python3.10/dist-packages/airflow/example_dags/example_branch_operator.py
[2024-07-27T22:03:03.491+0700] {processor.py:830} INFO - Processing file /usr/local/lib/python3.10/dist-packages/airflow/example_dags/example_branch_operator.py for tasks to queue
[2024-07-27T22:03:03.492+0700] {logging_mixin.py:188} INFO - [2024-07-27T22:03:03.491+0700] {dagbag.py:545} INFO - Filling up the DagBag from /usr/local/lib/python3.10/dist-packages/airflow/example_dags/example_branch_operator.py
[2024-07-27T22:03:03.549+0700] {processor.py:842} WARNING - No viable dags retrieved from /usr/local/lib/python3.10/dist-packages/airflow/example_dags/example_branch_operator.py
[2024-07-27T22:03:03.557+0700] {processor.py:183} INFO - Processing /usr/local/lib/python3.10/dist-packages/airflow/example_dags/example_branch_operator.py took 0.072 seconds
[2024-07-27T22:03:47.893+0700] {processor.py:161} INFO - Started process (PID=21598) to work on /usr/local/lib/python3.10/dist-packages/airflow/example_dags/example_branch_operator.py
[2024-07-27T22:03:47.895+0700] {processor.py:830} INFO - Processing file /usr/local/lib/python3.10/dist-packages/airflow/example_dags/example_branch_operator.py for tasks to queue
[2024-07-27T22:03:47.895+0700] {logging_mixin.py:188} INFO - [2024-07-27T22:03:47.895+0700] {dagbag.py:545} INFO - Filling up the DagBag from /usr/local/lib/python3.10/dist-packages/airflow/example_dags/example_branch_operator.py
[2024-07-27T22:03:47.933+0700] {processor.py:842} WARNING - No viable dags retrieved from /usr/local/lib/python3.10/dist-packages/airflow/example_dags/example_branch_operator.py
[2024-07-27T22:03:47.941+0700] {processor.py:183} INFO - Processing /usr/local/lib/python3.10/dist-packages/airflow/example_dags/example_branch_operator.py took 0.051 seconds
[2024-07-27T22:04:32.618+0700] {processor.py:161} INFO - Started process (PID=22134) to work on /usr/local/lib/python3.10/dist-packages/airflow/example_dags/example_branch_operator.py
[2024-07-27T22:04:32.620+0700] {processor.py:830} INFO - Processing file /usr/local/lib/python3.10/dist-packages/airflow/example_dags/example_branch_operator.py for tasks to queue
[2024-07-27T22:04:32.621+0700] {logging_mixin.py:188} INFO - [2024-07-27T22:04:32.620+0700] {dagbag.py:545} INFO - Filling up the DagBag from /usr/local/lib/python3.10/dist-packages/airflow/example_dags/example_branch_operator.py
[2024-07-27T22:04:32.666+0700] {processor.py:842} WARNING - No viable dags retrieved from /usr/local/lib/python3.10/dist-packages/airflow/example_dags/example_branch_operator.py
[2024-07-27T22:04:32.675+0700] {processor.py:183} INFO - Processing /usr/local/lib/python3.10/dist-packages/airflow/example_dags/example_branch_operator.py took 0.063 seconds
[2024-07-27T22:05:16.991+0700] {processor.py:161} INFO - Started process (PID=22578) to work on /usr/local/lib/python3.10/dist-packages/airflow/example_dags/example_branch_operator.py
[2024-07-27T22:05:16.993+0700] {processor.py:830} INFO - Processing file /usr/local/lib/python3.10/dist-packages/airflow/example_dags/example_branch_operator.py for tasks to queue
[2024-07-27T22:05:16.994+0700] {logging_mixin.py:188} INFO - [2024-07-27T22:05:16.994+0700] {dagbag.py:545} INFO - Filling up the DagBag from /usr/local/lib/python3.10/dist-packages/airflow/example_dags/example_branch_operator.py
[2024-07-27T22:05:17.040+0700] {processor.py:842} WARNING - No viable dags retrieved from /usr/local/lib/python3.10/dist-packages/airflow/example_dags/example_branch_operator.py
[2024-07-27T22:05:17.048+0700] {processor.py:183} INFO - Processing /usr/local/lib/python3.10/dist-packages/airflow/example_dags/example_branch_operator.py took 0.061 seconds
[2024-07-27T22:05:56.797+0700] {processor.py:161} INFO - Started process (PID=22954) to work on /usr/local/lib/python3.10/dist-packages/airflow/example_dags/example_branch_operator.py
[2024-07-27T22:05:56.799+0700] {processor.py:830} INFO - Processing file /usr/local/lib/python3.10/dist-packages/airflow/example_dags/example_branch_operator.py for tasks to queue
[2024-07-27T22:05:56.800+0700] {logging_mixin.py:188} INFO - [2024-07-27T22:05:56.800+0700] {dagbag.py:545} INFO - Filling up the DagBag from /usr/local/lib/python3.10/dist-packages/airflow/example_dags/example_branch_operator.py
[2024-07-27T22:05:56.852+0700] {processor.py:842} WARNING - No viable dags retrieved from /usr/local/lib/python3.10/dist-packages/airflow/example_dags/example_branch_operator.py
[2024-07-27T22:05:56.862+0700] {processor.py:183} INFO - Processing /usr/local/lib/python3.10/dist-packages/airflow/example_dags/example_branch_operator.py took 0.070 seconds
[2024-07-27T22:06:42.681+0700] {processor.py:161} INFO - Started process (PID=23587) to work on /usr/local/lib/python3.10/dist-packages/airflow/example_dags/example_branch_operator.py
[2024-07-27T22:06:42.684+0700] {processor.py:830} INFO - Processing file /usr/local/lib/python3.10/dist-packages/airflow/example_dags/example_branch_operator.py for tasks to queue
[2024-07-27T22:06:42.685+0700] {logging_mixin.py:188} INFO - [2024-07-27T22:06:42.685+0700] {dagbag.py:545} INFO - Filling up the DagBag from /usr/local/lib/python3.10/dist-packages/airflow/example_dags/example_branch_operator.py
[2024-07-27T22:06:42.738+0700] {processor.py:842} WARNING - No viable dags retrieved from /usr/local/lib/python3.10/dist-packages/airflow/example_dags/example_branch_operator.py
[2024-07-27T22:06:42.746+0700] {processor.py:183} INFO - Processing /usr/local/lib/python3.10/dist-packages/airflow/example_dags/example_branch_operator.py took 0.069 seconds
[2024-07-27T22:07:29.645+0700] {processor.py:161} INFO - Started process (PID=23959) to work on /usr/local/lib/python3.10/dist-packages/airflow/example_dags/example_branch_operator.py
[2024-07-27T22:07:29.646+0700] {processor.py:830} INFO - Processing file /usr/local/lib/python3.10/dist-packages/airflow/example_dags/example_branch_operator.py for tasks to queue
[2024-07-27T22:07:29.647+0700] {logging_mixin.py:188} INFO - [2024-07-27T22:07:29.647+0700] {dagbag.py:545} INFO - Filling up the DagBag from /usr/local/lib/python3.10/dist-packages/airflow/example_dags/example_branch_operator.py
[2024-07-27T22:07:29.712+0700] {processor.py:842} WARNING - No viable dags retrieved from /usr/local/lib/python3.10/dist-packages/airflow/example_dags/example_branch_operator.py
[2024-07-27T22:07:29.725+0700] {processor.py:183} INFO - Processing /usr/local/lib/python3.10/dist-packages/airflow/example_dags/example_branch_operator.py took 0.086 seconds
[2024-07-27T22:08:13.183+0700] {processor.py:161} INFO - Started process (PID=24432) to work on /usr/local/lib/python3.10/dist-packages/airflow/example_dags/example_branch_operator.py
[2024-07-27T22:08:13.185+0700] {processor.py:830} INFO - Processing file /usr/local/lib/python3.10/dist-packages/airflow/example_dags/example_branch_operator.py for tasks to queue
[2024-07-27T22:08:13.186+0700] {logging_mixin.py:188} INFO - [2024-07-27T22:08:13.186+0700] {dagbag.py:545} INFO - Filling up the DagBag from /usr/local/lib/python3.10/dist-packages/airflow/example_dags/example_branch_operator.py
[2024-07-27T22:08:13.223+0700] {processor.py:842} WARNING - No viable dags retrieved from /usr/local/lib/python3.10/dist-packages/airflow/example_dags/example_branch_operator.py
[2024-07-27T22:08:13.232+0700] {processor.py:183} INFO - Processing /usr/local/lib/python3.10/dist-packages/airflow/example_dags/example_branch_operator.py took 0.053 seconds
[2024-07-27T22:08:54.556+0700] {processor.py:161} INFO - Started process (PID=24951) to work on /usr/local/lib/python3.10/dist-packages/airflow/example_dags/example_branch_operator.py
[2024-07-27T22:08:54.558+0700] {processor.py:830} INFO - Processing file /usr/local/lib/python3.10/dist-packages/airflow/example_dags/example_branch_operator.py for tasks to queue
[2024-07-27T22:08:54.559+0700] {logging_mixin.py:188} INFO - [2024-07-27T22:08:54.558+0700] {dagbag.py:545} INFO - Filling up the DagBag from /usr/local/lib/python3.10/dist-packages/airflow/example_dags/example_branch_operator.py
[2024-07-27T22:08:54.622+0700] {processor.py:842} WARNING - No viable dags retrieved from /usr/local/lib/python3.10/dist-packages/airflow/example_dags/example_branch_operator.py
[2024-07-27T22:08:54.631+0700] {processor.py:183} INFO - Processing /usr/local/lib/python3.10/dist-packages/airflow/example_dags/example_branch_operator.py took 0.079 seconds
[2024-07-27T22:09:57.094+0700] {processor.py:161} INFO - Started process (PID=25491) to work on /usr/local/lib/python3.10/dist-packages/airflow/example_dags/example_branch_operator.py
[2024-07-27T22:09:57.096+0700] {processor.py:830} INFO - Processing file /usr/local/lib/python3.10/dist-packages/airflow/example_dags/example_branch_operator.py for tasks to queue
[2024-07-27T22:09:57.096+0700] {logging_mixin.py:188} INFO - [2024-07-27T22:09:57.096+0700] {dagbag.py:545} INFO - Filling up the DagBag from /usr/local/lib/python3.10/dist-packages/airflow/example_dags/example_branch_operator.py
[2024-07-27T22:09:57.143+0700] {processor.py:842} WARNING - No viable dags retrieved from /usr/local/lib/python3.10/dist-packages/airflow/example_dags/example_branch_operator.py
[2024-07-27T22:09:57.152+0700] {processor.py:183} INFO - Processing /usr/local/lib/python3.10/dist-packages/airflow/example_dags/example_branch_operator.py took 0.063 seconds
