[2024-07-27T18:30:09.931+0700] {processor.py:161} INFO - Started process (PID=1534) to work on /usr/local/lib/python3.10/dist-packages/airflow/example_dags/example_time_delta_sensor_async.py
[2024-07-27T18:30:09.932+0700] {processor.py:830} INFO - Processing file /usr/local/lib/python3.10/dist-packages/airflow/example_dags/example_time_delta_sensor_async.py for tasks to queue
[2024-07-27T18:30:09.933+0700] {logging_mixin.py:188} INFO - [2024-07-27T18:30:09.932+0700] {dagbag.py:545} INFO - Filling up the DagBag from /usr/local/lib/python3.10/dist-packages/airflow/example_dags/example_time_delta_sensor_async.py
[2024-07-27T18:30:09.936+0700] {processor.py:840} INFO - DAG(s) 'example_time_delta_sensor_async' retrieved from /usr/local/lib/python3.10/dist-packages/airflow/example_dags/example_time_delta_sensor_async.py
[2024-07-27T18:30:09.949+0700] {logging_mixin.py:188} INFO - [2024-07-27T18:30:09.948+0700] {dag.py:3089} INFO - Sync 1 DAGs
[2024-07-27T18:30:09.957+0700] {logging_mixin.py:188} INFO - [2024-07-27T18:30:09.956+0700] {dag.py:3947} INFO - Setting next_dagrun for example_time_delta_sensor_async to None, run_after=None
[2024-07-27T18:30:09.990+0700] {processor.py:183} INFO - Processing /usr/local/lib/python3.10/dist-packages/airflow/example_dags/example_time_delta_sensor_async.py took 0.063 seconds
[2024-07-27T21:32:39.698+0700] {processor.py:161} INFO - Started process (PID=1909) to work on /usr/local/lib/python3.10/dist-packages/airflow/example_dags/example_time_delta_sensor_async.py
[2024-07-27T21:32:39.701+0700] {processor.py:830} INFO - Processing file /usr/local/lib/python3.10/dist-packages/airflow/example_dags/example_time_delta_sensor_async.py for tasks to queue
[2024-07-27T21:32:39.702+0700] {logging_mixin.py:188} INFO - [2024-07-27T21:32:39.702+0700] {dagbag.py:545} INFO - Filling up the DagBag from /usr/local/lib/python3.10/dist-packages/airflow/example_dags/example_time_delta_sensor_async.py
[2024-07-27T21:32:39.706+0700] {processor.py:840} INFO - DAG(s) 'example_time_delta_sensor_async' retrieved from /usr/local/lib/python3.10/dist-packages/airflow/example_dags/example_time_delta_sensor_async.py
[2024-07-27T21:32:39.719+0700] {logging_mixin.py:188} INFO - [2024-07-27T21:32:39.718+0700] {dag.py:3089} INFO - Sync 1 DAGs
[2024-07-27T21:32:39.727+0700] {logging_mixin.py:188} INFO - [2024-07-27T21:32:39.726+0700] {dag.py:3947} INFO - Setting next_dagrun for example_time_delta_sensor_async to None, run_after=None
[2024-07-27T21:32:39.757+0700] {processor.py:183} INFO - Processing /usr/local/lib/python3.10/dist-packages/airflow/example_dags/example_time_delta_sensor_async.py took 0.063 seconds
[2024-07-27T21:33:47.142+0700] {processor.py:161} INFO - Started process (PID=2743) to work on /usr/local/lib/python3.10/dist-packages/airflow/example_dags/example_time_delta_sensor_async.py
[2024-07-27T21:33:47.144+0700] {processor.py:830} INFO - Processing file /usr/local/lib/python3.10/dist-packages/airflow/example_dags/example_time_delta_sensor_async.py for tasks to queue
[2024-07-27T21:33:47.145+0700] {logging_mixin.py:188} INFO - [2024-07-27T21:33:47.145+0700] {dagbag.py:545} INFO - Filling up the DagBag from /usr/local/lib/python3.10/dist-packages/airflow/example_dags/example_time_delta_sensor_async.py
[2024-07-27T21:33:47.149+0700] {processor.py:840} INFO - DAG(s) 'example_time_delta_sensor_async' retrieved from /usr/local/lib/python3.10/dist-packages/airflow/example_dags/example_time_delta_sensor_async.py
[2024-07-27T21:33:47.161+0700] {logging_mixin.py:188} INFO - [2024-07-27T21:33:47.161+0700] {dag.py:3089} INFO - Sync 1 DAGs
[2024-07-27T21:33:47.281+0700] {logging_mixin.py:188} INFO - [2024-07-27T21:33:47.280+0700] {dag.py:3947} INFO - Setting next_dagrun for example_time_delta_sensor_async to None, run_after=None
[2024-07-27T21:33:47.314+0700] {processor.py:183} INFO - Processing /usr/local/lib/python3.10/dist-packages/airflow/example_dags/example_time_delta_sensor_async.py took 0.176 seconds
[2024-07-27T21:34:39.182+0700] {processor.py:161} INFO - Started process (PID=3184) to work on /usr/local/lib/python3.10/dist-packages/airflow/example_dags/example_time_delta_sensor_async.py
[2024-07-27T21:34:39.184+0700] {processor.py:830} INFO - Processing file /usr/local/lib/python3.10/dist-packages/airflow/example_dags/example_time_delta_sensor_async.py for tasks to queue
[2024-07-27T21:34:39.186+0700] {logging_mixin.py:188} INFO - [2024-07-27T21:34:39.186+0700] {dagbag.py:545} INFO - Filling up the DagBag from /usr/local/lib/python3.10/dist-packages/airflow/example_dags/example_time_delta_sensor_async.py
[2024-07-27T21:34:39.191+0700] {processor.py:840} INFO - DAG(s) 'example_time_delta_sensor_async' retrieved from /usr/local/lib/python3.10/dist-packages/airflow/example_dags/example_time_delta_sensor_async.py
[2024-07-27T21:34:39.202+0700] {logging_mixin.py:188} INFO - [2024-07-27T21:34:39.202+0700] {dag.py:3089} INFO - Sync 1 DAGs
[2024-07-27T21:34:39.213+0700] {logging_mixin.py:188} INFO - [2024-07-27T21:34:39.213+0700] {dag.py:3947} INFO - Setting next_dagrun for example_time_delta_sensor_async to None, run_after=None
[2024-07-27T21:34:39.244+0700] {processor.py:183} INFO - Processing /usr/local/lib/python3.10/dist-packages/airflow/example_dags/example_time_delta_sensor_async.py took 0.066 seconds
[2024-07-27T21:35:44.379+0700] {processor.py:161} INFO - Started process (PID=3717) to work on /usr/local/lib/python3.10/dist-packages/airflow/example_dags/example_time_delta_sensor_async.py
[2024-07-27T21:35:44.381+0700] {processor.py:830} INFO - Processing file /usr/local/lib/python3.10/dist-packages/airflow/example_dags/example_time_delta_sensor_async.py for tasks to queue
[2024-07-27T21:35:44.384+0700] {logging_mixin.py:188} INFO - [2024-07-27T21:35:44.383+0700] {dagbag.py:545} INFO - Filling up the DagBag from /usr/local/lib/python3.10/dist-packages/airflow/example_dags/example_time_delta_sensor_async.py
[2024-07-27T21:35:44.392+0700] {processor.py:840} INFO - DAG(s) 'example_time_delta_sensor_async' retrieved from /usr/local/lib/python3.10/dist-packages/airflow/example_dags/example_time_delta_sensor_async.py
[2024-07-27T21:35:44.412+0700] {logging_mixin.py:188} INFO - [2024-07-27T21:35:44.411+0700] {dag.py:3089} INFO - Sync 1 DAGs
[2024-07-27T21:35:44.431+0700] {logging_mixin.py:188} INFO - [2024-07-27T21:35:44.431+0700] {dag.py:3947} INFO - Setting next_dagrun for example_time_delta_sensor_async to None, run_after=None
[2024-07-27T21:35:44.470+0700] {processor.py:183} INFO - Processing /usr/local/lib/python3.10/dist-packages/airflow/example_dags/example_time_delta_sensor_async.py took 0.098 seconds
[2024-07-27T21:36:47.513+0700] {processor.py:161} INFO - Started process (PID=4277) to work on /usr/local/lib/python3.10/dist-packages/airflow/example_dags/example_time_delta_sensor_async.py
[2024-07-27T21:36:47.515+0700] {processor.py:830} INFO - Processing file /usr/local/lib/python3.10/dist-packages/airflow/example_dags/example_time_delta_sensor_async.py for tasks to queue
[2024-07-27T21:36:47.517+0700] {logging_mixin.py:188} INFO - [2024-07-27T21:36:47.516+0700] {dagbag.py:545} INFO - Filling up the DagBag from /usr/local/lib/python3.10/dist-packages/airflow/example_dags/example_time_delta_sensor_async.py
[2024-07-27T21:36:47.520+0700] {processor.py:840} INFO - DAG(s) 'example_time_delta_sensor_async' retrieved from /usr/local/lib/python3.10/dist-packages/airflow/example_dags/example_time_delta_sensor_async.py
[2024-07-27T21:36:47.532+0700] {logging_mixin.py:188} INFO - [2024-07-27T21:36:47.531+0700] {dag.py:3089} INFO - Sync 1 DAGs
[2024-07-27T21:36:47.541+0700] {logging_mixin.py:188} INFO - [2024-07-27T21:36:47.541+0700] {dag.py:3947} INFO - Setting next_dagrun for example_time_delta_sensor_async to None, run_after=None
[2024-07-27T21:36:47.574+0700] {processor.py:183} INFO - Processing /usr/local/lib/python3.10/dist-packages/airflow/example_dags/example_time_delta_sensor_async.py took 0.066 seconds
[2024-07-27T21:37:50.540+0700] {processor.py:161} INFO - Started process (PID=4803) to work on /usr/local/lib/python3.10/dist-packages/airflow/example_dags/example_time_delta_sensor_async.py
[2024-07-27T21:37:50.543+0700] {processor.py:830} INFO - Processing file /usr/local/lib/python3.10/dist-packages/airflow/example_dags/example_time_delta_sensor_async.py for tasks to queue
[2024-07-27T21:37:50.544+0700] {logging_mixin.py:188} INFO - [2024-07-27T21:37:50.544+0700] {dagbag.py:545} INFO - Filling up the DagBag from /usr/local/lib/python3.10/dist-packages/airflow/example_dags/example_time_delta_sensor_async.py
[2024-07-27T21:37:50.548+0700] {processor.py:840} INFO - DAG(s) 'example_time_delta_sensor_async' retrieved from /usr/local/lib/python3.10/dist-packages/airflow/example_dags/example_time_delta_sensor_async.py
[2024-07-27T21:37:50.562+0700] {logging_mixin.py:188} INFO - [2024-07-27T21:37:50.561+0700] {dag.py:3089} INFO - Sync 1 DAGs
[2024-07-27T21:37:50.573+0700] {logging_mixin.py:188} INFO - [2024-07-27T21:37:50.573+0700] {dag.py:3947} INFO - Setting next_dagrun for example_time_delta_sensor_async to None, run_after=None
[2024-07-27T21:37:50.606+0700] {processor.py:183} INFO - Processing /usr/local/lib/python3.10/dist-packages/airflow/example_dags/example_time_delta_sensor_async.py took 0.070 seconds
[2024-07-27T21:39:01.507+0700] {processor.py:161} INFO - Started process (PID=5359) to work on /usr/local/lib/python3.10/dist-packages/airflow/example_dags/example_time_delta_sensor_async.py
[2024-07-27T21:39:01.508+0700] {processor.py:830} INFO - Processing file /usr/local/lib/python3.10/dist-packages/airflow/example_dags/example_time_delta_sensor_async.py for tasks to queue
[2024-07-27T21:39:01.510+0700] {logging_mixin.py:188} INFO - [2024-07-27T21:39:01.509+0700] {dagbag.py:545} INFO - Filling up the DagBag from /usr/local/lib/python3.10/dist-packages/airflow/example_dags/example_time_delta_sensor_async.py
[2024-07-27T21:39:01.515+0700] {processor.py:840} INFO - DAG(s) 'example_time_delta_sensor_async' retrieved from /usr/local/lib/python3.10/dist-packages/airflow/example_dags/example_time_delta_sensor_async.py
[2024-07-27T21:39:01.529+0700] {logging_mixin.py:188} INFO - [2024-07-27T21:39:01.529+0700] {dag.py:3089} INFO - Sync 1 DAGs
[2024-07-27T21:39:01.540+0700] {logging_mixin.py:188} INFO - [2024-07-27T21:39:01.539+0700] {dag.py:3947} INFO - Setting next_dagrun for example_time_delta_sensor_async to None, run_after=None
[2024-07-27T21:39:01.573+0700] {processor.py:183} INFO - Processing /usr/local/lib/python3.10/dist-packages/airflow/example_dags/example_time_delta_sensor_async.py took 0.071 seconds
[2024-07-27T21:40:06.498+0700] {processor.py:161} INFO - Started process (PID=6120) to work on /usr/local/lib/python3.10/dist-packages/airflow/example_dags/example_time_delta_sensor_async.py
[2024-07-27T21:40:06.500+0700] {processor.py:830} INFO - Processing file /usr/local/lib/python3.10/dist-packages/airflow/example_dags/example_time_delta_sensor_async.py for tasks to queue
[2024-07-27T21:40:06.500+0700] {logging_mixin.py:188} INFO - [2024-07-27T21:40:06.500+0700] {dagbag.py:545} INFO - Filling up the DagBag from /usr/local/lib/python3.10/dist-packages/airflow/example_dags/example_time_delta_sensor_async.py
[2024-07-27T21:40:06.504+0700] {processor.py:840} INFO - DAG(s) 'example_time_delta_sensor_async' retrieved from /usr/local/lib/python3.10/dist-packages/airflow/example_dags/example_time_delta_sensor_async.py
[2024-07-27T21:40:06.516+0700] {logging_mixin.py:188} INFO - [2024-07-27T21:40:06.516+0700] {dag.py:3089} INFO - Sync 1 DAGs
[2024-07-27T21:40:06.527+0700] {logging_mixin.py:188} INFO - [2024-07-27T21:40:06.527+0700] {dag.py:3947} INFO - Setting next_dagrun for example_time_delta_sensor_async to None, run_after=None
[2024-07-27T21:40:06.582+0700] {processor.py:183} INFO - Processing /usr/local/lib/python3.10/dist-packages/airflow/example_dags/example_time_delta_sensor_async.py took 0.088 seconds
[2024-07-27T21:41:08.674+0700] {processor.py:161} INFO - Started process (PID=6746) to work on /usr/local/lib/python3.10/dist-packages/airflow/example_dags/example_time_delta_sensor_async.py
[2024-07-27T21:41:08.676+0700] {processor.py:830} INFO - Processing file /usr/local/lib/python3.10/dist-packages/airflow/example_dags/example_time_delta_sensor_async.py for tasks to queue
[2024-07-27T21:41:08.677+0700] {logging_mixin.py:188} INFO - [2024-07-27T21:41:08.676+0700] {dagbag.py:545} INFO - Filling up the DagBag from /usr/local/lib/python3.10/dist-packages/airflow/example_dags/example_time_delta_sensor_async.py
[2024-07-27T21:41:08.680+0700] {processor.py:840} INFO - DAG(s) 'example_time_delta_sensor_async' retrieved from /usr/local/lib/python3.10/dist-packages/airflow/example_dags/example_time_delta_sensor_async.py
[2024-07-27T21:41:08.692+0700] {logging_mixin.py:188} INFO - [2024-07-27T21:41:08.691+0700] {dag.py:3089} INFO - Sync 1 DAGs
[2024-07-27T21:41:08.701+0700] {logging_mixin.py:188} INFO - [2024-07-27T21:41:08.700+0700] {dag.py:3947} INFO - Setting next_dagrun for example_time_delta_sensor_async to None, run_after=None
[2024-07-27T21:41:08.732+0700] {processor.py:183} INFO - Processing /usr/local/lib/python3.10/dist-packages/airflow/example_dags/example_time_delta_sensor_async.py took 0.063 seconds
[2024-07-27T21:44:52.567+0700] {processor.py:161} INFO - Started process (PID=9585) to work on /usr/local/lib/python3.10/dist-packages/airflow/example_dags/example_time_delta_sensor_async.py
[2024-07-27T21:44:52.569+0700] {processor.py:830} INFO - Processing file /usr/local/lib/python3.10/dist-packages/airflow/example_dags/example_time_delta_sensor_async.py for tasks to queue
[2024-07-27T21:44:52.570+0700] {logging_mixin.py:188} INFO - [2024-07-27T21:44:52.570+0700] {dagbag.py:545} INFO - Filling up the DagBag from /usr/local/lib/python3.10/dist-packages/airflow/example_dags/example_time_delta_sensor_async.py
[2024-07-27T21:44:52.574+0700] {processor.py:840} INFO - DAG(s) 'example_time_delta_sensor_async' retrieved from /usr/local/lib/python3.10/dist-packages/airflow/example_dags/example_time_delta_sensor_async.py
[2024-07-27T21:44:52.588+0700] {logging_mixin.py:188} INFO - [2024-07-27T21:44:52.588+0700] {dag.py:3089} INFO - Sync 1 DAGs
[2024-07-27T21:44:52.598+0700] {logging_mixin.py:188} INFO - [2024-07-27T21:44:52.597+0700] {dag.py:3947} INFO - Setting next_dagrun for example_time_delta_sensor_async to None, run_after=None
[2024-07-27T21:44:52.627+0700] {processor.py:183} INFO - Processing /usr/local/lib/python3.10/dist-packages/airflow/example_dags/example_time_delta_sensor_async.py took 0.064 seconds
[2024-07-27T21:45:43.402+0700] {processor.py:161} INFO - Started process (PID=10053) to work on /usr/local/lib/python3.10/dist-packages/airflow/example_dags/example_time_delta_sensor_async.py
[2024-07-27T21:45:43.405+0700] {processor.py:830} INFO - Processing file /usr/local/lib/python3.10/dist-packages/airflow/example_dags/example_time_delta_sensor_async.py for tasks to queue
[2024-07-27T21:45:43.406+0700] {logging_mixin.py:188} INFO - [2024-07-27T21:45:43.406+0700] {dagbag.py:545} INFO - Filling up the DagBag from /usr/local/lib/python3.10/dist-packages/airflow/example_dags/example_time_delta_sensor_async.py
[2024-07-27T21:45:43.410+0700] {processor.py:840} INFO - DAG(s) 'example_time_delta_sensor_async' retrieved from /usr/local/lib/python3.10/dist-packages/airflow/example_dags/example_time_delta_sensor_async.py
[2024-07-27T21:45:43.421+0700] {logging_mixin.py:188} INFO - [2024-07-27T21:45:43.421+0700] {dag.py:3089} INFO - Sync 1 DAGs
[2024-07-27T21:45:43.429+0700] {logging_mixin.py:188} INFO - [2024-07-27T21:45:43.429+0700] {dag.py:3947} INFO - Setting next_dagrun for example_time_delta_sensor_async to None, run_after=None
[2024-07-27T21:45:43.459+0700] {processor.py:183} INFO - Processing /usr/local/lib/python3.10/dist-packages/airflow/example_dags/example_time_delta_sensor_async.py took 0.061 seconds
[2024-07-27T21:48:50.148+0700] {processor.py:161} INFO - Started process (PID=12091) to work on /usr/local/lib/python3.10/dist-packages/airflow/example_dags/example_time_delta_sensor_async.py
[2024-07-27T21:48:50.149+0700] {processor.py:830} INFO - Processing file /usr/local/lib/python3.10/dist-packages/airflow/example_dags/example_time_delta_sensor_async.py for tasks to queue
[2024-07-27T21:48:50.150+0700] {logging_mixin.py:188} INFO - [2024-07-27T21:48:50.149+0700] {dagbag.py:545} INFO - Filling up the DagBag from /usr/local/lib/python3.10/dist-packages/airflow/example_dags/example_time_delta_sensor_async.py
[2024-07-27T21:48:50.154+0700] {processor.py:840} INFO - DAG(s) 'example_time_delta_sensor_async' retrieved from /usr/local/lib/python3.10/dist-packages/airflow/example_dags/example_time_delta_sensor_async.py
[2024-07-27T21:48:50.168+0700] {logging_mixin.py:188} INFO - [2024-07-27T21:48:50.168+0700] {dag.py:3089} INFO - Sync 1 DAGs
[2024-07-27T21:48:50.177+0700] {logging_mixin.py:188} INFO - [2024-07-27T21:48:50.176+0700] {dag.py:3947} INFO - Setting next_dagrun for example_time_delta_sensor_async to None, run_after=None
[2024-07-27T21:48:50.206+0700] {processor.py:183} INFO - Processing /usr/local/lib/python3.10/dist-packages/airflow/example_dags/example_time_delta_sensor_async.py took 0.063 seconds
[2024-07-27T21:49:50.752+0700] {processor.py:161} INFO - Started process (PID=12698) to work on /usr/local/lib/python3.10/dist-packages/airflow/example_dags/example_time_delta_sensor_async.py
[2024-07-27T21:49:50.754+0700] {processor.py:830} INFO - Processing file /usr/local/lib/python3.10/dist-packages/airflow/example_dags/example_time_delta_sensor_async.py for tasks to queue
[2024-07-27T21:49:50.754+0700] {logging_mixin.py:188} INFO - [2024-07-27T21:49:50.754+0700] {dagbag.py:545} INFO - Filling up the DagBag from /usr/local/lib/python3.10/dist-packages/airflow/example_dags/example_time_delta_sensor_async.py
[2024-07-27T21:49:50.758+0700] {processor.py:840} INFO - DAG(s) 'example_time_delta_sensor_async' retrieved from /usr/local/lib/python3.10/dist-packages/airflow/example_dags/example_time_delta_sensor_async.py
[2024-07-27T21:49:50.770+0700] {logging_mixin.py:188} INFO - [2024-07-27T21:49:50.770+0700] {dag.py:3089} INFO - Sync 1 DAGs
[2024-07-27T21:49:50.778+0700] {logging_mixin.py:188} INFO - [2024-07-27T21:49:50.777+0700] {dag.py:3947} INFO - Setting next_dagrun for example_time_delta_sensor_async to None, run_after=None
[2024-07-27T21:49:50.808+0700] {processor.py:183} INFO - Processing /usr/local/lib/python3.10/dist-packages/airflow/example_dags/example_time_delta_sensor_async.py took 0.060 seconds
[2024-07-27T21:50:48.821+0700] {processor.py:161} INFO - Started process (PID=13350) to work on /usr/local/lib/python3.10/dist-packages/airflow/example_dags/example_time_delta_sensor_async.py
[2024-07-27T21:50:48.824+0700] {processor.py:830} INFO - Processing file /usr/local/lib/python3.10/dist-packages/airflow/example_dags/example_time_delta_sensor_async.py for tasks to queue
[2024-07-27T21:50:48.824+0700] {logging_mixin.py:188} INFO - [2024-07-27T21:50:48.824+0700] {dagbag.py:545} INFO - Filling up the DagBag from /usr/local/lib/python3.10/dist-packages/airflow/example_dags/example_time_delta_sensor_async.py
[2024-07-27T21:50:48.828+0700] {processor.py:840} INFO - DAG(s) 'example_time_delta_sensor_async' retrieved from /usr/local/lib/python3.10/dist-packages/airflow/example_dags/example_time_delta_sensor_async.py
[2024-07-27T21:50:48.840+0700] {logging_mixin.py:188} INFO - [2024-07-27T21:50:48.839+0700] {dag.py:3089} INFO - Sync 1 DAGs
[2024-07-27T21:50:48.848+0700] {logging_mixin.py:188} INFO - [2024-07-27T21:50:48.848+0700] {dag.py:3947} INFO - Setting next_dagrun for example_time_delta_sensor_async to None, run_after=None
[2024-07-27T21:50:48.878+0700] {processor.py:183} INFO - Processing /usr/local/lib/python3.10/dist-packages/airflow/example_dags/example_time_delta_sensor_async.py took 0.061 seconds
[2024-07-27T21:51:54.648+0700] {processor.py:161} INFO - Started process (PID=13933) to work on /usr/local/lib/python3.10/dist-packages/airflow/example_dags/example_time_delta_sensor_async.py
[2024-07-27T21:51:54.650+0700] {processor.py:830} INFO - Processing file /usr/local/lib/python3.10/dist-packages/airflow/example_dags/example_time_delta_sensor_async.py for tasks to queue
[2024-07-27T21:51:54.651+0700] {logging_mixin.py:188} INFO - [2024-07-27T21:51:54.650+0700] {dagbag.py:545} INFO - Filling up the DagBag from /usr/local/lib/python3.10/dist-packages/airflow/example_dags/example_time_delta_sensor_async.py
[2024-07-27T21:51:54.657+0700] {processor.py:840} INFO - DAG(s) 'example_time_delta_sensor_async' retrieved from /usr/local/lib/python3.10/dist-packages/airflow/example_dags/example_time_delta_sensor_async.py
[2024-07-27T21:51:54.670+0700] {logging_mixin.py:188} INFO - [2024-07-27T21:51:54.670+0700] {dag.py:3089} INFO - Sync 1 DAGs
[2024-07-27T21:51:54.679+0700] {logging_mixin.py:188} INFO - [2024-07-27T21:51:54.679+0700] {dag.py:3947} INFO - Setting next_dagrun for example_time_delta_sensor_async to None, run_after=None
[2024-07-27T21:51:54.709+0700] {processor.py:183} INFO - Processing /usr/local/lib/python3.10/dist-packages/airflow/example_dags/example_time_delta_sensor_async.py took 0.065 seconds
[2024-07-27T21:55:15.883+0700] {processor.py:161} INFO - Started process (PID=16234) to work on /usr/local/lib/python3.10/dist-packages/airflow/example_dags/example_time_delta_sensor_async.py
[2024-07-27T21:55:15.885+0700] {processor.py:830} INFO - Processing file /usr/local/lib/python3.10/dist-packages/airflow/example_dags/example_time_delta_sensor_async.py for tasks to queue
[2024-07-27T21:55:15.886+0700] {logging_mixin.py:188} INFO - [2024-07-27T21:55:15.886+0700] {dagbag.py:545} INFO - Filling up the DagBag from /usr/local/lib/python3.10/dist-packages/airflow/example_dags/example_time_delta_sensor_async.py
[2024-07-27T21:55:15.890+0700] {processor.py:840} INFO - DAG(s) 'example_time_delta_sensor_async' retrieved from /usr/local/lib/python3.10/dist-packages/airflow/example_dags/example_time_delta_sensor_async.py
[2024-07-27T21:55:15.904+0700] {logging_mixin.py:188} INFO - [2024-07-27T21:55:15.904+0700] {dag.py:3089} INFO - Sync 1 DAGs
[2024-07-27T21:55:15.912+0700] {logging_mixin.py:188} INFO - [2024-07-27T21:55:15.912+0700] {dag.py:3947} INFO - Setting next_dagrun for example_time_delta_sensor_async to None, run_after=None
[2024-07-27T21:55:15.942+0700] {processor.py:183} INFO - Processing /usr/local/lib/python3.10/dist-packages/airflow/example_dags/example_time_delta_sensor_async.py took 0.063 seconds
[2024-07-27T21:58:39.930+0700] {processor.py:161} INFO - Started process (PID=18830) to work on /usr/local/lib/python3.10/dist-packages/airflow/example_dags/example_time_delta_sensor_async.py
[2024-07-27T21:58:39.932+0700] {processor.py:830} INFO - Processing file /usr/local/lib/python3.10/dist-packages/airflow/example_dags/example_time_delta_sensor_async.py for tasks to queue
[2024-07-27T21:58:39.933+0700] {logging_mixin.py:188} INFO - [2024-07-27T21:58:39.933+0700] {dagbag.py:545} INFO - Filling up the DagBag from /usr/local/lib/python3.10/dist-packages/airflow/example_dags/example_time_delta_sensor_async.py
[2024-07-27T21:58:39.937+0700] {processor.py:840} INFO - DAG(s) 'example_time_delta_sensor_async' retrieved from /usr/local/lib/python3.10/dist-packages/airflow/example_dags/example_time_delta_sensor_async.py
[2024-07-27T21:58:39.950+0700] {logging_mixin.py:188} INFO - [2024-07-27T21:58:39.950+0700] {dag.py:3089} INFO - Sync 1 DAGs
[2024-07-27T21:58:39.959+0700] {logging_mixin.py:188} INFO - [2024-07-27T21:58:39.959+0700] {dag.py:3947} INFO - Setting next_dagrun for example_time_delta_sensor_async to None, run_after=None
[2024-07-27T21:58:39.981+0700] {processor.py:183} INFO - Processing /usr/local/lib/python3.10/dist-packages/airflow/example_dags/example_time_delta_sensor_async.py took 0.056 seconds
[2024-07-27T21:59:45.831+0700] {processor.py:161} INFO - Started process (PID=19470) to work on /usr/local/lib/python3.10/dist-packages/airflow/example_dags/example_time_delta_sensor_async.py
[2024-07-27T21:59:45.833+0700] {processor.py:830} INFO - Processing file /usr/local/lib/python3.10/dist-packages/airflow/example_dags/example_time_delta_sensor_async.py for tasks to queue
[2024-07-27T21:59:45.834+0700] {logging_mixin.py:188} INFO - [2024-07-27T21:59:45.833+0700] {dagbag.py:545} INFO - Filling up the DagBag from /usr/local/lib/python3.10/dist-packages/airflow/example_dags/example_time_delta_sensor_async.py
[2024-07-27T21:59:45.838+0700] {processor.py:840} INFO - DAG(s) 'example_time_delta_sensor_async' retrieved from /usr/local/lib/python3.10/dist-packages/airflow/example_dags/example_time_delta_sensor_async.py
[2024-07-27T21:59:45.852+0700] {logging_mixin.py:188} INFO - [2024-07-27T21:59:45.852+0700] {dag.py:3089} INFO - Sync 1 DAGs
[2024-07-27T21:59:45.863+0700] {logging_mixin.py:188} INFO - [2024-07-27T21:59:45.863+0700] {dag.py:3947} INFO - Setting next_dagrun for example_time_delta_sensor_async to None, run_after=None
[2024-07-27T21:59:45.889+0700] {processor.py:183} INFO - Processing /usr/local/lib/python3.10/dist-packages/airflow/example_dags/example_time_delta_sensor_async.py took 0.062 seconds
[2024-07-27T22:00:59.078+0700] {processor.py:161} INFO - Started process (PID=20032) to work on /usr/local/lib/python3.10/dist-packages/airflow/example_dags/example_time_delta_sensor_async.py
[2024-07-27T22:00:59.080+0700] {processor.py:830} INFO - Processing file /usr/local/lib/python3.10/dist-packages/airflow/example_dags/example_time_delta_sensor_async.py for tasks to queue
[2024-07-27T22:00:59.080+0700] {logging_mixin.py:188} INFO - [2024-07-27T22:00:59.080+0700] {dagbag.py:545} INFO - Filling up the DagBag from /usr/local/lib/python3.10/dist-packages/airflow/example_dags/example_time_delta_sensor_async.py
[2024-07-27T22:00:59.089+0700] {processor.py:840} INFO - DAG(s) 'example_time_delta_sensor_async' retrieved from /usr/local/lib/python3.10/dist-packages/airflow/example_dags/example_time_delta_sensor_async.py
[2024-07-27T22:00:59.103+0700] {logging_mixin.py:188} INFO - [2024-07-27T22:00:59.103+0700] {dag.py:3089} INFO - Sync 1 DAGs
[2024-07-27T22:00:59.113+0700] {logging_mixin.py:188} INFO - [2024-07-27T22:00:59.113+0700] {dag.py:3947} INFO - Setting next_dagrun for example_time_delta_sensor_async to None, run_after=None
[2024-07-27T22:00:59.141+0700] {processor.py:183} INFO - Processing /usr/local/lib/python3.10/dist-packages/airflow/example_dags/example_time_delta_sensor_async.py took 0.068 seconds
[2024-07-27T22:01:50.215+0700] {processor.py:161} INFO - Started process (PID=20574) to work on /usr/local/lib/python3.10/dist-packages/airflow/example_dags/example_time_delta_sensor_async.py
[2024-07-27T22:01:50.217+0700] {processor.py:830} INFO - Processing file /usr/local/lib/python3.10/dist-packages/airflow/example_dags/example_time_delta_sensor_async.py for tasks to queue
[2024-07-27T22:01:50.218+0700] {logging_mixin.py:188} INFO - [2024-07-27T22:01:50.217+0700] {dagbag.py:545} INFO - Filling up the DagBag from /usr/local/lib/python3.10/dist-packages/airflow/example_dags/example_time_delta_sensor_async.py
[2024-07-27T22:01:50.221+0700] {processor.py:840} INFO - DAG(s) 'example_time_delta_sensor_async' retrieved from /usr/local/lib/python3.10/dist-packages/airflow/example_dags/example_time_delta_sensor_async.py
[2024-07-27T22:01:50.233+0700] {logging_mixin.py:188} INFO - [2024-07-27T22:01:50.232+0700] {dag.py:3089} INFO - Sync 1 DAGs
[2024-07-27T22:01:50.241+0700] {logging_mixin.py:188} INFO - [2024-07-27T22:01:50.241+0700] {dag.py:3947} INFO - Setting next_dagrun for example_time_delta_sensor_async to None, run_after=None
[2024-07-27T22:01:50.272+0700] {processor.py:183} INFO - Processing /usr/local/lib/python3.10/dist-packages/airflow/example_dags/example_time_delta_sensor_async.py took 0.062 seconds
[2024-07-27T22:02:52.018+0700] {processor.py:161} INFO - Started process (PID=21159) to work on /usr/local/lib/python3.10/dist-packages/airflow/example_dags/example_time_delta_sensor_async.py
[2024-07-27T22:02:52.020+0700] {processor.py:830} INFO - Processing file /usr/local/lib/python3.10/dist-packages/airflow/example_dags/example_time_delta_sensor_async.py for tasks to queue
[2024-07-27T22:02:52.021+0700] {logging_mixin.py:188} INFO - [2024-07-27T22:02:52.021+0700] {dagbag.py:545} INFO - Filling up the DagBag from /usr/local/lib/python3.10/dist-packages/airflow/example_dags/example_time_delta_sensor_async.py
[2024-07-27T22:02:52.025+0700] {processor.py:840} INFO - DAG(s) 'example_time_delta_sensor_async' retrieved from /usr/local/lib/python3.10/dist-packages/airflow/example_dags/example_time_delta_sensor_async.py
[2024-07-27T22:02:52.037+0700] {logging_mixin.py:188} INFO - [2024-07-27T22:02:52.036+0700] {dag.py:3089} INFO - Sync 1 DAGs
[2024-07-27T22:02:52.044+0700] {logging_mixin.py:188} INFO - [2024-07-27T22:02:52.044+0700] {dag.py:3947} INFO - Setting next_dagrun for example_time_delta_sensor_async to None, run_after=None
[2024-07-27T22:02:52.074+0700] {processor.py:183} INFO - Processing /usr/local/lib/python3.10/dist-packages/airflow/example_dags/example_time_delta_sensor_async.py took 0.061 seconds
[2024-07-27T22:03:56.659+0700] {processor.py:161} INFO - Started process (PID=21666) to work on /usr/local/lib/python3.10/dist-packages/airflow/example_dags/example_time_delta_sensor_async.py
[2024-07-27T22:03:56.660+0700] {processor.py:830} INFO - Processing file /usr/local/lib/python3.10/dist-packages/airflow/example_dags/example_time_delta_sensor_async.py for tasks to queue
[2024-07-27T22:03:56.661+0700] {logging_mixin.py:188} INFO - [2024-07-27T22:03:56.661+0700] {dagbag.py:545} INFO - Filling up the DagBag from /usr/local/lib/python3.10/dist-packages/airflow/example_dags/example_time_delta_sensor_async.py
[2024-07-27T22:03:56.665+0700] {processor.py:840} INFO - DAG(s) 'example_time_delta_sensor_async' retrieved from /usr/local/lib/python3.10/dist-packages/airflow/example_dags/example_time_delta_sensor_async.py
[2024-07-27T22:03:56.676+0700] {logging_mixin.py:188} INFO - [2024-07-27T22:03:56.676+0700] {dag.py:3089} INFO - Sync 1 DAGs
[2024-07-27T22:03:56.684+0700] {logging_mixin.py:188} INFO - [2024-07-27T22:03:56.684+0700] {dag.py:3947} INFO - Setting next_dagrun for example_time_delta_sensor_async to None, run_after=None
[2024-07-27T22:03:56.716+0700] {processor.py:183} INFO - Processing /usr/local/lib/python3.10/dist-packages/airflow/example_dags/example_time_delta_sensor_async.py took 0.061 seconds
[2024-07-27T22:05:03.243+0700] {processor.py:161} INFO - Started process (PID=22468) to work on /usr/local/lib/python3.10/dist-packages/airflow/example_dags/example_time_delta_sensor_async.py
[2024-07-27T22:05:03.245+0700] {processor.py:830} INFO - Processing file /usr/local/lib/python3.10/dist-packages/airflow/example_dags/example_time_delta_sensor_async.py for tasks to queue
[2024-07-27T22:05:03.246+0700] {logging_mixin.py:188} INFO - [2024-07-27T22:05:03.245+0700] {dagbag.py:545} INFO - Filling up the DagBag from /usr/local/lib/python3.10/dist-packages/airflow/example_dags/example_time_delta_sensor_async.py
[2024-07-27T22:05:03.249+0700] {processor.py:840} INFO - DAG(s) 'example_time_delta_sensor_async' retrieved from /usr/local/lib/python3.10/dist-packages/airflow/example_dags/example_time_delta_sensor_async.py
[2024-07-27T22:05:03.261+0700] {logging_mixin.py:188} INFO - [2024-07-27T22:05:03.261+0700] {dag.py:3089} INFO - Sync 1 DAGs
[2024-07-27T22:05:03.269+0700] {logging_mixin.py:188} INFO - [2024-07-27T22:05:03.269+0700] {dag.py:3947} INFO - Setting next_dagrun for example_time_delta_sensor_async to None, run_after=None
[2024-07-27T22:05:03.300+0700] {processor.py:183} INFO - Processing /usr/local/lib/python3.10/dist-packages/airflow/example_dags/example_time_delta_sensor_async.py took 0.062 seconds
[2024-07-27T22:06:04.813+0700] {processor.py:161} INFO - Started process (PID=23051) to work on /usr/local/lib/python3.10/dist-packages/airflow/example_dags/example_time_delta_sensor_async.py
[2024-07-27T22:06:04.814+0700] {processor.py:830} INFO - Processing file /usr/local/lib/python3.10/dist-packages/airflow/example_dags/example_time_delta_sensor_async.py for tasks to queue
[2024-07-27T22:06:04.815+0700] {logging_mixin.py:188} INFO - [2024-07-27T22:06:04.815+0700] {dagbag.py:545} INFO - Filling up the DagBag from /usr/local/lib/python3.10/dist-packages/airflow/example_dags/example_time_delta_sensor_async.py
[2024-07-27T22:06:04.820+0700] {processor.py:840} INFO - DAG(s) 'example_time_delta_sensor_async' retrieved from /usr/local/lib/python3.10/dist-packages/airflow/example_dags/example_time_delta_sensor_async.py
[2024-07-27T22:06:04.836+0700] {logging_mixin.py:188} INFO - [2024-07-27T22:06:04.836+0700] {dag.py:3089} INFO - Sync 1 DAGs
[2024-07-27T22:06:04.850+0700] {logging_mixin.py:188} INFO - [2024-07-27T22:06:04.850+0700] {dag.py:3947} INFO - Setting next_dagrun for example_time_delta_sensor_async to None, run_after=None
[2024-07-27T22:06:04.911+0700] {processor.py:183} INFO - Processing /usr/local/lib/python3.10/dist-packages/airflow/example_dags/example_time_delta_sensor_async.py took 0.103 seconds
[2024-07-27T22:07:15.749+0700] {processor.py:161} INFO - Started process (PID=23848) to work on /usr/local/lib/python3.10/dist-packages/airflow/example_dags/example_time_delta_sensor_async.py
[2024-07-27T22:07:15.752+0700] {processor.py:830} INFO - Processing file /usr/local/lib/python3.10/dist-packages/airflow/example_dags/example_time_delta_sensor_async.py for tasks to queue
[2024-07-27T22:07:15.753+0700] {logging_mixin.py:188} INFO - [2024-07-27T22:07:15.753+0700] {dagbag.py:545} INFO - Filling up the DagBag from /usr/local/lib/python3.10/dist-packages/airflow/example_dags/example_time_delta_sensor_async.py
[2024-07-27T22:07:15.756+0700] {processor.py:840} INFO - DAG(s) 'example_time_delta_sensor_async' retrieved from /usr/local/lib/python3.10/dist-packages/airflow/example_dags/example_time_delta_sensor_async.py
[2024-07-27T22:07:15.769+0700] {logging_mixin.py:188} INFO - [2024-07-27T22:07:15.768+0700] {dag.py:3089} INFO - Sync 1 DAGs
[2024-07-27T22:07:15.777+0700] {logging_mixin.py:188} INFO - [2024-07-27T22:07:15.777+0700] {dag.py:3947} INFO - Setting next_dagrun for example_time_delta_sensor_async to None, run_after=None
[2024-07-27T22:07:15.808+0700] {processor.py:183} INFO - Processing /usr/local/lib/python3.10/dist-packages/airflow/example_dags/example_time_delta_sensor_async.py took 0.064 seconds
[2024-07-27T22:08:19.736+0700] {processor.py:161} INFO - Started process (PID=24485) to work on /usr/local/lib/python3.10/dist-packages/airflow/example_dags/example_time_delta_sensor_async.py
[2024-07-27T22:08:19.737+0700] {processor.py:830} INFO - Processing file /usr/local/lib/python3.10/dist-packages/airflow/example_dags/example_time_delta_sensor_async.py for tasks to queue
[2024-07-27T22:08:19.738+0700] {logging_mixin.py:188} INFO - [2024-07-27T22:08:19.737+0700] {dagbag.py:545} INFO - Filling up the DagBag from /usr/local/lib/python3.10/dist-packages/airflow/example_dags/example_time_delta_sensor_async.py
[2024-07-27T22:08:19.742+0700] {processor.py:840} INFO - DAG(s) 'example_time_delta_sensor_async' retrieved from /usr/local/lib/python3.10/dist-packages/airflow/example_dags/example_time_delta_sensor_async.py
[2024-07-27T22:08:19.758+0700] {logging_mixin.py:188} INFO - [2024-07-27T22:08:19.758+0700] {dag.py:3089} INFO - Sync 1 DAGs
[2024-07-27T22:08:19.766+0700] {logging_mixin.py:188} INFO - [2024-07-27T22:08:19.766+0700] {dag.py:3947} INFO - Setting next_dagrun for example_time_delta_sensor_async to None, run_after=None
[2024-07-27T22:08:19.801+0700] {processor.py:183} INFO - Processing /usr/local/lib/python3.10/dist-packages/airflow/example_dags/example_time_delta_sensor_async.py took 0.070 seconds
[2024-07-27T22:09:20.295+0700] {processor.py:161} INFO - Started process (PID=25176) to work on /usr/local/lib/python3.10/dist-packages/airflow/example_dags/example_time_delta_sensor_async.py
[2024-07-27T22:09:20.297+0700] {processor.py:830} INFO - Processing file /usr/local/lib/python3.10/dist-packages/airflow/example_dags/example_time_delta_sensor_async.py for tasks to queue
[2024-07-27T22:09:20.297+0700] {logging_mixin.py:188} INFO - [2024-07-27T22:09:20.297+0700] {dagbag.py:545} INFO - Filling up the DagBag from /usr/local/lib/python3.10/dist-packages/airflow/example_dags/example_time_delta_sensor_async.py
[2024-07-27T22:09:20.301+0700] {processor.py:840} INFO - DAG(s) 'example_time_delta_sensor_async' retrieved from /usr/local/lib/python3.10/dist-packages/airflow/example_dags/example_time_delta_sensor_async.py
[2024-07-27T22:09:20.313+0700] {logging_mixin.py:188} INFO - [2024-07-27T22:09:20.313+0700] {dag.py:3089} INFO - Sync 1 DAGs
[2024-07-27T22:09:20.321+0700] {logging_mixin.py:188} INFO - [2024-07-27T22:09:20.321+0700] {dag.py:3947} INFO - Setting next_dagrun for example_time_delta_sensor_async to None, run_after=None
[2024-07-27T22:09:20.349+0700] {processor.py:183} INFO - Processing /usr/local/lib/python3.10/dist-packages/airflow/example_dags/example_time_delta_sensor_async.py took 0.058 seconds
[2024-07-27T22:10:27.429+0700] {processor.py:161} INFO - Started process (PID=25736) to work on /usr/local/lib/python3.10/dist-packages/airflow/example_dags/example_time_delta_sensor_async.py
[2024-07-27T22:10:27.430+0700] {processor.py:830} INFO - Processing file /usr/local/lib/python3.10/dist-packages/airflow/example_dags/example_time_delta_sensor_async.py for tasks to queue
[2024-07-27T22:10:27.432+0700] {logging_mixin.py:188} INFO - [2024-07-27T22:10:27.431+0700] {dagbag.py:545} INFO - Filling up the DagBag from /usr/local/lib/python3.10/dist-packages/airflow/example_dags/example_time_delta_sensor_async.py
[2024-07-27T22:10:27.432+0700] {processor.py:842} WARNING - No viable dags retrieved from /usr/local/lib/python3.10/dist-packages/airflow/example_dags/example_time_delta_sensor_async.py
[2024-07-27T22:10:27.440+0700] {processor.py:183} INFO - Processing /usr/local/lib/python3.10/dist-packages/airflow/example_dags/example_time_delta_sensor_async.py took 0.018 seconds
