[2024-07-27T18:29:50.505+0700] {processor.py:161} INFO - Started process (PID=1438) to work on /usr/local/lib/python3.10/dist-packages/airflow/example_dags/tutorial_objectstorage.py
[2024-07-27T18:29:50.506+0700] {processor.py:830} INFO - Processing file /usr/local/lib/python3.10/dist-packages/airflow/example_dags/tutorial_objectstorage.py for tasks to queue
[2024-07-27T18:29:50.507+0700] {logging_mixin.py:188} INFO - [2024-07-27T18:29:50.506+0700] {dagbag.py:545} INFO - Filling up the DagBag from /usr/local/lib/python3.10/dist-packages/airflow/example_dags/tutorial_objectstorage.py
[2024-07-27T18:29:50.512+0700] {processor.py:840} INFO - DAG(s) 'tutorial_objectstorage' retrieved from /usr/local/lib/python3.10/dist-packages/airflow/example_dags/tutorial_objectstorage.py
[2024-07-27T18:29:50.523+0700] {logging_mixin.py:188} INFO - [2024-07-27T18:29:50.523+0700] {dag.py:3089} INFO - Sync 1 DAGs
[2024-07-27T18:29:50.532+0700] {logging_mixin.py:188} INFO - [2024-07-27T18:29:50.531+0700] {dag.py:3947} INFO - Setting next_dagrun for tutorial_objectstorage to None, run_after=None
[2024-07-27T18:29:50.563+0700] {processor.py:183} INFO - Processing /usr/local/lib/python3.10/dist-packages/airflow/example_dags/tutorial_objectstorage.py took 0.062 seconds
[2024-07-27T21:32:19.792+0700] {processor.py:161} INFO - Started process (PID=1751) to work on /usr/local/lib/python3.10/dist-packages/airflow/example_dags/tutorial_objectstorage.py
[2024-07-27T21:32:19.793+0700] {processor.py:830} INFO - Processing file /usr/local/lib/python3.10/dist-packages/airflow/example_dags/tutorial_objectstorage.py for tasks to queue
[2024-07-27T21:32:19.794+0700] {logging_mixin.py:188} INFO - [2024-07-27T21:32:19.794+0700] {dagbag.py:545} INFO - Filling up the DagBag from /usr/local/lib/python3.10/dist-packages/airflow/example_dags/tutorial_objectstorage.py
[2024-07-27T21:32:19.800+0700] {processor.py:840} INFO - DAG(s) 'tutorial_objectstorage' retrieved from /usr/local/lib/python3.10/dist-packages/airflow/example_dags/tutorial_objectstorage.py
[2024-07-27T21:32:19.812+0700] {logging_mixin.py:188} INFO - [2024-07-27T21:32:19.812+0700] {dag.py:3089} INFO - Sync 1 DAGs
[2024-07-27T21:32:19.820+0700] {logging_mixin.py:188} INFO - [2024-07-27T21:32:19.820+0700] {dag.py:3947} INFO - Setting next_dagrun for tutorial_objectstorage to None, run_after=None
[2024-07-27T21:32:19.852+0700] {processor.py:183} INFO - Processing /usr/local/lib/python3.10/dist-packages/airflow/example_dags/tutorial_objectstorage.py took 0.065 seconds
[2024-07-27T21:33:09.182+0700] {processor.py:161} INFO - Started process (PID=2142) to work on /usr/local/lib/python3.10/dist-packages/airflow/example_dags/tutorial_objectstorage.py
[2024-07-27T21:33:09.185+0700] {processor.py:830} INFO - Processing file /usr/local/lib/python3.10/dist-packages/airflow/example_dags/tutorial_objectstorage.py for tasks to queue
[2024-07-27T21:33:09.186+0700] {logging_mixin.py:188} INFO - [2024-07-27T21:33:09.186+0700] {dagbag.py:545} INFO - Filling up the DagBag from /usr/local/lib/python3.10/dist-packages/airflow/example_dags/tutorial_objectstorage.py
[2024-07-27T21:33:09.191+0700] {processor.py:840} INFO - DAG(s) 'tutorial_objectstorage' retrieved from /usr/local/lib/python3.10/dist-packages/airflow/example_dags/tutorial_objectstorage.py
[2024-07-27T21:33:09.201+0700] {logging_mixin.py:188} INFO - [2024-07-27T21:33:09.201+0700] {dag.py:3089} INFO - Sync 1 DAGs
[2024-07-27T21:33:09.210+0700] {logging_mixin.py:188} INFO - [2024-07-27T21:33:09.210+0700] {dag.py:3947} INFO - Setting next_dagrun for tutorial_objectstorage to None, run_after=None
[2024-07-27T21:33:09.239+0700] {processor.py:183} INFO - Processing /usr/local/lib/python3.10/dist-packages/airflow/example_dags/tutorial_objectstorage.py took 0.061 seconds
[2024-07-27T21:34:05.772+0700] {processor.py:161} INFO - Started process (PID=2898) to work on /usr/local/lib/python3.10/dist-packages/airflow/example_dags/tutorial_objectstorage.py
[2024-07-27T21:34:05.774+0700] {processor.py:830} INFO - Processing file /usr/local/lib/python3.10/dist-packages/airflow/example_dags/tutorial_objectstorage.py for tasks to queue
[2024-07-27T21:34:05.775+0700] {logging_mixin.py:188} INFO - [2024-07-27T21:34:05.775+0700] {dagbag.py:545} INFO - Filling up the DagBag from /usr/local/lib/python3.10/dist-packages/airflow/example_dags/tutorial_objectstorage.py
[2024-07-27T21:34:05.782+0700] {processor.py:840} INFO - DAG(s) 'tutorial_objectstorage' retrieved from /usr/local/lib/python3.10/dist-packages/airflow/example_dags/tutorial_objectstorage.py
[2024-07-27T21:34:05.871+0700] {logging_mixin.py:188} INFO - [2024-07-27T21:34:05.871+0700] {dag.py:3089} INFO - Sync 1 DAGs
[2024-07-27T21:34:05.879+0700] {logging_mixin.py:188} INFO - [2024-07-27T21:34:05.879+0700] {dag.py:3947} INFO - Setting next_dagrun for tutorial_objectstorage to None, run_after=None
[2024-07-27T21:34:05.911+0700] {processor.py:183} INFO - Processing /usr/local/lib/python3.10/dist-packages/airflow/example_dags/tutorial_objectstorage.py took 0.143 seconds
[2024-07-27T21:34:53.568+0700] {processor.py:161} INFO - Started process (PID=3301) to work on /usr/local/lib/python3.10/dist-packages/airflow/example_dags/tutorial_objectstorage.py
[2024-07-27T21:34:53.571+0700] {processor.py:830} INFO - Processing file /usr/local/lib/python3.10/dist-packages/airflow/example_dags/tutorial_objectstorage.py for tasks to queue
[2024-07-27T21:34:53.572+0700] {logging_mixin.py:188} INFO - [2024-07-27T21:34:53.572+0700] {dagbag.py:545} INFO - Filling up the DagBag from /usr/local/lib/python3.10/dist-packages/airflow/example_dags/tutorial_objectstorage.py
[2024-07-27T21:34:53.578+0700] {processor.py:840} INFO - DAG(s) 'tutorial_objectstorage' retrieved from /usr/local/lib/python3.10/dist-packages/airflow/example_dags/tutorial_objectstorage.py
[2024-07-27T21:34:53.591+0700] {logging_mixin.py:188} INFO - [2024-07-27T21:34:53.591+0700] {dag.py:3089} INFO - Sync 1 DAGs
[2024-07-27T21:34:53.601+0700] {logging_mixin.py:188} INFO - [2024-07-27T21:34:53.601+0700] {dag.py:3947} INFO - Setting next_dagrun for tutorial_objectstorage to None, run_after=None
[2024-07-27T21:34:53.633+0700] {processor.py:183} INFO - Processing /usr/local/lib/python3.10/dist-packages/airflow/example_dags/tutorial_objectstorage.py took 0.069 seconds
[2024-07-27T21:35:36.547+0700] {processor.py:161} INFO - Started process (PID=3655) to work on /usr/local/lib/python3.10/dist-packages/airflow/example_dags/tutorial_objectstorage.py
[2024-07-27T21:35:36.549+0700] {processor.py:830} INFO - Processing file /usr/local/lib/python3.10/dist-packages/airflow/example_dags/tutorial_objectstorage.py for tasks to queue
[2024-07-27T21:35:36.550+0700] {logging_mixin.py:188} INFO - [2024-07-27T21:35:36.550+0700] {dagbag.py:545} INFO - Filling up the DagBag from /usr/local/lib/python3.10/dist-packages/airflow/example_dags/tutorial_objectstorage.py
[2024-07-27T21:35:36.557+0700] {processor.py:840} INFO - DAG(s) 'tutorial_objectstorage' retrieved from /usr/local/lib/python3.10/dist-packages/airflow/example_dags/tutorial_objectstorage.py
[2024-07-27T21:35:36.571+0700] {logging_mixin.py:188} INFO - [2024-07-27T21:35:36.571+0700] {dag.py:3089} INFO - Sync 1 DAGs
[2024-07-27T21:35:36.581+0700] {logging_mixin.py:188} INFO - [2024-07-27T21:35:36.581+0700] {dag.py:3947} INFO - Setting next_dagrun for tutorial_objectstorage to None, run_after=None
[2024-07-27T21:35:36.612+0700] {processor.py:183} INFO - Processing /usr/local/lib/python3.10/dist-packages/airflow/example_dags/tutorial_objectstorage.py took 0.071 seconds
[2024-07-27T21:36:20.583+0700] {processor.py:161} INFO - Started process (PID=4025) to work on /usr/local/lib/python3.10/dist-packages/airflow/example_dags/tutorial_objectstorage.py
[2024-07-27T21:36:20.585+0700] {processor.py:830} INFO - Processing file /usr/local/lib/python3.10/dist-packages/airflow/example_dags/tutorial_objectstorage.py for tasks to queue
[2024-07-27T21:36:20.587+0700] {logging_mixin.py:188} INFO - [2024-07-27T21:36:20.586+0700] {dagbag.py:545} INFO - Filling up the DagBag from /usr/local/lib/python3.10/dist-packages/airflow/example_dags/tutorial_objectstorage.py
[2024-07-27T21:36:20.593+0700] {processor.py:840} INFO - DAG(s) 'tutorial_objectstorage' retrieved from /usr/local/lib/python3.10/dist-packages/airflow/example_dags/tutorial_objectstorage.py
[2024-07-27T21:36:20.604+0700] {logging_mixin.py:188} INFO - [2024-07-27T21:36:20.603+0700] {dag.py:3089} INFO - Sync 1 DAGs
[2024-07-27T21:36:20.614+0700] {logging_mixin.py:188} INFO - [2024-07-27T21:36:20.613+0700] {dag.py:3947} INFO - Setting next_dagrun for tutorial_objectstorage to None, run_after=None
[2024-07-27T21:36:20.643+0700] {processor.py:183} INFO - Processing /usr/local/lib/python3.10/dist-packages/airflow/example_dags/tutorial_objectstorage.py took 0.065 seconds
[2024-07-27T21:37:21.353+0700] {processor.py:161} INFO - Started process (PID=4574) to work on /usr/local/lib/python3.10/dist-packages/airflow/example_dags/tutorial_objectstorage.py
[2024-07-27T21:37:21.355+0700] {processor.py:830} INFO - Processing file /usr/local/lib/python3.10/dist-packages/airflow/example_dags/tutorial_objectstorage.py for tasks to queue
[2024-07-27T21:37:21.356+0700] {logging_mixin.py:188} INFO - [2024-07-27T21:37:21.356+0700] {dagbag.py:545} INFO - Filling up the DagBag from /usr/local/lib/python3.10/dist-packages/airflow/example_dags/tutorial_objectstorage.py
[2024-07-27T21:37:21.362+0700] {processor.py:840} INFO - DAG(s) 'tutorial_objectstorage' retrieved from /usr/local/lib/python3.10/dist-packages/airflow/example_dags/tutorial_objectstorage.py
[2024-07-27T21:37:21.373+0700] {logging_mixin.py:188} INFO - [2024-07-27T21:37:21.373+0700] {dag.py:3089} INFO - Sync 1 DAGs
[2024-07-27T21:37:21.382+0700] {logging_mixin.py:188} INFO - [2024-07-27T21:37:21.382+0700] {dag.py:3947} INFO - Setting next_dagrun for tutorial_objectstorage to None, run_after=None
[2024-07-27T21:37:21.412+0700] {processor.py:183} INFO - Processing /usr/local/lib/python3.10/dist-packages/airflow/example_dags/tutorial_objectstorage.py took 0.078 seconds
[2024-07-27T21:38:06.016+0700] {processor.py:161} INFO - Started process (PID=4920) to work on /usr/local/lib/python3.10/dist-packages/airflow/example_dags/tutorial_objectstorage.py
[2024-07-27T21:38:06.021+0700] {processor.py:830} INFO - Processing file /usr/local/lib/python3.10/dist-packages/airflow/example_dags/tutorial_objectstorage.py for tasks to queue
[2024-07-27T21:38:06.022+0700] {logging_mixin.py:188} INFO - [2024-07-27T21:38:06.021+0700] {dagbag.py:545} INFO - Filling up the DagBag from /usr/local/lib/python3.10/dist-packages/airflow/example_dags/tutorial_objectstorage.py
[2024-07-27T21:38:06.030+0700] {processor.py:840} INFO - DAG(s) 'tutorial_objectstorage' retrieved from /usr/local/lib/python3.10/dist-packages/airflow/example_dags/tutorial_objectstorage.py
[2024-07-27T21:38:06.044+0700] {logging_mixin.py:188} INFO - [2024-07-27T21:38:06.044+0700] {dag.py:3089} INFO - Sync 1 DAGs
[2024-07-27T21:38:06.056+0700] {logging_mixin.py:188} INFO - [2024-07-27T21:38:06.056+0700] {dag.py:3947} INFO - Setting next_dagrun for tutorial_objectstorage to None, run_after=None
[2024-07-27T21:38:06.087+0700] {processor.py:183} INFO - Processing /usr/local/lib/python3.10/dist-packages/airflow/example_dags/tutorial_objectstorage.py took 0.076 seconds
[2024-07-27T21:38:53.639+0700] {processor.py:161} INFO - Started process (PID=5295) to work on /usr/local/lib/python3.10/dist-packages/airflow/example_dags/tutorial_objectstorage.py
[2024-07-27T21:38:53.640+0700] {processor.py:830} INFO - Processing file /usr/local/lib/python3.10/dist-packages/airflow/example_dags/tutorial_objectstorage.py for tasks to queue
[2024-07-27T21:38:53.641+0700] {logging_mixin.py:188} INFO - [2024-07-27T21:38:53.641+0700] {dagbag.py:545} INFO - Filling up the DagBag from /usr/local/lib/python3.10/dist-packages/airflow/example_dags/tutorial_objectstorage.py
[2024-07-27T21:38:53.647+0700] {processor.py:840} INFO - DAG(s) 'tutorial_objectstorage' retrieved from /usr/local/lib/python3.10/dist-packages/airflow/example_dags/tutorial_objectstorage.py
[2024-07-27T21:38:53.658+0700] {logging_mixin.py:188} INFO - [2024-07-27T21:38:53.658+0700] {dag.py:3089} INFO - Sync 1 DAGs
[2024-07-27T21:38:53.667+0700] {logging_mixin.py:188} INFO - [2024-07-27T21:38:53.667+0700] {dag.py:3947} INFO - Setting next_dagrun for tutorial_objectstorage to None, run_after=None
[2024-07-27T21:38:53.697+0700] {processor.py:183} INFO - Processing /usr/local/lib/python3.10/dist-packages/airflow/example_dags/tutorial_objectstorage.py took 0.063 seconds
[2024-07-27T21:39:39.007+0700] {processor.py:161} INFO - Started process (PID=5823) to work on /usr/local/lib/python3.10/dist-packages/airflow/example_dags/tutorial_objectstorage.py
[2024-07-27T21:39:39.008+0700] {processor.py:830} INFO - Processing file /usr/local/lib/python3.10/dist-packages/airflow/example_dags/tutorial_objectstorage.py for tasks to queue
[2024-07-27T21:39:39.009+0700] {logging_mixin.py:188} INFO - [2024-07-27T21:39:39.009+0700] {dagbag.py:545} INFO - Filling up the DagBag from /usr/local/lib/python3.10/dist-packages/airflow/example_dags/tutorial_objectstorage.py
[2024-07-27T21:39:39.015+0700] {processor.py:840} INFO - DAG(s) 'tutorial_objectstorage' retrieved from /usr/local/lib/python3.10/dist-packages/airflow/example_dags/tutorial_objectstorage.py
[2024-07-27T21:39:39.027+0700] {logging_mixin.py:188} INFO - [2024-07-27T21:39:39.027+0700] {dag.py:3089} INFO - Sync 1 DAGs
[2024-07-27T21:39:39.038+0700] {logging_mixin.py:188} INFO - [2024-07-27T21:39:39.038+0700] {dag.py:3947} INFO - Setting next_dagrun for tutorial_objectstorage to None, run_after=None
[2024-07-27T21:39:39.071+0700] {processor.py:183} INFO - Processing /usr/local/lib/python3.10/dist-packages/airflow/example_dags/tutorial_objectstorage.py took 0.068 seconds
[2024-07-27T21:40:20.236+0700] {processor.py:161} INFO - Started process (PID=6290) to work on /usr/local/lib/python3.10/dist-packages/airflow/example_dags/tutorial_objectstorage.py
[2024-07-27T21:40:20.238+0700] {processor.py:830} INFO - Processing file /usr/local/lib/python3.10/dist-packages/airflow/example_dags/tutorial_objectstorage.py for tasks to queue
[2024-07-27T21:40:20.239+0700] {logging_mixin.py:188} INFO - [2024-07-27T21:40:20.239+0700] {dagbag.py:545} INFO - Filling up the DagBag from /usr/local/lib/python3.10/dist-packages/airflow/example_dags/tutorial_objectstorage.py
[2024-07-27T21:40:20.245+0700] {processor.py:840} INFO - DAG(s) 'tutorial_objectstorage' retrieved from /usr/local/lib/python3.10/dist-packages/airflow/example_dags/tutorial_objectstorage.py
[2024-07-27T21:40:20.257+0700] {logging_mixin.py:188} INFO - [2024-07-27T21:40:20.257+0700] {dag.py:3089} INFO - Sync 1 DAGs
[2024-07-27T21:40:20.267+0700] {logging_mixin.py:188} INFO - [2024-07-27T21:40:20.267+0700] {dag.py:3947} INFO - Setting next_dagrun for tutorial_objectstorage to None, run_after=None
[2024-07-27T21:40:20.297+0700] {processor.py:183} INFO - Processing /usr/local/lib/python3.10/dist-packages/airflow/example_dags/tutorial_objectstorage.py took 0.066 seconds
[2024-07-27T21:41:02.407+0700] {processor.py:161} INFO - Started process (PID=6698) to work on /usr/local/lib/python3.10/dist-packages/airflow/example_dags/tutorial_objectstorage.py
[2024-07-27T21:41:02.408+0700] {processor.py:830} INFO - Processing file /usr/local/lib/python3.10/dist-packages/airflow/example_dags/tutorial_objectstorage.py for tasks to queue
[2024-07-27T21:41:02.409+0700] {logging_mixin.py:188} INFO - [2024-07-27T21:41:02.409+0700] {dagbag.py:545} INFO - Filling up the DagBag from /usr/local/lib/python3.10/dist-packages/airflow/example_dags/tutorial_objectstorage.py
[2024-07-27T21:41:02.418+0700] {processor.py:840} INFO - DAG(s) 'tutorial_objectstorage' retrieved from /usr/local/lib/python3.10/dist-packages/airflow/example_dags/tutorial_objectstorage.py
[2024-07-27T21:41:02.432+0700] {logging_mixin.py:188} INFO - [2024-07-27T21:41:02.431+0700] {dag.py:3089} INFO - Sync 1 DAGs
[2024-07-27T21:41:02.443+0700] {logging_mixin.py:188} INFO - [2024-07-27T21:41:02.442+0700] {dag.py:3947} INFO - Setting next_dagrun for tutorial_objectstorage to None, run_after=None
[2024-07-27T21:41:02.478+0700] {processor.py:183} INFO - Processing /usr/local/lib/python3.10/dist-packages/airflow/example_dags/tutorial_objectstorage.py took 0.075 seconds
[2024-07-27T21:41:45.481+0700] {processor.py:161} INFO - Started process (PID=7227) to work on /usr/local/lib/python3.10/dist-packages/airflow/example_dags/tutorial_objectstorage.py
[2024-07-27T21:41:45.483+0700] {processor.py:830} INFO - Processing file /usr/local/lib/python3.10/dist-packages/airflow/example_dags/tutorial_objectstorage.py for tasks to queue
[2024-07-27T21:41:45.484+0700] {logging_mixin.py:188} INFO - [2024-07-27T21:41:45.484+0700] {dagbag.py:545} INFO - Filling up the DagBag from /usr/local/lib/python3.10/dist-packages/airflow/example_dags/tutorial_objectstorage.py
[2024-07-27T21:41:45.491+0700] {processor.py:840} INFO - DAG(s) 'tutorial_objectstorage' retrieved from /usr/local/lib/python3.10/dist-packages/airflow/example_dags/tutorial_objectstorage.py
[2024-07-27T21:41:45.506+0700] {logging_mixin.py:188} INFO - [2024-07-27T21:41:45.505+0700] {dag.py:3089} INFO - Sync 1 DAGs
[2024-07-27T21:41:45.516+0700] {logging_mixin.py:188} INFO - [2024-07-27T21:41:45.516+0700] {dag.py:3947} INFO - Setting next_dagrun for tutorial_objectstorage to None, run_after=None
[2024-07-27T21:41:45.547+0700] {processor.py:183} INFO - Processing /usr/local/lib/python3.10/dist-packages/airflow/example_dags/tutorial_objectstorage.py took 0.072 seconds
[2024-07-27T21:44:32.887+0700] {processor.py:161} INFO - Started process (PID=9428) to work on /usr/local/lib/python3.10/dist-packages/airflow/example_dags/tutorial_objectstorage.py
[2024-07-27T21:44:32.889+0700] {processor.py:830} INFO - Processing file /usr/local/lib/python3.10/dist-packages/airflow/example_dags/tutorial_objectstorage.py for tasks to queue
[2024-07-27T21:44:32.890+0700] {logging_mixin.py:188} INFO - [2024-07-27T21:44:32.889+0700] {dagbag.py:545} INFO - Filling up the DagBag from /usr/local/lib/python3.10/dist-packages/airflow/example_dags/tutorial_objectstorage.py
[2024-07-27T21:44:32.896+0700] {processor.py:840} INFO - DAG(s) 'tutorial_objectstorage' retrieved from /usr/local/lib/python3.10/dist-packages/airflow/example_dags/tutorial_objectstorage.py
[2024-07-27T21:44:32.911+0700] {logging_mixin.py:188} INFO - [2024-07-27T21:44:32.911+0700] {dag.py:3089} INFO - Sync 1 DAGs
[2024-07-27T21:44:32.920+0700] {logging_mixin.py:188} INFO - [2024-07-27T21:44:32.920+0700] {dag.py:3947} INFO - Setting next_dagrun for tutorial_objectstorage to None, run_after=None
[2024-07-27T21:44:32.956+0700] {processor.py:183} INFO - Processing /usr/local/lib/python3.10/dist-packages/airflow/example_dags/tutorial_objectstorage.py took 0.073 seconds
[2024-07-27T21:45:24.504+0700] {processor.py:161} INFO - Started process (PID=9904) to work on /usr/local/lib/python3.10/dist-packages/airflow/example_dags/tutorial_objectstorage.py
[2024-07-27T21:45:24.505+0700] {processor.py:830} INFO - Processing file /usr/local/lib/python3.10/dist-packages/airflow/example_dags/tutorial_objectstorage.py for tasks to queue
[2024-07-27T21:45:24.506+0700] {logging_mixin.py:188} INFO - [2024-07-27T21:45:24.506+0700] {dagbag.py:545} INFO - Filling up the DagBag from /usr/local/lib/python3.10/dist-packages/airflow/example_dags/tutorial_objectstorage.py
[2024-07-27T21:45:24.512+0700] {processor.py:840} INFO - DAG(s) 'tutorial_objectstorage' retrieved from /usr/local/lib/python3.10/dist-packages/airflow/example_dags/tutorial_objectstorage.py
[2024-07-27T21:45:24.523+0700] {logging_mixin.py:188} INFO - [2024-07-27T21:45:24.523+0700] {dag.py:3089} INFO - Sync 1 DAGs
[2024-07-27T21:45:24.531+0700] {logging_mixin.py:188} INFO - [2024-07-27T21:45:24.531+0700] {dag.py:3947} INFO - Setting next_dagrun for tutorial_objectstorage to None, run_after=None
[2024-07-27T21:45:24.563+0700] {processor.py:183} INFO - Processing /usr/local/lib/python3.10/dist-packages/airflow/example_dags/tutorial_objectstorage.py took 0.063 seconds
[2024-07-27T21:48:30.488+0700] {processor.py:161} INFO - Started process (PID=11937) to work on /usr/local/lib/python3.10/dist-packages/airflow/example_dags/tutorial_objectstorage.py
[2024-07-27T21:48:30.489+0700] {processor.py:830} INFO - Processing file /usr/local/lib/python3.10/dist-packages/airflow/example_dags/tutorial_objectstorage.py for tasks to queue
[2024-07-27T21:48:30.490+0700] {logging_mixin.py:188} INFO - [2024-07-27T21:48:30.490+0700] {dagbag.py:545} INFO - Filling up the DagBag from /usr/local/lib/python3.10/dist-packages/airflow/example_dags/tutorial_objectstorage.py
[2024-07-27T21:48:30.496+0700] {processor.py:840} INFO - DAG(s) 'tutorial_objectstorage' retrieved from /usr/local/lib/python3.10/dist-packages/airflow/example_dags/tutorial_objectstorage.py
[2024-07-27T21:48:30.508+0700] {logging_mixin.py:188} INFO - [2024-07-27T21:48:30.508+0700] {dag.py:3089} INFO - Sync 1 DAGs
[2024-07-27T21:48:30.518+0700] {logging_mixin.py:188} INFO - [2024-07-27T21:48:30.518+0700] {dag.py:3947} INFO - Setting next_dagrun for tutorial_objectstorage to None, run_after=None
[2024-07-27T21:48:30.549+0700] {processor.py:183} INFO - Processing /usr/local/lib/python3.10/dist-packages/airflow/example_dags/tutorial_objectstorage.py took 0.066 seconds
[2024-07-27T21:49:20.972+0700] {processor.py:161} INFO - Started process (PID=12460) to work on /usr/local/lib/python3.10/dist-packages/airflow/example_dags/tutorial_objectstorage.py
[2024-07-27T21:49:20.976+0700] {processor.py:830} INFO - Processing file /usr/local/lib/python3.10/dist-packages/airflow/example_dags/tutorial_objectstorage.py for tasks to queue
[2024-07-27T21:49:20.977+0700] {logging_mixin.py:188} INFO - [2024-07-27T21:49:20.977+0700] {dagbag.py:545} INFO - Filling up the DagBag from /usr/local/lib/python3.10/dist-packages/airflow/example_dags/tutorial_objectstorage.py
[2024-07-27T21:49:20.985+0700] {processor.py:840} INFO - DAG(s) 'tutorial_objectstorage' retrieved from /usr/local/lib/python3.10/dist-packages/airflow/example_dags/tutorial_objectstorage.py
[2024-07-27T21:49:21.000+0700] {logging_mixin.py:188} INFO - [2024-07-27T21:49:20.999+0700] {dag.py:3089} INFO - Sync 1 DAGs
[2024-07-27T21:49:21.008+0700] {logging_mixin.py:188} INFO - [2024-07-27T21:49:21.008+0700] {dag.py:3947} INFO - Setting next_dagrun for tutorial_objectstorage to None, run_after=None
[2024-07-27T21:49:21.038+0700] {processor.py:183} INFO - Processing /usr/local/lib/python3.10/dist-packages/airflow/example_dags/tutorial_objectstorage.py took 0.076 seconds
[2024-07-27T21:50:10.387+0700] {processor.py:161} INFO - Started process (PID=12915) to work on /usr/local/lib/python3.10/dist-packages/airflow/example_dags/tutorial_objectstorage.py
[2024-07-27T21:50:10.389+0700] {processor.py:830} INFO - Processing file /usr/local/lib/python3.10/dist-packages/airflow/example_dags/tutorial_objectstorage.py for tasks to queue
[2024-07-27T21:50:10.390+0700] {logging_mixin.py:188} INFO - [2024-07-27T21:50:10.390+0700] {dagbag.py:545} INFO - Filling up the DagBag from /usr/local/lib/python3.10/dist-packages/airflow/example_dags/tutorial_objectstorage.py
[2024-07-27T21:50:10.396+0700] {processor.py:840} INFO - DAG(s) 'tutorial_objectstorage' retrieved from /usr/local/lib/python3.10/dist-packages/airflow/example_dags/tutorial_objectstorage.py
[2024-07-27T21:50:10.409+0700] {logging_mixin.py:188} INFO - [2024-07-27T21:50:10.409+0700] {dag.py:3089} INFO - Sync 1 DAGs
[2024-07-27T21:50:10.419+0700] {logging_mixin.py:188} INFO - [2024-07-27T21:50:10.419+0700] {dag.py:3947} INFO - Setting next_dagrun for tutorial_objectstorage to None, run_after=None
[2024-07-27T21:50:10.449+0700] {processor.py:183} INFO - Processing /usr/local/lib/python3.10/dist-packages/airflow/example_dags/tutorial_objectstorage.py took 0.066 seconds
[2024-07-27T21:51:10.178+0700] {processor.py:161} INFO - Started process (PID=13517) to work on /usr/local/lib/python3.10/dist-packages/airflow/example_dags/tutorial_objectstorage.py
[2024-07-27T21:51:10.183+0700] {processor.py:830} INFO - Processing file /usr/local/lib/python3.10/dist-packages/airflow/example_dags/tutorial_objectstorage.py for tasks to queue
[2024-07-27T21:51:10.184+0700] {logging_mixin.py:188} INFO - [2024-07-27T21:51:10.184+0700] {dagbag.py:545} INFO - Filling up the DagBag from /usr/local/lib/python3.10/dist-packages/airflow/example_dags/tutorial_objectstorage.py
[2024-07-27T21:51:10.190+0700] {processor.py:840} INFO - DAG(s) 'tutorial_objectstorage' retrieved from /usr/local/lib/python3.10/dist-packages/airflow/example_dags/tutorial_objectstorage.py
[2024-07-27T21:51:10.202+0700] {logging_mixin.py:188} INFO - [2024-07-27T21:51:10.202+0700] {dag.py:3089} INFO - Sync 1 DAGs
[2024-07-27T21:51:10.210+0700] {logging_mixin.py:188} INFO - [2024-07-27T21:51:10.209+0700] {dag.py:3947} INFO - Setting next_dagrun for tutorial_objectstorage to None, run_after=None
[2024-07-27T21:51:10.239+0700] {processor.py:183} INFO - Processing /usr/local/lib/python3.10/dist-packages/airflow/example_dags/tutorial_objectstorage.py took 0.066 seconds
[2024-07-27T21:52:10.962+0700] {processor.py:161} INFO - Started process (PID=14120) to work on /usr/local/lib/python3.10/dist-packages/airflow/example_dags/tutorial_objectstorage.py
[2024-07-27T21:52:10.965+0700] {processor.py:830} INFO - Processing file /usr/local/lib/python3.10/dist-packages/airflow/example_dags/tutorial_objectstorage.py for tasks to queue
[2024-07-27T21:52:10.966+0700] {logging_mixin.py:188} INFO - [2024-07-27T21:52:10.966+0700] {dagbag.py:545} INFO - Filling up the DagBag from /usr/local/lib/python3.10/dist-packages/airflow/example_dags/tutorial_objectstorage.py
[2024-07-27T21:52:10.972+0700] {processor.py:840} INFO - DAG(s) 'tutorial_objectstorage' retrieved from /usr/local/lib/python3.10/dist-packages/airflow/example_dags/tutorial_objectstorage.py
[2024-07-27T21:52:10.985+0700] {logging_mixin.py:188} INFO - [2024-07-27T21:52:10.984+0700] {dag.py:3089} INFO - Sync 1 DAGs
[2024-07-27T21:52:10.994+0700] {logging_mixin.py:188} INFO - [2024-07-27T21:52:10.993+0700] {dag.py:3947} INFO - Setting next_dagrun for tutorial_objectstorage to None, run_after=None
[2024-07-27T21:52:11.023+0700] {processor.py:183} INFO - Processing /usr/local/lib/python3.10/dist-packages/airflow/example_dags/tutorial_objectstorage.py took 0.065 seconds
[2024-07-27T21:54:56.974+0700] {processor.py:161} INFO - Started process (PID=16014) to work on /usr/local/lib/python3.10/dist-packages/airflow/example_dags/tutorial_objectstorage.py
[2024-07-27T21:54:56.976+0700] {processor.py:830} INFO - Processing file /usr/local/lib/python3.10/dist-packages/airflow/example_dags/tutorial_objectstorage.py for tasks to queue
[2024-07-27T21:54:56.977+0700] {logging_mixin.py:188} INFO - [2024-07-27T21:54:56.977+0700] {dagbag.py:545} INFO - Filling up the DagBag from /usr/local/lib/python3.10/dist-packages/airflow/example_dags/tutorial_objectstorage.py
[2024-07-27T21:54:56.983+0700] {processor.py:840} INFO - DAG(s) 'tutorial_objectstorage' retrieved from /usr/local/lib/python3.10/dist-packages/airflow/example_dags/tutorial_objectstorage.py
[2024-07-27T21:54:56.998+0700] {logging_mixin.py:188} INFO - [2024-07-27T21:54:56.997+0700] {dag.py:3089} INFO - Sync 1 DAGs
[2024-07-27T21:54:57.008+0700] {logging_mixin.py:188} INFO - [2024-07-27T21:54:57.008+0700] {dag.py:3947} INFO - Setting next_dagrun for tutorial_objectstorage to None, run_after=None
[2024-07-27T21:54:57.041+0700] {processor.py:183} INFO - Processing /usr/local/lib/python3.10/dist-packages/airflow/example_dags/tutorial_objectstorage.py took 0.071 seconds
[2024-07-27T21:58:19.152+0700] {processor.py:161} INFO - Started process (PID=18669) to work on /usr/local/lib/python3.10/dist-packages/airflow/example_dags/tutorial_objectstorage.py
[2024-07-27T21:58:19.154+0700] {processor.py:830} INFO - Processing file /usr/local/lib/python3.10/dist-packages/airflow/example_dags/tutorial_objectstorage.py for tasks to queue
[2024-07-27T21:58:19.155+0700] {logging_mixin.py:188} INFO - [2024-07-27T21:58:19.155+0700] {dagbag.py:545} INFO - Filling up the DagBag from /usr/local/lib/python3.10/dist-packages/airflow/example_dags/tutorial_objectstorage.py
[2024-07-27T21:58:19.161+0700] {processor.py:840} INFO - DAG(s) 'tutorial_objectstorage' retrieved from /usr/local/lib/python3.10/dist-packages/airflow/example_dags/tutorial_objectstorage.py
[2024-07-27T21:58:19.176+0700] {logging_mixin.py:188} INFO - [2024-07-27T21:58:19.176+0700] {dag.py:3089} INFO - Sync 1 DAGs
[2024-07-27T21:58:19.184+0700] {logging_mixin.py:188} INFO - [2024-07-27T21:58:19.184+0700] {dag.py:3947} INFO - Setting next_dagrun for tutorial_objectstorage to None, run_after=None
[2024-07-27T21:58:19.214+0700] {processor.py:183} INFO - Processing /usr/local/lib/python3.10/dist-packages/airflow/example_dags/tutorial_objectstorage.py took 0.066 seconds
[2024-07-27T21:59:10.800+0700] {processor.py:161} INFO - Started process (PID=19074) to work on /usr/local/lib/python3.10/dist-packages/airflow/example_dags/tutorial_objectstorage.py
[2024-07-27T21:59:10.803+0700] {processor.py:830} INFO - Processing file /usr/local/lib/python3.10/dist-packages/airflow/example_dags/tutorial_objectstorage.py for tasks to queue
[2024-07-27T21:59:10.803+0700] {logging_mixin.py:188} INFO - [2024-07-27T21:59:10.803+0700] {dagbag.py:545} INFO - Filling up the DagBag from /usr/local/lib/python3.10/dist-packages/airflow/example_dags/tutorial_objectstorage.py
[2024-07-27T21:59:10.809+0700] {processor.py:840} INFO - DAG(s) 'tutorial_objectstorage' retrieved from /usr/local/lib/python3.10/dist-packages/airflow/example_dags/tutorial_objectstorage.py
[2024-07-27T21:59:10.820+0700] {logging_mixin.py:188} INFO - [2024-07-27T21:59:10.820+0700] {dag.py:3089} INFO - Sync 1 DAGs
[2024-07-27T21:59:10.829+0700] {logging_mixin.py:188} INFO - [2024-07-27T21:59:10.828+0700] {dag.py:3947} INFO - Setting next_dagrun for tutorial_objectstorage to None, run_after=None
[2024-07-27T21:59:10.849+0700] {processor.py:183} INFO - Processing /usr/local/lib/python3.10/dist-packages/airflow/example_dags/tutorial_objectstorage.py took 0.053 seconds
[2024-07-27T22:00:02.472+0700] {processor.py:161} INFO - Started process (PID=19602) to work on /usr/local/lib/python3.10/dist-packages/airflow/example_dags/tutorial_objectstorage.py
[2024-07-27T22:00:02.476+0700] {processor.py:830} INFO - Processing file /usr/local/lib/python3.10/dist-packages/airflow/example_dags/tutorial_objectstorage.py for tasks to queue
[2024-07-27T22:00:02.477+0700] {logging_mixin.py:188} INFO - [2024-07-27T22:00:02.476+0700] {dagbag.py:545} INFO - Filling up the DagBag from /usr/local/lib/python3.10/dist-packages/airflow/example_dags/tutorial_objectstorage.py
[2024-07-27T22:00:02.484+0700] {processor.py:840} INFO - DAG(s) 'tutorial_objectstorage' retrieved from /usr/local/lib/python3.10/dist-packages/airflow/example_dags/tutorial_objectstorage.py
[2024-07-27T22:00:02.499+0700] {logging_mixin.py:188} INFO - [2024-07-27T22:00:02.499+0700] {dag.py:3089} INFO - Sync 1 DAGs
[2024-07-27T22:00:02.508+0700] {logging_mixin.py:188} INFO - [2024-07-27T22:00:02.508+0700] {dag.py:3947} INFO - Setting next_dagrun for tutorial_objectstorage to None, run_after=None
[2024-07-27T22:00:02.540+0700] {processor.py:183} INFO - Processing /usr/local/lib/python3.10/dist-packages/airflow/example_dags/tutorial_objectstorage.py took 0.074 seconds
[2024-07-27T22:00:52.500+0700] {processor.py:161} INFO - Started process (PID=19982) to work on /usr/local/lib/python3.10/dist-packages/airflow/example_dags/tutorial_objectstorage.py
[2024-07-27T22:00:52.501+0700] {processor.py:830} INFO - Processing file /usr/local/lib/python3.10/dist-packages/airflow/example_dags/tutorial_objectstorage.py for tasks to queue
[2024-07-27T22:00:52.503+0700] {logging_mixin.py:188} INFO - [2024-07-27T22:00:52.502+0700] {dagbag.py:545} INFO - Filling up the DagBag from /usr/local/lib/python3.10/dist-packages/airflow/example_dags/tutorial_objectstorage.py
[2024-07-27T22:00:52.513+0700] {processor.py:840} INFO - DAG(s) 'tutorial_objectstorage' retrieved from /usr/local/lib/python3.10/dist-packages/airflow/example_dags/tutorial_objectstorage.py
[2024-07-27T22:00:52.527+0700] {logging_mixin.py:188} INFO - [2024-07-27T22:00:52.526+0700] {dag.py:3089} INFO - Sync 1 DAGs
[2024-07-27T22:00:52.541+0700] {logging_mixin.py:188} INFO - [2024-07-27T22:00:52.540+0700] {dag.py:3947} INFO - Setting next_dagrun for tutorial_objectstorage to None, run_after=None
[2024-07-27T22:00:52.571+0700] {processor.py:183} INFO - Processing /usr/local/lib/python3.10/dist-packages/airflow/example_dags/tutorial_objectstorage.py took 0.077 seconds
[2024-07-27T22:01:41.068+0700] {processor.py:161} INFO - Started process (PID=20361) to work on /usr/local/lib/python3.10/dist-packages/airflow/example_dags/tutorial_objectstorage.py
[2024-07-27T22:01:41.070+0700] {processor.py:830} INFO - Processing file /usr/local/lib/python3.10/dist-packages/airflow/example_dags/tutorial_objectstorage.py for tasks to queue
[2024-07-27T22:01:41.070+0700] {logging_mixin.py:188} INFO - [2024-07-27T22:01:41.070+0700] {dagbag.py:545} INFO - Filling up the DagBag from /usr/local/lib/python3.10/dist-packages/airflow/example_dags/tutorial_objectstorage.py
[2024-07-27T22:01:41.083+0700] {processor.py:840} INFO - DAG(s) 'tutorial_objectstorage' retrieved from /usr/local/lib/python3.10/dist-packages/airflow/example_dags/tutorial_objectstorage.py
[2024-07-27T22:01:41.102+0700] {logging_mixin.py:188} INFO - [2024-07-27T22:01:41.102+0700] {dag.py:3089} INFO - Sync 1 DAGs
[2024-07-27T22:01:41.115+0700] {logging_mixin.py:188} INFO - [2024-07-27T22:01:41.115+0700] {dag.py:3947} INFO - Setting next_dagrun for tutorial_objectstorage to None, run_after=None
[2024-07-27T22:01:41.149+0700] {processor.py:183} INFO - Processing /usr/local/lib/python3.10/dist-packages/airflow/example_dags/tutorial_objectstorage.py took 0.085 seconds
[2024-07-27T22:02:22.316+0700] {processor.py:161} INFO - Started process (PID=20825) to work on /usr/local/lib/python3.10/dist-packages/airflow/example_dags/tutorial_objectstorage.py
[2024-07-27T22:02:22.319+0700] {processor.py:830} INFO - Processing file /usr/local/lib/python3.10/dist-packages/airflow/example_dags/tutorial_objectstorage.py for tasks to queue
[2024-07-27T22:02:22.319+0700] {logging_mixin.py:188} INFO - [2024-07-27T22:02:22.319+0700] {dagbag.py:545} INFO - Filling up the DagBag from /usr/local/lib/python3.10/dist-packages/airflow/example_dags/tutorial_objectstorage.py
[2024-07-27T22:02:22.325+0700] {processor.py:840} INFO - DAG(s) 'tutorial_objectstorage' retrieved from /usr/local/lib/python3.10/dist-packages/airflow/example_dags/tutorial_objectstorage.py
[2024-07-27T22:02:22.338+0700] {logging_mixin.py:188} INFO - [2024-07-27T22:02:22.338+0700] {dag.py:3089} INFO - Sync 1 DAGs
[2024-07-27T22:02:22.347+0700] {logging_mixin.py:188} INFO - [2024-07-27T22:02:22.346+0700] {dag.py:3947} INFO - Setting next_dagrun for tutorial_objectstorage to None, run_after=None
[2024-07-27T22:02:22.376+0700] {processor.py:183} INFO - Processing /usr/local/lib/python3.10/dist-packages/airflow/example_dags/tutorial_objectstorage.py took 0.064 seconds
[2024-07-27T22:03:06.997+0700] {processor.py:161} INFO - Started process (PID=21276) to work on /usr/local/lib/python3.10/dist-packages/airflow/example_dags/tutorial_objectstorage.py
[2024-07-27T22:03:06.998+0700] {processor.py:830} INFO - Processing file /usr/local/lib/python3.10/dist-packages/airflow/example_dags/tutorial_objectstorage.py for tasks to queue
[2024-07-27T22:03:06.999+0700] {logging_mixin.py:188} INFO - [2024-07-27T22:03:06.999+0700] {dagbag.py:545} INFO - Filling up the DagBag from /usr/local/lib/python3.10/dist-packages/airflow/example_dags/tutorial_objectstorage.py
[2024-07-27T22:03:07.004+0700] {processor.py:840} INFO - DAG(s) 'tutorial_objectstorage' retrieved from /usr/local/lib/python3.10/dist-packages/airflow/example_dags/tutorial_objectstorage.py
[2024-07-27T22:03:07.016+0700] {logging_mixin.py:188} INFO - [2024-07-27T22:03:07.016+0700] {dag.py:3089} INFO - Sync 1 DAGs
[2024-07-27T22:03:07.024+0700] {logging_mixin.py:188} INFO - [2024-07-27T22:03:07.024+0700] {dag.py:3947} INFO - Setting next_dagrun for tutorial_objectstorage to None, run_after=None
[2024-07-27T22:03:07.053+0700] {processor.py:183} INFO - Processing /usr/local/lib/python3.10/dist-packages/airflow/example_dags/tutorial_objectstorage.py took 0.061 seconds
[2024-07-27T22:03:51.262+0700] {processor.py:161} INFO - Started process (PID=21620) to work on /usr/local/lib/python3.10/dist-packages/airflow/example_dags/tutorial_objectstorage.py
[2024-07-27T22:03:51.265+0700] {processor.py:830} INFO - Processing file /usr/local/lib/python3.10/dist-packages/airflow/example_dags/tutorial_objectstorage.py for tasks to queue
[2024-07-27T22:03:51.266+0700] {logging_mixin.py:188} INFO - [2024-07-27T22:03:51.265+0700] {dagbag.py:545} INFO - Filling up the DagBag from /usr/local/lib/python3.10/dist-packages/airflow/example_dags/tutorial_objectstorage.py
[2024-07-27T22:03:51.272+0700] {processor.py:840} INFO - DAG(s) 'tutorial_objectstorage' retrieved from /usr/local/lib/python3.10/dist-packages/airflow/example_dags/tutorial_objectstorage.py
[2024-07-27T22:03:51.283+0700] {logging_mixin.py:188} INFO - [2024-07-27T22:03:51.283+0700] {dag.py:3089} INFO - Sync 1 DAGs
[2024-07-27T22:03:51.292+0700] {logging_mixin.py:188} INFO - [2024-07-27T22:03:51.291+0700] {dag.py:3947} INFO - Setting next_dagrun for tutorial_objectstorage to None, run_after=None
[2024-07-27T22:03:51.321+0700] {processor.py:183} INFO - Processing /usr/local/lib/python3.10/dist-packages/airflow/example_dags/tutorial_objectstorage.py took 0.063 seconds
[2024-07-27T22:04:52.930+0700] {processor.py:161} INFO - Started process (PID=22384) to work on /usr/local/lib/python3.10/dist-packages/airflow/example_dags/tutorial_objectstorage.py
[2024-07-27T22:04:52.932+0700] {processor.py:830} INFO - Processing file /usr/local/lib/python3.10/dist-packages/airflow/example_dags/tutorial_objectstorage.py for tasks to queue
[2024-07-27T22:04:52.933+0700] {logging_mixin.py:188} INFO - [2024-07-27T22:04:52.932+0700] {dagbag.py:545} INFO - Filling up the DagBag from /usr/local/lib/python3.10/dist-packages/airflow/example_dags/tutorial_objectstorage.py
[2024-07-27T22:04:52.938+0700] {processor.py:840} INFO - DAG(s) 'tutorial_objectstorage' retrieved from /usr/local/lib/python3.10/dist-packages/airflow/example_dags/tutorial_objectstorage.py
[2024-07-27T22:04:52.950+0700] {logging_mixin.py:188} INFO - [2024-07-27T22:04:52.950+0700] {dag.py:3089} INFO - Sync 1 DAGs
[2024-07-27T22:04:52.959+0700] {logging_mixin.py:188} INFO - [2024-07-27T22:04:52.959+0700] {dag.py:3947} INFO - Setting next_dagrun for tutorial_objectstorage to None, run_after=None
[2024-07-27T22:04:52.991+0700] {processor.py:183} INFO - Processing /usr/local/lib/python3.10/dist-packages/airflow/example_dags/tutorial_objectstorage.py took 0.065 seconds
[2024-07-27T22:05:37.825+0700] {processor.py:161} INFO - Started process (PID=22741) to work on /usr/local/lib/python3.10/dist-packages/airflow/example_dags/tutorial_objectstorage.py
[2024-07-27T22:05:37.828+0700] {processor.py:830} INFO - Processing file /usr/local/lib/python3.10/dist-packages/airflow/example_dags/tutorial_objectstorage.py for tasks to queue
[2024-07-27T22:05:37.829+0700] {logging_mixin.py:188} INFO - [2024-07-27T22:05:37.829+0700] {dagbag.py:545} INFO - Filling up the DagBag from /usr/local/lib/python3.10/dist-packages/airflow/example_dags/tutorial_objectstorage.py
[2024-07-27T22:05:37.835+0700] {processor.py:840} INFO - DAG(s) 'tutorial_objectstorage' retrieved from /usr/local/lib/python3.10/dist-packages/airflow/example_dags/tutorial_objectstorage.py
[2024-07-27T22:05:37.848+0700] {logging_mixin.py:188} INFO - [2024-07-27T22:05:37.847+0700] {dag.py:3089} INFO - Sync 1 DAGs
[2024-07-27T22:05:37.857+0700] {logging_mixin.py:188} INFO - [2024-07-27T22:05:37.857+0700] {dag.py:3947} INFO - Setting next_dagrun for tutorial_objectstorage to None, run_after=None
[2024-07-27T22:05:37.886+0700] {processor.py:183} INFO - Processing /usr/local/lib/python3.10/dist-packages/airflow/example_dags/tutorial_objectstorage.py took 0.066 seconds
[2024-07-27T22:06:44.432+0700] {processor.py:161} INFO - Started process (PID=23602) to work on /usr/local/lib/python3.10/dist-packages/airflow/example_dags/tutorial_objectstorage.py
[2024-07-27T22:06:44.435+0700] {processor.py:830} INFO - Processing file /usr/local/lib/python3.10/dist-packages/airflow/example_dags/tutorial_objectstorage.py for tasks to queue
[2024-07-27T22:06:44.436+0700] {logging_mixin.py:188} INFO - [2024-07-27T22:06:44.436+0700] {dagbag.py:545} INFO - Filling up the DagBag from /usr/local/lib/python3.10/dist-packages/airflow/example_dags/tutorial_objectstorage.py
[2024-07-27T22:06:44.442+0700] {processor.py:840} INFO - DAG(s) 'tutorial_objectstorage' retrieved from /usr/local/lib/python3.10/dist-packages/airflow/example_dags/tutorial_objectstorage.py
[2024-07-27T22:06:44.455+0700] {logging_mixin.py:188} INFO - [2024-07-27T22:06:44.454+0700] {dag.py:3089} INFO - Sync 1 DAGs
[2024-07-27T22:06:44.464+0700] {logging_mixin.py:188} INFO - [2024-07-27T22:06:44.464+0700] {dag.py:3947} INFO - Setting next_dagrun for tutorial_objectstorage to None, run_after=None
[2024-07-27T22:06:44.492+0700] {processor.py:183} INFO - Processing /usr/local/lib/python3.10/dist-packages/airflow/example_dags/tutorial_objectstorage.py took 0.065 seconds
[2024-07-27T22:07:31.940+0700] {processor.py:161} INFO - Started process (PID=23976) to work on /usr/local/lib/python3.10/dist-packages/airflow/example_dags/tutorial_objectstorage.py
[2024-07-27T22:07:31.942+0700] {processor.py:830} INFO - Processing file /usr/local/lib/python3.10/dist-packages/airflow/example_dags/tutorial_objectstorage.py for tasks to queue
[2024-07-27T22:07:31.942+0700] {logging_mixin.py:188} INFO - [2024-07-27T22:07:31.942+0700] {dagbag.py:545} INFO - Filling up the DagBag from /usr/local/lib/python3.10/dist-packages/airflow/example_dags/tutorial_objectstorage.py
[2024-07-27T22:07:31.947+0700] {processor.py:840} INFO - DAG(s) 'tutorial_objectstorage' retrieved from /usr/local/lib/python3.10/dist-packages/airflow/example_dags/tutorial_objectstorage.py
[2024-07-27T22:07:31.960+0700] {logging_mixin.py:188} INFO - [2024-07-27T22:07:31.959+0700] {dag.py:3089} INFO - Sync 1 DAGs
[2024-07-27T22:07:31.968+0700] {logging_mixin.py:188} INFO - [2024-07-27T22:07:31.968+0700] {dag.py:3947} INFO - Setting next_dagrun for tutorial_objectstorage to None, run_after=None
[2024-07-27T22:07:31.998+0700] {processor.py:183} INFO - Processing /usr/local/lib/python3.10/dist-packages/airflow/example_dags/tutorial_objectstorage.py took 0.063 seconds
[2024-07-27T22:08:34.892+0700] {processor.py:161} INFO - Started process (PID=24695) to work on /usr/local/lib/python3.10/dist-packages/airflow/example_dags/tutorial_objectstorage.py
[2024-07-27T22:08:34.894+0700] {processor.py:830} INFO - Processing file /usr/local/lib/python3.10/dist-packages/airflow/example_dags/tutorial_objectstorage.py for tasks to queue
[2024-07-27T22:08:34.895+0700] {logging_mixin.py:188} INFO - [2024-07-27T22:08:34.894+0700] {dagbag.py:545} INFO - Filling up the DagBag from /usr/local/lib/python3.10/dist-packages/airflow/example_dags/tutorial_objectstorage.py
[2024-07-27T22:08:34.902+0700] {processor.py:840} INFO - DAG(s) 'tutorial_objectstorage' retrieved from /usr/local/lib/python3.10/dist-packages/airflow/example_dags/tutorial_objectstorage.py
[2024-07-27T22:08:34.914+0700] {logging_mixin.py:188} INFO - [2024-07-27T22:08:34.913+0700] {dag.py:3089} INFO - Sync 1 DAGs
[2024-07-27T22:08:34.922+0700] {logging_mixin.py:188} INFO - [2024-07-27T22:08:34.921+0700] {dag.py:3947} INFO - Setting next_dagrun for tutorial_objectstorage to None, run_after=None
[2024-07-27T22:08:34.952+0700] {processor.py:183} INFO - Processing /usr/local/lib/python3.10/dist-packages/airflow/example_dags/tutorial_objectstorage.py took 0.064 seconds
[2024-07-27T22:09:36.574+0700] {processor.py:161} INFO - Started process (PID=25331) to work on /usr/local/lib/python3.10/dist-packages/airflow/example_dags/tutorial_objectstorage.py
[2024-07-27T22:09:36.577+0700] {processor.py:830} INFO - Processing file /usr/local/lib/python3.10/dist-packages/airflow/example_dags/tutorial_objectstorage.py for tasks to queue
[2024-07-27T22:09:36.578+0700] {logging_mixin.py:188} INFO - [2024-07-27T22:09:36.578+0700] {dagbag.py:545} INFO - Filling up the DagBag from /usr/local/lib/python3.10/dist-packages/airflow/example_dags/tutorial_objectstorage.py
[2024-07-27T22:09:36.583+0700] {processor.py:840} INFO - DAG(s) 'tutorial_objectstorage' retrieved from /usr/local/lib/python3.10/dist-packages/airflow/example_dags/tutorial_objectstorage.py
[2024-07-27T22:09:36.595+0700] {logging_mixin.py:188} INFO - [2024-07-27T22:09:36.594+0700] {dag.py:3089} INFO - Sync 1 DAGs
[2024-07-27T22:09:36.604+0700] {logging_mixin.py:188} INFO - [2024-07-27T22:09:36.603+0700] {dag.py:3947} INFO - Setting next_dagrun for tutorial_objectstorage to None, run_after=None
[2024-07-27T22:09:36.634+0700] {processor.py:183} INFO - Processing /usr/local/lib/python3.10/dist-packages/airflow/example_dags/tutorial_objectstorage.py took 0.065 seconds
[2024-07-27T22:10:19.974+0700] {processor.py:161} INFO - Started process (PID=25679) to work on /usr/local/lib/python3.10/dist-packages/airflow/example_dags/tutorial_objectstorage.py
[2024-07-27T22:10:19.976+0700] {processor.py:830} INFO - Processing file /usr/local/lib/python3.10/dist-packages/airflow/example_dags/tutorial_objectstorage.py for tasks to queue
[2024-07-27T22:10:19.976+0700] {logging_mixin.py:188} INFO - [2024-07-27T22:10:19.976+0700] {dagbag.py:545} INFO - Filling up the DagBag from /usr/local/lib/python3.10/dist-packages/airflow/example_dags/tutorial_objectstorage.py
[2024-07-27T22:10:19.982+0700] {processor.py:840} INFO - DAG(s) 'tutorial_objectstorage' retrieved from /usr/local/lib/python3.10/dist-packages/airflow/example_dags/tutorial_objectstorage.py
[2024-07-27T22:10:19.993+0700] {logging_mixin.py:188} INFO - [2024-07-27T22:10:19.993+0700] {dag.py:3089} INFO - Sync 1 DAGs
[2024-07-27T22:10:20.001+0700] {logging_mixin.py:188} INFO - [2024-07-27T22:10:20.001+0700] {dag.py:3947} INFO - Setting next_dagrun for tutorial_objectstorage to None, run_after=None
[2024-07-27T22:10:20.030+0700] {processor.py:183} INFO - Processing /usr/local/lib/python3.10/dist-packages/airflow/example_dags/tutorial_objectstorage.py took 0.060 seconds
