[2024-07-27T18:29:31.794+0700] {processor.py:161} INFO - Started process (PID=1342) to work on /usr/local/lib/python3.10/dist-packages/airflow/example_dags/tutorial_taskflow_api_virtualenv.py
[2024-07-27T18:29:31.794+0700] {processor.py:830} INFO - Processing file /usr/local/lib/python3.10/dist-packages/airflow/example_dags/tutorial_taskflow_api_virtualenv.py for tasks to queue
[2024-07-27T18:29:31.795+0700] {logging_mixin.py:188} INFO - [2024-07-27T18:29:31.795+0700] {dagbag.py:545} INFO - Filling up the DagBag from /usr/local/lib/python3.10/dist-packages/airflow/example_dags/tutorial_taskflow_api_virtualenv.py
[2024-07-27T18:29:31.856+0700] {logging_mixin.py:188} INFO - [2024-07-27T18:29:31.855+0700] {tutorial_taskflow_api_virtualenv.py:29} WARNING - The tutorial_taskflow_api_virtualenv example DAG requires virtualenv, please install it.
[2024-07-27T18:29:31.856+0700] {processor.py:842} WARNING - No viable dags retrieved from /usr/local/lib/python3.10/dist-packages/airflow/example_dags/tutorial_taskflow_api_virtualenv.py
[2024-07-27T18:29:31.863+0700] {processor.py:183} INFO - Processing /usr/local/lib/python3.10/dist-packages/airflow/example_dags/tutorial_taskflow_api_virtualenv.py took 0.073 seconds
[2024-07-27T18:30:22.526+0700] {processor.py:161} INFO - Started process (PID=1599) to work on /usr/local/lib/python3.10/dist-packages/airflow/example_dags/tutorial_taskflow_api_virtualenv.py
[2024-07-27T18:30:22.528+0700] {processor.py:830} INFO - Processing file /usr/local/lib/python3.10/dist-packages/airflow/example_dags/tutorial_taskflow_api_virtualenv.py for tasks to queue
[2024-07-27T18:30:22.529+0700] {logging_mixin.py:188} INFO - [2024-07-27T18:30:22.529+0700] {dagbag.py:545} INFO - Filling up the DagBag from /usr/local/lib/python3.10/dist-packages/airflow/example_dags/tutorial_taskflow_api_virtualenv.py
[2024-07-27T18:30:22.598+0700] {logging_mixin.py:188} INFO - [2024-07-27T18:30:22.598+0700] {tutorial_taskflow_api_virtualenv.py:29} WARNING - The tutorial_taskflow_api_virtualenv example DAG requires virtualenv, please install it.
[2024-07-27T18:30:22.598+0700] {processor.py:842} WARNING - No viable dags retrieved from /usr/local/lib/python3.10/dist-packages/airflow/example_dags/tutorial_taskflow_api_virtualenv.py
[2024-07-27T18:30:22.609+0700] {processor.py:183} INFO - Processing /usr/local/lib/python3.10/dist-packages/airflow/example_dags/tutorial_taskflow_api_virtualenv.py took 0.087 seconds
[2024-07-27T21:31:59.332+0700] {processor.py:161} INFO - Started process (PID=1514) to work on /usr/local/lib/python3.10/dist-packages/airflow/example_dags/tutorial_taskflow_api_virtualenv.py
[2024-07-27T21:31:59.334+0700] {processor.py:830} INFO - Processing file /usr/local/lib/python3.10/dist-packages/airflow/example_dags/tutorial_taskflow_api_virtualenv.py for tasks to queue
[2024-07-27T21:31:59.337+0700] {logging_mixin.py:188} INFO - [2024-07-27T21:31:59.337+0700] {dagbag.py:545} INFO - Filling up the DagBag from /usr/local/lib/python3.10/dist-packages/airflow/example_dags/tutorial_taskflow_api_virtualenv.py
[2024-07-27T21:31:59.414+0700] {logging_mixin.py:188} INFO - [2024-07-27T21:31:59.413+0700] {tutorial_taskflow_api_virtualenv.py:29} WARNING - The tutorial_taskflow_api_virtualenv example DAG requires virtualenv, please install it.
[2024-07-27T21:31:59.415+0700] {processor.py:842} WARNING - No viable dags retrieved from /usr/local/lib/python3.10/dist-packages/airflow/example_dags/tutorial_taskflow_api_virtualenv.py
[2024-07-27T21:31:59.436+0700] {processor.py:183} INFO - Processing /usr/local/lib/python3.10/dist-packages/airflow/example_dags/tutorial_taskflow_api_virtualenv.py took 0.108 seconds
[2024-07-27T21:32:50.821+0700] {processor.py:161} INFO - Started process (PID=1996) to work on /usr/local/lib/python3.10/dist-packages/airflow/example_dags/tutorial_taskflow_api_virtualenv.py
[2024-07-27T21:32:50.824+0700] {processor.py:830} INFO - Processing file /usr/local/lib/python3.10/dist-packages/airflow/example_dags/tutorial_taskflow_api_virtualenv.py for tasks to queue
[2024-07-27T21:32:50.826+0700] {logging_mixin.py:188} INFO - [2024-07-27T21:32:50.825+0700] {dagbag.py:545} INFO - Filling up the DagBag from /usr/local/lib/python3.10/dist-packages/airflow/example_dags/tutorial_taskflow_api_virtualenv.py
[2024-07-27T21:32:50.873+0700] {logging_mixin.py:188} INFO - [2024-07-27T21:32:50.873+0700] {tutorial_taskflow_api_virtualenv.py:29} WARNING - The tutorial_taskflow_api_virtualenv example DAG requires virtualenv, please install it.
[2024-07-27T21:32:50.873+0700] {processor.py:842} WARNING - No viable dags retrieved from /usr/local/lib/python3.10/dist-packages/airflow/example_dags/tutorial_taskflow_api_virtualenv.py
[2024-07-27T21:32:50.881+0700] {processor.py:183} INFO - Processing /usr/local/lib/python3.10/dist-packages/airflow/example_dags/tutorial_taskflow_api_virtualenv.py took 0.064 seconds
[2024-07-27T21:33:32.946+0700] {processor.py:161} INFO - Started process (PID=2385) to work on /usr/local/lib/python3.10/dist-packages/airflow/example_dags/tutorial_taskflow_api_virtualenv.py
[2024-07-27T21:33:32.947+0700] {processor.py:830} INFO - Processing file /usr/local/lib/python3.10/dist-packages/airflow/example_dags/tutorial_taskflow_api_virtualenv.py for tasks to queue
[2024-07-27T21:33:32.951+0700] {logging_mixin.py:188} INFO - [2024-07-27T21:33:32.950+0700] {dagbag.py:545} INFO - Filling up the DagBag from /usr/local/lib/python3.10/dist-packages/airflow/example_dags/tutorial_taskflow_api_virtualenv.py
[2024-07-27T21:33:33.051+0700] {logging_mixin.py:188} INFO - [2024-07-27T21:33:33.050+0700] {tutorial_taskflow_api_virtualenv.py:29} WARNING - The tutorial_taskflow_api_virtualenv example DAG requires virtualenv, please install it.
[2024-07-27T21:33:33.051+0700] {processor.py:842} WARNING - No viable dags retrieved from /usr/local/lib/python3.10/dist-packages/airflow/example_dags/tutorial_taskflow_api_virtualenv.py
[2024-07-27T21:33:33.069+0700] {processor.py:183} INFO - Processing /usr/local/lib/python3.10/dist-packages/airflow/example_dags/tutorial_taskflow_api_virtualenv.py took 0.146 seconds
[2024-07-27T21:34:25.356+0700] {processor.py:161} INFO - Started process (PID=3070) to work on /usr/local/lib/python3.10/dist-packages/airflow/example_dags/tutorial_taskflow_api_virtualenv.py
[2024-07-27T21:34:25.363+0700] {processor.py:830} INFO - Processing file /usr/local/lib/python3.10/dist-packages/airflow/example_dags/tutorial_taskflow_api_virtualenv.py for tasks to queue
[2024-07-27T21:34:25.365+0700] {logging_mixin.py:188} INFO - [2024-07-27T21:34:25.364+0700] {dagbag.py:545} INFO - Filling up the DagBag from /usr/local/lib/python3.10/dist-packages/airflow/example_dags/tutorial_taskflow_api_virtualenv.py
[2024-07-27T21:34:25.419+0700] {logging_mixin.py:188} INFO - [2024-07-27T21:34:25.419+0700] {tutorial_taskflow_api_virtualenv.py:29} WARNING - The tutorial_taskflow_api_virtualenv example DAG requires virtualenv, please install it.
[2024-07-27T21:34:25.419+0700] {processor.py:842} WARNING - No viable dags retrieved from /usr/local/lib/python3.10/dist-packages/airflow/example_dags/tutorial_taskflow_api_virtualenv.py
[2024-07-27T21:34:25.427+0700] {processor.py:183} INFO - Processing /usr/local/lib/python3.10/dist-packages/airflow/example_dags/tutorial_taskflow_api_virtualenv.py took 0.074 seconds
[2024-07-27T21:35:08.444+0700] {processor.py:161} INFO - Started process (PID=3427) to work on /usr/local/lib/python3.10/dist-packages/airflow/example_dags/tutorial_taskflow_api_virtualenv.py
[2024-07-27T21:35:08.447+0700] {processor.py:830} INFO - Processing file /usr/local/lib/python3.10/dist-packages/airflow/example_dags/tutorial_taskflow_api_virtualenv.py for tasks to queue
[2024-07-27T21:35:08.449+0700] {logging_mixin.py:188} INFO - [2024-07-27T21:35:08.448+0700] {dagbag.py:545} INFO - Filling up the DagBag from /usr/local/lib/python3.10/dist-packages/airflow/example_dags/tutorial_taskflow_api_virtualenv.py
[2024-07-27T21:35:08.504+0700] {logging_mixin.py:188} INFO - [2024-07-27T21:35:08.504+0700] {tutorial_taskflow_api_virtualenv.py:29} WARNING - The tutorial_taskflow_api_virtualenv example DAG requires virtualenv, please install it.
[2024-07-27T21:35:08.505+0700] {processor.py:842} WARNING - No viable dags retrieved from /usr/local/lib/python3.10/dist-packages/airflow/example_dags/tutorial_taskflow_api_virtualenv.py
[2024-07-27T21:35:08.514+0700] {processor.py:183} INFO - Processing /usr/local/lib/python3.10/dist-packages/airflow/example_dags/tutorial_taskflow_api_virtualenv.py took 0.074 seconds
[2024-07-27T21:35:52.950+0700] {processor.py:161} INFO - Started process (PID=3783) to work on /usr/local/lib/python3.10/dist-packages/airflow/example_dags/tutorial_taskflow_api_virtualenv.py
[2024-07-27T21:35:52.954+0700] {processor.py:830} INFO - Processing file /usr/local/lib/python3.10/dist-packages/airflow/example_dags/tutorial_taskflow_api_virtualenv.py for tasks to queue
[2024-07-27T21:35:52.957+0700] {logging_mixin.py:188} INFO - [2024-07-27T21:35:52.956+0700] {dagbag.py:545} INFO - Filling up the DagBag from /usr/local/lib/python3.10/dist-packages/airflow/example_dags/tutorial_taskflow_api_virtualenv.py
[2024-07-27T21:35:52.997+0700] {logging_mixin.py:188} INFO - [2024-07-27T21:35:52.997+0700] {tutorial_taskflow_api_virtualenv.py:29} WARNING - The tutorial_taskflow_api_virtualenv example DAG requires virtualenv, please install it.
[2024-07-27T21:35:52.997+0700] {processor.py:842} WARNING - No viable dags retrieved from /usr/local/lib/python3.10/dist-packages/airflow/example_dags/tutorial_taskflow_api_virtualenv.py
[2024-07-27T21:35:53.005+0700] {processor.py:183} INFO - Processing /usr/local/lib/python3.10/dist-packages/airflow/example_dags/tutorial_taskflow_api_virtualenv.py took 0.061 seconds
[2024-07-27T21:36:34.993+0700] {processor.py:161} INFO - Started process (PID=4151) to work on /usr/local/lib/python3.10/dist-packages/airflow/example_dags/tutorial_taskflow_api_virtualenv.py
[2024-07-27T21:36:34.994+0700] {processor.py:830} INFO - Processing file /usr/local/lib/python3.10/dist-packages/airflow/example_dags/tutorial_taskflow_api_virtualenv.py for tasks to queue
[2024-07-27T21:36:34.995+0700] {logging_mixin.py:188} INFO - [2024-07-27T21:36:34.995+0700] {dagbag.py:545} INFO - Filling up the DagBag from /usr/local/lib/python3.10/dist-packages/airflow/example_dags/tutorial_taskflow_api_virtualenv.py
[2024-07-27T21:36:35.049+0700] {logging_mixin.py:188} INFO - [2024-07-27T21:36:35.049+0700] {tutorial_taskflow_api_virtualenv.py:29} WARNING - The tutorial_taskflow_api_virtualenv example DAG requires virtualenv, please install it.
[2024-07-27T21:36:35.050+0700] {processor.py:842} WARNING - No viable dags retrieved from /usr/local/lib/python3.10/dist-packages/airflow/example_dags/tutorial_taskflow_api_virtualenv.py
[2024-07-27T21:36:35.059+0700] {processor.py:183} INFO - Processing /usr/local/lib/python3.10/dist-packages/airflow/example_dags/tutorial_taskflow_api_virtualenv.py took 0.070 seconds
[2024-07-27T21:37:15.501+0700] {processor.py:161} INFO - Started process (PID=4527) to work on /usr/local/lib/python3.10/dist-packages/airflow/example_dags/tutorial_taskflow_api_virtualenv.py
[2024-07-27T21:37:15.503+0700] {processor.py:830} INFO - Processing file /usr/local/lib/python3.10/dist-packages/airflow/example_dags/tutorial_taskflow_api_virtualenv.py for tasks to queue
[2024-07-27T21:37:15.504+0700] {logging_mixin.py:188} INFO - [2024-07-27T21:37:15.503+0700] {dagbag.py:545} INFO - Filling up the DagBag from /usr/local/lib/python3.10/dist-packages/airflow/example_dags/tutorial_taskflow_api_virtualenv.py
[2024-07-27T21:37:15.560+0700] {logging_mixin.py:188} INFO - [2024-07-27T21:37:15.560+0700] {tutorial_taskflow_api_virtualenv.py:29} WARNING - The tutorial_taskflow_api_virtualenv example DAG requires virtualenv, please install it.
[2024-07-27T21:37:15.561+0700] {processor.py:842} WARNING - No viable dags retrieved from /usr/local/lib/python3.10/dist-packages/airflow/example_dags/tutorial_taskflow_api_virtualenv.py
[2024-07-27T21:37:15.569+0700] {processor.py:183} INFO - Processing /usr/local/lib/python3.10/dist-packages/airflow/example_dags/tutorial_taskflow_api_virtualenv.py took 0.073 seconds
[2024-07-27T21:37:59.540+0700] {processor.py:161} INFO - Started process (PID=4871) to work on /usr/local/lib/python3.10/dist-packages/airflow/example_dags/tutorial_taskflow_api_virtualenv.py
[2024-07-27T21:37:59.542+0700] {processor.py:830} INFO - Processing file /usr/local/lib/python3.10/dist-packages/airflow/example_dags/tutorial_taskflow_api_virtualenv.py for tasks to queue
[2024-07-27T21:37:59.544+0700] {logging_mixin.py:188} INFO - [2024-07-27T21:37:59.543+0700] {dagbag.py:545} INFO - Filling up the DagBag from /usr/local/lib/python3.10/dist-packages/airflow/example_dags/tutorial_taskflow_api_virtualenv.py
[2024-07-27T21:37:59.600+0700] {logging_mixin.py:188} INFO - [2024-07-27T21:37:59.600+0700] {tutorial_taskflow_api_virtualenv.py:29} WARNING - The tutorial_taskflow_api_virtualenv example DAG requires virtualenv, please install it.
[2024-07-27T21:37:59.601+0700] {processor.py:842} WARNING - No viable dags retrieved from /usr/local/lib/python3.10/dist-packages/airflow/example_dags/tutorial_taskflow_api_virtualenv.py
[2024-07-27T21:37:59.608+0700] {processor.py:183} INFO - Processing /usr/local/lib/python3.10/dist-packages/airflow/example_dags/tutorial_taskflow_api_virtualenv.py took 0.073 seconds
[2024-07-27T21:38:47.443+0700] {processor.py:161} INFO - Started process (PID=5246) to work on /usr/local/lib/python3.10/dist-packages/airflow/example_dags/tutorial_taskflow_api_virtualenv.py
[2024-07-27T21:38:47.446+0700] {processor.py:830} INFO - Processing file /usr/local/lib/python3.10/dist-packages/airflow/example_dags/tutorial_taskflow_api_virtualenv.py for tasks to queue
[2024-07-27T21:38:47.447+0700] {logging_mixin.py:188} INFO - [2024-07-27T21:38:47.447+0700] {dagbag.py:545} INFO - Filling up the DagBag from /usr/local/lib/python3.10/dist-packages/airflow/example_dags/tutorial_taskflow_api_virtualenv.py
[2024-07-27T21:38:47.497+0700] {logging_mixin.py:188} INFO - [2024-07-27T21:38:47.497+0700] {tutorial_taskflow_api_virtualenv.py:29} WARNING - The tutorial_taskflow_api_virtualenv example DAG requires virtualenv, please install it.
[2024-07-27T21:38:47.497+0700] {processor.py:842} WARNING - No viable dags retrieved from /usr/local/lib/python3.10/dist-packages/airflow/example_dags/tutorial_taskflow_api_virtualenv.py
[2024-07-27T21:38:47.505+0700] {processor.py:183} INFO - Processing /usr/local/lib/python3.10/dist-packages/airflow/example_dags/tutorial_taskflow_api_virtualenv.py took 0.067 seconds
[2024-07-27T21:39:32.153+0700] {processor.py:161} INFO - Started process (PID=5755) to work on /usr/local/lib/python3.10/dist-packages/airflow/example_dags/tutorial_taskflow_api_virtualenv.py
[2024-07-27T21:39:32.155+0700] {processor.py:830} INFO - Processing file /usr/local/lib/python3.10/dist-packages/airflow/example_dags/tutorial_taskflow_api_virtualenv.py for tasks to queue
[2024-07-27T21:39:32.156+0700] {logging_mixin.py:188} INFO - [2024-07-27T21:39:32.155+0700] {dagbag.py:545} INFO - Filling up the DagBag from /usr/local/lib/python3.10/dist-packages/airflow/example_dags/tutorial_taskflow_api_virtualenv.py
[2024-07-27T21:39:32.206+0700] {logging_mixin.py:188} INFO - [2024-07-27T21:39:32.206+0700] {tutorial_taskflow_api_virtualenv.py:29} WARNING - The tutorial_taskflow_api_virtualenv example DAG requires virtualenv, please install it.
[2024-07-27T21:39:32.207+0700] {processor.py:842} WARNING - No viable dags retrieved from /usr/local/lib/python3.10/dist-packages/airflow/example_dags/tutorial_taskflow_api_virtualenv.py
[2024-07-27T21:39:32.214+0700] {processor.py:183} INFO - Processing /usr/local/lib/python3.10/dist-packages/airflow/example_dags/tutorial_taskflow_api_virtualenv.py took 0.066 seconds
[2024-07-27T21:40:13.948+0700] {processor.py:161} INFO - Started process (PID=6242) to work on /usr/local/lib/python3.10/dist-packages/airflow/example_dags/tutorial_taskflow_api_virtualenv.py
[2024-07-27T21:40:13.950+0700] {processor.py:830} INFO - Processing file /usr/local/lib/python3.10/dist-packages/airflow/example_dags/tutorial_taskflow_api_virtualenv.py for tasks to queue
[2024-07-27T21:40:13.950+0700] {logging_mixin.py:188} INFO - [2024-07-27T21:40:13.950+0700] {dagbag.py:545} INFO - Filling up the DagBag from /usr/local/lib/python3.10/dist-packages/airflow/example_dags/tutorial_taskflow_api_virtualenv.py
[2024-07-27T21:40:13.999+0700] {logging_mixin.py:188} INFO - [2024-07-27T21:40:13.999+0700] {tutorial_taskflow_api_virtualenv.py:29} WARNING - The tutorial_taskflow_api_virtualenv example DAG requires virtualenv, please install it.
[2024-07-27T21:40:13.999+0700] {processor.py:842} WARNING - No viable dags retrieved from /usr/local/lib/python3.10/dist-packages/airflow/example_dags/tutorial_taskflow_api_virtualenv.py
[2024-07-27T21:40:14.008+0700] {processor.py:183} INFO - Processing /usr/local/lib/python3.10/dist-packages/airflow/example_dags/tutorial_taskflow_api_virtualenv.py took 0.064 seconds
[2024-07-27T21:40:55.499+0700] {processor.py:161} INFO - Started process (PID=6645) to work on /usr/local/lib/python3.10/dist-packages/airflow/example_dags/tutorial_taskflow_api_virtualenv.py
[2024-07-27T21:40:55.502+0700] {processor.py:830} INFO - Processing file /usr/local/lib/python3.10/dist-packages/airflow/example_dags/tutorial_taskflow_api_virtualenv.py for tasks to queue
[2024-07-27T21:40:55.503+0700] {logging_mixin.py:188} INFO - [2024-07-27T21:40:55.503+0700] {dagbag.py:545} INFO - Filling up the DagBag from /usr/local/lib/python3.10/dist-packages/airflow/example_dags/tutorial_taskflow_api_virtualenv.py
[2024-07-27T21:40:55.554+0700] {logging_mixin.py:188} INFO - [2024-07-27T21:40:55.553+0700] {tutorial_taskflow_api_virtualenv.py:29} WARNING - The tutorial_taskflow_api_virtualenv example DAG requires virtualenv, please install it.
[2024-07-27T21:40:55.554+0700] {processor.py:842} WARNING - No viable dags retrieved from /usr/local/lib/python3.10/dist-packages/airflow/example_dags/tutorial_taskflow_api_virtualenv.py
[2024-07-27T21:40:55.562+0700] {processor.py:183} INFO - Processing /usr/local/lib/python3.10/dist-packages/airflow/example_dags/tutorial_taskflow_api_virtualenv.py took 0.067 seconds
[2024-07-27T21:41:37.760+0700] {processor.py:161} INFO - Started process (PID=7130) to work on /usr/local/lib/python3.10/dist-packages/airflow/example_dags/tutorial_taskflow_api_virtualenv.py
[2024-07-27T21:41:37.762+0700] {processor.py:830} INFO - Processing file /usr/local/lib/python3.10/dist-packages/airflow/example_dags/tutorial_taskflow_api_virtualenv.py for tasks to queue
[2024-07-27T21:41:37.763+0700] {logging_mixin.py:188} INFO - [2024-07-27T21:41:37.763+0700] {dagbag.py:545} INFO - Filling up the DagBag from /usr/local/lib/python3.10/dist-packages/airflow/example_dags/tutorial_taskflow_api_virtualenv.py
[2024-07-27T21:41:37.816+0700] {logging_mixin.py:188} INFO - [2024-07-27T21:41:37.815+0700] {tutorial_taskflow_api_virtualenv.py:29} WARNING - The tutorial_taskflow_api_virtualenv example DAG requires virtualenv, please install it.
[2024-07-27T21:41:37.816+0700] {processor.py:842} WARNING - No viable dags retrieved from /usr/local/lib/python3.10/dist-packages/airflow/example_dags/tutorial_taskflow_api_virtualenv.py
[2024-07-27T21:41:37.824+0700] {processor.py:183} INFO - Processing /usr/local/lib/python3.10/dist-packages/airflow/example_dags/tutorial_taskflow_api_virtualenv.py took 0.068 seconds
[2024-07-27T21:44:14.559+0700] {processor.py:161} INFO - Started process (PID=9289) to work on /usr/local/lib/python3.10/dist-packages/airflow/example_dags/tutorial_taskflow_api_virtualenv.py
[2024-07-27T21:44:14.561+0700] {processor.py:830} INFO - Processing file /usr/local/lib/python3.10/dist-packages/airflow/example_dags/tutorial_taskflow_api_virtualenv.py for tasks to queue
[2024-07-27T21:44:14.562+0700] {logging_mixin.py:188} INFO - [2024-07-27T21:44:14.561+0700] {dagbag.py:545} INFO - Filling up the DagBag from /usr/local/lib/python3.10/dist-packages/airflow/example_dags/tutorial_taskflow_api_virtualenv.py
[2024-07-27T21:44:14.609+0700] {logging_mixin.py:188} INFO - [2024-07-27T21:44:14.609+0700] {tutorial_taskflow_api_virtualenv.py:29} WARNING - The tutorial_taskflow_api_virtualenv example DAG requires virtualenv, please install it.
[2024-07-27T21:44:14.609+0700] {processor.py:842} WARNING - No viable dags retrieved from /usr/local/lib/python3.10/dist-packages/airflow/example_dags/tutorial_taskflow_api_virtualenv.py
[2024-07-27T21:44:14.621+0700] {processor.py:183} INFO - Processing /usr/local/lib/python3.10/dist-packages/airflow/example_dags/tutorial_taskflow_api_virtualenv.py took 0.067 seconds
[2024-07-27T21:45:06.218+0700] {processor.py:161} INFO - Started process (PID=9725) to work on /usr/local/lib/python3.10/dist-packages/airflow/example_dags/tutorial_taskflow_api_virtualenv.py
[2024-07-27T21:45:06.221+0700] {processor.py:830} INFO - Processing file /usr/local/lib/python3.10/dist-packages/airflow/example_dags/tutorial_taskflow_api_virtualenv.py for tasks to queue
[2024-07-27T21:45:06.222+0700] {logging_mixin.py:188} INFO - [2024-07-27T21:45:06.222+0700] {dagbag.py:545} INFO - Filling up the DagBag from /usr/local/lib/python3.10/dist-packages/airflow/example_dags/tutorial_taskflow_api_virtualenv.py
[2024-07-27T21:45:06.272+0700] {logging_mixin.py:188} INFO - [2024-07-27T21:45:06.272+0700] {tutorial_taskflow_api_virtualenv.py:29} WARNING - The tutorial_taskflow_api_virtualenv example DAG requires virtualenv, please install it.
[2024-07-27T21:45:06.273+0700] {processor.py:842} WARNING - No viable dags retrieved from /usr/local/lib/python3.10/dist-packages/airflow/example_dags/tutorial_taskflow_api_virtualenv.py
[2024-07-27T21:45:06.283+0700] {processor.py:183} INFO - Processing /usr/local/lib/python3.10/dist-packages/airflow/example_dags/tutorial_taskflow_api_virtualenv.py took 0.070 seconds
[2024-07-27T21:45:50.277+0700] {processor.py:161} INFO - Started process (PID=10113) to work on /usr/local/lib/python3.10/dist-packages/airflow/example_dags/tutorial_taskflow_api_virtualenv.py
[2024-07-27T21:45:50.278+0700] {processor.py:830} INFO - Processing file /usr/local/lib/python3.10/dist-packages/airflow/example_dags/tutorial_taskflow_api_virtualenv.py for tasks to queue
[2024-07-27T21:45:50.279+0700] {logging_mixin.py:188} INFO - [2024-07-27T21:45:50.279+0700] {dagbag.py:545} INFO - Filling up the DagBag from /usr/local/lib/python3.10/dist-packages/airflow/example_dags/tutorial_taskflow_api_virtualenv.py
[2024-07-27T21:45:50.334+0700] {logging_mixin.py:188} INFO - [2024-07-27T21:45:50.333+0700] {tutorial_taskflow_api_virtualenv.py:29} WARNING - The tutorial_taskflow_api_virtualenv example DAG requires virtualenv, please install it.
[2024-07-27T21:45:50.334+0700] {processor.py:842} WARNING - No viable dags retrieved from /usr/local/lib/python3.10/dist-packages/airflow/example_dags/tutorial_taskflow_api_virtualenv.py
[2024-07-27T21:45:50.344+0700] {processor.py:183} INFO - Processing /usr/local/lib/python3.10/dist-packages/airflow/example_dags/tutorial_taskflow_api_virtualenv.py took 0.071 seconds
[2024-07-27T21:48:13.862+0700] {processor.py:161} INFO - Started process (PID=11792) to work on /usr/local/lib/python3.10/dist-packages/airflow/example_dags/tutorial_taskflow_api_virtualenv.py
[2024-07-27T21:48:13.863+0700] {processor.py:830} INFO - Processing file /usr/local/lib/python3.10/dist-packages/airflow/example_dags/tutorial_taskflow_api_virtualenv.py for tasks to queue
[2024-07-27T21:48:13.864+0700] {logging_mixin.py:188} INFO - [2024-07-27T21:48:13.864+0700] {dagbag.py:545} INFO - Filling up the DagBag from /usr/local/lib/python3.10/dist-packages/airflow/example_dags/tutorial_taskflow_api_virtualenv.py
[2024-07-27T21:48:13.909+0700] {logging_mixin.py:188} INFO - [2024-07-27T21:48:13.909+0700] {tutorial_taskflow_api_virtualenv.py:29} WARNING - The tutorial_taskflow_api_virtualenv example DAG requires virtualenv, please install it.
[2024-07-27T21:48:13.909+0700] {processor.py:842} WARNING - No viable dags retrieved from /usr/local/lib/python3.10/dist-packages/airflow/example_dags/tutorial_taskflow_api_virtualenv.py
[2024-07-27T21:48:13.917+0700] {processor.py:183} INFO - Processing /usr/local/lib/python3.10/dist-packages/airflow/example_dags/tutorial_taskflow_api_virtualenv.py took 0.060 seconds
[2024-07-27T21:49:03.833+0700] {processor.py:161} INFO - Started process (PID=12246) to work on /usr/local/lib/python3.10/dist-packages/airflow/example_dags/tutorial_taskflow_api_virtualenv.py
[2024-07-27T21:49:03.835+0700] {processor.py:830} INFO - Processing file /usr/local/lib/python3.10/dist-packages/airflow/example_dags/tutorial_taskflow_api_virtualenv.py for tasks to queue
[2024-07-27T21:49:03.836+0700] {logging_mixin.py:188} INFO - [2024-07-27T21:49:03.836+0700] {dagbag.py:545} INFO - Filling up the DagBag from /usr/local/lib/python3.10/dist-packages/airflow/example_dags/tutorial_taskflow_api_virtualenv.py
[2024-07-27T21:49:03.901+0700] {logging_mixin.py:188} INFO - [2024-07-27T21:49:03.900+0700] {tutorial_taskflow_api_virtualenv.py:29} WARNING - The tutorial_taskflow_api_virtualenv example DAG requires virtualenv, please install it.
[2024-07-27T21:49:03.901+0700] {processor.py:842} WARNING - No viable dags retrieved from /usr/local/lib/python3.10/dist-packages/airflow/example_dags/tutorial_taskflow_api_virtualenv.py
[2024-07-27T21:49:03.910+0700] {processor.py:183} INFO - Processing /usr/local/lib/python3.10/dist-packages/airflow/example_dags/tutorial_taskflow_api_virtualenv.py took 0.082 seconds
[2024-07-27T21:49:42.738+0700] {processor.py:161} INFO - Started process (PID=12634) to work on /usr/local/lib/python3.10/dist-packages/airflow/example_dags/tutorial_taskflow_api_virtualenv.py
[2024-07-27T21:49:42.740+0700] {processor.py:830} INFO - Processing file /usr/local/lib/python3.10/dist-packages/airflow/example_dags/tutorial_taskflow_api_virtualenv.py for tasks to queue
[2024-07-27T21:49:42.741+0700] {logging_mixin.py:188} INFO - [2024-07-27T21:49:42.740+0700] {dagbag.py:545} INFO - Filling up the DagBag from /usr/local/lib/python3.10/dist-packages/airflow/example_dags/tutorial_taskflow_api_virtualenv.py
[2024-07-27T21:49:42.790+0700] {logging_mixin.py:188} INFO - [2024-07-27T21:49:42.789+0700] {tutorial_taskflow_api_virtualenv.py:29} WARNING - The tutorial_taskflow_api_virtualenv example DAG requires virtualenv, please install it.
[2024-07-27T21:49:42.790+0700] {processor.py:842} WARNING - No viable dags retrieved from /usr/local/lib/python3.10/dist-packages/airflow/example_dags/tutorial_taskflow_api_virtualenv.py
[2024-07-27T21:49:42.798+0700] {processor.py:183} INFO - Processing /usr/local/lib/python3.10/dist-packages/airflow/example_dags/tutorial_taskflow_api_virtualenv.py took 0.064 seconds
[2024-07-27T21:50:23.040+0700] {processor.py:161} INFO - Started process (PID=13079) to work on /usr/local/lib/python3.10/dist-packages/airflow/example_dags/tutorial_taskflow_api_virtualenv.py
[2024-07-27T21:50:23.043+0700] {processor.py:830} INFO - Processing file /usr/local/lib/python3.10/dist-packages/airflow/example_dags/tutorial_taskflow_api_virtualenv.py for tasks to queue
[2024-07-27T21:50:23.044+0700] {logging_mixin.py:188} INFO - [2024-07-27T21:50:23.043+0700] {dagbag.py:545} INFO - Filling up the DagBag from /usr/local/lib/python3.10/dist-packages/airflow/example_dags/tutorial_taskflow_api_virtualenv.py
[2024-07-27T21:50:23.091+0700] {logging_mixin.py:188} INFO - [2024-07-27T21:50:23.090+0700] {tutorial_taskflow_api_virtualenv.py:29} WARNING - The tutorial_taskflow_api_virtualenv example DAG requires virtualenv, please install it.
[2024-07-27T21:50:23.091+0700] {processor.py:842} WARNING - No viable dags retrieved from /usr/local/lib/python3.10/dist-packages/airflow/example_dags/tutorial_taskflow_api_virtualenv.py
[2024-07-27T21:50:23.099+0700] {processor.py:183} INFO - Processing /usr/local/lib/python3.10/dist-packages/airflow/example_dags/tutorial_taskflow_api_virtualenv.py took 0.064 seconds
[2024-07-27T21:51:02.315+0700] {processor.py:161} INFO - Started process (PID=13452) to work on /usr/local/lib/python3.10/dist-packages/airflow/example_dags/tutorial_taskflow_api_virtualenv.py
[2024-07-27T21:51:02.317+0700] {processor.py:830} INFO - Processing file /usr/local/lib/python3.10/dist-packages/airflow/example_dags/tutorial_taskflow_api_virtualenv.py for tasks to queue
[2024-07-27T21:51:02.318+0700] {logging_mixin.py:188} INFO - [2024-07-27T21:51:02.318+0700] {dagbag.py:545} INFO - Filling up the DagBag from /usr/local/lib/python3.10/dist-packages/airflow/example_dags/tutorial_taskflow_api_virtualenv.py
[2024-07-27T21:51:02.367+0700] {logging_mixin.py:188} INFO - [2024-07-27T21:51:02.366+0700] {tutorial_taskflow_api_virtualenv.py:29} WARNING - The tutorial_taskflow_api_virtualenv example DAG requires virtualenv, please install it.
[2024-07-27T21:51:02.367+0700] {processor.py:842} WARNING - No viable dags retrieved from /usr/local/lib/python3.10/dist-packages/airflow/example_dags/tutorial_taskflow_api_virtualenv.py
[2024-07-27T21:51:02.375+0700] {processor.py:183} INFO - Processing /usr/local/lib/python3.10/dist-packages/airflow/example_dags/tutorial_taskflow_api_virtualenv.py took 0.065 seconds
[2024-07-27T21:51:45.519+0700] {processor.py:161} INFO - Started process (PID=13858) to work on /usr/local/lib/python3.10/dist-packages/airflow/example_dags/tutorial_taskflow_api_virtualenv.py
[2024-07-27T21:51:45.521+0700] {processor.py:830} INFO - Processing file /usr/local/lib/python3.10/dist-packages/airflow/example_dags/tutorial_taskflow_api_virtualenv.py for tasks to queue
[2024-07-27T21:51:45.522+0700] {logging_mixin.py:188} INFO - [2024-07-27T21:51:45.521+0700] {dagbag.py:545} INFO - Filling up the DagBag from /usr/local/lib/python3.10/dist-packages/airflow/example_dags/tutorial_taskflow_api_virtualenv.py
[2024-07-27T21:51:45.600+0700] {logging_mixin.py:188} INFO - [2024-07-27T21:51:45.600+0700] {tutorial_taskflow_api_virtualenv.py:29} WARNING - The tutorial_taskflow_api_virtualenv example DAG requires virtualenv, please install it.
[2024-07-27T21:51:45.601+0700] {processor.py:842} WARNING - No viable dags retrieved from /usr/local/lib/python3.10/dist-packages/airflow/example_dags/tutorial_taskflow_api_virtualenv.py
[2024-07-27T21:51:45.617+0700] {processor.py:183} INFO - Processing /usr/local/lib/python3.10/dist-packages/airflow/example_dags/tutorial_taskflow_api_virtualenv.py took 0.103 seconds
[2024-07-27T21:54:37.787+0700] {processor.py:161} INFO - Started process (PID=15649) to work on /usr/local/lib/python3.10/dist-packages/airflow/example_dags/tutorial_taskflow_api_virtualenv.py
[2024-07-27T21:54:37.788+0700] {processor.py:830} INFO - Processing file /usr/local/lib/python3.10/dist-packages/airflow/example_dags/tutorial_taskflow_api_virtualenv.py for tasks to queue
[2024-07-27T21:54:37.790+0700] {logging_mixin.py:188} INFO - [2024-07-27T21:54:37.789+0700] {dagbag.py:545} INFO - Filling up the DagBag from /usr/local/lib/python3.10/dist-packages/airflow/example_dags/tutorial_taskflow_api_virtualenv.py
[2024-07-27T21:54:37.851+0700] {logging_mixin.py:188} INFO - [2024-07-27T21:54:37.851+0700] {tutorial_taskflow_api_virtualenv.py:29} WARNING - The tutorial_taskflow_api_virtualenv example DAG requires virtualenv, please install it.
[2024-07-27T21:54:37.851+0700] {processor.py:842} WARNING - No viable dags retrieved from /usr/local/lib/python3.10/dist-packages/airflow/example_dags/tutorial_taskflow_api_virtualenv.py
[2024-07-27T21:54:37.861+0700] {processor.py:183} INFO - Processing /usr/local/lib/python3.10/dist-packages/airflow/example_dags/tutorial_taskflow_api_virtualenv.py took 0.079 seconds
[2024-07-27T21:55:27.927+0700] {processor.py:161} INFO - Started process (PID=16374) to work on /usr/local/lib/python3.10/dist-packages/airflow/example_dags/tutorial_taskflow_api_virtualenv.py
[2024-07-27T21:55:27.928+0700] {processor.py:830} INFO - Processing file /usr/local/lib/python3.10/dist-packages/airflow/example_dags/tutorial_taskflow_api_virtualenv.py for tasks to queue
[2024-07-27T21:55:27.929+0700] {logging_mixin.py:188} INFO - [2024-07-27T21:55:27.929+0700] {dagbag.py:545} INFO - Filling up the DagBag from /usr/local/lib/python3.10/dist-packages/airflow/example_dags/tutorial_taskflow_api_virtualenv.py
[2024-07-27T21:55:27.988+0700] {logging_mixin.py:188} INFO - [2024-07-27T21:55:27.987+0700] {tutorial_taskflow_api_virtualenv.py:29} WARNING - The tutorial_taskflow_api_virtualenv example DAG requires virtualenv, please install it.
[2024-07-27T21:55:27.988+0700] {processor.py:842} WARNING - No viable dags retrieved from /usr/local/lib/python3.10/dist-packages/airflow/example_dags/tutorial_taskflow_api_virtualenv.py
[2024-07-27T21:55:27.997+0700] {processor.py:183} INFO - Processing /usr/local/lib/python3.10/dist-packages/airflow/example_dags/tutorial_taskflow_api_virtualenv.py took 0.075 seconds
[2024-07-27T21:58:02.524+0700] {processor.py:161} INFO - Started process (PID=18490) to work on /usr/local/lib/python3.10/dist-packages/airflow/example_dags/tutorial_taskflow_api_virtualenv.py
[2024-07-27T21:58:02.526+0700] {processor.py:830} INFO - Processing file /usr/local/lib/python3.10/dist-packages/airflow/example_dags/tutorial_taskflow_api_virtualenv.py for tasks to queue
[2024-07-27T21:58:02.526+0700] {logging_mixin.py:188} INFO - [2024-07-27T21:58:02.526+0700] {dagbag.py:545} INFO - Filling up the DagBag from /usr/local/lib/python3.10/dist-packages/airflow/example_dags/tutorial_taskflow_api_virtualenv.py
[2024-07-27T21:58:02.564+0700] {logging_mixin.py:188} INFO - [2024-07-27T21:58:02.563+0700] {tutorial_taskflow_api_virtualenv.py:29} WARNING - The tutorial_taskflow_api_virtualenv example DAG requires virtualenv, please install it.
[2024-07-27T21:58:02.564+0700] {processor.py:842} WARNING - No viable dags retrieved from /usr/local/lib/python3.10/dist-packages/airflow/example_dags/tutorial_taskflow_api_virtualenv.py
[2024-07-27T21:58:02.572+0700] {processor.py:183} INFO - Processing /usr/local/lib/python3.10/dist-packages/airflow/example_dags/tutorial_taskflow_api_virtualenv.py took 0.052 seconds
[2024-07-27T21:58:53.067+0700] {processor.py:161} INFO - Started process (PID=18930) to work on /usr/local/lib/python3.10/dist-packages/airflow/example_dags/tutorial_taskflow_api_virtualenv.py
[2024-07-27T21:58:53.069+0700] {processor.py:830} INFO - Processing file /usr/local/lib/python3.10/dist-packages/airflow/example_dags/tutorial_taskflow_api_virtualenv.py for tasks to queue
[2024-07-27T21:58:53.070+0700] {logging_mixin.py:188} INFO - [2024-07-27T21:58:53.070+0700] {dagbag.py:545} INFO - Filling up the DagBag from /usr/local/lib/python3.10/dist-packages/airflow/example_dags/tutorial_taskflow_api_virtualenv.py
[2024-07-27T21:58:53.118+0700] {logging_mixin.py:188} INFO - [2024-07-27T21:58:53.117+0700] {tutorial_taskflow_api_virtualenv.py:29} WARNING - The tutorial_taskflow_api_virtualenv example DAG requires virtualenv, please install it.
[2024-07-27T21:58:53.118+0700] {processor.py:842} WARNING - No viable dags retrieved from /usr/local/lib/python3.10/dist-packages/airflow/example_dags/tutorial_taskflow_api_virtualenv.py
[2024-07-27T21:58:53.127+0700] {processor.py:183} INFO - Processing /usr/local/lib/python3.10/dist-packages/airflow/example_dags/tutorial_taskflow_api_virtualenv.py took 0.065 seconds
[2024-07-27T21:59:36.749+0700] {processor.py:161} INFO - Started process (PID=19394) to work on /usr/local/lib/python3.10/dist-packages/airflow/example_dags/tutorial_taskflow_api_virtualenv.py
[2024-07-27T21:59:36.751+0700] {processor.py:830} INFO - Processing file /usr/local/lib/python3.10/dist-packages/airflow/example_dags/tutorial_taskflow_api_virtualenv.py for tasks to queue
[2024-07-27T21:59:36.752+0700] {logging_mixin.py:188} INFO - [2024-07-27T21:59:36.751+0700] {dagbag.py:545} INFO - Filling up the DagBag from /usr/local/lib/python3.10/dist-packages/airflow/example_dags/tutorial_taskflow_api_virtualenv.py
[2024-07-27T21:59:36.791+0700] {logging_mixin.py:188} INFO - [2024-07-27T21:59:36.791+0700] {tutorial_taskflow_api_virtualenv.py:29} WARNING - The tutorial_taskflow_api_virtualenv example DAG requires virtualenv, please install it.
[2024-07-27T21:59:36.792+0700] {processor.py:842} WARNING - No viable dags retrieved from /usr/local/lib/python3.10/dist-packages/airflow/example_dags/tutorial_taskflow_api_virtualenv.py
[2024-07-27T21:59:36.800+0700] {processor.py:183} INFO - Processing /usr/local/lib/python3.10/dist-packages/airflow/example_dags/tutorial_taskflow_api_virtualenv.py took 0.056 seconds
[2024-07-27T22:00:21.186+0700] {processor.py:161} INFO - Started process (PID=19748) to work on /usr/local/lib/python3.10/dist-packages/airflow/example_dags/tutorial_taskflow_api_virtualenv.py
[2024-07-27T22:00:21.187+0700] {processor.py:830} INFO - Processing file /usr/local/lib/python3.10/dist-packages/airflow/example_dags/tutorial_taskflow_api_virtualenv.py for tasks to queue
[2024-07-27T22:00:21.188+0700] {logging_mixin.py:188} INFO - [2024-07-27T22:00:21.188+0700] {dagbag.py:545} INFO - Filling up the DagBag from /usr/local/lib/python3.10/dist-packages/airflow/example_dags/tutorial_taskflow_api_virtualenv.py
[2024-07-27T22:00:21.527+0700] {logging_mixin.py:188} INFO - [2024-07-27T22:00:21.526+0700] {tutorial_taskflow_api_virtualenv.py:29} WARNING - The tutorial_taskflow_api_virtualenv example DAG requires virtualenv, please install it.
[2024-07-27T22:00:21.527+0700] {processor.py:842} WARNING - No viable dags retrieved from /usr/local/lib/python3.10/dist-packages/airflow/example_dags/tutorial_taskflow_api_virtualenv.py
[2024-07-27T22:00:21.547+0700] {processor.py:183} INFO - Processing /usr/local/lib/python3.10/dist-packages/airflow/example_dags/tutorial_taskflow_api_virtualenv.py took 0.366 seconds
[2024-07-27T22:01:12.682+0700] {processor.py:161} INFO - Started process (PID=20141) to work on /usr/local/lib/python3.10/dist-packages/airflow/example_dags/tutorial_taskflow_api_virtualenv.py
[2024-07-27T22:01:12.685+0700] {processor.py:830} INFO - Processing file /usr/local/lib/python3.10/dist-packages/airflow/example_dags/tutorial_taskflow_api_virtualenv.py for tasks to queue
[2024-07-27T22:01:12.686+0700] {logging_mixin.py:188} INFO - [2024-07-27T22:01:12.686+0700] {dagbag.py:545} INFO - Filling up the DagBag from /usr/local/lib/python3.10/dist-packages/airflow/example_dags/tutorial_taskflow_api_virtualenv.py
[2024-07-27T22:01:12.959+0700] {logging_mixin.py:188} INFO - [2024-07-27T22:01:12.959+0700] {tutorial_taskflow_api_virtualenv.py:29} WARNING - The tutorial_taskflow_api_virtualenv example DAG requires virtualenv, please install it.
[2024-07-27T22:01:12.960+0700] {processor.py:842} WARNING - No viable dags retrieved from /usr/local/lib/python3.10/dist-packages/airflow/example_dags/tutorial_taskflow_api_virtualenv.py
[2024-07-27T22:01:12.986+0700] {processor.py:183} INFO - Processing /usr/local/lib/python3.10/dist-packages/airflow/example_dags/tutorial_taskflow_api_virtualenv.py took 0.320 seconds
[2024-07-27T22:01:57.947+0700] {processor.py:161} INFO - Started process (PID=20637) to work on /usr/local/lib/python3.10/dist-packages/airflow/example_dags/tutorial_taskflow_api_virtualenv.py
[2024-07-27T22:01:57.949+0700] {processor.py:830} INFO - Processing file /usr/local/lib/python3.10/dist-packages/airflow/example_dags/tutorial_taskflow_api_virtualenv.py for tasks to queue
[2024-07-27T22:01:57.950+0700] {logging_mixin.py:188} INFO - [2024-07-27T22:01:57.949+0700] {dagbag.py:545} INFO - Filling up the DagBag from /usr/local/lib/python3.10/dist-packages/airflow/example_dags/tutorial_taskflow_api_virtualenv.py
[2024-07-27T22:01:58.000+0700] {logging_mixin.py:188} INFO - [2024-07-27T22:01:58.000+0700] {tutorial_taskflow_api_virtualenv.py:29} WARNING - The tutorial_taskflow_api_virtualenv example DAG requires virtualenv, please install it.
[2024-07-27T22:01:58.000+0700] {processor.py:842} WARNING - No viable dags retrieved from /usr/local/lib/python3.10/dist-packages/airflow/example_dags/tutorial_taskflow_api_virtualenv.py
[2024-07-27T22:01:58.009+0700] {processor.py:183} INFO - Processing /usr/local/lib/python3.10/dist-packages/airflow/example_dags/tutorial_taskflow_api_virtualenv.py took 0.066 seconds
[2024-07-27T22:02:37.793+0700] {processor.py:161} INFO - Started process (PID=20981) to work on /usr/local/lib/python3.10/dist-packages/airflow/example_dags/tutorial_taskflow_api_virtualenv.py
[2024-07-27T22:02:37.795+0700] {processor.py:830} INFO - Processing file /usr/local/lib/python3.10/dist-packages/airflow/example_dags/tutorial_taskflow_api_virtualenv.py for tasks to queue
[2024-07-27T22:02:37.796+0700] {logging_mixin.py:188} INFO - [2024-07-27T22:02:37.796+0700] {dagbag.py:545} INFO - Filling up the DagBag from /usr/local/lib/python3.10/dist-packages/airflow/example_dags/tutorial_taskflow_api_virtualenv.py
[2024-07-27T22:02:37.844+0700] {logging_mixin.py:188} INFO - [2024-07-27T22:02:37.844+0700] {tutorial_taskflow_api_virtualenv.py:29} WARNING - The tutorial_taskflow_api_virtualenv example DAG requires virtualenv, please install it.
[2024-07-27T22:02:37.845+0700] {processor.py:842} WARNING - No viable dags retrieved from /usr/local/lib/python3.10/dist-packages/airflow/example_dags/tutorial_taskflow_api_virtualenv.py
[2024-07-27T22:02:37.853+0700] {processor.py:183} INFO - Processing /usr/local/lib/python3.10/dist-packages/airflow/example_dags/tutorial_taskflow_api_virtualenv.py took 0.064 seconds
[2024-07-27T22:03:21.271+0700] {processor.py:161} INFO - Started process (PID=21389) to work on /usr/local/lib/python3.10/dist-packages/airflow/example_dags/tutorial_taskflow_api_virtualenv.py
[2024-07-27T22:03:21.275+0700] {processor.py:830} INFO - Processing file /usr/local/lib/python3.10/dist-packages/airflow/example_dags/tutorial_taskflow_api_virtualenv.py for tasks to queue
[2024-07-27T22:03:21.277+0700] {logging_mixin.py:188} INFO - [2024-07-27T22:03:21.276+0700] {dagbag.py:545} INFO - Filling up the DagBag from /usr/local/lib/python3.10/dist-packages/airflow/example_dags/tutorial_taskflow_api_virtualenv.py
[2024-07-27T22:03:21.316+0700] {logging_mixin.py:188} INFO - [2024-07-27T22:03:21.316+0700] {tutorial_taskflow_api_virtualenv.py:29} WARNING - The tutorial_taskflow_api_virtualenv example DAG requires virtualenv, please install it.
[2024-07-27T22:03:21.317+0700] {processor.py:842} WARNING - No viable dags retrieved from /usr/local/lib/python3.10/dist-packages/airflow/example_dags/tutorial_taskflow_api_virtualenv.py
[2024-07-27T22:03:21.325+0700] {processor.py:183} INFO - Processing /usr/local/lib/python3.10/dist-packages/airflow/example_dags/tutorial_taskflow_api_virtualenv.py took 0.072 seconds
[2024-07-27T22:04:04.108+0700] {processor.py:161} INFO - Started process (PID=21753) to work on /usr/local/lib/python3.10/dist-packages/airflow/example_dags/tutorial_taskflow_api_virtualenv.py
[2024-07-27T22:04:04.111+0700] {processor.py:830} INFO - Processing file /usr/local/lib/python3.10/dist-packages/airflow/example_dags/tutorial_taskflow_api_virtualenv.py for tasks to queue
[2024-07-27T22:04:04.112+0700] {logging_mixin.py:188} INFO - [2024-07-27T22:04:04.111+0700] {dagbag.py:545} INFO - Filling up the DagBag from /usr/local/lib/python3.10/dist-packages/airflow/example_dags/tutorial_taskflow_api_virtualenv.py
[2024-07-27T22:04:04.167+0700] {logging_mixin.py:188} INFO - [2024-07-27T22:04:04.167+0700] {tutorial_taskflow_api_virtualenv.py:29} WARNING - The tutorial_taskflow_api_virtualenv example DAG requires virtualenv, please install it.
[2024-07-27T22:04:04.167+0700] {processor.py:842} WARNING - No viable dags retrieved from /usr/local/lib/python3.10/dist-packages/airflow/example_dags/tutorial_taskflow_api_virtualenv.py
[2024-07-27T22:04:04.177+0700] {processor.py:183} INFO - Processing /usr/local/lib/python3.10/dist-packages/airflow/example_dags/tutorial_taskflow_api_virtualenv.py took 0.074 seconds
[2024-07-27T22:04:47.774+0700] {processor.py:161} INFO - Started process (PID=22340) to work on /usr/local/lib/python3.10/dist-packages/airflow/example_dags/tutorial_taskflow_api_virtualenv.py
[2024-07-27T22:04:47.777+0700] {processor.py:830} INFO - Processing file /usr/local/lib/python3.10/dist-packages/airflow/example_dags/tutorial_taskflow_api_virtualenv.py for tasks to queue
[2024-07-27T22:04:47.778+0700] {logging_mixin.py:188} INFO - [2024-07-27T22:04:47.777+0700] {dagbag.py:545} INFO - Filling up the DagBag from /usr/local/lib/python3.10/dist-packages/airflow/example_dags/tutorial_taskflow_api_virtualenv.py
[2024-07-27T22:04:47.821+0700] {logging_mixin.py:188} INFO - [2024-07-27T22:04:47.820+0700] {tutorial_taskflow_api_virtualenv.py:29} WARNING - The tutorial_taskflow_api_virtualenv example DAG requires virtualenv, please install it.
[2024-07-27T22:04:47.821+0700] {processor.py:842} WARNING - No viable dags retrieved from /usr/local/lib/python3.10/dist-packages/airflow/example_dags/tutorial_taskflow_api_virtualenv.py
[2024-07-27T22:04:47.831+0700] {processor.py:183} INFO - Processing /usr/local/lib/python3.10/dist-packages/airflow/example_dags/tutorial_taskflow_api_virtualenv.py took 0.061 seconds
[2024-07-27T22:05:32.762+0700] {processor.py:161} INFO - Started process (PID=22697) to work on /usr/local/lib/python3.10/dist-packages/airflow/example_dags/tutorial_taskflow_api_virtualenv.py
[2024-07-27T22:05:32.763+0700] {processor.py:830} INFO - Processing file /usr/local/lib/python3.10/dist-packages/airflow/example_dags/tutorial_taskflow_api_virtualenv.py for tasks to queue
[2024-07-27T22:05:32.764+0700] {logging_mixin.py:188} INFO - [2024-07-27T22:05:32.764+0700] {dagbag.py:545} INFO - Filling up the DagBag from /usr/local/lib/python3.10/dist-packages/airflow/example_dags/tutorial_taskflow_api_virtualenv.py
[2024-07-27T22:05:32.809+0700] {logging_mixin.py:188} INFO - [2024-07-27T22:05:32.808+0700] {tutorial_taskflow_api_virtualenv.py:29} WARNING - The tutorial_taskflow_api_virtualenv example DAG requires virtualenv, please install it.
[2024-07-27T22:05:32.809+0700] {processor.py:842} WARNING - No viable dags retrieved from /usr/local/lib/python3.10/dist-packages/airflow/example_dags/tutorial_taskflow_api_virtualenv.py
[2024-07-27T22:05:32.824+0700] {processor.py:183} INFO - Processing /usr/local/lib/python3.10/dist-packages/airflow/example_dags/tutorial_taskflow_api_virtualenv.py took 0.068 seconds
[2024-07-27T22:06:18.363+0700] {processor.py:161} INFO - Started process (PID=23305) to work on /usr/local/lib/python3.10/dist-packages/airflow/example_dags/tutorial_taskflow_api_virtualenv.py
[2024-07-27T22:06:18.365+0700] {processor.py:830} INFO - Processing file /usr/local/lib/python3.10/dist-packages/airflow/example_dags/tutorial_taskflow_api_virtualenv.py for tasks to queue
[2024-07-27T22:06:18.366+0700] {logging_mixin.py:188} INFO - [2024-07-27T22:06:18.365+0700] {dagbag.py:545} INFO - Filling up the DagBag from /usr/local/lib/python3.10/dist-packages/airflow/example_dags/tutorial_taskflow_api_virtualenv.py
[2024-07-27T22:06:18.419+0700] {logging_mixin.py:188} INFO - [2024-07-27T22:06:18.419+0700] {tutorial_taskflow_api_virtualenv.py:29} WARNING - The tutorial_taskflow_api_virtualenv example DAG requires virtualenv, please install it.
[2024-07-27T22:06:18.419+0700] {processor.py:842} WARNING - No viable dags retrieved from /usr/local/lib/python3.10/dist-packages/airflow/example_dags/tutorial_taskflow_api_virtualenv.py
[2024-07-27T22:06:18.428+0700] {processor.py:183} INFO - Processing /usr/local/lib/python3.10/dist-packages/airflow/example_dags/tutorial_taskflow_api_virtualenv.py took 0.070 seconds
[2024-07-27T22:07:05.058+0700] {processor.py:161} INFO - Started process (PID=23764) to work on /usr/local/lib/python3.10/dist-packages/airflow/example_dags/tutorial_taskflow_api_virtualenv.py
[2024-07-27T22:07:05.060+0700] {processor.py:830} INFO - Processing file /usr/local/lib/python3.10/dist-packages/airflow/example_dags/tutorial_taskflow_api_virtualenv.py for tasks to queue
[2024-07-27T22:07:05.061+0700] {logging_mixin.py:188} INFO - [2024-07-27T22:07:05.061+0700] {dagbag.py:545} INFO - Filling up the DagBag from /usr/local/lib/python3.10/dist-packages/airflow/example_dags/tutorial_taskflow_api_virtualenv.py
[2024-07-27T22:07:05.115+0700] {logging_mixin.py:188} INFO - [2024-07-27T22:07:05.114+0700] {tutorial_taskflow_api_virtualenv.py:29} WARNING - The tutorial_taskflow_api_virtualenv example DAG requires virtualenv, please install it.
[2024-07-27T22:07:05.115+0700] {processor.py:842} WARNING - No viable dags retrieved from /usr/local/lib/python3.10/dist-packages/airflow/example_dags/tutorial_taskflow_api_virtualenv.py
[2024-07-27T22:07:05.124+0700] {processor.py:183} INFO - Processing /usr/local/lib/python3.10/dist-packages/airflow/example_dags/tutorial_taskflow_api_virtualenv.py took 0.071 seconds
[2024-07-27T22:07:47.346+0700] {processor.py:161} INFO - Started process (PID=24142) to work on /usr/local/lib/python3.10/dist-packages/airflow/example_dags/tutorial_taskflow_api_virtualenv.py
[2024-07-27T22:07:47.348+0700] {processor.py:830} INFO - Processing file /usr/local/lib/python3.10/dist-packages/airflow/example_dags/tutorial_taskflow_api_virtualenv.py for tasks to queue
[2024-07-27T22:07:47.349+0700] {logging_mixin.py:188} INFO - [2024-07-27T22:07:47.349+0700] {dagbag.py:545} INFO - Filling up the DagBag from /usr/local/lib/python3.10/dist-packages/airflow/example_dags/tutorial_taskflow_api_virtualenv.py
[2024-07-27T22:07:47.401+0700] {logging_mixin.py:188} INFO - [2024-07-27T22:07:47.401+0700] {tutorial_taskflow_api_virtualenv.py:29} WARNING - The tutorial_taskflow_api_virtualenv example DAG requires virtualenv, please install it.
[2024-07-27T22:07:47.402+0700] {processor.py:842} WARNING - No viable dags retrieved from /usr/local/lib/python3.10/dist-packages/airflow/example_dags/tutorial_taskflow_api_virtualenv.py
[2024-07-27T22:07:47.409+0700] {processor.py:183} INFO - Processing /usr/local/lib/python3.10/dist-packages/airflow/example_dags/tutorial_taskflow_api_virtualenv.py took 0.068 seconds
[2024-07-27T22:08:29.044+0700] {processor.py:161} INFO - Started process (PID=24615) to work on /usr/local/lib/python3.10/dist-packages/airflow/example_dags/tutorial_taskflow_api_virtualenv.py
[2024-07-27T22:08:29.046+0700] {processor.py:830} INFO - Processing file /usr/local/lib/python3.10/dist-packages/airflow/example_dags/tutorial_taskflow_api_virtualenv.py for tasks to queue
[2024-07-27T22:08:29.046+0700] {logging_mixin.py:188} INFO - [2024-07-27T22:08:29.046+0700] {dagbag.py:545} INFO - Filling up the DagBag from /usr/local/lib/python3.10/dist-packages/airflow/example_dags/tutorial_taskflow_api_virtualenv.py
[2024-07-27T22:08:29.091+0700] {logging_mixin.py:188} INFO - [2024-07-27T22:08:29.091+0700] {tutorial_taskflow_api_virtualenv.py:29} WARNING - The tutorial_taskflow_api_virtualenv example DAG requires virtualenv, please install it.
[2024-07-27T22:08:29.091+0700] {processor.py:842} WARNING - No viable dags retrieved from /usr/local/lib/python3.10/dist-packages/airflow/example_dags/tutorial_taskflow_api_virtualenv.py
[2024-07-27T22:08:29.100+0700] {processor.py:183} INFO - Processing /usr/local/lib/python3.10/dist-packages/airflow/example_dags/tutorial_taskflow_api_virtualenv.py took 0.061 seconds
[2024-07-27T22:09:08.850+0700] {processor.py:161} INFO - Started process (PID=25080) to work on /usr/local/lib/python3.10/dist-packages/airflow/example_dags/tutorial_taskflow_api_virtualenv.py
[2024-07-27T22:09:08.853+0700] {processor.py:830} INFO - Processing file /usr/local/lib/python3.10/dist-packages/airflow/example_dags/tutorial_taskflow_api_virtualenv.py for tasks to queue
[2024-07-27T22:09:08.855+0700] {logging_mixin.py:188} INFO - [2024-07-27T22:09:08.854+0700] {dagbag.py:545} INFO - Filling up the DagBag from /usr/local/lib/python3.10/dist-packages/airflow/example_dags/tutorial_taskflow_api_virtualenv.py
[2024-07-27T22:09:08.918+0700] {logging_mixin.py:188} INFO - [2024-07-27T22:09:08.918+0700] {tutorial_taskflow_api_virtualenv.py:29} WARNING - The tutorial_taskflow_api_virtualenv example DAG requires virtualenv, please install it.
[2024-07-27T22:09:08.918+0700] {processor.py:842} WARNING - No viable dags retrieved from /usr/local/lib/python3.10/dist-packages/airflow/example_dags/tutorial_taskflow_api_virtualenv.py
[2024-07-27T22:09:08.928+0700] {processor.py:183} INFO - Processing /usr/local/lib/python3.10/dist-packages/airflow/example_dags/tutorial_taskflow_api_virtualenv.py took 0.083 seconds
[2024-07-27T22:09:51.718+0700] {processor.py:161} INFO - Started process (PID=25447) to work on /usr/local/lib/python3.10/dist-packages/airflow/example_dags/tutorial_taskflow_api_virtualenv.py
[2024-07-27T22:09:51.720+0700] {processor.py:830} INFO - Processing file /usr/local/lib/python3.10/dist-packages/airflow/example_dags/tutorial_taskflow_api_virtualenv.py for tasks to queue
[2024-07-27T22:09:51.721+0700] {logging_mixin.py:188} INFO - [2024-07-27T22:09:51.721+0700] {dagbag.py:545} INFO - Filling up the DagBag from /usr/local/lib/python3.10/dist-packages/airflow/example_dags/tutorial_taskflow_api_virtualenv.py
[2024-07-27T22:09:51.774+0700] {logging_mixin.py:188} INFO - [2024-07-27T22:09:51.774+0700] {tutorial_taskflow_api_virtualenv.py:29} WARNING - The tutorial_taskflow_api_virtualenv example DAG requires virtualenv, please install it.
[2024-07-27T22:09:51.774+0700] {processor.py:842} WARNING - No viable dags retrieved from /usr/local/lib/python3.10/dist-packages/airflow/example_dags/tutorial_taskflow_api_virtualenv.py
[2024-07-27T22:09:51.782+0700] {processor.py:183} INFO - Processing /usr/local/lib/python3.10/dist-packages/airflow/example_dags/tutorial_taskflow_api_virtualenv.py took 0.068 seconds
