[2024-07-26T10:58:23.616+0700] {processor.py:161} INFO - Started process (PID=1795) to work on /usr/local/lib/python3.10/dist-packages/airflow/example_dags/example_datasets.py
[2024-07-26T10:58:23.616+0700] {processor.py:830} INFO - Processing file /usr/local/lib/python3.10/dist-packages/airflow/example_dags/example_datasets.py for tasks to queue
[2024-07-26T10:58:23.617+0700] {logging_mixin.py:188} INFO - [2024-07-26T10:58:23.617+0700] {dagbag.py:545} INFO - Filling up the DagBag from /usr/local/lib/python3.10/dist-packages/airflow/example_dags/example_datasets.py
[2024-07-26T10:58:23.627+0700] {processor.py:840} INFO - DAG(s) 'consume_1_and_2_with_dataset_expressions', 'dataset_consumes_1_never_scheduled', 'consume_1_or_both_2_and_3_with_dataset_expressions', 'conditional_dataset_and_time_based_timetable', 'dataset_consumes_1', 'consume_1_or_2_with_dataset_expressions', 'dataset_consumes_1_and_2', 'dataset_consumes_unknown_never_scheduled', 'dataset_produces_1', 'dataset_produces_2' retrieved from /usr/local/lib/python3.10/dist-packages/airflow/example_dags/example_datasets.py
[2024-07-26T10:58:23.741+0700] {logging_mixin.py:188} INFO - [2024-07-26T10:58:23.740+0700] {override.py:1858} INFO - Created Permission View: can read on DAG:consume_1_and_2_with_dataset_expressions
[2024-07-26T10:58:23.761+0700] {logging_mixin.py:188} INFO - [2024-07-26T10:58:23.760+0700] {override.py:1858} INFO - Created Permission View: can edit on DAG:consume_1_and_2_with_dataset_expressions
[2024-07-26T10:58:23.778+0700] {logging_mixin.py:188} INFO - [2024-07-26T10:58:23.778+0700] {override.py:1858} INFO - Created Permission View: can delete on DAG:consume_1_and_2_with_dataset_expressions
[2024-07-26T10:58:23.816+0700] {logging_mixin.py:188} INFO - [2024-07-26T10:58:23.816+0700] {override.py:1858} INFO - Created Permission View: can read on DAG:dataset_consumes_1_never_scheduled
[2024-07-26T10:58:23.833+0700] {logging_mixin.py:188} INFO - [2024-07-26T10:58:23.833+0700] {override.py:1858} INFO - Created Permission View: can edit on DAG:dataset_consumes_1_never_scheduled
[2024-07-26T10:58:23.850+0700] {logging_mixin.py:188} INFO - [2024-07-26T10:58:23.850+0700] {override.py:1858} INFO - Created Permission View: can delete on DAG:dataset_consumes_1_never_scheduled
[2024-07-26T10:58:23.889+0700] {logging_mixin.py:188} INFO - [2024-07-26T10:58:23.889+0700] {override.py:1858} INFO - Created Permission View: can read on DAG:consume_1_or_both_2_and_3_with_dataset_expressions
[2024-07-26T10:58:23.906+0700] {logging_mixin.py:188} INFO - [2024-07-26T10:58:23.906+0700] {override.py:1858} INFO - Created Permission View: can edit on DAG:consume_1_or_both_2_and_3_with_dataset_expressions
[2024-07-26T10:58:23.924+0700] {logging_mixin.py:188} INFO - [2024-07-26T10:58:23.923+0700] {override.py:1858} INFO - Created Permission View: can delete on DAG:consume_1_or_both_2_and_3_with_dataset_expressions
[2024-07-26T10:58:23.963+0700] {logging_mixin.py:188} INFO - [2024-07-26T10:58:23.962+0700] {override.py:1858} INFO - Created Permission View: can read on DAG:conditional_dataset_and_time_based_timetable
[2024-07-26T10:58:24.060+0700] {logging_mixin.py:188} INFO - [2024-07-26T10:58:24.059+0700] {override.py:1858} INFO - Created Permission View: can edit on DAG:conditional_dataset_and_time_based_timetable
[2024-07-26T10:58:24.081+0700] {logging_mixin.py:188} INFO - [2024-07-26T10:58:24.080+0700] {override.py:1858} INFO - Created Permission View: can delete on DAG:conditional_dataset_and_time_based_timetable
[2024-07-26T10:58:24.120+0700] {logging_mixin.py:188} INFO - [2024-07-26T10:58:24.120+0700] {override.py:1858} INFO - Created Permission View: can read on DAG:dataset_consumes_1
[2024-07-26T10:58:24.139+0700] {logging_mixin.py:188} INFO - [2024-07-26T10:58:24.139+0700] {override.py:1858} INFO - Created Permission View: can edit on DAG:dataset_consumes_1
[2024-07-26T10:58:24.157+0700] {logging_mixin.py:188} INFO - [2024-07-26T10:58:24.157+0700] {override.py:1858} INFO - Created Permission View: can delete on DAG:dataset_consumes_1
[2024-07-26T10:58:24.195+0700] {logging_mixin.py:188} INFO - [2024-07-26T10:58:24.195+0700] {override.py:1858} INFO - Created Permission View: can read on DAG:consume_1_or_2_with_dataset_expressions
[2024-07-26T10:58:24.215+0700] {logging_mixin.py:188} INFO - [2024-07-26T10:58:24.214+0700] {override.py:1858} INFO - Created Permission View: can edit on DAG:consume_1_or_2_with_dataset_expressions
[2024-07-26T10:58:24.233+0700] {logging_mixin.py:188} INFO - [2024-07-26T10:58:24.232+0700] {override.py:1858} INFO - Created Permission View: can delete on DAG:consume_1_or_2_with_dataset_expressions
[2024-07-26T10:58:24.270+0700] {logging_mixin.py:188} INFO - [2024-07-26T10:58:24.270+0700] {override.py:1858} INFO - Created Permission View: can read on DAG:dataset_consumes_1_and_2
[2024-07-26T10:58:24.287+0700] {logging_mixin.py:188} INFO - [2024-07-26T10:58:24.287+0700] {override.py:1858} INFO - Created Permission View: can edit on DAG:dataset_consumes_1_and_2
[2024-07-26T10:58:24.305+0700] {logging_mixin.py:188} INFO - [2024-07-26T10:58:24.304+0700] {override.py:1858} INFO - Created Permission View: can delete on DAG:dataset_consumes_1_and_2
[2024-07-26T10:58:24.344+0700] {logging_mixin.py:188} INFO - [2024-07-26T10:58:24.343+0700] {override.py:1858} INFO - Created Permission View: can read on DAG:dataset_consumes_unknown_never_scheduled
[2024-07-26T10:58:24.361+0700] {logging_mixin.py:188} INFO - [2024-07-26T10:58:24.361+0700] {override.py:1858} INFO - Created Permission View: can edit on DAG:dataset_consumes_unknown_never_scheduled
[2024-07-26T10:58:24.379+0700] {logging_mixin.py:188} INFO - [2024-07-26T10:58:24.378+0700] {override.py:1858} INFO - Created Permission View: can delete on DAG:dataset_consumes_unknown_never_scheduled
[2024-07-26T10:58:24.417+0700] {logging_mixin.py:188} INFO - [2024-07-26T10:58:24.416+0700] {override.py:1858} INFO - Created Permission View: can read on DAG:dataset_produces_1
[2024-07-26T10:58:24.439+0700] {logging_mixin.py:188} INFO - [2024-07-26T10:58:24.438+0700] {override.py:1858} INFO - Created Permission View: can edit on DAG:dataset_produces_1
[2024-07-26T10:58:24.459+0700] {logging_mixin.py:188} INFO - [2024-07-26T10:58:24.459+0700] {override.py:1858} INFO - Created Permission View: can delete on DAG:dataset_produces_1
[2024-07-26T10:58:24.497+0700] {logging_mixin.py:188} INFO - [2024-07-26T10:58:24.496+0700] {override.py:1858} INFO - Created Permission View: can read on DAG:dataset_produces_2
[2024-07-26T10:58:24.512+0700] {logging_mixin.py:188} INFO - [2024-07-26T10:58:24.512+0700] {override.py:1858} INFO - Created Permission View: can edit on DAG:dataset_produces_2
[2024-07-26T10:58:24.528+0700] {logging_mixin.py:188} INFO - [2024-07-26T10:58:24.527+0700] {override.py:1858} INFO - Created Permission View: can delete on DAG:dataset_produces_2
[2024-07-26T10:58:24.528+0700] {logging_mixin.py:188} INFO - [2024-07-26T10:58:24.528+0700] {dag.py:3089} INFO - Sync 10 DAGs
[2024-07-26T10:58:24.535+0700] {logging_mixin.py:188} INFO - [2024-07-26T10:58:24.535+0700] {dag.py:3111} INFO - Creating ORM DAG for consume_1_or_both_2_and_3_with_dataset_expressions
[2024-07-26T10:58:24.536+0700] {logging_mixin.py:188} INFO - [2024-07-26T10:58:24.536+0700] {dag.py:3111} INFO - Creating ORM DAG for dataset_produces_1
[2024-07-26T10:58:24.536+0700] {logging_mixin.py:188} INFO - [2024-07-26T10:58:24.536+0700] {dag.py:3111} INFO - Creating ORM DAG for consume_1_or_2_with_dataset_expressions
[2024-07-26T10:58:24.537+0700] {logging_mixin.py:188} INFO - [2024-07-26T10:58:24.536+0700] {dag.py:3111} INFO - Creating ORM DAG for dataset_consumes_1_and_2
[2024-07-26T10:58:24.537+0700] {logging_mixin.py:188} INFO - [2024-07-26T10:58:24.537+0700] {dag.py:3111} INFO - Creating ORM DAG for dataset_produces_2
[2024-07-26T10:58:24.537+0700] {logging_mixin.py:188} INFO - [2024-07-26T10:58:24.537+0700] {dag.py:3111} INFO - Creating ORM DAG for conditional_dataset_and_time_based_timetable
[2024-07-26T10:58:24.537+0700] {logging_mixin.py:188} INFO - [2024-07-26T10:58:24.537+0700] {dag.py:3111} INFO - Creating ORM DAG for dataset_consumes_unknown_never_scheduled
[2024-07-26T10:58:24.538+0700] {logging_mixin.py:188} INFO - [2024-07-26T10:58:24.538+0700] {dag.py:3111} INFO - Creating ORM DAG for dataset_consumes_1
[2024-07-26T10:58:24.538+0700] {logging_mixin.py:188} INFO - [2024-07-26T10:58:24.538+0700] {dag.py:3111} INFO - Creating ORM DAG for consume_1_and_2_with_dataset_expressions
[2024-07-26T10:58:24.538+0700] {logging_mixin.py:188} INFO - [2024-07-26T10:58:24.538+0700] {dag.py:3111} INFO - Creating ORM DAG for dataset_consumes_1_never_scheduled
[2024-07-26T10:58:24.545+0700] {logging_mixin.py:188} INFO - [2024-07-26T10:58:24.545+0700] {dag.py:3947} INFO - Setting next_dagrun for conditional_dataset_and_time_based_timetable to 2024-07-24 01:00:00+00:00, run_after=2024-07-24 01:00:00+00:00
[2024-07-26T10:58:24.546+0700] {logging_mixin.py:188} INFO - [2024-07-26T10:58:24.546+0700] {dag.py:3947} INFO - Setting next_dagrun for consume_1_and_2_with_dataset_expressions to None, run_after=None
[2024-07-26T10:58:24.546+0700] {logging_mixin.py:188} INFO - [2024-07-26T10:58:24.546+0700] {dag.py:3947} INFO - Setting next_dagrun for consume_1_or_2_with_dataset_expressions to None, run_after=None
[2024-07-26T10:58:24.546+0700] {logging_mixin.py:188} INFO - [2024-07-26T10:58:24.546+0700] {dag.py:3947} INFO - Setting next_dagrun for consume_1_or_both_2_and_3_with_dataset_expressions to None, run_after=None
[2024-07-26T10:58:24.547+0700] {logging_mixin.py:188} INFO - [2024-07-26T10:58:24.546+0700] {dag.py:3947} INFO - Setting next_dagrun for dataset_consumes_1 to None, run_after=None
[2024-07-26T10:58:24.547+0700] {logging_mixin.py:188} INFO - [2024-07-26T10:58:24.547+0700] {dag.py:3947} INFO - Setting next_dagrun for dataset_consumes_1_and_2 to None, run_after=None
[2024-07-26T10:58:24.547+0700] {logging_mixin.py:188} INFO - [2024-07-26T10:58:24.547+0700] {dag.py:3947} INFO - Setting next_dagrun for dataset_consumes_1_never_scheduled to None, run_after=None
[2024-07-26T10:58:24.548+0700] {logging_mixin.py:188} INFO - [2024-07-26T10:58:24.548+0700] {dag.py:3947} INFO - Setting next_dagrun for dataset_consumes_unknown_never_scheduled to None, run_after=None
[2024-07-26T10:58:24.549+0700] {logging_mixin.py:188} INFO - [2024-07-26T10:58:24.549+0700] {dag.py:3947} INFO - Setting next_dagrun for dataset_produces_1 to 2024-07-25 00:00:00+00:00, run_after=2024-07-26 00:00:00+00:00
[2024-07-26T10:58:24.549+0700] {logging_mixin.py:188} INFO - [2024-07-26T10:58:24.549+0700] {dag.py:3947} INFO - Setting next_dagrun for dataset_produces_2 to None, run_after=None
[2024-07-26T10:58:24.590+0700] {processor.py:183} INFO - Processing /usr/local/lib/python3.10/dist-packages/airflow/example_dags/example_datasets.py took 0.978 seconds
[2024-07-26T10:59:18.830+0700] {processor.py:161} INFO - Started process (PID=2068) to work on /usr/local/lib/python3.10/dist-packages/airflow/example_dags/example_datasets.py
[2024-07-26T10:59:18.833+0700] {processor.py:830} INFO - Processing file /usr/local/lib/python3.10/dist-packages/airflow/example_dags/example_datasets.py for tasks to queue
[2024-07-26T10:59:18.836+0700] {logging_mixin.py:188} INFO - [2024-07-26T10:59:18.835+0700] {dagbag.py:545} INFO - Filling up the DagBag from /usr/local/lib/python3.10/dist-packages/airflow/example_dags/example_datasets.py
[2024-07-26T10:59:18.851+0700] {processor.py:840} INFO - DAG(s) 'dataset_produces_1', 'dataset_produces_2', 'consume_1_or_2_with_dataset_expressions', 'conditional_dataset_and_time_based_timetable', 'consume_1_and_2_with_dataset_expressions', 'dataset_consumes_1_and_2', 'dataset_consumes_unknown_never_scheduled', 'dataset_consumes_1', 'consume_1_or_both_2_and_3_with_dataset_expressions', 'dataset_consumes_1_never_scheduled' retrieved from /usr/local/lib/python3.10/dist-packages/airflow/example_dags/example_datasets.py
[2024-07-26T10:59:18.893+0700] {logging_mixin.py:188} INFO - [2024-07-26T10:59:18.893+0700] {dag.py:3089} INFO - Sync 10 DAGs
[2024-07-26T10:59:18.918+0700] {logging_mixin.py:188} INFO - [2024-07-26T10:59:18.918+0700] {dag.py:3947} INFO - Setting next_dagrun for conditional_dataset_and_time_based_timetable to 2024-07-24 01:00:00+00:00, run_after=2024-07-24 01:00:00+00:00
[2024-07-26T10:59:18.921+0700] {logging_mixin.py:188} INFO - [2024-07-26T10:59:18.921+0700] {dag.py:3947} INFO - Setting next_dagrun for consume_1_and_2_with_dataset_expressions to None, run_after=None
[2024-07-26T10:59:19.056+0700] {logging_mixin.py:188} INFO - [2024-07-26T10:59:19.056+0700] {dag.py:3947} INFO - Setting next_dagrun for consume_1_or_2_with_dataset_expressions to None, run_after=None
[2024-07-26T10:59:19.058+0700] {logging_mixin.py:188} INFO - [2024-07-26T10:59:19.058+0700] {dag.py:3947} INFO - Setting next_dagrun for consume_1_or_both_2_and_3_with_dataset_expressions to None, run_after=None
[2024-07-26T10:59:19.060+0700] {logging_mixin.py:188} INFO - [2024-07-26T10:59:19.059+0700] {dag.py:3947} INFO - Setting next_dagrun for dataset_consumes_1 to None, run_after=None
[2024-07-26T10:59:19.061+0700] {logging_mixin.py:188} INFO - [2024-07-26T10:59:19.061+0700] {dag.py:3947} INFO - Setting next_dagrun for dataset_consumes_1_and_2 to None, run_after=None
[2024-07-26T10:59:19.062+0700] {logging_mixin.py:188} INFO - [2024-07-26T10:59:19.062+0700] {dag.py:3947} INFO - Setting next_dagrun for dataset_consumes_1_never_scheduled to None, run_after=None
[2024-07-26T10:59:19.064+0700] {logging_mixin.py:188} INFO - [2024-07-26T10:59:19.064+0700] {dag.py:3947} INFO - Setting next_dagrun for dataset_consumes_unknown_never_scheduled to None, run_after=None
[2024-07-26T10:59:19.066+0700] {logging_mixin.py:188} INFO - [2024-07-26T10:59:19.066+0700] {dag.py:3947} INFO - Setting next_dagrun for dataset_produces_1 to 2024-07-25 00:00:00+00:00, run_after=2024-07-26 00:00:00+00:00
[2024-07-26T10:59:19.068+0700] {logging_mixin.py:188} INFO - [2024-07-26T10:59:19.067+0700] {dag.py:3947} INFO - Setting next_dagrun for dataset_produces_2 to None, run_after=None
[2024-07-26T10:59:19.113+0700] {processor.py:183} INFO - Processing /usr/local/lib/python3.10/dist-packages/airflow/example_dags/example_datasets.py took 0.291 seconds
[2024-07-26T11:00:21.375+0700] {processor.py:161} INFO - Started process (PID=2382) to work on /usr/local/lib/python3.10/dist-packages/airflow/example_dags/example_datasets.py
[2024-07-26T11:00:21.378+0700] {processor.py:830} INFO - Processing file /usr/local/lib/python3.10/dist-packages/airflow/example_dags/example_datasets.py for tasks to queue
[2024-07-26T11:00:21.379+0700] {logging_mixin.py:188} INFO - [2024-07-26T11:00:21.378+0700] {dagbag.py:545} INFO - Filling up the DagBag from /usr/local/lib/python3.10/dist-packages/airflow/example_dags/example_datasets.py
[2024-07-26T11:00:21.388+0700] {processor.py:840} INFO - DAG(s) 'consume_1_or_2_with_dataset_expressions', 'dataset_consumes_1_and_2', 'dataset_consumes_1_never_scheduled', 'dataset_consumes_1', 'dataset_consumes_unknown_never_scheduled', 'dataset_produces_2', 'conditional_dataset_and_time_based_timetable', 'consume_1_and_2_with_dataset_expressions', 'consume_1_or_both_2_and_3_with_dataset_expressions', 'dataset_produces_1' retrieved from /usr/local/lib/python3.10/dist-packages/airflow/example_dags/example_datasets.py
[2024-07-26T11:00:21.419+0700] {logging_mixin.py:188} INFO - [2024-07-26T11:00:21.419+0700] {dag.py:3089} INFO - Sync 10 DAGs
[2024-07-26T11:00:21.436+0700] {logging_mixin.py:188} INFO - [2024-07-26T11:00:21.436+0700] {dag.py:3947} INFO - Setting next_dagrun for conditional_dataset_and_time_based_timetable to 2024-07-24 01:00:00+00:00, run_after=2024-07-24 01:00:00+00:00
[2024-07-26T11:00:21.440+0700] {logging_mixin.py:188} INFO - [2024-07-26T11:00:21.440+0700] {dag.py:3947} INFO - Setting next_dagrun for consume_1_and_2_with_dataset_expressions to None, run_after=None
[2024-07-26T11:00:21.441+0700] {logging_mixin.py:188} INFO - [2024-07-26T11:00:21.441+0700] {dag.py:3947} INFO - Setting next_dagrun for consume_1_or_2_with_dataset_expressions to None, run_after=None
[2024-07-26T11:00:21.442+0700] {logging_mixin.py:188} INFO - [2024-07-26T11:00:21.442+0700] {dag.py:3947} INFO - Setting next_dagrun for consume_1_or_both_2_and_3_with_dataset_expressions to None, run_after=None
[2024-07-26T11:00:21.443+0700] {logging_mixin.py:188} INFO - [2024-07-26T11:00:21.443+0700] {dag.py:3947} INFO - Setting next_dagrun for dataset_consumes_1 to None, run_after=None
[2024-07-26T11:00:21.443+0700] {logging_mixin.py:188} INFO - [2024-07-26T11:00:21.443+0700] {dag.py:3947} INFO - Setting next_dagrun for dataset_consumes_1_and_2 to None, run_after=None
[2024-07-26T11:00:21.444+0700] {logging_mixin.py:188} INFO - [2024-07-26T11:00:21.444+0700] {dag.py:3947} INFO - Setting next_dagrun for dataset_consumes_1_never_scheduled to None, run_after=None
[2024-07-26T11:00:21.445+0700] {logging_mixin.py:188} INFO - [2024-07-26T11:00:21.445+0700] {dag.py:3947} INFO - Setting next_dagrun for dataset_consumes_unknown_never_scheduled to None, run_after=None
[2024-07-26T11:00:21.447+0700] {logging_mixin.py:188} INFO - [2024-07-26T11:00:21.446+0700] {dag.py:3947} INFO - Setting next_dagrun for dataset_produces_1 to 2024-07-25 00:00:00+00:00, run_after=2024-07-26 00:00:00+00:00
[2024-07-26T11:00:21.448+0700] {logging_mixin.py:188} INFO - [2024-07-26T11:00:21.448+0700] {dag.py:3947} INFO - Setting next_dagrun for dataset_produces_2 to None, run_after=None
[2024-07-26T11:00:21.484+0700] {processor.py:183} INFO - Processing /usr/local/lib/python3.10/dist-packages/airflow/example_dags/example_datasets.py took 0.112 seconds
[2024-07-26T11:01:20.439+0700] {processor.py:161} INFO - Started process (PID=2677) to work on /usr/local/lib/python3.10/dist-packages/airflow/example_dags/example_datasets.py
[2024-07-26T11:01:20.442+0700] {processor.py:830} INFO - Processing file /usr/local/lib/python3.10/dist-packages/airflow/example_dags/example_datasets.py for tasks to queue
[2024-07-26T11:01:20.444+0700] {logging_mixin.py:188} INFO - [2024-07-26T11:01:20.443+0700] {dagbag.py:545} INFO - Filling up the DagBag from /usr/local/lib/python3.10/dist-packages/airflow/example_dags/example_datasets.py
[2024-07-26T11:01:20.452+0700] {processor.py:840} INFO - DAG(s) 'conditional_dataset_and_time_based_timetable', 'dataset_produces_2', 'dataset_consumes_unknown_never_scheduled', 'consume_1_and_2_with_dataset_expressions', 'dataset_consumes_1_never_scheduled', 'dataset_consumes_1', 'dataset_produces_1', 'consume_1_or_2_with_dataset_expressions', 'consume_1_or_both_2_and_3_with_dataset_expressions', 'dataset_consumes_1_and_2' retrieved from /usr/local/lib/python3.10/dist-packages/airflow/example_dags/example_datasets.py
[2024-07-26T11:01:20.486+0700] {logging_mixin.py:188} INFO - [2024-07-26T11:01:20.485+0700] {dag.py:3089} INFO - Sync 10 DAGs
[2024-07-26T11:01:20.506+0700] {logging_mixin.py:188} INFO - [2024-07-26T11:01:20.506+0700] {dag.py:3947} INFO - Setting next_dagrun for conditional_dataset_and_time_based_timetable to 2024-07-24 01:00:00+00:00, run_after=2024-07-24 01:00:00+00:00
[2024-07-26T11:01:20.510+0700] {logging_mixin.py:188} INFO - [2024-07-26T11:01:20.509+0700] {dag.py:3947} INFO - Setting next_dagrun for consume_1_and_2_with_dataset_expressions to None, run_after=None
[2024-07-26T11:01:20.511+0700] {logging_mixin.py:188} INFO - [2024-07-26T11:01:20.511+0700] {dag.py:3947} INFO - Setting next_dagrun for consume_1_or_2_with_dataset_expressions to None, run_after=None
[2024-07-26T11:01:20.512+0700] {logging_mixin.py:188} INFO - [2024-07-26T11:01:20.512+0700] {dag.py:3947} INFO - Setting next_dagrun for consume_1_or_both_2_and_3_with_dataset_expressions to None, run_after=None
[2024-07-26T11:01:20.513+0700] {logging_mixin.py:188} INFO - [2024-07-26T11:01:20.513+0700] {dag.py:3947} INFO - Setting next_dagrun for dataset_consumes_1 to None, run_after=None
[2024-07-26T11:01:20.515+0700] {logging_mixin.py:188} INFO - [2024-07-26T11:01:20.514+0700] {dag.py:3947} INFO - Setting next_dagrun for dataset_consumes_1_and_2 to None, run_after=None
[2024-07-26T11:01:20.517+0700] {logging_mixin.py:188} INFO - [2024-07-26T11:01:20.516+0700] {dag.py:3947} INFO - Setting next_dagrun for dataset_consumes_1_never_scheduled to None, run_after=None
[2024-07-26T11:01:20.518+0700] {logging_mixin.py:188} INFO - [2024-07-26T11:01:20.518+0700] {dag.py:3947} INFO - Setting next_dagrun for dataset_consumes_unknown_never_scheduled to None, run_after=None
[2024-07-26T11:01:20.520+0700] {logging_mixin.py:188} INFO - [2024-07-26T11:01:20.520+0700] {dag.py:3947} INFO - Setting next_dagrun for dataset_produces_1 to 2024-07-25 00:00:00+00:00, run_after=2024-07-26 00:00:00+00:00
[2024-07-26T11:01:20.521+0700] {logging_mixin.py:188} INFO - [2024-07-26T11:01:20.521+0700] {dag.py:3947} INFO - Setting next_dagrun for dataset_produces_2 to None, run_after=None
[2024-07-26T11:01:20.561+0700] {processor.py:183} INFO - Processing /usr/local/lib/python3.10/dist-packages/airflow/example_dags/example_datasets.py took 0.127 seconds
[2024-07-26T11:02:18.490+0700] {processor.py:161} INFO - Started process (PID=2967) to work on /usr/local/lib/python3.10/dist-packages/airflow/example_dags/example_datasets.py
[2024-07-26T11:02:18.491+0700] {processor.py:830} INFO - Processing file /usr/local/lib/python3.10/dist-packages/airflow/example_dags/example_datasets.py for tasks to queue
[2024-07-26T11:02:18.493+0700] {logging_mixin.py:188} INFO - [2024-07-26T11:02:18.492+0700] {dagbag.py:545} INFO - Filling up the DagBag from /usr/local/lib/python3.10/dist-packages/airflow/example_dags/example_datasets.py
[2024-07-26T11:02:18.503+0700] {processor.py:840} INFO - DAG(s) 'consume_1_or_both_2_and_3_with_dataset_expressions', 'dataset_consumes_unknown_never_scheduled', 'dataset_consumes_1_never_scheduled', 'dataset_produces_2', 'consume_1_and_2_with_dataset_expressions', 'dataset_consumes_1', 'conditional_dataset_and_time_based_timetable', 'dataset_produces_1', 'dataset_consumes_1_and_2', 'consume_1_or_2_with_dataset_expressions' retrieved from /usr/local/lib/python3.10/dist-packages/airflow/example_dags/example_datasets.py
[2024-07-26T11:02:18.538+0700] {logging_mixin.py:188} INFO - [2024-07-26T11:02:18.538+0700] {dag.py:3089} INFO - Sync 10 DAGs
[2024-07-26T11:02:18.557+0700] {logging_mixin.py:188} INFO - [2024-07-26T11:02:18.557+0700] {dag.py:3947} INFO - Setting next_dagrun for conditional_dataset_and_time_based_timetable to 2024-07-24 01:00:00+00:00, run_after=2024-07-24 01:00:00+00:00
[2024-07-26T11:02:18.563+0700] {logging_mixin.py:188} INFO - [2024-07-26T11:02:18.562+0700] {dag.py:3947} INFO - Setting next_dagrun for consume_1_and_2_with_dataset_expressions to None, run_after=None
[2024-07-26T11:02:18.565+0700] {logging_mixin.py:188} INFO - [2024-07-26T11:02:18.565+0700] {dag.py:3947} INFO - Setting next_dagrun for consume_1_or_2_with_dataset_expressions to None, run_after=None
[2024-07-26T11:02:18.566+0700] {logging_mixin.py:188} INFO - [2024-07-26T11:02:18.566+0700] {dag.py:3947} INFO - Setting next_dagrun for consume_1_or_both_2_and_3_with_dataset_expressions to None, run_after=None
[2024-07-26T11:02:18.568+0700] {logging_mixin.py:188} INFO - [2024-07-26T11:02:18.567+0700] {dag.py:3947} INFO - Setting next_dagrun for dataset_consumes_1 to None, run_after=None
[2024-07-26T11:02:18.569+0700] {logging_mixin.py:188} INFO - [2024-07-26T11:02:18.569+0700] {dag.py:3947} INFO - Setting next_dagrun for dataset_consumes_1_and_2 to None, run_after=None
[2024-07-26T11:02:18.570+0700] {logging_mixin.py:188} INFO - [2024-07-26T11:02:18.570+0700] {dag.py:3947} INFO - Setting next_dagrun for dataset_consumes_1_never_scheduled to None, run_after=None
[2024-07-26T11:02:18.570+0700] {logging_mixin.py:188} INFO - [2024-07-26T11:02:18.570+0700] {dag.py:3947} INFO - Setting next_dagrun for dataset_consumes_unknown_never_scheduled to None, run_after=None
[2024-07-26T11:02:18.572+0700] {logging_mixin.py:188} INFO - [2024-07-26T11:02:18.572+0700] {dag.py:3947} INFO - Setting next_dagrun for dataset_produces_1 to 2024-07-25 00:00:00+00:00, run_after=2024-07-26 00:00:00+00:00
[2024-07-26T11:02:18.573+0700] {logging_mixin.py:188} INFO - [2024-07-26T11:02:18.573+0700] {dag.py:3947} INFO - Setting next_dagrun for dataset_produces_2 to None, run_after=None
[2024-07-26T11:02:18.613+0700] {processor.py:183} INFO - Processing /usr/local/lib/python3.10/dist-packages/airflow/example_dags/example_datasets.py took 0.128 seconds
[2024-07-26T11:03:14.924+0700] {processor.py:161} INFO - Started process (PID=3248) to work on /usr/local/lib/python3.10/dist-packages/airflow/example_dags/example_datasets.py
[2024-07-26T11:03:14.926+0700] {processor.py:830} INFO - Processing file /usr/local/lib/python3.10/dist-packages/airflow/example_dags/example_datasets.py for tasks to queue
[2024-07-26T11:03:14.928+0700] {logging_mixin.py:188} INFO - [2024-07-26T11:03:14.927+0700] {dagbag.py:545} INFO - Filling up the DagBag from /usr/local/lib/python3.10/dist-packages/airflow/example_dags/example_datasets.py
[2024-07-26T11:03:14.937+0700] {processor.py:840} INFO - DAG(s) 'conditional_dataset_and_time_based_timetable', 'dataset_consumes_1', 'dataset_consumes_1_never_scheduled', 'dataset_consumes_unknown_never_scheduled', 'dataset_consumes_1_and_2', 'dataset_produces_2', 'consume_1_or_2_with_dataset_expressions', 'consume_1_and_2_with_dataset_expressions', 'dataset_produces_1', 'consume_1_or_both_2_and_3_with_dataset_expressions' retrieved from /usr/local/lib/python3.10/dist-packages/airflow/example_dags/example_datasets.py
[2024-07-26T11:03:14.969+0700] {logging_mixin.py:188} INFO - [2024-07-26T11:03:14.969+0700] {dag.py:3089} INFO - Sync 10 DAGs
[2024-07-26T11:03:14.986+0700] {logging_mixin.py:188} INFO - [2024-07-26T11:03:14.986+0700] {dag.py:3947} INFO - Setting next_dagrun for conditional_dataset_and_time_based_timetable to 2024-07-24 01:00:00+00:00, run_after=2024-07-24 01:00:00+00:00
[2024-07-26T11:03:14.989+0700] {logging_mixin.py:188} INFO - [2024-07-26T11:03:14.989+0700] {dag.py:3947} INFO - Setting next_dagrun for consume_1_and_2_with_dataset_expressions to None, run_after=None
[2024-07-26T11:03:14.990+0700] {logging_mixin.py:188} INFO - [2024-07-26T11:03:14.990+0700] {dag.py:3947} INFO - Setting next_dagrun for consume_1_or_2_with_dataset_expressions to None, run_after=None
[2024-07-26T11:03:14.991+0700] {logging_mixin.py:188} INFO - [2024-07-26T11:03:14.991+0700] {dag.py:3947} INFO - Setting next_dagrun for consume_1_or_both_2_and_3_with_dataset_expressions to None, run_after=None
[2024-07-26T11:03:14.992+0700] {logging_mixin.py:188} INFO - [2024-07-26T11:03:14.991+0700] {dag.py:3947} INFO - Setting next_dagrun for dataset_consumes_1 to None, run_after=None
[2024-07-26T11:03:14.992+0700] {logging_mixin.py:188} INFO - [2024-07-26T11:03:14.992+0700] {dag.py:3947} INFO - Setting next_dagrun for dataset_consumes_1_and_2 to None, run_after=None
[2024-07-26T11:03:14.993+0700] {logging_mixin.py:188} INFO - [2024-07-26T11:03:14.993+0700] {dag.py:3947} INFO - Setting next_dagrun for dataset_consumes_1_never_scheduled to None, run_after=None
[2024-07-26T11:03:14.994+0700] {logging_mixin.py:188} INFO - [2024-07-26T11:03:14.994+0700] {dag.py:3947} INFO - Setting next_dagrun for dataset_consumes_unknown_never_scheduled to None, run_after=None
[2024-07-26T11:03:14.996+0700] {logging_mixin.py:188} INFO - [2024-07-26T11:03:14.995+0700] {dag.py:3947} INFO - Setting next_dagrun for dataset_produces_1 to 2024-07-25 00:00:00+00:00, run_after=2024-07-26 00:00:00+00:00
[2024-07-26T11:03:14.997+0700] {logging_mixin.py:188} INFO - [2024-07-26T11:03:14.996+0700] {dag.py:3947} INFO - Setting next_dagrun for dataset_produces_2 to None, run_after=None
[2024-07-26T11:03:15.032+0700] {processor.py:183} INFO - Processing /usr/local/lib/python3.10/dist-packages/airflow/example_dags/example_datasets.py took 0.112 seconds
[2024-07-26T11:04:02.823+0700] {processor.py:161} INFO - Started process (PID=3598) to work on /usr/local/lib/python3.10/dist-packages/airflow/example_dags/example_datasets.py
[2024-07-26T11:04:02.825+0700] {processor.py:830} INFO - Processing file /usr/local/lib/python3.10/dist-packages/airflow/example_dags/example_datasets.py for tasks to queue
[2024-07-26T11:04:02.826+0700] {logging_mixin.py:188} INFO - [2024-07-26T11:04:02.826+0700] {dagbag.py:545} INFO - Filling up the DagBag from /usr/local/lib/python3.10/dist-packages/airflow/example_dags/example_datasets.py
[2024-07-26T11:04:02.835+0700] {processor.py:840} INFO - DAG(s) 'consume_1_and_2_with_dataset_expressions', 'dataset_produces_1', 'dataset_consumes_unknown_never_scheduled', 'dataset_consumes_1_and_2', 'conditional_dataset_and_time_based_timetable', 'consume_1_or_2_with_dataset_expressions', 'dataset_consumes_1_never_scheduled', 'dataset_consumes_1', 'dataset_produces_2', 'consume_1_or_both_2_and_3_with_dataset_expressions' retrieved from /usr/local/lib/python3.10/dist-packages/airflow/example_dags/example_datasets.py
[2024-07-26T11:04:02.865+0700] {logging_mixin.py:188} INFO - [2024-07-26T11:04:02.865+0700] {dag.py:3089} INFO - Sync 10 DAGs
[2024-07-26T11:04:02.882+0700] {logging_mixin.py:188} INFO - [2024-07-26T11:04:02.882+0700] {dag.py:3947} INFO - Setting next_dagrun for conditional_dataset_and_time_based_timetable to 2024-07-24 01:00:00+00:00, run_after=2024-07-24 01:00:00+00:00
[2024-07-26T11:04:02.885+0700] {logging_mixin.py:188} INFO - [2024-07-26T11:04:02.885+0700] {dag.py:3947} INFO - Setting next_dagrun for consume_1_and_2_with_dataset_expressions to None, run_after=None
[2024-07-26T11:04:02.886+0700] {logging_mixin.py:188} INFO - [2024-07-26T11:04:02.886+0700] {dag.py:3947} INFO - Setting next_dagrun for consume_1_or_2_with_dataset_expressions to None, run_after=None
[2024-07-26T11:04:02.887+0700] {logging_mixin.py:188} INFO - [2024-07-26T11:04:02.887+0700] {dag.py:3947} INFO - Setting next_dagrun for consume_1_or_both_2_and_3_with_dataset_expressions to None, run_after=None
[2024-07-26T11:04:02.887+0700] {logging_mixin.py:188} INFO - [2024-07-26T11:04:02.887+0700] {dag.py:3947} INFO - Setting next_dagrun for dataset_consumes_1 to None, run_after=None
[2024-07-26T11:04:02.888+0700] {logging_mixin.py:188} INFO - [2024-07-26T11:04:02.888+0700] {dag.py:3947} INFO - Setting next_dagrun for dataset_consumes_1_and_2 to None, run_after=None
[2024-07-26T11:04:02.889+0700] {logging_mixin.py:188} INFO - [2024-07-26T11:04:02.889+0700] {dag.py:3947} INFO - Setting next_dagrun for dataset_consumes_1_never_scheduled to None, run_after=None
[2024-07-26T11:04:02.890+0700] {logging_mixin.py:188} INFO - [2024-07-26T11:04:02.890+0700] {dag.py:3947} INFO - Setting next_dagrun for dataset_consumes_unknown_never_scheduled to None, run_after=None
[2024-07-26T11:04:02.892+0700] {logging_mixin.py:188} INFO - [2024-07-26T11:04:02.891+0700] {dag.py:3947} INFO - Setting next_dagrun for dataset_produces_1 to 2024-07-25 00:00:00+00:00, run_after=2024-07-26 00:00:00+00:00
[2024-07-26T11:04:02.892+0700] {logging_mixin.py:188} INFO - [2024-07-26T11:04:02.892+0700] {dag.py:3947} INFO - Setting next_dagrun for dataset_produces_2 to None, run_after=None
[2024-07-26T11:04:02.928+0700] {processor.py:183} INFO - Processing /usr/local/lib/python3.10/dist-packages/airflow/example_dags/example_datasets.py took 0.109 seconds
[2024-07-26T11:05:03.487+0700] {processor.py:161} INFO - Started process (PID=3916) to work on /usr/local/lib/python3.10/dist-packages/airflow/example_dags/example_datasets.py
[2024-07-26T11:05:03.489+0700] {processor.py:830} INFO - Processing file /usr/local/lib/python3.10/dist-packages/airflow/example_dags/example_datasets.py for tasks to queue
[2024-07-26T11:05:03.490+0700] {logging_mixin.py:188} INFO - [2024-07-26T11:05:03.490+0700] {dagbag.py:545} INFO - Filling up the DagBag from /usr/local/lib/python3.10/dist-packages/airflow/example_dags/example_datasets.py
[2024-07-26T11:05:03.499+0700] {processor.py:840} INFO - DAG(s) 'dataset_consumes_1', 'consume_1_or_both_2_and_3_with_dataset_expressions', 'dataset_consumes_1_never_scheduled', 'dataset_consumes_1_and_2', 'dataset_consumes_unknown_never_scheduled', 'consume_1_and_2_with_dataset_expressions', 'conditional_dataset_and_time_based_timetable', 'dataset_produces_2', 'consume_1_or_2_with_dataset_expressions', 'dataset_produces_1' retrieved from /usr/local/lib/python3.10/dist-packages/airflow/example_dags/example_datasets.py
[2024-07-26T11:05:03.531+0700] {logging_mixin.py:188} INFO - [2024-07-26T11:05:03.530+0700] {dag.py:3089} INFO - Sync 10 DAGs
[2024-07-26T11:05:03.548+0700] {logging_mixin.py:188} INFO - [2024-07-26T11:05:03.548+0700] {dag.py:3947} INFO - Setting next_dagrun for conditional_dataset_and_time_based_timetable to 2024-07-24 01:00:00+00:00, run_after=2024-07-24 01:00:00+00:00
[2024-07-26T11:05:03.551+0700] {logging_mixin.py:188} INFO - [2024-07-26T11:05:03.551+0700] {dag.py:3947} INFO - Setting next_dagrun for consume_1_and_2_with_dataset_expressions to None, run_after=None
[2024-07-26T11:05:03.552+0700] {logging_mixin.py:188} INFO - [2024-07-26T11:05:03.552+0700] {dag.py:3947} INFO - Setting next_dagrun for consume_1_or_2_with_dataset_expressions to None, run_after=None
[2024-07-26T11:05:03.553+0700] {logging_mixin.py:188} INFO - [2024-07-26T11:05:03.552+0700] {dag.py:3947} INFO - Setting next_dagrun for consume_1_or_both_2_and_3_with_dataset_expressions to None, run_after=None
[2024-07-26T11:05:03.554+0700] {logging_mixin.py:188} INFO - [2024-07-26T11:05:03.553+0700] {dag.py:3947} INFO - Setting next_dagrun for dataset_consumes_1 to None, run_after=None
[2024-07-26T11:05:03.555+0700] {logging_mixin.py:188} INFO - [2024-07-26T11:05:03.554+0700] {dag.py:3947} INFO - Setting next_dagrun for dataset_consumes_1_and_2 to None, run_after=None
[2024-07-26T11:05:03.556+0700] {logging_mixin.py:188} INFO - [2024-07-26T11:05:03.555+0700] {dag.py:3947} INFO - Setting next_dagrun for dataset_consumes_1_never_scheduled to None, run_after=None
[2024-07-26T11:05:03.556+0700] {logging_mixin.py:188} INFO - [2024-07-26T11:05:03.556+0700] {dag.py:3947} INFO - Setting next_dagrun for dataset_consumes_unknown_never_scheduled to None, run_after=None
[2024-07-26T11:05:03.559+0700] {logging_mixin.py:188} INFO - [2024-07-26T11:05:03.559+0700] {dag.py:3947} INFO - Setting next_dagrun for dataset_produces_1 to 2024-07-25 00:00:00+00:00, run_after=2024-07-26 00:00:00+00:00
[2024-07-26T11:05:03.560+0700] {logging_mixin.py:188} INFO - [2024-07-26T11:05:03.560+0700] {dag.py:3947} INFO - Setting next_dagrun for dataset_produces_2 to None, run_after=None
[2024-07-26T11:05:03.597+0700] {processor.py:183} INFO - Processing /usr/local/lib/python3.10/dist-packages/airflow/example_dags/example_datasets.py took 0.115 seconds
[2024-07-26T11:06:01.521+0700] {processor.py:161} INFO - Started process (PID=4206) to work on /usr/local/lib/python3.10/dist-packages/airflow/example_dags/example_datasets.py
[2024-07-26T11:06:01.523+0700] {processor.py:830} INFO - Processing file /usr/local/lib/python3.10/dist-packages/airflow/example_dags/example_datasets.py for tasks to queue
[2024-07-26T11:06:01.524+0700] {logging_mixin.py:188} INFO - [2024-07-26T11:06:01.524+0700] {dagbag.py:545} INFO - Filling up the DagBag from /usr/local/lib/python3.10/dist-packages/airflow/example_dags/example_datasets.py
[2024-07-26T11:06:01.536+0700] {processor.py:840} INFO - DAG(s) 'dataset_produces_2', 'dataset_consumes_unknown_never_scheduled', 'conditional_dataset_and_time_based_timetable', 'dataset_consumes_1', 'dataset_consumes_1_and_2', 'dataset_produces_1', 'consume_1_or_both_2_and_3_with_dataset_expressions', 'consume_1_and_2_with_dataset_expressions', 'dataset_consumes_1_never_scheduled', 'consume_1_or_2_with_dataset_expressions' retrieved from /usr/local/lib/python3.10/dist-packages/airflow/example_dags/example_datasets.py
[2024-07-26T11:06:01.573+0700] {logging_mixin.py:188} INFO - [2024-07-26T11:06:01.573+0700] {dag.py:3089} INFO - Sync 10 DAGs
[2024-07-26T11:06:01.590+0700] {logging_mixin.py:188} INFO - [2024-07-26T11:06:01.590+0700] {dag.py:3947} INFO - Setting next_dagrun for conditional_dataset_and_time_based_timetable to 2024-07-24 01:00:00+00:00, run_after=2024-07-24 01:00:00+00:00
[2024-07-26T11:06:01.594+0700] {logging_mixin.py:188} INFO - [2024-07-26T11:06:01.593+0700] {dag.py:3947} INFO - Setting next_dagrun for consume_1_and_2_with_dataset_expressions to None, run_after=None
[2024-07-26T11:06:01.596+0700] {logging_mixin.py:188} INFO - [2024-07-26T11:06:01.595+0700] {dag.py:3947} INFO - Setting next_dagrun for consume_1_or_2_with_dataset_expressions to None, run_after=None
[2024-07-26T11:06:01.598+0700] {logging_mixin.py:188} INFO - [2024-07-26T11:06:01.597+0700] {dag.py:3947} INFO - Setting next_dagrun for consume_1_or_both_2_and_3_with_dataset_expressions to None, run_after=None
[2024-07-26T11:06:01.599+0700] {logging_mixin.py:188} INFO - [2024-07-26T11:06:01.599+0700] {dag.py:3947} INFO - Setting next_dagrun for dataset_consumes_1 to None, run_after=None
[2024-07-26T11:06:01.600+0700] {logging_mixin.py:188} INFO - [2024-07-26T11:06:01.600+0700] {dag.py:3947} INFO - Setting next_dagrun for dataset_consumes_1_and_2 to None, run_after=None
[2024-07-26T11:06:01.601+0700] {logging_mixin.py:188} INFO - [2024-07-26T11:06:01.601+0700] {dag.py:3947} INFO - Setting next_dagrun for dataset_consumes_1_never_scheduled to None, run_after=None
[2024-07-26T11:06:01.603+0700] {logging_mixin.py:188} INFO - [2024-07-26T11:06:01.603+0700] {dag.py:3947} INFO - Setting next_dagrun for dataset_consumes_unknown_never_scheduled to None, run_after=None
[2024-07-26T11:06:01.606+0700] {logging_mixin.py:188} INFO - [2024-07-26T11:06:01.605+0700] {dag.py:3947} INFO - Setting next_dagrun for dataset_produces_1 to 2024-07-25 00:00:00+00:00, run_after=2024-07-26 00:00:00+00:00
[2024-07-26T11:06:01.607+0700] {logging_mixin.py:188} INFO - [2024-07-26T11:06:01.607+0700] {dag.py:3947} INFO - Setting next_dagrun for dataset_produces_2 to None, run_after=None
[2024-07-26T11:06:01.649+0700] {processor.py:183} INFO - Processing /usr/local/lib/python3.10/dist-packages/airflow/example_dags/example_datasets.py took 0.133 seconds
[2024-07-26T11:07:05.185+0700] {processor.py:161} INFO - Started process (PID=4521) to work on /usr/local/lib/python3.10/dist-packages/airflow/example_dags/example_datasets.py
[2024-07-26T11:07:05.187+0700] {processor.py:830} INFO - Processing file /usr/local/lib/python3.10/dist-packages/airflow/example_dags/example_datasets.py for tasks to queue
[2024-07-26T11:07:05.188+0700] {logging_mixin.py:188} INFO - [2024-07-26T11:07:05.188+0700] {dagbag.py:545} INFO - Filling up the DagBag from /usr/local/lib/python3.10/dist-packages/airflow/example_dags/example_datasets.py
[2024-07-26T11:07:05.199+0700] {processor.py:840} INFO - DAG(s) 'dataset_consumes_1', 'dataset_produces_1', 'dataset_consumes_1_and_2', 'dataset_consumes_unknown_never_scheduled', 'consume_1_and_2_with_dataset_expressions', 'dataset_consumes_1_never_scheduled', 'conditional_dataset_and_time_based_timetable', 'consume_1_or_both_2_and_3_with_dataset_expressions', 'dataset_produces_2', 'consume_1_or_2_with_dataset_expressions' retrieved from /usr/local/lib/python3.10/dist-packages/airflow/example_dags/example_datasets.py
[2024-07-26T11:07:05.237+0700] {logging_mixin.py:188} INFO - [2024-07-26T11:07:05.236+0700] {dag.py:3089} INFO - Sync 10 DAGs
[2024-07-26T11:07:05.253+0700] {logging_mixin.py:188} INFO - [2024-07-26T11:07:05.253+0700] {dag.py:3947} INFO - Setting next_dagrun for conditional_dataset_and_time_based_timetable to 2024-07-24 01:00:00+00:00, run_after=2024-07-24 01:00:00+00:00
[2024-07-26T11:07:05.256+0700] {logging_mixin.py:188} INFO - [2024-07-26T11:07:05.256+0700] {dag.py:3947} INFO - Setting next_dagrun for consume_1_and_2_with_dataset_expressions to None, run_after=None
[2024-07-26T11:07:05.258+0700] {logging_mixin.py:188} INFO - [2024-07-26T11:07:05.257+0700] {dag.py:3947} INFO - Setting next_dagrun for consume_1_or_2_with_dataset_expressions to None, run_after=None
[2024-07-26T11:07:05.260+0700] {logging_mixin.py:188} INFO - [2024-07-26T11:07:05.259+0700] {dag.py:3947} INFO - Setting next_dagrun for consume_1_or_both_2_and_3_with_dataset_expressions to None, run_after=None
[2024-07-26T11:07:05.261+0700] {logging_mixin.py:188} INFO - [2024-07-26T11:07:05.261+0700] {dag.py:3947} INFO - Setting next_dagrun for dataset_consumes_1 to None, run_after=None
[2024-07-26T11:07:05.263+0700] {logging_mixin.py:188} INFO - [2024-07-26T11:07:05.262+0700] {dag.py:3947} INFO - Setting next_dagrun for dataset_consumes_1_and_2 to None, run_after=None
[2024-07-26T11:07:05.265+0700] {logging_mixin.py:188} INFO - [2024-07-26T11:07:05.264+0700] {dag.py:3947} INFO - Setting next_dagrun for dataset_consumes_1_never_scheduled to None, run_after=None
[2024-07-26T11:07:05.266+0700] {logging_mixin.py:188} INFO - [2024-07-26T11:07:05.265+0700] {dag.py:3947} INFO - Setting next_dagrun for dataset_consumes_unknown_never_scheduled to None, run_after=None
[2024-07-26T11:07:05.267+0700] {logging_mixin.py:188} INFO - [2024-07-26T11:07:05.267+0700] {dag.py:3947} INFO - Setting next_dagrun for dataset_produces_1 to 2024-07-25 00:00:00+00:00, run_after=2024-07-26 00:00:00+00:00
[2024-07-26T11:07:05.269+0700] {logging_mixin.py:188} INFO - [2024-07-26T11:07:05.268+0700] {dag.py:3947} INFO - Setting next_dagrun for dataset_produces_2 to None, run_after=None
[2024-07-26T11:07:05.306+0700] {processor.py:183} INFO - Processing /usr/local/lib/python3.10/dist-packages/airflow/example_dags/example_datasets.py took 0.129 seconds
[2024-07-26T11:08:03.639+0700] {processor.py:161} INFO - Started process (PID=4812) to work on /usr/local/lib/python3.10/dist-packages/airflow/example_dags/example_datasets.py
[2024-07-26T11:08:03.642+0700] {processor.py:830} INFO - Processing file /usr/local/lib/python3.10/dist-packages/airflow/example_dags/example_datasets.py for tasks to queue
[2024-07-26T11:08:03.646+0700] {logging_mixin.py:188} INFO - [2024-07-26T11:08:03.645+0700] {dagbag.py:545} INFO - Filling up the DagBag from /usr/local/lib/python3.10/dist-packages/airflow/example_dags/example_datasets.py
[2024-07-26T11:08:03.658+0700] {processor.py:840} INFO - DAG(s) 'consume_1_or_2_with_dataset_expressions', 'conditional_dataset_and_time_based_timetable', 'dataset_produces_1', 'dataset_consumes_unknown_never_scheduled', 'dataset_consumes_1', 'dataset_consumes_1_and_2', 'dataset_consumes_1_never_scheduled', 'consume_1_and_2_with_dataset_expressions', 'consume_1_or_both_2_and_3_with_dataset_expressions', 'dataset_produces_2' retrieved from /usr/local/lib/python3.10/dist-packages/airflow/example_dags/example_datasets.py
[2024-07-26T11:08:03.701+0700] {logging_mixin.py:188} INFO - [2024-07-26T11:08:03.701+0700] {dag.py:3089} INFO - Sync 10 DAGs
[2024-07-26T11:08:03.720+0700] {logging_mixin.py:188} INFO - [2024-07-26T11:08:03.720+0700] {dag.py:3947} INFO - Setting next_dagrun for conditional_dataset_and_time_based_timetable to 2024-07-24 01:00:00+00:00, run_after=2024-07-24 01:00:00+00:00
[2024-07-26T11:08:03.723+0700] {logging_mixin.py:188} INFO - [2024-07-26T11:08:03.723+0700] {dag.py:3947} INFO - Setting next_dagrun for consume_1_and_2_with_dataset_expressions to None, run_after=None
[2024-07-26T11:08:03.724+0700] {logging_mixin.py:188} INFO - [2024-07-26T11:08:03.724+0700] {dag.py:3947} INFO - Setting next_dagrun for consume_1_or_2_with_dataset_expressions to None, run_after=None
[2024-07-26T11:08:03.725+0700] {logging_mixin.py:188} INFO - [2024-07-26T11:08:03.725+0700] {dag.py:3947} INFO - Setting next_dagrun for consume_1_or_both_2_and_3_with_dataset_expressions to None, run_after=None
[2024-07-26T11:08:03.726+0700] {logging_mixin.py:188} INFO - [2024-07-26T11:08:03.726+0700] {dag.py:3947} INFO - Setting next_dagrun for dataset_consumes_1 to None, run_after=None
[2024-07-26T11:08:03.726+0700] {logging_mixin.py:188} INFO - [2024-07-26T11:08:03.726+0700] {dag.py:3947} INFO - Setting next_dagrun for dataset_consumes_1_and_2 to None, run_after=None
[2024-07-26T11:08:03.727+0700] {logging_mixin.py:188} INFO - [2024-07-26T11:08:03.727+0700] {dag.py:3947} INFO - Setting next_dagrun for dataset_consumes_1_never_scheduled to None, run_after=None
[2024-07-26T11:08:03.728+0700] {logging_mixin.py:188} INFO - [2024-07-26T11:08:03.728+0700] {dag.py:3947} INFO - Setting next_dagrun for dataset_consumes_unknown_never_scheduled to None, run_after=None
[2024-07-26T11:08:03.730+0700] {logging_mixin.py:188} INFO - [2024-07-26T11:08:03.730+0700] {dag.py:3947} INFO - Setting next_dagrun for dataset_produces_1 to 2024-07-25 00:00:00+00:00, run_after=2024-07-26 00:00:00+00:00
[2024-07-26T11:08:03.731+0700] {logging_mixin.py:188} INFO - [2024-07-26T11:08:03.731+0700] {dag.py:3947} INFO - Setting next_dagrun for dataset_produces_2 to None, run_after=None
[2024-07-26T11:08:03.765+0700] {processor.py:183} INFO - Processing /usr/local/lib/python3.10/dist-packages/airflow/example_dags/example_datasets.py took 0.132 seconds
[2024-07-26T11:09:02.773+0700] {processor.py:161} INFO - Started process (PID=5108) to work on /usr/local/lib/python3.10/dist-packages/airflow/example_dags/example_datasets.py
[2024-07-26T11:09:02.775+0700] {processor.py:830} INFO - Processing file /usr/local/lib/python3.10/dist-packages/airflow/example_dags/example_datasets.py for tasks to queue
[2024-07-26T11:09:02.777+0700] {logging_mixin.py:188} INFO - [2024-07-26T11:09:02.776+0700] {dagbag.py:545} INFO - Filling up the DagBag from /usr/local/lib/python3.10/dist-packages/airflow/example_dags/example_datasets.py
[2024-07-26T11:09:02.785+0700] {processor.py:840} INFO - DAG(s) 'dataset_consumes_unknown_never_scheduled', 'consume_1_or_both_2_and_3_with_dataset_expressions', 'dataset_produces_2', 'dataset_consumes_1_never_scheduled', 'dataset_consumes_1', 'dataset_consumes_1_and_2', 'consume_1_and_2_with_dataset_expressions', 'consume_1_or_2_with_dataset_expressions', 'conditional_dataset_and_time_based_timetable', 'dataset_produces_1' retrieved from /usr/local/lib/python3.10/dist-packages/airflow/example_dags/example_datasets.py
[2024-07-26T11:09:02.817+0700] {logging_mixin.py:188} INFO - [2024-07-26T11:09:02.817+0700] {dag.py:3089} INFO - Sync 10 DAGs
[2024-07-26T11:09:02.833+0700] {logging_mixin.py:188} INFO - [2024-07-26T11:09:02.833+0700] {dag.py:3947} INFO - Setting next_dagrun for conditional_dataset_and_time_based_timetable to 2024-07-24 01:00:00+00:00, run_after=2024-07-24 01:00:00+00:00
[2024-07-26T11:09:02.836+0700] {logging_mixin.py:188} INFO - [2024-07-26T11:09:02.836+0700] {dag.py:3947} INFO - Setting next_dagrun for consume_1_and_2_with_dataset_expressions to None, run_after=None
[2024-07-26T11:09:02.837+0700] {logging_mixin.py:188} INFO - [2024-07-26T11:09:02.837+0700] {dag.py:3947} INFO - Setting next_dagrun for consume_1_or_2_with_dataset_expressions to None, run_after=None
[2024-07-26T11:09:02.838+0700] {logging_mixin.py:188} INFO - [2024-07-26T11:09:02.838+0700] {dag.py:3947} INFO - Setting next_dagrun for consume_1_or_both_2_and_3_with_dataset_expressions to None, run_after=None
[2024-07-26T11:09:02.839+0700] {logging_mixin.py:188} INFO - [2024-07-26T11:09:02.839+0700] {dag.py:3947} INFO - Setting next_dagrun for dataset_consumes_1 to None, run_after=None
[2024-07-26T11:09:02.839+0700] {logging_mixin.py:188} INFO - [2024-07-26T11:09:02.839+0700] {dag.py:3947} INFO - Setting next_dagrun for dataset_consumes_1_and_2 to None, run_after=None
[2024-07-26T11:09:02.840+0700] {logging_mixin.py:188} INFO - [2024-07-26T11:09:02.840+0700] {dag.py:3947} INFO - Setting next_dagrun for dataset_consumes_1_never_scheduled to None, run_after=None
[2024-07-26T11:09:02.841+0700] {logging_mixin.py:188} INFO - [2024-07-26T11:09:02.841+0700] {dag.py:3947} INFO - Setting next_dagrun for dataset_consumes_unknown_never_scheduled to None, run_after=None
[2024-07-26T11:09:02.843+0700] {logging_mixin.py:188} INFO - [2024-07-26T11:09:02.843+0700] {dag.py:3947} INFO - Setting next_dagrun for dataset_produces_1 to 2024-07-25 00:00:00+00:00, run_after=2024-07-26 00:00:00+00:00
[2024-07-26T11:09:02.844+0700] {logging_mixin.py:188} INFO - [2024-07-26T11:09:02.844+0700] {dag.py:3947} INFO - Setting next_dagrun for dataset_produces_2 to None, run_after=None
[2024-07-26T11:09:02.884+0700] {processor.py:183} INFO - Processing /usr/local/lib/python3.10/dist-packages/airflow/example_dags/example_datasets.py took 0.116 seconds
[2024-07-26T11:10:02.816+0700] {processor.py:161} INFO - Started process (PID=5406) to work on /usr/local/lib/python3.10/dist-packages/airflow/example_dags/example_datasets.py
[2024-07-26T11:10:02.818+0700] {processor.py:830} INFO - Processing file /usr/local/lib/python3.10/dist-packages/airflow/example_dags/example_datasets.py for tasks to queue
[2024-07-26T11:10:02.819+0700] {logging_mixin.py:188} INFO - [2024-07-26T11:10:02.818+0700] {dagbag.py:545} INFO - Filling up the DagBag from /usr/local/lib/python3.10/dist-packages/airflow/example_dags/example_datasets.py
[2024-07-26T11:10:02.828+0700] {processor.py:840} INFO - DAG(s) 'consume_1_or_both_2_and_3_with_dataset_expressions', 'dataset_produces_1', 'consume_1_and_2_with_dataset_expressions', 'dataset_consumes_1_and_2', 'conditional_dataset_and_time_based_timetable', 'dataset_produces_2', 'consume_1_or_2_with_dataset_expressions', 'dataset_consumes_1', 'dataset_consumes_unknown_never_scheduled', 'dataset_consumes_1_never_scheduled' retrieved from /usr/local/lib/python3.10/dist-packages/airflow/example_dags/example_datasets.py
[2024-07-26T11:10:02.860+0700] {logging_mixin.py:188} INFO - [2024-07-26T11:10:02.860+0700] {dag.py:3089} INFO - Sync 10 DAGs
[2024-07-26T11:10:02.877+0700] {logging_mixin.py:188} INFO - [2024-07-26T11:10:02.877+0700] {dag.py:3947} INFO - Setting next_dagrun for conditional_dataset_and_time_based_timetable to 2024-07-24 01:00:00+00:00, run_after=2024-07-24 01:00:00+00:00
[2024-07-26T11:10:02.880+0700] {logging_mixin.py:188} INFO - [2024-07-26T11:10:02.879+0700] {dag.py:3947} INFO - Setting next_dagrun for consume_1_and_2_with_dataset_expressions to None, run_after=None
[2024-07-26T11:10:02.881+0700] {logging_mixin.py:188} INFO - [2024-07-26T11:10:02.881+0700] {dag.py:3947} INFO - Setting next_dagrun for consume_1_or_2_with_dataset_expressions to None, run_after=None
[2024-07-26T11:10:02.882+0700] {logging_mixin.py:188} INFO - [2024-07-26T11:10:02.881+0700] {dag.py:3947} INFO - Setting next_dagrun for consume_1_or_both_2_and_3_with_dataset_expressions to None, run_after=None
[2024-07-26T11:10:02.882+0700] {logging_mixin.py:188} INFO - [2024-07-26T11:10:02.882+0700] {dag.py:3947} INFO - Setting next_dagrun for dataset_consumes_1 to None, run_after=None
[2024-07-26T11:10:02.883+0700] {logging_mixin.py:188} INFO - [2024-07-26T11:10:02.883+0700] {dag.py:3947} INFO - Setting next_dagrun for dataset_consumes_1_and_2 to None, run_after=None
[2024-07-26T11:10:02.884+0700] {logging_mixin.py:188} INFO - [2024-07-26T11:10:02.884+0700] {dag.py:3947} INFO - Setting next_dagrun for dataset_consumes_1_never_scheduled to None, run_after=None
[2024-07-26T11:10:02.884+0700] {logging_mixin.py:188} INFO - [2024-07-26T11:10:02.884+0700] {dag.py:3947} INFO - Setting next_dagrun for dataset_consumes_unknown_never_scheduled to None, run_after=None
[2024-07-26T11:10:02.886+0700] {logging_mixin.py:188} INFO - [2024-07-26T11:10:02.886+0700] {dag.py:3947} INFO - Setting next_dagrun for dataset_produces_1 to 2024-07-25 00:00:00+00:00, run_after=2024-07-26 00:00:00+00:00
[2024-07-26T11:10:02.887+0700] {logging_mixin.py:188} INFO - [2024-07-26T11:10:02.887+0700] {dag.py:3947} INFO - Setting next_dagrun for dataset_produces_2 to None, run_after=None
[2024-07-26T11:10:02.923+0700] {processor.py:183} INFO - Processing /usr/local/lib/python3.10/dist-packages/airflow/example_dags/example_datasets.py took 0.113 seconds
[2024-07-26T11:11:01.249+0700] {processor.py:161} INFO - Started process (PID=5697) to work on /usr/local/lib/python3.10/dist-packages/airflow/example_dags/example_datasets.py
[2024-07-26T11:11:01.250+0700] {processor.py:830} INFO - Processing file /usr/local/lib/python3.10/dist-packages/airflow/example_dags/example_datasets.py for tasks to queue
[2024-07-26T11:11:01.252+0700] {logging_mixin.py:188} INFO - [2024-07-26T11:11:01.251+0700] {dagbag.py:545} INFO - Filling up the DagBag from /usr/local/lib/python3.10/dist-packages/airflow/example_dags/example_datasets.py
[2024-07-26T11:11:01.261+0700] {processor.py:840} INFO - DAG(s) 'dataset_produces_2', 'conditional_dataset_and_time_based_timetable', 'consume_1_and_2_with_dataset_expressions', 'consume_1_or_2_with_dataset_expressions', 'dataset_consumes_1', 'consume_1_or_both_2_and_3_with_dataset_expressions', 'dataset_consumes_1_and_2', 'dataset_consumes_unknown_never_scheduled', 'dataset_consumes_1_never_scheduled', 'dataset_produces_1' retrieved from /usr/local/lib/python3.10/dist-packages/airflow/example_dags/example_datasets.py
[2024-07-26T11:11:01.294+0700] {logging_mixin.py:188} INFO - [2024-07-26T11:11:01.294+0700] {dag.py:3089} INFO - Sync 10 DAGs
[2024-07-26T11:11:01.312+0700] {logging_mixin.py:188} INFO - [2024-07-26T11:11:01.311+0700] {dag.py:3947} INFO - Setting next_dagrun for conditional_dataset_and_time_based_timetable to 2024-07-24 01:00:00+00:00, run_after=2024-07-24 01:00:00+00:00
[2024-07-26T11:11:01.315+0700] {logging_mixin.py:188} INFO - [2024-07-26T11:11:01.314+0700] {dag.py:3947} INFO - Setting next_dagrun for consume_1_and_2_with_dataset_expressions to None, run_after=None
[2024-07-26T11:11:01.316+0700] {logging_mixin.py:188} INFO - [2024-07-26T11:11:01.315+0700] {dag.py:3947} INFO - Setting next_dagrun for consume_1_or_2_with_dataset_expressions to None, run_after=None
[2024-07-26T11:11:01.316+0700] {logging_mixin.py:188} INFO - [2024-07-26T11:11:01.316+0700] {dag.py:3947} INFO - Setting next_dagrun for consume_1_or_both_2_and_3_with_dataset_expressions to None, run_after=None
[2024-07-26T11:11:01.317+0700] {logging_mixin.py:188} INFO - [2024-07-26T11:11:01.317+0700] {dag.py:3947} INFO - Setting next_dagrun for dataset_consumes_1 to None, run_after=None
[2024-07-26T11:11:01.318+0700] {logging_mixin.py:188} INFO - [2024-07-26T11:11:01.317+0700] {dag.py:3947} INFO - Setting next_dagrun for dataset_consumes_1_and_2 to None, run_after=None
[2024-07-26T11:11:01.318+0700] {logging_mixin.py:188} INFO - [2024-07-26T11:11:01.318+0700] {dag.py:3947} INFO - Setting next_dagrun for dataset_consumes_1_never_scheduled to None, run_after=None
[2024-07-26T11:11:01.319+0700] {logging_mixin.py:188} INFO - [2024-07-26T11:11:01.319+0700] {dag.py:3947} INFO - Setting next_dagrun for dataset_consumes_unknown_never_scheduled to None, run_after=None
[2024-07-26T11:11:01.321+0700] {logging_mixin.py:188} INFO - [2024-07-26T11:11:01.321+0700] {dag.py:3947} INFO - Setting next_dagrun for dataset_produces_1 to 2024-07-25 00:00:00+00:00, run_after=2024-07-26 00:00:00+00:00
[2024-07-26T11:11:01.322+0700] {logging_mixin.py:188} INFO - [2024-07-26T11:11:01.322+0700] {dag.py:3947} INFO - Setting next_dagrun for dataset_produces_2 to None, run_after=None
[2024-07-26T11:11:01.358+0700] {processor.py:183} INFO - Processing /usr/local/lib/python3.10/dist-packages/airflow/example_dags/example_datasets.py took 0.114 seconds
[2024-07-26T11:11:56.624+0700] {processor.py:161} INFO - Started process (PID=5974) to work on /usr/local/lib/python3.10/dist-packages/airflow/example_dags/example_datasets.py
[2024-07-26T11:11:56.626+0700] {processor.py:830} INFO - Processing file /usr/local/lib/python3.10/dist-packages/airflow/example_dags/example_datasets.py for tasks to queue
[2024-07-26T11:11:56.627+0700] {logging_mixin.py:188} INFO - [2024-07-26T11:11:56.627+0700] {dagbag.py:545} INFO - Filling up the DagBag from /usr/local/lib/python3.10/dist-packages/airflow/example_dags/example_datasets.py
[2024-07-26T11:11:56.639+0700] {processor.py:840} INFO - DAG(s) 'consume_1_or_both_2_and_3_with_dataset_expressions', 'consume_1_and_2_with_dataset_expressions', 'dataset_produces_1', 'consume_1_or_2_with_dataset_expressions', 'dataset_consumes_1_and_2', 'conditional_dataset_and_time_based_timetable', 'dataset_consumes_unknown_never_scheduled', 'dataset_consumes_1', 'dataset_produces_2', 'dataset_consumes_1_never_scheduled' retrieved from /usr/local/lib/python3.10/dist-packages/airflow/example_dags/example_datasets.py
[2024-07-26T11:11:56.675+0700] {logging_mixin.py:188} INFO - [2024-07-26T11:11:56.674+0700] {dag.py:3089} INFO - Sync 10 DAGs
[2024-07-26T11:11:56.693+0700] {logging_mixin.py:188} INFO - [2024-07-26T11:11:56.693+0700] {dag.py:3947} INFO - Setting next_dagrun for conditional_dataset_and_time_based_timetable to 2024-07-24 01:00:00+00:00, run_after=2024-07-24 01:00:00+00:00
[2024-07-26T11:11:56.696+0700] {logging_mixin.py:188} INFO - [2024-07-26T11:11:56.695+0700] {dag.py:3947} INFO - Setting next_dagrun for consume_1_and_2_with_dataset_expressions to None, run_after=None
[2024-07-26T11:11:56.696+0700] {logging_mixin.py:188} INFO - [2024-07-26T11:11:56.696+0700] {dag.py:3947} INFO - Setting next_dagrun for consume_1_or_2_with_dataset_expressions to None, run_after=None
[2024-07-26T11:11:56.697+0700] {logging_mixin.py:188} INFO - [2024-07-26T11:11:56.697+0700] {dag.py:3947} INFO - Setting next_dagrun for consume_1_or_both_2_and_3_with_dataset_expressions to None, run_after=None
[2024-07-26T11:11:56.698+0700] {logging_mixin.py:188} INFO - [2024-07-26T11:11:56.698+0700] {dag.py:3947} INFO - Setting next_dagrun for dataset_consumes_1 to None, run_after=None
[2024-07-26T11:11:56.699+0700] {logging_mixin.py:188} INFO - [2024-07-26T11:11:56.698+0700] {dag.py:3947} INFO - Setting next_dagrun for dataset_consumes_1_and_2 to None, run_after=None
[2024-07-26T11:11:56.699+0700] {logging_mixin.py:188} INFO - [2024-07-26T11:11:56.699+0700] {dag.py:3947} INFO - Setting next_dagrun for dataset_consumes_1_never_scheduled to None, run_after=None
[2024-07-26T11:11:56.700+0700] {logging_mixin.py:188} INFO - [2024-07-26T11:11:56.700+0700] {dag.py:3947} INFO - Setting next_dagrun for dataset_consumes_unknown_never_scheduled to None, run_after=None
[2024-07-26T11:11:56.702+0700] {logging_mixin.py:188} INFO - [2024-07-26T11:11:56.702+0700] {dag.py:3947} INFO - Setting next_dagrun for dataset_produces_1 to 2024-07-25 00:00:00+00:00, run_after=2024-07-26 00:00:00+00:00
[2024-07-26T11:11:56.703+0700] {logging_mixin.py:188} INFO - [2024-07-26T11:11:56.703+0700] {dag.py:3947} INFO - Setting next_dagrun for dataset_produces_2 to None, run_after=None
[2024-07-26T11:11:56.744+0700] {processor.py:183} INFO - Processing /usr/local/lib/python3.10/dist-packages/airflow/example_dags/example_datasets.py took 0.127 seconds
