[2024-07-26T10:58:32.796+0700] {processor.py:161} INFO - Started process (PID=1842) to work on /usr/local/lib/python3.10/dist-packages/airflow/example_dags/example_external_task_marker_dag.py
[2024-07-26T10:58:32.797+0700] {processor.py:830} INFO - Processing file /usr/local/lib/python3.10/dist-packages/airflow/example_dags/example_external_task_marker_dag.py for tasks to queue
[2024-07-26T10:58:32.798+0700] {logging_mixin.py:188} INFO - [2024-07-26T10:58:32.798+0700] {dagbag.py:545} INFO - Filling up the DagBag from /usr/local/lib/python3.10/dist-packages/airflow/example_dags/example_external_task_marker_dag.py
[2024-07-26T10:58:32.802+0700] {processor.py:840} INFO - DAG(s) 'example_external_task_marker_parent', 'example_external_task_marker_child' retrieved from /usr/local/lib/python3.10/dist-packages/airflow/example_dags/example_external_task_marker_dag.py
[2024-07-26T10:58:32.904+0700] {logging_mixin.py:188} INFO - [2024-07-26T10:58:32.903+0700] {override.py:1858} INFO - Created Permission View: can read on DAG:example_external_task_marker_parent
[2024-07-26T10:58:32.929+0700] {logging_mixin.py:188} INFO - [2024-07-26T10:58:32.928+0700] {override.py:1858} INFO - Created Permission View: can edit on DAG:example_external_task_marker_parent
[2024-07-26T10:58:32.958+0700] {logging_mixin.py:188} INFO - [2024-07-26T10:58:32.958+0700] {override.py:1858} INFO - Created Permission View: can delete on DAG:example_external_task_marker_parent
[2024-07-26T10:58:33.168+0700] {logging_mixin.py:188} INFO - [2024-07-26T10:58:33.168+0700] {override.py:1858} INFO - Created Permission View: can read on DAG:example_external_task_marker_child
[2024-07-26T10:58:33.192+0700] {logging_mixin.py:188} INFO - [2024-07-26T10:58:33.192+0700] {override.py:1858} INFO - Created Permission View: can edit on DAG:example_external_task_marker_child
[2024-07-26T10:58:33.238+0700] {logging_mixin.py:188} INFO - [2024-07-26T10:58:33.237+0700] {override.py:1858} INFO - Created Permission View: can delete on DAG:example_external_task_marker_child
[2024-07-26T10:58:33.239+0700] {logging_mixin.py:188} INFO - [2024-07-26T10:58:33.238+0700] {dag.py:3089} INFO - Sync 2 DAGs
[2024-07-26T10:58:33.432+0700] {logging_mixin.py:188} INFO - [2024-07-26T10:58:33.432+0700] {dag.py:3111} INFO - Creating ORM DAG for example_external_task_marker_parent
[2024-07-26T10:58:33.433+0700] {logging_mixin.py:188} INFO - [2024-07-26T10:58:33.433+0700] {dag.py:3111} INFO - Creating ORM DAG for example_external_task_marker_child
[2024-07-26T10:58:33.434+0700] {logging_mixin.py:188} INFO - [2024-07-26T10:58:33.433+0700] {dag.py:3947} INFO - Setting next_dagrun for example_external_task_marker_child to None, run_after=None
[2024-07-26T10:58:33.434+0700] {logging_mixin.py:188} INFO - [2024-07-26T10:58:33.434+0700] {dag.py:3947} INFO - Setting next_dagrun for example_external_task_marker_parent to None, run_after=None
[2024-07-26T10:58:33.466+0700] {processor.py:183} INFO - Processing /usr/local/lib/python3.10/dist-packages/airflow/example_dags/example_external_task_marker_dag.py took 0.674 seconds
[2024-07-26T10:59:25.603+0700] {processor.py:161} INFO - Started process (PID=2101) to work on /usr/local/lib/python3.10/dist-packages/airflow/example_dags/example_external_task_marker_dag.py
[2024-07-26T10:59:25.605+0700] {processor.py:830} INFO - Processing file /usr/local/lib/python3.10/dist-packages/airflow/example_dags/example_external_task_marker_dag.py for tasks to queue
[2024-07-26T10:59:25.606+0700] {logging_mixin.py:188} INFO - [2024-07-26T10:59:25.606+0700] {dagbag.py:545} INFO - Filling up the DagBag from /usr/local/lib/python3.10/dist-packages/airflow/example_dags/example_external_task_marker_dag.py
[2024-07-26T10:59:25.610+0700] {processor.py:840} INFO - DAG(s) 'example_external_task_marker_parent', 'example_external_task_marker_child' retrieved from /usr/local/lib/python3.10/dist-packages/airflow/example_dags/example_external_task_marker_dag.py
[2024-07-26T10:59:25.624+0700] {logging_mixin.py:188} INFO - [2024-07-26T10:59:25.623+0700] {dag.py:3089} INFO - Sync 2 DAGs
[2024-07-26T10:59:25.632+0700] {logging_mixin.py:188} INFO - [2024-07-26T10:59:25.632+0700] {dag.py:3947} INFO - Setting next_dagrun for example_external_task_marker_child to None, run_after=None
[2024-07-26T10:59:25.635+0700] {logging_mixin.py:188} INFO - [2024-07-26T10:59:25.635+0700] {dag.py:3947} INFO - Setting next_dagrun for example_external_task_marker_parent to None, run_after=None
[2024-07-26T10:59:25.663+0700] {processor.py:183} INFO - Processing /usr/local/lib/python3.10/dist-packages/airflow/example_dags/example_external_task_marker_dag.py took 0.068 seconds
[2024-07-26T11:00:28.054+0700] {processor.py:161} INFO - Started process (PID=2415) to work on /usr/local/lib/python3.10/dist-packages/airflow/example_dags/example_external_task_marker_dag.py
[2024-07-26T11:00:28.055+0700] {processor.py:830} INFO - Processing file /usr/local/lib/python3.10/dist-packages/airflow/example_dags/example_external_task_marker_dag.py for tasks to queue
[2024-07-26T11:00:28.057+0700] {logging_mixin.py:188} INFO - [2024-07-26T11:00:28.057+0700] {dagbag.py:545} INFO - Filling up the DagBag from /usr/local/lib/python3.10/dist-packages/airflow/example_dags/example_external_task_marker_dag.py
[2024-07-26T11:00:28.061+0700] {processor.py:840} INFO - DAG(s) 'example_external_task_marker_parent', 'example_external_task_marker_child' retrieved from /usr/local/lib/python3.10/dist-packages/airflow/example_dags/example_external_task_marker_dag.py
[2024-07-26T11:00:28.075+0700] {logging_mixin.py:188} INFO - [2024-07-26T11:00:28.075+0700] {dag.py:3089} INFO - Sync 2 DAGs
[2024-07-26T11:00:28.083+0700] {logging_mixin.py:188} INFO - [2024-07-26T11:00:28.083+0700] {dag.py:3947} INFO - Setting next_dagrun for example_external_task_marker_child to None, run_after=None
[2024-07-26T11:00:28.086+0700] {logging_mixin.py:188} INFO - [2024-07-26T11:00:28.085+0700] {dag.py:3947} INFO - Setting next_dagrun for example_external_task_marker_parent to None, run_after=None
[2024-07-26T11:00:28.114+0700] {processor.py:183} INFO - Processing /usr/local/lib/python3.10/dist-packages/airflow/example_dags/example_external_task_marker_dag.py took 0.064 seconds
[2024-07-26T11:01:27.063+0700] {processor.py:161} INFO - Started process (PID=2710) to work on /usr/local/lib/python3.10/dist-packages/airflow/example_dags/example_external_task_marker_dag.py
[2024-07-26T11:01:27.066+0700] {processor.py:830} INFO - Processing file /usr/local/lib/python3.10/dist-packages/airflow/example_dags/example_external_task_marker_dag.py for tasks to queue
[2024-07-26T11:01:27.067+0700] {logging_mixin.py:188} INFO - [2024-07-26T11:01:27.067+0700] {dagbag.py:545} INFO - Filling up the DagBag from /usr/local/lib/python3.10/dist-packages/airflow/example_dags/example_external_task_marker_dag.py
[2024-07-26T11:01:27.071+0700] {processor.py:840} INFO - DAG(s) 'example_external_task_marker_child', 'example_external_task_marker_parent' retrieved from /usr/local/lib/python3.10/dist-packages/airflow/example_dags/example_external_task_marker_dag.py
[2024-07-26T11:01:27.084+0700] {logging_mixin.py:188} INFO - [2024-07-26T11:01:27.084+0700] {dag.py:3089} INFO - Sync 2 DAGs
[2024-07-26T11:01:27.092+0700] {logging_mixin.py:188} INFO - [2024-07-26T11:01:27.092+0700] {dag.py:3947} INFO - Setting next_dagrun for example_external_task_marker_child to None, run_after=None
[2024-07-26T11:01:27.095+0700] {logging_mixin.py:188} INFO - [2024-07-26T11:01:27.095+0700] {dag.py:3947} INFO - Setting next_dagrun for example_external_task_marker_parent to None, run_after=None
[2024-07-26T11:01:27.124+0700] {processor.py:183} INFO - Processing /usr/local/lib/python3.10/dist-packages/airflow/example_dags/example_external_task_marker_dag.py took 0.066 seconds
[2024-07-26T11:02:25.119+0700] {processor.py:161} INFO - Started process (PID=3000) to work on /usr/local/lib/python3.10/dist-packages/airflow/example_dags/example_external_task_marker_dag.py
[2024-07-26T11:02:25.120+0700] {processor.py:830} INFO - Processing file /usr/local/lib/python3.10/dist-packages/airflow/example_dags/example_external_task_marker_dag.py for tasks to queue
[2024-07-26T11:02:25.122+0700] {logging_mixin.py:188} INFO - [2024-07-26T11:02:25.122+0700] {dagbag.py:545} INFO - Filling up the DagBag from /usr/local/lib/python3.10/dist-packages/airflow/example_dags/example_external_task_marker_dag.py
[2024-07-26T11:02:25.127+0700] {processor.py:840} INFO - DAG(s) 'example_external_task_marker_parent', 'example_external_task_marker_child' retrieved from /usr/local/lib/python3.10/dist-packages/airflow/example_dags/example_external_task_marker_dag.py
[2024-07-26T11:02:25.143+0700] {logging_mixin.py:188} INFO - [2024-07-26T11:02:25.143+0700] {dag.py:3089} INFO - Sync 2 DAGs
[2024-07-26T11:02:25.153+0700] {logging_mixin.py:188} INFO - [2024-07-26T11:02:25.153+0700] {dag.py:3947} INFO - Setting next_dagrun for example_external_task_marker_child to None, run_after=None
[2024-07-26T11:02:25.157+0700] {logging_mixin.py:188} INFO - [2024-07-26T11:02:25.156+0700] {dag.py:3947} INFO - Setting next_dagrun for example_external_task_marker_parent to None, run_after=None
[2024-07-26T11:02:25.185+0700] {processor.py:183} INFO - Processing /usr/local/lib/python3.10/dist-packages/airflow/example_dags/example_external_task_marker_dag.py took 0.071 seconds
[2024-07-26T11:03:21.503+0700] {processor.py:161} INFO - Started process (PID=3385) to work on /usr/local/lib/python3.10/dist-packages/airflow/example_dags/example_external_task_marker_dag.py
[2024-07-26T11:03:21.504+0700] {processor.py:830} INFO - Processing file /usr/local/lib/python3.10/dist-packages/airflow/example_dags/example_external_task_marker_dag.py for tasks to queue
[2024-07-26T11:03:21.505+0700] {logging_mixin.py:188} INFO - [2024-07-26T11:03:21.505+0700] {dagbag.py:545} INFO - Filling up the DagBag from /usr/local/lib/python3.10/dist-packages/airflow/example_dags/example_external_task_marker_dag.py
[2024-07-26T11:03:21.510+0700] {processor.py:840} INFO - DAG(s) 'example_external_task_marker_child', 'example_external_task_marker_parent' retrieved from /usr/local/lib/python3.10/dist-packages/airflow/example_dags/example_external_task_marker_dag.py
[2024-07-26T11:03:21.522+0700] {logging_mixin.py:188} INFO - [2024-07-26T11:03:21.522+0700] {dag.py:3089} INFO - Sync 2 DAGs
[2024-07-26T11:03:21.531+0700] {logging_mixin.py:188} INFO - [2024-07-26T11:03:21.531+0700] {dag.py:3947} INFO - Setting next_dagrun for example_external_task_marker_child to None, run_after=None
[2024-07-26T11:03:21.534+0700] {logging_mixin.py:188} INFO - [2024-07-26T11:03:21.533+0700] {dag.py:3947} INFO - Setting next_dagrun for example_external_task_marker_parent to None, run_after=None
[2024-07-26T11:03:21.563+0700] {processor.py:183} INFO - Processing /usr/local/lib/python3.10/dist-packages/airflow/example_dags/example_external_task_marker_dag.py took 0.064 seconds
[2024-07-26T11:04:20.447+0700] {processor.py:161} INFO - Started process (PID=3694) to work on /usr/local/lib/python3.10/dist-packages/airflow/example_dags/example_external_task_marker_dag.py
[2024-07-26T11:04:20.449+0700] {processor.py:830} INFO - Processing file /usr/local/lib/python3.10/dist-packages/airflow/example_dags/example_external_task_marker_dag.py for tasks to queue
[2024-07-26T11:04:20.450+0700] {logging_mixin.py:188} INFO - [2024-07-26T11:04:20.450+0700] {dagbag.py:545} INFO - Filling up the DagBag from /usr/local/lib/python3.10/dist-packages/airflow/example_dags/example_external_task_marker_dag.py
[2024-07-26T11:04:20.456+0700] {processor.py:840} INFO - DAG(s) 'example_external_task_marker_parent', 'example_external_task_marker_child' retrieved from /usr/local/lib/python3.10/dist-packages/airflow/example_dags/example_external_task_marker_dag.py
[2024-07-26T11:04:20.472+0700] {logging_mixin.py:188} INFO - [2024-07-26T11:04:20.472+0700] {dag.py:3089} INFO - Sync 2 DAGs
[2024-07-26T11:04:20.483+0700] {logging_mixin.py:188} INFO - [2024-07-26T11:04:20.482+0700] {dag.py:3947} INFO - Setting next_dagrun for example_external_task_marker_child to None, run_after=None
[2024-07-26T11:04:20.485+0700] {logging_mixin.py:188} INFO - [2024-07-26T11:04:20.485+0700] {dag.py:3947} INFO - Setting next_dagrun for example_external_task_marker_parent to None, run_after=None
[2024-07-26T11:04:20.516+0700] {processor.py:183} INFO - Processing /usr/local/lib/python3.10/dist-packages/airflow/example_dags/example_external_task_marker_dag.py took 0.075 seconds
[2024-07-26T11:05:22.403+0700] {processor.py:161} INFO - Started process (PID=4013) to work on /usr/local/lib/python3.10/dist-packages/airflow/example_dags/example_external_task_marker_dag.py
[2024-07-26T11:05:22.404+0700] {processor.py:830} INFO - Processing file /usr/local/lib/python3.10/dist-packages/airflow/example_dags/example_external_task_marker_dag.py for tasks to queue
[2024-07-26T11:05:22.405+0700] {logging_mixin.py:188} INFO - [2024-07-26T11:05:22.405+0700] {dagbag.py:545} INFO - Filling up the DagBag from /usr/local/lib/python3.10/dist-packages/airflow/example_dags/example_external_task_marker_dag.py
[2024-07-26T11:05:22.409+0700] {processor.py:840} INFO - DAG(s) 'example_external_task_marker_child', 'example_external_task_marker_parent' retrieved from /usr/local/lib/python3.10/dist-packages/airflow/example_dags/example_external_task_marker_dag.py
[2024-07-26T11:05:22.427+0700] {logging_mixin.py:188} INFO - [2024-07-26T11:05:22.427+0700] {dag.py:3089} INFO - Sync 2 DAGs
[2024-07-26T11:05:22.438+0700] {logging_mixin.py:188} INFO - [2024-07-26T11:05:22.437+0700] {dag.py:3947} INFO - Setting next_dagrun for example_external_task_marker_child to None, run_after=None
[2024-07-26T11:05:22.440+0700] {logging_mixin.py:188} INFO - [2024-07-26T11:05:22.440+0700] {dag.py:3947} INFO - Setting next_dagrun for example_external_task_marker_parent to None, run_after=None
[2024-07-26T11:05:22.471+0700] {processor.py:183} INFO - Processing /usr/local/lib/python3.10/dist-packages/airflow/example_dags/example_external_task_marker_dag.py took 0.074 seconds
[2024-07-26T11:06:21.142+0700] {processor.py:161} INFO - Started process (PID=4305) to work on /usr/local/lib/python3.10/dist-packages/airflow/example_dags/example_external_task_marker_dag.py
[2024-07-26T11:06:21.144+0700] {processor.py:830} INFO - Processing file /usr/local/lib/python3.10/dist-packages/airflow/example_dags/example_external_task_marker_dag.py for tasks to queue
[2024-07-26T11:06:21.146+0700] {logging_mixin.py:188} INFO - [2024-07-26T11:06:21.146+0700] {dagbag.py:545} INFO - Filling up the DagBag from /usr/local/lib/python3.10/dist-packages/airflow/example_dags/example_external_task_marker_dag.py
[2024-07-26T11:06:21.160+0700] {processor.py:840} INFO - DAG(s) 'example_external_task_marker_parent', 'example_external_task_marker_child' retrieved from /usr/local/lib/python3.10/dist-packages/airflow/example_dags/example_external_task_marker_dag.py
[2024-07-26T11:06:21.187+0700] {logging_mixin.py:188} INFO - [2024-07-26T11:06:21.187+0700] {dag.py:3089} INFO - Sync 2 DAGs
[2024-07-26T11:06:21.204+0700] {logging_mixin.py:188} INFO - [2024-07-26T11:06:21.203+0700] {dag.py:3947} INFO - Setting next_dagrun for example_external_task_marker_child to None, run_after=None
[2024-07-26T11:06:21.210+0700] {logging_mixin.py:188} INFO - [2024-07-26T11:06:21.209+0700] {dag.py:3947} INFO - Setting next_dagrun for example_external_task_marker_parent to None, run_after=None
[2024-07-26T11:06:21.249+0700] {processor.py:183} INFO - Processing /usr/local/lib/python3.10/dist-packages/airflow/example_dags/example_external_task_marker_dag.py took 0.119 seconds
[2024-07-26T11:07:24.080+0700] {processor.py:161} INFO - Started process (PID=4616) to work on /usr/local/lib/python3.10/dist-packages/airflow/example_dags/example_external_task_marker_dag.py
[2024-07-26T11:07:24.081+0700] {processor.py:830} INFO - Processing file /usr/local/lib/python3.10/dist-packages/airflow/example_dags/example_external_task_marker_dag.py for tasks to queue
[2024-07-26T11:07:24.082+0700] {logging_mixin.py:188} INFO - [2024-07-26T11:07:24.082+0700] {dagbag.py:545} INFO - Filling up the DagBag from /usr/local/lib/python3.10/dist-packages/airflow/example_dags/example_external_task_marker_dag.py
[2024-07-26T11:07:24.086+0700] {processor.py:840} INFO - DAG(s) 'example_external_task_marker_child', 'example_external_task_marker_parent' retrieved from /usr/local/lib/python3.10/dist-packages/airflow/example_dags/example_external_task_marker_dag.py
[2024-07-26T11:07:24.102+0700] {logging_mixin.py:188} INFO - [2024-07-26T11:07:24.102+0700] {dag.py:3089} INFO - Sync 2 DAGs
[2024-07-26T11:07:24.111+0700] {logging_mixin.py:188} INFO - [2024-07-26T11:07:24.111+0700] {dag.py:3947} INFO - Setting next_dagrun for example_external_task_marker_child to None, run_after=None
[2024-07-26T11:07:24.114+0700] {logging_mixin.py:188} INFO - [2024-07-26T11:07:24.114+0700] {dag.py:3947} INFO - Setting next_dagrun for example_external_task_marker_parent to None, run_after=None
[2024-07-26T11:07:24.145+0700] {processor.py:183} INFO - Processing /usr/local/lib/python3.10/dist-packages/airflow/example_dags/example_external_task_marker_dag.py took 0.072 seconds
[2024-07-26T11:08:22.661+0700] {processor.py:161} INFO - Started process (PID=4908) to work on /usr/local/lib/python3.10/dist-packages/airflow/example_dags/example_external_task_marker_dag.py
[2024-07-26T11:08:22.663+0700] {processor.py:830} INFO - Processing file /usr/local/lib/python3.10/dist-packages/airflow/example_dags/example_external_task_marker_dag.py for tasks to queue
[2024-07-26T11:08:22.665+0700] {logging_mixin.py:188} INFO - [2024-07-26T11:08:22.665+0700] {dagbag.py:545} INFO - Filling up the DagBag from /usr/local/lib/python3.10/dist-packages/airflow/example_dags/example_external_task_marker_dag.py
[2024-07-26T11:08:22.669+0700] {processor.py:840} INFO - DAG(s) 'example_external_task_marker_parent', 'example_external_task_marker_child' retrieved from /usr/local/lib/python3.10/dist-packages/airflow/example_dags/example_external_task_marker_dag.py
[2024-07-26T11:08:22.684+0700] {logging_mixin.py:188} INFO - [2024-07-26T11:08:22.684+0700] {dag.py:3089} INFO - Sync 2 DAGs
[2024-07-26T11:08:22.693+0700] {logging_mixin.py:188} INFO - [2024-07-26T11:08:22.693+0700] {dag.py:3947} INFO - Setting next_dagrun for example_external_task_marker_child to None, run_after=None
[2024-07-26T11:08:22.697+0700] {logging_mixin.py:188} INFO - [2024-07-26T11:08:22.697+0700] {dag.py:3947} INFO - Setting next_dagrun for example_external_task_marker_parent to None, run_after=None
[2024-07-26T11:08:22.725+0700] {processor.py:183} INFO - Processing /usr/local/lib/python3.10/dist-packages/airflow/example_dags/example_external_task_marker_dag.py took 0.071 seconds
[2024-07-26T11:09:23.393+0700] {processor.py:161} INFO - Started process (PID=5209) to work on /usr/local/lib/python3.10/dist-packages/airflow/example_dags/example_external_task_marker_dag.py
[2024-07-26T11:09:23.395+0700] {processor.py:830} INFO - Processing file /usr/local/lib/python3.10/dist-packages/airflow/example_dags/example_external_task_marker_dag.py for tasks to queue
[2024-07-26T11:09:23.396+0700] {logging_mixin.py:188} INFO - [2024-07-26T11:09:23.396+0700] {dagbag.py:545} INFO - Filling up the DagBag from /usr/local/lib/python3.10/dist-packages/airflow/example_dags/example_external_task_marker_dag.py
[2024-07-26T11:09:23.400+0700] {processor.py:840} INFO - DAG(s) 'example_external_task_marker_child', 'example_external_task_marker_parent' retrieved from /usr/local/lib/python3.10/dist-packages/airflow/example_dags/example_external_task_marker_dag.py
[2024-07-26T11:09:23.413+0700] {logging_mixin.py:188} INFO - [2024-07-26T11:09:23.413+0700] {dag.py:3089} INFO - Sync 2 DAGs
[2024-07-26T11:09:23.421+0700] {logging_mixin.py:188} INFO - [2024-07-26T11:09:23.421+0700] {dag.py:3947} INFO - Setting next_dagrun for example_external_task_marker_child to None, run_after=None
[2024-07-26T11:09:23.424+0700] {logging_mixin.py:188} INFO - [2024-07-26T11:09:23.424+0700] {dag.py:3947} INFO - Setting next_dagrun for example_external_task_marker_parent to None, run_after=None
[2024-07-26T11:09:23.452+0700] {processor.py:183} INFO - Processing /usr/local/lib/python3.10/dist-packages/airflow/example_dags/example_external_task_marker_dag.py took 0.066 seconds
[2024-07-26T11:10:22.298+0700] {processor.py:161} INFO - Started process (PID=5502) to work on /usr/local/lib/python3.10/dist-packages/airflow/example_dags/example_external_task_marker_dag.py
[2024-07-26T11:10:22.300+0700] {processor.py:830} INFO - Processing file /usr/local/lib/python3.10/dist-packages/airflow/example_dags/example_external_task_marker_dag.py for tasks to queue
[2024-07-26T11:10:22.301+0700] {logging_mixin.py:188} INFO - [2024-07-26T11:10:22.301+0700] {dagbag.py:545} INFO - Filling up the DagBag from /usr/local/lib/python3.10/dist-packages/airflow/example_dags/example_external_task_marker_dag.py
[2024-07-26T11:10:22.306+0700] {processor.py:840} INFO - DAG(s) 'example_external_task_marker_parent', 'example_external_task_marker_child' retrieved from /usr/local/lib/python3.10/dist-packages/airflow/example_dags/example_external_task_marker_dag.py
[2024-07-26T11:10:22.320+0700] {logging_mixin.py:188} INFO - [2024-07-26T11:10:22.320+0700] {dag.py:3089} INFO - Sync 2 DAGs
[2024-07-26T11:10:22.328+0700] {logging_mixin.py:188} INFO - [2024-07-26T11:10:22.328+0700] {dag.py:3947} INFO - Setting next_dagrun for example_external_task_marker_child to None, run_after=None
[2024-07-26T11:10:22.331+0700] {logging_mixin.py:188} INFO - [2024-07-26T11:10:22.331+0700] {dag.py:3947} INFO - Setting next_dagrun for example_external_task_marker_parent to None, run_after=None
[2024-07-26T11:10:22.358+0700] {processor.py:183} INFO - Processing /usr/local/lib/python3.10/dist-packages/airflow/example_dags/example_external_task_marker_dag.py took 0.068 seconds
[2024-07-26T11:11:19.618+0700] {processor.py:161} INFO - Started process (PID=5788) to work on /usr/local/lib/python3.10/dist-packages/airflow/example_dags/example_external_task_marker_dag.py
[2024-07-26T11:11:19.620+0700] {processor.py:830} INFO - Processing file /usr/local/lib/python3.10/dist-packages/airflow/example_dags/example_external_task_marker_dag.py for tasks to queue
[2024-07-26T11:11:19.621+0700] {logging_mixin.py:188} INFO - [2024-07-26T11:11:19.621+0700] {dagbag.py:545} INFO - Filling up the DagBag from /usr/local/lib/python3.10/dist-packages/airflow/example_dags/example_external_task_marker_dag.py
[2024-07-26T11:11:19.625+0700] {processor.py:840} INFO - DAG(s) 'example_external_task_marker_parent', 'example_external_task_marker_child' retrieved from /usr/local/lib/python3.10/dist-packages/airflow/example_dags/example_external_task_marker_dag.py
[2024-07-26T11:11:19.641+0700] {logging_mixin.py:188} INFO - [2024-07-26T11:11:19.641+0700] {dag.py:3089} INFO - Sync 2 DAGs
[2024-07-26T11:11:19.651+0700] {logging_mixin.py:188} INFO - [2024-07-26T11:11:19.651+0700] {dag.py:3947} INFO - Setting next_dagrun for example_external_task_marker_child to None, run_after=None
[2024-07-26T11:11:19.655+0700] {logging_mixin.py:188} INFO - [2024-07-26T11:11:19.654+0700] {dag.py:3947} INFO - Setting next_dagrun for example_external_task_marker_parent to None, run_after=None
[2024-07-26T11:11:19.686+0700] {processor.py:183} INFO - Processing /usr/local/lib/python3.10/dist-packages/airflow/example_dags/example_external_task_marker_dag.py took 0.075 seconds
[2024-07-26T11:12:13.294+0700] {processor.py:161} INFO - Started process (PID=6056) to work on /usr/local/lib/python3.10/dist-packages/airflow/example_dags/example_external_task_marker_dag.py
[2024-07-26T11:12:13.296+0700] {processor.py:830} INFO - Processing file /usr/local/lib/python3.10/dist-packages/airflow/example_dags/example_external_task_marker_dag.py for tasks to queue
[2024-07-26T11:12:13.297+0700] {logging_mixin.py:188} INFO - [2024-07-26T11:12:13.297+0700] {dagbag.py:545} INFO - Filling up the DagBag from /usr/local/lib/python3.10/dist-packages/airflow/example_dags/example_external_task_marker_dag.py
[2024-07-26T11:12:13.303+0700] {processor.py:840} INFO - DAG(s) 'example_external_task_marker_parent', 'example_external_task_marker_child' retrieved from /usr/local/lib/python3.10/dist-packages/airflow/example_dags/example_external_task_marker_dag.py
[2024-07-26T11:12:13.321+0700] {logging_mixin.py:188} INFO - [2024-07-26T11:12:13.321+0700] {dag.py:3089} INFO - Sync 2 DAGs
[2024-07-26T11:12:13.332+0700] {logging_mixin.py:188} INFO - [2024-07-26T11:12:13.332+0700] {dag.py:3947} INFO - Setting next_dagrun for example_external_task_marker_child to None, run_after=None
[2024-07-26T11:12:13.339+0700] {logging_mixin.py:188} INFO - [2024-07-26T11:12:13.338+0700] {dag.py:3947} INFO - Setting next_dagrun for example_external_task_marker_parent to None, run_after=None
[2024-07-26T11:12:13.374+0700] {processor.py:183} INFO - Processing /usr/local/lib/python3.10/dist-packages/airflow/example_dags/example_external_task_marker_dag.py took 0.088 seconds
