[2024-07-26T10:58:24.946+0700] {processor.py:161} INFO - Started process (PID=1804) to work on /usr/local/lib/python3.10/dist-packages/airflow/example_dags/example_dynamic_task_mapping.py
[2024-07-26T10:58:24.947+0700] {processor.py:830} INFO - Processing file /usr/local/lib/python3.10/dist-packages/airflow/example_dags/example_dynamic_task_mapping.py for tasks to queue
[2024-07-26T10:58:24.948+0700] {logging_mixin.py:188} INFO - [2024-07-26T10:58:24.948+0700] {dagbag.py:545} INFO - Filling up the DagBag from /usr/local/lib/python3.10/dist-packages/airflow/example_dags/example_dynamic_task_mapping.py
[2024-07-26T10:58:24.953+0700] {processor.py:840} INFO - DAG(s) 'example_dynamic_task_mapping' retrieved from /usr/local/lib/python3.10/dist-packages/airflow/example_dags/example_dynamic_task_mapping.py
[2024-07-26T10:58:25.046+0700] {logging_mixin.py:188} INFO - [2024-07-26T10:58:25.045+0700] {override.py:1858} INFO - Created Permission View: can read on DAG:example_dynamic_task_mapping
[2024-07-26T10:58:25.065+0700] {logging_mixin.py:188} INFO - [2024-07-26T10:58:25.065+0700] {override.py:1858} INFO - Created Permission View: can edit on DAG:example_dynamic_task_mapping
[2024-07-26T10:58:25.083+0700] {logging_mixin.py:188} INFO - [2024-07-26T10:58:25.082+0700] {override.py:1858} INFO - Created Permission View: can delete on DAG:example_dynamic_task_mapping
[2024-07-26T10:58:25.083+0700] {logging_mixin.py:188} INFO - [2024-07-26T10:58:25.083+0700] {dag.py:3089} INFO - Sync 1 DAGs
[2024-07-26T10:58:25.175+0700] {logging_mixin.py:188} INFO - [2024-07-26T10:58:25.175+0700] {dag.py:3111} INFO - Creating ORM DAG for example_dynamic_task_mapping
[2024-07-26T10:58:25.182+0700] {logging_mixin.py:188} INFO - [2024-07-26T10:58:25.182+0700] {dag.py:3947} INFO - Setting next_dagrun for example_dynamic_task_mapping to 2022-03-04 00:00:00+00:00, run_after=2022-03-05 00:00:00+00:00
[2024-07-26T10:58:25.210+0700] {processor.py:183} INFO - Processing /usr/local/lib/python3.10/dist-packages/airflow/example_dags/example_dynamic_task_mapping.py took 0.268 seconds
[2024-07-26T10:59:20.196+0700] {processor.py:161} INFO - Started process (PID=2074) to work on /usr/local/lib/python3.10/dist-packages/airflow/example_dags/example_dynamic_task_mapping.py
[2024-07-26T10:59:20.198+0700] {processor.py:830} INFO - Processing file /usr/local/lib/python3.10/dist-packages/airflow/example_dags/example_dynamic_task_mapping.py for tasks to queue
[2024-07-26T10:59:20.201+0700] {logging_mixin.py:188} INFO - [2024-07-26T10:59:20.200+0700] {dagbag.py:545} INFO - Filling up the DagBag from /usr/local/lib/python3.10/dist-packages/airflow/example_dags/example_dynamic_task_mapping.py
[2024-07-26T10:59:20.214+0700] {processor.py:840} INFO - DAG(s) 'example_dynamic_task_mapping' retrieved from /usr/local/lib/python3.10/dist-packages/airflow/example_dags/example_dynamic_task_mapping.py
[2024-07-26T10:59:20.235+0700] {logging_mixin.py:188} INFO - [2024-07-26T10:59:20.234+0700] {dag.py:3089} INFO - Sync 1 DAGs
[2024-07-26T10:59:20.258+0700] {logging_mixin.py:188} INFO - [2024-07-26T10:59:20.258+0700] {dag.py:3947} INFO - Setting next_dagrun for example_dynamic_task_mapping to 2022-03-04 00:00:00+00:00, run_after=2022-03-05 00:00:00+00:00
[2024-07-26T10:59:20.296+0700] {processor.py:183} INFO - Processing /usr/local/lib/python3.10/dist-packages/airflow/example_dags/example_dynamic_task_mapping.py took 0.110 seconds
[2024-07-26T11:00:22.609+0700] {processor.py:161} INFO - Started process (PID=2387) to work on /usr/local/lib/python3.10/dist-packages/airflow/example_dags/example_dynamic_task_mapping.py
[2024-07-26T11:00:22.610+0700] {processor.py:830} INFO - Processing file /usr/local/lib/python3.10/dist-packages/airflow/example_dags/example_dynamic_task_mapping.py for tasks to queue
[2024-07-26T11:00:22.611+0700] {logging_mixin.py:188} INFO - [2024-07-26T11:00:22.611+0700] {dagbag.py:545} INFO - Filling up the DagBag from /usr/local/lib/python3.10/dist-packages/airflow/example_dags/example_dynamic_task_mapping.py
[2024-07-26T11:00:22.616+0700] {processor.py:840} INFO - DAG(s) 'example_dynamic_task_mapping' retrieved from /usr/local/lib/python3.10/dist-packages/airflow/example_dags/example_dynamic_task_mapping.py
[2024-07-26T11:00:22.627+0700] {logging_mixin.py:188} INFO - [2024-07-26T11:00:22.626+0700] {dag.py:3089} INFO - Sync 1 DAGs
[2024-07-26T11:00:22.640+0700] {logging_mixin.py:188} INFO - [2024-07-26T11:00:22.640+0700] {dag.py:3947} INFO - Setting next_dagrun for example_dynamic_task_mapping to 2022-03-04 00:00:00+00:00, run_after=2022-03-05 00:00:00+00:00
[2024-07-26T11:00:22.668+0700] {processor.py:183} INFO - Processing /usr/local/lib/python3.10/dist-packages/airflow/example_dags/example_dynamic_task_mapping.py took 0.063 seconds
[2024-07-26T11:01:21.677+0700] {processor.py:161} INFO - Started process (PID=2683) to work on /usr/local/lib/python3.10/dist-packages/airflow/example_dags/example_dynamic_task_mapping.py
[2024-07-26T11:01:21.680+0700] {processor.py:830} INFO - Processing file /usr/local/lib/python3.10/dist-packages/airflow/example_dags/example_dynamic_task_mapping.py for tasks to queue
[2024-07-26T11:01:21.681+0700] {logging_mixin.py:188} INFO - [2024-07-26T11:01:21.680+0700] {dagbag.py:545} INFO - Filling up the DagBag from /usr/local/lib/python3.10/dist-packages/airflow/example_dags/example_dynamic_task_mapping.py
[2024-07-26T11:01:21.686+0700] {processor.py:840} INFO - DAG(s) 'example_dynamic_task_mapping' retrieved from /usr/local/lib/python3.10/dist-packages/airflow/example_dags/example_dynamic_task_mapping.py
[2024-07-26T11:01:21.697+0700] {logging_mixin.py:188} INFO - [2024-07-26T11:01:21.697+0700] {dag.py:3089} INFO - Sync 1 DAGs
[2024-07-26T11:01:21.712+0700] {logging_mixin.py:188} INFO - [2024-07-26T11:01:21.712+0700] {dag.py:3947} INFO - Setting next_dagrun for example_dynamic_task_mapping to 2022-03-04 00:00:00+00:00, run_after=2022-03-05 00:00:00+00:00
[2024-07-26T11:01:21.742+0700] {processor.py:183} INFO - Processing /usr/local/lib/python3.10/dist-packages/airflow/example_dags/example_dynamic_task_mapping.py took 0.070 seconds
[2024-07-26T11:02:18.806+0700] {processor.py:161} INFO - Started process (PID=2970) to work on /usr/local/lib/python3.10/dist-packages/airflow/example_dags/example_dynamic_task_mapping.py
[2024-07-26T11:02:18.808+0700] {processor.py:830} INFO - Processing file /usr/local/lib/python3.10/dist-packages/airflow/example_dags/example_dynamic_task_mapping.py for tasks to queue
[2024-07-26T11:02:18.809+0700] {logging_mixin.py:188} INFO - [2024-07-26T11:02:18.808+0700] {dagbag.py:545} INFO - Filling up the DagBag from /usr/local/lib/python3.10/dist-packages/airflow/example_dags/example_dynamic_task_mapping.py
[2024-07-26T11:02:18.814+0700] {processor.py:840} INFO - DAG(s) 'example_dynamic_task_mapping' retrieved from /usr/local/lib/python3.10/dist-packages/airflow/example_dags/example_dynamic_task_mapping.py
[2024-07-26T11:02:18.825+0700] {logging_mixin.py:188} INFO - [2024-07-26T11:02:18.825+0700] {dag.py:3089} INFO - Sync 1 DAGs
[2024-07-26T11:02:18.840+0700] {logging_mixin.py:188} INFO - [2024-07-26T11:02:18.840+0700] {dag.py:3947} INFO - Setting next_dagrun for example_dynamic_task_mapping to 2022-03-04 00:00:00+00:00, run_after=2022-03-05 00:00:00+00:00
[2024-07-26T11:02:18.867+0700] {processor.py:183} INFO - Processing /usr/local/lib/python3.10/dist-packages/airflow/example_dags/example_dynamic_task_mapping.py took 0.066 seconds
[2024-07-26T11:03:15.522+0700] {processor.py:161} INFO - Started process (PID=3252) to work on /usr/local/lib/python3.10/dist-packages/airflow/example_dags/example_dynamic_task_mapping.py
[2024-07-26T11:03:15.523+0700] {processor.py:830} INFO - Processing file /usr/local/lib/python3.10/dist-packages/airflow/example_dags/example_dynamic_task_mapping.py for tasks to queue
[2024-07-26T11:03:15.524+0700] {logging_mixin.py:188} INFO - [2024-07-26T11:03:15.524+0700] {dagbag.py:545} INFO - Filling up the DagBag from /usr/local/lib/python3.10/dist-packages/airflow/example_dags/example_dynamic_task_mapping.py
[2024-07-26T11:03:15.529+0700] {processor.py:840} INFO - DAG(s) 'example_dynamic_task_mapping' retrieved from /usr/local/lib/python3.10/dist-packages/airflow/example_dags/example_dynamic_task_mapping.py
[2024-07-26T11:03:15.540+0700] {logging_mixin.py:188} INFO - [2024-07-26T11:03:15.539+0700] {dag.py:3089} INFO - Sync 1 DAGs
[2024-07-26T11:03:15.554+0700] {logging_mixin.py:188} INFO - [2024-07-26T11:03:15.554+0700] {dag.py:3947} INFO - Setting next_dagrun for example_dynamic_task_mapping to 2022-03-04 00:00:00+00:00, run_after=2022-03-05 00:00:00+00:00
[2024-07-26T11:03:15.584+0700] {processor.py:183} INFO - Processing /usr/local/lib/python3.10/dist-packages/airflow/example_dags/example_dynamic_task_mapping.py took 0.067 seconds
[2024-07-26T11:04:04.056+0700] {processor.py:161} INFO - Started process (PID=3608) to work on /usr/local/lib/python3.10/dist-packages/airflow/example_dags/example_dynamic_task_mapping.py
[2024-07-26T11:04:04.058+0700] {processor.py:830} INFO - Processing file /usr/local/lib/python3.10/dist-packages/airflow/example_dags/example_dynamic_task_mapping.py for tasks to queue
[2024-07-26T11:04:04.059+0700] {logging_mixin.py:188} INFO - [2024-07-26T11:04:04.058+0700] {dagbag.py:545} INFO - Filling up the DagBag from /usr/local/lib/python3.10/dist-packages/airflow/example_dags/example_dynamic_task_mapping.py
[2024-07-26T11:04:04.063+0700] {processor.py:840} INFO - DAG(s) 'example_dynamic_task_mapping' retrieved from /usr/local/lib/python3.10/dist-packages/airflow/example_dags/example_dynamic_task_mapping.py
[2024-07-26T11:04:04.073+0700] {logging_mixin.py:188} INFO - [2024-07-26T11:04:04.073+0700] {dag.py:3089} INFO - Sync 1 DAGs
[2024-07-26T11:04:04.088+0700] {logging_mixin.py:188} INFO - [2024-07-26T11:04:04.088+0700] {dag.py:3947} INFO - Setting next_dagrun for example_dynamic_task_mapping to 2022-03-04 00:00:00+00:00, run_after=2022-03-05 00:00:00+00:00
[2024-07-26T11:04:04.116+0700] {processor.py:183} INFO - Processing /usr/local/lib/python3.10/dist-packages/airflow/example_dags/example_dynamic_task_mapping.py took 0.064 seconds
[2024-07-26T11:05:04.743+0700] {processor.py:161} INFO - Started process (PID=3922) to work on /usr/local/lib/python3.10/dist-packages/airflow/example_dags/example_dynamic_task_mapping.py
[2024-07-26T11:05:04.745+0700] {processor.py:830} INFO - Processing file /usr/local/lib/python3.10/dist-packages/airflow/example_dags/example_dynamic_task_mapping.py for tasks to queue
[2024-07-26T11:05:04.747+0700] {logging_mixin.py:188} INFO - [2024-07-26T11:05:04.746+0700] {dagbag.py:545} INFO - Filling up the DagBag from /usr/local/lib/python3.10/dist-packages/airflow/example_dags/example_dynamic_task_mapping.py
[2024-07-26T11:05:04.751+0700] {processor.py:840} INFO - DAG(s) 'example_dynamic_task_mapping' retrieved from /usr/local/lib/python3.10/dist-packages/airflow/example_dags/example_dynamic_task_mapping.py
[2024-07-26T11:05:04.763+0700] {logging_mixin.py:188} INFO - [2024-07-26T11:05:04.762+0700] {dag.py:3089} INFO - Sync 1 DAGs
[2024-07-26T11:05:04.777+0700] {logging_mixin.py:188} INFO - [2024-07-26T11:05:04.777+0700] {dag.py:3947} INFO - Setting next_dagrun for example_dynamic_task_mapping to 2022-03-04 00:00:00+00:00, run_after=2022-03-05 00:00:00+00:00
[2024-07-26T11:05:04.806+0700] {processor.py:183} INFO - Processing /usr/local/lib/python3.10/dist-packages/airflow/example_dags/example_dynamic_task_mapping.py took 0.068 seconds
[2024-07-26T11:06:01.818+0700] {processor.py:161} INFO - Started process (PID=4208) to work on /usr/local/lib/python3.10/dist-packages/airflow/example_dags/example_dynamic_task_mapping.py
[2024-07-26T11:06:01.819+0700] {processor.py:830} INFO - Processing file /usr/local/lib/python3.10/dist-packages/airflow/example_dags/example_dynamic_task_mapping.py for tasks to queue
[2024-07-26T11:06:01.820+0700] {logging_mixin.py:188} INFO - [2024-07-26T11:06:01.820+0700] {dagbag.py:545} INFO - Filling up the DagBag from /usr/local/lib/python3.10/dist-packages/airflow/example_dags/example_dynamic_task_mapping.py
[2024-07-26T11:06:01.825+0700] {processor.py:840} INFO - DAG(s) 'example_dynamic_task_mapping' retrieved from /usr/local/lib/python3.10/dist-packages/airflow/example_dags/example_dynamic_task_mapping.py
[2024-07-26T11:06:01.839+0700] {logging_mixin.py:188} INFO - [2024-07-26T11:06:01.839+0700] {dag.py:3089} INFO - Sync 1 DAGs
[2024-07-26T11:06:01.854+0700] {logging_mixin.py:188} INFO - [2024-07-26T11:06:01.854+0700] {dag.py:3947} INFO - Setting next_dagrun for example_dynamic_task_mapping to 2022-03-04 00:00:00+00:00, run_after=2022-03-05 00:00:00+00:00
[2024-07-26T11:06:01.890+0700] {processor.py:183} INFO - Processing /usr/local/lib/python3.10/dist-packages/airflow/example_dags/example_dynamic_task_mapping.py took 0.077 seconds
[2024-07-26T11:07:06.418+0700] {processor.py:161} INFO - Started process (PID=4527) to work on /usr/local/lib/python3.10/dist-packages/airflow/example_dags/example_dynamic_task_mapping.py
[2024-07-26T11:07:06.420+0700] {processor.py:830} INFO - Processing file /usr/local/lib/python3.10/dist-packages/airflow/example_dags/example_dynamic_task_mapping.py for tasks to queue
[2024-07-26T11:07:06.422+0700] {logging_mixin.py:188} INFO - [2024-07-26T11:07:06.422+0700] {dagbag.py:545} INFO - Filling up the DagBag from /usr/local/lib/python3.10/dist-packages/airflow/example_dags/example_dynamic_task_mapping.py
[2024-07-26T11:07:06.430+0700] {processor.py:840} INFO - DAG(s) 'example_dynamic_task_mapping' retrieved from /usr/local/lib/python3.10/dist-packages/airflow/example_dags/example_dynamic_task_mapping.py
[2024-07-26T11:07:06.443+0700] {logging_mixin.py:188} INFO - [2024-07-26T11:07:06.443+0700] {dag.py:3089} INFO - Sync 1 DAGs
[2024-07-26T11:07:06.461+0700] {logging_mixin.py:188} INFO - [2024-07-26T11:07:06.461+0700] {dag.py:3947} INFO - Setting next_dagrun for example_dynamic_task_mapping to 2022-03-04 00:00:00+00:00, run_after=2022-03-05 00:00:00+00:00
[2024-07-26T11:07:06.495+0700] {processor.py:183} INFO - Processing /usr/local/lib/python3.10/dist-packages/airflow/example_dags/example_dynamic_task_mapping.py took 0.083 seconds
[2024-07-26T11:08:04.875+0700] {processor.py:161} INFO - Started process (PID=4818) to work on /usr/local/lib/python3.10/dist-packages/airflow/example_dags/example_dynamic_task_mapping.py
[2024-07-26T11:08:04.876+0700] {processor.py:830} INFO - Processing file /usr/local/lib/python3.10/dist-packages/airflow/example_dags/example_dynamic_task_mapping.py for tasks to queue
[2024-07-26T11:08:04.877+0700] {logging_mixin.py:188} INFO - [2024-07-26T11:08:04.877+0700] {dagbag.py:545} INFO - Filling up the DagBag from /usr/local/lib/python3.10/dist-packages/airflow/example_dags/example_dynamic_task_mapping.py
[2024-07-26T11:08:04.882+0700] {processor.py:840} INFO - DAG(s) 'example_dynamic_task_mapping' retrieved from /usr/local/lib/python3.10/dist-packages/airflow/example_dags/example_dynamic_task_mapping.py
[2024-07-26T11:08:04.894+0700] {logging_mixin.py:188} INFO - [2024-07-26T11:08:04.893+0700] {dag.py:3089} INFO - Sync 1 DAGs
[2024-07-26T11:08:04.910+0700] {logging_mixin.py:188} INFO - [2024-07-26T11:08:04.910+0700] {dag.py:3947} INFO - Setting next_dagrun for example_dynamic_task_mapping to 2022-03-04 00:00:00+00:00, run_after=2022-03-05 00:00:00+00:00
[2024-07-26T11:08:04.938+0700] {processor.py:183} INFO - Processing /usr/local/lib/python3.10/dist-packages/airflow/example_dags/example_dynamic_task_mapping.py took 0.069 seconds
[2024-07-26T11:09:04.008+0700] {processor.py:161} INFO - Started process (PID=5113) to work on /usr/local/lib/python3.10/dist-packages/airflow/example_dags/example_dynamic_task_mapping.py
[2024-07-26T11:09:04.011+0700] {processor.py:830} INFO - Processing file /usr/local/lib/python3.10/dist-packages/airflow/example_dags/example_dynamic_task_mapping.py for tasks to queue
[2024-07-26T11:09:04.012+0700] {logging_mixin.py:188} INFO - [2024-07-26T11:09:04.012+0700] {dagbag.py:545} INFO - Filling up the DagBag from /usr/local/lib/python3.10/dist-packages/airflow/example_dags/example_dynamic_task_mapping.py
[2024-07-26T11:09:04.017+0700] {processor.py:840} INFO - DAG(s) 'example_dynamic_task_mapping' retrieved from /usr/local/lib/python3.10/dist-packages/airflow/example_dags/example_dynamic_task_mapping.py
[2024-07-26T11:09:04.027+0700] {logging_mixin.py:188} INFO - [2024-07-26T11:09:04.027+0700] {dag.py:3089} INFO - Sync 1 DAGs
[2024-07-26T11:09:04.042+0700] {logging_mixin.py:188} INFO - [2024-07-26T11:09:04.042+0700] {dag.py:3947} INFO - Setting next_dagrun for example_dynamic_task_mapping to 2022-03-04 00:00:00+00:00, run_after=2022-03-05 00:00:00+00:00
[2024-07-26T11:09:04.121+0700] {processor.py:183} INFO - Processing /usr/local/lib/python3.10/dist-packages/airflow/example_dags/example_dynamic_task_mapping.py took 0.118 seconds
[2024-07-26T11:10:03.407+0700] {processor.py:161} INFO - Started process (PID=5409) to work on /usr/local/lib/python3.10/dist-packages/airflow/example_dags/example_dynamic_task_mapping.py
[2024-07-26T11:10:03.409+0700] {processor.py:830} INFO - Processing file /usr/local/lib/python3.10/dist-packages/airflow/example_dags/example_dynamic_task_mapping.py for tasks to queue
[2024-07-26T11:10:03.411+0700] {logging_mixin.py:188} INFO - [2024-07-26T11:10:03.410+0700] {dagbag.py:545} INFO - Filling up the DagBag from /usr/local/lib/python3.10/dist-packages/airflow/example_dags/example_dynamic_task_mapping.py
[2024-07-26T11:10:03.415+0700] {processor.py:840} INFO - DAG(s) 'example_dynamic_task_mapping' retrieved from /usr/local/lib/python3.10/dist-packages/airflow/example_dags/example_dynamic_task_mapping.py
[2024-07-26T11:10:03.426+0700] {logging_mixin.py:188} INFO - [2024-07-26T11:10:03.426+0700] {dag.py:3089} INFO - Sync 1 DAGs
[2024-07-26T11:10:03.441+0700] {logging_mixin.py:188} INFO - [2024-07-26T11:10:03.441+0700] {dag.py:3947} INFO - Setting next_dagrun for example_dynamic_task_mapping to 2022-03-04 00:00:00+00:00, run_after=2022-03-05 00:00:00+00:00
[2024-07-26T11:10:03.469+0700] {processor.py:183} INFO - Processing /usr/local/lib/python3.10/dist-packages/airflow/example_dags/example_dynamic_task_mapping.py took 0.067 seconds
[2024-07-26T11:11:02.481+0700] {processor.py:161} INFO - Started process (PID=5702) to work on /usr/local/lib/python3.10/dist-packages/airflow/example_dags/example_dynamic_task_mapping.py
[2024-07-26T11:11:02.483+0700] {processor.py:830} INFO - Processing file /usr/local/lib/python3.10/dist-packages/airflow/example_dags/example_dynamic_task_mapping.py for tasks to queue
[2024-07-26T11:11:02.484+0700] {logging_mixin.py:188} INFO - [2024-07-26T11:11:02.484+0700] {dagbag.py:545} INFO - Filling up the DagBag from /usr/local/lib/python3.10/dist-packages/airflow/example_dags/example_dynamic_task_mapping.py
[2024-07-26T11:11:02.489+0700] {processor.py:840} INFO - DAG(s) 'example_dynamic_task_mapping' retrieved from /usr/local/lib/python3.10/dist-packages/airflow/example_dags/example_dynamic_task_mapping.py
[2024-07-26T11:11:02.501+0700] {logging_mixin.py:188} INFO - [2024-07-26T11:11:02.501+0700] {dag.py:3089} INFO - Sync 1 DAGs
[2024-07-26T11:11:02.519+0700] {logging_mixin.py:188} INFO - [2024-07-26T11:11:02.519+0700] {dag.py:3947} INFO - Setting next_dagrun for example_dynamic_task_mapping to 2022-03-04 00:00:00+00:00, run_after=2022-03-05 00:00:00+00:00
[2024-07-26T11:11:02.547+0700] {processor.py:183} INFO - Processing /usr/local/lib/python3.10/dist-packages/airflow/example_dags/example_dynamic_task_mapping.py took 0.071 seconds
[2024-07-26T11:11:57.884+0700] {processor.py:161} INFO - Started process (PID=5979) to work on /usr/local/lib/python3.10/dist-packages/airflow/example_dags/example_dynamic_task_mapping.py
[2024-07-26T11:11:57.886+0700] {processor.py:830} INFO - Processing file /usr/local/lib/python3.10/dist-packages/airflow/example_dags/example_dynamic_task_mapping.py for tasks to queue
[2024-07-26T11:11:57.887+0700] {logging_mixin.py:188} INFO - [2024-07-26T11:11:57.887+0700] {dagbag.py:545} INFO - Filling up the DagBag from /usr/local/lib/python3.10/dist-packages/airflow/example_dags/example_dynamic_task_mapping.py
[2024-07-26T11:11:57.892+0700] {processor.py:840} INFO - DAG(s) 'example_dynamic_task_mapping' retrieved from /usr/local/lib/python3.10/dist-packages/airflow/example_dags/example_dynamic_task_mapping.py
[2024-07-26T11:11:57.904+0700] {logging_mixin.py:188} INFO - [2024-07-26T11:11:57.903+0700] {dag.py:3089} INFO - Sync 1 DAGs
[2024-07-26T11:11:57.924+0700] {logging_mixin.py:188} INFO - [2024-07-26T11:11:57.924+0700] {dag.py:3947} INFO - Setting next_dagrun for example_dynamic_task_mapping to 2022-03-04 00:00:00+00:00, run_after=2022-03-05 00:00:00+00:00
[2024-07-26T11:11:57.953+0700] {processor.py:183} INFO - Processing /usr/local/lib/python3.10/dist-packages/airflow/example_dags/example_dynamic_task_mapping.py took 0.075 seconds
