[2024-07-26T10:58:08.583+0700] {processor.py:161} INFO - Started process (PID=1720) to work on /usr/local/lib/python3.10/dist-packages/airflow/example_dags/example_branch_day_of_week_operator.py
[2024-07-26T10:58:08.584+0700] {processor.py:830} INFO - Processing file /usr/local/lib/python3.10/dist-packages/airflow/example_dags/example_branch_day_of_week_operator.py for tasks to queue
[2024-07-26T10:58:08.585+0700] {logging_mixin.py:188} INFO - [2024-07-26T10:58:08.585+0700] {dagbag.py:545} INFO - Filling up the DagBag from /usr/local/lib/python3.10/dist-packages/airflow/example_dags/example_branch_day_of_week_operator.py
[2024-07-26T10:58:08.594+0700] {processor.py:840} INFO - DAG(s) 'example_weekday_branch_operator' retrieved from /usr/local/lib/python3.10/dist-packages/airflow/example_dags/example_branch_day_of_week_operator.py
[2024-07-26T10:58:08.724+0700] {logging_mixin.py:188} INFO - [2024-07-26T10:58:08.723+0700] {override.py:1858} INFO - Created Permission View: can read on DAG:example_weekday_branch_operator
[2024-07-26T10:58:08.751+0700] {logging_mixin.py:188} INFO - [2024-07-26T10:58:08.750+0700] {override.py:1858} INFO - Created Permission View: can edit on DAG:example_weekday_branch_operator
[2024-07-26T10:58:08.768+0700] {logging_mixin.py:188} INFO - [2024-07-26T10:58:08.768+0700] {override.py:1858} INFO - Created Permission View: can delete on DAG:example_weekday_branch_operator
[2024-07-26T10:58:08.769+0700] {logging_mixin.py:188} INFO - [2024-07-26T10:58:08.769+0700] {dag.py:3089} INFO - Sync 1 DAGs
[2024-07-26T10:58:08.778+0700] {logging_mixin.py:188} INFO - [2024-07-26T10:58:08.778+0700] {dag.py:3111} INFO - Creating ORM DAG for example_weekday_branch_operator
[2024-07-26T10:58:08.789+0700] {logging_mixin.py:188} INFO - [2024-07-26T10:58:08.789+0700] {dag.py:3947} INFO - Setting next_dagrun for example_weekday_branch_operator to 2024-07-25 00:00:00+00:00, run_after=2024-07-26 00:00:00+00:00
[2024-07-26T10:58:08.963+0700] {processor.py:183} INFO - Processing /usr/local/lib/python3.10/dist-packages/airflow/example_dags/example_branch_day_of_week_operator.py took 0.386 seconds
[2024-07-26T10:59:06.459+0700] {processor.py:161} INFO - Started process (PID=2006) to work on /usr/local/lib/python3.10/dist-packages/airflow/example_dags/example_branch_day_of_week_operator.py
[2024-07-26T10:59:06.460+0700] {processor.py:830} INFO - Processing file /usr/local/lib/python3.10/dist-packages/airflow/example_dags/example_branch_day_of_week_operator.py for tasks to queue
[2024-07-26T10:59:06.461+0700] {logging_mixin.py:188} INFO - [2024-07-26T10:59:06.461+0700] {dagbag.py:545} INFO - Filling up the DagBag from /usr/local/lib/python3.10/dist-packages/airflow/example_dags/example_branch_day_of_week_operator.py
[2024-07-26T10:59:06.467+0700] {processor.py:840} INFO - DAG(s) 'example_weekday_branch_operator' retrieved from /usr/local/lib/python3.10/dist-packages/airflow/example_dags/example_branch_day_of_week_operator.py
[2024-07-26T10:59:06.479+0700] {logging_mixin.py:188} INFO - [2024-07-26T10:59:06.478+0700] {dag.py:3089} INFO - Sync 1 DAGs
[2024-07-26T10:59:06.493+0700] {logging_mixin.py:188} INFO - [2024-07-26T10:59:06.493+0700] {dag.py:3947} INFO - Setting next_dagrun for example_weekday_branch_operator to 2024-07-25 00:00:00+00:00, run_after=2024-07-26 00:00:00+00:00
[2024-07-26T10:59:06.524+0700] {processor.py:183} INFO - Processing /usr/local/lib/python3.10/dist-packages/airflow/example_dags/example_branch_day_of_week_operator.py took 0.069 seconds
[2024-07-26T10:59:56.206+0700] {processor.py:161} INFO - Started process (PID=2257) to work on /usr/local/lib/python3.10/dist-packages/airflow/example_dags/example_branch_day_of_week_operator.py
[2024-07-26T10:59:56.207+0700] {processor.py:830} INFO - Processing file /usr/local/lib/python3.10/dist-packages/airflow/example_dags/example_branch_day_of_week_operator.py for tasks to queue
[2024-07-26T10:59:56.209+0700] {logging_mixin.py:188} INFO - [2024-07-26T10:59:56.208+0700] {dagbag.py:545} INFO - Filling up the DagBag from /usr/local/lib/python3.10/dist-packages/airflow/example_dags/example_branch_day_of_week_operator.py
[2024-07-26T10:59:56.217+0700] {processor.py:840} INFO - DAG(s) 'example_weekday_branch_operator' retrieved from /usr/local/lib/python3.10/dist-packages/airflow/example_dags/example_branch_day_of_week_operator.py
[2024-07-26T10:59:56.228+0700] {logging_mixin.py:188} INFO - [2024-07-26T10:59:56.228+0700] {dag.py:3089} INFO - Sync 1 DAGs
[2024-07-26T10:59:56.324+0700] {logging_mixin.py:188} INFO - [2024-07-26T10:59:56.323+0700] {dag.py:3947} INFO - Setting next_dagrun for example_weekday_branch_operator to 2024-07-25 00:00:00+00:00, run_after=2024-07-26 00:00:00+00:00
[2024-07-26T10:59:56.353+0700] {processor.py:183} INFO - Processing /usr/local/lib/python3.10/dist-packages/airflow/example_dags/example_branch_day_of_week_operator.py took 0.151 seconds
[2024-07-26T11:00:45.497+0700] {processor.py:161} INFO - Started process (PID=2503) to work on /usr/local/lib/python3.10/dist-packages/airflow/example_dags/example_branch_day_of_week_operator.py
[2024-07-26T11:00:45.500+0700] {processor.py:830} INFO - Processing file /usr/local/lib/python3.10/dist-packages/airflow/example_dags/example_branch_day_of_week_operator.py for tasks to queue
[2024-07-26T11:00:45.501+0700] {logging_mixin.py:188} INFO - [2024-07-26T11:00:45.501+0700] {dagbag.py:545} INFO - Filling up the DagBag from /usr/local/lib/python3.10/dist-packages/airflow/example_dags/example_branch_day_of_week_operator.py
[2024-07-26T11:00:45.506+0700] {processor.py:840} INFO - DAG(s) 'example_weekday_branch_operator' retrieved from /usr/local/lib/python3.10/dist-packages/airflow/example_dags/example_branch_day_of_week_operator.py
[2024-07-26T11:00:45.518+0700] {logging_mixin.py:188} INFO - [2024-07-26T11:00:45.517+0700] {dag.py:3089} INFO - Sync 1 DAGs
[2024-07-26T11:00:45.532+0700] {logging_mixin.py:188} INFO - [2024-07-26T11:00:45.532+0700] {dag.py:3947} INFO - Setting next_dagrun for example_weekday_branch_operator to 2024-07-25 00:00:00+00:00, run_after=2024-07-26 00:00:00+00:00
[2024-07-26T11:00:45.561+0700] {processor.py:183} INFO - Processing /usr/local/lib/python3.10/dist-packages/airflow/example_dags/example_branch_day_of_week_operator.py took 0.069 seconds
[2024-07-26T11:01:43.887+0700] {processor.py:161} INFO - Started process (PID=2794) to work on /usr/local/lib/python3.10/dist-packages/airflow/example_dags/example_branch_day_of_week_operator.py
[2024-07-26T11:01:43.890+0700] {processor.py:830} INFO - Processing file /usr/local/lib/python3.10/dist-packages/airflow/example_dags/example_branch_day_of_week_operator.py for tasks to queue
[2024-07-26T11:01:43.891+0700] {logging_mixin.py:188} INFO - [2024-07-26T11:01:43.891+0700] {dagbag.py:545} INFO - Filling up the DagBag from /usr/local/lib/python3.10/dist-packages/airflow/example_dags/example_branch_day_of_week_operator.py
[2024-07-26T11:01:43.898+0700] {processor.py:840} INFO - DAG(s) 'example_weekday_branch_operator' retrieved from /usr/local/lib/python3.10/dist-packages/airflow/example_dags/example_branch_day_of_week_operator.py
[2024-07-26T11:01:43.911+0700] {logging_mixin.py:188} INFO - [2024-07-26T11:01:43.910+0700] {dag.py:3089} INFO - Sync 1 DAGs
[2024-07-26T11:01:43.927+0700] {logging_mixin.py:188} INFO - [2024-07-26T11:01:43.927+0700] {dag.py:3947} INFO - Setting next_dagrun for example_weekday_branch_operator to 2024-07-25 00:00:00+00:00, run_after=2024-07-26 00:00:00+00:00
[2024-07-26T11:01:43.958+0700] {processor.py:183} INFO - Processing /usr/local/lib/python3.10/dist-packages/airflow/example_dags/example_branch_day_of_week_operator.py took 0.077 seconds
[2024-07-26T11:02:39.430+0700] {processor.py:161} INFO - Started process (PID=3073) to work on /usr/local/lib/python3.10/dist-packages/airflow/example_dags/example_branch_day_of_week_operator.py
[2024-07-26T11:02:39.433+0700] {processor.py:830} INFO - Processing file /usr/local/lib/python3.10/dist-packages/airflow/example_dags/example_branch_day_of_week_operator.py for tasks to queue
[2024-07-26T11:02:39.434+0700] {logging_mixin.py:188} INFO - [2024-07-26T11:02:39.434+0700] {dagbag.py:545} INFO - Filling up the DagBag from /usr/local/lib/python3.10/dist-packages/airflow/example_dags/example_branch_day_of_week_operator.py
[2024-07-26T11:02:39.440+0700] {processor.py:840} INFO - DAG(s) 'example_weekday_branch_operator' retrieved from /usr/local/lib/python3.10/dist-packages/airflow/example_dags/example_branch_day_of_week_operator.py
[2024-07-26T11:02:39.452+0700] {logging_mixin.py:188} INFO - [2024-07-26T11:02:39.451+0700] {dag.py:3089} INFO - Sync 1 DAGs
[2024-07-26T11:02:39.468+0700] {logging_mixin.py:188} INFO - [2024-07-26T11:02:39.468+0700] {dag.py:3947} INFO - Setting next_dagrun for example_weekday_branch_operator to 2024-07-25 00:00:00+00:00, run_after=2024-07-26 00:00:00+00:00
[2024-07-26T11:02:39.500+0700] {processor.py:183} INFO - Processing /usr/local/lib/python3.10/dist-packages/airflow/example_dags/example_branch_day_of_week_operator.py took 0.075 seconds
[2024-07-26T11:03:39.891+0700] {processor.py:161} INFO - Started process (PID=3481) to work on /usr/local/lib/python3.10/dist-packages/airflow/example_dags/example_branch_day_of_week_operator.py
[2024-07-26T11:03:39.894+0700] {processor.py:830} INFO - Processing file /usr/local/lib/python3.10/dist-packages/airflow/example_dags/example_branch_day_of_week_operator.py for tasks to queue
[2024-07-26T11:03:39.895+0700] {logging_mixin.py:188} INFO - [2024-07-26T11:03:39.895+0700] {dagbag.py:545} INFO - Filling up the DagBag from /usr/local/lib/python3.10/dist-packages/airflow/example_dags/example_branch_day_of_week_operator.py
[2024-07-26T11:03:39.901+0700] {processor.py:840} INFO - DAG(s) 'example_weekday_branch_operator' retrieved from /usr/local/lib/python3.10/dist-packages/airflow/example_dags/example_branch_day_of_week_operator.py
[2024-07-26T11:03:39.913+0700] {logging_mixin.py:188} INFO - [2024-07-26T11:03:39.912+0700] {dag.py:3089} INFO - Sync 1 DAGs
[2024-07-26T11:03:39.927+0700] {logging_mixin.py:188} INFO - [2024-07-26T11:03:39.927+0700] {dag.py:3947} INFO - Setting next_dagrun for example_weekday_branch_operator to 2024-07-25 00:00:00+00:00, run_after=2024-07-26 00:00:00+00:00
[2024-07-26T11:03:39.957+0700] {processor.py:183} INFO - Processing /usr/local/lib/python3.10/dist-packages/airflow/example_dags/example_branch_day_of_week_operator.py took 0.070 seconds
[2024-07-26T11:04:38.872+0700] {processor.py:161} INFO - Started process (PID=3784) to work on /usr/local/lib/python3.10/dist-packages/airflow/example_dags/example_branch_day_of_week_operator.py
[2024-07-26T11:04:38.874+0700] {processor.py:830} INFO - Processing file /usr/local/lib/python3.10/dist-packages/airflow/example_dags/example_branch_day_of_week_operator.py for tasks to queue
[2024-07-26T11:04:38.876+0700] {logging_mixin.py:188} INFO - [2024-07-26T11:04:38.875+0700] {dagbag.py:545} INFO - Filling up the DagBag from /usr/local/lib/python3.10/dist-packages/airflow/example_dags/example_branch_day_of_week_operator.py
[2024-07-26T11:04:38.886+0700] {processor.py:840} INFO - DAG(s) 'example_weekday_branch_operator' retrieved from /usr/local/lib/python3.10/dist-packages/airflow/example_dags/example_branch_day_of_week_operator.py
[2024-07-26T11:04:38.901+0700] {logging_mixin.py:188} INFO - [2024-07-26T11:04:38.900+0700] {dag.py:3089} INFO - Sync 1 DAGs
[2024-07-26T11:04:38.916+0700] {logging_mixin.py:188} INFO - [2024-07-26T11:04:38.916+0700] {dag.py:3947} INFO - Setting next_dagrun for example_weekday_branch_operator to 2024-07-25 00:00:00+00:00, run_after=2024-07-26 00:00:00+00:00
[2024-07-26T11:04:38.944+0700] {processor.py:183} INFO - Processing /usr/local/lib/python3.10/dist-packages/airflow/example_dags/example_branch_day_of_week_operator.py took 0.078 seconds
[2024-07-26T11:05:36.876+0700] {processor.py:161} INFO - Started process (PID=4086) to work on /usr/local/lib/python3.10/dist-packages/airflow/example_dags/example_branch_day_of_week_operator.py
[2024-07-26T11:05:36.879+0700] {processor.py:830} INFO - Processing file /usr/local/lib/python3.10/dist-packages/airflow/example_dags/example_branch_day_of_week_operator.py for tasks to queue
[2024-07-26T11:05:36.881+0700] {logging_mixin.py:188} INFO - [2024-07-26T11:05:36.881+0700] {dagbag.py:545} INFO - Filling up the DagBag from /usr/local/lib/python3.10/dist-packages/airflow/example_dags/example_branch_day_of_week_operator.py
[2024-07-26T11:05:36.887+0700] {processor.py:840} INFO - DAG(s) 'example_weekday_branch_operator' retrieved from /usr/local/lib/python3.10/dist-packages/airflow/example_dags/example_branch_day_of_week_operator.py
[2024-07-26T11:05:36.899+0700] {logging_mixin.py:188} INFO - [2024-07-26T11:05:36.899+0700] {dag.py:3089} INFO - Sync 1 DAGs
[2024-07-26T11:05:36.917+0700] {logging_mixin.py:188} INFO - [2024-07-26T11:05:36.916+0700] {dag.py:3947} INFO - Setting next_dagrun for example_weekday_branch_operator to 2024-07-25 00:00:00+00:00, run_after=2024-07-26 00:00:00+00:00
[2024-07-26T11:05:36.948+0700] {processor.py:183} INFO - Processing /usr/local/lib/python3.10/dist-packages/airflow/example_dags/example_branch_day_of_week_operator.py took 0.079 seconds
[2024-07-26T11:06:38.452+0700] {processor.py:161} INFO - Started process (PID=4389) to work on /usr/local/lib/python3.10/dist-packages/airflow/example_dags/example_branch_day_of_week_operator.py
[2024-07-26T11:06:38.455+0700] {processor.py:830} INFO - Processing file /usr/local/lib/python3.10/dist-packages/airflow/example_dags/example_branch_day_of_week_operator.py for tasks to queue
[2024-07-26T11:06:38.457+0700] {logging_mixin.py:188} INFO - [2024-07-26T11:06:38.456+0700] {dagbag.py:545} INFO - Filling up the DagBag from /usr/local/lib/python3.10/dist-packages/airflow/example_dags/example_branch_day_of_week_operator.py
[2024-07-26T11:06:38.464+0700] {processor.py:840} INFO - DAG(s) 'example_weekday_branch_operator' retrieved from /usr/local/lib/python3.10/dist-packages/airflow/example_dags/example_branch_day_of_week_operator.py
[2024-07-26T11:06:38.486+0700] {logging_mixin.py:188} INFO - [2024-07-26T11:06:38.486+0700] {dag.py:3089} INFO - Sync 1 DAGs
[2024-07-26T11:06:38.536+0700] {logging_mixin.py:188} INFO - [2024-07-26T11:06:38.535+0700] {dag.py:3947} INFO - Setting next_dagrun for example_weekday_branch_operator to 2024-07-25 00:00:00+00:00, run_after=2024-07-26 00:00:00+00:00
[2024-07-26T11:06:38.600+0700] {processor.py:183} INFO - Processing /usr/local/lib/python3.10/dist-packages/airflow/example_dags/example_branch_day_of_week_operator.py took 0.161 seconds
[2024-07-26T11:07:39.220+0700] {processor.py:161} INFO - Started process (PID=4691) to work on /usr/local/lib/python3.10/dist-packages/airflow/example_dags/example_branch_day_of_week_operator.py
[2024-07-26T11:07:39.222+0700] {processor.py:830} INFO - Processing file /usr/local/lib/python3.10/dist-packages/airflow/example_dags/example_branch_day_of_week_operator.py for tasks to queue
[2024-07-26T11:07:39.226+0700] {logging_mixin.py:188} INFO - [2024-07-26T11:07:39.225+0700] {dagbag.py:545} INFO - Filling up the DagBag from /usr/local/lib/python3.10/dist-packages/airflow/example_dags/example_branch_day_of_week_operator.py
[2024-07-26T11:07:39.235+0700] {processor.py:840} INFO - DAG(s) 'example_weekday_branch_operator' retrieved from /usr/local/lib/python3.10/dist-packages/airflow/example_dags/example_branch_day_of_week_operator.py
[2024-07-26T11:07:39.259+0700] {logging_mixin.py:188} INFO - [2024-07-26T11:07:39.258+0700] {dag.py:3089} INFO - Sync 1 DAGs
[2024-07-26T11:07:39.290+0700] {logging_mixin.py:188} INFO - [2024-07-26T11:07:39.289+0700] {dag.py:3947} INFO - Setting next_dagrun for example_weekday_branch_operator to 2024-07-25 00:00:00+00:00, run_after=2024-07-26 00:00:00+00:00
[2024-07-26T11:07:39.335+0700] {processor.py:183} INFO - Processing /usr/local/lib/python3.10/dist-packages/airflow/example_dags/example_branch_day_of_week_operator.py took 0.123 seconds
[2024-07-26T11:08:37.084+0700] {processor.py:161} INFO - Started process (PID=4981) to work on /usr/local/lib/python3.10/dist-packages/airflow/example_dags/example_branch_day_of_week_operator.py
[2024-07-26T11:08:37.086+0700] {processor.py:830} INFO - Processing file /usr/local/lib/python3.10/dist-packages/airflow/example_dags/example_branch_day_of_week_operator.py for tasks to queue
[2024-07-26T11:08:37.087+0700] {logging_mixin.py:188} INFO - [2024-07-26T11:08:37.087+0700] {dagbag.py:545} INFO - Filling up the DagBag from /usr/local/lib/python3.10/dist-packages/airflow/example_dags/example_branch_day_of_week_operator.py
[2024-07-26T11:08:37.093+0700] {processor.py:840} INFO - DAG(s) 'example_weekday_branch_operator' retrieved from /usr/local/lib/python3.10/dist-packages/airflow/example_dags/example_branch_day_of_week_operator.py
[2024-07-26T11:08:37.104+0700] {logging_mixin.py:188} INFO - [2024-07-26T11:08:37.104+0700] {dag.py:3089} INFO - Sync 1 DAGs
[2024-07-26T11:08:37.119+0700] {logging_mixin.py:188} INFO - [2024-07-26T11:08:37.119+0700] {dag.py:3947} INFO - Setting next_dagrun for example_weekday_branch_operator to 2024-07-25 00:00:00+00:00, run_after=2024-07-26 00:00:00+00:00
[2024-07-26T11:08:37.148+0700] {processor.py:183} INFO - Processing /usr/local/lib/python3.10/dist-packages/airflow/example_dags/example_branch_day_of_week_operator.py took 0.071 seconds
[2024-07-26T11:09:37.706+0700] {processor.py:161} INFO - Started process (PID=5282) to work on /usr/local/lib/python3.10/dist-packages/airflow/example_dags/example_branch_day_of_week_operator.py
[2024-07-26T11:09:37.708+0700] {processor.py:830} INFO - Processing file /usr/local/lib/python3.10/dist-packages/airflow/example_dags/example_branch_day_of_week_operator.py for tasks to queue
[2024-07-26T11:09:37.710+0700] {logging_mixin.py:188} INFO - [2024-07-26T11:09:37.709+0700] {dagbag.py:545} INFO - Filling up the DagBag from /usr/local/lib/python3.10/dist-packages/airflow/example_dags/example_branch_day_of_week_operator.py
[2024-07-26T11:09:37.716+0700] {processor.py:840} INFO - DAG(s) 'example_weekday_branch_operator' retrieved from /usr/local/lib/python3.10/dist-packages/airflow/example_dags/example_branch_day_of_week_operator.py
[2024-07-26T11:09:37.727+0700] {logging_mixin.py:188} INFO - [2024-07-26T11:09:37.727+0700] {dag.py:3089} INFO - Sync 1 DAGs
[2024-07-26T11:09:37.742+0700] {logging_mixin.py:188} INFO - [2024-07-26T11:09:37.742+0700] {dag.py:3947} INFO - Setting next_dagrun for example_weekday_branch_operator to 2024-07-25 00:00:00+00:00, run_after=2024-07-26 00:00:00+00:00
[2024-07-26T11:09:37.770+0700] {processor.py:183} INFO - Processing /usr/local/lib/python3.10/dist-packages/airflow/example_dags/example_branch_day_of_week_operator.py took 0.069 seconds
[2024-07-26T11:10:38.144+0700] {processor.py:161} INFO - Started process (PID=5581) to work on /usr/local/lib/python3.10/dist-packages/airflow/example_dags/example_branch_day_of_week_operator.py
[2024-07-26T11:10:38.146+0700] {processor.py:830} INFO - Processing file /usr/local/lib/python3.10/dist-packages/airflow/example_dags/example_branch_day_of_week_operator.py for tasks to queue
[2024-07-26T11:10:38.148+0700] {logging_mixin.py:188} INFO - [2024-07-26T11:10:38.148+0700] {dagbag.py:545} INFO - Filling up the DagBag from /usr/local/lib/python3.10/dist-packages/airflow/example_dags/example_branch_day_of_week_operator.py
[2024-07-26T11:10:38.153+0700] {processor.py:840} INFO - DAG(s) 'example_weekday_branch_operator' retrieved from /usr/local/lib/python3.10/dist-packages/airflow/example_dags/example_branch_day_of_week_operator.py
[2024-07-26T11:10:38.165+0700] {logging_mixin.py:188} INFO - [2024-07-26T11:10:38.164+0700] {dag.py:3089} INFO - Sync 1 DAGs
[2024-07-26T11:10:38.179+0700] {logging_mixin.py:188} INFO - [2024-07-26T11:10:38.179+0700] {dag.py:3947} INFO - Setting next_dagrun for example_weekday_branch_operator to 2024-07-25 00:00:00+00:00, run_after=2024-07-26 00:00:00+00:00
[2024-07-26T11:10:38.208+0700] {processor.py:183} INFO - Processing /usr/local/lib/python3.10/dist-packages/airflow/example_dags/example_branch_day_of_week_operator.py took 0.069 seconds
[2024-07-26T11:11:35.008+0700] {processor.py:161} INFO - Started process (PID=5865) to work on /usr/local/lib/python3.10/dist-packages/airflow/example_dags/example_branch_day_of_week_operator.py
[2024-07-26T11:11:35.010+0700] {processor.py:830} INFO - Processing file /usr/local/lib/python3.10/dist-packages/airflow/example_dags/example_branch_day_of_week_operator.py for tasks to queue
[2024-07-26T11:11:35.012+0700] {logging_mixin.py:188} INFO - [2024-07-26T11:11:35.012+0700] {dagbag.py:545} INFO - Filling up the DagBag from /usr/local/lib/python3.10/dist-packages/airflow/example_dags/example_branch_day_of_week_operator.py
[2024-07-26T11:11:35.018+0700] {processor.py:840} INFO - DAG(s) 'example_weekday_branch_operator' retrieved from /usr/local/lib/python3.10/dist-packages/airflow/example_dags/example_branch_day_of_week_operator.py
[2024-07-26T11:11:35.030+0700] {logging_mixin.py:188} INFO - [2024-07-26T11:11:35.030+0700] {dag.py:3089} INFO - Sync 1 DAGs
[2024-07-26T11:11:35.047+0700] {logging_mixin.py:188} INFO - [2024-07-26T11:11:35.047+0700] {dag.py:3947} INFO - Setting next_dagrun for example_weekday_branch_operator to 2024-07-25 00:00:00+00:00, run_after=2024-07-26 00:00:00+00:00
[2024-07-26T11:11:35.080+0700] {processor.py:183} INFO - Processing /usr/local/lib/python3.10/dist-packages/airflow/example_dags/example_branch_day_of_week_operator.py took 0.079 seconds
