[2024-07-26T10:57:59.310+0700] {processor.py:161} INFO - Started process (PID=1672) to work on /usr/local/lib/python3.10/dist-packages/airflow/example_dags/example_subdag_operator.py
[2024-07-26T10:57:59.311+0700] {processor.py:830} INFO - Processing file /usr/local/lib/python3.10/dist-packages/airflow/example_dags/example_subdag_operator.py for tasks to queue
[2024-07-26T10:57:59.312+0700] {logging_mixin.py:188} INFO - [2024-07-26T10:57:59.312+0700] {dagbag.py:545} INFO - Filling up the DagBag from /usr/local/lib/python3.10/dist-packages/airflow/example_dags/example_subdag_operator.py
[2024-07-26T10:57:59.365+0700] {processor.py:840} INFO - DAG(s) 'example_subdag_operator.section-1', 'example_subdag_operator.section-2', 'example_subdag_operator' retrieved from /usr/local/lib/python3.10/dist-packages/airflow/example_dags/example_subdag_operator.py
[2024-07-26T10:57:59.616+0700] {logging_mixin.py:188} INFO - [2024-07-26T10:57:59.616+0700] {override.py:1858} INFO - Created Permission View: can read on DAG:example_subdag_operator
[2024-07-26T10:57:59.659+0700] {logging_mixin.py:188} INFO - [2024-07-26T10:57:59.658+0700] {override.py:1858} INFO - Created Permission View: can edit on DAG:example_subdag_operator
[2024-07-26T10:57:59.679+0700] {logging_mixin.py:188} INFO - [2024-07-26T10:57:59.678+0700] {override.py:1858} INFO - Created Permission View: can delete on DAG:example_subdag_operator
[2024-07-26T10:57:59.679+0700] {logging_mixin.py:188} INFO - [2024-07-26T10:57:59.679+0700] {dag.py:3089} INFO - Sync 3 DAGs
[2024-07-26T10:57:59.699+0700] {logging_mixin.py:188} INFO - [2024-07-26T10:57:59.699+0700] {dag.py:3111} INFO - Creating ORM DAG for example_subdag_operator
[2024-07-26T10:57:59.700+0700] {logging_mixin.py:188} INFO - [2024-07-26T10:57:59.700+0700] {dag.py:3111} INFO - Creating ORM DAG for example_subdag_operator.section-1
[2024-07-26T10:57:59.700+0700] {logging_mixin.py:188} INFO - [2024-07-26T10:57:59.700+0700] {dag.py:3111} INFO - Creating ORM DAG for example_subdag_operator.section-2
[2024-07-26T10:57:59.761+0700] {logging_mixin.py:188} INFO - [2024-07-26T10:57:59.760+0700] {dag.py:3947} INFO - Setting next_dagrun for example_subdag_operator to 2022-01-01 00:00:00+00:00, run_after=2022-01-01 00:00:00+00:00
[2024-07-26T10:57:59.762+0700] {logging_mixin.py:188} INFO - [2024-07-26T10:57:59.761+0700] {dag.py:3947} INFO - Setting next_dagrun for example_subdag_operator.section-1 to None, run_after=None
[2024-07-26T10:57:59.762+0700] {logging_mixin.py:188} INFO - [2024-07-26T10:57:59.762+0700] {dag.py:3947} INFO - Setting next_dagrun for example_subdag_operator.section-2 to None, run_after=None
[2024-07-26T10:57:59.804+0700] {logging_mixin.py:188} INFO - [2024-07-26T10:57:59.804+0700] {dag.py:3089} INFO - Sync 2 DAGs
[2024-07-26T10:57:59.808+0700] {logging_mixin.py:188} INFO - [2024-07-26T10:57:59.808+0700] {dag.py:3947} INFO - Setting next_dagrun for example_subdag_operator.section-1 to None, run_after=None
[2024-07-26T10:57:59.810+0700] {logging_mixin.py:188} INFO - [2024-07-26T10:57:59.810+0700] {dag.py:3947} INFO - Setting next_dagrun for example_subdag_operator.section-2 to None, run_after=None
[2024-07-26T10:57:59.837+0700] {processor.py:183} INFO - Processing /usr/local/lib/python3.10/dist-packages/airflow/example_dags/example_subdag_operator.py took 0.530 seconds
[2024-07-26T10:59:01.452+0700] {processor.py:161} INFO - Started process (PID=1982) to work on /usr/local/lib/python3.10/dist-packages/airflow/example_dags/example_subdag_operator.py
[2024-07-26T10:59:01.455+0700] {processor.py:830} INFO - Processing file /usr/local/lib/python3.10/dist-packages/airflow/example_dags/example_subdag_operator.py for tasks to queue
[2024-07-26T10:59:01.456+0700] {logging_mixin.py:188} INFO - [2024-07-26T10:59:01.456+0700] {dagbag.py:545} INFO - Filling up the DagBag from /usr/local/lib/python3.10/dist-packages/airflow/example_dags/example_subdag_operator.py
[2024-07-26T10:59:01.472+0700] {processor.py:840} INFO - DAG(s) 'example_subdag_operator.section-1', 'example_subdag_operator.section-2', 'example_subdag_operator' retrieved from /usr/local/lib/python3.10/dist-packages/airflow/example_dags/example_subdag_operator.py
[2024-07-26T10:59:01.483+0700] {logging_mixin.py:188} INFO - [2024-07-26T10:59:01.483+0700] {dag.py:3089} INFO - Sync 3 DAGs
[2024-07-26T10:59:01.498+0700] {logging_mixin.py:188} INFO - [2024-07-26T10:59:01.497+0700] {dag.py:3947} INFO - Setting next_dagrun for example_subdag_operator to 2022-01-01 00:00:00+00:00, run_after=2022-01-01 00:00:00+00:00
[2024-07-26T10:59:01.501+0700] {logging_mixin.py:188} INFO - [2024-07-26T10:59:01.501+0700] {dag.py:3947} INFO - Setting next_dagrun for example_subdag_operator.section-1 to None, run_after=None
[2024-07-26T10:59:01.502+0700] {logging_mixin.py:188} INFO - [2024-07-26T10:59:01.502+0700] {dag.py:3947} INFO - Setting next_dagrun for example_subdag_operator.section-2 to None, run_after=None
[2024-07-26T10:59:01.507+0700] {logging_mixin.py:188} INFO - [2024-07-26T10:59:01.507+0700] {dag.py:3089} INFO - Sync 2 DAGs
[2024-07-26T10:59:01.510+0700] {logging_mixin.py:188} INFO - [2024-07-26T10:59:01.510+0700] {dag.py:3947} INFO - Setting next_dagrun for example_subdag_operator.section-1 to None, run_after=None
[2024-07-26T10:59:01.510+0700] {logging_mixin.py:188} INFO - [2024-07-26T10:59:01.510+0700] {dag.py:3947} INFO - Setting next_dagrun for example_subdag_operator.section-2 to None, run_after=None
[2024-07-26T10:59:01.535+0700] {processor.py:183} INFO - Processing /usr/local/lib/python3.10/dist-packages/airflow/example_dags/example_subdag_operator.py took 0.087 seconds
[2024-07-26T10:59:50.550+0700] {processor.py:161} INFO - Started process (PID=2230) to work on /usr/local/lib/python3.10/dist-packages/airflow/example_dags/example_subdag_operator.py
[2024-07-26T10:59:50.552+0700] {processor.py:830} INFO - Processing file /usr/local/lib/python3.10/dist-packages/airflow/example_dags/example_subdag_operator.py for tasks to queue
[2024-07-26T10:59:50.553+0700] {logging_mixin.py:188} INFO - [2024-07-26T10:59:50.553+0700] {dagbag.py:545} INFO - Filling up the DagBag from /usr/local/lib/python3.10/dist-packages/airflow/example_dags/example_subdag_operator.py
[2024-07-26T10:59:50.569+0700] {processor.py:840} INFO - DAG(s) 'example_subdag_operator.section-1', 'example_subdag_operator.section-2', 'example_subdag_operator' retrieved from /usr/local/lib/python3.10/dist-packages/airflow/example_dags/example_subdag_operator.py
[2024-07-26T10:59:50.582+0700] {logging_mixin.py:188} INFO - [2024-07-26T10:59:50.582+0700] {dag.py:3089} INFO - Sync 3 DAGs
[2024-07-26T10:59:50.690+0700] {logging_mixin.py:188} INFO - [2024-07-26T10:59:50.690+0700] {dag.py:3947} INFO - Setting next_dagrun for example_subdag_operator to 2022-01-01 00:00:00+00:00, run_after=2022-01-01 00:00:00+00:00
[2024-07-26T10:59:50.693+0700] {logging_mixin.py:188} INFO - [2024-07-26T10:59:50.692+0700] {dag.py:3947} INFO - Setting next_dagrun for example_subdag_operator.section-1 to None, run_after=None
[2024-07-26T10:59:50.693+0700] {logging_mixin.py:188} INFO - [2024-07-26T10:59:50.693+0700] {dag.py:3947} INFO - Setting next_dagrun for example_subdag_operator.section-2 to None, run_after=None
[2024-07-26T10:59:50.699+0700] {logging_mixin.py:188} INFO - [2024-07-26T10:59:50.699+0700] {dag.py:3089} INFO - Sync 2 DAGs
[2024-07-26T10:59:50.702+0700] {logging_mixin.py:188} INFO - [2024-07-26T10:59:50.702+0700] {dag.py:3947} INFO - Setting next_dagrun for example_subdag_operator.section-1 to None, run_after=None
[2024-07-26T10:59:50.703+0700] {logging_mixin.py:188} INFO - [2024-07-26T10:59:50.703+0700] {dag.py:3947} INFO - Setting next_dagrun for example_subdag_operator.section-2 to None, run_after=None
[2024-07-26T10:59:50.725+0700] {processor.py:183} INFO - Processing /usr/local/lib/python3.10/dist-packages/airflow/example_dags/example_subdag_operator.py took 0.179 seconds
[2024-07-26T11:00:40.457+0700] {processor.py:161} INFO - Started process (PID=2478) to work on /usr/local/lib/python3.10/dist-packages/airflow/example_dags/example_subdag_operator.py
[2024-07-26T11:00:40.459+0700] {processor.py:830} INFO - Processing file /usr/local/lib/python3.10/dist-packages/airflow/example_dags/example_subdag_operator.py for tasks to queue
[2024-07-26T11:00:40.461+0700] {logging_mixin.py:188} INFO - [2024-07-26T11:00:40.461+0700] {dagbag.py:545} INFO - Filling up the DagBag from /usr/local/lib/python3.10/dist-packages/airflow/example_dags/example_subdag_operator.py
[2024-07-26T11:00:40.474+0700] {processor.py:840} INFO - DAG(s) 'example_subdag_operator.section-1', 'example_subdag_operator.section-2', 'example_subdag_operator' retrieved from /usr/local/lib/python3.10/dist-packages/airflow/example_dags/example_subdag_operator.py
[2024-07-26T11:00:40.486+0700] {logging_mixin.py:188} INFO - [2024-07-26T11:00:40.485+0700] {dag.py:3089} INFO - Sync 3 DAGs
[2024-07-26T11:00:40.499+0700] {logging_mixin.py:188} INFO - [2024-07-26T11:00:40.499+0700] {dag.py:3947} INFO - Setting next_dagrun for example_subdag_operator to 2022-01-01 00:00:00+00:00, run_after=2022-01-01 00:00:00+00:00
[2024-07-26T11:00:40.502+0700] {logging_mixin.py:188} INFO - [2024-07-26T11:00:40.502+0700] {dag.py:3947} INFO - Setting next_dagrun for example_subdag_operator.section-1 to None, run_after=None
[2024-07-26T11:00:40.503+0700] {logging_mixin.py:188} INFO - [2024-07-26T11:00:40.503+0700] {dag.py:3947} INFO - Setting next_dagrun for example_subdag_operator.section-2 to None, run_after=None
[2024-07-26T11:00:40.508+0700] {logging_mixin.py:188} INFO - [2024-07-26T11:00:40.508+0700] {dag.py:3089} INFO - Sync 2 DAGs
[2024-07-26T11:00:40.511+0700] {logging_mixin.py:188} INFO - [2024-07-26T11:00:40.511+0700] {dag.py:3947} INFO - Setting next_dagrun for example_subdag_operator.section-1 to None, run_after=None
[2024-07-26T11:00:40.512+0700] {logging_mixin.py:188} INFO - [2024-07-26T11:00:40.512+0700] {dag.py:3947} INFO - Setting next_dagrun for example_subdag_operator.section-2 to None, run_after=None
[2024-07-26T11:00:40.535+0700] {processor.py:183} INFO - Processing /usr/local/lib/python3.10/dist-packages/airflow/example_dags/example_subdag_operator.py took 0.082 seconds
[2024-07-26T11:01:37.881+0700] {processor.py:161} INFO - Started process (PID=2765) to work on /usr/local/lib/python3.10/dist-packages/airflow/example_dags/example_subdag_operator.py
[2024-07-26T11:01:37.883+0700] {processor.py:830} INFO - Processing file /usr/local/lib/python3.10/dist-packages/airflow/example_dags/example_subdag_operator.py for tasks to queue
[2024-07-26T11:01:37.889+0700] {logging_mixin.py:188} INFO - [2024-07-26T11:01:37.887+0700] {dagbag.py:545} INFO - Filling up the DagBag from /usr/local/lib/python3.10/dist-packages/airflow/example_dags/example_subdag_operator.py
[2024-07-26T11:01:37.915+0700] {processor.py:840} INFO - DAG(s) 'example_subdag_operator.section-1', 'example_subdag_operator.section-2', 'example_subdag_operator' retrieved from /usr/local/lib/python3.10/dist-packages/airflow/example_dags/example_subdag_operator.py
[2024-07-26T11:01:37.937+0700] {logging_mixin.py:188} INFO - [2024-07-26T11:01:37.936+0700] {dag.py:3089} INFO - Sync 3 DAGs
[2024-07-26T11:01:37.965+0700] {logging_mixin.py:188} INFO - [2024-07-26T11:01:37.964+0700] {dag.py:3947} INFO - Setting next_dagrun for example_subdag_operator to 2022-01-01 00:00:00+00:00, run_after=2022-01-01 00:00:00+00:00
[2024-07-26T11:01:37.971+0700] {logging_mixin.py:188} INFO - [2024-07-26T11:01:37.970+0700] {dag.py:3947} INFO - Setting next_dagrun for example_subdag_operator.section-1 to None, run_after=None
[2024-07-26T11:01:37.974+0700] {logging_mixin.py:188} INFO - [2024-07-26T11:01:37.973+0700] {dag.py:3947} INFO - Setting next_dagrun for example_subdag_operator.section-2 to None, run_after=None
[2024-07-26T11:01:37.982+0700] {logging_mixin.py:188} INFO - [2024-07-26T11:01:37.981+0700] {dag.py:3089} INFO - Sync 2 DAGs
[2024-07-26T11:01:37.987+0700] {logging_mixin.py:188} INFO - [2024-07-26T11:01:37.987+0700] {dag.py:3947} INFO - Setting next_dagrun for example_subdag_operator.section-1 to None, run_after=None
[2024-07-26T11:01:37.988+0700] {logging_mixin.py:188} INFO - [2024-07-26T11:01:37.988+0700] {dag.py:3947} INFO - Setting next_dagrun for example_subdag_operator.section-2 to None, run_after=None
[2024-07-26T11:01:38.033+0700] {processor.py:183} INFO - Processing /usr/local/lib/python3.10/dist-packages/airflow/example_dags/example_subdag_operator.py took 0.158 seconds
[2024-07-26T11:02:18.213+0700] {processor.py:161} INFO - Started process (PID=2965) to work on /usr/local/lib/python3.10/dist-packages/airflow/example_dags/example_subdag_operator.py
[2024-07-26T11:02:18.215+0700] {processor.py:830} INFO - Processing file /usr/local/lib/python3.10/dist-packages/airflow/example_dags/example_subdag_operator.py for tasks to queue
[2024-07-26T11:02:18.217+0700] {logging_mixin.py:188} INFO - [2024-07-26T11:02:18.216+0700] {dagbag.py:545} INFO - Filling up the DagBag from /usr/local/lib/python3.10/dist-packages/airflow/example_dags/example_subdag_operator.py
[2024-07-26T11:02:18.231+0700] {processor.py:840} INFO - DAG(s) 'example_subdag_operator.section-1', 'example_subdag_operator.section-2', 'example_subdag_operator' retrieved from /usr/local/lib/python3.10/dist-packages/airflow/example_dags/example_subdag_operator.py
[2024-07-26T11:02:18.242+0700] {logging_mixin.py:188} INFO - [2024-07-26T11:02:18.241+0700] {dag.py:3089} INFO - Sync 3 DAGs
[2024-07-26T11:02:18.256+0700] {logging_mixin.py:188} INFO - [2024-07-26T11:02:18.256+0700] {dag.py:3947} INFO - Setting next_dagrun for example_subdag_operator to 2022-01-01 00:00:00+00:00, run_after=2022-01-01 00:00:00+00:00
[2024-07-26T11:02:18.259+0700] {logging_mixin.py:188} INFO - [2024-07-26T11:02:18.259+0700] {dag.py:3947} INFO - Setting next_dagrun for example_subdag_operator.section-1 to None, run_after=None
[2024-07-26T11:02:18.260+0700] {logging_mixin.py:188} INFO - [2024-07-26T11:02:18.260+0700] {dag.py:3947} INFO - Setting next_dagrun for example_subdag_operator.section-2 to None, run_after=None
[2024-07-26T11:02:18.264+0700] {logging_mixin.py:188} INFO - [2024-07-26T11:02:18.264+0700] {dag.py:3089} INFO - Sync 2 DAGs
[2024-07-26T11:02:18.268+0700] {logging_mixin.py:188} INFO - [2024-07-26T11:02:18.268+0700] {dag.py:3947} INFO - Setting next_dagrun for example_subdag_operator.section-1 to None, run_after=None
[2024-07-26T11:02:18.268+0700] {logging_mixin.py:188} INFO - [2024-07-26T11:02:18.268+0700] {dag.py:3947} INFO - Setting next_dagrun for example_subdag_operator.section-2 to None, run_after=None
[2024-07-26T11:02:18.291+0700] {processor.py:183} INFO - Processing /usr/local/lib/python3.10/dist-packages/airflow/example_dags/example_subdag_operator.py took 0.082 seconds
[2024-07-26T11:03:13.790+0700] {processor.py:161} INFO - Started process (PID=3243) to work on /usr/local/lib/python3.10/dist-packages/airflow/example_dags/example_subdag_operator.py
[2024-07-26T11:03:13.791+0700] {processor.py:830} INFO - Processing file /usr/local/lib/python3.10/dist-packages/airflow/example_dags/example_subdag_operator.py for tasks to queue
[2024-07-26T11:03:13.792+0700] {logging_mixin.py:188} INFO - [2024-07-26T11:03:13.792+0700] {dagbag.py:545} INFO - Filling up the DagBag from /usr/local/lib/python3.10/dist-packages/airflow/example_dags/example_subdag_operator.py
[2024-07-26T11:03:13.807+0700] {processor.py:840} INFO - DAG(s) 'example_subdag_operator.section-1', 'example_subdag_operator.section-2', 'example_subdag_operator' retrieved from /usr/local/lib/python3.10/dist-packages/airflow/example_dags/example_subdag_operator.py
[2024-07-26T11:03:13.818+0700] {logging_mixin.py:188} INFO - [2024-07-26T11:03:13.818+0700] {dag.py:3089} INFO - Sync 3 DAGs
[2024-07-26T11:03:13.833+0700] {logging_mixin.py:188} INFO - [2024-07-26T11:03:13.832+0700] {dag.py:3947} INFO - Setting next_dagrun for example_subdag_operator to 2022-01-01 00:00:00+00:00, run_after=2022-01-01 00:00:00+00:00
[2024-07-26T11:03:13.835+0700] {logging_mixin.py:188} INFO - [2024-07-26T11:03:13.835+0700] {dag.py:3947} INFO - Setting next_dagrun for example_subdag_operator.section-1 to None, run_after=None
[2024-07-26T11:03:13.836+0700] {logging_mixin.py:188} INFO - [2024-07-26T11:03:13.836+0700] {dag.py:3947} INFO - Setting next_dagrun for example_subdag_operator.section-2 to None, run_after=None
[2024-07-26T11:03:13.841+0700] {logging_mixin.py:188} INFO - [2024-07-26T11:03:13.841+0700] {dag.py:3089} INFO - Sync 2 DAGs
[2024-07-26T11:03:13.845+0700] {logging_mixin.py:188} INFO - [2024-07-26T11:03:13.844+0700] {dag.py:3947} INFO - Setting next_dagrun for example_subdag_operator.section-1 to None, run_after=None
[2024-07-26T11:03:13.845+0700] {logging_mixin.py:188} INFO - [2024-07-26T11:03:13.845+0700] {dag.py:3947} INFO - Setting next_dagrun for example_subdag_operator.section-2 to None, run_after=None
[2024-07-26T11:03:13.869+0700] {processor.py:183} INFO - Processing /usr/local/lib/python3.10/dist-packages/airflow/example_dags/example_subdag_operator.py took 0.083 seconds
[2024-07-26T11:03:55.283+0700] {processor.py:161} INFO - Started process (PID=3561) to work on /usr/local/lib/python3.10/dist-packages/airflow/example_dags/example_subdag_operator.py
[2024-07-26T11:03:55.284+0700] {processor.py:830} INFO - Processing file /usr/local/lib/python3.10/dist-packages/airflow/example_dags/example_subdag_operator.py for tasks to queue
[2024-07-26T11:03:55.286+0700] {logging_mixin.py:188} INFO - [2024-07-26T11:03:55.285+0700] {dagbag.py:545} INFO - Filling up the DagBag from /usr/local/lib/python3.10/dist-packages/airflow/example_dags/example_subdag_operator.py
[2024-07-26T11:03:55.300+0700] {processor.py:840} INFO - DAG(s) 'example_subdag_operator.section-1', 'example_subdag_operator.section-2', 'example_subdag_operator' retrieved from /usr/local/lib/python3.10/dist-packages/airflow/example_dags/example_subdag_operator.py
[2024-07-26T11:03:55.312+0700] {logging_mixin.py:188} INFO - [2024-07-26T11:03:55.311+0700] {dag.py:3089} INFO - Sync 3 DAGs
[2024-07-26T11:03:55.328+0700] {logging_mixin.py:188} INFO - [2024-07-26T11:03:55.327+0700] {dag.py:3947} INFO - Setting next_dagrun for example_subdag_operator to 2022-01-01 00:00:00+00:00, run_after=2022-01-01 00:00:00+00:00
[2024-07-26T11:03:55.330+0700] {logging_mixin.py:188} INFO - [2024-07-26T11:03:55.330+0700] {dag.py:3947} INFO - Setting next_dagrun for example_subdag_operator.section-1 to None, run_after=None
[2024-07-26T11:03:55.331+0700] {logging_mixin.py:188} INFO - [2024-07-26T11:03:55.331+0700] {dag.py:3947} INFO - Setting next_dagrun for example_subdag_operator.section-2 to None, run_after=None
[2024-07-26T11:03:55.336+0700] {logging_mixin.py:188} INFO - [2024-07-26T11:03:55.336+0700] {dag.py:3089} INFO - Sync 2 DAGs
[2024-07-26T11:03:55.339+0700] {logging_mixin.py:188} INFO - [2024-07-26T11:03:55.339+0700] {dag.py:3947} INFO - Setting next_dagrun for example_subdag_operator.section-1 to None, run_after=None
[2024-07-26T11:03:55.339+0700] {logging_mixin.py:188} INFO - [2024-07-26T11:03:55.339+0700] {dag.py:3947} INFO - Setting next_dagrun for example_subdag_operator.section-2 to None, run_after=None
[2024-07-26T11:03:55.366+0700] {processor.py:183} INFO - Processing /usr/local/lib/python3.10/dist-packages/airflow/example_dags/example_subdag_operator.py took 0.088 seconds
[2024-07-26T11:04:56.606+0700] {processor.py:161} INFO - Started process (PID=3878) to work on /usr/local/lib/python3.10/dist-packages/airflow/example_dags/example_subdag_operator.py
[2024-07-26T11:04:56.608+0700] {processor.py:830} INFO - Processing file /usr/local/lib/python3.10/dist-packages/airflow/example_dags/example_subdag_operator.py for tasks to queue
[2024-07-26T11:04:56.609+0700] {logging_mixin.py:188} INFO - [2024-07-26T11:04:56.609+0700] {dagbag.py:545} INFO - Filling up the DagBag from /usr/local/lib/python3.10/dist-packages/airflow/example_dags/example_subdag_operator.py
[2024-07-26T11:04:56.625+0700] {processor.py:840} INFO - DAG(s) 'example_subdag_operator.section-1', 'example_subdag_operator.section-2', 'example_subdag_operator' retrieved from /usr/local/lib/python3.10/dist-packages/airflow/example_dags/example_subdag_operator.py
[2024-07-26T11:04:56.638+0700] {logging_mixin.py:188} INFO - [2024-07-26T11:04:56.637+0700] {dag.py:3089} INFO - Sync 3 DAGs
[2024-07-26T11:04:56.651+0700] {logging_mixin.py:188} INFO - [2024-07-26T11:04:56.651+0700] {dag.py:3947} INFO - Setting next_dagrun for example_subdag_operator to 2022-01-01 00:00:00+00:00, run_after=2022-01-01 00:00:00+00:00
[2024-07-26T11:04:56.654+0700] {logging_mixin.py:188} INFO - [2024-07-26T11:04:56.654+0700] {dag.py:3947} INFO - Setting next_dagrun for example_subdag_operator.section-1 to None, run_after=None
[2024-07-26T11:04:56.656+0700] {logging_mixin.py:188} INFO - [2024-07-26T11:04:56.655+0700] {dag.py:3947} INFO - Setting next_dagrun for example_subdag_operator.section-2 to None, run_after=None
[2024-07-26T11:04:56.661+0700] {logging_mixin.py:188} INFO - [2024-07-26T11:04:56.661+0700] {dag.py:3089} INFO - Sync 2 DAGs
[2024-07-26T11:04:56.664+0700] {logging_mixin.py:188} INFO - [2024-07-26T11:04:56.664+0700] {dag.py:3947} INFO - Setting next_dagrun for example_subdag_operator.section-1 to None, run_after=None
[2024-07-26T11:04:56.665+0700] {logging_mixin.py:188} INFO - [2024-07-26T11:04:56.664+0700] {dag.py:3947} INFO - Setting next_dagrun for example_subdag_operator.section-2 to None, run_after=None
[2024-07-26T11:04:56.689+0700] {processor.py:183} INFO - Processing /usr/local/lib/python3.10/dist-packages/airflow/example_dags/example_subdag_operator.py took 0.089 seconds
[2024-07-26T11:05:52.821+0700] {processor.py:161} INFO - Started process (PID=4164) to work on /usr/local/lib/python3.10/dist-packages/airflow/example_dags/example_subdag_operator.py
[2024-07-26T11:05:52.824+0700] {processor.py:830} INFO - Processing file /usr/local/lib/python3.10/dist-packages/airflow/example_dags/example_subdag_operator.py for tasks to queue
[2024-07-26T11:05:52.825+0700] {logging_mixin.py:188} INFO - [2024-07-26T11:05:52.825+0700] {dagbag.py:545} INFO - Filling up the DagBag from /usr/local/lib/python3.10/dist-packages/airflow/example_dags/example_subdag_operator.py
[2024-07-26T11:05:52.840+0700] {processor.py:840} INFO - DAG(s) 'example_subdag_operator.section-1', 'example_subdag_operator.section-2', 'example_subdag_operator' retrieved from /usr/local/lib/python3.10/dist-packages/airflow/example_dags/example_subdag_operator.py
[2024-07-26T11:05:52.854+0700] {logging_mixin.py:188} INFO - [2024-07-26T11:05:52.853+0700] {dag.py:3089} INFO - Sync 3 DAGs
[2024-07-26T11:05:52.874+0700] {logging_mixin.py:188} INFO - [2024-07-26T11:05:52.874+0700] {dag.py:3947} INFO - Setting next_dagrun for example_subdag_operator to 2022-01-01 00:00:00+00:00, run_after=2022-01-01 00:00:00+00:00
[2024-07-26T11:05:52.879+0700] {logging_mixin.py:188} INFO - [2024-07-26T11:05:52.878+0700] {dag.py:3947} INFO - Setting next_dagrun for example_subdag_operator.section-1 to None, run_after=None
[2024-07-26T11:05:52.881+0700] {logging_mixin.py:188} INFO - [2024-07-26T11:05:52.881+0700] {dag.py:3947} INFO - Setting next_dagrun for example_subdag_operator.section-2 to None, run_after=None
[2024-07-26T11:05:52.890+0700] {logging_mixin.py:188} INFO - [2024-07-26T11:05:52.889+0700] {dag.py:3089} INFO - Sync 2 DAGs
[2024-07-26T11:05:52.897+0700] {logging_mixin.py:188} INFO - [2024-07-26T11:05:52.896+0700] {dag.py:3947} INFO - Setting next_dagrun for example_subdag_operator.section-1 to None, run_after=None
[2024-07-26T11:05:52.897+0700] {logging_mixin.py:188} INFO - [2024-07-26T11:05:52.897+0700] {dag.py:3947} INFO - Setting next_dagrun for example_subdag_operator.section-2 to None, run_after=None
[2024-07-26T11:05:52.931+0700] {processor.py:183} INFO - Processing /usr/local/lib/python3.10/dist-packages/airflow/example_dags/example_subdag_operator.py took 0.117 seconds
[2024-07-26T11:06:34.229+0700] {processor.py:161} INFO - Started process (PID=4369) to work on /usr/local/lib/python3.10/dist-packages/airflow/example_dags/example_subdag_operator.py
[2024-07-26T11:06:34.231+0700] {processor.py:830} INFO - Processing file /usr/local/lib/python3.10/dist-packages/airflow/example_dags/example_subdag_operator.py for tasks to queue
[2024-07-26T11:06:34.233+0700] {logging_mixin.py:188} INFO - [2024-07-26T11:06:34.232+0700] {dagbag.py:545} INFO - Filling up the DagBag from /usr/local/lib/python3.10/dist-packages/airflow/example_dags/example_subdag_operator.py
[2024-07-26T11:06:34.252+0700] {processor.py:840} INFO - DAG(s) 'example_subdag_operator.section-1', 'example_subdag_operator.section-2', 'example_subdag_operator' retrieved from /usr/local/lib/python3.10/dist-packages/airflow/example_dags/example_subdag_operator.py
[2024-07-26T11:06:34.266+0700] {logging_mixin.py:188} INFO - [2024-07-26T11:06:34.266+0700] {dag.py:3089} INFO - Sync 3 DAGs
[2024-07-26T11:06:34.287+0700] {logging_mixin.py:188} INFO - [2024-07-26T11:06:34.286+0700] {dag.py:3947} INFO - Setting next_dagrun for example_subdag_operator to 2022-01-01 00:00:00+00:00, run_after=2022-01-01 00:00:00+00:00
[2024-07-26T11:06:34.289+0700] {logging_mixin.py:188} INFO - [2024-07-26T11:06:34.289+0700] {dag.py:3947} INFO - Setting next_dagrun for example_subdag_operator.section-1 to None, run_after=None
[2024-07-26T11:06:34.291+0700] {logging_mixin.py:188} INFO - [2024-07-26T11:06:34.291+0700] {dag.py:3947} INFO - Setting next_dagrun for example_subdag_operator.section-2 to None, run_after=None
[2024-07-26T11:06:34.302+0700] {logging_mixin.py:188} INFO - [2024-07-26T11:06:34.302+0700] {dag.py:3089} INFO - Sync 2 DAGs
[2024-07-26T11:06:34.307+0700] {logging_mixin.py:188} INFO - [2024-07-26T11:06:34.306+0700] {dag.py:3947} INFO - Setting next_dagrun for example_subdag_operator.section-1 to None, run_after=None
[2024-07-26T11:06:34.308+0700] {logging_mixin.py:188} INFO - [2024-07-26T11:06:34.308+0700] {dag.py:3947} INFO - Setting next_dagrun for example_subdag_operator.section-2 to None, run_after=None
[2024-07-26T11:06:34.336+0700] {processor.py:183} INFO - Processing /usr/local/lib/python3.10/dist-packages/airflow/example_dags/example_subdag_operator.py took 0.117 seconds
[2024-07-26T11:07:17.625+0700] {processor.py:161} INFO - Started process (PID=4583) to work on /usr/local/lib/python3.10/dist-packages/airflow/example_dags/example_subdag_operator.py
[2024-07-26T11:07:17.627+0700] {processor.py:830} INFO - Processing file /usr/local/lib/python3.10/dist-packages/airflow/example_dags/example_subdag_operator.py for tasks to queue
[2024-07-26T11:07:17.630+0700] {logging_mixin.py:188} INFO - [2024-07-26T11:07:17.629+0700] {dagbag.py:545} INFO - Filling up the DagBag from /usr/local/lib/python3.10/dist-packages/airflow/example_dags/example_subdag_operator.py
[2024-07-26T11:07:17.652+0700] {processor.py:840} INFO - DAG(s) 'example_subdag_operator.section-1', 'example_subdag_operator.section-2', 'example_subdag_operator' retrieved from /usr/local/lib/python3.10/dist-packages/airflow/example_dags/example_subdag_operator.py
[2024-07-26T11:07:17.666+0700] {logging_mixin.py:188} INFO - [2024-07-26T11:07:17.666+0700] {dag.py:3089} INFO - Sync 3 DAGs
[2024-07-26T11:07:17.681+0700] {logging_mixin.py:188} INFO - [2024-07-26T11:07:17.681+0700] {dag.py:3947} INFO - Setting next_dagrun for example_subdag_operator to 2022-01-01 00:00:00+00:00, run_after=2022-01-01 00:00:00+00:00
[2024-07-26T11:07:17.684+0700] {logging_mixin.py:188} INFO - [2024-07-26T11:07:17.683+0700] {dag.py:3947} INFO - Setting next_dagrun for example_subdag_operator.section-1 to None, run_after=None
[2024-07-26T11:07:17.685+0700] {logging_mixin.py:188} INFO - [2024-07-26T11:07:17.685+0700] {dag.py:3947} INFO - Setting next_dagrun for example_subdag_operator.section-2 to None, run_after=None
[2024-07-26T11:07:17.690+0700] {logging_mixin.py:188} INFO - [2024-07-26T11:07:17.690+0700] {dag.py:3089} INFO - Sync 2 DAGs
[2024-07-26T11:07:17.694+0700] {logging_mixin.py:188} INFO - [2024-07-26T11:07:17.694+0700] {dag.py:3947} INFO - Setting next_dagrun for example_subdag_operator.section-1 to None, run_after=None
[2024-07-26T11:07:17.695+0700] {logging_mixin.py:188} INFO - [2024-07-26T11:07:17.695+0700] {dag.py:3947} INFO - Setting next_dagrun for example_subdag_operator.section-2 to None, run_after=None
[2024-07-26T11:07:17.720+0700] {processor.py:183} INFO - Processing /usr/local/lib/python3.10/dist-packages/airflow/example_dags/example_subdag_operator.py took 0.108 seconds
[2024-07-26T11:08:13.878+0700] {processor.py:161} INFO - Started process (PID=4865) to work on /usr/local/lib/python3.10/dist-packages/airflow/example_dags/example_subdag_operator.py
[2024-07-26T11:08:13.880+0700] {processor.py:830} INFO - Processing file /usr/local/lib/python3.10/dist-packages/airflow/example_dags/example_subdag_operator.py for tasks to queue
[2024-07-26T11:08:13.882+0700] {logging_mixin.py:188} INFO - [2024-07-26T11:08:13.881+0700] {dagbag.py:545} INFO - Filling up the DagBag from /usr/local/lib/python3.10/dist-packages/airflow/example_dags/example_subdag_operator.py
[2024-07-26T11:08:13.898+0700] {processor.py:840} INFO - DAG(s) 'example_subdag_operator.section-1', 'example_subdag_operator.section-2', 'example_subdag_operator' retrieved from /usr/local/lib/python3.10/dist-packages/airflow/example_dags/example_subdag_operator.py
[2024-07-26T11:08:13.912+0700] {logging_mixin.py:188} INFO - [2024-07-26T11:08:13.911+0700] {dag.py:3089} INFO - Sync 3 DAGs
[2024-07-26T11:08:13.929+0700] {logging_mixin.py:188} INFO - [2024-07-26T11:08:13.929+0700] {dag.py:3947} INFO - Setting next_dagrun for example_subdag_operator to 2022-01-01 00:00:00+00:00, run_after=2022-01-01 00:00:00+00:00
[2024-07-26T11:08:13.933+0700] {logging_mixin.py:188} INFO - [2024-07-26T11:08:13.933+0700] {dag.py:3947} INFO - Setting next_dagrun for example_subdag_operator.section-1 to None, run_after=None
[2024-07-26T11:08:13.934+0700] {logging_mixin.py:188} INFO - [2024-07-26T11:08:13.934+0700] {dag.py:3947} INFO - Setting next_dagrun for example_subdag_operator.section-2 to None, run_after=None
[2024-07-26T11:08:13.940+0700] {logging_mixin.py:188} INFO - [2024-07-26T11:08:13.940+0700] {dag.py:3089} INFO - Sync 2 DAGs
[2024-07-26T11:08:13.945+0700] {logging_mixin.py:188} INFO - [2024-07-26T11:08:13.945+0700] {dag.py:3947} INFO - Setting next_dagrun for example_subdag_operator.section-1 to None, run_after=None
[2024-07-26T11:08:13.945+0700] {logging_mixin.py:188} INFO - [2024-07-26T11:08:13.945+0700] {dag.py:3947} INFO - Setting next_dagrun for example_subdag_operator.section-2 to None, run_after=None
[2024-07-26T11:08:13.973+0700] {processor.py:183} INFO - Processing /usr/local/lib/python3.10/dist-packages/airflow/example_dags/example_subdag_operator.py took 0.102 seconds
[2024-07-26T11:08:55.008+0700] {processor.py:161} INFO - Started process (PID=5069) to work on /usr/local/lib/python3.10/dist-packages/airflow/example_dags/example_subdag_operator.py
[2024-07-26T11:08:55.009+0700] {processor.py:830} INFO - Processing file /usr/local/lib/python3.10/dist-packages/airflow/example_dags/example_subdag_operator.py for tasks to queue
[2024-07-26T11:08:55.010+0700] {logging_mixin.py:188} INFO - [2024-07-26T11:08:55.010+0700] {dagbag.py:545} INFO - Filling up the DagBag from /usr/local/lib/python3.10/dist-packages/airflow/example_dags/example_subdag_operator.py
[2024-07-26T11:08:55.026+0700] {processor.py:840} INFO - DAG(s) 'example_subdag_operator.section-1', 'example_subdag_operator.section-2', 'example_subdag_operator' retrieved from /usr/local/lib/python3.10/dist-packages/airflow/example_dags/example_subdag_operator.py
[2024-07-26T11:08:55.037+0700] {logging_mixin.py:188} INFO - [2024-07-26T11:08:55.037+0700] {dag.py:3089} INFO - Sync 3 DAGs
[2024-07-26T11:08:55.052+0700] {logging_mixin.py:188} INFO - [2024-07-26T11:08:55.051+0700] {dag.py:3947} INFO - Setting next_dagrun for example_subdag_operator to 2022-01-01 00:00:00+00:00, run_after=2022-01-01 00:00:00+00:00
[2024-07-26T11:08:55.054+0700] {logging_mixin.py:188} INFO - [2024-07-26T11:08:55.054+0700] {dag.py:3947} INFO - Setting next_dagrun for example_subdag_operator.section-1 to None, run_after=None
[2024-07-26T11:08:55.056+0700] {logging_mixin.py:188} INFO - [2024-07-26T11:08:55.055+0700] {dag.py:3947} INFO - Setting next_dagrun for example_subdag_operator.section-2 to None, run_after=None
[2024-07-26T11:08:55.060+0700] {logging_mixin.py:188} INFO - [2024-07-26T11:08:55.060+0700] {dag.py:3089} INFO - Sync 2 DAGs
[2024-07-26T11:08:55.064+0700] {logging_mixin.py:188} INFO - [2024-07-26T11:08:55.064+0700] {dag.py:3947} INFO - Setting next_dagrun for example_subdag_operator.section-1 to None, run_after=None
[2024-07-26T11:08:55.064+0700] {logging_mixin.py:188} INFO - [2024-07-26T11:08:55.064+0700] {dag.py:3947} INFO - Setting next_dagrun for example_subdag_operator.section-2 to None, run_after=None
[2024-07-26T11:08:55.089+0700] {processor.py:183} INFO - Processing /usr/local/lib/python3.10/dist-packages/airflow/example_dags/example_subdag_operator.py took 0.087 seconds
[2024-07-26T11:09:36.207+0700] {processor.py:161} INFO - Started process (PID=5275) to work on /usr/local/lib/python3.10/dist-packages/airflow/example_dags/example_subdag_operator.py
[2024-07-26T11:09:36.209+0700] {processor.py:830} INFO - Processing file /usr/local/lib/python3.10/dist-packages/airflow/example_dags/example_subdag_operator.py for tasks to queue
[2024-07-26T11:09:36.211+0700] {logging_mixin.py:188} INFO - [2024-07-26T11:09:36.210+0700] {dagbag.py:545} INFO - Filling up the DagBag from /usr/local/lib/python3.10/dist-packages/airflow/example_dags/example_subdag_operator.py
[2024-07-26T11:09:36.225+0700] {processor.py:840} INFO - DAG(s) 'example_subdag_operator.section-1', 'example_subdag_operator.section-2', 'example_subdag_operator' retrieved from /usr/local/lib/python3.10/dist-packages/airflow/example_dags/example_subdag_operator.py
[2024-07-26T11:09:36.236+0700] {logging_mixin.py:188} INFO - [2024-07-26T11:09:36.236+0700] {dag.py:3089} INFO - Sync 3 DAGs
[2024-07-26T11:09:36.251+0700] {logging_mixin.py:188} INFO - [2024-07-26T11:09:36.250+0700] {dag.py:3947} INFO - Setting next_dagrun for example_subdag_operator to 2022-01-01 00:00:00+00:00, run_after=2022-01-01 00:00:00+00:00
[2024-07-26T11:09:36.253+0700] {logging_mixin.py:188} INFO - [2024-07-26T11:09:36.253+0700] {dag.py:3947} INFO - Setting next_dagrun for example_subdag_operator.section-1 to None, run_after=None
[2024-07-26T11:09:36.254+0700] {logging_mixin.py:188} INFO - [2024-07-26T11:09:36.254+0700] {dag.py:3947} INFO - Setting next_dagrun for example_subdag_operator.section-2 to None, run_after=None
[2024-07-26T11:09:36.259+0700] {logging_mixin.py:188} INFO - [2024-07-26T11:09:36.259+0700] {dag.py:3089} INFO - Sync 2 DAGs
[2024-07-26T11:09:36.263+0700] {logging_mixin.py:188} INFO - [2024-07-26T11:09:36.262+0700] {dag.py:3947} INFO - Setting next_dagrun for example_subdag_operator.section-1 to None, run_after=None
[2024-07-26T11:09:36.263+0700] {logging_mixin.py:188} INFO - [2024-07-26T11:09:36.263+0700] {dag.py:3947} INFO - Setting next_dagrun for example_subdag_operator.section-2 to None, run_after=None
[2024-07-26T11:09:36.288+0700] {processor.py:183} INFO - Processing /usr/local/lib/python3.10/dist-packages/airflow/example_dags/example_subdag_operator.py took 0.087 seconds
[2024-07-26T11:10:35.775+0700] {processor.py:161} INFO - Started process (PID=5570) to work on /usr/local/lib/python3.10/dist-packages/airflow/example_dags/example_subdag_operator.py
[2024-07-26T11:10:35.776+0700] {processor.py:830} INFO - Processing file /usr/local/lib/python3.10/dist-packages/airflow/example_dags/example_subdag_operator.py for tasks to queue
[2024-07-26T11:10:35.777+0700] {logging_mixin.py:188} INFO - [2024-07-26T11:10:35.777+0700] {dagbag.py:545} INFO - Filling up the DagBag from /usr/local/lib/python3.10/dist-packages/airflow/example_dags/example_subdag_operator.py
[2024-07-26T11:10:35.792+0700] {processor.py:840} INFO - DAG(s) 'example_subdag_operator.section-1', 'example_subdag_operator.section-2', 'example_subdag_operator' retrieved from /usr/local/lib/python3.10/dist-packages/airflow/example_dags/example_subdag_operator.py
[2024-07-26T11:10:35.803+0700] {logging_mixin.py:188} INFO - [2024-07-26T11:10:35.803+0700] {dag.py:3089} INFO - Sync 3 DAGs
[2024-07-26T11:10:35.817+0700] {logging_mixin.py:188} INFO - [2024-07-26T11:10:35.817+0700] {dag.py:3947} INFO - Setting next_dagrun for example_subdag_operator to 2022-01-01 00:00:00+00:00, run_after=2022-01-01 00:00:00+00:00
[2024-07-26T11:10:35.820+0700] {logging_mixin.py:188} INFO - [2024-07-26T11:10:35.819+0700] {dag.py:3947} INFO - Setting next_dagrun for example_subdag_operator.section-1 to None, run_after=None
[2024-07-26T11:10:35.820+0700] {logging_mixin.py:188} INFO - [2024-07-26T11:10:35.820+0700] {dag.py:3947} INFO - Setting next_dagrun for example_subdag_operator.section-2 to None, run_after=None
[2024-07-26T11:10:35.825+0700] {logging_mixin.py:188} INFO - [2024-07-26T11:10:35.825+0700] {dag.py:3089} INFO - Sync 2 DAGs
[2024-07-26T11:10:35.829+0700] {logging_mixin.py:188} INFO - [2024-07-26T11:10:35.828+0700] {dag.py:3947} INFO - Setting next_dagrun for example_subdag_operator.section-1 to None, run_after=None
[2024-07-26T11:10:35.829+0700] {logging_mixin.py:188} INFO - [2024-07-26T11:10:35.829+0700] {dag.py:3947} INFO - Setting next_dagrun for example_subdag_operator.section-2 to None, run_after=None
[2024-07-26T11:10:35.852+0700] {processor.py:183} INFO - Processing /usr/local/lib/python3.10/dist-packages/airflow/example_dags/example_subdag_operator.py took 0.083 seconds
[2024-07-26T11:11:33.615+0700] {processor.py:161} INFO - Started process (PID=5857) to work on /usr/local/lib/python3.10/dist-packages/airflow/example_dags/example_subdag_operator.py
[2024-07-26T11:11:33.617+0700] {processor.py:830} INFO - Processing file /usr/local/lib/python3.10/dist-packages/airflow/example_dags/example_subdag_operator.py for tasks to queue
[2024-07-26T11:11:33.619+0700] {logging_mixin.py:188} INFO - [2024-07-26T11:11:33.619+0700] {dagbag.py:545} INFO - Filling up the DagBag from /usr/local/lib/python3.10/dist-packages/airflow/example_dags/example_subdag_operator.py
[2024-07-26T11:11:33.633+0700] {processor.py:840} INFO - DAG(s) 'example_subdag_operator.section-1', 'example_subdag_operator.section-2', 'example_subdag_operator' retrieved from /usr/local/lib/python3.10/dist-packages/airflow/example_dags/example_subdag_operator.py
[2024-07-26T11:11:33.648+0700] {logging_mixin.py:188} INFO - [2024-07-26T11:11:33.648+0700] {dag.py:3089} INFO - Sync 3 DAGs
[2024-07-26T11:11:33.663+0700] {logging_mixin.py:188} INFO - [2024-07-26T11:11:33.662+0700] {dag.py:3947} INFO - Setting next_dagrun for example_subdag_operator to 2022-01-01 00:00:00+00:00, run_after=2022-01-01 00:00:00+00:00
[2024-07-26T11:11:33.665+0700] {logging_mixin.py:188} INFO - [2024-07-26T11:11:33.665+0700] {dag.py:3947} INFO - Setting next_dagrun for example_subdag_operator.section-1 to None, run_after=None
[2024-07-26T11:11:33.666+0700] {logging_mixin.py:188} INFO - [2024-07-26T11:11:33.666+0700] {dag.py:3947} INFO - Setting next_dagrun for example_subdag_operator.section-2 to None, run_after=None
[2024-07-26T11:11:33.672+0700] {logging_mixin.py:188} INFO - [2024-07-26T11:11:33.672+0700] {dag.py:3089} INFO - Sync 2 DAGs
[2024-07-26T11:11:33.677+0700] {logging_mixin.py:188} INFO - [2024-07-26T11:11:33.677+0700] {dag.py:3947} INFO - Setting next_dagrun for example_subdag_operator.section-1 to None, run_after=None
[2024-07-26T11:11:33.678+0700] {logging_mixin.py:188} INFO - [2024-07-26T11:11:33.678+0700] {dag.py:3947} INFO - Setting next_dagrun for example_subdag_operator.section-2 to None, run_after=None
[2024-07-26T11:11:33.701+0700] {processor.py:183} INFO - Processing /usr/local/lib/python3.10/dist-packages/airflow/example_dags/example_subdag_operator.py took 0.092 seconds
