[2024-07-26T10:57:47.908+0700] {processor.py:161} INFO - Started process (PID=1612) to work on /usr/local/lib/python3.10/dist-packages/airflow/example_dags/example_branch_datetime_operator.py
[2024-07-26T10:57:47.908+0700] {processor.py:830} INFO - Processing file /usr/local/lib/python3.10/dist-packages/airflow/example_dags/example_branch_datetime_operator.py for tasks to queue
[2024-07-26T10:57:47.909+0700] {logging_mixin.py:188} INFO - [2024-07-26T10:57:47.909+0700] {dagbag.py:545} INFO - Filling up the DagBag from /usr/local/lib/python3.10/dist-packages/airflow/example_dags/example_branch_datetime_operator.py
[2024-07-26T10:57:47.918+0700] {processor.py:840} INFO - DAG(s) 'example_branch_datetime_operator', 'example_branch_datetime_operator_2', 'example_branch_datetime_operator_3' retrieved from /usr/local/lib/python3.10/dist-packages/airflow/example_dags/example_branch_datetime_operator.py
[2024-07-26T10:57:48.014+0700] {logging_mixin.py:188} INFO - [2024-07-26T10:57:48.013+0700] {override.py:1858} INFO - Created Permission View: can read on DAG:example_branch_datetime_operator
[2024-07-26T10:57:48.034+0700] {logging_mixin.py:188} INFO - [2024-07-26T10:57:48.033+0700] {override.py:1858} INFO - Created Permission View: can edit on DAG:example_branch_datetime_operator
[2024-07-26T10:57:48.054+0700] {logging_mixin.py:188} INFO - [2024-07-26T10:57:48.054+0700] {override.py:1858} INFO - Created Permission View: can delete on DAG:example_branch_datetime_operator
[2024-07-26T10:57:48.101+0700] {logging_mixin.py:188} INFO - [2024-07-26T10:57:48.100+0700] {override.py:1858} INFO - Created Permission View: can read on DAG:example_branch_datetime_operator_2
[2024-07-26T10:57:48.119+0700] {logging_mixin.py:188} INFO - [2024-07-26T10:57:48.118+0700] {override.py:1858} INFO - Created Permission View: can edit on DAG:example_branch_datetime_operator_2
[2024-07-26T10:57:48.137+0700] {logging_mixin.py:188} INFO - [2024-07-26T10:57:48.136+0700] {override.py:1858} INFO - Created Permission View: can delete on DAG:example_branch_datetime_operator_2
[2024-07-26T10:57:48.176+0700] {logging_mixin.py:188} INFO - [2024-07-26T10:57:48.176+0700] {override.py:1858} INFO - Created Permission View: can read on DAG:example_branch_datetime_operator_3
[2024-07-26T10:57:48.194+0700] {logging_mixin.py:188} INFO - [2024-07-26T10:57:48.193+0700] {override.py:1858} INFO - Created Permission View: can edit on DAG:example_branch_datetime_operator_3
[2024-07-26T10:57:48.212+0700] {logging_mixin.py:188} INFO - [2024-07-26T10:57:48.211+0700] {override.py:1858} INFO - Created Permission View: can delete on DAG:example_branch_datetime_operator_3
[2024-07-26T10:57:48.212+0700] {logging_mixin.py:188} INFO - [2024-07-26T10:57:48.212+0700] {dag.py:3089} INFO - Sync 3 DAGs
[2024-07-26T10:57:48.221+0700] {logging_mixin.py:188} INFO - [2024-07-26T10:57:48.221+0700] {dag.py:3111} INFO - Creating ORM DAG for example_branch_datetime_operator_3
[2024-07-26T10:57:48.221+0700] {logging_mixin.py:188} INFO - [2024-07-26T10:57:48.221+0700] {dag.py:3111} INFO - Creating ORM DAG for example_branch_datetime_operator_2
[2024-07-26T10:57:48.222+0700] {logging_mixin.py:188} INFO - [2024-07-26T10:57:48.222+0700] {dag.py:3111} INFO - Creating ORM DAG for example_branch_datetime_operator
[2024-07-26T10:57:48.229+0700] {logging_mixin.py:188} INFO - [2024-07-26T10:57:48.229+0700] {dag.py:3947} INFO - Setting next_dagrun for example_branch_datetime_operator to 2024-07-25 00:00:00+00:00, run_after=2024-07-26 00:00:00+00:00
[2024-07-26T10:57:48.230+0700] {logging_mixin.py:188} INFO - [2024-07-26T10:57:48.230+0700] {dag.py:3947} INFO - Setting next_dagrun for example_branch_datetime_operator_2 to 2024-07-25 00:00:00+00:00, run_after=2024-07-26 00:00:00+00:00
[2024-07-26T10:57:48.231+0700] {logging_mixin.py:188} INFO - [2024-07-26T10:57:48.231+0700] {dag.py:3947} INFO - Setting next_dagrun for example_branch_datetime_operator_3 to 2024-07-25 00:00:00+00:00, run_after=2024-07-26 00:00:00+00:00
[2024-07-26T10:57:48.263+0700] {processor.py:183} INFO - Processing /usr/local/lib/python3.10/dist-packages/airflow/example_dags/example_branch_datetime_operator.py took 0.360 seconds
[2024-07-26T10:58:51.744+0700] {processor.py:161} INFO - Started process (PID=1935) to work on /usr/local/lib/python3.10/dist-packages/airflow/example_dags/example_branch_datetime_operator.py
[2024-07-26T10:58:51.746+0700] {processor.py:830} INFO - Processing file /usr/local/lib/python3.10/dist-packages/airflow/example_dags/example_branch_datetime_operator.py for tasks to queue
[2024-07-26T10:58:51.747+0700] {logging_mixin.py:188} INFO - [2024-07-26T10:58:51.747+0700] {dagbag.py:545} INFO - Filling up the DagBag from /usr/local/lib/python3.10/dist-packages/airflow/example_dags/example_branch_datetime_operator.py
[2024-07-26T10:58:51.754+0700] {processor.py:840} INFO - DAG(s) 'example_branch_datetime_operator_2', 'example_branch_datetime_operator', 'example_branch_datetime_operator_3' retrieved from /usr/local/lib/python3.10/dist-packages/airflow/example_dags/example_branch_datetime_operator.py
[2024-07-26T10:58:51.773+0700] {logging_mixin.py:188} INFO - [2024-07-26T10:58:51.772+0700] {dag.py:3089} INFO - Sync 3 DAGs
[2024-07-26T10:58:51.787+0700] {logging_mixin.py:188} INFO - [2024-07-26T10:58:51.787+0700] {dag.py:3947} INFO - Setting next_dagrun for example_branch_datetime_operator to 2024-07-25 00:00:00+00:00, run_after=2024-07-26 00:00:00+00:00
[2024-07-26T10:58:51.790+0700] {logging_mixin.py:188} INFO - [2024-07-26T10:58:51.790+0700] {dag.py:3947} INFO - Setting next_dagrun for example_branch_datetime_operator_2 to 2024-07-25 00:00:00+00:00, run_after=2024-07-26 00:00:00+00:00
[2024-07-26T10:58:51.792+0700] {logging_mixin.py:188} INFO - [2024-07-26T10:58:51.792+0700] {dag.py:3947} INFO - Setting next_dagrun for example_branch_datetime_operator_3 to 2024-07-25 00:00:00+00:00, run_after=2024-07-26 00:00:00+00:00
[2024-07-26T10:58:51.820+0700] {processor.py:183} INFO - Processing /usr/local/lib/python3.10/dist-packages/airflow/example_dags/example_branch_datetime_operator.py took 0.080 seconds
[2024-07-26T10:59:40.863+0700] {processor.py:161} INFO - Started process (PID=2182) to work on /usr/local/lib/python3.10/dist-packages/airflow/example_dags/example_branch_datetime_operator.py
[2024-07-26T10:59:40.866+0700] {processor.py:830} INFO - Processing file /usr/local/lib/python3.10/dist-packages/airflow/example_dags/example_branch_datetime_operator.py for tasks to queue
[2024-07-26T10:59:40.867+0700] {logging_mixin.py:188} INFO - [2024-07-26T10:59:40.867+0700] {dagbag.py:545} INFO - Filling up the DagBag from /usr/local/lib/python3.10/dist-packages/airflow/example_dags/example_branch_datetime_operator.py
[2024-07-26T10:59:40.875+0700] {processor.py:840} INFO - DAG(s) 'example_branch_datetime_operator_2', 'example_branch_datetime_operator', 'example_branch_datetime_operator_3' retrieved from /usr/local/lib/python3.10/dist-packages/airflow/example_dags/example_branch_datetime_operator.py
[2024-07-26T10:59:40.891+0700] {logging_mixin.py:188} INFO - [2024-07-26T10:59:40.890+0700] {dag.py:3089} INFO - Sync 3 DAGs
[2024-07-26T10:59:40.992+0700] {logging_mixin.py:188} INFO - [2024-07-26T10:59:40.992+0700] {dag.py:3947} INFO - Setting next_dagrun for example_branch_datetime_operator to 2024-07-25 00:00:00+00:00, run_after=2024-07-26 00:00:00+00:00
[2024-07-26T10:59:40.996+0700] {logging_mixin.py:188} INFO - [2024-07-26T10:59:40.995+0700] {dag.py:3947} INFO - Setting next_dagrun for example_branch_datetime_operator_2 to 2024-07-25 00:00:00+00:00, run_after=2024-07-26 00:00:00+00:00
[2024-07-26T10:59:40.998+0700] {logging_mixin.py:188} INFO - [2024-07-26T10:59:40.997+0700] {dag.py:3947} INFO - Setting next_dagrun for example_branch_datetime_operator_3 to 2024-07-25 00:00:00+00:00, run_after=2024-07-26 00:00:00+00:00
[2024-07-26T10:59:41.025+0700] {processor.py:183} INFO - Processing /usr/local/lib/python3.10/dist-packages/airflow/example_dags/example_branch_datetime_operator.py took 0.166 seconds
[2024-07-26T11:00:31.928+0700] {processor.py:161} INFO - Started process (PID=2436) to work on /usr/local/lib/python3.10/dist-packages/airflow/example_dags/example_branch_datetime_operator.py
[2024-07-26T11:00:31.930+0700] {processor.py:830} INFO - Processing file /usr/local/lib/python3.10/dist-packages/airflow/example_dags/example_branch_datetime_operator.py for tasks to queue
[2024-07-26T11:00:31.932+0700] {logging_mixin.py:188} INFO - [2024-07-26T11:00:31.931+0700] {dagbag.py:545} INFO - Filling up the DagBag from /usr/local/lib/python3.10/dist-packages/airflow/example_dags/example_branch_datetime_operator.py
[2024-07-26T11:00:31.940+0700] {processor.py:840} INFO - DAG(s) 'example_branch_datetime_operator_2', 'example_branch_datetime_operator_3', 'example_branch_datetime_operator' retrieved from /usr/local/lib/python3.10/dist-packages/airflow/example_dags/example_branch_datetime_operator.py
[2024-07-26T11:00:31.957+0700] {logging_mixin.py:188} INFO - [2024-07-26T11:00:31.957+0700] {dag.py:3089} INFO - Sync 3 DAGs
[2024-07-26T11:00:31.972+0700] {logging_mixin.py:188} INFO - [2024-07-26T11:00:31.972+0700] {dag.py:3947} INFO - Setting next_dagrun for example_branch_datetime_operator to 2024-07-25 00:00:00+00:00, run_after=2024-07-26 00:00:00+00:00
[2024-07-26T11:00:31.975+0700] {logging_mixin.py:188} INFO - [2024-07-26T11:00:31.975+0700] {dag.py:3947} INFO - Setting next_dagrun for example_branch_datetime_operator_2 to 2024-07-25 00:00:00+00:00, run_after=2024-07-26 00:00:00+00:00
[2024-07-26T11:00:31.977+0700] {logging_mixin.py:188} INFO - [2024-07-26T11:00:31.977+0700] {dag.py:3947} INFO - Setting next_dagrun for example_branch_datetime_operator_3 to 2024-07-25 00:00:00+00:00, run_after=2024-07-26 00:00:00+00:00
[2024-07-26T11:00:32.005+0700] {processor.py:183} INFO - Processing /usr/local/lib/python3.10/dist-packages/airflow/example_dags/example_branch_datetime_operator.py took 0.081 seconds
[2024-07-26T11:01:11.594+0700] {processor.py:161} INFO - Started process (PID=2632) to work on /usr/local/lib/python3.10/dist-packages/airflow/example_dags/example_branch_datetime_operator.py
[2024-07-26T11:01:11.596+0700] {processor.py:830} INFO - Processing file /usr/local/lib/python3.10/dist-packages/airflow/example_dags/example_branch_datetime_operator.py for tasks to queue
[2024-07-26T11:01:11.597+0700] {logging_mixin.py:188} INFO - [2024-07-26T11:01:11.597+0700] {dagbag.py:545} INFO - Filling up the DagBag from /usr/local/lib/python3.10/dist-packages/airflow/example_dags/example_branch_datetime_operator.py
[2024-07-26T11:01:11.606+0700] {processor.py:840} INFO - DAG(s) 'example_branch_datetime_operator', 'example_branch_datetime_operator_2', 'example_branch_datetime_operator_3' retrieved from /usr/local/lib/python3.10/dist-packages/airflow/example_dags/example_branch_datetime_operator.py
[2024-07-26T11:01:11.623+0700] {logging_mixin.py:188} INFO - [2024-07-26T11:01:11.623+0700] {dag.py:3089} INFO - Sync 3 DAGs
[2024-07-26T11:01:11.640+0700] {logging_mixin.py:188} INFO - [2024-07-26T11:01:11.640+0700] {dag.py:3947} INFO - Setting next_dagrun for example_branch_datetime_operator to 2024-07-25 00:00:00+00:00, run_after=2024-07-26 00:00:00+00:00
[2024-07-26T11:01:11.644+0700] {logging_mixin.py:188} INFO - [2024-07-26T11:01:11.644+0700] {dag.py:3947} INFO - Setting next_dagrun for example_branch_datetime_operator_2 to 2024-07-25 00:00:00+00:00, run_after=2024-07-26 00:00:00+00:00
[2024-07-26T11:01:11.646+0700] {logging_mixin.py:188} INFO - [2024-07-26T11:01:11.646+0700] {dag.py:3947} INFO - Setting next_dagrun for example_branch_datetime_operator_3 to 2024-07-25 00:00:00+00:00, run_after=2024-07-26 00:00:00+00:00
[2024-07-26T11:01:11.677+0700] {processor.py:183} INFO - Processing /usr/local/lib/python3.10/dist-packages/airflow/example_dags/example_branch_datetime_operator.py took 0.088 seconds
[2024-07-26T11:01:53.040+0700] {processor.py:161} INFO - Started process (PID=2840) to work on /usr/local/lib/python3.10/dist-packages/airflow/example_dags/example_branch_datetime_operator.py
[2024-07-26T11:01:53.041+0700] {processor.py:830} INFO - Processing file /usr/local/lib/python3.10/dist-packages/airflow/example_dags/example_branch_datetime_operator.py for tasks to queue
[2024-07-26T11:01:53.042+0700] {logging_mixin.py:188} INFO - [2024-07-26T11:01:53.042+0700] {dagbag.py:545} INFO - Filling up the DagBag from /usr/local/lib/python3.10/dist-packages/airflow/example_dags/example_branch_datetime_operator.py
[2024-07-26T11:01:53.050+0700] {processor.py:840} INFO - DAG(s) 'example_branch_datetime_operator_3', 'example_branch_datetime_operator_2', 'example_branch_datetime_operator' retrieved from /usr/local/lib/python3.10/dist-packages/airflow/example_dags/example_branch_datetime_operator.py
[2024-07-26T11:01:53.069+0700] {logging_mixin.py:188} INFO - [2024-07-26T11:01:53.069+0700] {dag.py:3089} INFO - Sync 3 DAGs
[2024-07-26T11:01:53.086+0700] {logging_mixin.py:188} INFO - [2024-07-26T11:01:53.086+0700] {dag.py:3947} INFO - Setting next_dagrun for example_branch_datetime_operator to 2024-07-25 00:00:00+00:00, run_after=2024-07-26 00:00:00+00:00
[2024-07-26T11:01:53.090+0700] {logging_mixin.py:188} INFO - [2024-07-26T11:01:53.090+0700] {dag.py:3947} INFO - Setting next_dagrun for example_branch_datetime_operator_2 to 2024-07-25 00:00:00+00:00, run_after=2024-07-26 00:00:00+00:00
[2024-07-26T11:01:53.092+0700] {logging_mixin.py:188} INFO - [2024-07-26T11:01:53.092+0700] {dag.py:3947} INFO - Setting next_dagrun for example_branch_datetime_operator_3 to 2024-07-25 00:00:00+00:00, run_after=2024-07-26 00:00:00+00:00
[2024-07-26T11:01:53.119+0700] {processor.py:183} INFO - Processing /usr/local/lib/python3.10/dist-packages/airflow/example_dags/example_branch_datetime_operator.py took 0.083 seconds
[2024-07-26T11:02:31.408+0700] {processor.py:161} INFO - Started process (PID=3032) to work on /usr/local/lib/python3.10/dist-packages/airflow/example_dags/example_branch_datetime_operator.py
[2024-07-26T11:02:31.410+0700] {processor.py:830} INFO - Processing file /usr/local/lib/python3.10/dist-packages/airflow/example_dags/example_branch_datetime_operator.py for tasks to queue
[2024-07-26T11:02:31.411+0700] {logging_mixin.py:188} INFO - [2024-07-26T11:02:31.411+0700] {dagbag.py:545} INFO - Filling up the DagBag from /usr/local/lib/python3.10/dist-packages/airflow/example_dags/example_branch_datetime_operator.py
[2024-07-26T11:02:31.419+0700] {processor.py:840} INFO - DAG(s) 'example_branch_datetime_operator_3', 'example_branch_datetime_operator', 'example_branch_datetime_operator_2' retrieved from /usr/local/lib/python3.10/dist-packages/airflow/example_dags/example_branch_datetime_operator.py
[2024-07-26T11:02:31.434+0700] {logging_mixin.py:188} INFO - [2024-07-26T11:02:31.434+0700] {dag.py:3089} INFO - Sync 3 DAGs
[2024-07-26T11:02:31.449+0700] {logging_mixin.py:188} INFO - [2024-07-26T11:02:31.449+0700] {dag.py:3947} INFO - Setting next_dagrun for example_branch_datetime_operator to 2024-07-25 00:00:00+00:00, run_after=2024-07-26 00:00:00+00:00
[2024-07-26T11:02:31.453+0700] {logging_mixin.py:188} INFO - [2024-07-26T11:02:31.453+0700] {dag.py:3947} INFO - Setting next_dagrun for example_branch_datetime_operator_2 to 2024-07-25 00:00:00+00:00, run_after=2024-07-26 00:00:00+00:00
[2024-07-26T11:02:31.455+0700] {logging_mixin.py:188} INFO - [2024-07-26T11:02:31.455+0700] {dag.py:3947} INFO - Setting next_dagrun for example_branch_datetime_operator_3 to 2024-07-25 00:00:00+00:00, run_after=2024-07-26 00:00:00+00:00
[2024-07-26T11:02:31.483+0700] {processor.py:183} INFO - Processing /usr/local/lib/python3.10/dist-packages/airflow/example_dags/example_branch_datetime_operator.py took 0.079 seconds
[2024-07-26T11:03:08.638+0700] {processor.py:161} INFO - Started process (PID=3217) to work on /usr/local/lib/python3.10/dist-packages/airflow/example_dags/example_branch_datetime_operator.py
[2024-07-26T11:03:08.640+0700] {processor.py:830} INFO - Processing file /usr/local/lib/python3.10/dist-packages/airflow/example_dags/example_branch_datetime_operator.py for tasks to queue
[2024-07-26T11:03:08.641+0700] {logging_mixin.py:188} INFO - [2024-07-26T11:03:08.640+0700] {dagbag.py:545} INFO - Filling up the DagBag from /usr/local/lib/python3.10/dist-packages/airflow/example_dags/example_branch_datetime_operator.py
[2024-07-26T11:03:08.648+0700] {processor.py:840} INFO - DAG(s) 'example_branch_datetime_operator', 'example_branch_datetime_operator_3', 'example_branch_datetime_operator_2' retrieved from /usr/local/lib/python3.10/dist-packages/airflow/example_dags/example_branch_datetime_operator.py
[2024-07-26T11:03:08.664+0700] {logging_mixin.py:188} INFO - [2024-07-26T11:03:08.664+0700] {dag.py:3089} INFO - Sync 3 DAGs
[2024-07-26T11:03:08.680+0700] {logging_mixin.py:188} INFO - [2024-07-26T11:03:08.680+0700] {dag.py:3947} INFO - Setting next_dagrun for example_branch_datetime_operator to 2024-07-25 00:00:00+00:00, run_after=2024-07-26 00:00:00+00:00
[2024-07-26T11:03:08.683+0700] {logging_mixin.py:188} INFO - [2024-07-26T11:03:08.683+0700] {dag.py:3947} INFO - Setting next_dagrun for example_branch_datetime_operator_2 to 2024-07-25 00:00:00+00:00, run_after=2024-07-26 00:00:00+00:00
[2024-07-26T11:03:08.685+0700] {logging_mixin.py:188} INFO - [2024-07-26T11:03:08.685+0700] {dag.py:3947} INFO - Setting next_dagrun for example_branch_datetime_operator_3 to 2024-07-25 00:00:00+00:00, run_after=2024-07-26 00:00:00+00:00
[2024-07-26T11:03:08.712+0700] {processor.py:183} INFO - Processing /usr/local/lib/python3.10/dist-packages/airflow/example_dags/example_branch_datetime_operator.py took 0.078 seconds
[2024-07-26T11:03:50.027+0700] {processor.py:161} INFO - Started process (PID=3534) to work on /usr/local/lib/python3.10/dist-packages/airflow/example_dags/example_branch_datetime_operator.py
[2024-07-26T11:03:50.028+0700] {processor.py:830} INFO - Processing file /usr/local/lib/python3.10/dist-packages/airflow/example_dags/example_branch_datetime_operator.py for tasks to queue
[2024-07-26T11:03:50.030+0700] {logging_mixin.py:188} INFO - [2024-07-26T11:03:50.029+0700] {dagbag.py:545} INFO - Filling up the DagBag from /usr/local/lib/python3.10/dist-packages/airflow/example_dags/example_branch_datetime_operator.py
[2024-07-26T11:03:50.039+0700] {processor.py:840} INFO - DAG(s) 'example_branch_datetime_operator_3', 'example_branch_datetime_operator', 'example_branch_datetime_operator_2' retrieved from /usr/local/lib/python3.10/dist-packages/airflow/example_dags/example_branch_datetime_operator.py
[2024-07-26T11:03:50.058+0700] {logging_mixin.py:188} INFO - [2024-07-26T11:03:50.057+0700] {dag.py:3089} INFO - Sync 3 DAGs
[2024-07-26T11:03:50.076+0700] {logging_mixin.py:188} INFO - [2024-07-26T11:03:50.075+0700] {dag.py:3947} INFO - Setting next_dagrun for example_branch_datetime_operator to 2024-07-25 00:00:00+00:00, run_after=2024-07-26 00:00:00+00:00
[2024-07-26T11:03:50.080+0700] {logging_mixin.py:188} INFO - [2024-07-26T11:03:50.079+0700] {dag.py:3947} INFO - Setting next_dagrun for example_branch_datetime_operator_2 to 2024-07-25 00:00:00+00:00, run_after=2024-07-26 00:00:00+00:00
[2024-07-26T11:03:50.081+0700] {logging_mixin.py:188} INFO - [2024-07-26T11:03:50.081+0700] {dag.py:3947} INFO - Setting next_dagrun for example_branch_datetime_operator_3 to 2024-07-25 00:00:00+00:00, run_after=2024-07-26 00:00:00+00:00
[2024-07-26T11:03:50.111+0700] {processor.py:183} INFO - Processing /usr/local/lib/python3.10/dist-packages/airflow/example_dags/example_branch_datetime_operator.py took 0.090 seconds
[2024-07-26T11:04:28.462+0700] {processor.py:161} INFO - Started process (PID=3734) to work on /usr/local/lib/python3.10/dist-packages/airflow/example_dags/example_branch_datetime_operator.py
[2024-07-26T11:04:28.464+0700] {processor.py:830} INFO - Processing file /usr/local/lib/python3.10/dist-packages/airflow/example_dags/example_branch_datetime_operator.py for tasks to queue
[2024-07-26T11:04:28.465+0700] {logging_mixin.py:188} INFO - [2024-07-26T11:04:28.465+0700] {dagbag.py:545} INFO - Filling up the DagBag from /usr/local/lib/python3.10/dist-packages/airflow/example_dags/example_branch_datetime_operator.py
[2024-07-26T11:04:28.472+0700] {processor.py:840} INFO - DAG(s) 'example_branch_datetime_operator', 'example_branch_datetime_operator_3', 'example_branch_datetime_operator_2' retrieved from /usr/local/lib/python3.10/dist-packages/airflow/example_dags/example_branch_datetime_operator.py
[2024-07-26T11:04:28.490+0700] {logging_mixin.py:188} INFO - [2024-07-26T11:04:28.490+0700] {dag.py:3089} INFO - Sync 3 DAGs
[2024-07-26T11:04:28.507+0700] {logging_mixin.py:188} INFO - [2024-07-26T11:04:28.506+0700] {dag.py:3947} INFO - Setting next_dagrun for example_branch_datetime_operator to 2024-07-25 00:00:00+00:00, run_after=2024-07-26 00:00:00+00:00
[2024-07-26T11:04:28.511+0700] {logging_mixin.py:188} INFO - [2024-07-26T11:04:28.511+0700] {dag.py:3947} INFO - Setting next_dagrun for example_branch_datetime_operator_2 to 2024-07-25 00:00:00+00:00, run_after=2024-07-26 00:00:00+00:00
[2024-07-26T11:04:28.514+0700] {logging_mixin.py:188} INFO - [2024-07-26T11:04:28.513+0700] {dag.py:3947} INFO - Setting next_dagrun for example_branch_datetime_operator_3 to 2024-07-25 00:00:00+00:00, run_after=2024-07-26 00:00:00+00:00
[2024-07-26T11:04:28.541+0700] {processor.py:183} INFO - Processing /usr/local/lib/python3.10/dist-packages/airflow/example_dags/example_branch_datetime_operator.py took 0.084 seconds
[2024-07-26T11:05:10.952+0700] {processor.py:161} INFO - Started process (PID=3952) to work on /usr/local/lib/python3.10/dist-packages/airflow/example_dags/example_branch_datetime_operator.py
[2024-07-26T11:05:10.954+0700] {processor.py:830} INFO - Processing file /usr/local/lib/python3.10/dist-packages/airflow/example_dags/example_branch_datetime_operator.py for tasks to queue
[2024-07-26T11:05:10.957+0700] {logging_mixin.py:188} INFO - [2024-07-26T11:05:10.956+0700] {dagbag.py:545} INFO - Filling up the DagBag from /usr/local/lib/python3.10/dist-packages/airflow/example_dags/example_branch_datetime_operator.py
[2024-07-26T11:05:10.967+0700] {processor.py:840} INFO - DAG(s) 'example_branch_datetime_operator_2', 'example_branch_datetime_operator_3', 'example_branch_datetime_operator' retrieved from /usr/local/lib/python3.10/dist-packages/airflow/example_dags/example_branch_datetime_operator.py
[2024-07-26T11:05:10.987+0700] {logging_mixin.py:188} INFO - [2024-07-26T11:05:10.987+0700] {dag.py:3089} INFO - Sync 3 DAGs
[2024-07-26T11:05:11.005+0700] {logging_mixin.py:188} INFO - [2024-07-26T11:05:11.005+0700] {dag.py:3947} INFO - Setting next_dagrun for example_branch_datetime_operator to 2024-07-25 00:00:00+00:00, run_after=2024-07-26 00:00:00+00:00
[2024-07-26T11:05:11.009+0700] {logging_mixin.py:188} INFO - [2024-07-26T11:05:11.009+0700] {dag.py:3947} INFO - Setting next_dagrun for example_branch_datetime_operator_2 to 2024-07-25 00:00:00+00:00, run_after=2024-07-26 00:00:00+00:00
[2024-07-26T11:05:11.012+0700] {logging_mixin.py:188} INFO - [2024-07-26T11:05:11.012+0700] {dag.py:3947} INFO - Setting next_dagrun for example_branch_datetime_operator_3 to 2024-07-25 00:00:00+00:00, run_after=2024-07-26 00:00:00+00:00
[2024-07-26T11:05:11.041+0700] {processor.py:183} INFO - Processing /usr/local/lib/python3.10/dist-packages/airflow/example_dags/example_branch_datetime_operator.py took 0.095 seconds
[2024-07-26T11:05:48.325+0700] {processor.py:161} INFO - Started process (PID=4141) to work on /usr/local/lib/python3.10/dist-packages/airflow/example_dags/example_branch_datetime_operator.py
[2024-07-26T11:05:48.327+0700] {processor.py:830} INFO - Processing file /usr/local/lib/python3.10/dist-packages/airflow/example_dags/example_branch_datetime_operator.py for tasks to queue
[2024-07-26T11:05:48.328+0700] {logging_mixin.py:188} INFO - [2024-07-26T11:05:48.328+0700] {dagbag.py:545} INFO - Filling up the DagBag from /usr/local/lib/python3.10/dist-packages/airflow/example_dags/example_branch_datetime_operator.py
[2024-07-26T11:05:48.335+0700] {processor.py:840} INFO - DAG(s) 'example_branch_datetime_operator', 'example_branch_datetime_operator_3', 'example_branch_datetime_operator_2' retrieved from /usr/local/lib/python3.10/dist-packages/airflow/example_dags/example_branch_datetime_operator.py
[2024-07-26T11:05:48.354+0700] {logging_mixin.py:188} INFO - [2024-07-26T11:05:48.354+0700] {dag.py:3089} INFO - Sync 3 DAGs
[2024-07-26T11:05:48.370+0700] {logging_mixin.py:188} INFO - [2024-07-26T11:05:48.370+0700] {dag.py:3947} INFO - Setting next_dagrun for example_branch_datetime_operator to 2024-07-25 00:00:00+00:00, run_after=2024-07-26 00:00:00+00:00
[2024-07-26T11:05:48.373+0700] {logging_mixin.py:188} INFO - [2024-07-26T11:05:48.373+0700] {dag.py:3947} INFO - Setting next_dagrun for example_branch_datetime_operator_2 to 2024-07-25 00:00:00+00:00, run_after=2024-07-26 00:00:00+00:00
[2024-07-26T11:05:48.377+0700] {logging_mixin.py:188} INFO - [2024-07-26T11:05:48.377+0700] {dag.py:3947} INFO - Setting next_dagrun for example_branch_datetime_operator_3 to 2024-07-25 00:00:00+00:00, run_after=2024-07-26 00:00:00+00:00
[2024-07-26T11:05:48.405+0700] {processor.py:183} INFO - Processing /usr/local/lib/python3.10/dist-packages/airflow/example_dags/example_branch_datetime_operator.py took 0.086 seconds
[2024-07-26T11:06:30.028+0700] {processor.py:161} INFO - Started process (PID=4347) to work on /usr/local/lib/python3.10/dist-packages/airflow/example_dags/example_branch_datetime_operator.py
[2024-07-26T11:06:30.029+0700] {processor.py:830} INFO - Processing file /usr/local/lib/python3.10/dist-packages/airflow/example_dags/example_branch_datetime_operator.py for tasks to queue
[2024-07-26T11:06:30.030+0700] {logging_mixin.py:188} INFO - [2024-07-26T11:06:30.030+0700] {dagbag.py:545} INFO - Filling up the DagBag from /usr/local/lib/python3.10/dist-packages/airflow/example_dags/example_branch_datetime_operator.py
[2024-07-26T11:06:30.038+0700] {processor.py:840} INFO - DAG(s) 'example_branch_datetime_operator', 'example_branch_datetime_operator_3', 'example_branch_datetime_operator_2' retrieved from /usr/local/lib/python3.10/dist-packages/airflow/example_dags/example_branch_datetime_operator.py
[2024-07-26T11:06:30.058+0700] {logging_mixin.py:188} INFO - [2024-07-26T11:06:30.058+0700] {dag.py:3089} INFO - Sync 3 DAGs
[2024-07-26T11:06:30.075+0700] {logging_mixin.py:188} INFO - [2024-07-26T11:06:30.075+0700] {dag.py:3947} INFO - Setting next_dagrun for example_branch_datetime_operator to 2024-07-25 00:00:00+00:00, run_after=2024-07-26 00:00:00+00:00
[2024-07-26T11:06:30.080+0700] {logging_mixin.py:188} INFO - [2024-07-26T11:06:30.080+0700] {dag.py:3947} INFO - Setting next_dagrun for example_branch_datetime_operator_2 to 2024-07-25 00:00:00+00:00, run_after=2024-07-26 00:00:00+00:00
[2024-07-26T11:06:30.083+0700] {logging_mixin.py:188} INFO - [2024-07-26T11:06:30.083+0700] {dag.py:3947} INFO - Setting next_dagrun for example_branch_datetime_operator_3 to 2024-07-25 00:00:00+00:00, run_after=2024-07-26 00:00:00+00:00
[2024-07-26T11:06:30.117+0700] {processor.py:183} INFO - Processing /usr/local/lib/python3.10/dist-packages/airflow/example_dags/example_branch_datetime_operator.py took 0.095 seconds
[2024-07-26T11:07:12.361+0700] {processor.py:161} INFO - Started process (PID=4556) to work on /usr/local/lib/python3.10/dist-packages/airflow/example_dags/example_branch_datetime_operator.py
[2024-07-26T11:07:12.362+0700] {processor.py:830} INFO - Processing file /usr/local/lib/python3.10/dist-packages/airflow/example_dags/example_branch_datetime_operator.py for tasks to queue
[2024-07-26T11:07:12.364+0700] {logging_mixin.py:188} INFO - [2024-07-26T11:07:12.364+0700] {dagbag.py:545} INFO - Filling up the DagBag from /usr/local/lib/python3.10/dist-packages/airflow/example_dags/example_branch_datetime_operator.py
[2024-07-26T11:07:12.380+0700] {processor.py:840} INFO - DAG(s) 'example_branch_datetime_operator_2', 'example_branch_datetime_operator_3', 'example_branch_datetime_operator' retrieved from /usr/local/lib/python3.10/dist-packages/airflow/example_dags/example_branch_datetime_operator.py
[2024-07-26T11:07:12.427+0700] {logging_mixin.py:188} INFO - [2024-07-26T11:07:12.427+0700] {dag.py:3089} INFO - Sync 3 DAGs
[2024-07-26T11:07:12.450+0700] {logging_mixin.py:188} INFO - [2024-07-26T11:07:12.450+0700] {dag.py:3947} INFO - Setting next_dagrun for example_branch_datetime_operator to 2024-07-25 00:00:00+00:00, run_after=2024-07-26 00:00:00+00:00
[2024-07-26T11:07:12.459+0700] {logging_mixin.py:188} INFO - [2024-07-26T11:07:12.458+0700] {dag.py:3947} INFO - Setting next_dagrun for example_branch_datetime_operator_2 to 2024-07-25 00:00:00+00:00, run_after=2024-07-26 00:00:00+00:00
[2024-07-26T11:07:12.461+0700] {logging_mixin.py:188} INFO - [2024-07-26T11:07:12.461+0700] {dag.py:3947} INFO - Setting next_dagrun for example_branch_datetime_operator_3 to 2024-07-25 00:00:00+00:00, run_after=2024-07-26 00:00:00+00:00
[2024-07-26T11:07:12.513+0700] {processor.py:183} INFO - Processing /usr/local/lib/python3.10/dist-packages/airflow/example_dags/example_branch_datetime_operator.py took 0.161 seconds
[2024-07-26T11:07:51.825+0700] {processor.py:161} INFO - Started process (PID=4753) to work on /usr/local/lib/python3.10/dist-packages/airflow/example_dags/example_branch_datetime_operator.py
[2024-07-26T11:07:51.827+0700] {processor.py:830} INFO - Processing file /usr/local/lib/python3.10/dist-packages/airflow/example_dags/example_branch_datetime_operator.py for tasks to queue
[2024-07-26T11:07:51.829+0700] {logging_mixin.py:188} INFO - [2024-07-26T11:07:51.829+0700] {dagbag.py:545} INFO - Filling up the DagBag from /usr/local/lib/python3.10/dist-packages/airflow/example_dags/example_branch_datetime_operator.py
[2024-07-26T11:07:51.836+0700] {processor.py:840} INFO - DAG(s) 'example_branch_datetime_operator_2', 'example_branch_datetime_operator', 'example_branch_datetime_operator_3' retrieved from /usr/local/lib/python3.10/dist-packages/airflow/example_dags/example_branch_datetime_operator.py
[2024-07-26T11:07:51.854+0700] {logging_mixin.py:188} INFO - [2024-07-26T11:07:51.853+0700] {dag.py:3089} INFO - Sync 3 DAGs
[2024-07-26T11:07:51.871+0700] {logging_mixin.py:188} INFO - [2024-07-26T11:07:51.870+0700] {dag.py:3947} INFO - Setting next_dagrun for example_branch_datetime_operator to 2024-07-25 00:00:00+00:00, run_after=2024-07-26 00:00:00+00:00
[2024-07-26T11:07:51.875+0700] {logging_mixin.py:188} INFO - [2024-07-26T11:07:51.874+0700] {dag.py:3947} INFO - Setting next_dagrun for example_branch_datetime_operator_2 to 2024-07-25 00:00:00+00:00, run_after=2024-07-26 00:00:00+00:00
[2024-07-26T11:07:51.876+0700] {logging_mixin.py:188} INFO - [2024-07-26T11:07:51.876+0700] {dag.py:3947} INFO - Setting next_dagrun for example_branch_datetime_operator_3 to 2024-07-25 00:00:00+00:00, run_after=2024-07-26 00:00:00+00:00
[2024-07-26T11:07:51.904+0700] {processor.py:183} INFO - Processing /usr/local/lib/python3.10/dist-packages/airflow/example_dags/example_branch_datetime_operator.py took 0.085 seconds
[2024-07-26T11:08:30.081+0700] {processor.py:161} INFO - Started process (PID=4945) to work on /usr/local/lib/python3.10/dist-packages/airflow/example_dags/example_branch_datetime_operator.py
[2024-07-26T11:08:30.083+0700] {processor.py:830} INFO - Processing file /usr/local/lib/python3.10/dist-packages/airflow/example_dags/example_branch_datetime_operator.py for tasks to queue
[2024-07-26T11:08:30.084+0700] {logging_mixin.py:188} INFO - [2024-07-26T11:08:30.084+0700] {dagbag.py:545} INFO - Filling up the DagBag from /usr/local/lib/python3.10/dist-packages/airflow/example_dags/example_branch_datetime_operator.py
[2024-07-26T11:08:30.092+0700] {processor.py:840} INFO - DAG(s) 'example_branch_datetime_operator_2', 'example_branch_datetime_operator', 'example_branch_datetime_operator_3' retrieved from /usr/local/lib/python3.10/dist-packages/airflow/example_dags/example_branch_datetime_operator.py
[2024-07-26T11:08:30.109+0700] {logging_mixin.py:188} INFO - [2024-07-26T11:08:30.109+0700] {dag.py:3089} INFO - Sync 3 DAGs
[2024-07-26T11:08:30.126+0700] {logging_mixin.py:188} INFO - [2024-07-26T11:08:30.126+0700] {dag.py:3947} INFO - Setting next_dagrun for example_branch_datetime_operator to 2024-07-25 00:00:00+00:00, run_after=2024-07-26 00:00:00+00:00
[2024-07-26T11:08:30.130+0700] {logging_mixin.py:188} INFO - [2024-07-26T11:08:30.130+0700] {dag.py:3947} INFO - Setting next_dagrun for example_branch_datetime_operator_2 to 2024-07-25 00:00:00+00:00, run_after=2024-07-26 00:00:00+00:00
[2024-07-26T11:08:30.132+0700] {logging_mixin.py:188} INFO - [2024-07-26T11:08:30.132+0700] {dag.py:3947} INFO - Setting next_dagrun for example_branch_datetime_operator_3 to 2024-07-25 00:00:00+00:00, run_after=2024-07-26 00:00:00+00:00
[2024-07-26T11:08:30.160+0700] {processor.py:183} INFO - Processing /usr/local/lib/python3.10/dist-packages/airflow/example_dags/example_branch_datetime_operator.py took 0.085 seconds
[2024-07-26T11:09:10.145+0700] {processor.py:161} INFO - Started process (PID=5143) to work on /usr/local/lib/python3.10/dist-packages/airflow/example_dags/example_branch_datetime_operator.py
[2024-07-26T11:09:10.147+0700] {processor.py:830} INFO - Processing file /usr/local/lib/python3.10/dist-packages/airflow/example_dags/example_branch_datetime_operator.py for tasks to queue
[2024-07-26T11:09:10.149+0700] {logging_mixin.py:188} INFO - [2024-07-26T11:09:10.148+0700] {dagbag.py:545} INFO - Filling up the DagBag from /usr/local/lib/python3.10/dist-packages/airflow/example_dags/example_branch_datetime_operator.py
[2024-07-26T11:09:10.157+0700] {processor.py:840} INFO - DAG(s) 'example_branch_datetime_operator_3', 'example_branch_datetime_operator_2', 'example_branch_datetime_operator' retrieved from /usr/local/lib/python3.10/dist-packages/airflow/example_dags/example_branch_datetime_operator.py
[2024-07-26T11:09:10.173+0700] {logging_mixin.py:188} INFO - [2024-07-26T11:09:10.173+0700] {dag.py:3089} INFO - Sync 3 DAGs
[2024-07-26T11:09:10.189+0700] {logging_mixin.py:188} INFO - [2024-07-26T11:09:10.189+0700] {dag.py:3947} INFO - Setting next_dagrun for example_branch_datetime_operator to 2024-07-25 00:00:00+00:00, run_after=2024-07-26 00:00:00+00:00
[2024-07-26T11:09:10.193+0700] {logging_mixin.py:188} INFO - [2024-07-26T11:09:10.192+0700] {dag.py:3947} INFO - Setting next_dagrun for example_branch_datetime_operator_2 to 2024-07-25 00:00:00+00:00, run_after=2024-07-26 00:00:00+00:00
[2024-07-26T11:09:10.195+0700] {logging_mixin.py:188} INFO - [2024-07-26T11:09:10.194+0700] {dag.py:3947} INFO - Setting next_dagrun for example_branch_datetime_operator_3 to 2024-07-25 00:00:00+00:00, run_after=2024-07-26 00:00:00+00:00
[2024-07-26T11:09:10.223+0700] {processor.py:183} INFO - Processing /usr/local/lib/python3.10/dist-packages/airflow/example_dags/example_branch_datetime_operator.py took 0.084 seconds
[2024-07-26T11:09:50.236+0700] {processor.py:161} INFO - Started process (PID=5344) to work on /usr/local/lib/python3.10/dist-packages/airflow/example_dags/example_branch_datetime_operator.py
[2024-07-26T11:09:50.238+0700] {processor.py:830} INFO - Processing file /usr/local/lib/python3.10/dist-packages/airflow/example_dags/example_branch_datetime_operator.py for tasks to queue
[2024-07-26T11:09:50.240+0700] {logging_mixin.py:188} INFO - [2024-07-26T11:09:50.239+0700] {dagbag.py:545} INFO - Filling up the DagBag from /usr/local/lib/python3.10/dist-packages/airflow/example_dags/example_branch_datetime_operator.py
[2024-07-26T11:09:50.247+0700] {processor.py:840} INFO - DAG(s) 'example_branch_datetime_operator_3', 'example_branch_datetime_operator_2', 'example_branch_datetime_operator' retrieved from /usr/local/lib/python3.10/dist-packages/airflow/example_dags/example_branch_datetime_operator.py
[2024-07-26T11:09:50.263+0700] {logging_mixin.py:188} INFO - [2024-07-26T11:09:50.263+0700] {dag.py:3089} INFO - Sync 3 DAGs
[2024-07-26T11:09:50.280+0700] {logging_mixin.py:188} INFO - [2024-07-26T11:09:50.280+0700] {dag.py:3947} INFO - Setting next_dagrun for example_branch_datetime_operator to 2024-07-25 00:00:00+00:00, run_after=2024-07-26 00:00:00+00:00
[2024-07-26T11:09:50.283+0700] {logging_mixin.py:188} INFO - [2024-07-26T11:09:50.283+0700] {dag.py:3947} INFO - Setting next_dagrun for example_branch_datetime_operator_2 to 2024-07-25 00:00:00+00:00, run_after=2024-07-26 00:00:00+00:00
[2024-07-26T11:09:50.286+0700] {logging_mixin.py:188} INFO - [2024-07-26T11:09:50.285+0700] {dag.py:3947} INFO - Setting next_dagrun for example_branch_datetime_operator_3 to 2024-07-25 00:00:00+00:00, run_after=2024-07-26 00:00:00+00:00
[2024-07-26T11:09:50.313+0700] {processor.py:183} INFO - Processing /usr/local/lib/python3.10/dist-packages/airflow/example_dags/example_branch_datetime_operator.py took 0.082 seconds
[2024-07-26T11:10:29.176+0700] {processor.py:161} INFO - Started process (PID=5537) to work on /usr/local/lib/python3.10/dist-packages/airflow/example_dags/example_branch_datetime_operator.py
[2024-07-26T11:10:29.178+0700] {processor.py:830} INFO - Processing file /usr/local/lib/python3.10/dist-packages/airflow/example_dags/example_branch_datetime_operator.py for tasks to queue
[2024-07-26T11:10:29.180+0700] {logging_mixin.py:188} INFO - [2024-07-26T11:10:29.180+0700] {dagbag.py:545} INFO - Filling up the DagBag from /usr/local/lib/python3.10/dist-packages/airflow/example_dags/example_branch_datetime_operator.py
[2024-07-26T11:10:29.187+0700] {processor.py:840} INFO - DAG(s) 'example_branch_datetime_operator_2', 'example_branch_datetime_operator_3', 'example_branch_datetime_operator' retrieved from /usr/local/lib/python3.10/dist-packages/airflow/example_dags/example_branch_datetime_operator.py
[2024-07-26T11:10:29.203+0700] {logging_mixin.py:188} INFO - [2024-07-26T11:10:29.203+0700] {dag.py:3089} INFO - Sync 3 DAGs
[2024-07-26T11:10:29.218+0700] {logging_mixin.py:188} INFO - [2024-07-26T11:10:29.218+0700] {dag.py:3947} INFO - Setting next_dagrun for example_branch_datetime_operator to 2024-07-25 00:00:00+00:00, run_after=2024-07-26 00:00:00+00:00
[2024-07-26T11:10:29.222+0700] {logging_mixin.py:188} INFO - [2024-07-26T11:10:29.222+0700] {dag.py:3947} INFO - Setting next_dagrun for example_branch_datetime_operator_2 to 2024-07-25 00:00:00+00:00, run_after=2024-07-26 00:00:00+00:00
[2024-07-26T11:10:29.224+0700] {logging_mixin.py:188} INFO - [2024-07-26T11:10:29.224+0700] {dag.py:3947} INFO - Setting next_dagrun for example_branch_datetime_operator_3 to 2024-07-25 00:00:00+00:00, run_after=2024-07-26 00:00:00+00:00
[2024-07-26T11:10:29.252+0700] {processor.py:183} INFO - Processing /usr/local/lib/python3.10/dist-packages/airflow/example_dags/example_branch_datetime_operator.py took 0.081 seconds
[2024-07-26T11:11:08.335+0700] {processor.py:161} INFO - Started process (PID=5731) to work on /usr/local/lib/python3.10/dist-packages/airflow/example_dags/example_branch_datetime_operator.py
[2024-07-26T11:11:08.336+0700] {processor.py:830} INFO - Processing file /usr/local/lib/python3.10/dist-packages/airflow/example_dags/example_branch_datetime_operator.py for tasks to queue
[2024-07-26T11:11:08.338+0700] {logging_mixin.py:188} INFO - [2024-07-26T11:11:08.338+0700] {dagbag.py:545} INFO - Filling up the DagBag from /usr/local/lib/python3.10/dist-packages/airflow/example_dags/example_branch_datetime_operator.py
[2024-07-26T11:11:08.345+0700] {processor.py:840} INFO - DAG(s) 'example_branch_datetime_operator_3', 'example_branch_datetime_operator_2', 'example_branch_datetime_operator' retrieved from /usr/local/lib/python3.10/dist-packages/airflow/example_dags/example_branch_datetime_operator.py
[2024-07-26T11:11:08.362+0700] {logging_mixin.py:188} INFO - [2024-07-26T11:11:08.362+0700] {dag.py:3089} INFO - Sync 3 DAGs
[2024-07-26T11:11:08.380+0700] {logging_mixin.py:188} INFO - [2024-07-26T11:11:08.380+0700] {dag.py:3947} INFO - Setting next_dagrun for example_branch_datetime_operator to 2024-07-25 00:00:00+00:00, run_after=2024-07-26 00:00:00+00:00
[2024-07-26T11:11:08.384+0700] {logging_mixin.py:188} INFO - [2024-07-26T11:11:08.384+0700] {dag.py:3947} INFO - Setting next_dagrun for example_branch_datetime_operator_2 to 2024-07-25 00:00:00+00:00, run_after=2024-07-26 00:00:00+00:00
[2024-07-26T11:11:08.386+0700] {logging_mixin.py:188} INFO - [2024-07-26T11:11:08.386+0700] {dag.py:3947} INFO - Setting next_dagrun for example_branch_datetime_operator_3 to 2024-07-25 00:00:00+00:00, run_after=2024-07-26 00:00:00+00:00
[2024-07-26T11:11:08.413+0700] {processor.py:183} INFO - Processing /usr/local/lib/python3.10/dist-packages/airflow/example_dags/example_branch_datetime_operator.py took 0.084 seconds
[2024-07-26T11:11:46.027+0700] {processor.py:161} INFO - Started process (PID=5920) to work on /usr/local/lib/python3.10/dist-packages/airflow/example_dags/example_branch_datetime_operator.py
[2024-07-26T11:11:46.029+0700] {processor.py:830} INFO - Processing file /usr/local/lib/python3.10/dist-packages/airflow/example_dags/example_branch_datetime_operator.py for tasks to queue
[2024-07-26T11:11:46.031+0700] {logging_mixin.py:188} INFO - [2024-07-26T11:11:46.031+0700] {dagbag.py:545} INFO - Filling up the DagBag from /usr/local/lib/python3.10/dist-packages/airflow/example_dags/example_branch_datetime_operator.py
[2024-07-26T11:11:46.040+0700] {processor.py:840} INFO - DAG(s) 'example_branch_datetime_operator_2', 'example_branch_datetime_operator', 'example_branch_datetime_operator_3' retrieved from /usr/local/lib/python3.10/dist-packages/airflow/example_dags/example_branch_datetime_operator.py
[2024-07-26T11:11:46.058+0700] {logging_mixin.py:188} INFO - [2024-07-26T11:11:46.057+0700] {dag.py:3089} INFO - Sync 3 DAGs
[2024-07-26T11:11:46.078+0700] {logging_mixin.py:188} INFO - [2024-07-26T11:11:46.077+0700] {dag.py:3947} INFO - Setting next_dagrun for example_branch_datetime_operator to 2024-07-25 00:00:00+00:00, run_after=2024-07-26 00:00:00+00:00
[2024-07-26T11:11:46.083+0700] {logging_mixin.py:188} INFO - [2024-07-26T11:11:46.083+0700] {dag.py:3947} INFO - Setting next_dagrun for example_branch_datetime_operator_2 to 2024-07-25 00:00:00+00:00, run_after=2024-07-26 00:00:00+00:00
[2024-07-26T11:11:46.085+0700] {logging_mixin.py:188} INFO - [2024-07-26T11:11:46.084+0700] {dag.py:3947} INFO - Setting next_dagrun for example_branch_datetime_operator_3 to 2024-07-25 00:00:00+00:00, run_after=2024-07-26 00:00:00+00:00
[2024-07-26T11:11:46.115+0700] {processor.py:183} INFO - Processing /usr/local/lib/python3.10/dist-packages/airflow/example_dags/example_branch_datetime_operator.py took 0.093 seconds
[2024-07-26T11:12:22.443+0700] {processor.py:161} INFO - Started process (PID=6103) to work on /usr/local/lib/python3.10/dist-packages/airflow/example_dags/example_branch_datetime_operator.py
[2024-07-26T11:12:22.444+0700] {processor.py:830} INFO - Processing file /usr/local/lib/python3.10/dist-packages/airflow/example_dags/example_branch_datetime_operator.py for tasks to queue
[2024-07-26T11:12:22.446+0700] {logging_mixin.py:188} INFO - [2024-07-26T11:12:22.446+0700] {dagbag.py:545} INFO - Filling up the DagBag from /usr/local/lib/python3.10/dist-packages/airflow/example_dags/example_branch_datetime_operator.py
[2024-07-26T11:12:22.454+0700] {processor.py:840} INFO - DAG(s) 'example_branch_datetime_operator_3', 'example_branch_datetime_operator_2', 'example_branch_datetime_operator' retrieved from /usr/local/lib/python3.10/dist-packages/airflow/example_dags/example_branch_datetime_operator.py
[2024-07-26T11:12:22.475+0700] {logging_mixin.py:188} INFO - [2024-07-26T11:12:22.475+0700] {dag.py:3089} INFO - Sync 3 DAGs
[2024-07-26T11:12:22.505+0700] {logging_mixin.py:188} INFO - [2024-07-26T11:12:22.505+0700] {dag.py:3947} INFO - Setting next_dagrun for example_branch_datetime_operator to 2024-07-25 00:00:00+00:00, run_after=2024-07-26 00:00:00+00:00
[2024-07-26T11:12:22.511+0700] {logging_mixin.py:188} INFO - [2024-07-26T11:12:22.511+0700] {dag.py:3947} INFO - Setting next_dagrun for example_branch_datetime_operator_2 to 2024-07-25 00:00:00+00:00, run_after=2024-07-26 00:00:00+00:00
[2024-07-26T11:12:22.513+0700] {logging_mixin.py:188} INFO - [2024-07-26T11:12:22.513+0700] {dag.py:3947} INFO - Setting next_dagrun for example_branch_datetime_operator_3 to 2024-07-25 00:00:00+00:00, run_after=2024-07-26 00:00:00+00:00
[2024-07-26T11:12:22.552+0700] {processor.py:183} INFO - Processing /usr/local/lib/python3.10/dist-packages/airflow/example_dags/example_branch_datetime_operator.py took 0.115 seconds
