[2024-07-26T10:57:40.384+0700] {processor.py:161} INFO - Started process (PID=1553) to work on /usr/local/lib/python3.10/dist-packages/airflow/example_dags/example_bash_operator.py
[2024-07-26T10:57:40.385+0700] {processor.py:830} INFO - Processing file /usr/local/lib/python3.10/dist-packages/airflow/example_dags/example_bash_operator.py for tasks to queue
[2024-07-26T10:57:40.386+0700] {logging_mixin.py:188} INFO - [2024-07-26T10:57:40.386+0700] {dagbag.py:545} INFO - Filling up the DagBag from /usr/local/lib/python3.10/dist-packages/airflow/example_dags/example_bash_operator.py
[2024-07-26T10:57:40.396+0700] {processor.py:840} INFO - DAG(s) 'example_bash_operator' retrieved from /usr/local/lib/python3.10/dist-packages/airflow/example_dags/example_bash_operator.py
[2024-07-26T10:57:40.500+0700] {logging_mixin.py:188} INFO - [2024-07-26T10:57:40.499+0700] {override.py:1858} INFO - Created Permission View: can read on DAG:example_bash_operator
[2024-07-26T10:57:40.520+0700] {logging_mixin.py:188} INFO - [2024-07-26T10:57:40.520+0700] {override.py:1858} INFO - Created Permission View: can edit on DAG:example_bash_operator
[2024-07-26T10:57:40.539+0700] {logging_mixin.py:188} INFO - [2024-07-26T10:57:40.538+0700] {override.py:1858} INFO - Created Permission View: can delete on DAG:example_bash_operator
[2024-07-26T10:57:40.539+0700] {logging_mixin.py:188} INFO - [2024-07-26T10:57:40.539+0700] {dag.py:3089} INFO - Sync 1 DAGs
[2024-07-26T10:57:40.547+0700] {logging_mixin.py:188} INFO - [2024-07-26T10:57:40.546+0700] {dag.py:3111} INFO - Creating ORM DAG for example_bash_operator
[2024-07-26T10:57:40.555+0700] {logging_mixin.py:188} INFO - [2024-07-26T10:57:40.555+0700] {dag.py:3947} INFO - Setting next_dagrun for example_bash_operator to 2024-07-25 00:00:00+00:00, run_after=2024-07-26 00:00:00+00:00
[2024-07-26T10:57:40.585+0700] {processor.py:183} INFO - Processing /usr/local/lib/python3.10/dist-packages/airflow/example_dags/example_bash_operator.py took 0.205 seconds
[2024-07-26T10:58:45.998+0700] {processor.py:161} INFO - Started process (PID=1906) to work on /usr/local/lib/python3.10/dist-packages/airflow/example_dags/example_bash_operator.py
[2024-07-26T10:58:45.999+0700] {processor.py:830} INFO - Processing file /usr/local/lib/python3.10/dist-packages/airflow/example_dags/example_bash_operator.py for tasks to queue
[2024-07-26T10:58:46.000+0700] {logging_mixin.py:188} INFO - [2024-07-26T10:58:46.000+0700] {dagbag.py:545} INFO - Filling up the DagBag from /usr/local/lib/python3.10/dist-packages/airflow/example_dags/example_bash_operator.py
[2024-07-26T10:58:46.008+0700] {processor.py:840} INFO - DAG(s) 'example_bash_operator' retrieved from /usr/local/lib/python3.10/dist-packages/airflow/example_dags/example_bash_operator.py
[2024-07-26T10:58:46.025+0700] {logging_mixin.py:188} INFO - [2024-07-26T10:58:46.025+0700] {dag.py:3089} INFO - Sync 1 DAGs
[2024-07-26T10:58:46.040+0700] {logging_mixin.py:188} INFO - [2024-07-26T10:58:46.040+0700] {dag.py:3947} INFO - Setting next_dagrun for example_bash_operator to 2024-07-25 00:00:00+00:00, run_after=2024-07-26 00:00:00+00:00
[2024-07-26T10:58:46.070+0700] {processor.py:183} INFO - Processing /usr/local/lib/python3.10/dist-packages/airflow/example_dags/example_bash_operator.py took 0.076 seconds
[2024-07-26T10:59:35.312+0700] {processor.py:161} INFO - Started process (PID=2154) to work on /usr/local/lib/python3.10/dist-packages/airflow/example_dags/example_bash_operator.py
[2024-07-26T10:59:35.315+0700] {processor.py:830} INFO - Processing file /usr/local/lib/python3.10/dist-packages/airflow/example_dags/example_bash_operator.py for tasks to queue
[2024-07-26T10:59:35.316+0700] {logging_mixin.py:188} INFO - [2024-07-26T10:59:35.316+0700] {dagbag.py:545} INFO - Filling up the DagBag from /usr/local/lib/python3.10/dist-packages/airflow/example_dags/example_bash_operator.py
[2024-07-26T10:59:35.324+0700] {processor.py:840} INFO - DAG(s) 'example_bash_operator' retrieved from /usr/local/lib/python3.10/dist-packages/airflow/example_dags/example_bash_operator.py
[2024-07-26T10:59:35.341+0700] {logging_mixin.py:188} INFO - [2024-07-26T10:59:35.341+0700] {dag.py:3089} INFO - Sync 1 DAGs
[2024-07-26T10:59:35.356+0700] {logging_mixin.py:188} INFO - [2024-07-26T10:59:35.355+0700] {dag.py:3947} INFO - Setting next_dagrun for example_bash_operator to 2024-07-25 00:00:00+00:00, run_after=2024-07-26 00:00:00+00:00
[2024-07-26T10:59:35.462+0700] {processor.py:183} INFO - Processing /usr/local/lib/python3.10/dist-packages/airflow/example_dags/example_bash_operator.py took 0.154 seconds
[2024-07-26T11:00:16.679+0700] {processor.py:161} INFO - Started process (PID=2358) to work on /usr/local/lib/python3.10/dist-packages/airflow/example_dags/example_bash_operator.py
[2024-07-26T11:00:16.682+0700] {processor.py:830} INFO - Processing file /usr/local/lib/python3.10/dist-packages/airflow/example_dags/example_bash_operator.py for tasks to queue
[2024-07-26T11:00:16.683+0700] {logging_mixin.py:188} INFO - [2024-07-26T11:00:16.683+0700] {dagbag.py:545} INFO - Filling up the DagBag from /usr/local/lib/python3.10/dist-packages/airflow/example_dags/example_bash_operator.py
[2024-07-26T11:00:16.691+0700] {processor.py:840} INFO - DAG(s) 'example_bash_operator' retrieved from /usr/local/lib/python3.10/dist-packages/airflow/example_dags/example_bash_operator.py
[2024-07-26T11:00:16.783+0700] {logging_mixin.py:188} INFO - [2024-07-26T11:00:16.782+0700] {dag.py:3089} INFO - Sync 1 DAGs
[2024-07-26T11:00:16.796+0700] {logging_mixin.py:188} INFO - [2024-07-26T11:00:16.796+0700] {dag.py:3947} INFO - Setting next_dagrun for example_bash_operator to 2024-07-25 00:00:00+00:00, run_after=2024-07-26 00:00:00+00:00
[2024-07-26T11:00:16.825+0700] {processor.py:183} INFO - Processing /usr/local/lib/python3.10/dist-packages/airflow/example_dags/example_bash_operator.py took 0.151 seconds
[2024-07-26T11:00:58.471+0700] {processor.py:161} INFO - Started process (PID=2568) to work on /usr/local/lib/python3.10/dist-packages/airflow/example_dags/example_bash_operator.py
[2024-07-26T11:00:58.474+0700] {processor.py:830} INFO - Processing file /usr/local/lib/python3.10/dist-packages/airflow/example_dags/example_bash_operator.py for tasks to queue
[2024-07-26T11:00:58.476+0700] {logging_mixin.py:188} INFO - [2024-07-26T11:00:58.475+0700] {dagbag.py:545} INFO - Filling up the DagBag from /usr/local/lib/python3.10/dist-packages/airflow/example_dags/example_bash_operator.py
[2024-07-26T11:00:58.485+0700] {processor.py:840} INFO - DAG(s) 'example_bash_operator' retrieved from /usr/local/lib/python3.10/dist-packages/airflow/example_dags/example_bash_operator.py
[2024-07-26T11:00:58.504+0700] {logging_mixin.py:188} INFO - [2024-07-26T11:00:58.503+0700] {dag.py:3089} INFO - Sync 1 DAGs
[2024-07-26T11:00:58.522+0700] {logging_mixin.py:188} INFO - [2024-07-26T11:00:58.522+0700] {dag.py:3947} INFO - Setting next_dagrun for example_bash_operator to 2024-07-25 00:00:00+00:00, run_after=2024-07-26 00:00:00+00:00
[2024-07-26T11:00:58.556+0700] {processor.py:183} INFO - Processing /usr/local/lib/python3.10/dist-packages/airflow/example_dags/example_bash_operator.py took 0.089 seconds
[2024-07-26T11:01:36.785+0700] {processor.py:161} INFO - Started process (PID=2759) to work on /usr/local/lib/python3.10/dist-packages/airflow/example_dags/example_bash_operator.py
[2024-07-26T11:01:36.788+0700] {processor.py:830} INFO - Processing file /usr/local/lib/python3.10/dist-packages/airflow/example_dags/example_bash_operator.py for tasks to queue
[2024-07-26T11:01:36.789+0700] {logging_mixin.py:188} INFO - [2024-07-26T11:01:36.789+0700] {dagbag.py:545} INFO - Filling up the DagBag from /usr/local/lib/python3.10/dist-packages/airflow/example_dags/example_bash_operator.py
[2024-07-26T11:01:36.798+0700] {processor.py:840} INFO - DAG(s) 'example_bash_operator' retrieved from /usr/local/lib/python3.10/dist-packages/airflow/example_dags/example_bash_operator.py
[2024-07-26T11:01:36.814+0700] {logging_mixin.py:188} INFO - [2024-07-26T11:01:36.814+0700] {dag.py:3089} INFO - Sync 1 DAGs
[2024-07-26T11:01:36.829+0700] {logging_mixin.py:188} INFO - [2024-07-26T11:01:36.829+0700] {dag.py:3947} INFO - Setting next_dagrun for example_bash_operator to 2024-07-25 00:00:00+00:00, run_after=2024-07-26 00:00:00+00:00
[2024-07-26T11:01:36.858+0700] {processor.py:183} INFO - Processing /usr/local/lib/python3.10/dist-packages/airflow/example_dags/example_bash_operator.py took 0.078 seconds
[2024-07-26T11:02:14.806+0700] {processor.py:161} INFO - Started process (PID=2949) to work on /usr/local/lib/python3.10/dist-packages/airflow/example_dags/example_bash_operator.py
[2024-07-26T11:02:14.808+0700] {processor.py:830} INFO - Processing file /usr/local/lib/python3.10/dist-packages/airflow/example_dags/example_bash_operator.py for tasks to queue
[2024-07-26T11:02:14.809+0700] {logging_mixin.py:188} INFO - [2024-07-26T11:02:14.809+0700] {dagbag.py:545} INFO - Filling up the DagBag from /usr/local/lib/python3.10/dist-packages/airflow/example_dags/example_bash_operator.py
[2024-07-26T11:02:14.818+0700] {processor.py:840} INFO - DAG(s) 'example_bash_operator' retrieved from /usr/local/lib/python3.10/dist-packages/airflow/example_dags/example_bash_operator.py
[2024-07-26T11:02:14.835+0700] {logging_mixin.py:188} INFO - [2024-07-26T11:02:14.834+0700] {dag.py:3089} INFO - Sync 1 DAGs
[2024-07-26T11:02:14.850+0700] {logging_mixin.py:188} INFO - [2024-07-26T11:02:14.850+0700] {dag.py:3947} INFO - Setting next_dagrun for example_bash_operator to 2024-07-25 00:00:00+00:00, run_after=2024-07-26 00:00:00+00:00
[2024-07-26T11:02:14.879+0700] {processor.py:183} INFO - Processing /usr/local/lib/python3.10/dist-packages/airflow/example_dags/example_bash_operator.py took 0.077 seconds
[2024-07-26T11:02:53.607+0700] {processor.py:161} INFO - Started process (PID=3143) to work on /usr/local/lib/python3.10/dist-packages/airflow/example_dags/example_bash_operator.py
[2024-07-26T11:02:53.609+0700] {processor.py:830} INFO - Processing file /usr/local/lib/python3.10/dist-packages/airflow/example_dags/example_bash_operator.py for tasks to queue
[2024-07-26T11:02:53.610+0700] {logging_mixin.py:188} INFO - [2024-07-26T11:02:53.610+0700] {dagbag.py:545} INFO - Filling up the DagBag from /usr/local/lib/python3.10/dist-packages/airflow/example_dags/example_bash_operator.py
[2024-07-26T11:02:53.618+0700] {processor.py:840} INFO - DAG(s) 'example_bash_operator' retrieved from /usr/local/lib/python3.10/dist-packages/airflow/example_dags/example_bash_operator.py
[2024-07-26T11:02:53.635+0700] {logging_mixin.py:188} INFO - [2024-07-26T11:02:53.634+0700] {dag.py:3089} INFO - Sync 1 DAGs
[2024-07-26T11:02:53.649+0700] {logging_mixin.py:188} INFO - [2024-07-26T11:02:53.649+0700] {dag.py:3947} INFO - Setting next_dagrun for example_bash_operator to 2024-07-25 00:00:00+00:00, run_after=2024-07-26 00:00:00+00:00
[2024-07-26T11:02:53.678+0700] {processor.py:183} INFO - Processing /usr/local/lib/python3.10/dist-packages/airflow/example_dags/example_bash_operator.py took 0.075 seconds
[2024-07-26T11:03:32.334+0700] {processor.py:161} INFO - Started process (PID=3443) to work on /usr/local/lib/python3.10/dist-packages/airflow/example_dags/example_bash_operator.py
[2024-07-26T11:03:32.336+0700] {processor.py:830} INFO - Processing file /usr/local/lib/python3.10/dist-packages/airflow/example_dags/example_bash_operator.py for tasks to queue
[2024-07-26T11:03:32.337+0700] {logging_mixin.py:188} INFO - [2024-07-26T11:03:32.337+0700] {dagbag.py:545} INFO - Filling up the DagBag from /usr/local/lib/python3.10/dist-packages/airflow/example_dags/example_bash_operator.py
[2024-07-26T11:03:32.346+0700] {processor.py:840} INFO - DAG(s) 'example_bash_operator' retrieved from /usr/local/lib/python3.10/dist-packages/airflow/example_dags/example_bash_operator.py
[2024-07-26T11:03:32.363+0700] {logging_mixin.py:188} INFO - [2024-07-26T11:03:32.362+0700] {dag.py:3089} INFO - Sync 1 DAGs
[2024-07-26T11:03:32.378+0700] {logging_mixin.py:188} INFO - [2024-07-26T11:03:32.378+0700] {dag.py:3947} INFO - Setting next_dagrun for example_bash_operator to 2024-07-25 00:00:00+00:00, run_after=2024-07-26 00:00:00+00:00
[2024-07-26T11:03:32.408+0700] {processor.py:183} INFO - Processing /usr/local/lib/python3.10/dist-packages/airflow/example_dags/example_bash_operator.py took 0.078 seconds
[2024-07-26T11:04:11.979+0700] {processor.py:161} INFO - Started process (PID=3650) to work on /usr/local/lib/python3.10/dist-packages/airflow/example_dags/example_bash_operator.py
[2024-07-26T11:04:11.980+0700] {processor.py:830} INFO - Processing file /usr/local/lib/python3.10/dist-packages/airflow/example_dags/example_bash_operator.py for tasks to queue
[2024-07-26T11:04:11.981+0700] {logging_mixin.py:188} INFO - [2024-07-26T11:04:11.981+0700] {dagbag.py:545} INFO - Filling up the DagBag from /usr/local/lib/python3.10/dist-packages/airflow/example_dags/example_bash_operator.py
[2024-07-26T11:04:11.989+0700] {processor.py:840} INFO - DAG(s) 'example_bash_operator' retrieved from /usr/local/lib/python3.10/dist-packages/airflow/example_dags/example_bash_operator.py
[2024-07-26T11:04:12.005+0700] {logging_mixin.py:188} INFO - [2024-07-26T11:04:12.005+0700] {dag.py:3089} INFO - Sync 1 DAGs
[2024-07-26T11:04:12.022+0700] {logging_mixin.py:188} INFO - [2024-07-26T11:04:12.022+0700] {dag.py:3947} INFO - Setting next_dagrun for example_bash_operator to 2024-07-25 00:00:00+00:00, run_after=2024-07-26 00:00:00+00:00
[2024-07-26T11:04:12.051+0700] {processor.py:183} INFO - Processing /usr/local/lib/python3.10/dist-packages/airflow/example_dags/example_bash_operator.py took 0.078 seconds
[2024-07-26T11:04:52.378+0700] {processor.py:161} INFO - Started process (PID=3855) to work on /usr/local/lib/python3.10/dist-packages/airflow/example_dags/example_bash_operator.py
[2024-07-26T11:04:52.380+0700] {processor.py:830} INFO - Processing file /usr/local/lib/python3.10/dist-packages/airflow/example_dags/example_bash_operator.py for tasks to queue
[2024-07-26T11:04:52.381+0700] {logging_mixin.py:188} INFO - [2024-07-26T11:04:52.381+0700] {dagbag.py:545} INFO - Filling up the DagBag from /usr/local/lib/python3.10/dist-packages/airflow/example_dags/example_bash_operator.py
[2024-07-26T11:04:52.389+0700] {processor.py:840} INFO - DAG(s) 'example_bash_operator' retrieved from /usr/local/lib/python3.10/dist-packages/airflow/example_dags/example_bash_operator.py
[2024-07-26T11:04:52.406+0700] {logging_mixin.py:188} INFO - [2024-07-26T11:04:52.405+0700] {dag.py:3089} INFO - Sync 1 DAGs
[2024-07-26T11:04:52.420+0700] {logging_mixin.py:188} INFO - [2024-07-26T11:04:52.420+0700] {dag.py:3947} INFO - Setting next_dagrun for example_bash_operator to 2024-07-25 00:00:00+00:00, run_after=2024-07-26 00:00:00+00:00
[2024-07-26T11:04:52.452+0700] {processor.py:183} INFO - Processing /usr/local/lib/python3.10/dist-packages/airflow/example_dags/example_bash_operator.py took 0.080 seconds
[2024-07-26T11:05:32.066+0700] {processor.py:161} INFO - Started process (PID=4062) to work on /usr/local/lib/python3.10/dist-packages/airflow/example_dags/example_bash_operator.py
[2024-07-26T11:05:32.067+0700] {processor.py:830} INFO - Processing file /usr/local/lib/python3.10/dist-packages/airflow/example_dags/example_bash_operator.py for tasks to queue
[2024-07-26T11:05:32.068+0700] {logging_mixin.py:188} INFO - [2024-07-26T11:05:32.068+0700] {dagbag.py:545} INFO - Filling up the DagBag from /usr/local/lib/python3.10/dist-packages/airflow/example_dags/example_bash_operator.py
[2024-07-26T11:05:32.077+0700] {processor.py:840} INFO - DAG(s) 'example_bash_operator' retrieved from /usr/local/lib/python3.10/dist-packages/airflow/example_dags/example_bash_operator.py
[2024-07-26T11:05:32.095+0700] {logging_mixin.py:188} INFO - [2024-07-26T11:05:32.095+0700] {dag.py:3089} INFO - Sync 1 DAGs
[2024-07-26T11:05:32.112+0700] {logging_mixin.py:188} INFO - [2024-07-26T11:05:32.111+0700] {dag.py:3947} INFO - Setting next_dagrun for example_bash_operator to 2024-07-25 00:00:00+00:00, run_after=2024-07-26 00:00:00+00:00
[2024-07-26T11:05:32.148+0700] {processor.py:183} INFO - Processing /usr/local/lib/python3.10/dist-packages/airflow/example_dags/example_bash_operator.py took 0.089 seconds
[2024-07-26T11:06:10.331+0700] {processor.py:161} INFO - Started process (PID=4251) to work on /usr/local/lib/python3.10/dist-packages/airflow/example_dags/example_bash_operator.py
[2024-07-26T11:06:10.334+0700] {processor.py:830} INFO - Processing file /usr/local/lib/python3.10/dist-packages/airflow/example_dags/example_bash_operator.py for tasks to queue
[2024-07-26T11:06:10.335+0700] {logging_mixin.py:188} INFO - [2024-07-26T11:06:10.335+0700] {dagbag.py:545} INFO - Filling up the DagBag from /usr/local/lib/python3.10/dist-packages/airflow/example_dags/example_bash_operator.py
[2024-07-26T11:06:10.343+0700] {processor.py:840} INFO - DAG(s) 'example_bash_operator' retrieved from /usr/local/lib/python3.10/dist-packages/airflow/example_dags/example_bash_operator.py
[2024-07-26T11:06:10.363+0700] {logging_mixin.py:188} INFO - [2024-07-26T11:06:10.363+0700] {dag.py:3089} INFO - Sync 1 DAGs
[2024-07-26T11:06:10.382+0700] {logging_mixin.py:188} INFO - [2024-07-26T11:06:10.381+0700] {dag.py:3947} INFO - Setting next_dagrun for example_bash_operator to 2024-07-25 00:00:00+00:00, run_after=2024-07-26 00:00:00+00:00
[2024-07-26T11:06:10.414+0700] {processor.py:183} INFO - Processing /usr/local/lib/python3.10/dist-packages/airflow/example_dags/example_bash_operator.py took 0.090 seconds
[2024-07-26T11:06:53.695+0700] {processor.py:161} INFO - Started process (PID=4464) to work on /usr/local/lib/python3.10/dist-packages/airflow/example_dags/example_bash_operator.py
[2024-07-26T11:06:53.697+0700] {processor.py:830} INFO - Processing file /usr/local/lib/python3.10/dist-packages/airflow/example_dags/example_bash_operator.py for tasks to queue
[2024-07-26T11:06:53.698+0700] {logging_mixin.py:188} INFO - [2024-07-26T11:06:53.698+0700] {dagbag.py:545} INFO - Filling up the DagBag from /usr/local/lib/python3.10/dist-packages/airflow/example_dags/example_bash_operator.py
[2024-07-26T11:06:53.707+0700] {processor.py:840} INFO - DAG(s) 'example_bash_operator' retrieved from /usr/local/lib/python3.10/dist-packages/airflow/example_dags/example_bash_operator.py
[2024-07-26T11:06:53.730+0700] {logging_mixin.py:188} INFO - [2024-07-26T11:06:53.729+0700] {dag.py:3089} INFO - Sync 1 DAGs
[2024-07-26T11:06:53.748+0700] {logging_mixin.py:188} INFO - [2024-07-26T11:06:53.748+0700] {dag.py:3947} INFO - Setting next_dagrun for example_bash_operator to 2024-07-25 00:00:00+00:00, run_after=2024-07-26 00:00:00+00:00
[2024-07-26T11:06:53.784+0700] {processor.py:183} INFO - Processing /usr/local/lib/python3.10/dist-packages/airflow/example_dags/example_bash_operator.py took 0.097 seconds
[2024-07-26T11:07:34.810+0700] {processor.py:161} INFO - Started process (PID=4669) to work on /usr/local/lib/python3.10/dist-packages/airflow/example_dags/example_bash_operator.py
[2024-07-26T11:07:34.812+0700] {processor.py:830} INFO - Processing file /usr/local/lib/python3.10/dist-packages/airflow/example_dags/example_bash_operator.py for tasks to queue
[2024-07-26T11:07:34.813+0700] {logging_mixin.py:188} INFO - [2024-07-26T11:07:34.813+0700] {dagbag.py:545} INFO - Filling up the DagBag from /usr/local/lib/python3.10/dist-packages/airflow/example_dags/example_bash_operator.py
[2024-07-26T11:07:34.822+0700] {processor.py:840} INFO - DAG(s) 'example_bash_operator' retrieved from /usr/local/lib/python3.10/dist-packages/airflow/example_dags/example_bash_operator.py
[2024-07-26T11:07:34.842+0700] {logging_mixin.py:188} INFO - [2024-07-26T11:07:34.842+0700] {dag.py:3089} INFO - Sync 1 DAGs
[2024-07-26T11:07:34.858+0700] {logging_mixin.py:188} INFO - [2024-07-26T11:07:34.858+0700] {dag.py:3947} INFO - Setting next_dagrun for example_bash_operator to 2024-07-25 00:00:00+00:00, run_after=2024-07-26 00:00:00+00:00
[2024-07-26T11:07:34.891+0700] {processor.py:183} INFO - Processing /usr/local/lib/python3.10/dist-packages/airflow/example_dags/example_bash_operator.py took 0.086 seconds
[2024-07-26T11:08:13.561+0700] {processor.py:161} INFO - Started process (PID=4863) to work on /usr/local/lib/python3.10/dist-packages/airflow/example_dags/example_bash_operator.py
[2024-07-26T11:08:13.562+0700] {processor.py:830} INFO - Processing file /usr/local/lib/python3.10/dist-packages/airflow/example_dags/example_bash_operator.py for tasks to queue
[2024-07-26T11:08:13.563+0700] {logging_mixin.py:188} INFO - [2024-07-26T11:08:13.563+0700] {dagbag.py:545} INFO - Filling up the DagBag from /usr/local/lib/python3.10/dist-packages/airflow/example_dags/example_bash_operator.py
[2024-07-26T11:08:13.571+0700] {processor.py:840} INFO - DAG(s) 'example_bash_operator' retrieved from /usr/local/lib/python3.10/dist-packages/airflow/example_dags/example_bash_operator.py
[2024-07-26T11:08:13.588+0700] {logging_mixin.py:188} INFO - [2024-07-26T11:08:13.588+0700] {dag.py:3089} INFO - Sync 1 DAGs
[2024-07-26T11:08:13.605+0700] {logging_mixin.py:188} INFO - [2024-07-26T11:08:13.605+0700] {dag.py:3947} INFO - Setting next_dagrun for example_bash_operator to 2024-07-25 00:00:00+00:00, run_after=2024-07-26 00:00:00+00:00
[2024-07-26T11:08:13.633+0700] {processor.py:183} INFO - Processing /usr/local/lib/python3.10/dist-packages/airflow/example_dags/example_bash_operator.py took 0.077 seconds
[2024-07-26T11:08:52.466+0700] {processor.py:161} INFO - Started process (PID=5056) to work on /usr/local/lib/python3.10/dist-packages/airflow/example_dags/example_bash_operator.py
[2024-07-26T11:08:52.468+0700] {processor.py:830} INFO - Processing file /usr/local/lib/python3.10/dist-packages/airflow/example_dags/example_bash_operator.py for tasks to queue
[2024-07-26T11:08:52.469+0700] {logging_mixin.py:188} INFO - [2024-07-26T11:08:52.469+0700] {dagbag.py:545} INFO - Filling up the DagBag from /usr/local/lib/python3.10/dist-packages/airflow/example_dags/example_bash_operator.py
[2024-07-26T11:08:52.478+0700] {processor.py:840} INFO - DAG(s) 'example_bash_operator' retrieved from /usr/local/lib/python3.10/dist-packages/airflow/example_dags/example_bash_operator.py
[2024-07-26T11:08:52.494+0700] {logging_mixin.py:188} INFO - [2024-07-26T11:08:52.494+0700] {dag.py:3089} INFO - Sync 1 DAGs
[2024-07-26T11:08:52.510+0700] {logging_mixin.py:188} INFO - [2024-07-26T11:08:52.510+0700] {dag.py:3947} INFO - Setting next_dagrun for example_bash_operator to 2024-07-25 00:00:00+00:00, run_after=2024-07-26 00:00:00+00:00
[2024-07-26T11:08:52.539+0700] {processor.py:183} INFO - Processing /usr/local/lib/python3.10/dist-packages/airflow/example_dags/example_bash_operator.py took 0.079 seconds
[2024-07-26T11:09:32.552+0700] {processor.py:161} INFO - Started process (PID=5256) to work on /usr/local/lib/python3.10/dist-packages/airflow/example_dags/example_bash_operator.py
[2024-07-26T11:09:32.554+0700] {processor.py:830} INFO - Processing file /usr/local/lib/python3.10/dist-packages/airflow/example_dags/example_bash_operator.py for tasks to queue
[2024-07-26T11:09:32.555+0700] {logging_mixin.py:188} INFO - [2024-07-26T11:09:32.555+0700] {dagbag.py:545} INFO - Filling up the DagBag from /usr/local/lib/python3.10/dist-packages/airflow/example_dags/example_bash_operator.py
[2024-07-26T11:09:32.563+0700] {processor.py:840} INFO - DAG(s) 'example_bash_operator' retrieved from /usr/local/lib/python3.10/dist-packages/airflow/example_dags/example_bash_operator.py
[2024-07-26T11:09:32.580+0700] {logging_mixin.py:188} INFO - [2024-07-26T11:09:32.579+0700] {dag.py:3089} INFO - Sync 1 DAGs
[2024-07-26T11:09:32.594+0700] {logging_mixin.py:188} INFO - [2024-07-26T11:09:32.594+0700] {dag.py:3947} INFO - Setting next_dagrun for example_bash_operator to 2024-07-25 00:00:00+00:00, run_after=2024-07-26 00:00:00+00:00
[2024-07-26T11:09:32.622+0700] {processor.py:183} INFO - Processing /usr/local/lib/python3.10/dist-packages/airflow/example_dags/example_bash_operator.py took 0.075 seconds
[2024-07-26T11:10:12.968+0700] {processor.py:161} INFO - Started process (PID=5455) to work on /usr/local/lib/python3.10/dist-packages/airflow/example_dags/example_bash_operator.py
[2024-07-26T11:10:12.970+0700] {processor.py:830} INFO - Processing file /usr/local/lib/python3.10/dist-packages/airflow/example_dags/example_bash_operator.py for tasks to queue
[2024-07-26T11:10:12.971+0700] {logging_mixin.py:188} INFO - [2024-07-26T11:10:12.971+0700] {dagbag.py:545} INFO - Filling up the DagBag from /usr/local/lib/python3.10/dist-packages/airflow/example_dags/example_bash_operator.py
[2024-07-26T11:10:12.980+0700] {processor.py:840} INFO - DAG(s) 'example_bash_operator' retrieved from /usr/local/lib/python3.10/dist-packages/airflow/example_dags/example_bash_operator.py
[2024-07-26T11:10:12.997+0700] {logging_mixin.py:188} INFO - [2024-07-26T11:10:12.996+0700] {dag.py:3089} INFO - Sync 1 DAGs
[2024-07-26T11:10:13.012+0700] {logging_mixin.py:188} INFO - [2024-07-26T11:10:13.012+0700] {dag.py:3947} INFO - Setting next_dagrun for example_bash_operator to 2024-07-25 00:00:00+00:00, run_after=2024-07-26 00:00:00+00:00
[2024-07-26T11:10:13.042+0700] {processor.py:183} INFO - Processing /usr/local/lib/python3.10/dist-packages/airflow/example_dags/example_bash_operator.py took 0.080 seconds
[2024-07-26T11:10:52.079+0700] {processor.py:161} INFO - Started process (PID=5651) to work on /usr/local/lib/python3.10/dist-packages/airflow/example_dags/example_bash_operator.py
[2024-07-26T11:10:52.081+0700] {processor.py:830} INFO - Processing file /usr/local/lib/python3.10/dist-packages/airflow/example_dags/example_bash_operator.py for tasks to queue
[2024-07-26T11:10:52.082+0700] {logging_mixin.py:188} INFO - [2024-07-26T11:10:52.082+0700] {dagbag.py:545} INFO - Filling up the DagBag from /usr/local/lib/python3.10/dist-packages/airflow/example_dags/example_bash_operator.py
[2024-07-26T11:10:52.091+0700] {processor.py:840} INFO - DAG(s) 'example_bash_operator' retrieved from /usr/local/lib/python3.10/dist-packages/airflow/example_dags/example_bash_operator.py
[2024-07-26T11:10:52.109+0700] {logging_mixin.py:188} INFO - [2024-07-26T11:10:52.108+0700] {dag.py:3089} INFO - Sync 1 DAGs
[2024-07-26T11:10:52.125+0700] {logging_mixin.py:188} INFO - [2024-07-26T11:10:52.125+0700] {dag.py:3947} INFO - Setting next_dagrun for example_bash_operator to 2024-07-25 00:00:00+00:00, run_after=2024-07-26 00:00:00+00:00
[2024-07-26T11:10:52.154+0700] {processor.py:183} INFO - Processing /usr/local/lib/python3.10/dist-packages/airflow/example_dags/example_bash_operator.py took 0.081 seconds
[2024-07-26T11:11:30.890+0700] {processor.py:161} INFO - Started process (PID=5843) to work on /usr/local/lib/python3.10/dist-packages/airflow/example_dags/example_bash_operator.py
[2024-07-26T11:11:30.892+0700] {processor.py:830} INFO - Processing file /usr/local/lib/python3.10/dist-packages/airflow/example_dags/example_bash_operator.py for tasks to queue
[2024-07-26T11:11:30.893+0700] {logging_mixin.py:188} INFO - [2024-07-26T11:11:30.893+0700] {dagbag.py:545} INFO - Filling up the DagBag from /usr/local/lib/python3.10/dist-packages/airflow/example_dags/example_bash_operator.py
[2024-07-26T11:11:30.902+0700] {processor.py:840} INFO - DAG(s) 'example_bash_operator' retrieved from /usr/local/lib/python3.10/dist-packages/airflow/example_dags/example_bash_operator.py
[2024-07-26T11:11:30.924+0700] {logging_mixin.py:188} INFO - [2024-07-26T11:11:30.923+0700] {dag.py:3089} INFO - Sync 1 DAGs
[2024-07-26T11:11:30.942+0700] {logging_mixin.py:188} INFO - [2024-07-26T11:11:30.942+0700] {dag.py:3947} INFO - Setting next_dagrun for example_bash_operator to 2024-07-25 00:00:00+00:00, run_after=2024-07-26 00:00:00+00:00
[2024-07-26T11:11:30.973+0700] {processor.py:183} INFO - Processing /usr/local/lib/python3.10/dist-packages/airflow/example_dags/example_bash_operator.py took 0.090 seconds
[2024-07-26T11:12:17.133+0700] {processor.py:161} INFO - Started process (PID=6076) to work on /usr/local/lib/python3.10/dist-packages/airflow/example_dags/example_bash_operator.py
[2024-07-26T11:12:17.134+0700] {processor.py:830} INFO - Processing file /usr/local/lib/python3.10/dist-packages/airflow/example_dags/example_bash_operator.py for tasks to queue
[2024-07-26T11:12:17.136+0700] {logging_mixin.py:188} INFO - [2024-07-26T11:12:17.136+0700] {dagbag.py:545} INFO - Filling up the DagBag from /usr/local/lib/python3.10/dist-packages/airflow/example_dags/example_bash_operator.py
[2024-07-26T11:12:17.146+0700] {processor.py:840} INFO - DAG(s) 'example_bash_operator' retrieved from /usr/local/lib/python3.10/dist-packages/airflow/example_dags/example_bash_operator.py
[2024-07-26T11:12:17.164+0700] {logging_mixin.py:188} INFO - [2024-07-26T11:12:17.164+0700] {dag.py:3089} INFO - Sync 1 DAGs
[2024-07-26T11:12:17.183+0700] {logging_mixin.py:188} INFO - [2024-07-26T11:12:17.183+0700] {dag.py:3947} INFO - Setting next_dagrun for example_bash_operator to 2024-07-25 00:00:00+00:00, run_after=2024-07-26 00:00:00+00:00
[2024-07-26T11:12:17.213+0700] {processor.py:183} INFO - Processing /usr/local/lib/python3.10/dist-packages/airflow/example_dags/example_bash_operator.py took 0.086 seconds
