[2024-07-26T10:58:05.929+0700] {processor.py:161} INFO - Started process (PID=1707) to work on /usr/local/lib/python3.10/dist-packages/airflow/example_dags/example_sla_dag.py
[2024-07-26T10:58:05.929+0700] {processor.py:830} INFO - Processing file /usr/local/lib/python3.10/dist-packages/airflow/example_dags/example_sla_dag.py for tasks to queue
[2024-07-26T10:58:05.931+0700] {logging_mixin.py:188} INFO - [2024-07-26T10:58:05.930+0700] {dagbag.py:545} INFO - Filling up the DagBag from /usr/local/lib/python3.10/dist-packages/airflow/example_dags/example_sla_dag.py
[2024-07-26T10:58:05.939+0700] {processor.py:840} INFO - DAG(s) 'example_sla_dag' retrieved from /usr/local/lib/python3.10/dist-packages/airflow/example_dags/example_sla_dag.py
[2024-07-26T10:58:06.042+0700] {logging_mixin.py:188} INFO - [2024-07-26T10:58:06.041+0700] {override.py:1858} INFO - Created Permission View: can read on DAG:example_sla_dag
[2024-07-26T10:58:06.061+0700] {logging_mixin.py:188} INFO - [2024-07-26T10:58:06.061+0700] {override.py:1858} INFO - Created Permission View: can edit on DAG:example_sla_dag
[2024-07-26T10:58:06.080+0700] {logging_mixin.py:188} INFO - [2024-07-26T10:58:06.079+0700] {override.py:1858} INFO - Created Permission View: can delete on DAG:example_sla_dag
[2024-07-26T10:58:06.080+0700] {logging_mixin.py:188} INFO - [2024-07-26T10:58:06.080+0700] {dag.py:3089} INFO - Sync 1 DAGs
[2024-07-26T10:58:06.088+0700] {logging_mixin.py:188} INFO - [2024-07-26T10:58:06.088+0700] {dag.py:3111} INFO - Creating ORM DAG for example_sla_dag
[2024-07-26T10:58:06.097+0700] {logging_mixin.py:188} INFO - [2024-07-26T10:58:06.097+0700] {dag.py:3947} INFO - Setting next_dagrun for example_sla_dag to 2024-07-26 03:56:00+00:00, run_after=2024-07-26 03:58:00+00:00
[2024-07-26T10:58:06.219+0700] {processor.py:183} INFO - Processing /usr/local/lib/python3.10/dist-packages/airflow/example_dags/example_sla_dag.py took 0.295 seconds
[2024-07-26T10:59:03.981+0700] {processor.py:161} INFO - Started process (PID=1995) to work on /usr/local/lib/python3.10/dist-packages/airflow/example_dags/example_sla_dag.py
[2024-07-26T10:59:03.982+0700] {processor.py:830} INFO - Processing file /usr/local/lib/python3.10/dist-packages/airflow/example_dags/example_sla_dag.py for tasks to queue
[2024-07-26T10:59:03.983+0700] {logging_mixin.py:188} INFO - [2024-07-26T10:59:03.983+0700] {dagbag.py:545} INFO - Filling up the DagBag from /usr/local/lib/python3.10/dist-packages/airflow/example_dags/example_sla_dag.py
[2024-07-26T10:59:03.990+0700] {processor.py:840} INFO - DAG(s) 'example_sla_dag' retrieved from /usr/local/lib/python3.10/dist-packages/airflow/example_dags/example_sla_dag.py
[2024-07-26T10:59:04.006+0700] {logging_mixin.py:188} INFO - [2024-07-26T10:59:04.006+0700] {dag.py:3089} INFO - Sync 1 DAGs
[2024-07-26T10:59:04.030+0700] {logging_mixin.py:188} INFO - [2024-07-26T10:59:04.030+0700] {dag.py:3947} INFO - Setting next_dagrun for example_sla_dag to 2024-07-26 03:56:00+00:00, run_after=2024-07-26 03:58:00+00:00
[2024-07-26T10:59:04.061+0700] {processor.py:183} INFO - Processing /usr/local/lib/python3.10/dist-packages/airflow/example_dags/example_sla_dag.py took 0.084 seconds
[2024-07-26T10:59:54.038+0700] {processor.py:161} INFO - Started process (PID=2246) to work on /usr/local/lib/python3.10/dist-packages/airflow/example_dags/example_sla_dag.py
[2024-07-26T10:59:54.039+0700] {processor.py:830} INFO - Processing file /usr/local/lib/python3.10/dist-packages/airflow/example_dags/example_sla_dag.py for tasks to queue
[2024-07-26T10:59:54.040+0700] {logging_mixin.py:188} INFO - [2024-07-26T10:59:54.040+0700] {dagbag.py:545} INFO - Filling up the DagBag from /usr/local/lib/python3.10/dist-packages/airflow/example_dags/example_sla_dag.py
[2024-07-26T10:59:54.046+0700] {processor.py:840} INFO - DAG(s) 'example_sla_dag' retrieved from /usr/local/lib/python3.10/dist-packages/airflow/example_dags/example_sla_dag.py
[2024-07-26T10:59:54.058+0700] {logging_mixin.py:188} INFO - [2024-07-26T10:59:54.058+0700] {dag.py:3089} INFO - Sync 1 DAGs
[2024-07-26T10:59:54.164+0700] {logging_mixin.py:188} INFO - [2024-07-26T10:59:54.164+0700] {dag.py:3947} INFO - Setting next_dagrun for example_sla_dag to 2024-07-26 03:56:00+00:00, run_after=2024-07-26 03:58:00+00:00
[2024-07-26T10:59:54.192+0700] {processor.py:183} INFO - Processing /usr/local/lib/python3.10/dist-packages/airflow/example_dags/example_sla_dag.py took 0.158 seconds
[2024-07-26T11:00:43.123+0700] {processor.py:161} INFO - Started process (PID=2492) to work on /usr/local/lib/python3.10/dist-packages/airflow/example_dags/example_sla_dag.py
[2024-07-26T11:00:43.124+0700] {processor.py:830} INFO - Processing file /usr/local/lib/python3.10/dist-packages/airflow/example_dags/example_sla_dag.py for tasks to queue
[2024-07-26T11:00:43.125+0700] {logging_mixin.py:188} INFO - [2024-07-26T11:00:43.125+0700] {dagbag.py:545} INFO - Filling up the DagBag from /usr/local/lib/python3.10/dist-packages/airflow/example_dags/example_sla_dag.py
[2024-07-26T11:00:43.131+0700] {processor.py:840} INFO - DAG(s) 'example_sla_dag' retrieved from /usr/local/lib/python3.10/dist-packages/airflow/example_dags/example_sla_dag.py
[2024-07-26T11:00:43.141+0700] {logging_mixin.py:188} INFO - [2024-07-26T11:00:43.141+0700] {dag.py:3089} INFO - Sync 1 DAGs
[2024-07-26T11:00:43.157+0700] {logging_mixin.py:188} INFO - [2024-07-26T11:00:43.157+0700] {dag.py:3947} INFO - Setting next_dagrun for example_sla_dag to 2024-07-26 03:58:00+00:00, run_after=2024-07-26 04:00:00+00:00
[2024-07-26T11:00:43.188+0700] {processor.py:183} INFO - Processing /usr/local/lib/python3.10/dist-packages/airflow/example_dags/example_sla_dag.py took 0.069 seconds
[2024-07-26T11:01:41.500+0700] {processor.py:161} INFO - Started process (PID=2782) to work on /usr/local/lib/python3.10/dist-packages/airflow/example_dags/example_sla_dag.py
[2024-07-26T11:01:41.502+0700] {processor.py:830} INFO - Processing file /usr/local/lib/python3.10/dist-packages/airflow/example_dags/example_sla_dag.py for tasks to queue
[2024-07-26T11:01:41.503+0700] {logging_mixin.py:188} INFO - [2024-07-26T11:01:41.503+0700] {dagbag.py:545} INFO - Filling up the DagBag from /usr/local/lib/python3.10/dist-packages/airflow/example_dags/example_sla_dag.py
[2024-07-26T11:01:41.509+0700] {processor.py:840} INFO - DAG(s) 'example_sla_dag' retrieved from /usr/local/lib/python3.10/dist-packages/airflow/example_dags/example_sla_dag.py
[2024-07-26T11:01:41.520+0700] {logging_mixin.py:188} INFO - [2024-07-26T11:01:41.519+0700] {dag.py:3089} INFO - Sync 1 DAGs
[2024-07-26T11:01:41.536+0700] {logging_mixin.py:188} INFO - [2024-07-26T11:01:41.535+0700] {dag.py:3947} INFO - Setting next_dagrun for example_sla_dag to 2024-07-26 03:58:00+00:00, run_after=2024-07-26 04:00:00+00:00
[2024-07-26T11:01:41.565+0700] {processor.py:183} INFO - Processing /usr/local/lib/python3.10/dist-packages/airflow/example_dags/example_sla_dag.py took 0.069 seconds
[2024-07-26T11:02:38.573+0700] {processor.py:161} INFO - Started process (PID=3068) to work on /usr/local/lib/python3.10/dist-packages/airflow/example_dags/example_sla_dag.py
[2024-07-26T11:02:38.575+0700] {processor.py:830} INFO - Processing file /usr/local/lib/python3.10/dist-packages/airflow/example_dags/example_sla_dag.py for tasks to queue
[2024-07-26T11:02:38.577+0700] {logging_mixin.py:188} INFO - [2024-07-26T11:02:38.577+0700] {dagbag.py:545} INFO - Filling up the DagBag from /usr/local/lib/python3.10/dist-packages/airflow/example_dags/example_sla_dag.py
[2024-07-26T11:02:38.583+0700] {processor.py:840} INFO - DAG(s) 'example_sla_dag' retrieved from /usr/local/lib/python3.10/dist-packages/airflow/example_dags/example_sla_dag.py
[2024-07-26T11:02:38.594+0700] {logging_mixin.py:188} INFO - [2024-07-26T11:02:38.594+0700] {dag.py:3089} INFO - Sync 1 DAGs
[2024-07-26T11:02:38.610+0700] {logging_mixin.py:188} INFO - [2024-07-26T11:02:38.610+0700] {dag.py:3947} INFO - Setting next_dagrun for example_sla_dag to 2024-07-26 04:00:00+00:00, run_after=2024-07-26 04:02:00+00:00
[2024-07-26T11:02:38.636+0700] {processor.py:183} INFO - Processing /usr/local/lib/python3.10/dist-packages/airflow/example_dags/example_sla_dag.py took 0.069 seconds
[2024-07-26T11:03:37.880+0700] {processor.py:161} INFO - Started process (PID=3471) to work on /usr/local/lib/python3.10/dist-packages/airflow/example_dags/example_sla_dag.py
[2024-07-26T11:03:37.883+0700] {processor.py:830} INFO - Processing file /usr/local/lib/python3.10/dist-packages/airflow/example_dags/example_sla_dag.py for tasks to queue
[2024-07-26T11:03:37.884+0700] {logging_mixin.py:188} INFO - [2024-07-26T11:03:37.884+0700] {dagbag.py:545} INFO - Filling up the DagBag from /usr/local/lib/python3.10/dist-packages/airflow/example_dags/example_sla_dag.py
[2024-07-26T11:03:37.890+0700] {processor.py:840} INFO - DAG(s) 'example_sla_dag' retrieved from /usr/local/lib/python3.10/dist-packages/airflow/example_dags/example_sla_dag.py
[2024-07-26T11:03:37.901+0700] {logging_mixin.py:188} INFO - [2024-07-26T11:03:37.901+0700] {dag.py:3089} INFO - Sync 1 DAGs
[2024-07-26T11:03:37.917+0700] {logging_mixin.py:188} INFO - [2024-07-26T11:03:37.916+0700] {dag.py:3947} INFO - Setting next_dagrun for example_sla_dag to 2024-07-26 04:00:00+00:00, run_after=2024-07-26 04:02:00+00:00
[2024-07-26T11:03:37.944+0700] {processor.py:183} INFO - Processing /usr/local/lib/python3.10/dist-packages/airflow/example_dags/example_sla_dag.py took 0.068 seconds
[2024-07-26T11:04:37.239+0700] {processor.py:161} INFO - Started process (PID=3776) to work on /usr/local/lib/python3.10/dist-packages/airflow/example_dags/example_sla_dag.py
[2024-07-26T11:04:37.241+0700] {processor.py:830} INFO - Processing file /usr/local/lib/python3.10/dist-packages/airflow/example_dags/example_sla_dag.py for tasks to queue
[2024-07-26T11:04:37.243+0700] {logging_mixin.py:188} INFO - [2024-07-26T11:04:37.243+0700] {dagbag.py:545} INFO - Filling up the DagBag from /usr/local/lib/python3.10/dist-packages/airflow/example_dags/example_sla_dag.py
[2024-07-26T11:04:37.251+0700] {processor.py:840} INFO - DAG(s) 'example_sla_dag' retrieved from /usr/local/lib/python3.10/dist-packages/airflow/example_dags/example_sla_dag.py
[2024-07-26T11:04:37.266+0700] {logging_mixin.py:188} INFO - [2024-07-26T11:04:37.266+0700] {dag.py:3089} INFO - Sync 1 DAGs
[2024-07-26T11:04:37.286+0700] {logging_mixin.py:188} INFO - [2024-07-26T11:04:37.286+0700] {dag.py:3947} INFO - Setting next_dagrun for example_sla_dag to 2024-07-26 04:02:00+00:00, run_after=2024-07-26 04:04:00+00:00
[2024-07-26T11:04:37.318+0700] {processor.py:183} INFO - Processing /usr/local/lib/python3.10/dist-packages/airflow/example_dags/example_sla_dag.py took 0.086 seconds
[2024-07-26T11:05:34.446+0700] {processor.py:161} INFO - Started process (PID=4074) to work on /usr/local/lib/python3.10/dist-packages/airflow/example_dags/example_sla_dag.py
[2024-07-26T11:05:34.448+0700] {processor.py:830} INFO - Processing file /usr/local/lib/python3.10/dist-packages/airflow/example_dags/example_sla_dag.py for tasks to queue
[2024-07-26T11:05:34.449+0700] {logging_mixin.py:188} INFO - [2024-07-26T11:05:34.449+0700] {dagbag.py:545} INFO - Filling up the DagBag from /usr/local/lib/python3.10/dist-packages/airflow/example_dags/example_sla_dag.py
[2024-07-26T11:05:34.456+0700] {processor.py:840} INFO - DAG(s) 'example_sla_dag' retrieved from /usr/local/lib/python3.10/dist-packages/airflow/example_dags/example_sla_dag.py
[2024-07-26T11:05:34.467+0700] {logging_mixin.py:188} INFO - [2024-07-26T11:05:34.467+0700] {dag.py:3089} INFO - Sync 1 DAGs
[2024-07-26T11:05:34.487+0700] {logging_mixin.py:188} INFO - [2024-07-26T11:05:34.487+0700] {dag.py:3947} INFO - Setting next_dagrun for example_sla_dag to 2024-07-26 04:02:00+00:00, run_after=2024-07-26 04:04:00+00:00
[2024-07-26T11:05:34.519+0700] {processor.py:183} INFO - Processing /usr/local/lib/python3.10/dist-packages/airflow/example_dags/example_sla_dag.py took 0.079 seconds
[2024-07-26T11:06:36.715+0700] {processor.py:161} INFO - Started process (PID=4380) to work on /usr/local/lib/python3.10/dist-packages/airflow/example_dags/example_sla_dag.py
[2024-07-26T11:06:36.717+0700] {processor.py:830} INFO - Processing file /usr/local/lib/python3.10/dist-packages/airflow/example_dags/example_sla_dag.py for tasks to queue
[2024-07-26T11:06:36.722+0700] {logging_mixin.py:188} INFO - [2024-07-26T11:06:36.722+0700] {dagbag.py:545} INFO - Filling up the DagBag from /usr/local/lib/python3.10/dist-packages/airflow/example_dags/example_sla_dag.py
[2024-07-26T11:06:36.736+0700] {processor.py:840} INFO - DAG(s) 'example_sla_dag' retrieved from /usr/local/lib/python3.10/dist-packages/airflow/example_dags/example_sla_dag.py
[2024-07-26T11:06:36.760+0700] {logging_mixin.py:188} INFO - [2024-07-26T11:06:36.760+0700] {dag.py:3089} INFO - Sync 1 DAGs
[2024-07-26T11:06:36.795+0700] {logging_mixin.py:188} INFO - [2024-07-26T11:06:36.794+0700] {dag.py:3947} INFO - Setting next_dagrun for example_sla_dag to 2024-07-26 04:04:00+00:00, run_after=2024-07-26 04:06:00+00:00
[2024-07-26T11:06:36.837+0700] {processor.py:183} INFO - Processing /usr/local/lib/python3.10/dist-packages/airflow/example_dags/example_sla_dag.py took 0.133 seconds
[2024-07-26T11:07:19.345+0700] {processor.py:161} INFO - Started process (PID=4591) to work on /usr/local/lib/python3.10/dist-packages/airflow/example_dags/example_sla_dag.py
[2024-07-26T11:07:19.348+0700] {processor.py:830} INFO - Processing file /usr/local/lib/python3.10/dist-packages/airflow/example_dags/example_sla_dag.py for tasks to queue
[2024-07-26T11:07:19.351+0700] {logging_mixin.py:188} INFO - [2024-07-26T11:07:19.351+0700] {dagbag.py:545} INFO - Filling up the DagBag from /usr/local/lib/python3.10/dist-packages/airflow/example_dags/example_sla_dag.py
[2024-07-26T11:07:19.360+0700] {processor.py:840} INFO - DAG(s) 'example_sla_dag' retrieved from /usr/local/lib/python3.10/dist-packages/airflow/example_dags/example_sla_dag.py
[2024-07-26T11:07:19.384+0700] {logging_mixin.py:188} INFO - [2024-07-26T11:07:19.383+0700] {dag.py:3089} INFO - Sync 1 DAGs
[2024-07-26T11:07:19.418+0700] {logging_mixin.py:188} INFO - [2024-07-26T11:07:19.418+0700] {dag.py:3947} INFO - Setting next_dagrun for example_sla_dag to 2024-07-26 04:04:00+00:00, run_after=2024-07-26 04:06:00+00:00
[2024-07-26T11:07:19.461+0700] {processor.py:183} INFO - Processing /usr/local/lib/python3.10/dist-packages/airflow/example_dags/example_sla_dag.py took 0.124 seconds
[2024-07-26T11:08:16.370+0700] {processor.py:161} INFO - Started process (PID=4877) to work on /usr/local/lib/python3.10/dist-packages/airflow/example_dags/example_sla_dag.py
[2024-07-26T11:08:16.373+0700] {processor.py:830} INFO - Processing file /usr/local/lib/python3.10/dist-packages/airflow/example_dags/example_sla_dag.py for tasks to queue
[2024-07-26T11:08:16.375+0700] {logging_mixin.py:188} INFO - [2024-07-26T11:08:16.374+0700] {dagbag.py:545} INFO - Filling up the DagBag from /usr/local/lib/python3.10/dist-packages/airflow/example_dags/example_sla_dag.py
[2024-07-26T11:08:16.380+0700] {processor.py:840} INFO - DAG(s) 'example_sla_dag' retrieved from /usr/local/lib/python3.10/dist-packages/airflow/example_dags/example_sla_dag.py
[2024-07-26T11:08:16.392+0700] {logging_mixin.py:188} INFO - [2024-07-26T11:08:16.391+0700] {dag.py:3089} INFO - Sync 1 DAGs
[2024-07-26T11:08:16.409+0700] {logging_mixin.py:188} INFO - [2024-07-26T11:08:16.409+0700] {dag.py:3947} INFO - Setting next_dagrun for example_sla_dag to 2024-07-26 04:06:00+00:00, run_after=2024-07-26 04:08:00+00:00
[2024-07-26T11:08:16.441+0700] {processor.py:183} INFO - Processing /usr/local/lib/python3.10/dist-packages/airflow/example_dags/example_sla_dag.py took 0.076 seconds
[2024-07-26T11:09:17.080+0700] {processor.py:161} INFO - Started process (PID=5179) to work on /usr/local/lib/python3.10/dist-packages/airflow/example_dags/example_sla_dag.py
[2024-07-26T11:09:17.081+0700] {processor.py:830} INFO - Processing file /usr/local/lib/python3.10/dist-packages/airflow/example_dags/example_sla_dag.py for tasks to queue
[2024-07-26T11:09:17.083+0700] {logging_mixin.py:188} INFO - [2024-07-26T11:09:17.083+0700] {dagbag.py:545} INFO - Filling up the DagBag from /usr/local/lib/python3.10/dist-packages/airflow/example_dags/example_sla_dag.py
[2024-07-26T11:09:17.089+0700] {processor.py:840} INFO - DAG(s) 'example_sla_dag' retrieved from /usr/local/lib/python3.10/dist-packages/airflow/example_dags/example_sla_dag.py
[2024-07-26T11:09:17.100+0700] {logging_mixin.py:188} INFO - [2024-07-26T11:09:17.100+0700] {dag.py:3089} INFO - Sync 1 DAGs
[2024-07-26T11:09:17.117+0700] {logging_mixin.py:188} INFO - [2024-07-26T11:09:17.117+0700] {dag.py:3947} INFO - Setting next_dagrun for example_sla_dag to 2024-07-26 04:06:00+00:00, run_after=2024-07-26 04:08:00+00:00
[2024-07-26T11:09:17.147+0700] {processor.py:183} INFO - Processing /usr/local/lib/python3.10/dist-packages/airflow/example_dags/example_sla_dag.py took 0.072 seconds
[2024-07-26T11:10:15.490+0700] {processor.py:161} INFO - Started process (PID=5469) to work on /usr/local/lib/python3.10/dist-packages/airflow/example_dags/example_sla_dag.py
[2024-07-26T11:10:15.492+0700] {processor.py:830} INFO - Processing file /usr/local/lib/python3.10/dist-packages/airflow/example_dags/example_sla_dag.py for tasks to queue
[2024-07-26T11:10:15.494+0700] {logging_mixin.py:188} INFO - [2024-07-26T11:10:15.494+0700] {dagbag.py:545} INFO - Filling up the DagBag from /usr/local/lib/python3.10/dist-packages/airflow/example_dags/example_sla_dag.py
[2024-07-26T11:10:15.500+0700] {processor.py:840} INFO - DAG(s) 'example_sla_dag' retrieved from /usr/local/lib/python3.10/dist-packages/airflow/example_dags/example_sla_dag.py
[2024-07-26T11:10:15.511+0700] {logging_mixin.py:188} INFO - [2024-07-26T11:10:15.511+0700] {dag.py:3089} INFO - Sync 1 DAGs
[2024-07-26T11:10:15.527+0700] {logging_mixin.py:188} INFO - [2024-07-26T11:10:15.527+0700] {dag.py:3947} INFO - Setting next_dagrun for example_sla_dag to 2024-07-26 04:08:00+00:00, run_after=2024-07-26 04:10:00+00:00
[2024-07-26T11:10:15.555+0700] {processor.py:183} INFO - Processing /usr/local/lib/python3.10/dist-packages/airflow/example_dags/example_sla_dag.py took 0.070 seconds
[2024-07-26T11:11:13.616+0700] {processor.py:161} INFO - Started process (PID=5757) to work on /usr/local/lib/python3.10/dist-packages/airflow/example_dags/example_sla_dag.py
[2024-07-26T11:11:13.619+0700] {processor.py:830} INFO - Processing file /usr/local/lib/python3.10/dist-packages/airflow/example_dags/example_sla_dag.py for tasks to queue
[2024-07-26T11:11:13.621+0700] {logging_mixin.py:188} INFO - [2024-07-26T11:11:13.621+0700] {dagbag.py:545} INFO - Filling up the DagBag from /usr/local/lib/python3.10/dist-packages/airflow/example_dags/example_sla_dag.py
[2024-07-26T11:11:13.627+0700] {processor.py:840} INFO - DAG(s) 'example_sla_dag' retrieved from /usr/local/lib/python3.10/dist-packages/airflow/example_dags/example_sla_dag.py
[2024-07-26T11:11:13.638+0700] {logging_mixin.py:188} INFO - [2024-07-26T11:11:13.637+0700] {dag.py:3089} INFO - Sync 1 DAGs
[2024-07-26T11:11:13.654+0700] {logging_mixin.py:188} INFO - [2024-07-26T11:11:13.654+0700] {dag.py:3947} INFO - Setting next_dagrun for example_sla_dag to 2024-07-26 04:08:00+00:00, run_after=2024-07-26 04:10:00+00:00
[2024-07-26T11:11:13.682+0700] {processor.py:183} INFO - Processing /usr/local/lib/python3.10/dist-packages/airflow/example_dags/example_sla_dag.py took 0.071 seconds
[2024-07-26T11:12:08.140+0700] {processor.py:161} INFO - Started process (PID=6030) to work on /usr/local/lib/python3.10/dist-packages/airflow/example_dags/example_sla_dag.py
[2024-07-26T11:12:08.142+0700] {processor.py:830} INFO - Processing file /usr/local/lib/python3.10/dist-packages/airflow/example_dags/example_sla_dag.py for tasks to queue
[2024-07-26T11:12:08.144+0700] {logging_mixin.py:188} INFO - [2024-07-26T11:12:08.144+0700] {dagbag.py:545} INFO - Filling up the DagBag from /usr/local/lib/python3.10/dist-packages/airflow/example_dags/example_sla_dag.py
[2024-07-26T11:12:08.152+0700] {processor.py:840} INFO - DAG(s) 'example_sla_dag' retrieved from /usr/local/lib/python3.10/dist-packages/airflow/example_dags/example_sla_dag.py
[2024-07-26T11:12:08.166+0700] {logging_mixin.py:188} INFO - [2024-07-26T11:12:08.166+0700] {dag.py:3089} INFO - Sync 1 DAGs
[2024-07-26T11:12:08.189+0700] {logging_mixin.py:188} INFO - [2024-07-26T11:12:08.189+0700] {dag.py:3947} INFO - Setting next_dagrun for example_sla_dag to 2024-07-26 04:10:00+00:00, run_after=2024-07-26 04:12:00+00:00
[2024-07-26T11:12:08.218+0700] {processor.py:183} INFO - Processing /usr/local/lib/python3.10/dist-packages/airflow/example_dags/example_sla_dag.py took 0.084 seconds
