[2024-07-26T10:57:55.639+0700] {processor.py:161} INFO - Started process (PID=1650) to work on /usr/local/lib/python3.10/dist-packages/airflow/example_dags/example_task_group_decorator.py
[2024-07-26T10:57:55.640+0700] {processor.py:830} INFO - Processing file /usr/local/lib/python3.10/dist-packages/airflow/example_dags/example_task_group_decorator.py for tasks to queue
[2024-07-26T10:57:55.641+0700] {logging_mixin.py:188} INFO - [2024-07-26T10:57:55.641+0700] {dagbag.py:545} INFO - Filling up the DagBag from /usr/local/lib/python3.10/dist-packages/airflow/example_dags/example_task_group_decorator.py
[2024-07-26T10:57:55.654+0700] {processor.py:840} INFO - DAG(s) 'example_task_group_decorator' retrieved from /usr/local/lib/python3.10/dist-packages/airflow/example_dags/example_task_group_decorator.py
[2024-07-26T10:57:55.757+0700] {logging_mixin.py:188} INFO - [2024-07-26T10:57:55.757+0700] {override.py:1858} INFO - Created Permission View: can read on DAG:example_task_group_decorator
[2024-07-26T10:57:55.779+0700] {logging_mixin.py:188} INFO - [2024-07-26T10:57:55.778+0700] {override.py:1858} INFO - Created Permission View: can edit on DAG:example_task_group_decorator
[2024-07-26T10:57:55.798+0700] {logging_mixin.py:188} INFO - [2024-07-26T10:57:55.797+0700] {override.py:1858} INFO - Created Permission View: can delete on DAG:example_task_group_decorator
[2024-07-26T10:57:55.798+0700] {logging_mixin.py:188} INFO - [2024-07-26T10:57:55.798+0700] {dag.py:3089} INFO - Sync 1 DAGs
[2024-07-26T10:57:55.809+0700] {logging_mixin.py:188} INFO - [2024-07-26T10:57:55.808+0700] {dag.py:3111} INFO - Creating ORM DAG for example_task_group_decorator
[2024-07-26T10:57:55.817+0700] {logging_mixin.py:188} INFO - [2024-07-26T10:57:55.816+0700] {dag.py:3947} INFO - Setting next_dagrun for example_task_group_decorator to 2024-07-25 00:00:00+00:00, run_after=2024-07-26 00:00:00+00:00
[2024-07-26T10:57:55.848+0700] {processor.py:183} INFO - Processing /usr/local/lib/python3.10/dist-packages/airflow/example_dags/example_task_group_decorator.py took 0.215 seconds
[2024-07-26T10:58:58.051+0700] {processor.py:161} INFO - Started process (PID=1965) to work on /usr/local/lib/python3.10/dist-packages/airflow/example_dags/example_task_group_decorator.py
[2024-07-26T10:58:58.053+0700] {processor.py:830} INFO - Processing file /usr/local/lib/python3.10/dist-packages/airflow/example_dags/example_task_group_decorator.py for tasks to queue
[2024-07-26T10:58:58.055+0700] {logging_mixin.py:188} INFO - [2024-07-26T10:58:58.055+0700] {dagbag.py:545} INFO - Filling up the DagBag from /usr/local/lib/python3.10/dist-packages/airflow/example_dags/example_task_group_decorator.py
[2024-07-26T10:58:58.066+0700] {processor.py:840} INFO - DAG(s) 'example_task_group_decorator' retrieved from /usr/local/lib/python3.10/dist-packages/airflow/example_dags/example_task_group_decorator.py
[2024-07-26T10:58:58.079+0700] {logging_mixin.py:188} INFO - [2024-07-26T10:58:58.079+0700] {dag.py:3089} INFO - Sync 1 DAGs
[2024-07-26T10:58:58.093+0700] {logging_mixin.py:188} INFO - [2024-07-26T10:58:58.092+0700] {dag.py:3947} INFO - Setting next_dagrun for example_task_group_decorator to 2024-07-25 00:00:00+00:00, run_after=2024-07-26 00:00:00+00:00
[2024-07-26T10:58:58.121+0700] {processor.py:183} INFO - Processing /usr/local/lib/python3.10/dist-packages/airflow/example_dags/example_task_group_decorator.py took 0.074 seconds
[2024-07-26T10:59:47.207+0700] {processor.py:161} INFO - Started process (PID=2213) to work on /usr/local/lib/python3.10/dist-packages/airflow/example_dags/example_task_group_decorator.py
[2024-07-26T10:59:47.208+0700] {processor.py:830} INFO - Processing file /usr/local/lib/python3.10/dist-packages/airflow/example_dags/example_task_group_decorator.py for tasks to queue
[2024-07-26T10:59:47.209+0700] {logging_mixin.py:188} INFO - [2024-07-26T10:59:47.209+0700] {dagbag.py:545} INFO - Filling up the DagBag from /usr/local/lib/python3.10/dist-packages/airflow/example_dags/example_task_group_decorator.py
[2024-07-26T10:59:47.219+0700] {processor.py:840} INFO - DAG(s) 'example_task_group_decorator' retrieved from /usr/local/lib/python3.10/dist-packages/airflow/example_dags/example_task_group_decorator.py
[2024-07-26T10:59:47.234+0700] {logging_mixin.py:188} INFO - [2024-07-26T10:59:47.234+0700] {dag.py:3089} INFO - Sync 1 DAGs
[2024-07-26T10:59:47.337+0700] {logging_mixin.py:188} INFO - [2024-07-26T10:59:47.336+0700] {dag.py:3947} INFO - Setting next_dagrun for example_task_group_decorator to 2024-07-25 00:00:00+00:00, run_after=2024-07-26 00:00:00+00:00
[2024-07-26T10:59:47.364+0700] {processor.py:183} INFO - Processing /usr/local/lib/python3.10/dist-packages/airflow/example_dags/example_task_group_decorator.py took 0.161 seconds
[2024-07-26T11:00:37.053+0700] {processor.py:161} INFO - Started process (PID=2462) to work on /usr/local/lib/python3.10/dist-packages/airflow/example_dags/example_task_group_decorator.py
[2024-07-26T11:00:37.055+0700] {processor.py:830} INFO - Processing file /usr/local/lib/python3.10/dist-packages/airflow/example_dags/example_task_group_decorator.py for tasks to queue
[2024-07-26T11:00:37.057+0700] {logging_mixin.py:188} INFO - [2024-07-26T11:00:37.056+0700] {dagbag.py:545} INFO - Filling up the DagBag from /usr/local/lib/python3.10/dist-packages/airflow/example_dags/example_task_group_decorator.py
[2024-07-26T11:00:37.068+0700] {processor.py:840} INFO - DAG(s) 'example_task_group_decorator' retrieved from /usr/local/lib/python3.10/dist-packages/airflow/example_dags/example_task_group_decorator.py
[2024-07-26T11:00:37.082+0700] {logging_mixin.py:188} INFO - [2024-07-26T11:00:37.082+0700] {dag.py:3089} INFO - Sync 1 DAGs
[2024-07-26T11:00:37.098+0700] {logging_mixin.py:188} INFO - [2024-07-26T11:00:37.097+0700] {dag.py:3947} INFO - Setting next_dagrun for example_task_group_decorator to 2024-07-25 00:00:00+00:00, run_after=2024-07-26 00:00:00+00:00
[2024-07-26T11:00:37.129+0700] {processor.py:183} INFO - Processing /usr/local/lib/python3.10/dist-packages/airflow/example_dags/example_task_group_decorator.py took 0.080 seconds
[2024-07-26T11:01:17.603+0700] {processor.py:161} INFO - Started process (PID=2663) to work on /usr/local/lib/python3.10/dist-packages/airflow/example_dags/example_task_group_decorator.py
[2024-07-26T11:01:17.605+0700] {processor.py:830} INFO - Processing file /usr/local/lib/python3.10/dist-packages/airflow/example_dags/example_task_group_decorator.py for tasks to queue
[2024-07-26T11:01:17.607+0700] {logging_mixin.py:188} INFO - [2024-07-26T11:01:17.607+0700] {dagbag.py:545} INFO - Filling up the DagBag from /usr/local/lib/python3.10/dist-packages/airflow/example_dags/example_task_group_decorator.py
[2024-07-26T11:01:17.618+0700] {processor.py:840} INFO - DAG(s) 'example_task_group_decorator' retrieved from /usr/local/lib/python3.10/dist-packages/airflow/example_dags/example_task_group_decorator.py
[2024-07-26T11:01:17.634+0700] {logging_mixin.py:188} INFO - [2024-07-26T11:01:17.634+0700] {dag.py:3089} INFO - Sync 1 DAGs
[2024-07-26T11:01:17.651+0700] {logging_mixin.py:188} INFO - [2024-07-26T11:01:17.651+0700] {dag.py:3947} INFO - Setting next_dagrun for example_task_group_decorator to 2024-07-25 00:00:00+00:00, run_after=2024-07-26 00:00:00+00:00
[2024-07-26T11:01:17.684+0700] {processor.py:183} INFO - Processing /usr/local/lib/python3.10/dist-packages/airflow/example_dags/example_task_group_decorator.py took 0.085 seconds
[2024-07-26T11:01:59.358+0700] {processor.py:161} INFO - Started process (PID=2870) to work on /usr/local/lib/python3.10/dist-packages/airflow/example_dags/example_task_group_decorator.py
[2024-07-26T11:01:59.361+0700] {processor.py:830} INFO - Processing file /usr/local/lib/python3.10/dist-packages/airflow/example_dags/example_task_group_decorator.py for tasks to queue
[2024-07-26T11:01:59.364+0700] {logging_mixin.py:188} INFO - [2024-07-26T11:01:59.364+0700] {dagbag.py:545} INFO - Filling up the DagBag from /usr/local/lib/python3.10/dist-packages/airflow/example_dags/example_task_group_decorator.py
[2024-07-26T11:01:59.377+0700] {processor.py:840} INFO - DAG(s) 'example_task_group_decorator' retrieved from /usr/local/lib/python3.10/dist-packages/airflow/example_dags/example_task_group_decorator.py
[2024-07-26T11:01:59.395+0700] {logging_mixin.py:188} INFO - [2024-07-26T11:01:59.395+0700] {dag.py:3089} INFO - Sync 1 DAGs
[2024-07-26T11:01:59.415+0700] {logging_mixin.py:188} INFO - [2024-07-26T11:01:59.415+0700] {dag.py:3947} INFO - Setting next_dagrun for example_task_group_decorator to 2024-07-25 00:00:00+00:00, run_after=2024-07-26 00:00:00+00:00
[2024-07-26T11:01:59.447+0700] {processor.py:183} INFO - Processing /usr/local/lib/python3.10/dist-packages/airflow/example_dags/example_task_group_decorator.py took 0.094 seconds
[2024-07-26T11:02:54.744+0700] {processor.py:161} INFO - Started process (PID=3148) to work on /usr/local/lib/python3.10/dist-packages/airflow/example_dags/example_task_group_decorator.py
[2024-07-26T11:02:54.746+0700] {processor.py:830} INFO - Processing file /usr/local/lib/python3.10/dist-packages/airflow/example_dags/example_task_group_decorator.py for tasks to queue
[2024-07-26T11:02:54.749+0700] {logging_mixin.py:188} INFO - [2024-07-26T11:02:54.748+0700] {dagbag.py:545} INFO - Filling up the DagBag from /usr/local/lib/python3.10/dist-packages/airflow/example_dags/example_task_group_decorator.py
[2024-07-26T11:02:54.765+0700] {processor.py:840} INFO - DAG(s) 'example_task_group_decorator' retrieved from /usr/local/lib/python3.10/dist-packages/airflow/example_dags/example_task_group_decorator.py
[2024-07-26T11:02:54.780+0700] {logging_mixin.py:188} INFO - [2024-07-26T11:02:54.779+0700] {dag.py:3089} INFO - Sync 1 DAGs
[2024-07-26T11:02:54.798+0700] {logging_mixin.py:188} INFO - [2024-07-26T11:02:54.798+0700] {dag.py:3947} INFO - Setting next_dagrun for example_task_group_decorator to 2024-07-25 00:00:00+00:00, run_after=2024-07-26 00:00:00+00:00
[2024-07-26T11:02:54.826+0700] {processor.py:183} INFO - Processing /usr/local/lib/python3.10/dist-packages/airflow/example_dags/example_task_group_decorator.py took 0.087 seconds
[2024-07-26T11:03:35.741+0700] {processor.py:161} INFO - Started process (PID=3460) to work on /usr/local/lib/python3.10/dist-packages/airflow/example_dags/example_task_group_decorator.py
[2024-07-26T11:03:35.743+0700] {processor.py:830} INFO - Processing file /usr/local/lib/python3.10/dist-packages/airflow/example_dags/example_task_group_decorator.py for tasks to queue
[2024-07-26T11:03:35.744+0700] {logging_mixin.py:188} INFO - [2024-07-26T11:03:35.744+0700] {dagbag.py:545} INFO - Filling up the DagBag from /usr/local/lib/python3.10/dist-packages/airflow/example_dags/example_task_group_decorator.py
[2024-07-26T11:03:35.755+0700] {processor.py:840} INFO - DAG(s) 'example_task_group_decorator' retrieved from /usr/local/lib/python3.10/dist-packages/airflow/example_dags/example_task_group_decorator.py
[2024-07-26T11:03:35.770+0700] {logging_mixin.py:188} INFO - [2024-07-26T11:03:35.769+0700] {dag.py:3089} INFO - Sync 1 DAGs
[2024-07-26T11:03:35.783+0700] {logging_mixin.py:188} INFO - [2024-07-26T11:03:35.783+0700] {dag.py:3947} INFO - Setting next_dagrun for example_task_group_decorator to 2024-07-25 00:00:00+00:00, run_after=2024-07-26 00:00:00+00:00
[2024-07-26T11:03:35.812+0700] {processor.py:183} INFO - Processing /usr/local/lib/python3.10/dist-packages/airflow/example_dags/example_task_group_decorator.py took 0.075 seconds
[2024-07-26T11:04:32.463+0700] {processor.py:161} INFO - Started process (PID=3753) to work on /usr/local/lib/python3.10/dist-packages/airflow/example_dags/example_task_group_decorator.py
[2024-07-26T11:04:32.464+0700] {processor.py:830} INFO - Processing file /usr/local/lib/python3.10/dist-packages/airflow/example_dags/example_task_group_decorator.py for tasks to queue
[2024-07-26T11:04:32.465+0700] {logging_mixin.py:188} INFO - [2024-07-26T11:04:32.465+0700] {dagbag.py:545} INFO - Filling up the DagBag from /usr/local/lib/python3.10/dist-packages/airflow/example_dags/example_task_group_decorator.py
[2024-07-26T11:04:32.476+0700] {processor.py:840} INFO - DAG(s) 'example_task_group_decorator' retrieved from /usr/local/lib/python3.10/dist-packages/airflow/example_dags/example_task_group_decorator.py
[2024-07-26T11:04:32.491+0700] {logging_mixin.py:188} INFO - [2024-07-26T11:04:32.491+0700] {dag.py:3089} INFO - Sync 1 DAGs
[2024-07-26T11:04:32.506+0700] {logging_mixin.py:188} INFO - [2024-07-26T11:04:32.506+0700] {dag.py:3947} INFO - Setting next_dagrun for example_task_group_decorator to 2024-07-25 00:00:00+00:00, run_after=2024-07-26 00:00:00+00:00
[2024-07-26T11:04:32.536+0700] {processor.py:183} INFO - Processing /usr/local/lib/python3.10/dist-packages/airflow/example_dags/example_task_group_decorator.py took 0.079 seconds
[2024-07-26T11:05:13.814+0700] {processor.py:161} INFO - Started process (PID=3968) to work on /usr/local/lib/python3.10/dist-packages/airflow/example_dags/example_task_group_decorator.py
[2024-07-26T11:05:13.816+0700] {processor.py:830} INFO - Processing file /usr/local/lib/python3.10/dist-packages/airflow/example_dags/example_task_group_decorator.py for tasks to queue
[2024-07-26T11:05:13.818+0700] {logging_mixin.py:188} INFO - [2024-07-26T11:05:13.818+0700] {dagbag.py:545} INFO - Filling up the DagBag from /usr/local/lib/python3.10/dist-packages/airflow/example_dags/example_task_group_decorator.py
[2024-07-26T11:05:13.828+0700] {processor.py:840} INFO - DAG(s) 'example_task_group_decorator' retrieved from /usr/local/lib/python3.10/dist-packages/airflow/example_dags/example_task_group_decorator.py
[2024-07-26T11:05:13.844+0700] {logging_mixin.py:188} INFO - [2024-07-26T11:05:13.844+0700] {dag.py:3089} INFO - Sync 1 DAGs
[2024-07-26T11:05:13.858+0700] {logging_mixin.py:188} INFO - [2024-07-26T11:05:13.858+0700] {dag.py:3947} INFO - Setting next_dagrun for example_task_group_decorator to 2024-07-25 00:00:00+00:00, run_after=2024-07-26 00:00:00+00:00
[2024-07-26T11:05:13.890+0700] {processor.py:183} INFO - Processing /usr/local/lib/python3.10/dist-packages/airflow/example_dags/example_task_group_decorator.py took 0.082 seconds
[2024-07-26T11:06:13.103+0700] {processor.py:161} INFO - Started process (PID=4264) to work on /usr/local/lib/python3.10/dist-packages/airflow/example_dags/example_task_group_decorator.py
[2024-07-26T11:06:13.107+0700] {processor.py:830} INFO - Processing file /usr/local/lib/python3.10/dist-packages/airflow/example_dags/example_task_group_decorator.py for tasks to queue
[2024-07-26T11:06:13.113+0700] {logging_mixin.py:188} INFO - [2024-07-26T11:06:13.112+0700] {dagbag.py:545} INFO - Filling up the DagBag from /usr/local/lib/python3.10/dist-packages/airflow/example_dags/example_task_group_decorator.py
[2024-07-26T11:06:13.128+0700] {processor.py:840} INFO - DAG(s) 'example_task_group_decorator' retrieved from /usr/local/lib/python3.10/dist-packages/airflow/example_dags/example_task_group_decorator.py
[2024-07-26T11:06:13.145+0700] {logging_mixin.py:188} INFO - [2024-07-26T11:06:13.145+0700] {dag.py:3089} INFO - Sync 1 DAGs
[2024-07-26T11:06:13.165+0700] {logging_mixin.py:188} INFO - [2024-07-26T11:06:13.165+0700] {dag.py:3947} INFO - Setting next_dagrun for example_task_group_decorator to 2024-07-25 00:00:00+00:00, run_after=2024-07-26 00:00:00+00:00
[2024-07-26T11:06:13.198+0700] {processor.py:183} INFO - Processing /usr/local/lib/python3.10/dist-packages/airflow/example_dags/example_task_group_decorator.py took 0.104 seconds
[2024-07-26T11:06:57.116+0700] {processor.py:161} INFO - Started process (PID=4480) to work on /usr/local/lib/python3.10/dist-packages/airflow/example_dags/example_task_group_decorator.py
[2024-07-26T11:06:57.118+0700] {processor.py:830} INFO - Processing file /usr/local/lib/python3.10/dist-packages/airflow/example_dags/example_task_group_decorator.py for tasks to queue
[2024-07-26T11:06:57.119+0700] {logging_mixin.py:188} INFO - [2024-07-26T11:06:57.119+0700] {dagbag.py:545} INFO - Filling up the DagBag from /usr/local/lib/python3.10/dist-packages/airflow/example_dags/example_task_group_decorator.py
[2024-07-26T11:06:57.131+0700] {processor.py:840} INFO - DAG(s) 'example_task_group_decorator' retrieved from /usr/local/lib/python3.10/dist-packages/airflow/example_dags/example_task_group_decorator.py
[2024-07-26T11:06:57.147+0700] {logging_mixin.py:188} INFO - [2024-07-26T11:06:57.147+0700] {dag.py:3089} INFO - Sync 1 DAGs
[2024-07-26T11:06:57.162+0700] {logging_mixin.py:188} INFO - [2024-07-26T11:06:57.162+0700] {dag.py:3947} INFO - Setting next_dagrun for example_task_group_decorator to 2024-07-25 00:00:00+00:00, run_after=2024-07-26 00:00:00+00:00
[2024-07-26T11:06:57.195+0700] {processor.py:183} INFO - Processing /usr/local/lib/python3.10/dist-packages/airflow/example_dags/example_task_group_decorator.py took 0.085 seconds
[2024-07-26T11:07:38.233+0700] {processor.py:161} INFO - Started process (PID=4685) to work on /usr/local/lib/python3.10/dist-packages/airflow/example_dags/example_task_group_decorator.py
[2024-07-26T11:07:38.235+0700] {processor.py:830} INFO - Processing file /usr/local/lib/python3.10/dist-packages/airflow/example_dags/example_task_group_decorator.py for tasks to queue
[2024-07-26T11:07:38.237+0700] {logging_mixin.py:188} INFO - [2024-07-26T11:07:38.236+0700] {dagbag.py:545} INFO - Filling up the DagBag from /usr/local/lib/python3.10/dist-packages/airflow/example_dags/example_task_group_decorator.py
[2024-07-26T11:07:38.249+0700] {processor.py:840} INFO - DAG(s) 'example_task_group_decorator' retrieved from /usr/local/lib/python3.10/dist-packages/airflow/example_dags/example_task_group_decorator.py
[2024-07-26T11:07:38.266+0700] {logging_mixin.py:188} INFO - [2024-07-26T11:07:38.265+0700] {dag.py:3089} INFO - Sync 1 DAGs
[2024-07-26T11:07:38.283+0700] {logging_mixin.py:188} INFO - [2024-07-26T11:07:38.283+0700] {dag.py:3947} INFO - Setting next_dagrun for example_task_group_decorator to 2024-07-25 00:00:00+00:00, run_after=2024-07-26 00:00:00+00:00
[2024-07-26T11:07:38.318+0700] {processor.py:183} INFO - Processing /usr/local/lib/python3.10/dist-packages/airflow/example_dags/example_task_group_decorator.py took 0.093 seconds
[2024-07-26T11:08:35.395+0700] {processor.py:161} INFO - Started process (PID=4972) to work on /usr/local/lib/python3.10/dist-packages/airflow/example_dags/example_task_group_decorator.py
[2024-07-26T11:08:35.397+0700] {processor.py:830} INFO - Processing file /usr/local/lib/python3.10/dist-packages/airflow/example_dags/example_task_group_decorator.py for tasks to queue
[2024-07-26T11:08:35.398+0700] {logging_mixin.py:188} INFO - [2024-07-26T11:08:35.397+0700] {dagbag.py:545} INFO - Filling up the DagBag from /usr/local/lib/python3.10/dist-packages/airflow/example_dags/example_task_group_decorator.py
[2024-07-26T11:08:35.408+0700] {processor.py:840} INFO - DAG(s) 'example_task_group_decorator' retrieved from /usr/local/lib/python3.10/dist-packages/airflow/example_dags/example_task_group_decorator.py
[2024-07-26T11:08:35.423+0700] {logging_mixin.py:188} INFO - [2024-07-26T11:08:35.423+0700] {dag.py:3089} INFO - Sync 1 DAGs
[2024-07-26T11:08:35.437+0700] {logging_mixin.py:188} INFO - [2024-07-26T11:08:35.437+0700] {dag.py:3947} INFO - Setting next_dagrun for example_task_group_decorator to 2024-07-25 00:00:00+00:00, run_after=2024-07-26 00:00:00+00:00
[2024-07-26T11:08:35.468+0700] {processor.py:183} INFO - Processing /usr/local/lib/python3.10/dist-packages/airflow/example_dags/example_task_group_decorator.py took 0.079 seconds
[2024-07-26T11:09:33.495+0700] {processor.py:161} INFO - Started process (PID=5261) to work on /usr/local/lib/python3.10/dist-packages/airflow/example_dags/example_task_group_decorator.py
[2024-07-26T11:09:33.497+0700] {processor.py:830} INFO - Processing file /usr/local/lib/python3.10/dist-packages/airflow/example_dags/example_task_group_decorator.py for tasks to queue
[2024-07-26T11:09:33.498+0700] {logging_mixin.py:188} INFO - [2024-07-26T11:09:33.498+0700] {dagbag.py:545} INFO - Filling up the DagBag from /usr/local/lib/python3.10/dist-packages/airflow/example_dags/example_task_group_decorator.py
[2024-07-26T11:09:33.508+0700] {processor.py:840} INFO - DAG(s) 'example_task_group_decorator' retrieved from /usr/local/lib/python3.10/dist-packages/airflow/example_dags/example_task_group_decorator.py
[2024-07-26T11:09:33.523+0700] {logging_mixin.py:188} INFO - [2024-07-26T11:09:33.522+0700] {dag.py:3089} INFO - Sync 1 DAGs
[2024-07-26T11:09:33.536+0700] {logging_mixin.py:188} INFO - [2024-07-26T11:09:33.536+0700] {dag.py:3947} INFO - Setting next_dagrun for example_task_group_decorator to 2024-07-25 00:00:00+00:00, run_after=2024-07-26 00:00:00+00:00
[2024-07-26T11:09:33.567+0700] {processor.py:183} INFO - Processing /usr/local/lib/python3.10/dist-packages/airflow/example_dags/example_task_group_decorator.py took 0.077 seconds
[2024-07-26T11:10:13.712+0700] {processor.py:161} INFO - Started process (PID=5460) to work on /usr/local/lib/python3.10/dist-packages/airflow/example_dags/example_task_group_decorator.py
[2024-07-26T11:10:13.714+0700] {processor.py:830} INFO - Processing file /usr/local/lib/python3.10/dist-packages/airflow/example_dags/example_task_group_decorator.py for tasks to queue
[2024-07-26T11:10:13.716+0700] {logging_mixin.py:188} INFO - [2024-07-26T11:10:13.715+0700] {dagbag.py:545} INFO - Filling up the DagBag from /usr/local/lib/python3.10/dist-packages/airflow/example_dags/example_task_group_decorator.py
[2024-07-26T11:10:13.725+0700] {processor.py:840} INFO - DAG(s) 'example_task_group_decorator' retrieved from /usr/local/lib/python3.10/dist-packages/airflow/example_dags/example_task_group_decorator.py
[2024-07-26T11:10:13.741+0700] {logging_mixin.py:188} INFO - [2024-07-26T11:10:13.740+0700] {dag.py:3089} INFO - Sync 1 DAGs
[2024-07-26T11:10:13.755+0700] {logging_mixin.py:188} INFO - [2024-07-26T11:10:13.755+0700] {dag.py:3947} INFO - Setting next_dagrun for example_task_group_decorator to 2024-07-25 00:00:00+00:00, run_after=2024-07-26 00:00:00+00:00
[2024-07-26T11:10:13.784+0700] {processor.py:183} INFO - Processing /usr/local/lib/python3.10/dist-packages/airflow/example_dags/example_task_group_decorator.py took 0.077 seconds
[2024-07-26T11:10:54.344+0700] {processor.py:161} INFO - Started process (PID=5662) to work on /usr/local/lib/python3.10/dist-packages/airflow/example_dags/example_task_group_decorator.py
[2024-07-26T11:10:54.347+0700] {processor.py:830} INFO - Processing file /usr/local/lib/python3.10/dist-packages/airflow/example_dags/example_task_group_decorator.py for tasks to queue
[2024-07-26T11:10:54.348+0700] {logging_mixin.py:188} INFO - [2024-07-26T11:10:54.347+0700] {dagbag.py:545} INFO - Filling up the DagBag from /usr/local/lib/python3.10/dist-packages/airflow/example_dags/example_task_group_decorator.py
[2024-07-26T11:10:54.358+0700] {processor.py:840} INFO - DAG(s) 'example_task_group_decorator' retrieved from /usr/local/lib/python3.10/dist-packages/airflow/example_dags/example_task_group_decorator.py
[2024-07-26T11:10:54.373+0700] {logging_mixin.py:188} INFO - [2024-07-26T11:10:54.373+0700] {dag.py:3089} INFO - Sync 1 DAGs
[2024-07-26T11:10:54.387+0700] {logging_mixin.py:188} INFO - [2024-07-26T11:10:54.387+0700] {dag.py:3947} INFO - Setting next_dagrun for example_task_group_decorator to 2024-07-25 00:00:00+00:00, run_after=2024-07-26 00:00:00+00:00
[2024-07-26T11:10:54.416+0700] {processor.py:183} INFO - Processing /usr/local/lib/python3.10/dist-packages/airflow/example_dags/example_task_group_decorator.py took 0.077 seconds
[2024-07-26T11:11:48.892+0700] {processor.py:161} INFO - Started process (PID=5935) to work on /usr/local/lib/python3.10/dist-packages/airflow/example_dags/example_task_group_decorator.py
[2024-07-26T11:11:48.894+0700] {processor.py:830} INFO - Processing file /usr/local/lib/python3.10/dist-packages/airflow/example_dags/example_task_group_decorator.py for tasks to queue
[2024-07-26T11:11:48.896+0700] {logging_mixin.py:188} INFO - [2024-07-26T11:11:48.895+0700] {dagbag.py:545} INFO - Filling up the DagBag from /usr/local/lib/python3.10/dist-packages/airflow/example_dags/example_task_group_decorator.py
[2024-07-26T11:11:48.907+0700] {processor.py:840} INFO - DAG(s) 'example_task_group_decorator' retrieved from /usr/local/lib/python3.10/dist-packages/airflow/example_dags/example_task_group_decorator.py
[2024-07-26T11:11:48.924+0700] {logging_mixin.py:188} INFO - [2024-07-26T11:11:48.924+0700] {dag.py:3089} INFO - Sync 1 DAGs
[2024-07-26T11:11:48.940+0700] {logging_mixin.py:188} INFO - [2024-07-26T11:11:48.939+0700] {dag.py:3947} INFO - Setting next_dagrun for example_task_group_decorator to 2024-07-25 00:00:00+00:00, run_after=2024-07-26 00:00:00+00:00
[2024-07-26T11:11:48.971+0700] {processor.py:183} INFO - Processing /usr/local/lib/python3.10/dist-packages/airflow/example_dags/example_task_group_decorator.py took 0.085 seconds
