[2024-07-26T10:58:35.874+0700] {processor.py:161} INFO - Started process (PID=1857) to work on /usr/local/lib/python3.10/dist-packages/airflow/example_dags/example_task_group.py
[2024-07-26T10:58:35.876+0700] {processor.py:830} INFO - Processing file /usr/local/lib/python3.10/dist-packages/airflow/example_dags/example_task_group.py for tasks to queue
[2024-07-26T10:58:35.877+0700] {logging_mixin.py:188} INFO - [2024-07-26T10:58:35.877+0700] {dagbag.py:545} INFO - Filling up the DagBag from /usr/local/lib/python3.10/dist-packages/airflow/example_dags/example_task_group.py
[2024-07-26T10:58:35.882+0700] {processor.py:840} INFO - DAG(s) 'example_task_group' retrieved from /usr/local/lib/python3.10/dist-packages/airflow/example_dags/example_task_group.py
[2024-07-26T10:58:36.001+0700] {logging_mixin.py:188} INFO - [2024-07-26T10:58:36.000+0700] {override.py:1858} INFO - Created Permission View: can read on DAG:example_task_group
[2024-07-26T10:58:36.194+0700] {logging_mixin.py:188} INFO - [2024-07-26T10:58:36.193+0700] {override.py:1858} INFO - Created Permission View: can edit on DAG:example_task_group
[2024-07-26T10:58:36.217+0700] {logging_mixin.py:188} INFO - [2024-07-26T10:58:36.217+0700] {override.py:1858} INFO - Created Permission View: can delete on DAG:example_task_group
[2024-07-26T10:58:36.218+0700] {logging_mixin.py:188} INFO - [2024-07-26T10:58:36.218+0700] {dag.py:3089} INFO - Sync 1 DAGs
[2024-07-26T10:58:36.228+0700] {logging_mixin.py:188} INFO - [2024-07-26T10:58:36.227+0700] {dag.py:3111} INFO - Creating ORM DAG for example_task_group
[2024-07-26T10:58:36.241+0700] {logging_mixin.py:188} INFO - [2024-07-26T10:58:36.241+0700] {dag.py:3947} INFO - Setting next_dagrun for example_task_group to 2024-07-25 00:00:00+00:00, run_after=2024-07-26 00:00:00+00:00
[2024-07-26T10:58:36.278+0700] {processor.py:183} INFO - Processing /usr/local/lib/python3.10/dist-packages/airflow/example_dags/example_task_group.py took 0.409 seconds
[2024-07-26T10:59:48.445+0700] {processor.py:161} INFO - Started process (PID=2219) to work on /usr/local/lib/python3.10/dist-packages/airflow/example_dags/example_task_group.py
[2024-07-26T10:59:48.446+0700] {processor.py:830} INFO - Processing file /usr/local/lib/python3.10/dist-packages/airflow/example_dags/example_task_group.py for tasks to queue
[2024-07-26T10:59:48.448+0700] {logging_mixin.py:188} INFO - [2024-07-26T10:59:48.447+0700] {dagbag.py:545} INFO - Filling up the DagBag from /usr/local/lib/python3.10/dist-packages/airflow/example_dags/example_task_group.py
[2024-07-26T10:59:48.455+0700] {processor.py:840} INFO - DAG(s) 'example_task_group' retrieved from /usr/local/lib/python3.10/dist-packages/airflow/example_dags/example_task_group.py
[2024-07-26T10:59:48.467+0700] {logging_mixin.py:188} INFO - [2024-07-26T10:59:48.467+0700] {dag.py:3089} INFO - Sync 1 DAGs
[2024-07-26T10:59:48.564+0700] {logging_mixin.py:188} INFO - [2024-07-26T10:59:48.563+0700] {dag.py:3947} INFO - Setting next_dagrun for example_task_group to 2024-07-25 00:00:00+00:00, run_after=2024-07-26 00:00:00+00:00
[2024-07-26T10:59:48.592+0700] {processor.py:183} INFO - Processing /usr/local/lib/python3.10/dist-packages/airflow/example_dags/example_task_group.py took 0.152 seconds
[2024-07-26T11:00:49.459+0700] {processor.py:161} INFO - Started process (PID=2524) to work on /usr/local/lib/python3.10/dist-packages/airflow/example_dags/example_task_group.py
[2024-07-26T11:00:49.461+0700] {processor.py:830} INFO - Processing file /usr/local/lib/python3.10/dist-packages/airflow/example_dags/example_task_group.py for tasks to queue
[2024-07-26T11:00:49.462+0700] {logging_mixin.py:188} INFO - [2024-07-26T11:00:49.462+0700] {dagbag.py:545} INFO - Filling up the DagBag from /usr/local/lib/python3.10/dist-packages/airflow/example_dags/example_task_group.py
[2024-07-26T11:00:49.467+0700] {processor.py:840} INFO - DAG(s) 'example_task_group' retrieved from /usr/local/lib/python3.10/dist-packages/airflow/example_dags/example_task_group.py
[2024-07-26T11:00:49.479+0700] {logging_mixin.py:188} INFO - [2024-07-26T11:00:49.479+0700] {dag.py:3089} INFO - Sync 1 DAGs
[2024-07-26T11:00:49.494+0700] {logging_mixin.py:188} INFO - [2024-07-26T11:00:49.494+0700] {dag.py:3947} INFO - Setting next_dagrun for example_task_group to 2024-07-25 00:00:00+00:00, run_after=2024-07-26 00:00:00+00:00
[2024-07-26T11:00:49.522+0700] {processor.py:183} INFO - Processing /usr/local/lib/python3.10/dist-packages/airflow/example_dags/example_task_group.py took 0.067 seconds
[2024-07-26T11:01:48.121+0700] {processor.py:161} INFO - Started process (PID=2815) to work on /usr/local/lib/python3.10/dist-packages/airflow/example_dags/example_task_group.py
[2024-07-26T11:01:48.122+0700] {processor.py:830} INFO - Processing file /usr/local/lib/python3.10/dist-packages/airflow/example_dags/example_task_group.py for tasks to queue
[2024-07-26T11:01:48.124+0700] {logging_mixin.py:188} INFO - [2024-07-26T11:01:48.123+0700] {dagbag.py:545} INFO - Filling up the DagBag from /usr/local/lib/python3.10/dist-packages/airflow/example_dags/example_task_group.py
[2024-07-26T11:01:48.129+0700] {processor.py:840} INFO - DAG(s) 'example_task_group' retrieved from /usr/local/lib/python3.10/dist-packages/airflow/example_dags/example_task_group.py
[2024-07-26T11:01:48.141+0700] {logging_mixin.py:188} INFO - [2024-07-26T11:01:48.140+0700] {dag.py:3089} INFO - Sync 1 DAGs
[2024-07-26T11:01:48.155+0700] {logging_mixin.py:188} INFO - [2024-07-26T11:01:48.155+0700] {dag.py:3947} INFO - Setting next_dagrun for example_task_group to 2024-07-25 00:00:00+00:00, run_after=2024-07-26 00:00:00+00:00
[2024-07-26T11:01:48.185+0700] {processor.py:183} INFO - Processing /usr/local/lib/python3.10/dist-packages/airflow/example_dags/example_task_group.py took 0.068 seconds
[2024-07-26T11:02:44.587+0700] {processor.py:161} INFO - Started process (PID=3099) to work on /usr/local/lib/python3.10/dist-packages/airflow/example_dags/example_task_group.py
[2024-07-26T11:02:44.590+0700] {processor.py:830} INFO - Processing file /usr/local/lib/python3.10/dist-packages/airflow/example_dags/example_task_group.py for tasks to queue
[2024-07-26T11:02:44.591+0700] {logging_mixin.py:188} INFO - [2024-07-26T11:02:44.591+0700] {dagbag.py:545} INFO - Filling up the DagBag from /usr/local/lib/python3.10/dist-packages/airflow/example_dags/example_task_group.py
[2024-07-26T11:02:44.598+0700] {processor.py:840} INFO - DAG(s) 'example_task_group' retrieved from /usr/local/lib/python3.10/dist-packages/airflow/example_dags/example_task_group.py
[2024-07-26T11:02:44.610+0700] {logging_mixin.py:188} INFO - [2024-07-26T11:02:44.610+0700] {dag.py:3089} INFO - Sync 1 DAGs
[2024-07-26T11:02:44.625+0700] {logging_mixin.py:188} INFO - [2024-07-26T11:02:44.625+0700] {dag.py:3947} INFO - Setting next_dagrun for example_task_group to 2024-07-25 00:00:00+00:00, run_after=2024-07-26 00:00:00+00:00
[2024-07-26T11:02:44.658+0700] {processor.py:183} INFO - Processing /usr/local/lib/python3.10/dist-packages/airflow/example_dags/example_task_group.py took 0.075 seconds
[2024-07-26T11:03:44.623+0700] {processor.py:161} INFO - Started process (PID=3507) to work on /usr/local/lib/python3.10/dist-packages/airflow/example_dags/example_task_group.py
[2024-07-26T11:03:44.628+0700] {processor.py:830} INFO - Processing file /usr/local/lib/python3.10/dist-packages/airflow/example_dags/example_task_group.py for tasks to queue
[2024-07-26T11:03:44.629+0700] {logging_mixin.py:188} INFO - [2024-07-26T11:03:44.629+0700] {dagbag.py:545} INFO - Filling up the DagBag from /usr/local/lib/python3.10/dist-packages/airflow/example_dags/example_task_group.py
[2024-07-26T11:03:44.634+0700] {processor.py:840} INFO - DAG(s) 'example_task_group' retrieved from /usr/local/lib/python3.10/dist-packages/airflow/example_dags/example_task_group.py
[2024-07-26T11:03:44.647+0700] {logging_mixin.py:188} INFO - [2024-07-26T11:03:44.646+0700] {dag.py:3089} INFO - Sync 1 DAGs
[2024-07-26T11:03:44.668+0700] {logging_mixin.py:188} INFO - [2024-07-26T11:03:44.668+0700] {dag.py:3947} INFO - Setting next_dagrun for example_task_group to 2024-07-25 00:00:00+00:00, run_after=2024-07-26 00:00:00+00:00
[2024-07-26T11:03:44.701+0700] {processor.py:183} INFO - Processing /usr/local/lib/python3.10/dist-packages/airflow/example_dags/example_task_group.py took 0.083 seconds
[2024-07-26T11:04:44.022+0700] {processor.py:161} INFO - Started process (PID=3810) to work on /usr/local/lib/python3.10/dist-packages/airflow/example_dags/example_task_group.py
[2024-07-26T11:04:44.023+0700] {processor.py:830} INFO - Processing file /usr/local/lib/python3.10/dist-packages/airflow/example_dags/example_task_group.py for tasks to queue
[2024-07-26T11:04:44.026+0700] {logging_mixin.py:188} INFO - [2024-07-26T11:04:44.025+0700] {dagbag.py:545} INFO - Filling up the DagBag from /usr/local/lib/python3.10/dist-packages/airflow/example_dags/example_task_group.py
[2024-07-26T11:04:44.031+0700] {processor.py:840} INFO - DAG(s) 'example_task_group' retrieved from /usr/local/lib/python3.10/dist-packages/airflow/example_dags/example_task_group.py
[2024-07-26T11:04:44.043+0700] {logging_mixin.py:188} INFO - [2024-07-26T11:04:44.043+0700] {dag.py:3089} INFO - Sync 1 DAGs
[2024-07-26T11:04:44.058+0700] {logging_mixin.py:188} INFO - [2024-07-26T11:04:44.058+0700] {dag.py:3947} INFO - Setting next_dagrun for example_task_group to 2024-07-25 00:00:00+00:00, run_after=2024-07-26 00:00:00+00:00
[2024-07-26T11:04:44.086+0700] {processor.py:183} INFO - Processing /usr/local/lib/python3.10/dist-packages/airflow/example_dags/example_task_group.py took 0.070 seconds
[2024-07-26T11:05:41.544+0700] {processor.py:161} INFO - Started process (PID=4109) to work on /usr/local/lib/python3.10/dist-packages/airflow/example_dags/example_task_group.py
[2024-07-26T11:05:41.547+0700] {processor.py:830} INFO - Processing file /usr/local/lib/python3.10/dist-packages/airflow/example_dags/example_task_group.py for tasks to queue
[2024-07-26T11:05:41.548+0700] {logging_mixin.py:188} INFO - [2024-07-26T11:05:41.548+0700] {dagbag.py:545} INFO - Filling up the DagBag from /usr/local/lib/python3.10/dist-packages/airflow/example_dags/example_task_group.py
[2024-07-26T11:05:41.553+0700] {processor.py:840} INFO - DAG(s) 'example_task_group' retrieved from /usr/local/lib/python3.10/dist-packages/airflow/example_dags/example_task_group.py
[2024-07-26T11:05:41.568+0700] {logging_mixin.py:188} INFO - [2024-07-26T11:05:41.568+0700] {dag.py:3089} INFO - Sync 1 DAGs
[2024-07-26T11:05:41.584+0700] {logging_mixin.py:188} INFO - [2024-07-26T11:05:41.584+0700] {dag.py:3947} INFO - Setting next_dagrun for example_task_group to 2024-07-25 00:00:00+00:00, run_after=2024-07-26 00:00:00+00:00
[2024-07-26T11:05:41.613+0700] {processor.py:183} INFO - Processing /usr/local/lib/python3.10/dist-packages/airflow/example_dags/example_task_group.py took 0.074 seconds
[2024-07-26T11:06:44.882+0700] {processor.py:161} INFO - Started process (PID=4420) to work on /usr/local/lib/python3.10/dist-packages/airflow/example_dags/example_task_group.py
[2024-07-26T11:06:44.885+0700] {processor.py:830} INFO - Processing file /usr/local/lib/python3.10/dist-packages/airflow/example_dags/example_task_group.py for tasks to queue
[2024-07-26T11:06:44.887+0700] {logging_mixin.py:188} INFO - [2024-07-26T11:06:44.887+0700] {dagbag.py:545} INFO - Filling up the DagBag from /usr/local/lib/python3.10/dist-packages/airflow/example_dags/example_task_group.py
[2024-07-26T11:06:44.893+0700] {processor.py:840} INFO - DAG(s) 'example_task_group' retrieved from /usr/local/lib/python3.10/dist-packages/airflow/example_dags/example_task_group.py
[2024-07-26T11:06:44.905+0700] {logging_mixin.py:188} INFO - [2024-07-26T11:06:44.905+0700] {dag.py:3089} INFO - Sync 1 DAGs
[2024-07-26T11:06:44.928+0700] {logging_mixin.py:188} INFO - [2024-07-26T11:06:44.928+0700] {dag.py:3947} INFO - Setting next_dagrun for example_task_group to 2024-07-25 00:00:00+00:00, run_after=2024-07-26 00:00:00+00:00
[2024-07-26T11:06:44.959+0700] {processor.py:183} INFO - Processing /usr/local/lib/python3.10/dist-packages/airflow/example_dags/example_task_group.py took 0.084 seconds
[2024-07-26T11:07:45.539+0700] {processor.py:161} INFO - Started process (PID=4722) to work on /usr/local/lib/python3.10/dist-packages/airflow/example_dags/example_task_group.py
[2024-07-26T11:07:45.542+0700] {processor.py:830} INFO - Processing file /usr/local/lib/python3.10/dist-packages/airflow/example_dags/example_task_group.py for tasks to queue
[2024-07-26T11:07:45.544+0700] {logging_mixin.py:188} INFO - [2024-07-26T11:07:45.543+0700] {dagbag.py:545} INFO - Filling up the DagBag from /usr/local/lib/python3.10/dist-packages/airflow/example_dags/example_task_group.py
[2024-07-26T11:07:45.550+0700] {processor.py:840} INFO - DAG(s) 'example_task_group' retrieved from /usr/local/lib/python3.10/dist-packages/airflow/example_dags/example_task_group.py
[2024-07-26T11:07:45.569+0700] {logging_mixin.py:188} INFO - [2024-07-26T11:07:45.569+0700] {dag.py:3089} INFO - Sync 1 DAGs
[2024-07-26T11:07:45.594+0700] {logging_mixin.py:188} INFO - [2024-07-26T11:07:45.594+0700] {dag.py:3947} INFO - Setting next_dagrun for example_task_group to 2024-07-25 00:00:00+00:00, run_after=2024-07-26 00:00:00+00:00
[2024-07-26T11:07:45.629+0700] {processor.py:183} INFO - Processing /usr/local/lib/python3.10/dist-packages/airflow/example_dags/example_task_group.py took 0.096 seconds
[2024-07-26T11:08:43.395+0700] {processor.py:161} INFO - Started process (PID=5012) to work on /usr/local/lib/python3.10/dist-packages/airflow/example_dags/example_task_group.py
[2024-07-26T11:08:43.397+0700] {processor.py:830} INFO - Processing file /usr/local/lib/python3.10/dist-packages/airflow/example_dags/example_task_group.py for tasks to queue
[2024-07-26T11:08:43.398+0700] {logging_mixin.py:188} INFO - [2024-07-26T11:08:43.398+0700] {dagbag.py:545} INFO - Filling up the DagBag from /usr/local/lib/python3.10/dist-packages/airflow/example_dags/example_task_group.py
[2024-07-26T11:08:43.403+0700] {processor.py:840} INFO - DAG(s) 'example_task_group' retrieved from /usr/local/lib/python3.10/dist-packages/airflow/example_dags/example_task_group.py
[2024-07-26T11:08:43.415+0700] {logging_mixin.py:188} INFO - [2024-07-26T11:08:43.415+0700] {dag.py:3089} INFO - Sync 1 DAGs
[2024-07-26T11:08:43.430+0700] {logging_mixin.py:188} INFO - [2024-07-26T11:08:43.430+0700] {dag.py:3947} INFO - Setting next_dagrun for example_task_group to 2024-07-25 00:00:00+00:00, run_after=2024-07-26 00:00:00+00:00
[2024-07-26T11:08:43.459+0700] {processor.py:183} INFO - Processing /usr/local/lib/python3.10/dist-packages/airflow/example_dags/example_task_group.py took 0.070 seconds
[2024-07-26T11:09:43.948+0700] {processor.py:161} INFO - Started process (PID=5313) to work on /usr/local/lib/python3.10/dist-packages/airflow/example_dags/example_task_group.py
[2024-07-26T11:09:43.950+0700] {processor.py:830} INFO - Processing file /usr/local/lib/python3.10/dist-packages/airflow/example_dags/example_task_group.py for tasks to queue
[2024-07-26T11:09:43.952+0700] {logging_mixin.py:188} INFO - [2024-07-26T11:09:43.952+0700] {dagbag.py:545} INFO - Filling up the DagBag from /usr/local/lib/python3.10/dist-packages/airflow/example_dags/example_task_group.py
[2024-07-26T11:09:43.957+0700] {processor.py:840} INFO - DAG(s) 'example_task_group' retrieved from /usr/local/lib/python3.10/dist-packages/airflow/example_dags/example_task_group.py
[2024-07-26T11:09:43.969+0700] {logging_mixin.py:188} INFO - [2024-07-26T11:09:43.968+0700] {dag.py:3089} INFO - Sync 1 DAGs
[2024-07-26T11:09:43.983+0700] {logging_mixin.py:188} INFO - [2024-07-26T11:09:43.983+0700] {dag.py:3947} INFO - Setting next_dagrun for example_task_group to 2024-07-25 00:00:00+00:00, run_after=2024-07-26 00:00:00+00:00
[2024-07-26T11:09:44.016+0700] {processor.py:183} INFO - Processing /usr/local/lib/python3.10/dist-packages/airflow/example_dags/example_task_group.py took 0.073 seconds
[2024-07-26T11:10:43.341+0700] {processor.py:161} INFO - Started process (PID=5607) to work on /usr/local/lib/python3.10/dist-packages/airflow/example_dags/example_task_group.py
[2024-07-26T11:10:43.343+0700] {processor.py:830} INFO - Processing file /usr/local/lib/python3.10/dist-packages/airflow/example_dags/example_task_group.py for tasks to queue
[2024-07-26T11:10:43.345+0700] {logging_mixin.py:188} INFO - [2024-07-26T11:10:43.345+0700] {dagbag.py:545} INFO - Filling up the DagBag from /usr/local/lib/python3.10/dist-packages/airflow/example_dags/example_task_group.py
[2024-07-26T11:10:43.350+0700] {processor.py:840} INFO - DAG(s) 'example_task_group' retrieved from /usr/local/lib/python3.10/dist-packages/airflow/example_dags/example_task_group.py
[2024-07-26T11:10:43.362+0700] {logging_mixin.py:188} INFO - [2024-07-26T11:10:43.362+0700] {dag.py:3089} INFO - Sync 1 DAGs
[2024-07-26T11:10:43.377+0700] {logging_mixin.py:188} INFO - [2024-07-26T11:10:43.377+0700] {dag.py:3947} INFO - Setting next_dagrun for example_task_group to 2024-07-25 00:00:00+00:00, run_after=2024-07-26 00:00:00+00:00
[2024-07-26T11:10:43.405+0700] {processor.py:183} INFO - Processing /usr/local/lib/python3.10/dist-packages/airflow/example_dags/example_task_group.py took 0.069 seconds
[2024-07-26T11:11:41.130+0700] {processor.py:161} INFO - Started process (PID=5895) to work on /usr/local/lib/python3.10/dist-packages/airflow/example_dags/example_task_group.py
[2024-07-26T11:11:41.133+0700] {processor.py:830} INFO - Processing file /usr/local/lib/python3.10/dist-packages/airflow/example_dags/example_task_group.py for tasks to queue
[2024-07-26T11:11:41.135+0700] {logging_mixin.py:188} INFO - [2024-07-26T11:11:41.135+0700] {dagbag.py:545} INFO - Filling up the DagBag from /usr/local/lib/python3.10/dist-packages/airflow/example_dags/example_task_group.py
[2024-07-26T11:11:41.141+0700] {processor.py:840} INFO - DAG(s) 'example_task_group' retrieved from /usr/local/lib/python3.10/dist-packages/airflow/example_dags/example_task_group.py
[2024-07-26T11:11:41.155+0700] {logging_mixin.py:188} INFO - [2024-07-26T11:11:41.155+0700] {dag.py:3089} INFO - Sync 1 DAGs
[2024-07-26T11:11:41.169+0700] {logging_mixin.py:188} INFO - [2024-07-26T11:11:41.169+0700] {dag.py:3947} INFO - Setting next_dagrun for example_task_group to 2024-07-25 00:00:00+00:00, run_after=2024-07-26 00:00:00+00:00
[2024-07-26T11:11:41.200+0700] {processor.py:183} INFO - Processing /usr/local/lib/python3.10/dist-packages/airflow/example_dags/example_task_group.py took 0.075 seconds
