[2024-07-26T10:57:42.902+0700] {processor.py:161} INFO - Started process (PID=1565) to work on /usr/local/lib/python3.10/dist-packages/airflow/example_dags/example_params_ui_tutorial.py
[2024-07-26T10:57:42.903+0700] {processor.py:830} INFO - Processing file /usr/local/lib/python3.10/dist-packages/airflow/example_dags/example_params_ui_tutorial.py for tasks to queue
[2024-07-26T10:57:42.904+0700] {logging_mixin.py:188} INFO - [2024-07-26T10:57:42.903+0700] {dagbag.py:545} INFO - Filling up the DagBag from /usr/local/lib/python3.10/dist-packages/airflow/example_dags/example_params_ui_tutorial.py
[2024-07-26T10:57:42.910+0700] {processor.py:840} INFO - DAG(s) 'example_params_ui_tutorial' retrieved from /usr/local/lib/python3.10/dist-packages/airflow/example_dags/example_params_ui_tutorial.py
[2024-07-26T10:57:43.032+0700] {logging_mixin.py:188} INFO - [2024-07-26T10:57:43.031+0700] {override.py:1858} INFO - Created Permission View: can read on DAG:example_params_ui_tutorial
[2024-07-26T10:57:43.053+0700] {logging_mixin.py:188} INFO - [2024-07-26T10:57:43.052+0700] {override.py:1858} INFO - Created Permission View: can edit on DAG:example_params_ui_tutorial
[2024-07-26T10:57:43.071+0700] {logging_mixin.py:188} INFO - [2024-07-26T10:57:43.071+0700] {override.py:1858} INFO - Created Permission View: can delete on DAG:example_params_ui_tutorial
[2024-07-26T10:57:43.071+0700] {logging_mixin.py:188} INFO - [2024-07-26T10:57:43.071+0700] {dag.py:3089} INFO - Sync 1 DAGs
[2024-07-26T10:57:43.079+0700] {logging_mixin.py:188} INFO - [2024-07-26T10:57:43.078+0700] {dag.py:3111} INFO - Creating ORM DAG for example_params_ui_tutorial
[2024-07-26T10:57:43.079+0700] {logging_mixin.py:188} INFO - [2024-07-26T10:57:43.079+0700] {dag.py:3947} INFO - Setting next_dagrun for example_params_ui_tutorial to None, run_after=None
[2024-07-26T10:57:43.111+0700] {processor.py:183} INFO - Processing /usr/local/lib/python3.10/dist-packages/airflow/example_dags/example_params_ui_tutorial.py took 0.212 seconds
[2024-07-26T10:58:47.745+0700] {processor.py:161} INFO - Started process (PID=1915) to work on /usr/local/lib/python3.10/dist-packages/airflow/example_dags/example_params_ui_tutorial.py
[2024-07-26T10:58:47.746+0700] {processor.py:830} INFO - Processing file /usr/local/lib/python3.10/dist-packages/airflow/example_dags/example_params_ui_tutorial.py for tasks to queue
[2024-07-26T10:58:47.748+0700] {logging_mixin.py:188} INFO - [2024-07-26T10:58:47.747+0700] {dagbag.py:545} INFO - Filling up the DagBag from /usr/local/lib/python3.10/dist-packages/airflow/example_dags/example_params_ui_tutorial.py
[2024-07-26T10:58:47.754+0700] {processor.py:840} INFO - DAG(s) 'example_params_ui_tutorial' retrieved from /usr/local/lib/python3.10/dist-packages/airflow/example_dags/example_params_ui_tutorial.py
[2024-07-26T10:58:47.792+0700] {logging_mixin.py:188} INFO - [2024-07-26T10:58:47.791+0700] {dag.py:3089} INFO - Sync 1 DAGs
[2024-07-26T10:58:47.801+0700] {logging_mixin.py:188} INFO - [2024-07-26T10:58:47.801+0700] {dag.py:3947} INFO - Setting next_dagrun for example_params_ui_tutorial to None, run_after=None
[2024-07-26T10:58:47.834+0700] {processor.py:183} INFO - Processing /usr/local/lib/python3.10/dist-packages/airflow/example_dags/example_params_ui_tutorial.py took 0.093 seconds
[2024-07-26T10:59:36.967+0700] {processor.py:161} INFO - Started process (PID=2163) to work on /usr/local/lib/python3.10/dist-packages/airflow/example_dags/example_params_ui_tutorial.py
[2024-07-26T10:59:36.969+0700] {processor.py:830} INFO - Processing file /usr/local/lib/python3.10/dist-packages/airflow/example_dags/example_params_ui_tutorial.py for tasks to queue
[2024-07-26T10:59:36.971+0700] {logging_mixin.py:188} INFO - [2024-07-26T10:59:36.970+0700] {dagbag.py:545} INFO - Filling up the DagBag from /usr/local/lib/python3.10/dist-packages/airflow/example_dags/example_params_ui_tutorial.py
[2024-07-26T10:59:36.978+0700] {processor.py:840} INFO - DAG(s) 'example_params_ui_tutorial' retrieved from /usr/local/lib/python3.10/dist-packages/airflow/example_dags/example_params_ui_tutorial.py
[2024-07-26T10:59:37.017+0700] {logging_mixin.py:188} INFO - [2024-07-26T10:59:37.016+0700] {dag.py:3089} INFO - Sync 1 DAGs
[2024-07-26T10:59:37.026+0700] {logging_mixin.py:188} INFO - [2024-07-26T10:59:37.026+0700] {dag.py:3947} INFO - Setting next_dagrun for example_params_ui_tutorial to None, run_after=None
[2024-07-26T10:59:37.059+0700] {processor.py:183} INFO - Processing /usr/local/lib/python3.10/dist-packages/airflow/example_dags/example_params_ui_tutorial.py took 0.097 seconds
[2024-07-26T11:00:19.151+0700] {processor.py:161} INFO - Started process (PID=2370) to work on /usr/local/lib/python3.10/dist-packages/airflow/example_dags/example_params_ui_tutorial.py
[2024-07-26T11:00:19.153+0700] {processor.py:830} INFO - Processing file /usr/local/lib/python3.10/dist-packages/airflow/example_dags/example_params_ui_tutorial.py for tasks to queue
[2024-07-26T11:00:19.154+0700] {logging_mixin.py:188} INFO - [2024-07-26T11:00:19.154+0700] {dagbag.py:545} INFO - Filling up the DagBag from /usr/local/lib/python3.10/dist-packages/airflow/example_dags/example_params_ui_tutorial.py
[2024-07-26T11:00:19.238+0700] {processor.py:840} INFO - DAG(s) 'example_params_ui_tutorial' retrieved from /usr/local/lib/python3.10/dist-packages/airflow/example_dags/example_params_ui_tutorial.py
[2024-07-26T11:00:19.268+0700] {logging_mixin.py:188} INFO - [2024-07-26T11:00:19.268+0700] {dag.py:3089} INFO - Sync 1 DAGs
[2024-07-26T11:00:19.275+0700] {logging_mixin.py:188} INFO - [2024-07-26T11:00:19.275+0700] {dag.py:3947} INFO - Setting next_dagrun for example_params_ui_tutorial to None, run_after=None
[2024-07-26T11:00:19.301+0700] {processor.py:183} INFO - Processing /usr/local/lib/python3.10/dist-packages/airflow/example_dags/example_params_ui_tutorial.py took 0.155 seconds
[2024-07-26T11:01:00.745+0700] {processor.py:161} INFO - Started process (PID=2579) to work on /usr/local/lib/python3.10/dist-packages/airflow/example_dags/example_params_ui_tutorial.py
[2024-07-26T11:01:00.749+0700] {processor.py:830} INFO - Processing file /usr/local/lib/python3.10/dist-packages/airflow/example_dags/example_params_ui_tutorial.py for tasks to queue
[2024-07-26T11:01:00.750+0700] {logging_mixin.py:188} INFO - [2024-07-26T11:01:00.750+0700] {dagbag.py:545} INFO - Filling up the DagBag from /usr/local/lib/python3.10/dist-packages/airflow/example_dags/example_params_ui_tutorial.py
[2024-07-26T11:01:00.757+0700] {processor.py:840} INFO - DAG(s) 'example_params_ui_tutorial' retrieved from /usr/local/lib/python3.10/dist-packages/airflow/example_dags/example_params_ui_tutorial.py
[2024-07-26T11:01:00.791+0700] {logging_mixin.py:188} INFO - [2024-07-26T11:01:00.791+0700] {dag.py:3089} INFO - Sync 1 DAGs
[2024-07-26T11:01:00.802+0700] {logging_mixin.py:188} INFO - [2024-07-26T11:01:00.802+0700] {dag.py:3947} INFO - Setting next_dagrun for example_params_ui_tutorial to None, run_after=None
[2024-07-26T11:01:00.833+0700] {processor.py:183} INFO - Processing /usr/local/lib/python3.10/dist-packages/airflow/example_dags/example_params_ui_tutorial.py took 0.092 seconds
[2024-07-26T11:01:49.258+0700] {processor.py:161} INFO - Started process (PID=2821) to work on /usr/local/lib/python3.10/dist-packages/airflow/example_dags/example_params_ui_tutorial.py
[2024-07-26T11:01:49.259+0700] {processor.py:830} INFO - Processing file /usr/local/lib/python3.10/dist-packages/airflow/example_dags/example_params_ui_tutorial.py for tasks to queue
[2024-07-26T11:01:49.260+0700] {logging_mixin.py:188} INFO - [2024-07-26T11:01:49.260+0700] {dagbag.py:545} INFO - Filling up the DagBag from /usr/local/lib/python3.10/dist-packages/airflow/example_dags/example_params_ui_tutorial.py
[2024-07-26T11:01:49.266+0700] {processor.py:840} INFO - DAG(s) 'example_params_ui_tutorial' retrieved from /usr/local/lib/python3.10/dist-packages/airflow/example_dags/example_params_ui_tutorial.py
[2024-07-26T11:01:49.297+0700] {logging_mixin.py:188} INFO - [2024-07-26T11:01:49.297+0700] {dag.py:3089} INFO - Sync 1 DAGs
[2024-07-26T11:01:49.305+0700] {logging_mixin.py:188} INFO - [2024-07-26T11:01:49.305+0700] {dag.py:3947} INFO - Setting next_dagrun for example_params_ui_tutorial to None, run_after=None
[2024-07-26T11:01:49.334+0700] {processor.py:183} INFO - Processing /usr/local/lib/python3.10/dist-packages/airflow/example_dags/example_params_ui_tutorial.py took 0.081 seconds
[2024-07-26T11:02:28.524+0700] {processor.py:161} INFO - Started process (PID=3017) to work on /usr/local/lib/python3.10/dist-packages/airflow/example_dags/example_params_ui_tutorial.py
[2024-07-26T11:02:28.526+0700] {processor.py:830} INFO - Processing file /usr/local/lib/python3.10/dist-packages/airflow/example_dags/example_params_ui_tutorial.py for tasks to queue
[2024-07-26T11:02:28.529+0700] {logging_mixin.py:188} INFO - [2024-07-26T11:02:28.528+0700] {dagbag.py:545} INFO - Filling up the DagBag from /usr/local/lib/python3.10/dist-packages/airflow/example_dags/example_params_ui_tutorial.py
[2024-07-26T11:02:28.535+0700] {processor.py:840} INFO - DAG(s) 'example_params_ui_tutorial' retrieved from /usr/local/lib/python3.10/dist-packages/airflow/example_dags/example_params_ui_tutorial.py
[2024-07-26T11:02:28.571+0700] {logging_mixin.py:188} INFO - [2024-07-26T11:02:28.571+0700] {dag.py:3089} INFO - Sync 1 DAGs
[2024-07-26T11:02:28.581+0700] {logging_mixin.py:188} INFO - [2024-07-26T11:02:28.581+0700] {dag.py:3947} INFO - Setting next_dagrun for example_params_ui_tutorial to None, run_after=None
[2024-07-26T11:02:28.613+0700] {processor.py:183} INFO - Processing /usr/local/lib/python3.10/dist-packages/airflow/example_dags/example_params_ui_tutorial.py took 0.094 seconds
[2024-07-26T11:03:04.619+0700] {processor.py:161} INFO - Started process (PID=3197) to work on /usr/local/lib/python3.10/dist-packages/airflow/example_dags/example_params_ui_tutorial.py
[2024-07-26T11:03:04.621+0700] {processor.py:830} INFO - Processing file /usr/local/lib/python3.10/dist-packages/airflow/example_dags/example_params_ui_tutorial.py for tasks to queue
[2024-07-26T11:03:04.622+0700] {logging_mixin.py:188} INFO - [2024-07-26T11:03:04.622+0700] {dagbag.py:545} INFO - Filling up the DagBag from /usr/local/lib/python3.10/dist-packages/airflow/example_dags/example_params_ui_tutorial.py
[2024-07-26T11:03:04.627+0700] {processor.py:840} INFO - DAG(s) 'example_params_ui_tutorial' retrieved from /usr/local/lib/python3.10/dist-packages/airflow/example_dags/example_params_ui_tutorial.py
[2024-07-26T11:03:04.658+0700] {logging_mixin.py:188} INFO - [2024-07-26T11:03:04.658+0700] {dag.py:3089} INFO - Sync 1 DAGs
[2024-07-26T11:03:04.666+0700] {logging_mixin.py:188} INFO - [2024-07-26T11:03:04.666+0700] {dag.py:3947} INFO - Setting next_dagrun for example_params_ui_tutorial to None, run_after=None
[2024-07-26T11:03:04.698+0700] {processor.py:183} INFO - Processing /usr/local/lib/python3.10/dist-packages/airflow/example_dags/example_params_ui_tutorial.py took 0.083 seconds
[2024-07-26T11:03:46.354+0700] {processor.py:161} INFO - Started process (PID=3516) to work on /usr/local/lib/python3.10/dist-packages/airflow/example_dags/example_params_ui_tutorial.py
[2024-07-26T11:03:46.356+0700] {processor.py:830} INFO - Processing file /usr/local/lib/python3.10/dist-packages/airflow/example_dags/example_params_ui_tutorial.py for tasks to queue
[2024-07-26T11:03:46.357+0700] {logging_mixin.py:188} INFO - [2024-07-26T11:03:46.357+0700] {dagbag.py:545} INFO - Filling up the DagBag from /usr/local/lib/python3.10/dist-packages/airflow/example_dags/example_params_ui_tutorial.py
[2024-07-26T11:03:46.362+0700] {processor.py:840} INFO - DAG(s) 'example_params_ui_tutorial' retrieved from /usr/local/lib/python3.10/dist-packages/airflow/example_dags/example_params_ui_tutorial.py
[2024-07-26T11:03:46.395+0700] {logging_mixin.py:188} INFO - [2024-07-26T11:03:46.395+0700] {dag.py:3089} INFO - Sync 1 DAGs
[2024-07-26T11:03:46.404+0700] {logging_mixin.py:188} INFO - [2024-07-26T11:03:46.403+0700] {dag.py:3947} INFO - Setting next_dagrun for example_params_ui_tutorial to None, run_after=None
[2024-07-26T11:03:46.432+0700] {processor.py:183} INFO - Processing /usr/local/lib/python3.10/dist-packages/airflow/example_dags/example_params_ui_tutorial.py took 0.083 seconds
[2024-07-26T11:04:24.442+0700] {processor.py:161} INFO - Started process (PID=3714) to work on /usr/local/lib/python3.10/dist-packages/airflow/example_dags/example_params_ui_tutorial.py
[2024-07-26T11:04:24.443+0700] {processor.py:830} INFO - Processing file /usr/local/lib/python3.10/dist-packages/airflow/example_dags/example_params_ui_tutorial.py for tasks to queue
[2024-07-26T11:04:24.445+0700] {logging_mixin.py:188} INFO - [2024-07-26T11:04:24.445+0700] {dagbag.py:545} INFO - Filling up the DagBag from /usr/local/lib/python3.10/dist-packages/airflow/example_dags/example_params_ui_tutorial.py
[2024-07-26T11:04:24.451+0700] {processor.py:840} INFO - DAG(s) 'example_params_ui_tutorial' retrieved from /usr/local/lib/python3.10/dist-packages/airflow/example_dags/example_params_ui_tutorial.py
[2024-07-26T11:04:24.484+0700] {logging_mixin.py:188} INFO - [2024-07-26T11:04:24.483+0700] {dag.py:3089} INFO - Sync 1 DAGs
[2024-07-26T11:04:24.493+0700] {logging_mixin.py:188} INFO - [2024-07-26T11:04:24.493+0700] {dag.py:3947} INFO - Setting next_dagrun for example_params_ui_tutorial to None, run_after=None
[2024-07-26T11:04:24.527+0700] {processor.py:183} INFO - Processing /usr/local/lib/python3.10/dist-packages/airflow/example_dags/example_params_ui_tutorial.py took 0.090 seconds
[2024-07-26T11:05:07.022+0700] {processor.py:161} INFO - Started process (PID=3933) to work on /usr/local/lib/python3.10/dist-packages/airflow/example_dags/example_params_ui_tutorial.py
[2024-07-26T11:05:07.023+0700] {processor.py:830} INFO - Processing file /usr/local/lib/python3.10/dist-packages/airflow/example_dags/example_params_ui_tutorial.py for tasks to queue
[2024-07-26T11:05:07.025+0700] {logging_mixin.py:188} INFO - [2024-07-26T11:05:07.024+0700] {dagbag.py:545} INFO - Filling up the DagBag from /usr/local/lib/python3.10/dist-packages/airflow/example_dags/example_params_ui_tutorial.py
[2024-07-26T11:05:07.034+0700] {processor.py:840} INFO - DAG(s) 'example_params_ui_tutorial' retrieved from /usr/local/lib/python3.10/dist-packages/airflow/example_dags/example_params_ui_tutorial.py
[2024-07-26T11:05:07.079+0700] {logging_mixin.py:188} INFO - [2024-07-26T11:05:07.079+0700] {dag.py:3089} INFO - Sync 1 DAGs
[2024-07-26T11:05:07.089+0700] {logging_mixin.py:188} INFO - [2024-07-26T11:05:07.089+0700] {dag.py:3947} INFO - Setting next_dagrun for example_params_ui_tutorial to None, run_after=None
[2024-07-26T11:05:07.123+0700] {processor.py:183} INFO - Processing /usr/local/lib/python3.10/dist-packages/airflow/example_dags/example_params_ui_tutorial.py took 0.108 seconds
[2024-07-26T11:05:43.835+0700] {processor.py:161} INFO - Started process (PID=4120) to work on /usr/local/lib/python3.10/dist-packages/airflow/example_dags/example_params_ui_tutorial.py
[2024-07-26T11:05:43.837+0700] {processor.py:830} INFO - Processing file /usr/local/lib/python3.10/dist-packages/airflow/example_dags/example_params_ui_tutorial.py for tasks to queue
[2024-07-26T11:05:43.838+0700] {logging_mixin.py:188} INFO - [2024-07-26T11:05:43.838+0700] {dagbag.py:545} INFO - Filling up the DagBag from /usr/local/lib/python3.10/dist-packages/airflow/example_dags/example_params_ui_tutorial.py
[2024-07-26T11:05:43.845+0700] {processor.py:840} INFO - DAG(s) 'example_params_ui_tutorial' retrieved from /usr/local/lib/python3.10/dist-packages/airflow/example_dags/example_params_ui_tutorial.py
[2024-07-26T11:05:43.880+0700] {logging_mixin.py:188} INFO - [2024-07-26T11:05:43.880+0700] {dag.py:3089} INFO - Sync 1 DAGs
[2024-07-26T11:05:43.889+0700] {logging_mixin.py:188} INFO - [2024-07-26T11:05:43.889+0700] {dag.py:3947} INFO - Setting next_dagrun for example_params_ui_tutorial to None, run_after=None
[2024-07-26T11:05:43.923+0700] {processor.py:183} INFO - Processing /usr/local/lib/python3.10/dist-packages/airflow/example_dags/example_params_ui_tutorial.py took 0.093 seconds
[2024-07-26T11:06:25.604+0700] {processor.py:161} INFO - Started process (PID=4326) to work on /usr/local/lib/python3.10/dist-packages/airflow/example_dags/example_params_ui_tutorial.py
[2024-07-26T11:06:25.606+0700] {processor.py:830} INFO - Processing file /usr/local/lib/python3.10/dist-packages/airflow/example_dags/example_params_ui_tutorial.py for tasks to queue
[2024-07-26T11:06:25.607+0700] {logging_mixin.py:188} INFO - [2024-07-26T11:06:25.607+0700] {dagbag.py:545} INFO - Filling up the DagBag from /usr/local/lib/python3.10/dist-packages/airflow/example_dags/example_params_ui_tutorial.py
[2024-07-26T11:06:25.618+0700] {processor.py:840} INFO - DAG(s) 'example_params_ui_tutorial' retrieved from /usr/local/lib/python3.10/dist-packages/airflow/example_dags/example_params_ui_tutorial.py
[2024-07-26T11:06:25.673+0700] {logging_mixin.py:188} INFO - [2024-07-26T11:06:25.672+0700] {dag.py:3089} INFO - Sync 1 DAGs
[2024-07-26T11:06:25.689+0700] {logging_mixin.py:188} INFO - [2024-07-26T11:06:25.689+0700] {dag.py:3947} INFO - Setting next_dagrun for example_params_ui_tutorial to None, run_after=None
[2024-07-26T11:06:25.731+0700] {processor.py:183} INFO - Processing /usr/local/lib/python3.10/dist-packages/airflow/example_dags/example_params_ui_tutorial.py took 0.133 seconds
[2024-07-26T11:07:07.765+0700] {processor.py:161} INFO - Started process (PID=4534) to work on /usr/local/lib/python3.10/dist-packages/airflow/example_dags/example_params_ui_tutorial.py
[2024-07-26T11:07:07.766+0700] {processor.py:830} INFO - Processing file /usr/local/lib/python3.10/dist-packages/airflow/example_dags/example_params_ui_tutorial.py for tasks to queue
[2024-07-26T11:07:07.768+0700] {logging_mixin.py:188} INFO - [2024-07-26T11:07:07.767+0700] {dagbag.py:545} INFO - Filling up the DagBag from /usr/local/lib/python3.10/dist-packages/airflow/example_dags/example_params_ui_tutorial.py
[2024-07-26T11:07:07.774+0700] {processor.py:840} INFO - DAG(s) 'example_params_ui_tutorial' retrieved from /usr/local/lib/python3.10/dist-packages/airflow/example_dags/example_params_ui_tutorial.py
[2024-07-26T11:07:07.811+0700] {logging_mixin.py:188} INFO - [2024-07-26T11:07:07.810+0700] {dag.py:3089} INFO - Sync 1 DAGs
[2024-07-26T11:07:07.821+0700] {logging_mixin.py:188} INFO - [2024-07-26T11:07:07.821+0700] {dag.py:3947} INFO - Setting next_dagrun for example_params_ui_tutorial to None, run_after=None
[2024-07-26T11:07:07.853+0700] {processor.py:183} INFO - Processing /usr/local/lib/python3.10/dist-packages/airflow/example_dags/example_params_ui_tutorial.py took 0.093 seconds
[2024-07-26T11:07:47.817+0700] {processor.py:161} INFO - Started process (PID=4733) to work on /usr/local/lib/python3.10/dist-packages/airflow/example_dags/example_params_ui_tutorial.py
[2024-07-26T11:07:47.818+0700] {processor.py:830} INFO - Processing file /usr/local/lib/python3.10/dist-packages/airflow/example_dags/example_params_ui_tutorial.py for tasks to queue
[2024-07-26T11:07:47.820+0700] {logging_mixin.py:188} INFO - [2024-07-26T11:07:47.819+0700] {dagbag.py:545} INFO - Filling up the DagBag from /usr/local/lib/python3.10/dist-packages/airflow/example_dags/example_params_ui_tutorial.py
[2024-07-26T11:07:47.826+0700] {processor.py:840} INFO - DAG(s) 'example_params_ui_tutorial' retrieved from /usr/local/lib/python3.10/dist-packages/airflow/example_dags/example_params_ui_tutorial.py
[2024-07-26T11:07:47.867+0700] {logging_mixin.py:188} INFO - [2024-07-26T11:07:47.867+0700] {dag.py:3089} INFO - Sync 1 DAGs
[2024-07-26T11:07:47.882+0700] {logging_mixin.py:188} INFO - [2024-07-26T11:07:47.882+0700] {dag.py:3947} INFO - Setting next_dagrun for example_params_ui_tutorial to None, run_after=None
[2024-07-26T11:07:47.945+0700] {processor.py:183} INFO - Processing /usr/local/lib/python3.10/dist-packages/airflow/example_dags/example_params_ui_tutorial.py took 0.135 seconds
[2024-07-26T11:08:25.525+0700] {processor.py:161} INFO - Started process (PID=4924) to work on /usr/local/lib/python3.10/dist-packages/airflow/example_dags/example_params_ui_tutorial.py
[2024-07-26T11:08:25.527+0700] {processor.py:830} INFO - Processing file /usr/local/lib/python3.10/dist-packages/airflow/example_dags/example_params_ui_tutorial.py for tasks to queue
[2024-07-26T11:08:25.528+0700] {logging_mixin.py:188} INFO - [2024-07-26T11:08:25.527+0700] {dagbag.py:545} INFO - Filling up the DagBag from /usr/local/lib/python3.10/dist-packages/airflow/example_dags/example_params_ui_tutorial.py
[2024-07-26T11:08:25.533+0700] {processor.py:840} INFO - DAG(s) 'example_params_ui_tutorial' retrieved from /usr/local/lib/python3.10/dist-packages/airflow/example_dags/example_params_ui_tutorial.py
[2024-07-26T11:08:25.566+0700] {logging_mixin.py:188} INFO - [2024-07-26T11:08:25.565+0700] {dag.py:3089} INFO - Sync 1 DAGs
[2024-07-26T11:08:25.574+0700] {logging_mixin.py:188} INFO - [2024-07-26T11:08:25.573+0700] {dag.py:3947} INFO - Setting next_dagrun for example_params_ui_tutorial to None, run_after=None
[2024-07-26T11:08:25.602+0700] {processor.py:183} INFO - Processing /usr/local/lib/python3.10/dist-packages/airflow/example_dags/example_params_ui_tutorial.py took 0.083 seconds
[2024-07-26T11:09:05.805+0700] {processor.py:161} INFO - Started process (PID=5122) to work on /usr/local/lib/python3.10/dist-packages/airflow/example_dags/example_params_ui_tutorial.py
[2024-07-26T11:09:05.807+0700] {processor.py:830} INFO - Processing file /usr/local/lib/python3.10/dist-packages/airflow/example_dags/example_params_ui_tutorial.py for tasks to queue
[2024-07-26T11:09:05.808+0700] {logging_mixin.py:188} INFO - [2024-07-26T11:09:05.808+0700] {dagbag.py:545} INFO - Filling up the DagBag from /usr/local/lib/python3.10/dist-packages/airflow/example_dags/example_params_ui_tutorial.py
[2024-07-26T11:09:05.813+0700] {processor.py:840} INFO - DAG(s) 'example_params_ui_tutorial' retrieved from /usr/local/lib/python3.10/dist-packages/airflow/example_dags/example_params_ui_tutorial.py
[2024-07-26T11:09:05.845+0700] {logging_mixin.py:188} INFO - [2024-07-26T11:09:05.845+0700] {dag.py:3089} INFO - Sync 1 DAGs
[2024-07-26T11:09:05.853+0700] {logging_mixin.py:188} INFO - [2024-07-26T11:09:05.853+0700] {dag.py:3947} INFO - Setting next_dagrun for example_params_ui_tutorial to None, run_after=None
[2024-07-26T11:09:05.882+0700] {processor.py:183} INFO - Processing /usr/local/lib/python3.10/dist-packages/airflow/example_dags/example_params_ui_tutorial.py took 0.082 seconds
[2024-07-26T11:09:46.221+0700] {processor.py:161} INFO - Started process (PID=5324) to work on /usr/local/lib/python3.10/dist-packages/airflow/example_dags/example_params_ui_tutorial.py
[2024-07-26T11:09:46.223+0700] {processor.py:830} INFO - Processing file /usr/local/lib/python3.10/dist-packages/airflow/example_dags/example_params_ui_tutorial.py for tasks to queue
[2024-07-26T11:09:46.225+0700] {logging_mixin.py:188} INFO - [2024-07-26T11:09:46.224+0700] {dagbag.py:545} INFO - Filling up the DagBag from /usr/local/lib/python3.10/dist-packages/airflow/example_dags/example_params_ui_tutorial.py
[2024-07-26T11:09:46.230+0700] {processor.py:840} INFO - DAG(s) 'example_params_ui_tutorial' retrieved from /usr/local/lib/python3.10/dist-packages/airflow/example_dags/example_params_ui_tutorial.py
[2024-07-26T11:09:46.261+0700] {logging_mixin.py:188} INFO - [2024-07-26T11:09:46.261+0700] {dag.py:3089} INFO - Sync 1 DAGs
[2024-07-26T11:09:46.269+0700] {logging_mixin.py:188} INFO - [2024-07-26T11:09:46.269+0700] {dag.py:3947} INFO - Setting next_dagrun for example_params_ui_tutorial to None, run_after=None
[2024-07-26T11:09:46.299+0700] {processor.py:183} INFO - Processing /usr/local/lib/python3.10/dist-packages/airflow/example_dags/example_params_ui_tutorial.py took 0.083 seconds
[2024-07-26T11:10:25.639+0700] {processor.py:161} INFO - Started process (PID=5519) to work on /usr/local/lib/python3.10/dist-packages/airflow/example_dags/example_params_ui_tutorial.py
[2024-07-26T11:10:25.642+0700] {processor.py:830} INFO - Processing file /usr/local/lib/python3.10/dist-packages/airflow/example_dags/example_params_ui_tutorial.py for tasks to queue
[2024-07-26T11:10:25.643+0700] {logging_mixin.py:188} INFO - [2024-07-26T11:10:25.643+0700] {dagbag.py:545} INFO - Filling up the DagBag from /usr/local/lib/python3.10/dist-packages/airflow/example_dags/example_params_ui_tutorial.py
[2024-07-26T11:10:25.648+0700] {processor.py:840} INFO - DAG(s) 'example_params_ui_tutorial' retrieved from /usr/local/lib/python3.10/dist-packages/airflow/example_dags/example_params_ui_tutorial.py
[2024-07-26T11:10:25.680+0700] {logging_mixin.py:188} INFO - [2024-07-26T11:10:25.680+0700] {dag.py:3089} INFO - Sync 1 DAGs
[2024-07-26T11:10:25.688+0700] {logging_mixin.py:188} INFO - [2024-07-26T11:10:25.688+0700] {dag.py:3947} INFO - Setting next_dagrun for example_params_ui_tutorial to None, run_after=None
[2024-07-26T11:10:25.717+0700] {processor.py:183} INFO - Processing /usr/local/lib/python3.10/dist-packages/airflow/example_dags/example_params_ui_tutorial.py took 0.083 seconds
[2024-07-26T11:11:04.750+0700] {processor.py:161} INFO - Started process (PID=5713) to work on /usr/local/lib/python3.10/dist-packages/airflow/example_dags/example_params_ui_tutorial.py
[2024-07-26T11:11:04.752+0700] {processor.py:830} INFO - Processing file /usr/local/lib/python3.10/dist-packages/airflow/example_dags/example_params_ui_tutorial.py for tasks to queue
[2024-07-26T11:11:04.753+0700] {logging_mixin.py:188} INFO - [2024-07-26T11:11:04.753+0700] {dagbag.py:545} INFO - Filling up the DagBag from /usr/local/lib/python3.10/dist-packages/airflow/example_dags/example_params_ui_tutorial.py
[2024-07-26T11:11:04.758+0700] {processor.py:840} INFO - DAG(s) 'example_params_ui_tutorial' retrieved from /usr/local/lib/python3.10/dist-packages/airflow/example_dags/example_params_ui_tutorial.py
[2024-07-26T11:11:04.791+0700] {logging_mixin.py:188} INFO - [2024-07-26T11:11:04.791+0700] {dag.py:3089} INFO - Sync 1 DAGs
[2024-07-26T11:11:04.800+0700] {logging_mixin.py:188} INFO - [2024-07-26T11:11:04.800+0700] {dag.py:3947} INFO - Setting next_dagrun for example_params_ui_tutorial to None, run_after=None
[2024-07-26T11:11:04.828+0700] {processor.py:183} INFO - Processing /usr/local/lib/python3.10/dist-packages/airflow/example_dags/example_params_ui_tutorial.py took 0.084 seconds
[2024-07-26T11:11:41.483+0700] {processor.py:161} INFO - Started process (PID=5898) to work on /usr/local/lib/python3.10/dist-packages/airflow/example_dags/example_params_ui_tutorial.py
[2024-07-26T11:11:41.485+0700] {processor.py:830} INFO - Processing file /usr/local/lib/python3.10/dist-packages/airflow/example_dags/example_params_ui_tutorial.py for tasks to queue
[2024-07-26T11:11:41.486+0700] {logging_mixin.py:188} INFO - [2024-07-26T11:11:41.486+0700] {dagbag.py:545} INFO - Filling up the DagBag from /usr/local/lib/python3.10/dist-packages/airflow/example_dags/example_params_ui_tutorial.py
[2024-07-26T11:11:41.492+0700] {processor.py:840} INFO - DAG(s) 'example_params_ui_tutorial' retrieved from /usr/local/lib/python3.10/dist-packages/airflow/example_dags/example_params_ui_tutorial.py
[2024-07-26T11:11:41.525+0700] {logging_mixin.py:188} INFO - [2024-07-26T11:11:41.525+0700] {dag.py:3089} INFO - Sync 1 DAGs
[2024-07-26T11:11:41.533+0700] {logging_mixin.py:188} INFO - [2024-07-26T11:11:41.533+0700] {dag.py:3947} INFO - Setting next_dagrun for example_params_ui_tutorial to None, run_after=None
[2024-07-26T11:11:41.564+0700] {processor.py:183} INFO - Processing /usr/local/lib/python3.10/dist-packages/airflow/example_dags/example_params_ui_tutorial.py took 0.087 seconds
[2024-07-26T11:12:18.444+0700] {processor.py:161} INFO - Started process (PID=6083) to work on /usr/local/lib/python3.10/dist-packages/airflow/example_dags/example_params_ui_tutorial.py
[2024-07-26T11:12:18.446+0700] {processor.py:830} INFO - Processing file /usr/local/lib/python3.10/dist-packages/airflow/example_dags/example_params_ui_tutorial.py for tasks to queue
[2024-07-26T11:12:18.447+0700] {logging_mixin.py:188} INFO - [2024-07-26T11:12:18.447+0700] {dagbag.py:545} INFO - Filling up the DagBag from /usr/local/lib/python3.10/dist-packages/airflow/example_dags/example_params_ui_tutorial.py
[2024-07-26T11:12:18.452+0700] {processor.py:840} INFO - DAG(s) 'example_params_ui_tutorial' retrieved from /usr/local/lib/python3.10/dist-packages/airflow/example_dags/example_params_ui_tutorial.py
[2024-07-26T11:12:18.484+0700] {logging_mixin.py:188} INFO - [2024-07-26T11:12:18.484+0700] {dag.py:3089} INFO - Sync 1 DAGs
[2024-07-26T11:12:18.493+0700] {logging_mixin.py:188} INFO - [2024-07-26T11:12:18.492+0700] {dag.py:3947} INFO - Setting next_dagrun for example_params_ui_tutorial to None, run_after=None
[2024-07-26T11:12:18.523+0700] {processor.py:183} INFO - Processing /usr/local/lib/python3.10/dist-packages/airflow/example_dags/example_params_ui_tutorial.py took 0.084 seconds
