[2024-07-26T10:58:11.482+0700] {processor.py:161} INFO - Started process (PID=1734) to work on /usr/local/lib/python3.10/dist-packages/airflow/example_dags/example_complex.py
[2024-07-26T10:58:11.482+0700] {processor.py:830} INFO - Processing file /usr/local/lib/python3.10/dist-packages/airflow/example_dags/example_complex.py for tasks to queue
[2024-07-26T10:58:11.484+0700] {logging_mixin.py:188} INFO - [2024-07-26T10:58:11.483+0700] {dagbag.py:545} INFO - Filling up the DagBag from /usr/local/lib/python3.10/dist-packages/airflow/example_dags/example_complex.py
[2024-07-26T10:58:11.491+0700] {processor.py:840} INFO - DAG(s) 'example_complex' retrieved from /usr/local/lib/python3.10/dist-packages/airflow/example_dags/example_complex.py
[2024-07-26T10:58:11.596+0700] {logging_mixin.py:188} INFO - [2024-07-26T10:58:11.595+0700] {override.py:1858} INFO - Created Permission View: can read on DAG:example_complex
[2024-07-26T10:58:11.616+0700] {logging_mixin.py:188} INFO - [2024-07-26T10:58:11.615+0700] {override.py:1858} INFO - Created Permission View: can edit on DAG:example_complex
[2024-07-26T10:58:11.633+0700] {logging_mixin.py:188} INFO - [2024-07-26T10:58:11.632+0700] {override.py:1858} INFO - Created Permission View: can delete on DAG:example_complex
[2024-07-26T10:58:11.633+0700] {logging_mixin.py:188} INFO - [2024-07-26T10:58:11.633+0700] {dag.py:3089} INFO - Sync 1 DAGs
[2024-07-26T10:58:11.642+0700] {logging_mixin.py:188} INFO - [2024-07-26T10:58:11.642+0700] {dag.py:3111} INFO - Creating ORM DAG for example_complex
[2024-07-26T10:58:11.643+0700] {logging_mixin.py:188} INFO - [2024-07-26T10:58:11.642+0700] {dag.py:3947} INFO - Setting next_dagrun for example_complex to None, run_after=None
[2024-07-26T10:58:11.755+0700] {processor.py:183} INFO - Processing /usr/local/lib/python3.10/dist-packages/airflow/example_dags/example_complex.py took 0.278 seconds
[2024-07-26T10:59:08.371+0700] {processor.py:161} INFO - Started process (PID=2016) to work on /usr/local/lib/python3.10/dist-packages/airflow/example_dags/example_complex.py
[2024-07-26T10:59:08.372+0700] {processor.py:830} INFO - Processing file /usr/local/lib/python3.10/dist-packages/airflow/example_dags/example_complex.py for tasks to queue
[2024-07-26T10:59:08.374+0700] {logging_mixin.py:188} INFO - [2024-07-26T10:59:08.373+0700] {dagbag.py:545} INFO - Filling up the DagBag from /usr/local/lib/python3.10/dist-packages/airflow/example_dags/example_complex.py
[2024-07-26T10:59:08.381+0700] {processor.py:840} INFO - DAG(s) 'example_complex' retrieved from /usr/local/lib/python3.10/dist-packages/airflow/example_dags/example_complex.py
[2024-07-26T10:59:08.402+0700] {logging_mixin.py:188} INFO - [2024-07-26T10:59:08.402+0700] {dag.py:3089} INFO - Sync 1 DAGs
[2024-07-26T10:59:08.410+0700] {logging_mixin.py:188} INFO - [2024-07-26T10:59:08.410+0700] {dag.py:3947} INFO - Setting next_dagrun for example_complex to None, run_after=None
[2024-07-26T10:59:08.440+0700] {processor.py:183} INFO - Processing /usr/local/lib/python3.10/dist-packages/airflow/example_dags/example_complex.py took 0.073 seconds
[2024-07-26T10:59:58.679+0700] {processor.py:161} INFO - Started process (PID=2269) to work on /usr/local/lib/python3.10/dist-packages/airflow/example_dags/example_complex.py
[2024-07-26T10:59:58.681+0700] {processor.py:830} INFO - Processing file /usr/local/lib/python3.10/dist-packages/airflow/example_dags/example_complex.py for tasks to queue
[2024-07-26T10:59:58.682+0700] {logging_mixin.py:188} INFO - [2024-07-26T10:59:58.682+0700] {dagbag.py:545} INFO - Filling up the DagBag from /usr/local/lib/python3.10/dist-packages/airflow/example_dags/example_complex.py
[2024-07-26T10:59:58.690+0700] {processor.py:840} INFO - DAG(s) 'example_complex' retrieved from /usr/local/lib/python3.10/dist-packages/airflow/example_dags/example_complex.py
[2024-07-26T10:59:58.791+0700] {logging_mixin.py:188} INFO - [2024-07-26T10:59:58.791+0700] {dag.py:3089} INFO - Sync 1 DAGs
[2024-07-26T10:59:58.799+0700] {logging_mixin.py:188} INFO - [2024-07-26T10:59:58.799+0700] {dag.py:3947} INFO - Setting next_dagrun for example_complex to None, run_after=None
[2024-07-26T10:59:58.826+0700] {processor.py:183} INFO - Processing /usr/local/lib/python3.10/dist-packages/airflow/example_dags/example_complex.py took 0.151 seconds
[2024-07-26T11:00:47.038+0700] {processor.py:161} INFO - Started process (PID=2511) to work on /usr/local/lib/python3.10/dist-packages/airflow/example_dags/example_complex.py
[2024-07-26T11:00:47.039+0700] {processor.py:830} INFO - Processing file /usr/local/lib/python3.10/dist-packages/airflow/example_dags/example_complex.py for tasks to queue
[2024-07-26T11:00:47.040+0700] {logging_mixin.py:188} INFO - [2024-07-26T11:00:47.040+0700] {dagbag.py:545} INFO - Filling up the DagBag from /usr/local/lib/python3.10/dist-packages/airflow/example_dags/example_complex.py
[2024-07-26T11:00:47.048+0700] {processor.py:840} INFO - DAG(s) 'example_complex' retrieved from /usr/local/lib/python3.10/dist-packages/airflow/example_dags/example_complex.py
[2024-07-26T11:00:47.066+0700] {logging_mixin.py:188} INFO - [2024-07-26T11:00:47.066+0700] {dag.py:3089} INFO - Sync 1 DAGs
[2024-07-26T11:00:47.074+0700] {logging_mixin.py:188} INFO - [2024-07-26T11:00:47.074+0700] {dag.py:3947} INFO - Setting next_dagrun for example_complex to None, run_after=None
[2024-07-26T11:00:47.105+0700] {processor.py:183} INFO - Processing /usr/local/lib/python3.10/dist-packages/airflow/example_dags/example_complex.py took 0.072 seconds
[2024-07-26T11:01:46.157+0700] {processor.py:161} INFO - Started process (PID=2805) to work on /usr/local/lib/python3.10/dist-packages/airflow/example_dags/example_complex.py
[2024-07-26T11:01:46.159+0700] {processor.py:830} INFO - Processing file /usr/local/lib/python3.10/dist-packages/airflow/example_dags/example_complex.py for tasks to queue
[2024-07-26T11:01:46.161+0700] {logging_mixin.py:188} INFO - [2024-07-26T11:01:46.160+0700] {dagbag.py:545} INFO - Filling up the DagBag from /usr/local/lib/python3.10/dist-packages/airflow/example_dags/example_complex.py
[2024-07-26T11:01:46.172+0700] {processor.py:840} INFO - DAG(s) 'example_complex' retrieved from /usr/local/lib/python3.10/dist-packages/airflow/example_dags/example_complex.py
[2024-07-26T11:01:46.198+0700] {logging_mixin.py:188} INFO - [2024-07-26T11:01:46.197+0700] {dag.py:3089} INFO - Sync 1 DAGs
[2024-07-26T11:01:46.211+0700] {logging_mixin.py:188} INFO - [2024-07-26T11:01:46.210+0700] {dag.py:3947} INFO - Setting next_dagrun for example_complex to None, run_after=None
[2024-07-26T11:01:46.240+0700] {processor.py:183} INFO - Processing /usr/local/lib/python3.10/dist-packages/airflow/example_dags/example_complex.py took 0.087 seconds
[2024-07-26T11:02:41.727+0700] {processor.py:161} INFO - Started process (PID=3084) to work on /usr/local/lib/python3.10/dist-packages/airflow/example_dags/example_complex.py
[2024-07-26T11:02:41.729+0700] {processor.py:830} INFO - Processing file /usr/local/lib/python3.10/dist-packages/airflow/example_dags/example_complex.py for tasks to queue
[2024-07-26T11:02:41.731+0700] {logging_mixin.py:188} INFO - [2024-07-26T11:02:41.730+0700] {dagbag.py:545} INFO - Filling up the DagBag from /usr/local/lib/python3.10/dist-packages/airflow/example_dags/example_complex.py
[2024-07-26T11:02:41.739+0700] {processor.py:840} INFO - DAG(s) 'example_complex' retrieved from /usr/local/lib/python3.10/dist-packages/airflow/example_dags/example_complex.py
[2024-07-26T11:02:41.760+0700] {logging_mixin.py:188} INFO - [2024-07-26T11:02:41.760+0700] {dag.py:3089} INFO - Sync 1 DAGs
[2024-07-26T11:02:41.769+0700] {logging_mixin.py:188} INFO - [2024-07-26T11:02:41.769+0700] {dag.py:3947} INFO - Setting next_dagrun for example_complex to None, run_after=None
[2024-07-26T11:02:41.795+0700] {processor.py:183} INFO - Processing /usr/local/lib/python3.10/dist-packages/airflow/example_dags/example_complex.py took 0.073 seconds
[2024-07-26T11:03:41.199+0700] {processor.py:161} INFO - Started process (PID=3490) to work on /usr/local/lib/python3.10/dist-packages/airflow/example_dags/example_complex.py
[2024-07-26T11:03:41.200+0700] {processor.py:830} INFO - Processing file /usr/local/lib/python3.10/dist-packages/airflow/example_dags/example_complex.py for tasks to queue
[2024-07-26T11:03:41.201+0700] {logging_mixin.py:188} INFO - [2024-07-26T11:03:41.201+0700] {dagbag.py:545} INFO - Filling up the DagBag from /usr/local/lib/python3.10/dist-packages/airflow/example_dags/example_complex.py
[2024-07-26T11:03:41.209+0700] {processor.py:840} INFO - DAG(s) 'example_complex' retrieved from /usr/local/lib/python3.10/dist-packages/airflow/example_dags/example_complex.py
[2024-07-26T11:03:41.228+0700] {logging_mixin.py:188} INFO - [2024-07-26T11:03:41.228+0700] {dag.py:3089} INFO - Sync 1 DAGs
[2024-07-26T11:03:41.236+0700] {logging_mixin.py:188} INFO - [2024-07-26T11:03:41.236+0700] {dag.py:3947} INFO - Setting next_dagrun for example_complex to None, run_after=None
[2024-07-26T11:03:41.264+0700] {processor.py:183} INFO - Processing /usr/local/lib/python3.10/dist-packages/airflow/example_dags/example_complex.py took 0.069 seconds
[2024-07-26T11:04:40.722+0700] {processor.py:161} INFO - Started process (PID=3794) to work on /usr/local/lib/python3.10/dist-packages/airflow/example_dags/example_complex.py
[2024-07-26T11:04:40.724+0700] {processor.py:830} INFO - Processing file /usr/local/lib/python3.10/dist-packages/airflow/example_dags/example_complex.py for tasks to queue
[2024-07-26T11:04:40.726+0700] {logging_mixin.py:188} INFO - [2024-07-26T11:04:40.725+0700] {dagbag.py:545} INFO - Filling up the DagBag from /usr/local/lib/python3.10/dist-packages/airflow/example_dags/example_complex.py
[2024-07-26T11:04:40.734+0700] {processor.py:840} INFO - DAG(s) 'example_complex' retrieved from /usr/local/lib/python3.10/dist-packages/airflow/example_dags/example_complex.py
[2024-07-26T11:04:40.753+0700] {logging_mixin.py:188} INFO - [2024-07-26T11:04:40.753+0700] {dag.py:3089} INFO - Sync 1 DAGs
[2024-07-26T11:04:40.762+0700] {logging_mixin.py:188} INFO - [2024-07-26T11:04:40.762+0700] {dag.py:3947} INFO - Setting next_dagrun for example_complex to None, run_after=None
[2024-07-26T11:04:40.790+0700] {processor.py:183} INFO - Processing /usr/local/lib/python3.10/dist-packages/airflow/example_dags/example_complex.py took 0.073 seconds
[2024-07-26T11:05:39.056+0700] {processor.py:161} INFO - Started process (PID=4096) to work on /usr/local/lib/python3.10/dist-packages/airflow/example_dags/example_complex.py
[2024-07-26T11:05:39.057+0700] {processor.py:830} INFO - Processing file /usr/local/lib/python3.10/dist-packages/airflow/example_dags/example_complex.py for tasks to queue
[2024-07-26T11:05:39.058+0700] {logging_mixin.py:188} INFO - [2024-07-26T11:05:39.058+0700] {dagbag.py:545} INFO - Filling up the DagBag from /usr/local/lib/python3.10/dist-packages/airflow/example_dags/example_complex.py
[2024-07-26T11:05:39.066+0700] {processor.py:840} INFO - DAG(s) 'example_complex' retrieved from /usr/local/lib/python3.10/dist-packages/airflow/example_dags/example_complex.py
[2024-07-26T11:05:39.085+0700] {logging_mixin.py:188} INFO - [2024-07-26T11:05:39.085+0700] {dag.py:3089} INFO - Sync 1 DAGs
[2024-07-26T11:05:39.094+0700] {logging_mixin.py:188} INFO - [2024-07-26T11:05:39.094+0700] {dag.py:3947} INFO - Setting next_dagrun for example_complex to None, run_after=None
[2024-07-26T11:05:39.124+0700] {processor.py:183} INFO - Processing /usr/local/lib/python3.10/dist-packages/airflow/example_dags/example_complex.py took 0.075 seconds
[2024-07-26T11:06:40.826+0700] {processor.py:161} INFO - Started process (PID=4401) to work on /usr/local/lib/python3.10/dist-packages/airflow/example_dags/example_complex.py
[2024-07-26T11:06:40.829+0700] {processor.py:830} INFO - Processing file /usr/local/lib/python3.10/dist-packages/airflow/example_dags/example_complex.py for tasks to queue
[2024-07-26T11:06:40.830+0700] {logging_mixin.py:188} INFO - [2024-07-26T11:06:40.830+0700] {dagbag.py:545} INFO - Filling up the DagBag from /usr/local/lib/python3.10/dist-packages/airflow/example_dags/example_complex.py
[2024-07-26T11:06:40.841+0700] {processor.py:840} INFO - DAG(s) 'example_complex' retrieved from /usr/local/lib/python3.10/dist-packages/airflow/example_dags/example_complex.py
[2024-07-26T11:06:40.863+0700] {logging_mixin.py:188} INFO - [2024-07-26T11:06:40.863+0700] {dag.py:3089} INFO - Sync 1 DAGs
[2024-07-26T11:06:40.877+0700] {logging_mixin.py:188} INFO - [2024-07-26T11:06:40.877+0700] {dag.py:3947} INFO - Setting next_dagrun for example_complex to None, run_after=None
[2024-07-26T11:06:40.909+0700] {processor.py:183} INFO - Processing /usr/local/lib/python3.10/dist-packages/airflow/example_dags/example_complex.py took 0.089 seconds
[2024-07-26T11:07:41.600+0700] {processor.py:161} INFO - Started process (PID=4702) to work on /usr/local/lib/python3.10/dist-packages/airflow/example_dags/example_complex.py
[2024-07-26T11:07:41.602+0700] {processor.py:830} INFO - Processing file /usr/local/lib/python3.10/dist-packages/airflow/example_dags/example_complex.py for tasks to queue
[2024-07-26T11:07:41.604+0700] {logging_mixin.py:188} INFO - [2024-07-26T11:07:41.604+0700] {dagbag.py:545} INFO - Filling up the DagBag from /usr/local/lib/python3.10/dist-packages/airflow/example_dags/example_complex.py
[2024-07-26T11:07:41.614+0700] {processor.py:840} INFO - DAG(s) 'example_complex' retrieved from /usr/local/lib/python3.10/dist-packages/airflow/example_dags/example_complex.py
[2024-07-26T11:07:41.641+0700] {logging_mixin.py:188} INFO - [2024-07-26T11:07:41.640+0700] {dag.py:3089} INFO - Sync 1 DAGs
[2024-07-26T11:07:41.658+0700] {logging_mixin.py:188} INFO - [2024-07-26T11:07:41.658+0700] {dag.py:3947} INFO - Setting next_dagrun for example_complex to None, run_after=None
[2024-07-26T11:07:41.705+0700] {processor.py:183} INFO - Processing /usr/local/lib/python3.10/dist-packages/airflow/example_dags/example_complex.py took 0.111 seconds
[2024-07-26T11:08:39.354+0700] {processor.py:161} INFO - Started process (PID=4992) to work on /usr/local/lib/python3.10/dist-packages/airflow/example_dags/example_complex.py
[2024-07-26T11:08:39.356+0700] {processor.py:830} INFO - Processing file /usr/local/lib/python3.10/dist-packages/airflow/example_dags/example_complex.py for tasks to queue
[2024-07-26T11:08:39.357+0700] {logging_mixin.py:188} INFO - [2024-07-26T11:08:39.356+0700] {dagbag.py:545} INFO - Filling up the DagBag from /usr/local/lib/python3.10/dist-packages/airflow/example_dags/example_complex.py
[2024-07-26T11:08:39.364+0700] {processor.py:840} INFO - DAG(s) 'example_complex' retrieved from /usr/local/lib/python3.10/dist-packages/airflow/example_dags/example_complex.py
[2024-07-26T11:08:39.383+0700] {logging_mixin.py:188} INFO - [2024-07-26T11:08:39.383+0700] {dag.py:3089} INFO - Sync 1 DAGs
[2024-07-26T11:08:39.392+0700] {logging_mixin.py:188} INFO - [2024-07-26T11:08:39.391+0700] {dag.py:3947} INFO - Setting next_dagrun for example_complex to None, run_after=None
[2024-07-26T11:08:39.419+0700] {processor.py:183} INFO - Processing /usr/local/lib/python3.10/dist-packages/airflow/example_dags/example_complex.py took 0.071 seconds
[2024-07-26T11:09:40.097+0700] {processor.py:161} INFO - Started process (PID=5294) to work on /usr/local/lib/python3.10/dist-packages/airflow/example_dags/example_complex.py
[2024-07-26T11:09:40.098+0700] {processor.py:830} INFO - Processing file /usr/local/lib/python3.10/dist-packages/airflow/example_dags/example_complex.py for tasks to queue
[2024-07-26T11:09:40.099+0700] {logging_mixin.py:188} INFO - [2024-07-26T11:09:40.099+0700] {dagbag.py:545} INFO - Filling up the DagBag from /usr/local/lib/python3.10/dist-packages/airflow/example_dags/example_complex.py
[2024-07-26T11:09:40.107+0700] {processor.py:840} INFO - DAG(s) 'example_complex' retrieved from /usr/local/lib/python3.10/dist-packages/airflow/example_dags/example_complex.py
[2024-07-26T11:09:40.127+0700] {logging_mixin.py:188} INFO - [2024-07-26T11:09:40.126+0700] {dag.py:3089} INFO - Sync 1 DAGs
[2024-07-26T11:09:40.135+0700] {logging_mixin.py:188} INFO - [2024-07-26T11:09:40.135+0700] {dag.py:3947} INFO - Setting next_dagrun for example_complex to None, run_after=None
[2024-07-26T11:09:40.165+0700] {processor.py:183} INFO - Processing /usr/local/lib/python3.10/dist-packages/airflow/example_dags/example_complex.py took 0.074 seconds
[2024-07-26T11:10:39.487+0700] {processor.py:161} INFO - Started process (PID=5588) to work on /usr/local/lib/python3.10/dist-packages/airflow/example_dags/example_complex.py
[2024-07-26T11:10:39.488+0700] {processor.py:830} INFO - Processing file /usr/local/lib/python3.10/dist-packages/airflow/example_dags/example_complex.py for tasks to queue
[2024-07-26T11:10:39.489+0700] {logging_mixin.py:188} INFO - [2024-07-26T11:10:39.489+0700] {dagbag.py:545} INFO - Filling up the DagBag from /usr/local/lib/python3.10/dist-packages/airflow/example_dags/example_complex.py
[2024-07-26T11:10:39.497+0700] {processor.py:840} INFO - DAG(s) 'example_complex' retrieved from /usr/local/lib/python3.10/dist-packages/airflow/example_dags/example_complex.py
[2024-07-26T11:10:39.515+0700] {logging_mixin.py:188} INFO - [2024-07-26T11:10:39.515+0700] {dag.py:3089} INFO - Sync 1 DAGs
[2024-07-26T11:10:39.524+0700] {logging_mixin.py:188} INFO - [2024-07-26T11:10:39.524+0700] {dag.py:3947} INFO - Setting next_dagrun for example_complex to None, run_after=None
[2024-07-26T11:10:39.552+0700] {processor.py:183} INFO - Processing /usr/local/lib/python3.10/dist-packages/airflow/example_dags/example_complex.py took 0.070 seconds
[2024-07-26T11:11:36.482+0700] {processor.py:161} INFO - Started process (PID=5873) to work on /usr/local/lib/python3.10/dist-packages/airflow/example_dags/example_complex.py
[2024-07-26T11:11:36.483+0700] {processor.py:830} INFO - Processing file /usr/local/lib/python3.10/dist-packages/airflow/example_dags/example_complex.py for tasks to queue
[2024-07-26T11:11:36.484+0700] {logging_mixin.py:188} INFO - [2024-07-26T11:11:36.484+0700] {dagbag.py:545} INFO - Filling up the DagBag from /usr/local/lib/python3.10/dist-packages/airflow/example_dags/example_complex.py
[2024-07-26T11:11:36.492+0700] {processor.py:840} INFO - DAG(s) 'example_complex' retrieved from /usr/local/lib/python3.10/dist-packages/airflow/example_dags/example_complex.py
[2024-07-26T11:11:36.512+0700] {logging_mixin.py:188} INFO - [2024-07-26T11:11:36.512+0700] {dag.py:3089} INFO - Sync 1 DAGs
[2024-07-26T11:11:36.522+0700] {logging_mixin.py:188} INFO - [2024-07-26T11:11:36.521+0700] {dag.py:3947} INFO - Setting next_dagrun for example_complex to None, run_after=None
[2024-07-26T11:11:36.553+0700] {processor.py:183} INFO - Processing /usr/local/lib/python3.10/dist-packages/airflow/example_dags/example_complex.py took 0.077 seconds
