[2024-07-26T10:57:37.819+0700] {processor.py:161} INFO - Started process (PID=1541) to work on /usr/local/lib/python3.10/dist-packages/airflow/example_dags/example_short_circuit_decorator.py
[2024-07-26T10:57:37.820+0700] {processor.py:830} INFO - Processing file /usr/local/lib/python3.10/dist-packages/airflow/example_dags/example_short_circuit_decorator.py for tasks to queue
[2024-07-26T10:57:37.821+0700] {logging_mixin.py:188} INFO - [2024-07-26T10:57:37.821+0700] {dagbag.py:545} INFO - Filling up the DagBag from /usr/local/lib/python3.10/dist-packages/airflow/example_dags/example_short_circuit_decorator.py
[2024-07-26T10:57:37.829+0700] {processor.py:840} INFO - DAG(s) 'example_short_circuit_decorator' retrieved from /usr/local/lib/python3.10/dist-packages/airflow/example_dags/example_short_circuit_decorator.py
[2024-07-26T10:57:37.940+0700] {logging_mixin.py:188} INFO - [2024-07-26T10:57:37.939+0700] {override.py:1858} INFO - Created Permission View: can read on DAG:example_short_circuit_decorator
[2024-07-26T10:57:37.960+0700] {logging_mixin.py:188} INFO - [2024-07-26T10:57:37.959+0700] {override.py:1858} INFO - Created Permission View: can edit on DAG:example_short_circuit_decorator
[2024-07-26T10:57:37.977+0700] {logging_mixin.py:188} INFO - [2024-07-26T10:57:37.977+0700] {override.py:1858} INFO - Created Permission View: can delete on DAG:example_short_circuit_decorator
[2024-07-26T10:57:37.978+0700] {logging_mixin.py:188} INFO - [2024-07-26T10:57:37.978+0700] {dag.py:3089} INFO - Sync 1 DAGs
[2024-07-26T10:57:37.986+0700] {logging_mixin.py:188} INFO - [2024-07-26T10:57:37.986+0700] {dag.py:3111} INFO - Creating ORM DAG for example_short_circuit_decorator
[2024-07-26T10:57:37.992+0700] {logging_mixin.py:188} INFO - [2024-07-26T10:57:37.992+0700] {dag.py:3947} INFO - Setting next_dagrun for example_short_circuit_decorator to 2024-07-25 00:00:00+00:00, run_after=2024-07-26 00:00:00+00:00
[2024-07-26T10:57:38.021+0700] {processor.py:183} INFO - Processing /usr/local/lib/python3.10/dist-packages/airflow/example_dags/example_short_circuit_decorator.py took 0.206 seconds
[2024-07-26T10:58:43.723+0700] {processor.py:161} INFO - Started process (PID=1895) to work on /usr/local/lib/python3.10/dist-packages/airflow/example_dags/example_short_circuit_decorator.py
[2024-07-26T10:58:43.725+0700] {processor.py:830} INFO - Processing file /usr/local/lib/python3.10/dist-packages/airflow/example_dags/example_short_circuit_decorator.py for tasks to queue
[2024-07-26T10:58:43.726+0700] {logging_mixin.py:188} INFO - [2024-07-26T10:58:43.726+0700] {dagbag.py:545} INFO - Filling up the DagBag from /usr/local/lib/python3.10/dist-packages/airflow/example_dags/example_short_circuit_decorator.py
[2024-07-26T10:58:43.733+0700] {processor.py:840} INFO - DAG(s) 'example_short_circuit_decorator' retrieved from /usr/local/lib/python3.10/dist-packages/airflow/example_dags/example_short_circuit_decorator.py
[2024-07-26T10:58:43.746+0700] {logging_mixin.py:188} INFO - [2024-07-26T10:58:43.746+0700] {dag.py:3089} INFO - Sync 1 DAGs
[2024-07-26T10:58:43.761+0700] {logging_mixin.py:188} INFO - [2024-07-26T10:58:43.761+0700] {dag.py:3947} INFO - Setting next_dagrun for example_short_circuit_decorator to 2024-07-25 00:00:00+00:00, run_after=2024-07-26 00:00:00+00:00
[2024-07-26T10:58:43.791+0700] {processor.py:183} INFO - Processing /usr/local/lib/python3.10/dist-packages/airflow/example_dags/example_short_circuit_decorator.py took 0.072 seconds
[2024-07-26T10:59:33.116+0700] {processor.py:161} INFO - Started process (PID=2143) to work on /usr/local/lib/python3.10/dist-packages/airflow/example_dags/example_short_circuit_decorator.py
[2024-07-26T10:59:33.117+0700] {processor.py:830} INFO - Processing file /usr/local/lib/python3.10/dist-packages/airflow/example_dags/example_short_circuit_decorator.py for tasks to queue
[2024-07-26T10:59:33.118+0700] {logging_mixin.py:188} INFO - [2024-07-26T10:59:33.118+0700] {dagbag.py:545} INFO - Filling up the DagBag from /usr/local/lib/python3.10/dist-packages/airflow/example_dags/example_short_circuit_decorator.py
[2024-07-26T10:59:33.125+0700] {processor.py:840} INFO - DAG(s) 'example_short_circuit_decorator' retrieved from /usr/local/lib/python3.10/dist-packages/airflow/example_dags/example_short_circuit_decorator.py
[2024-07-26T10:59:33.139+0700] {logging_mixin.py:188} INFO - [2024-07-26T10:59:33.139+0700] {dag.py:3089} INFO - Sync 1 DAGs
[2024-07-26T10:59:33.153+0700] {logging_mixin.py:188} INFO - [2024-07-26T10:59:33.153+0700] {dag.py:3947} INFO - Setting next_dagrun for example_short_circuit_decorator to 2024-07-25 00:00:00+00:00, run_after=2024-07-26 00:00:00+00:00
[2024-07-26T10:59:33.287+0700] {processor.py:183} INFO - Processing /usr/local/lib/python3.10/dist-packages/airflow/example_dags/example_short_circuit_decorator.py took 0.175 seconds
[2024-07-26T11:00:14.963+0700] {processor.py:161} INFO - Started process (PID=2349) to work on /usr/local/lib/python3.10/dist-packages/airflow/example_dags/example_short_circuit_decorator.py
[2024-07-26T11:00:14.966+0700] {processor.py:830} INFO - Processing file /usr/local/lib/python3.10/dist-packages/airflow/example_dags/example_short_circuit_decorator.py for tasks to queue
[2024-07-26T11:00:14.968+0700] {logging_mixin.py:188} INFO - [2024-07-26T11:00:14.967+0700] {dagbag.py:545} INFO - Filling up the DagBag from /usr/local/lib/python3.10/dist-packages/airflow/example_dags/example_short_circuit_decorator.py
[2024-07-26T11:00:14.977+0700] {processor.py:840} INFO - DAG(s) 'example_short_circuit_decorator' retrieved from /usr/local/lib/python3.10/dist-packages/airflow/example_dags/example_short_circuit_decorator.py
[2024-07-26T11:00:15.076+0700] {logging_mixin.py:188} INFO - [2024-07-26T11:00:15.075+0700] {dag.py:3089} INFO - Sync 1 DAGs
[2024-07-26T11:00:15.089+0700] {logging_mixin.py:188} INFO - [2024-07-26T11:00:15.089+0700] {dag.py:3947} INFO - Setting next_dagrun for example_short_circuit_decorator to 2024-07-25 00:00:00+00:00, run_after=2024-07-26 00:00:00+00:00
[2024-07-26T11:00:15.118+0700] {processor.py:183} INFO - Processing /usr/local/lib/python3.10/dist-packages/airflow/example_dags/example_short_circuit_decorator.py took 0.160 seconds
[2024-07-26T11:00:56.190+0700] {processor.py:161} INFO - Started process (PID=2557) to work on /usr/local/lib/python3.10/dist-packages/airflow/example_dags/example_short_circuit_decorator.py
[2024-07-26T11:00:56.191+0700] {processor.py:830} INFO - Processing file /usr/local/lib/python3.10/dist-packages/airflow/example_dags/example_short_circuit_decorator.py for tasks to queue
[2024-07-26T11:00:56.193+0700] {logging_mixin.py:188} INFO - [2024-07-26T11:00:56.192+0700] {dagbag.py:545} INFO - Filling up the DagBag from /usr/local/lib/python3.10/dist-packages/airflow/example_dags/example_short_circuit_decorator.py
[2024-07-26T11:00:56.200+0700] {processor.py:840} INFO - DAG(s) 'example_short_circuit_decorator' retrieved from /usr/local/lib/python3.10/dist-packages/airflow/example_dags/example_short_circuit_decorator.py
[2024-07-26T11:00:56.212+0700] {logging_mixin.py:188} INFO - [2024-07-26T11:00:56.212+0700] {dag.py:3089} INFO - Sync 1 DAGs
[2024-07-26T11:00:56.228+0700] {logging_mixin.py:188} INFO - [2024-07-26T11:00:56.228+0700] {dag.py:3947} INFO - Setting next_dagrun for example_short_circuit_decorator to 2024-07-25 00:00:00+00:00, run_after=2024-07-26 00:00:00+00:00
[2024-07-26T11:00:56.259+0700] {processor.py:183} INFO - Processing /usr/local/lib/python3.10/dist-packages/airflow/example_dags/example_short_circuit_decorator.py took 0.073 seconds
[2024-07-26T11:01:34.511+0700] {processor.py:161} INFO - Started process (PID=2748) to work on /usr/local/lib/python3.10/dist-packages/airflow/example_dags/example_short_circuit_decorator.py
[2024-07-26T11:01:34.514+0700] {processor.py:830} INFO - Processing file /usr/local/lib/python3.10/dist-packages/airflow/example_dags/example_short_circuit_decorator.py for tasks to queue
[2024-07-26T11:01:34.515+0700] {logging_mixin.py:188} INFO - [2024-07-26T11:01:34.515+0700] {dagbag.py:545} INFO - Filling up the DagBag from /usr/local/lib/python3.10/dist-packages/airflow/example_dags/example_short_circuit_decorator.py
[2024-07-26T11:01:34.521+0700] {processor.py:840} INFO - DAG(s) 'example_short_circuit_decorator' retrieved from /usr/local/lib/python3.10/dist-packages/airflow/example_dags/example_short_circuit_decorator.py
[2024-07-26T11:01:34.535+0700] {logging_mixin.py:188} INFO - [2024-07-26T11:01:34.535+0700] {dag.py:3089} INFO - Sync 1 DAGs
[2024-07-26T11:01:34.550+0700] {logging_mixin.py:188} INFO - [2024-07-26T11:01:34.550+0700] {dag.py:3947} INFO - Setting next_dagrun for example_short_circuit_decorator to 2024-07-25 00:00:00+00:00, run_after=2024-07-26 00:00:00+00:00
[2024-07-26T11:01:34.584+0700] {processor.py:183} INFO - Processing /usr/local/lib/python3.10/dist-packages/airflow/example_dags/example_short_circuit_decorator.py took 0.077 seconds
[2024-07-26T11:02:13.056+0700] {processor.py:161} INFO - Started process (PID=2939) to work on /usr/local/lib/python3.10/dist-packages/airflow/example_dags/example_short_circuit_decorator.py
[2024-07-26T11:02:13.057+0700] {processor.py:830} INFO - Processing file /usr/local/lib/python3.10/dist-packages/airflow/example_dags/example_short_circuit_decorator.py for tasks to queue
[2024-07-26T11:02:13.059+0700] {logging_mixin.py:188} INFO - [2024-07-26T11:02:13.058+0700] {dagbag.py:545} INFO - Filling up the DagBag from /usr/local/lib/python3.10/dist-packages/airflow/example_dags/example_short_circuit_decorator.py
[2024-07-26T11:02:13.065+0700] {processor.py:840} INFO - DAG(s) 'example_short_circuit_decorator' retrieved from /usr/local/lib/python3.10/dist-packages/airflow/example_dags/example_short_circuit_decorator.py
[2024-07-26T11:02:13.078+0700] {logging_mixin.py:188} INFO - [2024-07-26T11:02:13.078+0700] {dag.py:3089} INFO - Sync 1 DAGs
[2024-07-26T11:02:13.092+0700] {logging_mixin.py:188} INFO - [2024-07-26T11:02:13.092+0700] {dag.py:3947} INFO - Setting next_dagrun for example_short_circuit_decorator to 2024-07-25 00:00:00+00:00, run_after=2024-07-26 00:00:00+00:00
[2024-07-26T11:02:13.123+0700] {processor.py:183} INFO - Processing /usr/local/lib/python3.10/dist-packages/airflow/example_dags/example_short_circuit_decorator.py took 0.071 seconds
[2024-07-26T11:02:51.337+0700] {processor.py:161} INFO - Started process (PID=3132) to work on /usr/local/lib/python3.10/dist-packages/airflow/example_dags/example_short_circuit_decorator.py
[2024-07-26T11:02:51.339+0700] {processor.py:830} INFO - Processing file /usr/local/lib/python3.10/dist-packages/airflow/example_dags/example_short_circuit_decorator.py for tasks to queue
[2024-07-26T11:02:51.340+0700] {logging_mixin.py:188} INFO - [2024-07-26T11:02:51.339+0700] {dagbag.py:545} INFO - Filling up the DagBag from /usr/local/lib/python3.10/dist-packages/airflow/example_dags/example_short_circuit_decorator.py
[2024-07-26T11:02:51.347+0700] {processor.py:840} INFO - DAG(s) 'example_short_circuit_decorator' retrieved from /usr/local/lib/python3.10/dist-packages/airflow/example_dags/example_short_circuit_decorator.py
[2024-07-26T11:02:51.361+0700] {logging_mixin.py:188} INFO - [2024-07-26T11:02:51.361+0700] {dag.py:3089} INFO - Sync 1 DAGs
[2024-07-26T11:02:51.375+0700] {logging_mixin.py:188} INFO - [2024-07-26T11:02:51.374+0700] {dag.py:3947} INFO - Setting next_dagrun for example_short_circuit_decorator to 2024-07-25 00:00:00+00:00, run_after=2024-07-26 00:00:00+00:00
[2024-07-26T11:02:51.405+0700] {processor.py:183} INFO - Processing /usr/local/lib/python3.10/dist-packages/airflow/example_dags/example_short_circuit_decorator.py took 0.072 seconds
[2024-07-26T11:03:30.891+0700] {processor.py:161} INFO - Started process (PID=3434) to work on /usr/local/lib/python3.10/dist-packages/airflow/example_dags/example_short_circuit_decorator.py
[2024-07-26T11:03:30.893+0700] {processor.py:830} INFO - Processing file /usr/local/lib/python3.10/dist-packages/airflow/example_dags/example_short_circuit_decorator.py for tasks to queue
[2024-07-26T11:03:30.894+0700] {logging_mixin.py:188} INFO - [2024-07-26T11:03:30.894+0700] {dagbag.py:545} INFO - Filling up the DagBag from /usr/local/lib/python3.10/dist-packages/airflow/example_dags/example_short_circuit_decorator.py
[2024-07-26T11:03:30.902+0700] {processor.py:840} INFO - DAG(s) 'example_short_circuit_decorator' retrieved from /usr/local/lib/python3.10/dist-packages/airflow/example_dags/example_short_circuit_decorator.py
[2024-07-26T11:03:30.915+0700] {logging_mixin.py:188} INFO - [2024-07-26T11:03:30.915+0700] {dag.py:3089} INFO - Sync 1 DAGs
[2024-07-26T11:03:30.929+0700] {logging_mixin.py:188} INFO - [2024-07-26T11:03:30.929+0700] {dag.py:3947} INFO - Setting next_dagrun for example_short_circuit_decorator to 2024-07-25 00:00:00+00:00, run_after=2024-07-26 00:00:00+00:00
[2024-07-26T11:03:30.961+0700] {processor.py:183} INFO - Processing /usr/local/lib/python3.10/dist-packages/airflow/example_dags/example_short_circuit_decorator.py took 0.074 seconds
[2024-07-26T11:04:10.302+0700] {processor.py:161} INFO - Started process (PID=3641) to work on /usr/local/lib/python3.10/dist-packages/airflow/example_dags/example_short_circuit_decorator.py
[2024-07-26T11:04:10.303+0700] {processor.py:830} INFO - Processing file /usr/local/lib/python3.10/dist-packages/airflow/example_dags/example_short_circuit_decorator.py for tasks to queue
[2024-07-26T11:04:10.304+0700] {logging_mixin.py:188} INFO - [2024-07-26T11:04:10.304+0700] {dagbag.py:545} INFO - Filling up the DagBag from /usr/local/lib/python3.10/dist-packages/airflow/example_dags/example_short_circuit_decorator.py
[2024-07-26T11:04:10.310+0700] {processor.py:840} INFO - DAG(s) 'example_short_circuit_decorator' retrieved from /usr/local/lib/python3.10/dist-packages/airflow/example_dags/example_short_circuit_decorator.py
[2024-07-26T11:04:10.324+0700] {logging_mixin.py:188} INFO - [2024-07-26T11:04:10.324+0700] {dag.py:3089} INFO - Sync 1 DAGs
[2024-07-26T11:04:10.342+0700] {logging_mixin.py:188} INFO - [2024-07-26T11:04:10.342+0700] {dag.py:3947} INFO - Setting next_dagrun for example_short_circuit_decorator to 2024-07-25 00:00:00+00:00, run_after=2024-07-26 00:00:00+00:00
[2024-07-26T11:04:10.372+0700] {processor.py:183} INFO - Processing /usr/local/lib/python3.10/dist-packages/airflow/example_dags/example_short_circuit_decorator.py took 0.076 seconds
[2024-07-26T11:04:50.859+0700] {processor.py:161} INFO - Started process (PID=3847) to work on /usr/local/lib/python3.10/dist-packages/airflow/example_dags/example_short_circuit_decorator.py
[2024-07-26T11:04:50.860+0700] {processor.py:830} INFO - Processing file /usr/local/lib/python3.10/dist-packages/airflow/example_dags/example_short_circuit_decorator.py for tasks to queue
[2024-07-26T11:04:50.861+0700] {logging_mixin.py:188} INFO - [2024-07-26T11:04:50.861+0700] {dagbag.py:545} INFO - Filling up the DagBag from /usr/local/lib/python3.10/dist-packages/airflow/example_dags/example_short_circuit_decorator.py
[2024-07-26T11:04:50.867+0700] {processor.py:840} INFO - DAG(s) 'example_short_circuit_decorator' retrieved from /usr/local/lib/python3.10/dist-packages/airflow/example_dags/example_short_circuit_decorator.py
[2024-07-26T11:04:50.880+0700] {logging_mixin.py:188} INFO - [2024-07-26T11:04:50.879+0700] {dag.py:3089} INFO - Sync 1 DAGs
[2024-07-26T11:04:50.897+0700] {logging_mixin.py:188} INFO - [2024-07-26T11:04:50.896+0700] {dag.py:3947} INFO - Setting next_dagrun for example_short_circuit_decorator to 2024-07-25 00:00:00+00:00, run_after=2024-07-26 00:00:00+00:00
[2024-07-26T11:04:50.926+0700] {processor.py:183} INFO - Processing /usr/local/lib/python3.10/dist-packages/airflow/example_dags/example_short_circuit_decorator.py took 0.073 seconds
[2024-07-26T11:05:30.446+0700] {processor.py:161} INFO - Started process (PID=4053) to work on /usr/local/lib/python3.10/dist-packages/airflow/example_dags/example_short_circuit_decorator.py
[2024-07-26T11:05:30.447+0700] {processor.py:830} INFO - Processing file /usr/local/lib/python3.10/dist-packages/airflow/example_dags/example_short_circuit_decorator.py for tasks to queue
[2024-07-26T11:05:30.448+0700] {logging_mixin.py:188} INFO - [2024-07-26T11:05:30.448+0700] {dagbag.py:545} INFO - Filling up the DagBag from /usr/local/lib/python3.10/dist-packages/airflow/example_dags/example_short_circuit_decorator.py
[2024-07-26T11:05:30.457+0700] {processor.py:840} INFO - DAG(s) 'example_short_circuit_decorator' retrieved from /usr/local/lib/python3.10/dist-packages/airflow/example_dags/example_short_circuit_decorator.py
[2024-07-26T11:05:30.471+0700] {logging_mixin.py:188} INFO - [2024-07-26T11:05:30.470+0700] {dag.py:3089} INFO - Sync 1 DAGs
[2024-07-26T11:05:30.488+0700] {logging_mixin.py:188} INFO - [2024-07-26T11:05:30.488+0700] {dag.py:3947} INFO - Setting next_dagrun for example_short_circuit_decorator to 2024-07-25 00:00:00+00:00, run_after=2024-07-26 00:00:00+00:00
[2024-07-26T11:05:30.520+0700] {processor.py:183} INFO - Processing /usr/local/lib/python3.10/dist-packages/airflow/example_dags/example_short_circuit_decorator.py took 0.081 seconds
[2024-07-26T11:06:08.056+0700] {processor.py:161} INFO - Started process (PID=4240) to work on /usr/local/lib/python3.10/dist-packages/airflow/example_dags/example_short_circuit_decorator.py
[2024-07-26T11:06:08.057+0700] {processor.py:830} INFO - Processing file /usr/local/lib/python3.10/dist-packages/airflow/example_dags/example_short_circuit_decorator.py for tasks to queue
[2024-07-26T11:06:08.059+0700] {logging_mixin.py:188} INFO - [2024-07-26T11:06:08.058+0700] {dagbag.py:545} INFO - Filling up the DagBag from /usr/local/lib/python3.10/dist-packages/airflow/example_dags/example_short_circuit_decorator.py
[2024-07-26T11:06:08.067+0700] {processor.py:840} INFO - DAG(s) 'example_short_circuit_decorator' retrieved from /usr/local/lib/python3.10/dist-packages/airflow/example_dags/example_short_circuit_decorator.py
[2024-07-26T11:06:08.082+0700] {logging_mixin.py:188} INFO - [2024-07-26T11:06:08.082+0700] {dag.py:3089} INFO - Sync 1 DAGs
[2024-07-26T11:06:08.101+0700] {logging_mixin.py:188} INFO - [2024-07-26T11:06:08.100+0700] {dag.py:3947} INFO - Setting next_dagrun for example_short_circuit_decorator to 2024-07-25 00:00:00+00:00, run_after=2024-07-26 00:00:00+00:00
[2024-07-26T11:06:08.130+0700] {processor.py:183} INFO - Processing /usr/local/lib/python3.10/dist-packages/airflow/example_dags/example_short_circuit_decorator.py took 0.081 seconds
[2024-07-26T11:06:52.286+0700] {processor.py:161} INFO - Started process (PID=4456) to work on /usr/local/lib/python3.10/dist-packages/airflow/example_dags/example_short_circuit_decorator.py
[2024-07-26T11:06:52.287+0700] {processor.py:830} INFO - Processing file /usr/local/lib/python3.10/dist-packages/airflow/example_dags/example_short_circuit_decorator.py for tasks to queue
[2024-07-26T11:06:52.288+0700] {logging_mixin.py:188} INFO - [2024-07-26T11:06:52.288+0700] {dagbag.py:545} INFO - Filling up the DagBag from /usr/local/lib/python3.10/dist-packages/airflow/example_dags/example_short_circuit_decorator.py
[2024-07-26T11:06:52.297+0700] {processor.py:840} INFO - DAG(s) 'example_short_circuit_decorator' retrieved from /usr/local/lib/python3.10/dist-packages/airflow/example_dags/example_short_circuit_decorator.py
[2024-07-26T11:06:52.316+0700] {logging_mixin.py:188} INFO - [2024-07-26T11:06:52.316+0700] {dag.py:3089} INFO - Sync 1 DAGs
[2024-07-26T11:06:52.337+0700] {logging_mixin.py:188} INFO - [2024-07-26T11:06:52.337+0700] {dag.py:3947} INFO - Setting next_dagrun for example_short_circuit_decorator to 2024-07-25 00:00:00+00:00, run_after=2024-07-26 00:00:00+00:00
[2024-07-26T11:06:52.374+0700] {processor.py:183} INFO - Processing /usr/local/lib/python3.10/dist-packages/airflow/example_dags/example_short_circuit_decorator.py took 0.096 seconds
[2024-07-26T11:07:33.221+0700] {processor.py:161} INFO - Started process (PID=4661) to work on /usr/local/lib/python3.10/dist-packages/airflow/example_dags/example_short_circuit_decorator.py
[2024-07-26T11:07:33.223+0700] {processor.py:830} INFO - Processing file /usr/local/lib/python3.10/dist-packages/airflow/example_dags/example_short_circuit_decorator.py for tasks to queue
[2024-07-26T11:07:33.225+0700] {logging_mixin.py:188} INFO - [2024-07-26T11:07:33.225+0700] {dagbag.py:545} INFO - Filling up the DagBag from /usr/local/lib/python3.10/dist-packages/airflow/example_dags/example_short_circuit_decorator.py
[2024-07-26T11:07:33.233+0700] {processor.py:840} INFO - DAG(s) 'example_short_circuit_decorator' retrieved from /usr/local/lib/python3.10/dist-packages/airflow/example_dags/example_short_circuit_decorator.py
[2024-07-26T11:07:33.248+0700] {logging_mixin.py:188} INFO - [2024-07-26T11:07:33.247+0700] {dag.py:3089} INFO - Sync 1 DAGs
[2024-07-26T11:07:33.263+0700] {logging_mixin.py:188} INFO - [2024-07-26T11:07:33.263+0700] {dag.py:3947} INFO - Setting next_dagrun for example_short_circuit_decorator to 2024-07-25 00:00:00+00:00, run_after=2024-07-26 00:00:00+00:00
[2024-07-26T11:07:33.296+0700] {processor.py:183} INFO - Processing /usr/local/lib/python3.10/dist-packages/airflow/example_dags/example_short_circuit_decorator.py took 0.080 seconds
[2024-07-26T11:08:11.290+0700] {processor.py:161} INFO - Started process (PID=4850) to work on /usr/local/lib/python3.10/dist-packages/airflow/example_dags/example_short_circuit_decorator.py
[2024-07-26T11:08:11.291+0700] {processor.py:830} INFO - Processing file /usr/local/lib/python3.10/dist-packages/airflow/example_dags/example_short_circuit_decorator.py for tasks to queue
[2024-07-26T11:08:11.292+0700] {logging_mixin.py:188} INFO - [2024-07-26T11:08:11.292+0700] {dagbag.py:545} INFO - Filling up the DagBag from /usr/local/lib/python3.10/dist-packages/airflow/example_dags/example_short_circuit_decorator.py
[2024-07-26T11:08:11.300+0700] {processor.py:840} INFO - DAG(s) 'example_short_circuit_decorator' retrieved from /usr/local/lib/python3.10/dist-packages/airflow/example_dags/example_short_circuit_decorator.py
[2024-07-26T11:08:11.313+0700] {logging_mixin.py:188} INFO - [2024-07-26T11:08:11.313+0700] {dag.py:3089} INFO - Sync 1 DAGs
[2024-07-26T11:08:11.330+0700] {logging_mixin.py:188} INFO - [2024-07-26T11:08:11.330+0700] {dag.py:3947} INFO - Setting next_dagrun for example_short_circuit_decorator to 2024-07-25 00:00:00+00:00, run_after=2024-07-26 00:00:00+00:00
[2024-07-26T11:08:11.360+0700] {processor.py:183} INFO - Processing /usr/local/lib/python3.10/dist-packages/airflow/example_dags/example_short_circuit_decorator.py took 0.076 seconds
[2024-07-26T11:08:50.717+0700] {processor.py:161} INFO - Started process (PID=5047) to work on /usr/local/lib/python3.10/dist-packages/airflow/example_dags/example_short_circuit_decorator.py
[2024-07-26T11:08:50.719+0700] {processor.py:830} INFO - Processing file /usr/local/lib/python3.10/dist-packages/airflow/example_dags/example_short_circuit_decorator.py for tasks to queue
[2024-07-26T11:08:50.720+0700] {logging_mixin.py:188} INFO - [2024-07-26T11:08:50.720+0700] {dagbag.py:545} INFO - Filling up the DagBag from /usr/local/lib/python3.10/dist-packages/airflow/example_dags/example_short_circuit_decorator.py
[2024-07-26T11:08:50.727+0700] {processor.py:840} INFO - DAG(s) 'example_short_circuit_decorator' retrieved from /usr/local/lib/python3.10/dist-packages/airflow/example_dags/example_short_circuit_decorator.py
[2024-07-26T11:08:50.740+0700] {logging_mixin.py:188} INFO - [2024-07-26T11:08:50.739+0700] {dag.py:3089} INFO - Sync 1 DAGs
[2024-07-26T11:08:50.755+0700] {logging_mixin.py:188} INFO - [2024-07-26T11:08:50.755+0700] {dag.py:3947} INFO - Setting next_dagrun for example_short_circuit_decorator to 2024-07-25 00:00:00+00:00, run_after=2024-07-26 00:00:00+00:00
[2024-07-26T11:08:50.782+0700] {processor.py:183} INFO - Processing /usr/local/lib/python3.10/dist-packages/airflow/example_dags/example_short_circuit_decorator.py took 0.072 seconds
[2024-07-26T11:09:31.952+0700] {processor.py:161} INFO - Started process (PID=5252) to work on /usr/local/lib/python3.10/dist-packages/airflow/example_dags/example_short_circuit_decorator.py
[2024-07-26T11:09:31.953+0700] {processor.py:830} INFO - Processing file /usr/local/lib/python3.10/dist-packages/airflow/example_dags/example_short_circuit_decorator.py for tasks to queue
[2024-07-26T11:09:31.954+0700] {logging_mixin.py:188} INFO - [2024-07-26T11:09:31.954+0700] {dagbag.py:545} INFO - Filling up the DagBag from /usr/local/lib/python3.10/dist-packages/airflow/example_dags/example_short_circuit_decorator.py
[2024-07-26T11:09:31.960+0700] {processor.py:840} INFO - DAG(s) 'example_short_circuit_decorator' retrieved from /usr/local/lib/python3.10/dist-packages/airflow/example_dags/example_short_circuit_decorator.py
[2024-07-26T11:09:31.973+0700] {logging_mixin.py:188} INFO - [2024-07-26T11:09:31.973+0700] {dag.py:3089} INFO - Sync 1 DAGs
[2024-07-26T11:09:31.987+0700] {logging_mixin.py:188} INFO - [2024-07-26T11:09:31.987+0700] {dag.py:3947} INFO - Setting next_dagrun for example_short_circuit_decorator to 2024-07-25 00:00:00+00:00, run_after=2024-07-26 00:00:00+00:00
[2024-07-26T11:09:32.016+0700] {processor.py:183} INFO - Processing /usr/local/lib/python3.10/dist-packages/airflow/example_dags/example_short_circuit_decorator.py took 0.070 seconds
[2024-07-26T11:10:10.693+0700] {processor.py:161} INFO - Started process (PID=5445) to work on /usr/local/lib/python3.10/dist-packages/airflow/example_dags/example_short_circuit_decorator.py
[2024-07-26T11:10:10.695+0700] {processor.py:830} INFO - Processing file /usr/local/lib/python3.10/dist-packages/airflow/example_dags/example_short_circuit_decorator.py for tasks to queue
[2024-07-26T11:10:10.696+0700] {logging_mixin.py:188} INFO - [2024-07-26T11:10:10.696+0700] {dagbag.py:545} INFO - Filling up the DagBag from /usr/local/lib/python3.10/dist-packages/airflow/example_dags/example_short_circuit_decorator.py
[2024-07-26T11:10:10.702+0700] {processor.py:840} INFO - DAG(s) 'example_short_circuit_decorator' retrieved from /usr/local/lib/python3.10/dist-packages/airflow/example_dags/example_short_circuit_decorator.py
[2024-07-26T11:10:10.716+0700] {logging_mixin.py:188} INFO - [2024-07-26T11:10:10.715+0700] {dag.py:3089} INFO - Sync 1 DAGs
[2024-07-26T11:10:10.730+0700] {logging_mixin.py:188} INFO - [2024-07-26T11:10:10.730+0700] {dag.py:3947} INFO - Setting next_dagrun for example_short_circuit_decorator to 2024-07-25 00:00:00+00:00, run_after=2024-07-26 00:00:00+00:00
[2024-07-26T11:10:10.759+0700] {processor.py:183} INFO - Processing /usr/local/lib/python3.10/dist-packages/airflow/example_dags/example_short_circuit_decorator.py took 0.072 seconds
[2024-07-26T11:10:49.791+0700] {processor.py:161} INFO - Started process (PID=5640) to work on /usr/local/lib/python3.10/dist-packages/airflow/example_dags/example_short_circuit_decorator.py
[2024-07-26T11:10:49.794+0700] {processor.py:830} INFO - Processing file /usr/local/lib/python3.10/dist-packages/airflow/example_dags/example_short_circuit_decorator.py for tasks to queue
[2024-07-26T11:10:49.795+0700] {logging_mixin.py:188} INFO - [2024-07-26T11:10:49.795+0700] {dagbag.py:545} INFO - Filling up the DagBag from /usr/local/lib/python3.10/dist-packages/airflow/example_dags/example_short_circuit_decorator.py
[2024-07-26T11:10:49.801+0700] {processor.py:840} INFO - DAG(s) 'example_short_circuit_decorator' retrieved from /usr/local/lib/python3.10/dist-packages/airflow/example_dags/example_short_circuit_decorator.py
[2024-07-26T11:10:49.814+0700] {logging_mixin.py:188} INFO - [2024-07-26T11:10:49.814+0700] {dag.py:3089} INFO - Sync 1 DAGs
[2024-07-26T11:10:49.828+0700] {logging_mixin.py:188} INFO - [2024-07-26T11:10:49.828+0700] {dag.py:3947} INFO - Setting next_dagrun for example_short_circuit_decorator to 2024-07-25 00:00:00+00:00, run_after=2024-07-26 00:00:00+00:00
[2024-07-26T11:10:49.858+0700] {processor.py:183} INFO - Processing /usr/local/lib/python3.10/dist-packages/airflow/example_dags/example_short_circuit_decorator.py took 0.073 seconds
[2024-07-26T11:11:28.620+0700] {processor.py:161} INFO - Started process (PID=5832) to work on /usr/local/lib/python3.10/dist-packages/airflow/example_dags/example_short_circuit_decorator.py
[2024-07-26T11:11:28.622+0700] {processor.py:830} INFO - Processing file /usr/local/lib/python3.10/dist-packages/airflow/example_dags/example_short_circuit_decorator.py for tasks to queue
[2024-07-26T11:11:28.624+0700] {logging_mixin.py:188} INFO - [2024-07-26T11:11:28.623+0700] {dagbag.py:545} INFO - Filling up the DagBag from /usr/local/lib/python3.10/dist-packages/airflow/example_dags/example_short_circuit_decorator.py
[2024-07-26T11:11:28.630+0700] {processor.py:840} INFO - DAG(s) 'example_short_circuit_decorator' retrieved from /usr/local/lib/python3.10/dist-packages/airflow/example_dags/example_short_circuit_decorator.py
[2024-07-26T11:11:28.646+0700] {logging_mixin.py:188} INFO - [2024-07-26T11:11:28.645+0700] {dag.py:3089} INFO - Sync 1 DAGs
[2024-07-26T11:11:28.662+0700] {logging_mixin.py:188} INFO - [2024-07-26T11:11:28.662+0700] {dag.py:3947} INFO - Setting next_dagrun for example_short_circuit_decorator to 2024-07-25 00:00:00+00:00, run_after=2024-07-26 00:00:00+00:00
[2024-07-26T11:11:28.690+0700] {processor.py:183} INFO - Processing /usr/local/lib/python3.10/dist-packages/airflow/example_dags/example_short_circuit_decorator.py took 0.076 seconds
[2024-07-26T11:12:05.313+0700] {processor.py:161} INFO - Started process (PID=6016) to work on /usr/local/lib/python3.10/dist-packages/airflow/example_dags/example_short_circuit_decorator.py
[2024-07-26T11:12:05.315+0700] {processor.py:830} INFO - Processing file /usr/local/lib/python3.10/dist-packages/airflow/example_dags/example_short_circuit_decorator.py for tasks to queue
[2024-07-26T11:12:05.316+0700] {logging_mixin.py:188} INFO - [2024-07-26T11:12:05.316+0700] {dagbag.py:545} INFO - Filling up the DagBag from /usr/local/lib/python3.10/dist-packages/airflow/example_dags/example_short_circuit_decorator.py
[2024-07-26T11:12:05.323+0700] {processor.py:840} INFO - DAG(s) 'example_short_circuit_decorator' retrieved from /usr/local/lib/python3.10/dist-packages/airflow/example_dags/example_short_circuit_decorator.py
[2024-07-26T11:12:05.337+0700] {logging_mixin.py:188} INFO - [2024-07-26T11:12:05.337+0700] {dag.py:3089} INFO - Sync 1 DAGs
[2024-07-26T11:12:05.354+0700] {logging_mixin.py:188} INFO - [2024-07-26T11:12:05.354+0700] {dag.py:3947} INFO - Setting next_dagrun for example_short_circuit_decorator to 2024-07-25 00:00:00+00:00, run_after=2024-07-26 00:00:00+00:00
[2024-07-26T11:12:05.383+0700] {processor.py:183} INFO - Processing /usr/local/lib/python3.10/dist-packages/airflow/example_dags/example_short_circuit_decorator.py took 0.078 seconds
