[2024-07-26T10:58:20.948+0700] {processor.py:161} INFO - Started process (PID=1783) to work on /usr/local/lib/python3.10/dist-packages/airflow/example_dags/example_bash_decorator.py
[2024-07-26T10:58:20.948+0700] {processor.py:830} INFO - Processing file /usr/local/lib/python3.10/dist-packages/airflow/example_dags/example_bash_decorator.py for tasks to queue
[2024-07-26T10:58:20.950+0700] {logging_mixin.py:188} INFO - [2024-07-26T10:58:20.949+0700] {dagbag.py:545} INFO - Filling up the DagBag from /usr/local/lib/python3.10/dist-packages/airflow/example_dags/example_bash_decorator.py
[2024-07-26T10:58:20.959+0700] {processor.py:840} INFO - DAG(s) 'example_bash_decorator' retrieved from /usr/local/lib/python3.10/dist-packages/airflow/example_dags/example_bash_decorator.py
[2024-07-26T10:58:21.055+0700] {logging_mixin.py:188} INFO - [2024-07-26T10:58:21.054+0700] {override.py:1858} INFO - Created Permission View: can read on DAG:example_bash_decorator
[2024-07-26T10:58:21.075+0700] {logging_mixin.py:188} INFO - [2024-07-26T10:58:21.074+0700] {override.py:1858} INFO - Created Permission View: can edit on DAG:example_bash_decorator
[2024-07-26T10:58:21.093+0700] {logging_mixin.py:188} INFO - [2024-07-26T10:58:21.092+0700] {override.py:1858} INFO - Created Permission View: can delete on DAG:example_bash_decorator
[2024-07-26T10:58:21.094+0700] {logging_mixin.py:188} INFO - [2024-07-26T10:58:21.093+0700] {dag.py:3089} INFO - Sync 1 DAGs
[2024-07-26T10:58:21.194+0700] {logging_mixin.py:188} INFO - [2024-07-26T10:58:21.193+0700] {dag.py:3111} INFO - Creating ORM DAG for example_bash_decorator
[2024-07-26T10:58:21.194+0700] {logging_mixin.py:188} INFO - [2024-07-26T10:58:21.194+0700] {dag.py:3947} INFO - Setting next_dagrun for example_bash_decorator to None, run_after=None
[2024-07-26T10:58:21.225+0700] {processor.py:183} INFO - Processing /usr/local/lib/python3.10/dist-packages/airflow/example_dags/example_bash_decorator.py took 0.282 seconds
[2024-07-26T10:59:16.595+0700] {processor.py:161} INFO - Started process (PID=2057) to work on /usr/local/lib/python3.10/dist-packages/airflow/example_dags/example_bash_decorator.py
[2024-07-26T10:59:16.596+0700] {processor.py:830} INFO - Processing file /usr/local/lib/python3.10/dist-packages/airflow/example_dags/example_bash_decorator.py for tasks to queue
[2024-07-26T10:59:16.597+0700] {logging_mixin.py:188} INFO - [2024-07-26T10:59:16.597+0700] {dagbag.py:545} INFO - Filling up the DagBag from /usr/local/lib/python3.10/dist-packages/airflow/example_dags/example_bash_decorator.py
[2024-07-26T10:59:16.607+0700] {processor.py:840} INFO - DAG(s) 'example_bash_decorator' retrieved from /usr/local/lib/python3.10/dist-packages/airflow/example_dags/example_bash_decorator.py
[2024-07-26T10:59:16.620+0700] {logging_mixin.py:188} INFO - [2024-07-26T10:59:16.620+0700] {dag.py:3089} INFO - Sync 1 DAGs
[2024-07-26T10:59:16.628+0700] {logging_mixin.py:188} INFO - [2024-07-26T10:59:16.627+0700] {dag.py:3947} INFO - Setting next_dagrun for example_bash_decorator to None, run_after=None
[2024-07-26T10:59:16.658+0700] {processor.py:183} INFO - Processing /usr/local/lib/python3.10/dist-packages/airflow/example_dags/example_bash_decorator.py took 0.067 seconds
[2024-07-26T11:00:06.441+0700] {processor.py:161} INFO - Started process (PID=2307) to work on /usr/local/lib/python3.10/dist-packages/airflow/example_dags/example_bash_decorator.py
[2024-07-26T11:00:06.443+0700] {processor.py:830} INFO - Processing file /usr/local/lib/python3.10/dist-packages/airflow/example_dags/example_bash_decorator.py for tasks to queue
[2024-07-26T11:00:06.445+0700] {logging_mixin.py:188} INFO - [2024-07-26T11:00:06.445+0700] {dagbag.py:545} INFO - Filling up the DagBag from /usr/local/lib/python3.10/dist-packages/airflow/example_dags/example_bash_decorator.py
[2024-07-26T11:00:06.454+0700] {processor.py:840} INFO - DAG(s) 'example_bash_decorator' retrieved from /usr/local/lib/python3.10/dist-packages/airflow/example_dags/example_bash_decorator.py
[2024-07-26T11:00:06.545+0700] {logging_mixin.py:188} INFO - [2024-07-26T11:00:06.545+0700] {dag.py:3089} INFO - Sync 1 DAGs
[2024-07-26T11:00:06.552+0700] {logging_mixin.py:188} INFO - [2024-07-26T11:00:06.552+0700] {dag.py:3947} INFO - Setting next_dagrun for example_bash_decorator to None, run_after=None
[2024-07-26T11:00:06.579+0700] {processor.py:183} INFO - Processing /usr/local/lib/python3.10/dist-packages/airflow/example_dags/example_bash_decorator.py took 0.141 seconds
[2024-07-26T11:01:07.467+0700] {processor.py:161} INFO - Started process (PID=2612) to work on /usr/local/lib/python3.10/dist-packages/airflow/example_dags/example_bash_decorator.py
[2024-07-26T11:01:07.471+0700] {processor.py:830} INFO - Processing file /usr/local/lib/python3.10/dist-packages/airflow/example_dags/example_bash_decorator.py for tasks to queue
[2024-07-26T11:01:07.472+0700] {logging_mixin.py:188} INFO - [2024-07-26T11:01:07.472+0700] {dagbag.py:545} INFO - Filling up the DagBag from /usr/local/lib/python3.10/dist-packages/airflow/example_dags/example_bash_decorator.py
[2024-07-26T11:01:07.481+0700] {processor.py:840} INFO - DAG(s) 'example_bash_decorator' retrieved from /usr/local/lib/python3.10/dist-packages/airflow/example_dags/example_bash_decorator.py
[2024-07-26T11:01:07.495+0700] {logging_mixin.py:188} INFO - [2024-07-26T11:01:07.495+0700] {dag.py:3089} INFO - Sync 1 DAGs
[2024-07-26T11:01:07.503+0700] {logging_mixin.py:188} INFO - [2024-07-26T11:01:07.503+0700] {dag.py:3947} INFO - Setting next_dagrun for example_bash_decorator to None, run_after=None
[2024-07-26T11:01:07.532+0700] {processor.py:183} INFO - Processing /usr/local/lib/python3.10/dist-packages/airflow/example_dags/example_bash_decorator.py took 0.069 seconds
[2024-07-26T11:02:05.918+0700] {processor.py:161} INFO - Started process (PID=2903) to work on /usr/local/lib/python3.10/dist-packages/airflow/example_dags/example_bash_decorator.py
[2024-07-26T11:02:05.919+0700] {processor.py:830} INFO - Processing file /usr/local/lib/python3.10/dist-packages/airflow/example_dags/example_bash_decorator.py for tasks to queue
[2024-07-26T11:02:05.920+0700] {logging_mixin.py:188} INFO - [2024-07-26T11:02:05.920+0700] {dagbag.py:545} INFO - Filling up the DagBag from /usr/local/lib/python3.10/dist-packages/airflow/example_dags/example_bash_decorator.py
[2024-07-26T11:02:05.930+0700] {processor.py:840} INFO - DAG(s) 'example_bash_decorator' retrieved from /usr/local/lib/python3.10/dist-packages/airflow/example_dags/example_bash_decorator.py
[2024-07-26T11:02:05.943+0700] {logging_mixin.py:188} INFO - [2024-07-26T11:02:05.943+0700] {dag.py:3089} INFO - Sync 1 DAGs
[2024-07-26T11:02:05.953+0700] {logging_mixin.py:188} INFO - [2024-07-26T11:02:05.953+0700] {dag.py:3947} INFO - Setting next_dagrun for example_bash_decorator to None, run_after=None
[2024-07-26T11:02:05.982+0700] {processor.py:183} INFO - Processing /usr/local/lib/python3.10/dist-packages/airflow/example_dags/example_bash_decorator.py took 0.068 seconds
[2024-07-26T11:03:01.209+0700] {processor.py:161} INFO - Started process (PID=3181) to work on /usr/local/lib/python3.10/dist-packages/airflow/example_dags/example_bash_decorator.py
[2024-07-26T11:03:01.212+0700] {processor.py:830} INFO - Processing file /usr/local/lib/python3.10/dist-packages/airflow/example_dags/example_bash_decorator.py for tasks to queue
[2024-07-26T11:03:01.214+0700] {logging_mixin.py:188} INFO - [2024-07-26T11:03:01.213+0700] {dagbag.py:545} INFO - Filling up the DagBag from /usr/local/lib/python3.10/dist-packages/airflow/example_dags/example_bash_decorator.py
[2024-07-26T11:03:01.225+0700] {processor.py:840} INFO - DAG(s) 'example_bash_decorator' retrieved from /usr/local/lib/python3.10/dist-packages/airflow/example_dags/example_bash_decorator.py
[2024-07-26T11:03:01.241+0700] {logging_mixin.py:188} INFO - [2024-07-26T11:03:01.241+0700] {dag.py:3089} INFO - Sync 1 DAGs
[2024-07-26T11:03:01.252+0700] {logging_mixin.py:188} INFO - [2024-07-26T11:03:01.251+0700] {dag.py:3947} INFO - Setting next_dagrun for example_bash_decorator to None, run_after=None
[2024-07-26T11:03:01.287+0700] {processor.py:183} INFO - Processing /usr/local/lib/python3.10/dist-packages/airflow/example_dags/example_bash_decorator.py took 0.083 seconds
[2024-07-26T11:04:01.302+0700] {processor.py:161} INFO - Started process (PID=3590) to work on /usr/local/lib/python3.10/dist-packages/airflow/example_dags/example_bash_decorator.py
[2024-07-26T11:04:01.303+0700] {processor.py:830} INFO - Processing file /usr/local/lib/python3.10/dist-packages/airflow/example_dags/example_bash_decorator.py for tasks to queue
[2024-07-26T11:04:01.304+0700] {logging_mixin.py:188} INFO - [2024-07-26T11:04:01.304+0700] {dagbag.py:545} INFO - Filling up the DagBag from /usr/local/lib/python3.10/dist-packages/airflow/example_dags/example_bash_decorator.py
[2024-07-26T11:04:01.314+0700] {processor.py:840} INFO - DAG(s) 'example_bash_decorator' retrieved from /usr/local/lib/python3.10/dist-packages/airflow/example_dags/example_bash_decorator.py
[2024-07-26T11:04:01.327+0700] {logging_mixin.py:188} INFO - [2024-07-26T11:04:01.327+0700] {dag.py:3089} INFO - Sync 1 DAGs
[2024-07-26T11:04:01.335+0700] {logging_mixin.py:188} INFO - [2024-07-26T11:04:01.335+0700] {dag.py:3947} INFO - Setting next_dagrun for example_bash_decorator to None, run_after=None
[2024-07-26T11:04:01.365+0700] {processor.py:183} INFO - Processing /usr/local/lib/python3.10/dist-packages/airflow/example_dags/example_bash_decorator.py took 0.067 seconds
[2024-07-26T11:05:02.131+0700] {processor.py:161} INFO - Started process (PID=3909) to work on /usr/local/lib/python3.10/dist-packages/airflow/example_dags/example_bash_decorator.py
[2024-07-26T11:05:02.133+0700] {processor.py:830} INFO - Processing file /usr/local/lib/python3.10/dist-packages/airflow/example_dags/example_bash_decorator.py for tasks to queue
[2024-07-26T11:05:02.134+0700] {logging_mixin.py:188} INFO - [2024-07-26T11:05:02.134+0700] {dagbag.py:545} INFO - Filling up the DagBag from /usr/local/lib/python3.10/dist-packages/airflow/example_dags/example_bash_decorator.py
[2024-07-26T11:05:02.143+0700] {processor.py:840} INFO - DAG(s) 'example_bash_decorator' retrieved from /usr/local/lib/python3.10/dist-packages/airflow/example_dags/example_bash_decorator.py
[2024-07-26T11:05:02.156+0700] {logging_mixin.py:188} INFO - [2024-07-26T11:05:02.156+0700] {dag.py:3089} INFO - Sync 1 DAGs
[2024-07-26T11:05:02.164+0700] {logging_mixin.py:188} INFO - [2024-07-26T11:05:02.164+0700] {dag.py:3947} INFO - Setting next_dagrun for example_bash_decorator to None, run_after=None
[2024-07-26T11:05:02.193+0700] {processor.py:183} INFO - Processing /usr/local/lib/python3.10/dist-packages/airflow/example_dags/example_bash_decorator.py took 0.067 seconds
[2024-07-26T11:05:59.893+0700] {processor.py:161} INFO - Started process (PID=4198) to work on /usr/local/lib/python3.10/dist-packages/airflow/example_dags/example_bash_decorator.py
[2024-07-26T11:05:59.895+0700] {processor.py:830} INFO - Processing file /usr/local/lib/python3.10/dist-packages/airflow/example_dags/example_bash_decorator.py for tasks to queue
[2024-07-26T11:05:59.896+0700] {logging_mixin.py:188} INFO - [2024-07-26T11:05:59.895+0700] {dagbag.py:545} INFO - Filling up the DagBag from /usr/local/lib/python3.10/dist-packages/airflow/example_dags/example_bash_decorator.py
[2024-07-26T11:05:59.906+0700] {processor.py:840} INFO - DAG(s) 'example_bash_decorator' retrieved from /usr/local/lib/python3.10/dist-packages/airflow/example_dags/example_bash_decorator.py
[2024-07-26T11:05:59.921+0700] {logging_mixin.py:188} INFO - [2024-07-26T11:05:59.920+0700] {dag.py:3089} INFO - Sync 1 DAGs
[2024-07-26T11:05:59.930+0700] {logging_mixin.py:188} INFO - [2024-07-26T11:05:59.929+0700] {dag.py:3947} INFO - Setting next_dagrun for example_bash_decorator to None, run_after=None
[2024-07-26T11:05:59.960+0700] {processor.py:183} INFO - Processing /usr/local/lib/python3.10/dist-packages/airflow/example_dags/example_bash_decorator.py took 0.073 seconds
[2024-07-26T11:07:02.795+0700] {processor.py:161} INFO - Started process (PID=4510) to work on /usr/local/lib/python3.10/dist-packages/airflow/example_dags/example_bash_decorator.py
[2024-07-26T11:07:02.796+0700] {processor.py:830} INFO - Processing file /usr/local/lib/python3.10/dist-packages/airflow/example_dags/example_bash_decorator.py for tasks to queue
[2024-07-26T11:07:02.797+0700] {logging_mixin.py:188} INFO - [2024-07-26T11:07:02.797+0700] {dagbag.py:545} INFO - Filling up the DagBag from /usr/local/lib/python3.10/dist-packages/airflow/example_dags/example_bash_decorator.py
[2024-07-26T11:07:02.808+0700] {processor.py:840} INFO - DAG(s) 'example_bash_decorator' retrieved from /usr/local/lib/python3.10/dist-packages/airflow/example_dags/example_bash_decorator.py
[2024-07-26T11:07:02.828+0700] {logging_mixin.py:188} INFO - [2024-07-26T11:07:02.828+0700] {dag.py:3089} INFO - Sync 1 DAGs
[2024-07-26T11:07:02.847+0700] {logging_mixin.py:188} INFO - [2024-07-26T11:07:02.846+0700] {dag.py:3947} INFO - Setting next_dagrun for example_bash_decorator to None, run_after=None
[2024-07-26T11:07:02.903+0700] {processor.py:183} INFO - Processing /usr/local/lib/python3.10/dist-packages/airflow/example_dags/example_bash_decorator.py took 0.116 seconds
[2024-07-26T11:08:02.140+0700] {processor.py:161} INFO - Started process (PID=4804) to work on /usr/local/lib/python3.10/dist-packages/airflow/example_dags/example_bash_decorator.py
[2024-07-26T11:08:02.142+0700] {processor.py:830} INFO - Processing file /usr/local/lib/python3.10/dist-packages/airflow/example_dags/example_bash_decorator.py for tasks to queue
[2024-07-26T11:08:02.143+0700] {logging_mixin.py:188} INFO - [2024-07-26T11:08:02.143+0700] {dagbag.py:545} INFO - Filling up the DagBag from /usr/local/lib/python3.10/dist-packages/airflow/example_dags/example_bash_decorator.py
[2024-07-26T11:08:02.153+0700] {processor.py:840} INFO - DAG(s) 'example_bash_decorator' retrieved from /usr/local/lib/python3.10/dist-packages/airflow/example_dags/example_bash_decorator.py
[2024-07-26T11:08:02.168+0700] {logging_mixin.py:188} INFO - [2024-07-26T11:08:02.168+0700] {dag.py:3089} INFO - Sync 1 DAGs
[2024-07-26T11:08:02.176+0700] {logging_mixin.py:188} INFO - [2024-07-26T11:08:02.176+0700] {dag.py:3947} INFO - Setting next_dagrun for example_bash_decorator to None, run_after=None
[2024-07-26T11:08:02.206+0700] {processor.py:183} INFO - Processing /usr/local/lib/python3.10/dist-packages/airflow/example_dags/example_bash_decorator.py took 0.072 seconds
[2024-07-26T11:09:01.021+0700] {processor.py:161} INFO - Started process (PID=5099) to work on /usr/local/lib/python3.10/dist-packages/airflow/example_dags/example_bash_decorator.py
[2024-07-26T11:09:01.023+0700] {processor.py:830} INFO - Processing file /usr/local/lib/python3.10/dist-packages/airflow/example_dags/example_bash_decorator.py for tasks to queue
[2024-07-26T11:09:01.024+0700] {logging_mixin.py:188} INFO - [2024-07-26T11:09:01.024+0700] {dagbag.py:545} INFO - Filling up the DagBag from /usr/local/lib/python3.10/dist-packages/airflow/example_dags/example_bash_decorator.py
[2024-07-26T11:09:01.034+0700] {processor.py:840} INFO - DAG(s) 'example_bash_decorator' retrieved from /usr/local/lib/python3.10/dist-packages/airflow/example_dags/example_bash_decorator.py
[2024-07-26T11:09:01.048+0700] {logging_mixin.py:188} INFO - [2024-07-26T11:09:01.047+0700] {dag.py:3089} INFO - Sync 1 DAGs
[2024-07-26T11:09:01.057+0700] {logging_mixin.py:188} INFO - [2024-07-26T11:09:01.057+0700] {dag.py:3947} INFO - Setting next_dagrun for example_bash_decorator to None, run_after=None
[2024-07-26T11:09:01.087+0700] {processor.py:183} INFO - Processing /usr/local/lib/python3.10/dist-packages/airflow/example_dags/example_bash_decorator.py took 0.071 seconds
[2024-07-26T11:10:00.543+0700] {processor.py:161} INFO - Started process (PID=5395) to work on /usr/local/lib/python3.10/dist-packages/airflow/example_dags/example_bash_decorator.py
[2024-07-26T11:10:00.545+0700] {processor.py:830} INFO - Processing file /usr/local/lib/python3.10/dist-packages/airflow/example_dags/example_bash_decorator.py for tasks to queue
[2024-07-26T11:10:00.546+0700] {logging_mixin.py:188} INFO - [2024-07-26T11:10:00.546+0700] {dagbag.py:545} INFO - Filling up the DagBag from /usr/local/lib/python3.10/dist-packages/airflow/example_dags/example_bash_decorator.py
[2024-07-26T11:10:00.555+0700] {processor.py:840} INFO - DAG(s) 'example_bash_decorator' retrieved from /usr/local/lib/python3.10/dist-packages/airflow/example_dags/example_bash_decorator.py
[2024-07-26T11:10:00.568+0700] {logging_mixin.py:188} INFO - [2024-07-26T11:10:00.568+0700] {dag.py:3089} INFO - Sync 1 DAGs
[2024-07-26T11:10:00.577+0700] {logging_mixin.py:188} INFO - [2024-07-26T11:10:00.577+0700] {dag.py:3947} INFO - Setting next_dagrun for example_bash_decorator to None, run_after=None
[2024-07-26T11:10:00.605+0700] {processor.py:183} INFO - Processing /usr/local/lib/python3.10/dist-packages/airflow/example_dags/example_bash_decorator.py took 0.068 seconds
[2024-07-26T11:10:59.513+0700] {processor.py:161} INFO - Started process (PID=5688) to work on /usr/local/lib/python3.10/dist-packages/airflow/example_dags/example_bash_decorator.py
[2024-07-26T11:10:59.515+0700] {processor.py:830} INFO - Processing file /usr/local/lib/python3.10/dist-packages/airflow/example_dags/example_bash_decorator.py for tasks to queue
[2024-07-26T11:10:59.516+0700] {logging_mixin.py:188} INFO - [2024-07-26T11:10:59.516+0700] {dagbag.py:545} INFO - Filling up the DagBag from /usr/local/lib/python3.10/dist-packages/airflow/example_dags/example_bash_decorator.py
[2024-07-26T11:10:59.525+0700] {processor.py:840} INFO - DAG(s) 'example_bash_decorator' retrieved from /usr/local/lib/python3.10/dist-packages/airflow/example_dags/example_bash_decorator.py
[2024-07-26T11:10:59.539+0700] {logging_mixin.py:188} INFO - [2024-07-26T11:10:59.539+0700] {dag.py:3089} INFO - Sync 1 DAGs
[2024-07-26T11:10:59.548+0700] {logging_mixin.py:188} INFO - [2024-07-26T11:10:59.548+0700] {dag.py:3947} INFO - Setting next_dagrun for example_bash_decorator to None, run_after=None
[2024-07-26T11:10:59.580+0700] {processor.py:183} INFO - Processing /usr/local/lib/python3.10/dist-packages/airflow/example_dags/example_bash_decorator.py took 0.072 seconds
[2024-07-26T11:11:55.049+0700] {processor.py:161} INFO - Started process (PID=5965) to work on /usr/local/lib/python3.10/dist-packages/airflow/example_dags/example_bash_decorator.py
[2024-07-26T11:11:55.051+0700] {processor.py:830} INFO - Processing file /usr/local/lib/python3.10/dist-packages/airflow/example_dags/example_bash_decorator.py for tasks to queue
[2024-07-26T11:11:55.052+0700] {logging_mixin.py:188} INFO - [2024-07-26T11:11:55.052+0700] {dagbag.py:545} INFO - Filling up the DagBag from /usr/local/lib/python3.10/dist-packages/airflow/example_dags/example_bash_decorator.py
[2024-07-26T11:11:55.061+0700] {processor.py:840} INFO - DAG(s) 'example_bash_decorator' retrieved from /usr/local/lib/python3.10/dist-packages/airflow/example_dags/example_bash_decorator.py
[2024-07-26T11:11:55.076+0700] {logging_mixin.py:188} INFO - [2024-07-26T11:11:55.076+0700] {dag.py:3089} INFO - Sync 1 DAGs
[2024-07-26T11:11:55.086+0700] {logging_mixin.py:188} INFO - [2024-07-26T11:11:55.085+0700] {dag.py:3947} INFO - Setting next_dagrun for example_bash_decorator to None, run_after=None
[2024-07-26T11:11:55.115+0700] {processor.py:183} INFO - Processing /usr/local/lib/python3.10/dist-packages/airflow/example_dags/example_bash_decorator.py took 0.072 seconds
