[2024-07-26T10:57:45.571+0700] {processor.py:161} INFO - Started process (PID=1577) to work on /usr/local/lib/python3.10/dist-packages/airflow/example_dags/example_short_circuit_operator.py
[2024-07-26T10:57:45.571+0700] {processor.py:830} INFO - Processing file /usr/local/lib/python3.10/dist-packages/airflow/example_dags/example_short_circuit_operator.py for tasks to queue
[2024-07-26T10:57:45.572+0700] {logging_mixin.py:188} INFO - [2024-07-26T10:57:45.572+0700] {dagbag.py:545} INFO - Filling up the DagBag from /usr/local/lib/python3.10/dist-packages/airflow/example_dags/example_short_circuit_operator.py
[2024-07-26T10:57:45.579+0700] {processor.py:840} INFO - DAG(s) 'example_short_circuit_operator' retrieved from /usr/local/lib/python3.10/dist-packages/airflow/example_dags/example_short_circuit_operator.py
[2024-07-26T10:57:45.676+0700] {logging_mixin.py:188} INFO - [2024-07-26T10:57:45.675+0700] {override.py:1858} INFO - Created Permission View: can read on DAG:example_short_circuit_operator
[2024-07-26T10:57:45.696+0700] {logging_mixin.py:188} INFO - [2024-07-26T10:57:45.696+0700] {override.py:1858} INFO - Created Permission View: can edit on DAG:example_short_circuit_operator
[2024-07-26T10:57:45.716+0700] {logging_mixin.py:188} INFO - [2024-07-26T10:57:45.715+0700] {override.py:1858} INFO - Created Permission View: can delete on DAG:example_short_circuit_operator
[2024-07-26T10:57:45.716+0700] {logging_mixin.py:188} INFO - [2024-07-26T10:57:45.716+0700] {dag.py:3089} INFO - Sync 1 DAGs
[2024-07-26T10:57:45.724+0700] {logging_mixin.py:188} INFO - [2024-07-26T10:57:45.724+0700] {dag.py:3111} INFO - Creating ORM DAG for example_short_circuit_operator
[2024-07-26T10:57:45.732+0700] {logging_mixin.py:188} INFO - [2024-07-26T10:57:45.732+0700] {dag.py:3947} INFO - Setting next_dagrun for example_short_circuit_operator to 2024-07-25 00:00:00+00:00, run_after=2024-07-26 00:00:00+00:00
[2024-07-26T10:57:45.766+0700] {processor.py:183} INFO - Processing /usr/local/lib/python3.10/dist-packages/airflow/example_dags/example_short_circuit_operator.py took 0.200 seconds
[2024-07-26T10:58:49.984+0700] {processor.py:161} INFO - Started process (PID=1926) to work on /usr/local/lib/python3.10/dist-packages/airflow/example_dags/example_short_circuit_operator.py
[2024-07-26T10:58:49.985+0700] {processor.py:830} INFO - Processing file /usr/local/lib/python3.10/dist-packages/airflow/example_dags/example_short_circuit_operator.py for tasks to queue
[2024-07-26T10:58:49.987+0700] {logging_mixin.py:188} INFO - [2024-07-26T10:58:49.986+0700] {dagbag.py:545} INFO - Filling up the DagBag from /usr/local/lib/python3.10/dist-packages/airflow/example_dags/example_short_circuit_operator.py
[2024-07-26T10:58:49.992+0700] {processor.py:840} INFO - DAG(s) 'example_short_circuit_operator' retrieved from /usr/local/lib/python3.10/dist-packages/airflow/example_dags/example_short_circuit_operator.py
[2024-07-26T10:58:50.007+0700] {logging_mixin.py:188} INFO - [2024-07-26T10:58:50.007+0700] {dag.py:3089} INFO - Sync 1 DAGs
[2024-07-26T10:58:50.023+0700] {logging_mixin.py:188} INFO - [2024-07-26T10:58:50.023+0700] {dag.py:3947} INFO - Setting next_dagrun for example_short_circuit_operator to 2024-07-25 00:00:00+00:00, run_after=2024-07-26 00:00:00+00:00
[2024-07-26T10:58:50.056+0700] {processor.py:183} INFO - Processing /usr/local/lib/python3.10/dist-packages/airflow/example_dags/example_short_circuit_operator.py took 0.078 seconds
[2024-07-26T10:59:38.371+0700] {processor.py:161} INFO - Started process (PID=2170) to work on /usr/local/lib/python3.10/dist-packages/airflow/example_dags/example_short_circuit_operator.py
[2024-07-26T10:59:38.372+0700] {processor.py:830} INFO - Processing file /usr/local/lib/python3.10/dist-packages/airflow/example_dags/example_short_circuit_operator.py for tasks to queue
[2024-07-26T10:59:38.374+0700] {logging_mixin.py:188} INFO - [2024-07-26T10:59:38.373+0700] {dagbag.py:545} INFO - Filling up the DagBag from /usr/local/lib/python3.10/dist-packages/airflow/example_dags/example_short_circuit_operator.py
[2024-07-26T10:59:38.379+0700] {processor.py:840} INFO - DAG(s) 'example_short_circuit_operator' retrieved from /usr/local/lib/python3.10/dist-packages/airflow/example_dags/example_short_circuit_operator.py
[2024-07-26T10:59:38.392+0700] {logging_mixin.py:188} INFO - [2024-07-26T10:59:38.391+0700] {dag.py:3089} INFO - Sync 1 DAGs
[2024-07-26T10:59:38.406+0700] {logging_mixin.py:188} INFO - [2024-07-26T10:59:38.406+0700] {dag.py:3947} INFO - Setting next_dagrun for example_short_circuit_operator to 2024-07-25 00:00:00+00:00, run_after=2024-07-26 00:00:00+00:00
[2024-07-26T10:59:38.515+0700] {processor.py:183} INFO - Processing /usr/local/lib/python3.10/dist-packages/airflow/example_dags/example_short_circuit_operator.py took 0.148 seconds
[2024-07-26T11:00:20.220+0700] {processor.py:161} INFO - Started process (PID=2376) to work on /usr/local/lib/python3.10/dist-packages/airflow/example_dags/example_short_circuit_operator.py
[2024-07-26T11:00:20.221+0700] {processor.py:830} INFO - Processing file /usr/local/lib/python3.10/dist-packages/airflow/example_dags/example_short_circuit_operator.py for tasks to queue
[2024-07-26T11:00:20.222+0700] {logging_mixin.py:188} INFO - [2024-07-26T11:00:20.222+0700] {dagbag.py:545} INFO - Filling up the DagBag from /usr/local/lib/python3.10/dist-packages/airflow/example_dags/example_short_circuit_operator.py
[2024-07-26T11:00:20.227+0700] {processor.py:840} INFO - DAG(s) 'example_short_circuit_operator' retrieved from /usr/local/lib/python3.10/dist-packages/airflow/example_dags/example_short_circuit_operator.py
[2024-07-26T11:00:20.240+0700] {logging_mixin.py:188} INFO - [2024-07-26T11:00:20.240+0700] {dag.py:3089} INFO - Sync 1 DAGs
[2024-07-26T11:00:20.254+0700] {logging_mixin.py:188} INFO - [2024-07-26T11:00:20.253+0700] {dag.py:3947} INFO - Setting next_dagrun for example_short_circuit_operator to 2024-07-25 00:00:00+00:00, run_after=2024-07-26 00:00:00+00:00
[2024-07-26T11:00:20.282+0700] {processor.py:183} INFO - Processing /usr/local/lib/python3.10/dist-packages/airflow/example_dags/example_short_circuit_operator.py took 0.066 seconds
[2024-07-26T11:01:09.741+0700] {processor.py:161} INFO - Started process (PID=2623) to work on /usr/local/lib/python3.10/dist-packages/airflow/example_dags/example_short_circuit_operator.py
[2024-07-26T11:01:09.743+0700] {processor.py:830} INFO - Processing file /usr/local/lib/python3.10/dist-packages/airflow/example_dags/example_short_circuit_operator.py for tasks to queue
[2024-07-26T11:01:09.744+0700] {logging_mixin.py:188} INFO - [2024-07-26T11:01:09.744+0700] {dagbag.py:545} INFO - Filling up the DagBag from /usr/local/lib/python3.10/dist-packages/airflow/example_dags/example_short_circuit_operator.py
[2024-07-26T11:01:09.753+0700] {processor.py:840} INFO - DAG(s) 'example_short_circuit_operator' retrieved from /usr/local/lib/python3.10/dist-packages/airflow/example_dags/example_short_circuit_operator.py
[2024-07-26T11:01:09.766+0700] {logging_mixin.py:188} INFO - [2024-07-26T11:01:09.766+0700] {dag.py:3089} INFO - Sync 1 DAGs
[2024-07-26T11:01:09.781+0700] {logging_mixin.py:188} INFO - [2024-07-26T11:01:09.781+0700] {dag.py:3947} INFO - Setting next_dagrun for example_short_circuit_operator to 2024-07-25 00:00:00+00:00, run_after=2024-07-26 00:00:00+00:00
[2024-07-26T11:01:09.814+0700] {processor.py:183} INFO - Processing /usr/local/lib/python3.10/dist-packages/airflow/example_dags/example_short_circuit_operator.py took 0.078 seconds
[2024-07-26T11:01:50.783+0700] {processor.py:161} INFO - Started process (PID=2829) to work on /usr/local/lib/python3.10/dist-packages/airflow/example_dags/example_short_circuit_operator.py
[2024-07-26T11:01:50.784+0700] {processor.py:830} INFO - Processing file /usr/local/lib/python3.10/dist-packages/airflow/example_dags/example_short_circuit_operator.py for tasks to queue
[2024-07-26T11:01:50.786+0700] {logging_mixin.py:188} INFO - [2024-07-26T11:01:50.785+0700] {dagbag.py:545} INFO - Filling up the DagBag from /usr/local/lib/python3.10/dist-packages/airflow/example_dags/example_short_circuit_operator.py
[2024-07-26T11:01:50.791+0700] {processor.py:840} INFO - DAG(s) 'example_short_circuit_operator' retrieved from /usr/local/lib/python3.10/dist-packages/airflow/example_dags/example_short_circuit_operator.py
[2024-07-26T11:01:50.804+0700] {logging_mixin.py:188} INFO - [2024-07-26T11:01:50.803+0700] {dag.py:3089} INFO - Sync 1 DAGs
[2024-07-26T11:01:50.818+0700] {logging_mixin.py:188} INFO - [2024-07-26T11:01:50.818+0700] {dag.py:3947} INFO - Setting next_dagrun for example_short_circuit_operator to 2024-07-25 00:00:00+00:00, run_after=2024-07-26 00:00:00+00:00
[2024-07-26T11:01:50.846+0700] {processor.py:183} INFO - Processing /usr/local/lib/python3.10/dist-packages/airflow/example_dags/example_short_circuit_operator.py took 0.067 seconds
[2024-07-26T11:02:29.118+0700] {processor.py:161} INFO - Started process (PID=3021) to work on /usr/local/lib/python3.10/dist-packages/airflow/example_dags/example_short_circuit_operator.py
[2024-07-26T11:02:29.120+0700] {processor.py:830} INFO - Processing file /usr/local/lib/python3.10/dist-packages/airflow/example_dags/example_short_circuit_operator.py for tasks to queue
[2024-07-26T11:02:29.122+0700] {logging_mixin.py:188} INFO - [2024-07-26T11:02:29.121+0700] {dagbag.py:545} INFO - Filling up the DagBag from /usr/local/lib/python3.10/dist-packages/airflow/example_dags/example_short_circuit_operator.py
[2024-07-26T11:02:29.128+0700] {processor.py:840} INFO - DAG(s) 'example_short_circuit_operator' retrieved from /usr/local/lib/python3.10/dist-packages/airflow/example_dags/example_short_circuit_operator.py
[2024-07-26T11:02:29.142+0700] {logging_mixin.py:188} INFO - [2024-07-26T11:02:29.141+0700] {dag.py:3089} INFO - Sync 1 DAGs
[2024-07-26T11:02:29.158+0700] {logging_mixin.py:188} INFO - [2024-07-26T11:02:29.157+0700] {dag.py:3947} INFO - Setting next_dagrun for example_short_circuit_operator to 2024-07-25 00:00:00+00:00, run_after=2024-07-26 00:00:00+00:00
[2024-07-26T11:02:29.187+0700] {processor.py:183} INFO - Processing /usr/local/lib/python3.10/dist-packages/airflow/example_dags/example_short_circuit_operator.py took 0.074 seconds
[2024-07-26T11:03:06.363+0700] {processor.py:161} INFO - Started process (PID=3206) to work on /usr/local/lib/python3.10/dist-packages/airflow/example_dags/example_short_circuit_operator.py
[2024-07-26T11:03:06.365+0700] {processor.py:830} INFO - Processing file /usr/local/lib/python3.10/dist-packages/airflow/example_dags/example_short_circuit_operator.py for tasks to queue
[2024-07-26T11:03:06.366+0700] {logging_mixin.py:188} INFO - [2024-07-26T11:03:06.366+0700] {dagbag.py:545} INFO - Filling up the DagBag from /usr/local/lib/python3.10/dist-packages/airflow/example_dags/example_short_circuit_operator.py
[2024-07-26T11:03:06.371+0700] {processor.py:840} INFO - DAG(s) 'example_short_circuit_operator' retrieved from /usr/local/lib/python3.10/dist-packages/airflow/example_dags/example_short_circuit_operator.py
[2024-07-26T11:03:06.384+0700] {logging_mixin.py:188} INFO - [2024-07-26T11:03:06.384+0700] {dag.py:3089} INFO - Sync 1 DAGs
[2024-07-26T11:03:06.399+0700] {logging_mixin.py:188} INFO - [2024-07-26T11:03:06.398+0700] {dag.py:3947} INFO - Setting next_dagrun for example_short_circuit_operator to 2024-07-25 00:00:00+00:00, run_after=2024-07-26 00:00:00+00:00
[2024-07-26T11:03:06.429+0700] {processor.py:183} INFO - Processing /usr/local/lib/python3.10/dist-packages/airflow/example_dags/example_short_circuit_operator.py took 0.070 seconds
[2024-07-26T11:03:48.647+0700] {processor.py:161} INFO - Started process (PID=3527) to work on /usr/local/lib/python3.10/dist-packages/airflow/example_dags/example_short_circuit_operator.py
[2024-07-26T11:03:48.651+0700] {processor.py:830} INFO - Processing file /usr/local/lib/python3.10/dist-packages/airflow/example_dags/example_short_circuit_operator.py for tasks to queue
[2024-07-26T11:03:48.652+0700] {logging_mixin.py:188} INFO - [2024-07-26T11:03:48.652+0700] {dagbag.py:545} INFO - Filling up the DagBag from /usr/local/lib/python3.10/dist-packages/airflow/example_dags/example_short_circuit_operator.py
[2024-07-26T11:03:48.659+0700] {processor.py:840} INFO - DAG(s) 'example_short_circuit_operator' retrieved from /usr/local/lib/python3.10/dist-packages/airflow/example_dags/example_short_circuit_operator.py
[2024-07-26T11:03:48.676+0700] {logging_mixin.py:188} INFO - [2024-07-26T11:03:48.676+0700] {dag.py:3089} INFO - Sync 1 DAGs
[2024-07-26T11:03:48.692+0700] {logging_mixin.py:188} INFO - [2024-07-26T11:03:48.691+0700] {dag.py:3947} INFO - Setting next_dagrun for example_short_circuit_operator to 2024-07-25 00:00:00+00:00, run_after=2024-07-26 00:00:00+00:00
[2024-07-26T11:03:48.723+0700] {processor.py:183} INFO - Processing /usr/local/lib/python3.10/dist-packages/airflow/example_dags/example_short_circuit_operator.py took 0.081 seconds
[2024-07-26T11:04:26.710+0700] {processor.py:161} INFO - Started process (PID=3725) to work on /usr/local/lib/python3.10/dist-packages/airflow/example_dags/example_short_circuit_operator.py
[2024-07-26T11:04:26.712+0700] {processor.py:830} INFO - Processing file /usr/local/lib/python3.10/dist-packages/airflow/example_dags/example_short_circuit_operator.py for tasks to queue
[2024-07-26T11:04:26.713+0700] {logging_mixin.py:188} INFO - [2024-07-26T11:04:26.713+0700] {dagbag.py:545} INFO - Filling up the DagBag from /usr/local/lib/python3.10/dist-packages/airflow/example_dags/example_short_circuit_operator.py
[2024-07-26T11:04:26.718+0700] {processor.py:840} INFO - DAG(s) 'example_short_circuit_operator' retrieved from /usr/local/lib/python3.10/dist-packages/airflow/example_dags/example_short_circuit_operator.py
[2024-07-26T11:04:26.732+0700] {logging_mixin.py:188} INFO - [2024-07-26T11:04:26.732+0700] {dag.py:3089} INFO - Sync 1 DAGs
[2024-07-26T11:04:26.747+0700] {logging_mixin.py:188} INFO - [2024-07-26T11:04:26.746+0700] {dag.py:3947} INFO - Setting next_dagrun for example_short_circuit_operator to 2024-07-25 00:00:00+00:00, run_after=2024-07-26 00:00:00+00:00
[2024-07-26T11:04:26.776+0700] {processor.py:183} INFO - Processing /usr/local/lib/python3.10/dist-packages/airflow/example_dags/example_short_circuit_operator.py took 0.071 seconds
[2024-07-26T11:05:08.665+0700] {processor.py:161} INFO - Started process (PID=3941) to work on /usr/local/lib/python3.10/dist-packages/airflow/example_dags/example_short_circuit_operator.py
[2024-07-26T11:05:08.667+0700] {processor.py:830} INFO - Processing file /usr/local/lib/python3.10/dist-packages/airflow/example_dags/example_short_circuit_operator.py for tasks to queue
[2024-07-26T11:05:08.669+0700] {logging_mixin.py:188} INFO - [2024-07-26T11:05:08.668+0700] {dagbag.py:545} INFO - Filling up the DagBag from /usr/local/lib/python3.10/dist-packages/airflow/example_dags/example_short_circuit_operator.py
[2024-07-26T11:05:08.674+0700] {processor.py:840} INFO - DAG(s) 'example_short_circuit_operator' retrieved from /usr/local/lib/python3.10/dist-packages/airflow/example_dags/example_short_circuit_operator.py
[2024-07-26T11:05:08.690+0700] {logging_mixin.py:188} INFO - [2024-07-26T11:05:08.689+0700] {dag.py:3089} INFO - Sync 1 DAGs
[2024-07-26T11:05:08.706+0700] {logging_mixin.py:188} INFO - [2024-07-26T11:05:08.706+0700] {dag.py:3947} INFO - Setting next_dagrun for example_short_circuit_operator to 2024-07-25 00:00:00+00:00, run_after=2024-07-26 00:00:00+00:00
[2024-07-26T11:05:08.741+0700] {processor.py:183} INFO - Processing /usr/local/lib/python3.10/dist-packages/airflow/example_dags/example_short_circuit_operator.py took 0.084 seconds
[2024-07-26T11:05:46.046+0700] {processor.py:161} INFO - Started process (PID=4131) to work on /usr/local/lib/python3.10/dist-packages/airflow/example_dags/example_short_circuit_operator.py
[2024-07-26T11:05:46.048+0700] {processor.py:830} INFO - Processing file /usr/local/lib/python3.10/dist-packages/airflow/example_dags/example_short_circuit_operator.py for tasks to queue
[2024-07-26T11:05:46.051+0700] {logging_mixin.py:188} INFO - [2024-07-26T11:05:46.050+0700] {dagbag.py:545} INFO - Filling up the DagBag from /usr/local/lib/python3.10/dist-packages/airflow/example_dags/example_short_circuit_operator.py
[2024-07-26T11:05:46.058+0700] {processor.py:840} INFO - DAG(s) 'example_short_circuit_operator' retrieved from /usr/local/lib/python3.10/dist-packages/airflow/example_dags/example_short_circuit_operator.py
[2024-07-26T11:05:46.079+0700] {logging_mixin.py:188} INFO - [2024-07-26T11:05:46.078+0700] {dag.py:3089} INFO - Sync 1 DAGs
[2024-07-26T11:05:46.103+0700] {logging_mixin.py:188} INFO - [2024-07-26T11:05:46.103+0700] {dag.py:3947} INFO - Setting next_dagrun for example_short_circuit_operator to 2024-07-25 00:00:00+00:00, run_after=2024-07-26 00:00:00+00:00
[2024-07-26T11:05:46.137+0700] {processor.py:183} INFO - Processing /usr/local/lib/python3.10/dist-packages/airflow/example_dags/example_short_circuit_operator.py took 0.097 seconds
[2024-07-26T11:06:27.654+0700] {processor.py:161} INFO - Started process (PID=4336) to work on /usr/local/lib/python3.10/dist-packages/airflow/example_dags/example_short_circuit_operator.py
[2024-07-26T11:06:27.656+0700] {processor.py:830} INFO - Processing file /usr/local/lib/python3.10/dist-packages/airflow/example_dags/example_short_circuit_operator.py for tasks to queue
[2024-07-26T11:06:27.659+0700] {logging_mixin.py:188} INFO - [2024-07-26T11:06:27.659+0700] {dagbag.py:545} INFO - Filling up the DagBag from /usr/local/lib/python3.10/dist-packages/airflow/example_dags/example_short_circuit_operator.py
[2024-07-26T11:06:27.665+0700] {processor.py:840} INFO - DAG(s) 'example_short_circuit_operator' retrieved from /usr/local/lib/python3.10/dist-packages/airflow/example_dags/example_short_circuit_operator.py
[2024-07-26T11:06:27.681+0700] {logging_mixin.py:188} INFO - [2024-07-26T11:06:27.681+0700] {dag.py:3089} INFO - Sync 1 DAGs
[2024-07-26T11:06:27.697+0700] {logging_mixin.py:188} INFO - [2024-07-26T11:06:27.697+0700] {dag.py:3947} INFO - Setting next_dagrun for example_short_circuit_operator to 2024-07-25 00:00:00+00:00, run_after=2024-07-26 00:00:00+00:00
[2024-07-26T11:06:27.732+0700] {processor.py:183} INFO - Processing /usr/local/lib/python3.10/dist-packages/airflow/example_dags/example_short_circuit_operator.py took 0.083 seconds
[2024-07-26T11:07:10.081+0700] {processor.py:161} INFO - Started process (PID=4545) to work on /usr/local/lib/python3.10/dist-packages/airflow/example_dags/example_short_circuit_operator.py
[2024-07-26T11:07:10.083+0700] {processor.py:830} INFO - Processing file /usr/local/lib/python3.10/dist-packages/airflow/example_dags/example_short_circuit_operator.py for tasks to queue
[2024-07-26T11:07:10.085+0700] {logging_mixin.py:188} INFO - [2024-07-26T11:07:10.085+0700] {dagbag.py:545} INFO - Filling up the DagBag from /usr/local/lib/python3.10/dist-packages/airflow/example_dags/example_short_circuit_operator.py
[2024-07-26T11:07:10.090+0700] {processor.py:840} INFO - DAG(s) 'example_short_circuit_operator' retrieved from /usr/local/lib/python3.10/dist-packages/airflow/example_dags/example_short_circuit_operator.py
[2024-07-26T11:07:10.104+0700] {logging_mixin.py:188} INFO - [2024-07-26T11:07:10.104+0700] {dag.py:3089} INFO - Sync 1 DAGs
[2024-07-26T11:07:10.121+0700] {logging_mixin.py:188} INFO - [2024-07-26T11:07:10.121+0700] {dag.py:3947} INFO - Setting next_dagrun for example_short_circuit_operator to 2024-07-25 00:00:00+00:00, run_after=2024-07-26 00:00:00+00:00
[2024-07-26T11:07:10.153+0700] {processor.py:183} INFO - Processing /usr/local/lib/python3.10/dist-packages/airflow/example_dags/example_short_circuit_operator.py took 0.079 seconds
[2024-07-26T11:07:49.535+0700] {processor.py:161} INFO - Started process (PID=4742) to work on /usr/local/lib/python3.10/dist-packages/airflow/example_dags/example_short_circuit_operator.py
[2024-07-26T11:07:49.537+0700] {processor.py:830} INFO - Processing file /usr/local/lib/python3.10/dist-packages/airflow/example_dags/example_short_circuit_operator.py for tasks to queue
[2024-07-26T11:07:49.539+0700] {logging_mixin.py:188} INFO - [2024-07-26T11:07:49.538+0700] {dagbag.py:545} INFO - Filling up the DagBag from /usr/local/lib/python3.10/dist-packages/airflow/example_dags/example_short_circuit_operator.py
[2024-07-26T11:07:49.544+0700] {processor.py:840} INFO - DAG(s) 'example_short_circuit_operator' retrieved from /usr/local/lib/python3.10/dist-packages/airflow/example_dags/example_short_circuit_operator.py
[2024-07-26T11:07:49.559+0700] {logging_mixin.py:188} INFO - [2024-07-26T11:07:49.558+0700] {dag.py:3089} INFO - Sync 1 DAGs
[2024-07-26T11:07:49.575+0700] {logging_mixin.py:188} INFO - [2024-07-26T11:07:49.575+0700] {dag.py:3947} INFO - Setting next_dagrun for example_short_circuit_operator to 2024-07-25 00:00:00+00:00, run_after=2024-07-26 00:00:00+00:00
[2024-07-26T11:07:49.606+0700] {processor.py:183} INFO - Processing /usr/local/lib/python3.10/dist-packages/airflow/example_dags/example_short_circuit_operator.py took 0.077 seconds
[2024-07-26T11:08:27.812+0700] {processor.py:161} INFO - Started process (PID=4935) to work on /usr/local/lib/python3.10/dist-packages/airflow/example_dags/example_short_circuit_operator.py
[2024-07-26T11:08:27.814+0700] {processor.py:830} INFO - Processing file /usr/local/lib/python3.10/dist-packages/airflow/example_dags/example_short_circuit_operator.py for tasks to queue
[2024-07-26T11:08:27.816+0700] {logging_mixin.py:188} INFO - [2024-07-26T11:08:27.816+0700] {dagbag.py:545} INFO - Filling up the DagBag from /usr/local/lib/python3.10/dist-packages/airflow/example_dags/example_short_circuit_operator.py
[2024-07-26T11:08:27.822+0700] {processor.py:840} INFO - DAG(s) 'example_short_circuit_operator' retrieved from /usr/local/lib/python3.10/dist-packages/airflow/example_dags/example_short_circuit_operator.py
[2024-07-26T11:08:27.836+0700] {logging_mixin.py:188} INFO - [2024-07-26T11:08:27.836+0700] {dag.py:3089} INFO - Sync 1 DAGs
[2024-07-26T11:08:27.851+0700] {logging_mixin.py:188} INFO - [2024-07-26T11:08:27.851+0700] {dag.py:3947} INFO - Setting next_dagrun for example_short_circuit_operator to 2024-07-25 00:00:00+00:00, run_after=2024-07-26 00:00:00+00:00
[2024-07-26T11:08:27.881+0700] {processor.py:183} INFO - Processing /usr/local/lib/python3.10/dist-packages/airflow/example_dags/example_short_circuit_operator.py took 0.074 seconds
[2024-07-26T11:09:07.928+0700] {processor.py:161} INFO - Started process (PID=5133) to work on /usr/local/lib/python3.10/dist-packages/airflow/example_dags/example_short_circuit_operator.py
[2024-07-26T11:09:07.930+0700] {processor.py:830} INFO - Processing file /usr/local/lib/python3.10/dist-packages/airflow/example_dags/example_short_circuit_operator.py for tasks to queue
[2024-07-26T11:09:07.932+0700] {logging_mixin.py:188} INFO - [2024-07-26T11:09:07.932+0700] {dagbag.py:545} INFO - Filling up the DagBag from /usr/local/lib/python3.10/dist-packages/airflow/example_dags/example_short_circuit_operator.py
[2024-07-26T11:09:07.937+0700] {processor.py:840} INFO - DAG(s) 'example_short_circuit_operator' retrieved from /usr/local/lib/python3.10/dist-packages/airflow/example_dags/example_short_circuit_operator.py
[2024-07-26T11:09:07.950+0700] {logging_mixin.py:188} INFO - [2024-07-26T11:09:07.950+0700] {dag.py:3089} INFO - Sync 1 DAGs
[2024-07-26T11:09:07.965+0700] {logging_mixin.py:188} INFO - [2024-07-26T11:09:07.964+0700] {dag.py:3947} INFO - Setting next_dagrun for example_short_circuit_operator to 2024-07-25 00:00:00+00:00, run_after=2024-07-26 00:00:00+00:00
[2024-07-26T11:09:07.994+0700] {processor.py:183} INFO - Processing /usr/local/lib/python3.10/dist-packages/airflow/example_dags/example_short_circuit_operator.py took 0.072 seconds
[2024-07-26T11:09:47.948+0700] {processor.py:161} INFO - Started process (PID=5333) to work on /usr/local/lib/python3.10/dist-packages/airflow/example_dags/example_short_circuit_operator.py
[2024-07-26T11:09:47.949+0700] {processor.py:830} INFO - Processing file /usr/local/lib/python3.10/dist-packages/airflow/example_dags/example_short_circuit_operator.py for tasks to queue
[2024-07-26T11:09:47.951+0700] {logging_mixin.py:188} INFO - [2024-07-26T11:09:47.950+0700] {dagbag.py:545} INFO - Filling up the DagBag from /usr/local/lib/python3.10/dist-packages/airflow/example_dags/example_short_circuit_operator.py
[2024-07-26T11:09:47.956+0700] {processor.py:840} INFO - DAG(s) 'example_short_circuit_operator' retrieved from /usr/local/lib/python3.10/dist-packages/airflow/example_dags/example_short_circuit_operator.py
[2024-07-26T11:09:47.969+0700] {logging_mixin.py:188} INFO - [2024-07-26T11:09:47.968+0700] {dag.py:3089} INFO - Sync 1 DAGs
[2024-07-26T11:09:47.984+0700] {logging_mixin.py:188} INFO - [2024-07-26T11:09:47.983+0700] {dag.py:3947} INFO - Setting next_dagrun for example_short_circuit_operator to 2024-07-25 00:00:00+00:00, run_after=2024-07-26 00:00:00+00:00
[2024-07-26T11:09:48.014+0700] {processor.py:183} INFO - Processing /usr/local/lib/python3.10/dist-packages/airflow/example_dags/example_short_circuit_operator.py took 0.072 seconds
[2024-07-26T11:10:26.969+0700] {processor.py:161} INFO - Started process (PID=5526) to work on /usr/local/lib/python3.10/dist-packages/airflow/example_dags/example_short_circuit_operator.py
[2024-07-26T11:10:26.971+0700] {processor.py:830} INFO - Processing file /usr/local/lib/python3.10/dist-packages/airflow/example_dags/example_short_circuit_operator.py for tasks to queue
[2024-07-26T11:10:26.972+0700] {logging_mixin.py:188} INFO - [2024-07-26T11:10:26.972+0700] {dagbag.py:545} INFO - Filling up the DagBag from /usr/local/lib/python3.10/dist-packages/airflow/example_dags/example_short_circuit_operator.py
[2024-07-26T11:10:26.977+0700] {processor.py:840} INFO - DAG(s) 'example_short_circuit_operator' retrieved from /usr/local/lib/python3.10/dist-packages/airflow/example_dags/example_short_circuit_operator.py
[2024-07-26T11:10:26.990+0700] {logging_mixin.py:188} INFO - [2024-07-26T11:10:26.990+0700] {dag.py:3089} INFO - Sync 1 DAGs
[2024-07-26T11:10:27.004+0700] {logging_mixin.py:188} INFO - [2024-07-26T11:10:27.004+0700] {dag.py:3947} INFO - Setting next_dagrun for example_short_circuit_operator to 2024-07-25 00:00:00+00:00, run_after=2024-07-26 00:00:00+00:00
[2024-07-26T11:10:27.031+0700] {processor.py:183} INFO - Processing /usr/local/lib/python3.10/dist-packages/airflow/example_dags/example_short_circuit_operator.py took 0.067 seconds
[2024-07-26T11:11:06.065+0700] {processor.py:161} INFO - Started process (PID=5720) to work on /usr/local/lib/python3.10/dist-packages/airflow/example_dags/example_short_circuit_operator.py
[2024-07-26T11:11:06.066+0700] {processor.py:830} INFO - Processing file /usr/local/lib/python3.10/dist-packages/airflow/example_dags/example_short_circuit_operator.py for tasks to queue
[2024-07-26T11:11:06.068+0700] {logging_mixin.py:188} INFO - [2024-07-26T11:11:06.068+0700] {dagbag.py:545} INFO - Filling up the DagBag from /usr/local/lib/python3.10/dist-packages/airflow/example_dags/example_short_circuit_operator.py
[2024-07-26T11:11:06.074+0700] {processor.py:840} INFO - DAG(s) 'example_short_circuit_operator' retrieved from /usr/local/lib/python3.10/dist-packages/airflow/example_dags/example_short_circuit_operator.py
[2024-07-26T11:11:06.087+0700] {logging_mixin.py:188} INFO - [2024-07-26T11:11:06.087+0700] {dag.py:3089} INFO - Sync 1 DAGs
[2024-07-26T11:11:06.101+0700] {logging_mixin.py:188} INFO - [2024-07-26T11:11:06.101+0700] {dag.py:3947} INFO - Setting next_dagrun for example_short_circuit_operator to 2024-07-25 00:00:00+00:00, run_after=2024-07-26 00:00:00+00:00
[2024-07-26T11:11:06.129+0700] {processor.py:183} INFO - Processing /usr/local/lib/python3.10/dist-packages/airflow/example_dags/example_short_circuit_operator.py took 0.069 seconds
[2024-07-26T11:11:43.757+0700] {processor.py:161} INFO - Started process (PID=5909) to work on /usr/local/lib/python3.10/dist-packages/airflow/example_dags/example_short_circuit_operator.py
[2024-07-26T11:11:43.758+0700] {processor.py:830} INFO - Processing file /usr/local/lib/python3.10/dist-packages/airflow/example_dags/example_short_circuit_operator.py for tasks to queue
[2024-07-26T11:11:43.759+0700] {logging_mixin.py:188} INFO - [2024-07-26T11:11:43.759+0700] {dagbag.py:545} INFO - Filling up the DagBag from /usr/local/lib/python3.10/dist-packages/airflow/example_dags/example_short_circuit_operator.py
[2024-07-26T11:11:43.764+0700] {processor.py:840} INFO - DAG(s) 'example_short_circuit_operator' retrieved from /usr/local/lib/python3.10/dist-packages/airflow/example_dags/example_short_circuit_operator.py
[2024-07-26T11:11:43.780+0700] {logging_mixin.py:188} INFO - [2024-07-26T11:11:43.780+0700] {dag.py:3089} INFO - Sync 1 DAGs
[2024-07-26T11:11:43.795+0700] {logging_mixin.py:188} INFO - [2024-07-26T11:11:43.794+0700] {dag.py:3947} INFO - Setting next_dagrun for example_short_circuit_operator to 2024-07-25 00:00:00+00:00, run_after=2024-07-26 00:00:00+00:00
[2024-07-26T11:11:43.824+0700] {processor.py:183} INFO - Processing /usr/local/lib/python3.10/dist-packages/airflow/example_dags/example_short_circuit_operator.py took 0.072 seconds
[2024-07-26T11:12:20.823+0700] {processor.py:161} INFO - Started process (PID=6094) to work on /usr/local/lib/python3.10/dist-packages/airflow/example_dags/example_short_circuit_operator.py
[2024-07-26T11:12:20.824+0700] {processor.py:830} INFO - Processing file /usr/local/lib/python3.10/dist-packages/airflow/example_dags/example_short_circuit_operator.py for tasks to queue
[2024-07-26T11:12:20.826+0700] {logging_mixin.py:188} INFO - [2024-07-26T11:12:20.825+0700] {dagbag.py:545} INFO - Filling up the DagBag from /usr/local/lib/python3.10/dist-packages/airflow/example_dags/example_short_circuit_operator.py
[2024-07-26T11:12:20.831+0700] {processor.py:840} INFO - DAG(s) 'example_short_circuit_operator' retrieved from /usr/local/lib/python3.10/dist-packages/airflow/example_dags/example_short_circuit_operator.py
[2024-07-26T11:12:20.848+0700] {logging_mixin.py:188} INFO - [2024-07-26T11:12:20.848+0700] {dag.py:3089} INFO - Sync 1 DAGs
[2024-07-26T11:12:20.865+0700] {logging_mixin.py:188} INFO - [2024-07-26T11:12:20.865+0700] {dag.py:3947} INFO - Setting next_dagrun for example_short_circuit_operator to 2024-07-25 00:00:00+00:00, run_after=2024-07-26 00:00:00+00:00
[2024-07-26T11:12:20.896+0700] {processor.py:183} INFO - Processing /usr/local/lib/python3.10/dist-packages/airflow/example_dags/example_short_circuit_operator.py took 0.086 seconds
