[2024-07-26T10:58:28.969+0700] {processor.py:161} INFO - Started process (PID=1822) to work on /usr/local/lib/python3.10/dist-packages/airflow/example_dags/example_time_delta_sensor_async.py
[2024-07-26T10:58:28.970+0700] {processor.py:830} INFO - Processing file /usr/local/lib/python3.10/dist-packages/airflow/example_dags/example_time_delta_sensor_async.py for tasks to queue
[2024-07-26T10:58:28.971+0700] {logging_mixin.py:188} INFO - [2024-07-26T10:58:28.971+0700] {dagbag.py:545} INFO - Filling up the DagBag from /usr/local/lib/python3.10/dist-packages/airflow/example_dags/example_time_delta_sensor_async.py
[2024-07-26T10:58:28.974+0700] {processor.py:840} INFO - DAG(s) 'example_time_delta_sensor_async' retrieved from /usr/local/lib/python3.10/dist-packages/airflow/example_dags/example_time_delta_sensor_async.py
[2024-07-26T10:58:29.078+0700] {logging_mixin.py:188} INFO - [2024-07-26T10:58:29.077+0700] {override.py:1858} INFO - Created Permission View: can read on DAG:example_time_delta_sensor_async
[2024-07-26T10:58:29.099+0700] {logging_mixin.py:188} INFO - [2024-07-26T10:58:29.099+0700] {override.py:1858} INFO - Created Permission View: can edit on DAG:example_time_delta_sensor_async
[2024-07-26T10:58:29.118+0700] {logging_mixin.py:188} INFO - [2024-07-26T10:58:29.118+0700] {override.py:1858} INFO - Created Permission View: can delete on DAG:example_time_delta_sensor_async
[2024-07-26T10:58:29.118+0700] {logging_mixin.py:188} INFO - [2024-07-26T10:58:29.118+0700] {dag.py:3089} INFO - Sync 1 DAGs
[2024-07-26T10:58:29.241+0700] {logging_mixin.py:188} INFO - [2024-07-26T10:58:29.241+0700] {dag.py:3111} INFO - Creating ORM DAG for example_time_delta_sensor_async
[2024-07-26T10:58:29.242+0700] {logging_mixin.py:188} INFO - [2024-07-26T10:58:29.242+0700] {dag.py:3947} INFO - Setting next_dagrun for example_time_delta_sensor_async to None, run_after=None
[2024-07-26T10:58:29.274+0700] {processor.py:183} INFO - Processing /usr/local/lib/python3.10/dist-packages/airflow/example_dags/example_time_delta_sensor_async.py took 0.310 seconds
[2024-07-26T10:59:22.811+0700] {processor.py:161} INFO - Started process (PID=2087) to work on /usr/local/lib/python3.10/dist-packages/airflow/example_dags/example_time_delta_sensor_async.py
[2024-07-26T10:59:22.812+0700] {processor.py:830} INFO - Processing file /usr/local/lib/python3.10/dist-packages/airflow/example_dags/example_time_delta_sensor_async.py for tasks to queue
[2024-07-26T10:59:22.814+0700] {logging_mixin.py:188} INFO - [2024-07-26T10:59:22.813+0700] {dagbag.py:545} INFO - Filling up the DagBag from /usr/local/lib/python3.10/dist-packages/airflow/example_dags/example_time_delta_sensor_async.py
[2024-07-26T10:59:22.817+0700] {processor.py:840} INFO - DAG(s) 'example_time_delta_sensor_async' retrieved from /usr/local/lib/python3.10/dist-packages/airflow/example_dags/example_time_delta_sensor_async.py
[2024-07-26T10:59:22.828+0700] {logging_mixin.py:188} INFO - [2024-07-26T10:59:22.827+0700] {dag.py:3089} INFO - Sync 1 DAGs
[2024-07-26T10:59:22.836+0700] {logging_mixin.py:188} INFO - [2024-07-26T10:59:22.836+0700] {dag.py:3947} INFO - Setting next_dagrun for example_time_delta_sensor_async to None, run_after=None
[2024-07-26T10:59:22.866+0700] {processor.py:183} INFO - Processing /usr/local/lib/python3.10/dist-packages/airflow/example_dags/example_time_delta_sensor_async.py took 0.059 seconds
[2024-07-26T11:00:25.373+0700] {processor.py:161} INFO - Started process (PID=2401) to work on /usr/local/lib/python3.10/dist-packages/airflow/example_dags/example_time_delta_sensor_async.py
[2024-07-26T11:00:25.376+0700] {processor.py:830} INFO - Processing file /usr/local/lib/python3.10/dist-packages/airflow/example_dags/example_time_delta_sensor_async.py for tasks to queue
[2024-07-26T11:00:25.377+0700] {logging_mixin.py:188} INFO - [2024-07-26T11:00:25.377+0700] {dagbag.py:545} INFO - Filling up the DagBag from /usr/local/lib/python3.10/dist-packages/airflow/example_dags/example_time_delta_sensor_async.py
[2024-07-26T11:00:25.381+0700] {processor.py:840} INFO - DAG(s) 'example_time_delta_sensor_async' retrieved from /usr/local/lib/python3.10/dist-packages/airflow/example_dags/example_time_delta_sensor_async.py
[2024-07-26T11:00:25.392+0700] {logging_mixin.py:188} INFO - [2024-07-26T11:00:25.392+0700] {dag.py:3089} INFO - Sync 1 DAGs
[2024-07-26T11:00:25.400+0700] {logging_mixin.py:188} INFO - [2024-07-26T11:00:25.400+0700] {dag.py:3947} INFO - Setting next_dagrun for example_time_delta_sensor_async to None, run_after=None
[2024-07-26T11:00:25.430+0700] {processor.py:183} INFO - Processing /usr/local/lib/python3.10/dist-packages/airflow/example_dags/example_time_delta_sensor_async.py took 0.061 seconds
[2024-07-26T11:01:24.195+0700] {processor.py:161} INFO - Started process (PID=2696) to work on /usr/local/lib/python3.10/dist-packages/airflow/example_dags/example_time_delta_sensor_async.py
[2024-07-26T11:01:24.197+0700] {processor.py:830} INFO - Processing file /usr/local/lib/python3.10/dist-packages/airflow/example_dags/example_time_delta_sensor_async.py for tasks to queue
[2024-07-26T11:01:24.199+0700] {logging_mixin.py:188} INFO - [2024-07-26T11:01:24.198+0700] {dagbag.py:545} INFO - Filling up the DagBag from /usr/local/lib/python3.10/dist-packages/airflow/example_dags/example_time_delta_sensor_async.py
[2024-07-26T11:01:24.202+0700] {processor.py:840} INFO - DAG(s) 'example_time_delta_sensor_async' retrieved from /usr/local/lib/python3.10/dist-packages/airflow/example_dags/example_time_delta_sensor_async.py
[2024-07-26T11:01:24.213+0700] {logging_mixin.py:188} INFO - [2024-07-26T11:01:24.213+0700] {dag.py:3089} INFO - Sync 1 DAGs
[2024-07-26T11:01:24.221+0700] {logging_mixin.py:188} INFO - [2024-07-26T11:01:24.221+0700] {dag.py:3947} INFO - Setting next_dagrun for example_time_delta_sensor_async to None, run_after=None
[2024-07-26T11:01:24.251+0700] {processor.py:183} INFO - Processing /usr/local/lib/python3.10/dist-packages/airflow/example_dags/example_time_delta_sensor_async.py took 0.060 seconds
[2024-07-26T11:02:22.199+0700] {processor.py:161} INFO - Started process (PID=2986) to work on /usr/local/lib/python3.10/dist-packages/airflow/example_dags/example_time_delta_sensor_async.py
[2024-07-26T11:02:22.200+0700] {processor.py:830} INFO - Processing file /usr/local/lib/python3.10/dist-packages/airflow/example_dags/example_time_delta_sensor_async.py for tasks to queue
[2024-07-26T11:02:22.202+0700] {logging_mixin.py:188} INFO - [2024-07-26T11:02:22.201+0700] {dagbag.py:545} INFO - Filling up the DagBag from /usr/local/lib/python3.10/dist-packages/airflow/example_dags/example_time_delta_sensor_async.py
[2024-07-26T11:02:22.206+0700] {processor.py:840} INFO - DAG(s) 'example_time_delta_sensor_async' retrieved from /usr/local/lib/python3.10/dist-packages/airflow/example_dags/example_time_delta_sensor_async.py
[2024-07-26T11:02:22.217+0700] {logging_mixin.py:188} INFO - [2024-07-26T11:02:22.216+0700] {dag.py:3089} INFO - Sync 1 DAGs
[2024-07-26T11:02:22.225+0700] {logging_mixin.py:188} INFO - [2024-07-26T11:02:22.225+0700] {dag.py:3947} INFO - Setting next_dagrun for example_time_delta_sensor_async to None, run_after=None
[2024-07-26T11:02:22.253+0700] {processor.py:183} INFO - Processing /usr/local/lib/python3.10/dist-packages/airflow/example_dags/example_time_delta_sensor_async.py took 0.059 seconds
[2024-07-26T11:03:18.950+0700] {processor.py:161} INFO - Started process (PID=3338) to work on /usr/local/lib/python3.10/dist-packages/airflow/example_dags/example_time_delta_sensor_async.py
[2024-07-26T11:03:18.951+0700] {processor.py:830} INFO - Processing file /usr/local/lib/python3.10/dist-packages/airflow/example_dags/example_time_delta_sensor_async.py for tasks to queue
[2024-07-26T11:03:18.953+0700] {logging_mixin.py:188} INFO - [2024-07-26T11:03:18.952+0700] {dagbag.py:545} INFO - Filling up the DagBag from /usr/local/lib/python3.10/dist-packages/airflow/example_dags/example_time_delta_sensor_async.py
[2024-07-26T11:03:18.956+0700] {processor.py:840} INFO - DAG(s) 'example_time_delta_sensor_async' retrieved from /usr/local/lib/python3.10/dist-packages/airflow/example_dags/example_time_delta_sensor_async.py
[2024-07-26T11:03:18.968+0700] {logging_mixin.py:188} INFO - [2024-07-26T11:03:18.967+0700] {dag.py:3089} INFO - Sync 1 DAGs
[2024-07-26T11:03:18.978+0700] {logging_mixin.py:188} INFO - [2024-07-26T11:03:18.977+0700] {dag.py:3947} INFO - Setting next_dagrun for example_time_delta_sensor_async to None, run_after=None
[2024-07-26T11:03:19.006+0700] {processor.py:183} INFO - Processing /usr/local/lib/python3.10/dist-packages/airflow/example_dags/example_time_delta_sensor_async.py took 0.061 seconds
[2024-07-26T11:04:17.130+0700] {processor.py:161} INFO - Started process (PID=3678) to work on /usr/local/lib/python3.10/dist-packages/airflow/example_dags/example_time_delta_sensor_async.py
[2024-07-26T11:04:17.132+0700] {processor.py:830} INFO - Processing file /usr/local/lib/python3.10/dist-packages/airflow/example_dags/example_time_delta_sensor_async.py for tasks to queue
[2024-07-26T11:04:17.133+0700] {logging_mixin.py:188} INFO - [2024-07-26T11:04:17.133+0700] {dagbag.py:545} INFO - Filling up the DagBag from /usr/local/lib/python3.10/dist-packages/airflow/example_dags/example_time_delta_sensor_async.py
[2024-07-26T11:04:17.136+0700] {processor.py:840} INFO - DAG(s) 'example_time_delta_sensor_async' retrieved from /usr/local/lib/python3.10/dist-packages/airflow/example_dags/example_time_delta_sensor_async.py
[2024-07-26T11:04:17.148+0700] {logging_mixin.py:188} INFO - [2024-07-26T11:04:17.148+0700] {dag.py:3089} INFO - Sync 1 DAGs
[2024-07-26T11:04:17.156+0700] {logging_mixin.py:188} INFO - [2024-07-26T11:04:17.156+0700] {dag.py:3947} INFO - Setting next_dagrun for example_time_delta_sensor_async to None, run_after=None
[2024-07-26T11:04:17.185+0700] {processor.py:183} INFO - Processing /usr/local/lib/python3.10/dist-packages/airflow/example_dags/example_time_delta_sensor_async.py took 0.060 seconds
[2024-07-26T11:05:18.968+0700] {processor.py:161} INFO - Started process (PID=3996) to work on /usr/local/lib/python3.10/dist-packages/airflow/example_dags/example_time_delta_sensor_async.py
[2024-07-26T11:05:18.969+0700] {processor.py:830} INFO - Processing file /usr/local/lib/python3.10/dist-packages/airflow/example_dags/example_time_delta_sensor_async.py for tasks to queue
[2024-07-26T11:05:18.971+0700] {logging_mixin.py:188} INFO - [2024-07-26T11:05:18.971+0700] {dagbag.py:545} INFO - Filling up the DagBag from /usr/local/lib/python3.10/dist-packages/airflow/example_dags/example_time_delta_sensor_async.py
[2024-07-26T11:05:18.975+0700] {processor.py:840} INFO - DAG(s) 'example_time_delta_sensor_async' retrieved from /usr/local/lib/python3.10/dist-packages/airflow/example_dags/example_time_delta_sensor_async.py
[2024-07-26T11:05:18.989+0700] {logging_mixin.py:188} INFO - [2024-07-26T11:05:18.989+0700] {dag.py:3089} INFO - Sync 1 DAGs
[2024-07-26T11:05:19.001+0700] {logging_mixin.py:188} INFO - [2024-07-26T11:05:19.000+0700] {dag.py:3947} INFO - Setting next_dagrun for example_time_delta_sensor_async to None, run_after=None
[2024-07-26T11:05:19.036+0700] {processor.py:183} INFO - Processing /usr/local/lib/python3.10/dist-packages/airflow/example_dags/example_time_delta_sensor_async.py took 0.074 seconds
[2024-07-26T11:06:18.262+0700] {processor.py:161} INFO - Started process (PID=4290) to work on /usr/local/lib/python3.10/dist-packages/airflow/example_dags/example_time_delta_sensor_async.py
[2024-07-26T11:06:18.265+0700] {processor.py:830} INFO - Processing file /usr/local/lib/python3.10/dist-packages/airflow/example_dags/example_time_delta_sensor_async.py for tasks to queue
[2024-07-26T11:06:18.267+0700] {logging_mixin.py:188} INFO - [2024-07-26T11:06:18.267+0700] {dagbag.py:545} INFO - Filling up the DagBag from /usr/local/lib/python3.10/dist-packages/airflow/example_dags/example_time_delta_sensor_async.py
[2024-07-26T11:06:18.270+0700] {processor.py:840} INFO - DAG(s) 'example_time_delta_sensor_async' retrieved from /usr/local/lib/python3.10/dist-packages/airflow/example_dags/example_time_delta_sensor_async.py
[2024-07-26T11:06:18.282+0700] {logging_mixin.py:188} INFO - [2024-07-26T11:06:18.281+0700] {dag.py:3089} INFO - Sync 1 DAGs
[2024-07-26T11:06:18.295+0700] {logging_mixin.py:188} INFO - [2024-07-26T11:06:18.294+0700] {dag.py:3947} INFO - Setting next_dagrun for example_time_delta_sensor_async to None, run_after=None
[2024-07-26T11:06:18.328+0700] {processor.py:183} INFO - Processing /usr/local/lib/python3.10/dist-packages/airflow/example_dags/example_time_delta_sensor_async.py took 0.072 seconds
[2024-07-26T11:07:22.852+0700] {processor.py:161} INFO - Started process (PID=4608) to work on /usr/local/lib/python3.10/dist-packages/airflow/example_dags/example_time_delta_sensor_async.py
[2024-07-26T11:07:22.854+0700] {processor.py:830} INFO - Processing file /usr/local/lib/python3.10/dist-packages/airflow/example_dags/example_time_delta_sensor_async.py for tasks to queue
[2024-07-26T11:07:22.856+0700] {logging_mixin.py:188} INFO - [2024-07-26T11:07:22.856+0700] {dagbag.py:545} INFO - Filling up the DagBag from /usr/local/lib/python3.10/dist-packages/airflow/example_dags/example_time_delta_sensor_async.py
[2024-07-26T11:07:22.861+0700] {processor.py:840} INFO - DAG(s) 'example_time_delta_sensor_async' retrieved from /usr/local/lib/python3.10/dist-packages/airflow/example_dags/example_time_delta_sensor_async.py
[2024-07-26T11:07:22.874+0700] {logging_mixin.py:188} INFO - [2024-07-26T11:07:22.874+0700] {dag.py:3089} INFO - Sync 1 DAGs
[2024-07-26T11:07:22.883+0700] {logging_mixin.py:188} INFO - [2024-07-26T11:07:22.883+0700] {dag.py:3947} INFO - Setting next_dagrun for example_time_delta_sensor_async to None, run_after=None
[2024-07-26T11:07:22.915+0700] {processor.py:183} INFO - Processing /usr/local/lib/python3.10/dist-packages/airflow/example_dags/example_time_delta_sensor_async.py took 0.069 seconds
[2024-07-26T11:08:19.780+0700] {processor.py:161} INFO - Started process (PID=4894) to work on /usr/local/lib/python3.10/dist-packages/airflow/example_dags/example_time_delta_sensor_async.py
[2024-07-26T11:08:19.782+0700] {processor.py:830} INFO - Processing file /usr/local/lib/python3.10/dist-packages/airflow/example_dags/example_time_delta_sensor_async.py for tasks to queue
[2024-07-26T11:08:19.784+0700] {logging_mixin.py:188} INFO - [2024-07-26T11:08:19.783+0700] {dagbag.py:545} INFO - Filling up the DagBag from /usr/local/lib/python3.10/dist-packages/airflow/example_dags/example_time_delta_sensor_async.py
[2024-07-26T11:08:19.787+0700] {processor.py:840} INFO - DAG(s) 'example_time_delta_sensor_async' retrieved from /usr/local/lib/python3.10/dist-packages/airflow/example_dags/example_time_delta_sensor_async.py
[2024-07-26T11:08:19.801+0700] {logging_mixin.py:188} INFO - [2024-07-26T11:08:19.800+0700] {dag.py:3089} INFO - Sync 1 DAGs
[2024-07-26T11:08:19.813+0700] {logging_mixin.py:188} INFO - [2024-07-26T11:08:19.812+0700] {dag.py:3947} INFO - Setting next_dagrun for example_time_delta_sensor_async to None, run_after=None
[2024-07-26T11:08:19.844+0700] {processor.py:183} INFO - Processing /usr/local/lib/python3.10/dist-packages/airflow/example_dags/example_time_delta_sensor_async.py took 0.069 seconds
[2024-07-26T11:09:20.505+0700] {processor.py:161} INFO - Started process (PID=5195) to work on /usr/local/lib/python3.10/dist-packages/airflow/example_dags/example_time_delta_sensor_async.py
[2024-07-26T11:09:20.506+0700] {processor.py:830} INFO - Processing file /usr/local/lib/python3.10/dist-packages/airflow/example_dags/example_time_delta_sensor_async.py for tasks to queue
[2024-07-26T11:09:20.508+0700] {logging_mixin.py:188} INFO - [2024-07-26T11:09:20.508+0700] {dagbag.py:545} INFO - Filling up the DagBag from /usr/local/lib/python3.10/dist-packages/airflow/example_dags/example_time_delta_sensor_async.py
[2024-07-26T11:09:20.511+0700] {processor.py:840} INFO - DAG(s) 'example_time_delta_sensor_async' retrieved from /usr/local/lib/python3.10/dist-packages/airflow/example_dags/example_time_delta_sensor_async.py
[2024-07-26T11:09:20.522+0700] {logging_mixin.py:188} INFO - [2024-07-26T11:09:20.522+0700] {dag.py:3089} INFO - Sync 1 DAGs
[2024-07-26T11:09:20.531+0700] {logging_mixin.py:188} INFO - [2024-07-26T11:09:20.531+0700] {dag.py:3947} INFO - Setting next_dagrun for example_time_delta_sensor_async to None, run_after=None
[2024-07-26T11:09:20.561+0700] {processor.py:183} INFO - Processing /usr/local/lib/python3.10/dist-packages/airflow/example_dags/example_time_delta_sensor_async.py took 0.062 seconds
[2024-07-26T11:10:18.869+0700] {processor.py:161} INFO - Started process (PID=5486) to work on /usr/local/lib/python3.10/dist-packages/airflow/example_dags/example_time_delta_sensor_async.py
[2024-07-26T11:10:18.871+0700] {processor.py:830} INFO - Processing file /usr/local/lib/python3.10/dist-packages/airflow/example_dags/example_time_delta_sensor_async.py for tasks to queue
[2024-07-26T11:10:18.873+0700] {logging_mixin.py:188} INFO - [2024-07-26T11:10:18.873+0700] {dagbag.py:545} INFO - Filling up the DagBag from /usr/local/lib/python3.10/dist-packages/airflow/example_dags/example_time_delta_sensor_async.py
[2024-07-26T11:10:18.877+0700] {processor.py:840} INFO - DAG(s) 'example_time_delta_sensor_async' retrieved from /usr/local/lib/python3.10/dist-packages/airflow/example_dags/example_time_delta_sensor_async.py
[2024-07-26T11:10:18.890+0700] {logging_mixin.py:188} INFO - [2024-07-26T11:10:18.890+0700] {dag.py:3089} INFO - Sync 1 DAGs
[2024-07-26T11:10:18.901+0700] {logging_mixin.py:188} INFO - [2024-07-26T11:10:18.900+0700] {dag.py:3947} INFO - Setting next_dagrun for example_time_delta_sensor_async to None, run_after=None
[2024-07-26T11:10:18.934+0700] {processor.py:183} INFO - Processing /usr/local/lib/python3.10/dist-packages/airflow/example_dags/example_time_delta_sensor_async.py took 0.071 seconds
[2024-07-26T11:11:16.202+0700] {processor.py:161} INFO - Started process (PID=5771) to work on /usr/local/lib/python3.10/dist-packages/airflow/example_dags/example_time_delta_sensor_async.py
[2024-07-26T11:11:16.204+0700] {processor.py:830} INFO - Processing file /usr/local/lib/python3.10/dist-packages/airflow/example_dags/example_time_delta_sensor_async.py for tasks to queue
[2024-07-26T11:11:16.206+0700] {logging_mixin.py:188} INFO - [2024-07-26T11:11:16.206+0700] {dagbag.py:545} INFO - Filling up the DagBag from /usr/local/lib/python3.10/dist-packages/airflow/example_dags/example_time_delta_sensor_async.py
[2024-07-26T11:11:16.210+0700] {processor.py:840} INFO - DAG(s) 'example_time_delta_sensor_async' retrieved from /usr/local/lib/python3.10/dist-packages/airflow/example_dags/example_time_delta_sensor_async.py
[2024-07-26T11:11:16.224+0700] {logging_mixin.py:188} INFO - [2024-07-26T11:11:16.224+0700] {dag.py:3089} INFO - Sync 1 DAGs
[2024-07-26T11:11:16.234+0700] {logging_mixin.py:188} INFO - [2024-07-26T11:11:16.234+0700] {dag.py:3947} INFO - Setting next_dagrun for example_time_delta_sensor_async to None, run_after=None
[2024-07-26T11:11:16.267+0700] {processor.py:183} INFO - Processing /usr/local/lib/python3.10/dist-packages/airflow/example_dags/example_time_delta_sensor_async.py took 0.072 seconds
[2024-07-26T11:12:11.547+0700] {processor.py:161} INFO - Started process (PID=6046) to work on /usr/local/lib/python3.10/dist-packages/airflow/example_dags/example_time_delta_sensor_async.py
[2024-07-26T11:12:11.549+0700] {processor.py:830} INFO - Processing file /usr/local/lib/python3.10/dist-packages/airflow/example_dags/example_time_delta_sensor_async.py for tasks to queue
[2024-07-26T11:12:11.551+0700] {logging_mixin.py:188} INFO - [2024-07-26T11:12:11.551+0700] {dagbag.py:545} INFO - Filling up the DagBag from /usr/local/lib/python3.10/dist-packages/airflow/example_dags/example_time_delta_sensor_async.py
[2024-07-26T11:12:11.555+0700] {processor.py:840} INFO - DAG(s) 'example_time_delta_sensor_async' retrieved from /usr/local/lib/python3.10/dist-packages/airflow/example_dags/example_time_delta_sensor_async.py
[2024-07-26T11:12:11.566+0700] {logging_mixin.py:188} INFO - [2024-07-26T11:12:11.566+0700] {dag.py:3089} INFO - Sync 1 DAGs
[2024-07-26T11:12:11.576+0700] {logging_mixin.py:188} INFO - [2024-07-26T11:12:11.575+0700] {dag.py:3947} INFO - Setting next_dagrun for example_time_delta_sensor_async to None, run_after=None
[2024-07-26T11:12:11.610+0700] {processor.py:183} INFO - Processing /usr/local/lib/python3.10/dist-packages/airflow/example_dags/example_time_delta_sensor_async.py took 0.069 seconds
