[2024-07-26T10:58:30.304+0700] {processor.py:161} INFO - Started process (PID=1831) to work on /usr/local/lib/python3.10/dist-packages/airflow/example_dags/example_branch_python_dop_operator_3.py
[2024-07-26T10:58:30.304+0700] {processor.py:830} INFO - Processing file /usr/local/lib/python3.10/dist-packages/airflow/example_dags/example_branch_python_dop_operator_3.py for tasks to queue
[2024-07-26T10:58:30.305+0700] {logging_mixin.py:188} INFO - [2024-07-26T10:58:30.305+0700] {dagbag.py:545} INFO - Filling up the DagBag from /usr/local/lib/python3.10/dist-packages/airflow/example_dags/example_branch_python_dop_operator_3.py
[2024-07-26T10:58:30.315+0700] {processor.py:840} INFO - DAG(s) 'example_branch_dop_operator_v3' retrieved from /usr/local/lib/python3.10/dist-packages/airflow/example_dags/example_branch_python_dop_operator_3.py
[2024-07-26T10:58:30.444+0700] {logging_mixin.py:188} INFO - [2024-07-26T10:58:30.443+0700] {override.py:1858} INFO - Created Permission View: can read on DAG:example_branch_dop_operator_v3
[2024-07-26T10:58:30.486+0700] {logging_mixin.py:188} INFO - [2024-07-26T10:58:30.485+0700] {override.py:1858} INFO - Created Permission View: can edit on DAG:example_branch_dop_operator_v3
[2024-07-26T10:58:30.511+0700] {logging_mixin.py:188} INFO - [2024-07-26T10:58:30.510+0700] {override.py:1858} INFO - Created Permission View: can delete on DAG:example_branch_dop_operator_v3
[2024-07-26T10:58:30.511+0700] {logging_mixin.py:188} INFO - [2024-07-26T10:58:30.511+0700] {dag.py:3089} INFO - Sync 1 DAGs
[2024-07-26T10:58:30.689+0700] {logging_mixin.py:188} INFO - [2024-07-26T10:58:30.689+0700] {dag.py:3111} INFO - Creating ORM DAG for example_branch_dop_operator_v3
[2024-07-26T10:58:30.703+0700] {logging_mixin.py:188} INFO - [2024-07-26T10:58:30.703+0700] {dag.py:3947} INFO - Setting next_dagrun for example_branch_dop_operator_v3 to 2024-07-26 03:57:00+00:00, run_after=2024-07-26 03:58:00+00:00
[2024-07-26T10:58:30.749+0700] {processor.py:183} INFO - Processing /usr/local/lib/python3.10/dist-packages/airflow/example_dags/example_branch_python_dop_operator_3.py took 0.451 seconds
[2024-07-26T10:59:23.968+0700] {processor.py:161} INFO - Started process (PID=2093) to work on /usr/local/lib/python3.10/dist-packages/airflow/example_dags/example_branch_python_dop_operator_3.py
[2024-07-26T10:59:23.969+0700] {processor.py:830} INFO - Processing file /usr/local/lib/python3.10/dist-packages/airflow/example_dags/example_branch_python_dop_operator_3.py for tasks to queue
[2024-07-26T10:59:23.970+0700] {logging_mixin.py:188} INFO - [2024-07-26T10:59:23.970+0700] {dagbag.py:545} INFO - Filling up the DagBag from /usr/local/lib/python3.10/dist-packages/airflow/example_dags/example_branch_python_dop_operator_3.py
[2024-07-26T10:59:23.978+0700] {processor.py:840} INFO - DAG(s) 'example_branch_dop_operator_v3' retrieved from /usr/local/lib/python3.10/dist-packages/airflow/example_dags/example_branch_python_dop_operator_3.py
[2024-07-26T10:59:23.988+0700] {logging_mixin.py:188} INFO - [2024-07-26T10:59:23.988+0700] {dag.py:3089} INFO - Sync 1 DAGs
[2024-07-26T10:59:24.006+0700] {logging_mixin.py:188} INFO - [2024-07-26T10:59:24.006+0700] {dag.py:3947} INFO - Setting next_dagrun for example_branch_dop_operator_v3 to 2024-07-26 03:58:00+00:00, run_after=2024-07-26 03:59:00+00:00
[2024-07-26T10:59:24.039+0700] {processor.py:183} INFO - Processing /usr/local/lib/python3.10/dist-packages/airflow/example_dags/example_branch_python_dop_operator_3.py took 0.076 seconds
[2024-07-26T11:00:26.526+0700] {processor.py:161} INFO - Started process (PID=2407) to work on /usr/local/lib/python3.10/dist-packages/airflow/example_dags/example_branch_python_dop_operator_3.py
[2024-07-26T11:00:26.527+0700] {processor.py:830} INFO - Processing file /usr/local/lib/python3.10/dist-packages/airflow/example_dags/example_branch_python_dop_operator_3.py for tasks to queue
[2024-07-26T11:00:26.529+0700] {logging_mixin.py:188} INFO - [2024-07-26T11:00:26.528+0700] {dagbag.py:545} INFO - Filling up the DagBag from /usr/local/lib/python3.10/dist-packages/airflow/example_dags/example_branch_python_dop_operator_3.py
[2024-07-26T11:00:26.536+0700] {processor.py:840} INFO - DAG(s) 'example_branch_dop_operator_v3' retrieved from /usr/local/lib/python3.10/dist-packages/airflow/example_dags/example_branch_python_dop_operator_3.py
[2024-07-26T11:00:26.547+0700] {logging_mixin.py:188} INFO - [2024-07-26T11:00:26.546+0700] {dag.py:3089} INFO - Sync 1 DAGs
[2024-07-26T11:00:26.565+0700] {logging_mixin.py:188} INFO - [2024-07-26T11:00:26.565+0700] {dag.py:3947} INFO - Setting next_dagrun for example_branch_dop_operator_v3 to 2024-07-26 03:59:00+00:00, run_after=2024-07-26 04:00:00+00:00
[2024-07-26T11:00:26.592+0700] {processor.py:183} INFO - Processing /usr/local/lib/python3.10/dist-packages/airflow/example_dags/example_branch_python_dop_operator_3.py took 0.071 seconds
[2024-07-26T11:01:25.329+0700] {processor.py:161} INFO - Started process (PID=2701) to work on /usr/local/lib/python3.10/dist-packages/airflow/example_dags/example_branch_python_dop_operator_3.py
[2024-07-26T11:01:25.330+0700] {processor.py:830} INFO - Processing file /usr/local/lib/python3.10/dist-packages/airflow/example_dags/example_branch_python_dop_operator_3.py for tasks to queue
[2024-07-26T11:01:25.332+0700] {logging_mixin.py:188} INFO - [2024-07-26T11:01:25.331+0700] {dagbag.py:545} INFO - Filling up the DagBag from /usr/local/lib/python3.10/dist-packages/airflow/example_dags/example_branch_python_dop_operator_3.py
[2024-07-26T11:01:25.339+0700] {processor.py:840} INFO - DAG(s) 'example_branch_dop_operator_v3' retrieved from /usr/local/lib/python3.10/dist-packages/airflow/example_dags/example_branch_python_dop_operator_3.py
[2024-07-26T11:01:25.350+0700] {logging_mixin.py:188} INFO - [2024-07-26T11:01:25.350+0700] {dag.py:3089} INFO - Sync 1 DAGs
[2024-07-26T11:01:25.366+0700] {logging_mixin.py:188} INFO - [2024-07-26T11:01:25.366+0700] {dag.py:3947} INFO - Setting next_dagrun for example_branch_dop_operator_v3 to 2024-07-26 04:00:00+00:00, run_after=2024-07-26 04:01:00+00:00
[2024-07-26T11:01:25.396+0700] {processor.py:183} INFO - Processing /usr/local/lib/python3.10/dist-packages/airflow/example_dags/example_branch_python_dop_operator_3.py took 0.071 seconds
[2024-07-26T11:02:23.333+0700] {processor.py:161} INFO - Started process (PID=2991) to work on /usr/local/lib/python3.10/dist-packages/airflow/example_dags/example_branch_python_dop_operator_3.py
[2024-07-26T11:02:23.334+0700] {processor.py:830} INFO - Processing file /usr/local/lib/python3.10/dist-packages/airflow/example_dags/example_branch_python_dop_operator_3.py for tasks to queue
[2024-07-26T11:02:23.335+0700] {logging_mixin.py:188} INFO - [2024-07-26T11:02:23.335+0700] {dagbag.py:545} INFO - Filling up the DagBag from /usr/local/lib/python3.10/dist-packages/airflow/example_dags/example_branch_python_dop_operator_3.py
[2024-07-26T11:02:23.342+0700] {processor.py:840} INFO - DAG(s) 'example_branch_dop_operator_v3' retrieved from /usr/local/lib/python3.10/dist-packages/airflow/example_dags/example_branch_python_dop_operator_3.py
[2024-07-26T11:02:23.352+0700] {logging_mixin.py:188} INFO - [2024-07-26T11:02:23.352+0700] {dag.py:3089} INFO - Sync 1 DAGs
[2024-07-26T11:02:23.370+0700] {logging_mixin.py:188} INFO - [2024-07-26T11:02:23.370+0700] {dag.py:3947} INFO - Setting next_dagrun for example_branch_dop_operator_v3 to 2024-07-26 04:01:00+00:00, run_after=2024-07-26 04:02:00+00:00
[2024-07-26T11:02:23.399+0700] {processor.py:183} INFO - Processing /usr/local/lib/python3.10/dist-packages/airflow/example_dags/example_branch_python_dop_operator_3.py took 0.071 seconds
[2024-07-26T11:03:19.617+0700] {processor.py:161} INFO - Started process (PID=3376) to work on /usr/local/lib/python3.10/dist-packages/airflow/example_dags/example_branch_python_dop_operator_3.py
[2024-07-26T11:03:19.618+0700] {processor.py:830} INFO - Processing file /usr/local/lib/python3.10/dist-packages/airflow/example_dags/example_branch_python_dop_operator_3.py for tasks to queue
[2024-07-26T11:03:19.619+0700] {logging_mixin.py:188} INFO - [2024-07-26T11:03:19.619+0700] {dagbag.py:545} INFO - Filling up the DagBag from /usr/local/lib/python3.10/dist-packages/airflow/example_dags/example_branch_python_dop_operator_3.py
[2024-07-26T11:03:19.625+0700] {processor.py:840} INFO - DAG(s) 'example_branch_dop_operator_v3' retrieved from /usr/local/lib/python3.10/dist-packages/airflow/example_dags/example_branch_python_dop_operator_3.py
[2024-07-26T11:03:19.637+0700] {logging_mixin.py:188} INFO - [2024-07-26T11:03:19.636+0700] {dag.py:3089} INFO - Sync 1 DAGs
[2024-07-26T11:03:19.654+0700] {logging_mixin.py:188} INFO - [2024-07-26T11:03:19.653+0700] {dag.py:3947} INFO - Setting next_dagrun for example_branch_dop_operator_v3 to 2024-07-26 04:02:00+00:00, run_after=2024-07-26 04:03:00+00:00
[2024-07-26T11:03:19.687+0700] {processor.py:183} INFO - Processing /usr/local/lib/python3.10/dist-packages/airflow/example_dags/example_branch_python_dop_operator_3.py took 0.074 seconds
[2024-07-26T11:04:18.287+0700] {processor.py:161} INFO - Started process (PID=3684) to work on /usr/local/lib/python3.10/dist-packages/airflow/example_dags/example_branch_python_dop_operator_3.py
[2024-07-26T11:04:18.289+0700] {processor.py:830} INFO - Processing file /usr/local/lib/python3.10/dist-packages/airflow/example_dags/example_branch_python_dop_operator_3.py for tasks to queue
[2024-07-26T11:04:18.290+0700] {logging_mixin.py:188} INFO - [2024-07-26T11:04:18.290+0700] {dagbag.py:545} INFO - Filling up the DagBag from /usr/local/lib/python3.10/dist-packages/airflow/example_dags/example_branch_python_dop_operator_3.py
[2024-07-26T11:04:18.296+0700] {processor.py:840} INFO - DAG(s) 'example_branch_dop_operator_v3' retrieved from /usr/local/lib/python3.10/dist-packages/airflow/example_dags/example_branch_python_dop_operator_3.py
[2024-07-26T11:04:18.307+0700] {logging_mixin.py:188} INFO - [2024-07-26T11:04:18.307+0700] {dag.py:3089} INFO - Sync 1 DAGs
[2024-07-26T11:04:18.325+0700] {logging_mixin.py:188} INFO - [2024-07-26T11:04:18.324+0700] {dag.py:3947} INFO - Setting next_dagrun for example_branch_dop_operator_v3 to 2024-07-26 04:03:00+00:00, run_after=2024-07-26 04:04:00+00:00
[2024-07-26T11:04:18.354+0700] {processor.py:183} INFO - Processing /usr/local/lib/python3.10/dist-packages/airflow/example_dags/example_branch_python_dop_operator_3.py took 0.072 seconds
[2024-07-26T11:05:20.133+0700] {processor.py:161} INFO - Started process (PID=4002) to work on /usr/local/lib/python3.10/dist-packages/airflow/example_dags/example_branch_python_dop_operator_3.py
[2024-07-26T11:05:20.134+0700] {processor.py:830} INFO - Processing file /usr/local/lib/python3.10/dist-packages/airflow/example_dags/example_branch_python_dop_operator_3.py for tasks to queue
[2024-07-26T11:05:20.136+0700] {logging_mixin.py:188} INFO - [2024-07-26T11:05:20.135+0700] {dagbag.py:545} INFO - Filling up the DagBag from /usr/local/lib/python3.10/dist-packages/airflow/example_dags/example_branch_python_dop_operator_3.py
[2024-07-26T11:05:20.142+0700] {processor.py:840} INFO - DAG(s) 'example_branch_dop_operator_v3' retrieved from /usr/local/lib/python3.10/dist-packages/airflow/example_dags/example_branch_python_dop_operator_3.py
[2024-07-26T11:05:20.155+0700] {logging_mixin.py:188} INFO - [2024-07-26T11:05:20.155+0700] {dag.py:3089} INFO - Sync 1 DAGs
[2024-07-26T11:05:20.176+0700] {logging_mixin.py:188} INFO - [2024-07-26T11:05:20.175+0700] {dag.py:3947} INFO - Setting next_dagrun for example_branch_dop_operator_v3 to 2024-07-26 04:04:00+00:00, run_after=2024-07-26 04:05:00+00:00
[2024-07-26T11:05:20.212+0700] {processor.py:183} INFO - Processing /usr/local/lib/python3.10/dist-packages/airflow/example_dags/example_branch_python_dop_operator_3.py took 0.087 seconds
[2024-07-26T11:06:19.398+0700] {processor.py:161} INFO - Started process (PID=4296) to work on /usr/local/lib/python3.10/dist-packages/airflow/example_dags/example_branch_python_dop_operator_3.py
[2024-07-26T11:06:19.401+0700] {processor.py:830} INFO - Processing file /usr/local/lib/python3.10/dist-packages/airflow/example_dags/example_branch_python_dop_operator_3.py for tasks to queue
[2024-07-26T11:06:19.402+0700] {logging_mixin.py:188} INFO - [2024-07-26T11:06:19.402+0700] {dagbag.py:545} INFO - Filling up the DagBag from /usr/local/lib/python3.10/dist-packages/airflow/example_dags/example_branch_python_dop_operator_3.py
[2024-07-26T11:06:19.410+0700] {processor.py:840} INFO - DAG(s) 'example_branch_dop_operator_v3' retrieved from /usr/local/lib/python3.10/dist-packages/airflow/example_dags/example_branch_python_dop_operator_3.py
[2024-07-26T11:06:19.422+0700] {logging_mixin.py:188} INFO - [2024-07-26T11:06:19.422+0700] {dag.py:3089} INFO - Sync 1 DAGs
[2024-07-26T11:06:19.446+0700] {logging_mixin.py:188} INFO - [2024-07-26T11:06:19.446+0700] {dag.py:3947} INFO - Setting next_dagrun for example_branch_dop_operator_v3 to 2024-07-26 04:05:00+00:00, run_after=2024-07-26 04:06:00+00:00
[2024-07-26T11:06:19.480+0700] {processor.py:183} INFO - Processing /usr/local/lib/python3.10/dist-packages/airflow/example_dags/example_branch_python_dop_operator_3.py took 0.091 seconds
[2024-07-26T11:07:23.083+0700] {processor.py:161} INFO - Started process (PID=4610) to work on /usr/local/lib/python3.10/dist-packages/airflow/example_dags/example_branch_python_dop_operator_3.py
[2024-07-26T11:07:23.085+0700] {processor.py:830} INFO - Processing file /usr/local/lib/python3.10/dist-packages/airflow/example_dags/example_branch_python_dop_operator_3.py for tasks to queue
[2024-07-26T11:07:23.086+0700] {logging_mixin.py:188} INFO - [2024-07-26T11:07:23.086+0700] {dagbag.py:545} INFO - Filling up the DagBag from /usr/local/lib/python3.10/dist-packages/airflow/example_dags/example_branch_python_dop_operator_3.py
[2024-07-26T11:07:23.094+0700] {processor.py:840} INFO - DAG(s) 'example_branch_dop_operator_v3' retrieved from /usr/local/lib/python3.10/dist-packages/airflow/example_dags/example_branch_python_dop_operator_3.py
[2024-07-26T11:07:23.111+0700] {logging_mixin.py:188} INFO - [2024-07-26T11:07:23.110+0700] {dag.py:3089} INFO - Sync 1 DAGs
[2024-07-26T11:07:23.135+0700] {logging_mixin.py:188} INFO - [2024-07-26T11:07:23.135+0700] {dag.py:3947} INFO - Setting next_dagrun for example_branch_dop_operator_v3 to 2024-07-26 04:06:00+00:00, run_after=2024-07-26 04:07:00+00:00
[2024-07-26T11:07:23.170+0700] {processor.py:183} INFO - Processing /usr/local/lib/python3.10/dist-packages/airflow/example_dags/example_branch_python_dop_operator_3.py took 0.092 seconds
[2024-07-26T11:08:20.371+0700] {processor.py:161} INFO - Started process (PID=4897) to work on /usr/local/lib/python3.10/dist-packages/airflow/example_dags/example_branch_python_dop_operator_3.py
[2024-07-26T11:08:20.372+0700] {processor.py:830} INFO - Processing file /usr/local/lib/python3.10/dist-packages/airflow/example_dags/example_branch_python_dop_operator_3.py for tasks to queue
[2024-07-26T11:08:20.373+0700] {logging_mixin.py:188} INFO - [2024-07-26T11:08:20.373+0700] {dagbag.py:545} INFO - Filling up the DagBag from /usr/local/lib/python3.10/dist-packages/airflow/example_dags/example_branch_python_dop_operator_3.py
[2024-07-26T11:08:20.380+0700] {processor.py:840} INFO - DAG(s) 'example_branch_dop_operator_v3' retrieved from /usr/local/lib/python3.10/dist-packages/airflow/example_dags/example_branch_python_dop_operator_3.py
[2024-07-26T11:08:20.391+0700] {logging_mixin.py:188} INFO - [2024-07-26T11:08:20.391+0700] {dag.py:3089} INFO - Sync 1 DAGs
[2024-07-26T11:08:20.409+0700] {logging_mixin.py:188} INFO - [2024-07-26T11:08:20.408+0700] {dag.py:3947} INFO - Setting next_dagrun for example_branch_dop_operator_v3 to 2024-07-26 04:07:00+00:00, run_after=2024-07-26 04:08:00+00:00
[2024-07-26T11:08:20.439+0700] {processor.py:183} INFO - Processing /usr/local/lib/python3.10/dist-packages/airflow/example_dags/example_branch_python_dop_operator_3.py took 0.074 seconds
[2024-07-26T11:09:21.638+0700] {processor.py:161} INFO - Started process (PID=5200) to work on /usr/local/lib/python3.10/dist-packages/airflow/example_dags/example_branch_python_dop_operator_3.py
[2024-07-26T11:09:21.640+0700] {processor.py:830} INFO - Processing file /usr/local/lib/python3.10/dist-packages/airflow/example_dags/example_branch_python_dop_operator_3.py for tasks to queue
[2024-07-26T11:09:21.641+0700] {logging_mixin.py:188} INFO - [2024-07-26T11:09:21.641+0700] {dagbag.py:545} INFO - Filling up the DagBag from /usr/local/lib/python3.10/dist-packages/airflow/example_dags/example_branch_python_dop_operator_3.py
[2024-07-26T11:09:21.647+0700] {processor.py:840} INFO - DAG(s) 'example_branch_dop_operator_v3' retrieved from /usr/local/lib/python3.10/dist-packages/airflow/example_dags/example_branch_python_dop_operator_3.py
[2024-07-26T11:09:21.658+0700] {logging_mixin.py:188} INFO - [2024-07-26T11:09:21.658+0700] {dag.py:3089} INFO - Sync 1 DAGs
[2024-07-26T11:09:21.675+0700] {logging_mixin.py:188} INFO - [2024-07-26T11:09:21.675+0700] {dag.py:3947} INFO - Setting next_dagrun for example_branch_dop_operator_v3 to 2024-07-26 04:08:00+00:00, run_after=2024-07-26 04:09:00+00:00
[2024-07-26T11:09:21.705+0700] {processor.py:183} INFO - Processing /usr/local/lib/python3.10/dist-packages/airflow/example_dags/example_branch_python_dop_operator_3.py took 0.073 seconds
[2024-07-26T11:10:20.024+0700] {processor.py:161} INFO - Started process (PID=5491) to work on /usr/local/lib/python3.10/dist-packages/airflow/example_dags/example_branch_python_dop_operator_3.py
[2024-07-26T11:10:20.026+0700] {processor.py:830} INFO - Processing file /usr/local/lib/python3.10/dist-packages/airflow/example_dags/example_branch_python_dop_operator_3.py for tasks to queue
[2024-07-26T11:10:20.029+0700] {logging_mixin.py:188} INFO - [2024-07-26T11:10:20.029+0700] {dagbag.py:545} INFO - Filling up the DagBag from /usr/local/lib/python3.10/dist-packages/airflow/example_dags/example_branch_python_dop_operator_3.py
[2024-07-26T11:10:20.036+0700] {processor.py:840} INFO - DAG(s) 'example_branch_dop_operator_v3' retrieved from /usr/local/lib/python3.10/dist-packages/airflow/example_dags/example_branch_python_dop_operator_3.py
[2024-07-26T11:10:20.048+0700] {logging_mixin.py:188} INFO - [2024-07-26T11:10:20.048+0700] {dag.py:3089} INFO - Sync 1 DAGs
[2024-07-26T11:10:20.065+0700] {logging_mixin.py:188} INFO - [2024-07-26T11:10:20.065+0700] {dag.py:3947} INFO - Setting next_dagrun for example_branch_dop_operator_v3 to 2024-07-26 04:09:00+00:00, run_after=2024-07-26 04:10:00+00:00
[2024-07-26T11:10:20.093+0700] {processor.py:183} INFO - Processing /usr/local/lib/python3.10/dist-packages/airflow/example_dags/example_branch_python_dop_operator_3.py took 0.075 seconds
[2024-07-26T11:11:17.347+0700] {processor.py:161} INFO - Started process (PID=5777) to work on /usr/local/lib/python3.10/dist-packages/airflow/example_dags/example_branch_python_dop_operator_3.py
[2024-07-26T11:11:17.348+0700] {processor.py:830} INFO - Processing file /usr/local/lib/python3.10/dist-packages/airflow/example_dags/example_branch_python_dop_operator_3.py for tasks to queue
[2024-07-26T11:11:17.350+0700] {logging_mixin.py:188} INFO - [2024-07-26T11:11:17.350+0700] {dagbag.py:545} INFO - Filling up the DagBag from /usr/local/lib/python3.10/dist-packages/airflow/example_dags/example_branch_python_dop_operator_3.py
[2024-07-26T11:11:17.358+0700] {processor.py:840} INFO - DAG(s) 'example_branch_dop_operator_v3' retrieved from /usr/local/lib/python3.10/dist-packages/airflow/example_dags/example_branch_python_dop_operator_3.py
[2024-07-26T11:11:17.369+0700] {logging_mixin.py:188} INFO - [2024-07-26T11:11:17.369+0700] {dag.py:3089} INFO - Sync 1 DAGs
[2024-07-26T11:11:17.389+0700] {logging_mixin.py:188} INFO - [2024-07-26T11:11:17.389+0700] {dag.py:3947} INFO - Setting next_dagrun for example_branch_dop_operator_v3 to 2024-07-26 04:10:00+00:00, run_after=2024-07-26 04:11:00+00:00
[2024-07-26T11:11:17.419+0700] {processor.py:183} INFO - Processing /usr/local/lib/python3.10/dist-packages/airflow/example_dags/example_branch_python_dop_operator_3.py took 0.078 seconds
[2024-07-26T11:12:11.879+0700] {processor.py:161} INFO - Started process (PID=6048) to work on /usr/local/lib/python3.10/dist-packages/airflow/example_dags/example_branch_python_dop_operator_3.py
[2024-07-26T11:12:11.881+0700] {processor.py:830} INFO - Processing file /usr/local/lib/python3.10/dist-packages/airflow/example_dags/example_branch_python_dop_operator_3.py for tasks to queue
[2024-07-26T11:12:11.882+0700] {logging_mixin.py:188} INFO - [2024-07-26T11:12:11.882+0700] {dagbag.py:545} INFO - Filling up the DagBag from /usr/local/lib/python3.10/dist-packages/airflow/example_dags/example_branch_python_dop_operator_3.py
[2024-07-26T11:12:11.889+0700] {processor.py:840} INFO - DAG(s) 'example_branch_dop_operator_v3' retrieved from /usr/local/lib/python3.10/dist-packages/airflow/example_dags/example_branch_python_dop_operator_3.py
[2024-07-26T11:12:11.901+0700] {logging_mixin.py:188} INFO - [2024-07-26T11:12:11.900+0700] {dag.py:3089} INFO - Sync 1 DAGs
[2024-07-26T11:12:11.922+0700] {logging_mixin.py:188} INFO - [2024-07-26T11:12:11.921+0700] {dag.py:3947} INFO - Setting next_dagrun for example_branch_dop_operator_v3 to 2024-07-26 04:11:00+00:00, run_after=2024-07-26 04:12:00+00:00
[2024-07-26T11:12:11.952+0700] {processor.py:183} INFO - Processing /usr/local/lib/python3.10/dist-packages/airflow/example_dags/example_branch_python_dop_operator_3.py took 0.080 seconds
