[2024-07-26T10:57:54.403+0700] {processor.py:161} INFO - Started process (PID=1643) to work on /usr/local/lib/python3.10/dist-packages/airflow/example_dags/example_trigger_controller_dag.py
[2024-07-26T10:57:54.403+0700] {processor.py:830} INFO - Processing file /usr/local/lib/python3.10/dist-packages/airflow/example_dags/example_trigger_controller_dag.py for tasks to queue
[2024-07-26T10:57:54.404+0700] {logging_mixin.py:188} INFO - [2024-07-26T10:57:54.404+0700] {dagbag.py:545} INFO - Filling up the DagBag from /usr/local/lib/python3.10/dist-packages/airflow/example_dags/example_trigger_controller_dag.py
[2024-07-26T10:57:54.409+0700] {processor.py:840} INFO - DAG(s) 'example_trigger_controller_dag' retrieved from /usr/local/lib/python3.10/dist-packages/airflow/example_dags/example_trigger_controller_dag.py
[2024-07-26T10:57:54.501+0700] {logging_mixin.py:188} INFO - [2024-07-26T10:57:54.500+0700] {override.py:1858} INFO - Created Permission View: can read on DAG:example_trigger_controller_dag
[2024-07-26T10:57:54.521+0700] {logging_mixin.py:188} INFO - [2024-07-26T10:57:54.520+0700] {override.py:1858} INFO - Created Permission View: can edit on DAG:example_trigger_controller_dag
[2024-07-26T10:57:54.538+0700] {logging_mixin.py:188} INFO - [2024-07-26T10:57:54.537+0700] {override.py:1858} INFO - Created Permission View: can delete on DAG:example_trigger_controller_dag
[2024-07-26T10:57:54.538+0700] {logging_mixin.py:188} INFO - [2024-07-26T10:57:54.538+0700] {dag.py:3089} INFO - Sync 1 DAGs
[2024-07-26T10:57:54.546+0700] {logging_mixin.py:188} INFO - [2024-07-26T10:57:54.546+0700] {dag.py:3111} INFO - Creating ORM DAG for example_trigger_controller_dag
[2024-07-26T10:57:54.552+0700] {logging_mixin.py:188} INFO - [2024-07-26T10:57:54.552+0700] {dag.py:3947} INFO - Setting next_dagrun for example_trigger_controller_dag to 2021-01-01 00:00:00+00:00, run_after=2021-01-01 00:00:00+00:00
[2024-07-26T10:57:54.580+0700] {processor.py:183} INFO - Processing /usr/local/lib/python3.10/dist-packages/airflow/example_dags/example_trigger_controller_dag.py took 0.181 seconds
[2024-07-26T10:58:56.897+0700] {processor.py:161} INFO - Started process (PID=1960) to work on /usr/local/lib/python3.10/dist-packages/airflow/example_dags/example_trigger_controller_dag.py
[2024-07-26T10:58:56.898+0700] {processor.py:830} INFO - Processing file /usr/local/lib/python3.10/dist-packages/airflow/example_dags/example_trigger_controller_dag.py for tasks to queue
[2024-07-26T10:58:56.899+0700] {logging_mixin.py:188} INFO - [2024-07-26T10:58:56.899+0700] {dagbag.py:545} INFO - Filling up the DagBag from /usr/local/lib/python3.10/dist-packages/airflow/example_dags/example_trigger_controller_dag.py
[2024-07-26T10:58:56.903+0700] {processor.py:840} INFO - DAG(s) 'example_trigger_controller_dag' retrieved from /usr/local/lib/python3.10/dist-packages/airflow/example_dags/example_trigger_controller_dag.py
[2024-07-26T10:58:56.914+0700] {logging_mixin.py:188} INFO - [2024-07-26T10:58:56.913+0700] {dag.py:3089} INFO - Sync 1 DAGs
[2024-07-26T10:58:56.927+0700] {logging_mixin.py:188} INFO - [2024-07-26T10:58:56.927+0700] {dag.py:3947} INFO - Setting next_dagrun for example_trigger_controller_dag to 2021-01-01 00:00:00+00:00, run_after=2021-01-01 00:00:00+00:00
[2024-07-26T10:58:56.954+0700] {processor.py:183} INFO - Processing /usr/local/lib/python3.10/dist-packages/airflow/example_dags/example_trigger_controller_dag.py took 0.061 seconds
[2024-07-26T10:59:45.967+0700] {processor.py:161} INFO - Started process (PID=2207) to work on /usr/local/lib/python3.10/dist-packages/airflow/example_dags/example_trigger_controller_dag.py
[2024-07-26T10:59:45.969+0700] {processor.py:830} INFO - Processing file /usr/local/lib/python3.10/dist-packages/airflow/example_dags/example_trigger_controller_dag.py for tasks to queue
[2024-07-26T10:59:45.970+0700] {logging_mixin.py:188} INFO - [2024-07-26T10:59:45.970+0700] {dagbag.py:545} INFO - Filling up the DagBag from /usr/local/lib/python3.10/dist-packages/airflow/example_dags/example_trigger_controller_dag.py
[2024-07-26T10:59:45.974+0700] {processor.py:840} INFO - DAG(s) 'example_trigger_controller_dag' retrieved from /usr/local/lib/python3.10/dist-packages/airflow/example_dags/example_trigger_controller_dag.py
[2024-07-26T10:59:45.985+0700] {logging_mixin.py:188} INFO - [2024-07-26T10:59:45.984+0700] {dag.py:3089} INFO - Sync 1 DAGs
[2024-07-26T10:59:46.000+0700] {logging_mixin.py:188} INFO - [2024-07-26T10:59:46.000+0700] {dag.py:3947} INFO - Setting next_dagrun for example_trigger_controller_dag to 2021-01-01 00:00:00+00:00, run_after=2021-01-01 00:00:00+00:00
[2024-07-26T10:59:46.119+0700] {processor.py:183} INFO - Processing /usr/local/lib/python3.10/dist-packages/airflow/example_dags/example_trigger_controller_dag.py took 0.158 seconds
[2024-07-26T11:00:36.733+0700] {processor.py:161} INFO - Started process (PID=2460) to work on /usr/local/lib/python3.10/dist-packages/airflow/example_dags/example_trigger_controller_dag.py
[2024-07-26T11:00:36.734+0700] {processor.py:830} INFO - Processing file /usr/local/lib/python3.10/dist-packages/airflow/example_dags/example_trigger_controller_dag.py for tasks to queue
[2024-07-26T11:00:36.736+0700] {logging_mixin.py:188} INFO - [2024-07-26T11:00:36.735+0700] {dagbag.py:545} INFO - Filling up the DagBag from /usr/local/lib/python3.10/dist-packages/airflow/example_dags/example_trigger_controller_dag.py
[2024-07-26T11:00:36.739+0700] {processor.py:840} INFO - DAG(s) 'example_trigger_controller_dag' retrieved from /usr/local/lib/python3.10/dist-packages/airflow/example_dags/example_trigger_controller_dag.py
[2024-07-26T11:00:36.749+0700] {logging_mixin.py:188} INFO - [2024-07-26T11:00:36.749+0700] {dag.py:3089} INFO - Sync 1 DAGs
[2024-07-26T11:00:36.763+0700] {logging_mixin.py:188} INFO - [2024-07-26T11:00:36.762+0700] {dag.py:3947} INFO - Setting next_dagrun for example_trigger_controller_dag to 2021-01-01 00:00:00+00:00, run_after=2021-01-01 00:00:00+00:00
[2024-07-26T11:00:36.795+0700] {processor.py:183} INFO - Processing /usr/local/lib/python3.10/dist-packages/airflow/example_dags/example_trigger_controller_dag.py took 0.066 seconds
[2024-07-26T11:01:16.753+0700] {processor.py:161} INFO - Started process (PID=2659) to work on /usr/local/lib/python3.10/dist-packages/airflow/example_dags/example_trigger_controller_dag.py
[2024-07-26T11:01:16.755+0700] {processor.py:830} INFO - Processing file /usr/local/lib/python3.10/dist-packages/airflow/example_dags/example_trigger_controller_dag.py for tasks to queue
[2024-07-26T11:01:16.757+0700] {logging_mixin.py:188} INFO - [2024-07-26T11:01:16.756+0700] {dagbag.py:545} INFO - Filling up the DagBag from /usr/local/lib/python3.10/dist-packages/airflow/example_dags/example_trigger_controller_dag.py
[2024-07-26T11:01:16.761+0700] {processor.py:840} INFO - DAG(s) 'example_trigger_controller_dag' retrieved from /usr/local/lib/python3.10/dist-packages/airflow/example_dags/example_trigger_controller_dag.py
[2024-07-26T11:01:16.772+0700] {logging_mixin.py:188} INFO - [2024-07-26T11:01:16.772+0700] {dag.py:3089} INFO - Sync 1 DAGs
[2024-07-26T11:01:16.786+0700] {logging_mixin.py:188} INFO - [2024-07-26T11:01:16.785+0700] {dag.py:3947} INFO - Setting next_dagrun for example_trigger_controller_dag to 2021-01-01 00:00:00+00:00, run_after=2021-01-01 00:00:00+00:00
[2024-07-26T11:01:16.814+0700] {processor.py:183} INFO - Processing /usr/local/lib/python3.10/dist-packages/airflow/example_dags/example_trigger_controller_dag.py took 0.066 seconds
[2024-07-26T11:01:58.195+0700] {processor.py:161} INFO - Started process (PID=2865) to work on /usr/local/lib/python3.10/dist-packages/airflow/example_dags/example_trigger_controller_dag.py
[2024-07-26T11:01:58.196+0700] {processor.py:830} INFO - Processing file /usr/local/lib/python3.10/dist-packages/airflow/example_dags/example_trigger_controller_dag.py for tasks to queue
[2024-07-26T11:01:58.198+0700] {logging_mixin.py:188} INFO - [2024-07-26T11:01:58.197+0700] {dagbag.py:545} INFO - Filling up the DagBag from /usr/local/lib/python3.10/dist-packages/airflow/example_dags/example_trigger_controller_dag.py
[2024-07-26T11:01:58.204+0700] {processor.py:840} INFO - DAG(s) 'example_trigger_controller_dag' retrieved from /usr/local/lib/python3.10/dist-packages/airflow/example_dags/example_trigger_controller_dag.py
[2024-07-26T11:01:58.218+0700] {logging_mixin.py:188} INFO - [2024-07-26T11:01:58.218+0700] {dag.py:3089} INFO - Sync 1 DAGs
[2024-07-26T11:01:58.247+0700] {logging_mixin.py:188} INFO - [2024-07-26T11:01:58.247+0700] {dag.py:3947} INFO - Setting next_dagrun for example_trigger_controller_dag to 2021-01-01 00:00:00+00:00, run_after=2021-01-01 00:00:00+00:00
[2024-07-26T11:01:58.284+0700] {processor.py:183} INFO - Processing /usr/local/lib/python3.10/dist-packages/airflow/example_dags/example_trigger_controller_dag.py took 0.094 seconds
[2024-07-26T11:02:35.432+0700] {processor.py:161} INFO - Started process (PID=3053) to work on /usr/local/lib/python3.10/dist-packages/airflow/example_dags/example_trigger_controller_dag.py
[2024-07-26T11:02:35.434+0700] {processor.py:830} INFO - Processing file /usr/local/lib/python3.10/dist-packages/airflow/example_dags/example_trigger_controller_dag.py for tasks to queue
[2024-07-26T11:02:35.435+0700] {logging_mixin.py:188} INFO - [2024-07-26T11:02:35.435+0700] {dagbag.py:545} INFO - Filling up the DagBag from /usr/local/lib/python3.10/dist-packages/airflow/example_dags/example_trigger_controller_dag.py
[2024-07-26T11:02:35.439+0700] {processor.py:840} INFO - DAG(s) 'example_trigger_controller_dag' retrieved from /usr/local/lib/python3.10/dist-packages/airflow/example_dags/example_trigger_controller_dag.py
[2024-07-26T11:02:35.450+0700] {logging_mixin.py:188} INFO - [2024-07-26T11:02:35.450+0700] {dag.py:3089} INFO - Sync 1 DAGs
[2024-07-26T11:02:35.465+0700] {logging_mixin.py:188} INFO - [2024-07-26T11:02:35.465+0700] {dag.py:3947} INFO - Setting next_dagrun for example_trigger_controller_dag to 2021-01-01 00:00:00+00:00, run_after=2021-01-01 00:00:00+00:00
[2024-07-26T11:02:35.506+0700] {processor.py:183} INFO - Processing /usr/local/lib/python3.10/dist-packages/airflow/example_dags/example_trigger_controller_dag.py took 0.079 seconds
[2024-07-26T11:03:34.607+0700] {processor.py:161} INFO - Started process (PID=3455) to work on /usr/local/lib/python3.10/dist-packages/airflow/example_dags/example_trigger_controller_dag.py
[2024-07-26T11:03:34.609+0700] {processor.py:830} INFO - Processing file /usr/local/lib/python3.10/dist-packages/airflow/example_dags/example_trigger_controller_dag.py for tasks to queue
[2024-07-26T11:03:34.610+0700] {logging_mixin.py:188} INFO - [2024-07-26T11:03:34.610+0700] {dagbag.py:545} INFO - Filling up the DagBag from /usr/local/lib/python3.10/dist-packages/airflow/example_dags/example_trigger_controller_dag.py
[2024-07-26T11:03:34.613+0700] {processor.py:840} INFO - DAG(s) 'example_trigger_controller_dag' retrieved from /usr/local/lib/python3.10/dist-packages/airflow/example_dags/example_trigger_controller_dag.py
[2024-07-26T11:03:34.624+0700] {logging_mixin.py:188} INFO - [2024-07-26T11:03:34.623+0700] {dag.py:3089} INFO - Sync 1 DAGs
[2024-07-26T11:03:34.638+0700] {logging_mixin.py:188} INFO - [2024-07-26T11:03:34.638+0700] {dag.py:3947} INFO - Setting next_dagrun for example_trigger_controller_dag to 2021-01-01 00:00:00+00:00, run_after=2021-01-01 00:00:00+00:00
[2024-07-26T11:03:34.668+0700] {processor.py:183} INFO - Processing /usr/local/lib/python3.10/dist-packages/airflow/example_dags/example_trigger_controller_dag.py took 0.064 seconds
[2024-07-26T11:04:14.265+0700] {processor.py:161} INFO - Started process (PID=3662) to work on /usr/local/lib/python3.10/dist-packages/airflow/example_dags/example_trigger_controller_dag.py
[2024-07-26T11:04:14.266+0700] {processor.py:830} INFO - Processing file /usr/local/lib/python3.10/dist-packages/airflow/example_dags/example_trigger_controller_dag.py for tasks to queue
[2024-07-26T11:04:14.267+0700] {logging_mixin.py:188} INFO - [2024-07-26T11:04:14.267+0700] {dagbag.py:545} INFO - Filling up the DagBag from /usr/local/lib/python3.10/dist-packages/airflow/example_dags/example_trigger_controller_dag.py
[2024-07-26T11:04:14.270+0700] {processor.py:840} INFO - DAG(s) 'example_trigger_controller_dag' retrieved from /usr/local/lib/python3.10/dist-packages/airflow/example_dags/example_trigger_controller_dag.py
[2024-07-26T11:04:14.282+0700] {logging_mixin.py:188} INFO - [2024-07-26T11:04:14.281+0700] {dag.py:3089} INFO - Sync 1 DAGs
[2024-07-26T11:04:14.298+0700] {logging_mixin.py:188} INFO - [2024-07-26T11:04:14.298+0700] {dag.py:3947} INFO - Setting next_dagrun for example_trigger_controller_dag to 2021-01-01 00:00:00+00:00, run_after=2021-01-01 00:00:00+00:00
[2024-07-26T11:04:14.327+0700] {processor.py:183} INFO - Processing /usr/local/lib/python3.10/dist-packages/airflow/example_dags/example_trigger_controller_dag.py took 0.068 seconds
[2024-07-26T11:04:54.331+0700] {processor.py:161} INFO - Started process (PID=3865) to work on /usr/local/lib/python3.10/dist-packages/airflow/example_dags/example_trigger_controller_dag.py
[2024-07-26T11:04:54.332+0700] {processor.py:830} INFO - Processing file /usr/local/lib/python3.10/dist-packages/airflow/example_dags/example_trigger_controller_dag.py for tasks to queue
[2024-07-26T11:04:54.334+0700] {logging_mixin.py:188} INFO - [2024-07-26T11:04:54.333+0700] {dagbag.py:545} INFO - Filling up the DagBag from /usr/local/lib/python3.10/dist-packages/airflow/example_dags/example_trigger_controller_dag.py
[2024-07-26T11:04:54.337+0700] {processor.py:840} INFO - DAG(s) 'example_trigger_controller_dag' retrieved from /usr/local/lib/python3.10/dist-packages/airflow/example_dags/example_trigger_controller_dag.py
[2024-07-26T11:04:54.350+0700] {logging_mixin.py:188} INFO - [2024-07-26T11:04:54.349+0700] {dag.py:3089} INFO - Sync 1 DAGs
[2024-07-26T11:04:54.366+0700] {logging_mixin.py:188} INFO - [2024-07-26T11:04:54.366+0700] {dag.py:3947} INFO - Setting next_dagrun for example_trigger_controller_dag to 2021-01-01 00:00:00+00:00, run_after=2021-01-01 00:00:00+00:00
[2024-07-26T11:04:54.395+0700] {processor.py:183} INFO - Processing /usr/local/lib/python3.10/dist-packages/airflow/example_dags/example_trigger_controller_dag.py took 0.070 seconds
[2024-07-26T11:05:51.202+0700] {processor.py:161} INFO - Started process (PID=4156) to work on /usr/local/lib/python3.10/dist-packages/airflow/example_dags/example_trigger_controller_dag.py
[2024-07-26T11:05:51.203+0700] {processor.py:830} INFO - Processing file /usr/local/lib/python3.10/dist-packages/airflow/example_dags/example_trigger_controller_dag.py for tasks to queue
[2024-07-26T11:05:51.205+0700] {logging_mixin.py:188} INFO - [2024-07-26T11:05:51.204+0700] {dagbag.py:545} INFO - Filling up the DagBag from /usr/local/lib/python3.10/dist-packages/airflow/example_dags/example_trigger_controller_dag.py
[2024-07-26T11:05:51.208+0700] {processor.py:840} INFO - DAG(s) 'example_trigger_controller_dag' retrieved from /usr/local/lib/python3.10/dist-packages/airflow/example_dags/example_trigger_controller_dag.py
[2024-07-26T11:05:51.221+0700] {logging_mixin.py:188} INFO - [2024-07-26T11:05:51.221+0700] {dag.py:3089} INFO - Sync 1 DAGs
[2024-07-26T11:05:51.237+0700] {logging_mixin.py:188} INFO - [2024-07-26T11:05:51.237+0700] {dag.py:3947} INFO - Setting next_dagrun for example_trigger_controller_dag to 2021-01-01 00:00:00+00:00, run_after=2021-01-01 00:00:00+00:00
[2024-07-26T11:05:51.266+0700] {processor.py:183} INFO - Processing /usr/local/lib/python3.10/dist-packages/airflow/example_dags/example_trigger_controller_dag.py took 0.070 seconds
[2024-07-26T11:06:32.244+0700] {processor.py:161} INFO - Started process (PID=4359) to work on /usr/local/lib/python3.10/dist-packages/airflow/example_dags/example_trigger_controller_dag.py
[2024-07-26T11:06:32.246+0700] {processor.py:830} INFO - Processing file /usr/local/lib/python3.10/dist-packages/airflow/example_dags/example_trigger_controller_dag.py for tasks to queue
[2024-07-26T11:06:32.250+0700] {logging_mixin.py:188} INFO - [2024-07-26T11:06:32.250+0700] {dagbag.py:545} INFO - Filling up the DagBag from /usr/local/lib/python3.10/dist-packages/airflow/example_dags/example_trigger_controller_dag.py
[2024-07-26T11:06:32.257+0700] {processor.py:840} INFO - DAG(s) 'example_trigger_controller_dag' retrieved from /usr/local/lib/python3.10/dist-packages/airflow/example_dags/example_trigger_controller_dag.py
[2024-07-26T11:06:32.281+0700] {logging_mixin.py:188} INFO - [2024-07-26T11:06:32.280+0700] {dag.py:3089} INFO - Sync 1 DAGs
[2024-07-26T11:06:32.313+0700] {logging_mixin.py:188} INFO - [2024-07-26T11:06:32.306+0700] {dag.py:3947} INFO - Setting next_dagrun for example_trigger_controller_dag to 2021-01-01 00:00:00+00:00, run_after=2021-01-01 00:00:00+00:00
[2024-07-26T11:06:32.362+0700] {processor.py:183} INFO - Processing /usr/local/lib/python3.10/dist-packages/airflow/example_dags/example_trigger_controller_dag.py took 0.127 seconds
[2024-07-26T11:07:15.338+0700] {processor.py:161} INFO - Started process (PID=4572) to work on /usr/local/lib/python3.10/dist-packages/airflow/example_dags/example_trigger_controller_dag.py
[2024-07-26T11:07:15.340+0700] {processor.py:830} INFO - Processing file /usr/local/lib/python3.10/dist-packages/airflow/example_dags/example_trigger_controller_dag.py for tasks to queue
[2024-07-26T11:07:15.341+0700] {logging_mixin.py:188} INFO - [2024-07-26T11:07:15.341+0700] {dagbag.py:545} INFO - Filling up the DagBag from /usr/local/lib/python3.10/dist-packages/airflow/example_dags/example_trigger_controller_dag.py
[2024-07-26T11:07:15.345+0700] {processor.py:840} INFO - DAG(s) 'example_trigger_controller_dag' retrieved from /usr/local/lib/python3.10/dist-packages/airflow/example_dags/example_trigger_controller_dag.py
[2024-07-26T11:07:15.357+0700] {logging_mixin.py:188} INFO - [2024-07-26T11:07:15.356+0700] {dag.py:3089} INFO - Sync 1 DAGs
[2024-07-26T11:07:15.373+0700] {logging_mixin.py:188} INFO - [2024-07-26T11:07:15.373+0700] {dag.py:3947} INFO - Setting next_dagrun for example_trigger_controller_dag to 2021-01-01 00:00:00+00:00, run_after=2021-01-01 00:00:00+00:00
[2024-07-26T11:07:15.407+0700] {processor.py:183} INFO - Processing /usr/local/lib/python3.10/dist-packages/airflow/example_dags/example_trigger_controller_dag.py took 0.076 seconds
[2024-07-26T11:07:54.462+0700] {processor.py:161} INFO - Started process (PID=4766) to work on /usr/local/lib/python3.10/dist-packages/airflow/example_dags/example_trigger_controller_dag.py
[2024-07-26T11:07:54.464+0700] {processor.py:830} INFO - Processing file /usr/local/lib/python3.10/dist-packages/airflow/example_dags/example_trigger_controller_dag.py for tasks to queue
[2024-07-26T11:07:54.465+0700] {logging_mixin.py:188} INFO - [2024-07-26T11:07:54.465+0700] {dagbag.py:545} INFO - Filling up the DagBag from /usr/local/lib/python3.10/dist-packages/airflow/example_dags/example_trigger_controller_dag.py
[2024-07-26T11:07:54.468+0700] {processor.py:840} INFO - DAG(s) 'example_trigger_controller_dag' retrieved from /usr/local/lib/python3.10/dist-packages/airflow/example_dags/example_trigger_controller_dag.py
[2024-07-26T11:07:54.479+0700] {logging_mixin.py:188} INFO - [2024-07-26T11:07:54.479+0700] {dag.py:3089} INFO - Sync 1 DAGs
[2024-07-26T11:07:54.499+0700] {logging_mixin.py:188} INFO - [2024-07-26T11:07:54.499+0700] {dag.py:3947} INFO - Setting next_dagrun for example_trigger_controller_dag to 2021-01-01 00:00:00+00:00, run_after=2021-01-01 00:00:00+00:00
[2024-07-26T11:07:54.534+0700] {processor.py:183} INFO - Processing /usr/local/lib/python3.10/dist-packages/airflow/example_dags/example_trigger_controller_dag.py took 0.078 seconds
[2024-07-26T11:08:34.255+0700] {processor.py:161} INFO - Started process (PID=4967) to work on /usr/local/lib/python3.10/dist-packages/airflow/example_dags/example_trigger_controller_dag.py
[2024-07-26T11:08:34.257+0700] {processor.py:830} INFO - Processing file /usr/local/lib/python3.10/dist-packages/airflow/example_dags/example_trigger_controller_dag.py for tasks to queue
[2024-07-26T11:08:34.258+0700] {logging_mixin.py:188} INFO - [2024-07-26T11:08:34.258+0700] {dagbag.py:545} INFO - Filling up the DagBag from /usr/local/lib/python3.10/dist-packages/airflow/example_dags/example_trigger_controller_dag.py
[2024-07-26T11:08:34.262+0700] {processor.py:840} INFO - DAG(s) 'example_trigger_controller_dag' retrieved from /usr/local/lib/python3.10/dist-packages/airflow/example_dags/example_trigger_controller_dag.py
[2024-07-26T11:08:34.273+0700] {logging_mixin.py:188} INFO - [2024-07-26T11:08:34.272+0700] {dag.py:3089} INFO - Sync 1 DAGs
[2024-07-26T11:08:34.286+0700] {logging_mixin.py:188} INFO - [2024-07-26T11:08:34.286+0700] {dag.py:3947} INFO - Setting next_dagrun for example_trigger_controller_dag to 2021-01-01 00:00:00+00:00, run_after=2021-01-01 00:00:00+00:00
[2024-07-26T11:08:34.315+0700] {processor.py:183} INFO - Processing /usr/local/lib/python3.10/dist-packages/airflow/example_dags/example_trigger_controller_dag.py took 0.066 seconds
[2024-07-26T11:09:14.803+0700] {processor.py:161} INFO - Started process (PID=5168) to work on /usr/local/lib/python3.10/dist-packages/airflow/example_dags/example_trigger_controller_dag.py
[2024-07-26T11:09:14.806+0700] {processor.py:830} INFO - Processing file /usr/local/lib/python3.10/dist-packages/airflow/example_dags/example_trigger_controller_dag.py for tasks to queue
[2024-07-26T11:09:14.807+0700] {logging_mixin.py:188} INFO - [2024-07-26T11:09:14.807+0700] {dagbag.py:545} INFO - Filling up the DagBag from /usr/local/lib/python3.10/dist-packages/airflow/example_dags/example_trigger_controller_dag.py
[2024-07-26T11:09:14.811+0700] {processor.py:840} INFO - DAG(s) 'example_trigger_controller_dag' retrieved from /usr/local/lib/python3.10/dist-packages/airflow/example_dags/example_trigger_controller_dag.py
[2024-07-26T11:09:14.822+0700] {logging_mixin.py:188} INFO - [2024-07-26T11:09:14.821+0700] {dag.py:3089} INFO - Sync 1 DAGs
[2024-07-26T11:09:14.837+0700] {logging_mixin.py:188} INFO - [2024-07-26T11:09:14.836+0700] {dag.py:3947} INFO - Setting next_dagrun for example_trigger_controller_dag to 2021-01-01 00:00:00+00:00, run_after=2021-01-01 00:00:00+00:00
[2024-07-26T11:09:14.867+0700] {processor.py:183} INFO - Processing /usr/local/lib/python3.10/dist-packages/airflow/example_dags/example_trigger_controller_dag.py took 0.070 seconds
[2024-07-26T11:09:55.220+0700] {processor.py:161} INFO - Started process (PID=5368) to work on /usr/local/lib/python3.10/dist-packages/airflow/example_dags/example_trigger_controller_dag.py
[2024-07-26T11:09:55.222+0700] {processor.py:830} INFO - Processing file /usr/local/lib/python3.10/dist-packages/airflow/example_dags/example_trigger_controller_dag.py for tasks to queue
[2024-07-26T11:09:55.223+0700] {logging_mixin.py:188} INFO - [2024-07-26T11:09:55.223+0700] {dagbag.py:545} INFO - Filling up the DagBag from /usr/local/lib/python3.10/dist-packages/airflow/example_dags/example_trigger_controller_dag.py
[2024-07-26T11:09:55.226+0700] {processor.py:840} INFO - DAG(s) 'example_trigger_controller_dag' retrieved from /usr/local/lib/python3.10/dist-packages/airflow/example_dags/example_trigger_controller_dag.py
[2024-07-26T11:09:55.237+0700] {logging_mixin.py:188} INFO - [2024-07-26T11:09:55.237+0700] {dag.py:3089} INFO - Sync 1 DAGs
[2024-07-26T11:09:55.252+0700] {logging_mixin.py:188} INFO - [2024-07-26T11:09:55.251+0700] {dag.py:3947} INFO - Setting next_dagrun for example_trigger_controller_dag to 2021-01-01 00:00:00+00:00, run_after=2021-01-01 00:00:00+00:00
[2024-07-26T11:09:55.284+0700] {processor.py:183} INFO - Processing /usr/local/lib/python3.10/dist-packages/airflow/example_dags/example_trigger_controller_dag.py took 0.070 seconds
[2024-07-26T11:10:53.212+0700] {processor.py:161} INFO - Started process (PID=5656) to work on /usr/local/lib/python3.10/dist-packages/airflow/example_dags/example_trigger_controller_dag.py
[2024-07-26T11:10:53.213+0700] {processor.py:830} INFO - Processing file /usr/local/lib/python3.10/dist-packages/airflow/example_dags/example_trigger_controller_dag.py for tasks to queue
[2024-07-26T11:10:53.214+0700] {logging_mixin.py:188} INFO - [2024-07-26T11:10:53.214+0700] {dagbag.py:545} INFO - Filling up the DagBag from /usr/local/lib/python3.10/dist-packages/airflow/example_dags/example_trigger_controller_dag.py
[2024-07-26T11:10:53.217+0700] {processor.py:840} INFO - DAG(s) 'example_trigger_controller_dag' retrieved from /usr/local/lib/python3.10/dist-packages/airflow/example_dags/example_trigger_controller_dag.py
[2024-07-26T11:10:53.228+0700] {logging_mixin.py:188} INFO - [2024-07-26T11:10:53.227+0700] {dag.py:3089} INFO - Sync 1 DAGs
[2024-07-26T11:10:53.242+0700] {logging_mixin.py:188} INFO - [2024-07-26T11:10:53.241+0700] {dag.py:3947} INFO - Setting next_dagrun for example_trigger_controller_dag to 2021-01-01 00:00:00+00:00, run_after=2021-01-01 00:00:00+00:00
[2024-07-26T11:10:53.270+0700] {processor.py:183} INFO - Processing /usr/local/lib/python3.10/dist-packages/airflow/example_dags/example_trigger_controller_dag.py took 0.064 seconds
[2024-07-26T11:11:47.758+0700] {processor.py:161} INFO - Started process (PID=5930) to work on /usr/local/lib/python3.10/dist-packages/airflow/example_dags/example_trigger_controller_dag.py
[2024-07-26T11:11:47.760+0700] {processor.py:830} INFO - Processing file /usr/local/lib/python3.10/dist-packages/airflow/example_dags/example_trigger_controller_dag.py for tasks to queue
[2024-07-26T11:11:47.761+0700] {logging_mixin.py:188} INFO - [2024-07-26T11:11:47.761+0700] {dagbag.py:545} INFO - Filling up the DagBag from /usr/local/lib/python3.10/dist-packages/airflow/example_dags/example_trigger_controller_dag.py
[2024-07-26T11:11:47.764+0700] {processor.py:840} INFO - DAG(s) 'example_trigger_controller_dag' retrieved from /usr/local/lib/python3.10/dist-packages/airflow/example_dags/example_trigger_controller_dag.py
[2024-07-26T11:11:47.777+0700] {logging_mixin.py:188} INFO - [2024-07-26T11:11:47.777+0700] {dag.py:3089} INFO - Sync 1 DAGs
[2024-07-26T11:11:47.792+0700] {logging_mixin.py:188} INFO - [2024-07-26T11:11:47.792+0700] {dag.py:3947} INFO - Setting next_dagrun for example_trigger_controller_dag to 2021-01-01 00:00:00+00:00, run_after=2021-01-01 00:00:00+00:00
[2024-07-26T11:11:47.822+0700] {processor.py:183} INFO - Processing /usr/local/lib/python3.10/dist-packages/airflow/example_dags/example_trigger_controller_dag.py took 0.069 seconds
