[2024-07-26T10:57:36.661+0700] {processor.py:161} INFO - Started process (PID=1535) to work on /usr/local/lib/python3.10/dist-packages/airflow/example_dags/tutorial_taskflow_api_virtualenv.py
[2024-07-26T10:57:36.662+0700] {processor.py:830} INFO - Processing file /usr/local/lib/python3.10/dist-packages/airflow/example_dags/tutorial_taskflow_api_virtualenv.py for tasks to queue
[2024-07-26T10:57:36.663+0700] {logging_mixin.py:188} INFO - [2024-07-26T10:57:36.662+0700] {dagbag.py:545} INFO - Filling up the DagBag from /usr/local/lib/python3.10/dist-packages/airflow/example_dags/tutorial_taskflow_api_virtualenv.py
[2024-07-26T10:57:36.733+0700] {logging_mixin.py:188} INFO - [2024-07-26T10:57:36.732+0700] {tutorial_taskflow_api_virtualenv.py:29} WARNING - The tutorial_taskflow_api_virtualenv example DAG requires virtualenv, please install it.
[2024-07-26T10:57:36.733+0700] {processor.py:842} WARNING - No viable dags retrieved from /usr/local/lib/python3.10/dist-packages/airflow/example_dags/tutorial_taskflow_api_virtualenv.py
[2024-07-26T10:57:36.740+0700] {processor.py:183} INFO - Processing /usr/local/lib/python3.10/dist-packages/airflow/example_dags/tutorial_taskflow_api_virtualenv.py took 0.083 seconds
[2024-07-26T10:58:42.587+0700] {processor.py:161} INFO - Started process (PID=1890) to work on /usr/local/lib/python3.10/dist-packages/airflow/example_dags/tutorial_taskflow_api_virtualenv.py
[2024-07-26T10:58:42.589+0700] {processor.py:830} INFO - Processing file /usr/local/lib/python3.10/dist-packages/airflow/example_dags/tutorial_taskflow_api_virtualenv.py for tasks to queue
[2024-07-26T10:58:42.590+0700] {logging_mixin.py:188} INFO - [2024-07-26T10:58:42.590+0700] {dagbag.py:545} INFO - Filling up the DagBag from /usr/local/lib/python3.10/dist-packages/airflow/example_dags/tutorial_taskflow_api_virtualenv.py
[2024-07-26T10:58:42.664+0700] {logging_mixin.py:188} INFO - [2024-07-26T10:58:42.664+0700] {tutorial_taskflow_api_virtualenv.py:29} WARNING - The tutorial_taskflow_api_virtualenv example DAG requires virtualenv, please install it.
[2024-07-26T10:58:42.665+0700] {processor.py:842} WARNING - No viable dags retrieved from /usr/local/lib/python3.10/dist-packages/airflow/example_dags/tutorial_taskflow_api_virtualenv.py
[2024-07-26T10:58:42.675+0700] {processor.py:183} INFO - Processing /usr/local/lib/python3.10/dist-packages/airflow/example_dags/tutorial_taskflow_api_virtualenv.py took 0.092 seconds
[2024-07-26T10:59:32.931+0700] {processor.py:161} INFO - Started process (PID=2142) to work on /usr/local/lib/python3.10/dist-packages/airflow/example_dags/tutorial_taskflow_api_virtualenv.py
[2024-07-26T10:59:32.932+0700] {processor.py:830} INFO - Processing file /usr/local/lib/python3.10/dist-packages/airflow/example_dags/tutorial_taskflow_api_virtualenv.py for tasks to queue
[2024-07-26T10:59:32.934+0700] {logging_mixin.py:188} INFO - [2024-07-26T10:59:32.933+0700] {dagbag.py:545} INFO - Filling up the DagBag from /usr/local/lib/python3.10/dist-packages/airflow/example_dags/tutorial_taskflow_api_virtualenv.py
[2024-07-26T10:59:32.995+0700] {logging_mixin.py:188} INFO - [2024-07-26T10:59:32.995+0700] {tutorial_taskflow_api_virtualenv.py:29} WARNING - The tutorial_taskflow_api_virtualenv example DAG requires virtualenv, please install it.
[2024-07-26T10:59:32.996+0700] {processor.py:842} WARNING - No viable dags retrieved from /usr/local/lib/python3.10/dist-packages/airflow/example_dags/tutorial_taskflow_api_virtualenv.py
[2024-07-26T10:59:33.003+0700] {processor.py:183} INFO - Processing /usr/local/lib/python3.10/dist-packages/airflow/example_dags/tutorial_taskflow_api_virtualenv.py took 0.076 seconds
[2024-07-26T11:00:14.366+0700] {processor.py:161} INFO - Started process (PID=2346) to work on /usr/local/lib/python3.10/dist-packages/airflow/example_dags/tutorial_taskflow_api_virtualenv.py
[2024-07-26T11:00:14.368+0700] {processor.py:830} INFO - Processing file /usr/local/lib/python3.10/dist-packages/airflow/example_dags/tutorial_taskflow_api_virtualenv.py for tasks to queue
[2024-07-26T11:00:14.370+0700] {logging_mixin.py:188} INFO - [2024-07-26T11:00:14.369+0700] {dagbag.py:545} INFO - Filling up the DagBag from /usr/local/lib/python3.10/dist-packages/airflow/example_dags/tutorial_taskflow_api_virtualenv.py
[2024-07-26T11:00:14.461+0700] {logging_mixin.py:188} INFO - [2024-07-26T11:00:14.461+0700] {tutorial_taskflow_api_virtualenv.py:29} WARNING - The tutorial_taskflow_api_virtualenv example DAG requires virtualenv, please install it.
[2024-07-26T11:00:14.461+0700] {processor.py:842} WARNING - No viable dags retrieved from /usr/local/lib/python3.10/dist-packages/airflow/example_dags/tutorial_taskflow_api_virtualenv.py
[2024-07-26T11:00:14.470+0700] {processor.py:183} INFO - Processing /usr/local/lib/python3.10/dist-packages/airflow/example_dags/tutorial_taskflow_api_virtualenv.py took 0.109 seconds
[2024-07-26T11:00:55.617+0700] {processor.py:161} INFO - Started process (PID=2554) to work on /usr/local/lib/python3.10/dist-packages/airflow/example_dags/tutorial_taskflow_api_virtualenv.py
[2024-07-26T11:00:55.619+0700] {processor.py:830} INFO - Processing file /usr/local/lib/python3.10/dist-packages/airflow/example_dags/tutorial_taskflow_api_virtualenv.py for tasks to queue
[2024-07-26T11:00:55.627+0700] {logging_mixin.py:188} INFO - [2024-07-26T11:00:55.627+0700] {dagbag.py:545} INFO - Filling up the DagBag from /usr/local/lib/python3.10/dist-packages/airflow/example_dags/tutorial_taskflow_api_virtualenv.py
[2024-07-26T11:00:55.714+0700] {logging_mixin.py:188} INFO - [2024-07-26T11:00:55.714+0700] {tutorial_taskflow_api_virtualenv.py:29} WARNING - The tutorial_taskflow_api_virtualenv example DAG requires virtualenv, please install it.
[2024-07-26T11:00:55.715+0700] {processor.py:842} WARNING - No viable dags retrieved from /usr/local/lib/python3.10/dist-packages/airflow/example_dags/tutorial_taskflow_api_virtualenv.py
[2024-07-26T11:00:55.733+0700] {processor.py:183} INFO - Processing /usr/local/lib/python3.10/dist-packages/airflow/example_dags/tutorial_taskflow_api_virtualenv.py took 0.123 seconds
[2024-07-26T11:01:33.378+0700] {processor.py:161} INFO - Started process (PID=2743) to work on /usr/local/lib/python3.10/dist-packages/airflow/example_dags/tutorial_taskflow_api_virtualenv.py
[2024-07-26T11:01:33.379+0700] {processor.py:830} INFO - Processing file /usr/local/lib/python3.10/dist-packages/airflow/example_dags/tutorial_taskflow_api_virtualenv.py for tasks to queue
[2024-07-26T11:01:33.381+0700] {logging_mixin.py:188} INFO - [2024-07-26T11:01:33.380+0700] {dagbag.py:545} INFO - Filling up the DagBag from /usr/local/lib/python3.10/dist-packages/airflow/example_dags/tutorial_taskflow_api_virtualenv.py
[2024-07-26T11:01:33.436+0700] {logging_mixin.py:188} INFO - [2024-07-26T11:01:33.436+0700] {tutorial_taskflow_api_virtualenv.py:29} WARNING - The tutorial_taskflow_api_virtualenv example DAG requires virtualenv, please install it.
[2024-07-26T11:01:33.437+0700] {processor.py:842} WARNING - No viable dags retrieved from /usr/local/lib/python3.10/dist-packages/airflow/example_dags/tutorial_taskflow_api_virtualenv.py
[2024-07-26T11:01:33.444+0700] {processor.py:183} INFO - Processing /usr/local/lib/python3.10/dist-packages/airflow/example_dags/tutorial_taskflow_api_virtualenv.py took 0.071 seconds
[2024-07-26T11:02:11.922+0700] {processor.py:161} INFO - Started process (PID=2934) to work on /usr/local/lib/python3.10/dist-packages/airflow/example_dags/tutorial_taskflow_api_virtualenv.py
[2024-07-26T11:02:11.924+0700] {processor.py:830} INFO - Processing file /usr/local/lib/python3.10/dist-packages/airflow/example_dags/tutorial_taskflow_api_virtualenv.py for tasks to queue
[2024-07-26T11:02:11.925+0700] {logging_mixin.py:188} INFO - [2024-07-26T11:02:11.925+0700] {dagbag.py:545} INFO - Filling up the DagBag from /usr/local/lib/python3.10/dist-packages/airflow/example_dags/tutorial_taskflow_api_virtualenv.py
[2024-07-26T11:02:11.993+0700] {logging_mixin.py:188} INFO - [2024-07-26T11:02:11.993+0700] {tutorial_taskflow_api_virtualenv.py:29} WARNING - The tutorial_taskflow_api_virtualenv example DAG requires virtualenv, please install it.
[2024-07-26T11:02:11.993+0700] {processor.py:842} WARNING - No viable dags retrieved from /usr/local/lib/python3.10/dist-packages/airflow/example_dags/tutorial_taskflow_api_virtualenv.py
[2024-07-26T11:02:12.001+0700] {processor.py:183} INFO - Processing /usr/local/lib/python3.10/dist-packages/airflow/example_dags/tutorial_taskflow_api_virtualenv.py took 0.083 seconds
[2024-07-26T11:02:50.900+0700] {processor.py:161} INFO - Started process (PID=3129) to work on /usr/local/lib/python3.10/dist-packages/airflow/example_dags/tutorial_taskflow_api_virtualenv.py
[2024-07-26T11:02:50.901+0700] {processor.py:830} INFO - Processing file /usr/local/lib/python3.10/dist-packages/airflow/example_dags/tutorial_taskflow_api_virtualenv.py for tasks to queue
[2024-07-26T11:02:50.903+0700] {logging_mixin.py:188} INFO - [2024-07-26T11:02:50.902+0700] {dagbag.py:545} INFO - Filling up the DagBag from /usr/local/lib/python3.10/dist-packages/airflow/example_dags/tutorial_taskflow_api_virtualenv.py
[2024-07-26T11:02:50.993+0700] {logging_mixin.py:188} INFO - [2024-07-26T11:02:50.993+0700] {tutorial_taskflow_api_virtualenv.py:29} WARNING - The tutorial_taskflow_api_virtualenv example DAG requires virtualenv, please install it.
[2024-07-26T11:02:50.993+0700] {processor.py:842} WARNING - No viable dags retrieved from /usr/local/lib/python3.10/dist-packages/airflow/example_dags/tutorial_taskflow_api_virtualenv.py
[2024-07-26T11:02:51.003+0700] {processor.py:183} INFO - Processing /usr/local/lib/python3.10/dist-packages/airflow/example_dags/tutorial_taskflow_api_virtualenv.py took 0.109 seconds
[2024-07-26T11:03:29.752+0700] {processor.py:161} INFO - Started process (PID=3429) to work on /usr/local/lib/python3.10/dist-packages/airflow/example_dags/tutorial_taskflow_api_virtualenv.py
[2024-07-26T11:03:29.754+0700] {processor.py:830} INFO - Processing file /usr/local/lib/python3.10/dist-packages/airflow/example_dags/tutorial_taskflow_api_virtualenv.py for tasks to queue
[2024-07-26T11:03:29.756+0700] {logging_mixin.py:188} INFO - [2024-07-26T11:03:29.755+0700] {dagbag.py:545} INFO - Filling up the DagBag from /usr/local/lib/python3.10/dist-packages/airflow/example_dags/tutorial_taskflow_api_virtualenv.py
[2024-07-26T11:03:29.822+0700] {logging_mixin.py:188} INFO - [2024-07-26T11:03:29.822+0700] {tutorial_taskflow_api_virtualenv.py:29} WARNING - The tutorial_taskflow_api_virtualenv example DAG requires virtualenv, please install it.
[2024-07-26T11:03:29.822+0700] {processor.py:842} WARNING - No viable dags retrieved from /usr/local/lib/python3.10/dist-packages/airflow/example_dags/tutorial_taskflow_api_virtualenv.py
[2024-07-26T11:03:29.829+0700] {processor.py:183} INFO - Processing /usr/local/lib/python3.10/dist-packages/airflow/example_dags/tutorial_taskflow_api_virtualenv.py took 0.082 seconds
[2024-07-26T11:04:09.288+0700] {processor.py:161} INFO - Started process (PID=3635) to work on /usr/local/lib/python3.10/dist-packages/airflow/example_dags/tutorial_taskflow_api_virtualenv.py
[2024-07-26T11:04:09.291+0700] {processor.py:830} INFO - Processing file /usr/local/lib/python3.10/dist-packages/airflow/example_dags/tutorial_taskflow_api_virtualenv.py for tasks to queue
[2024-07-26T11:04:09.293+0700] {logging_mixin.py:188} INFO - [2024-07-26T11:04:09.292+0700] {dagbag.py:545} INFO - Filling up the DagBag from /usr/local/lib/python3.10/dist-packages/airflow/example_dags/tutorial_taskflow_api_virtualenv.py
[2024-07-26T11:04:09.358+0700] {logging_mixin.py:188} INFO - [2024-07-26T11:04:09.358+0700] {tutorial_taskflow_api_virtualenv.py:29} WARNING - The tutorial_taskflow_api_virtualenv example DAG requires virtualenv, please install it.
[2024-07-26T11:04:09.359+0700] {processor.py:842} WARNING - No viable dags retrieved from /usr/local/lib/python3.10/dist-packages/airflow/example_dags/tutorial_taskflow_api_virtualenv.py
[2024-07-26T11:04:09.366+0700] {processor.py:183} INFO - Processing /usr/local/lib/python3.10/dist-packages/airflow/example_dags/tutorial_taskflow_api_virtualenv.py took 0.084 seconds
[2024-07-26T11:04:50.312+0700] {processor.py:161} INFO - Started process (PID=3844) to work on /usr/local/lib/python3.10/dist-packages/airflow/example_dags/tutorial_taskflow_api_virtualenv.py
[2024-07-26T11:04:50.313+0700] {processor.py:830} INFO - Processing file /usr/local/lib/python3.10/dist-packages/airflow/example_dags/tutorial_taskflow_api_virtualenv.py for tasks to queue
[2024-07-26T11:04:50.314+0700] {logging_mixin.py:188} INFO - [2024-07-26T11:04:50.314+0700] {dagbag.py:545} INFO - Filling up the DagBag from /usr/local/lib/python3.10/dist-packages/airflow/example_dags/tutorial_taskflow_api_virtualenv.py
[2024-07-26T11:04:50.389+0700] {logging_mixin.py:188} INFO - [2024-07-26T11:04:50.389+0700] {tutorial_taskflow_api_virtualenv.py:29} WARNING - The tutorial_taskflow_api_virtualenv example DAG requires virtualenv, please install it.
[2024-07-26T11:04:50.389+0700] {processor.py:842} WARNING - No viable dags retrieved from /usr/local/lib/python3.10/dist-packages/airflow/example_dags/tutorial_taskflow_api_virtualenv.py
[2024-07-26T11:04:50.396+0700] {processor.py:183} INFO - Processing /usr/local/lib/python3.10/dist-packages/airflow/example_dags/tutorial_taskflow_api_virtualenv.py took 0.090 seconds
[2024-07-26T11:05:29.294+0700] {processor.py:161} INFO - Started process (PID=4048) to work on /usr/local/lib/python3.10/dist-packages/airflow/example_dags/tutorial_taskflow_api_virtualenv.py
[2024-07-26T11:05:29.296+0700] {processor.py:830} INFO - Processing file /usr/local/lib/python3.10/dist-packages/airflow/example_dags/tutorial_taskflow_api_virtualenv.py for tasks to queue
[2024-07-26T11:05:29.297+0700] {logging_mixin.py:188} INFO - [2024-07-26T11:05:29.297+0700] {dagbag.py:545} INFO - Filling up the DagBag from /usr/local/lib/python3.10/dist-packages/airflow/example_dags/tutorial_taskflow_api_virtualenv.py
[2024-07-26T11:05:29.372+0700] {logging_mixin.py:188} INFO - [2024-07-26T11:05:29.372+0700] {tutorial_taskflow_api_virtualenv.py:29} WARNING - The tutorial_taskflow_api_virtualenv example DAG requires virtualenv, please install it.
[2024-07-26T11:05:29.372+0700] {processor.py:842} WARNING - No viable dags retrieved from /usr/local/lib/python3.10/dist-packages/airflow/example_dags/tutorial_taskflow_api_virtualenv.py
[2024-07-26T11:05:29.380+0700] {processor.py:183} INFO - Processing /usr/local/lib/python3.10/dist-packages/airflow/example_dags/tutorial_taskflow_api_virtualenv.py took 0.093 seconds
[2024-07-26T11:06:07.818+0700] {processor.py:161} INFO - Started process (PID=4238) to work on /usr/local/lib/python3.10/dist-packages/airflow/example_dags/tutorial_taskflow_api_virtualenv.py
[2024-07-26T11:06:07.820+0700] {processor.py:830} INFO - Processing file /usr/local/lib/python3.10/dist-packages/airflow/example_dags/tutorial_taskflow_api_virtualenv.py for tasks to queue
[2024-07-26T11:06:07.822+0700] {logging_mixin.py:188} INFO - [2024-07-26T11:06:07.821+0700] {dagbag.py:545} INFO - Filling up the DagBag from /usr/local/lib/python3.10/dist-packages/airflow/example_dags/tutorial_taskflow_api_virtualenv.py
[2024-07-26T11:06:07.904+0700] {logging_mixin.py:188} INFO - [2024-07-26T11:06:07.904+0700] {tutorial_taskflow_api_virtualenv.py:29} WARNING - The tutorial_taskflow_api_virtualenv example DAG requires virtualenv, please install it.
[2024-07-26T11:06:07.905+0700] {processor.py:842} WARNING - No viable dags retrieved from /usr/local/lib/python3.10/dist-packages/airflow/example_dags/tutorial_taskflow_api_virtualenv.py
[2024-07-26T11:06:07.913+0700] {processor.py:183} INFO - Processing /usr/local/lib/python3.10/dist-packages/airflow/example_dags/tutorial_taskflow_api_virtualenv.py took 0.102 seconds
[2024-07-26T11:06:51.699+0700] {processor.py:161} INFO - Started process (PID=4453) to work on /usr/local/lib/python3.10/dist-packages/airflow/example_dags/tutorial_taskflow_api_virtualenv.py
[2024-07-26T11:06:51.701+0700] {processor.py:830} INFO - Processing file /usr/local/lib/python3.10/dist-packages/airflow/example_dags/tutorial_taskflow_api_virtualenv.py for tasks to queue
[2024-07-26T11:06:51.703+0700] {logging_mixin.py:188} INFO - [2024-07-26T11:06:51.702+0700] {dagbag.py:545} INFO - Filling up the DagBag from /usr/local/lib/python3.10/dist-packages/airflow/example_dags/tutorial_taskflow_api_virtualenv.py
[2024-07-26T11:06:51.771+0700] {logging_mixin.py:188} INFO - [2024-07-26T11:06:51.771+0700] {tutorial_taskflow_api_virtualenv.py:29} WARNING - The tutorial_taskflow_api_virtualenv example DAG requires virtualenv, please install it.
[2024-07-26T11:06:51.771+0700] {processor.py:842} WARNING - No viable dags retrieved from /usr/local/lib/python3.10/dist-packages/airflow/example_dags/tutorial_taskflow_api_virtualenv.py
[2024-07-26T11:06:51.781+0700] {processor.py:183} INFO - Processing /usr/local/lib/python3.10/dist-packages/airflow/example_dags/tutorial_taskflow_api_virtualenv.py took 0.090 seconds
[2024-07-26T11:07:32.204+0700] {processor.py:161} INFO - Started process (PID=4656) to work on /usr/local/lib/python3.10/dist-packages/airflow/example_dags/tutorial_taskflow_api_virtualenv.py
[2024-07-26T11:07:32.207+0700] {processor.py:830} INFO - Processing file /usr/local/lib/python3.10/dist-packages/airflow/example_dags/tutorial_taskflow_api_virtualenv.py for tasks to queue
[2024-07-26T11:07:32.209+0700] {logging_mixin.py:188} INFO - [2024-07-26T11:07:32.208+0700] {dagbag.py:545} INFO - Filling up the DagBag from /usr/local/lib/python3.10/dist-packages/airflow/example_dags/tutorial_taskflow_api_virtualenv.py
[2024-07-26T11:07:32.281+0700] {logging_mixin.py:188} INFO - [2024-07-26T11:07:32.281+0700] {tutorial_taskflow_api_virtualenv.py:29} WARNING - The tutorial_taskflow_api_virtualenv example DAG requires virtualenv, please install it.
[2024-07-26T11:07:32.282+0700] {processor.py:842} WARNING - No viable dags retrieved from /usr/local/lib/python3.10/dist-packages/airflow/example_dags/tutorial_taskflow_api_virtualenv.py
[2024-07-26T11:07:32.288+0700] {processor.py:183} INFO - Processing /usr/local/lib/python3.10/dist-packages/airflow/example_dags/tutorial_taskflow_api_virtualenv.py took 0.090 seconds
[2024-07-26T11:08:10.030+0700] {processor.py:161} INFO - Started process (PID=4844) to work on /usr/local/lib/python3.10/dist-packages/airflow/example_dags/tutorial_taskflow_api_virtualenv.py
[2024-07-26T11:08:10.031+0700] {processor.py:830} INFO - Processing file /usr/local/lib/python3.10/dist-packages/airflow/example_dags/tutorial_taskflow_api_virtualenv.py for tasks to queue
[2024-07-26T11:08:10.032+0700] {logging_mixin.py:188} INFO - [2024-07-26T11:08:10.032+0700] {dagbag.py:545} INFO - Filling up the DagBag from /usr/local/lib/python3.10/dist-packages/airflow/example_dags/tutorial_taskflow_api_virtualenv.py
[2024-07-26T11:08:10.120+0700] {logging_mixin.py:188} INFO - [2024-07-26T11:08:10.120+0700] {tutorial_taskflow_api_virtualenv.py:29} WARNING - The tutorial_taskflow_api_virtualenv example DAG requires virtualenv, please install it.
[2024-07-26T11:08:10.120+0700] {processor.py:842} WARNING - No viable dags retrieved from /usr/local/lib/python3.10/dist-packages/airflow/example_dags/tutorial_taskflow_api_virtualenv.py
[2024-07-26T11:08:10.128+0700] {processor.py:183} INFO - Processing /usr/local/lib/python3.10/dist-packages/airflow/example_dags/tutorial_taskflow_api_virtualenv.py took 0.105 seconds
[2024-07-26T11:08:49.579+0700] {processor.py:161} INFO - Started process (PID=5042) to work on /usr/local/lib/python3.10/dist-packages/airflow/example_dags/tutorial_taskflow_api_virtualenv.py
[2024-07-26T11:08:49.581+0700] {processor.py:830} INFO - Processing file /usr/local/lib/python3.10/dist-packages/airflow/example_dags/tutorial_taskflow_api_virtualenv.py for tasks to queue
[2024-07-26T11:08:49.583+0700] {logging_mixin.py:188} INFO - [2024-07-26T11:08:49.582+0700] {dagbag.py:545} INFO - Filling up the DagBag from /usr/local/lib/python3.10/dist-packages/airflow/example_dags/tutorial_taskflow_api_virtualenv.py
[2024-07-26T11:08:49.651+0700] {logging_mixin.py:188} INFO - [2024-07-26T11:08:49.651+0700] {tutorial_taskflow_api_virtualenv.py:29} WARNING - The tutorial_taskflow_api_virtualenv example DAG requires virtualenv, please install it.
[2024-07-26T11:08:49.651+0700] {processor.py:842} WARNING - No viable dags retrieved from /usr/local/lib/python3.10/dist-packages/airflow/example_dags/tutorial_taskflow_api_virtualenv.py
[2024-07-26T11:08:49.658+0700] {processor.py:183} INFO - Processing /usr/local/lib/python3.10/dist-packages/airflow/example_dags/tutorial_taskflow_api_virtualenv.py took 0.085 seconds
[2024-07-26T11:09:30.819+0700] {processor.py:161} INFO - Started process (PID=5246) to work on /usr/local/lib/python3.10/dist-packages/airflow/example_dags/tutorial_taskflow_api_virtualenv.py
[2024-07-26T11:09:30.821+0700] {processor.py:830} INFO - Processing file /usr/local/lib/python3.10/dist-packages/airflow/example_dags/tutorial_taskflow_api_virtualenv.py for tasks to queue
[2024-07-26T11:09:30.822+0700] {logging_mixin.py:188} INFO - [2024-07-26T11:09:30.822+0700] {dagbag.py:545} INFO - Filling up the DagBag from /usr/local/lib/python3.10/dist-packages/airflow/example_dags/tutorial_taskflow_api_virtualenv.py
[2024-07-26T11:09:30.885+0700] {logging_mixin.py:188} INFO - [2024-07-26T11:09:30.885+0700] {tutorial_taskflow_api_virtualenv.py:29} WARNING - The tutorial_taskflow_api_virtualenv example DAG requires virtualenv, please install it.
[2024-07-26T11:09:30.885+0700] {processor.py:842} WARNING - No viable dags retrieved from /usr/local/lib/python3.10/dist-packages/airflow/example_dags/tutorial_taskflow_api_virtualenv.py
[2024-07-26T11:09:30.892+0700] {processor.py:183} INFO - Processing /usr/local/lib/python3.10/dist-packages/airflow/example_dags/tutorial_taskflow_api_virtualenv.py took 0.080 seconds
[2024-07-26T11:10:09.713+0700] {processor.py:161} INFO - Started process (PID=5440) to work on /usr/local/lib/python3.10/dist-packages/airflow/example_dags/tutorial_taskflow_api_virtualenv.py
[2024-07-26T11:10:09.715+0700] {processor.py:830} INFO - Processing file /usr/local/lib/python3.10/dist-packages/airflow/example_dags/tutorial_taskflow_api_virtualenv.py for tasks to queue
[2024-07-26T11:10:09.716+0700] {logging_mixin.py:188} INFO - [2024-07-26T11:10:09.716+0700] {dagbag.py:545} INFO - Filling up the DagBag from /usr/local/lib/python3.10/dist-packages/airflow/example_dags/tutorial_taskflow_api_virtualenv.py
[2024-07-26T11:10:09.767+0700] {logging_mixin.py:188} INFO - [2024-07-26T11:10:09.767+0700] {tutorial_taskflow_api_virtualenv.py:29} WARNING - The tutorial_taskflow_api_virtualenv example DAG requires virtualenv, please install it.
[2024-07-26T11:10:09.768+0700] {processor.py:842} WARNING - No viable dags retrieved from /usr/local/lib/python3.10/dist-packages/airflow/example_dags/tutorial_taskflow_api_virtualenv.py
[2024-07-26T11:10:09.775+0700] {processor.py:183} INFO - Processing /usr/local/lib/python3.10/dist-packages/airflow/example_dags/tutorial_taskflow_api_virtualenv.py took 0.068 seconds
[2024-07-26T11:10:49.197+0700] {processor.py:161} INFO - Started process (PID=5636) to work on /usr/local/lib/python3.10/dist-packages/airflow/example_dags/tutorial_taskflow_api_virtualenv.py
[2024-07-26T11:10:49.198+0700] {processor.py:830} INFO - Processing file /usr/local/lib/python3.10/dist-packages/airflow/example_dags/tutorial_taskflow_api_virtualenv.py for tasks to queue
[2024-07-26T11:10:49.199+0700] {logging_mixin.py:188} INFO - [2024-07-26T11:10:49.199+0700] {dagbag.py:545} INFO - Filling up the DagBag from /usr/local/lib/python3.10/dist-packages/airflow/example_dags/tutorial_taskflow_api_virtualenv.py
[2024-07-26T11:10:49.265+0700] {logging_mixin.py:188} INFO - [2024-07-26T11:10:49.265+0700] {tutorial_taskflow_api_virtualenv.py:29} WARNING - The tutorial_taskflow_api_virtualenv example DAG requires virtualenv, please install it.
[2024-07-26T11:10:49.265+0700] {processor.py:842} WARNING - No viable dags retrieved from /usr/local/lib/python3.10/dist-packages/airflow/example_dags/tutorial_taskflow_api_virtualenv.py
[2024-07-26T11:10:49.272+0700] {processor.py:183} INFO - Processing /usr/local/lib/python3.10/dist-packages/airflow/example_dags/tutorial_taskflow_api_virtualenv.py took 0.081 seconds
[2024-07-26T11:11:27.481+0700] {processor.py:161} INFO - Started process (PID=5826) to work on /usr/local/lib/python3.10/dist-packages/airflow/example_dags/tutorial_taskflow_api_virtualenv.py
[2024-07-26T11:11:27.483+0700] {processor.py:830} INFO - Processing file /usr/local/lib/python3.10/dist-packages/airflow/example_dags/tutorial_taskflow_api_virtualenv.py for tasks to queue
[2024-07-26T11:11:27.484+0700] {logging_mixin.py:188} INFO - [2024-07-26T11:11:27.484+0700] {dagbag.py:545} INFO - Filling up the DagBag from /usr/local/lib/python3.10/dist-packages/airflow/example_dags/tutorial_taskflow_api_virtualenv.py
[2024-07-26T11:11:27.558+0700] {logging_mixin.py:188} INFO - [2024-07-26T11:11:27.558+0700] {tutorial_taskflow_api_virtualenv.py:29} WARNING - The tutorial_taskflow_api_virtualenv example DAG requires virtualenv, please install it.
[2024-07-26T11:11:27.559+0700] {processor.py:842} WARNING - No viable dags retrieved from /usr/local/lib/python3.10/dist-packages/airflow/example_dags/tutorial_taskflow_api_virtualenv.py
[2024-07-26T11:11:27.566+0700] {processor.py:183} INFO - Processing /usr/local/lib/python3.10/dist-packages/airflow/example_dags/tutorial_taskflow_api_virtualenv.py took 0.090 seconds
[2024-07-26T11:12:04.175+0700] {processor.py:161} INFO - Started process (PID=6010) to work on /usr/local/lib/python3.10/dist-packages/airflow/example_dags/tutorial_taskflow_api_virtualenv.py
[2024-07-26T11:12:04.177+0700] {processor.py:830} INFO - Processing file /usr/local/lib/python3.10/dist-packages/airflow/example_dags/tutorial_taskflow_api_virtualenv.py for tasks to queue
[2024-07-26T11:12:04.178+0700] {logging_mixin.py:188} INFO - [2024-07-26T11:12:04.178+0700] {dagbag.py:545} INFO - Filling up the DagBag from /usr/local/lib/python3.10/dist-packages/airflow/example_dags/tutorial_taskflow_api_virtualenv.py
[2024-07-26T11:12:04.250+0700] {logging_mixin.py:188} INFO - [2024-07-26T11:12:04.250+0700] {tutorial_taskflow_api_virtualenv.py:29} WARNING - The tutorial_taskflow_api_virtualenv example DAG requires virtualenv, please install it.
[2024-07-26T11:12:04.250+0700] {processor.py:842} WARNING - No viable dags retrieved from /usr/local/lib/python3.10/dist-packages/airflow/example_dags/tutorial_taskflow_api_virtualenv.py
[2024-07-26T11:12:04.257+0700] {processor.py:183} INFO - Processing /usr/local/lib/python3.10/dist-packages/airflow/example_dags/tutorial_taskflow_api_virtualenv.py took 0.090 seconds
