[2024-07-26T10:58:01.300+0700] {processor.py:161} INFO - Started process (PID=1681) to work on /usr/local/lib/python3.10/dist-packages/airflow/example_dags/tutorial_objectstorage.py
[2024-07-26T10:58:01.301+0700] {processor.py:830} INFO - Processing file /usr/local/lib/python3.10/dist-packages/airflow/example_dags/tutorial_objectstorage.py for tasks to queue
[2024-07-26T10:58:01.302+0700] {logging_mixin.py:188} INFO - [2024-07-26T10:58:01.301+0700] {dagbag.py:545} INFO - Filling up the DagBag from /usr/local/lib/python3.10/dist-packages/airflow/example_dags/tutorial_objectstorage.py
[2024-07-26T10:58:01.306+0700] {processor.py:840} INFO - DAG(s) 'tutorial_objectstorage' retrieved from /usr/local/lib/python3.10/dist-packages/airflow/example_dags/tutorial_objectstorage.py
[2024-07-26T10:58:01.721+0700] {logging_mixin.py:188} INFO - [2024-07-26T10:58:01.721+0700] {override.py:1858} INFO - Created Permission View: can read on DAG:tutorial_objectstorage
[2024-07-26T10:58:02.313+0700] {logging_mixin.py:188} INFO - [2024-07-26T10:58:02.313+0700] {override.py:1858} INFO - Created Permission View: can edit on DAG:tutorial_objectstorage
[2024-07-26T10:58:02.331+0700] {logging_mixin.py:188} INFO - [2024-07-26T10:58:02.331+0700] {override.py:1858} INFO - Created Permission View: can delete on DAG:tutorial_objectstorage
[2024-07-26T10:58:02.331+0700] {logging_mixin.py:188} INFO - [2024-07-26T10:58:02.331+0700] {dag.py:3089} INFO - Sync 1 DAGs
[2024-07-26T10:58:02.340+0700] {logging_mixin.py:188} INFO - [2024-07-26T10:58:02.339+0700] {dag.py:3111} INFO - Creating ORM DAG for tutorial_objectstorage
[2024-07-26T10:58:02.340+0700] {logging_mixin.py:188} INFO - [2024-07-26T10:58:02.340+0700] {dag.py:3947} INFO - Setting next_dagrun for tutorial_objectstorage to None, run_after=None
[2024-07-26T10:58:02.715+0700] {processor.py:183} INFO - Processing /usr/local/lib/python3.10/dist-packages/airflow/example_dags/tutorial_objectstorage.py took 1.420 seconds
[2024-07-26T10:59:02.052+0700] {processor.py:161} INFO - Started process (PID=1985) to work on /usr/local/lib/python3.10/dist-packages/airflow/example_dags/tutorial_objectstorage.py
[2024-07-26T10:59:02.054+0700] {processor.py:830} INFO - Processing file /usr/local/lib/python3.10/dist-packages/airflow/example_dags/tutorial_objectstorage.py for tasks to queue
[2024-07-26T10:59:02.056+0700] {logging_mixin.py:188} INFO - [2024-07-26T10:59:02.055+0700] {dagbag.py:545} INFO - Filling up the DagBag from /usr/local/lib/python3.10/dist-packages/airflow/example_dags/tutorial_objectstorage.py
[2024-07-26T10:59:02.061+0700] {processor.py:840} INFO - DAG(s) 'tutorial_objectstorage' retrieved from /usr/local/lib/python3.10/dist-packages/airflow/example_dags/tutorial_objectstorage.py
[2024-07-26T10:59:02.073+0700] {logging_mixin.py:188} INFO - [2024-07-26T10:59:02.073+0700] {dag.py:3089} INFO - Sync 1 DAGs
[2024-07-26T10:59:02.081+0700] {logging_mixin.py:188} INFO - [2024-07-26T10:59:02.081+0700] {dag.py:3947} INFO - Setting next_dagrun for tutorial_objectstorage to None, run_after=None
[2024-07-26T10:59:02.112+0700] {processor.py:183} INFO - Processing /usr/local/lib/python3.10/dist-packages/airflow/example_dags/tutorial_objectstorage.py took 0.064 seconds
[2024-07-26T10:59:51.786+0700] {processor.py:161} INFO - Started process (PID=2236) to work on /usr/local/lib/python3.10/dist-packages/airflow/example_dags/tutorial_objectstorage.py
[2024-07-26T10:59:51.787+0700] {processor.py:830} INFO - Processing file /usr/local/lib/python3.10/dist-packages/airflow/example_dags/tutorial_objectstorage.py for tasks to queue
[2024-07-26T10:59:51.788+0700] {logging_mixin.py:188} INFO - [2024-07-26T10:59:51.788+0700] {dagbag.py:545} INFO - Filling up the DagBag from /usr/local/lib/python3.10/dist-packages/airflow/example_dags/tutorial_objectstorage.py
[2024-07-26T10:59:51.793+0700] {processor.py:840} INFO - DAG(s) 'tutorial_objectstorage' retrieved from /usr/local/lib/python3.10/dist-packages/airflow/example_dags/tutorial_objectstorage.py
[2024-07-26T10:59:51.805+0700] {logging_mixin.py:188} INFO - [2024-07-26T10:59:51.805+0700] {dag.py:3089} INFO - Sync 1 DAGs
[2024-07-26T10:59:51.814+0700] {logging_mixin.py:188} INFO - [2024-07-26T10:59:51.814+0700] {dag.py:3947} INFO - Setting next_dagrun for tutorial_objectstorage to None, run_after=None
[2024-07-26T10:59:51.942+0700] {processor.py:183} INFO - Processing /usr/local/lib/python3.10/dist-packages/airflow/example_dags/tutorial_objectstorage.py took 0.161 seconds
[2024-07-26T11:00:40.731+0700] {processor.py:161} INFO - Started process (PID=2480) to work on /usr/local/lib/python3.10/dist-packages/airflow/example_dags/tutorial_objectstorage.py
[2024-07-26T11:00:40.732+0700] {processor.py:830} INFO - Processing file /usr/local/lib/python3.10/dist-packages/airflow/example_dags/tutorial_objectstorage.py for tasks to queue
[2024-07-26T11:00:40.734+0700] {logging_mixin.py:188} INFO - [2024-07-26T11:00:40.733+0700] {dagbag.py:545} INFO - Filling up the DagBag from /usr/local/lib/python3.10/dist-packages/airflow/example_dags/tutorial_objectstorage.py
[2024-07-26T11:00:40.740+0700] {processor.py:840} INFO - DAG(s) 'tutorial_objectstorage' retrieved from /usr/local/lib/python3.10/dist-packages/airflow/example_dags/tutorial_objectstorage.py
[2024-07-26T11:00:40.750+0700] {logging_mixin.py:188} INFO - [2024-07-26T11:00:40.750+0700] {dag.py:3089} INFO - Sync 1 DAGs
[2024-07-26T11:00:40.758+0700] {logging_mixin.py:188} INFO - [2024-07-26T11:00:40.758+0700] {dag.py:3947} INFO - Setting next_dagrun for tutorial_objectstorage to None, run_after=None
[2024-07-26T11:00:40.787+0700] {processor.py:183} INFO - Processing /usr/local/lib/python3.10/dist-packages/airflow/example_dags/tutorial_objectstorage.py took 0.059 seconds
[2024-07-26T11:01:39.128+0700] {processor.py:161} INFO - Started process (PID=2771) to work on /usr/local/lib/python3.10/dist-packages/airflow/example_dags/tutorial_objectstorage.py
[2024-07-26T11:01:39.131+0700] {processor.py:830} INFO - Processing file /usr/local/lib/python3.10/dist-packages/airflow/example_dags/tutorial_objectstorage.py for tasks to queue
[2024-07-26T11:01:39.133+0700] {logging_mixin.py:188} INFO - [2024-07-26T11:01:39.132+0700] {dagbag.py:545} INFO - Filling up the DagBag from /usr/local/lib/python3.10/dist-packages/airflow/example_dags/tutorial_objectstorage.py
[2024-07-26T11:01:39.140+0700] {processor.py:840} INFO - DAG(s) 'tutorial_objectstorage' retrieved from /usr/local/lib/python3.10/dist-packages/airflow/example_dags/tutorial_objectstorage.py
[2024-07-26T11:01:39.154+0700] {logging_mixin.py:188} INFO - [2024-07-26T11:01:39.153+0700] {dag.py:3089} INFO - Sync 1 DAGs
[2024-07-26T11:01:39.165+0700] {logging_mixin.py:188} INFO - [2024-07-26T11:01:39.165+0700] {dag.py:3947} INFO - Setting next_dagrun for tutorial_objectstorage to None, run_after=None
[2024-07-26T11:01:39.198+0700] {processor.py:183} INFO - Processing /usr/local/lib/python3.10/dist-packages/airflow/example_dags/tutorial_objectstorage.py took 0.076 seconds
[2024-07-26T11:02:36.197+0700] {processor.py:161} INFO - Started process (PID=3057) to work on /usr/local/lib/python3.10/dist-packages/airflow/example_dags/tutorial_objectstorage.py
[2024-07-26T11:02:36.199+0700] {processor.py:830} INFO - Processing file /usr/local/lib/python3.10/dist-packages/airflow/example_dags/tutorial_objectstorage.py for tasks to queue
[2024-07-26T11:02:36.200+0700] {logging_mixin.py:188} INFO - [2024-07-26T11:02:36.200+0700] {dagbag.py:545} INFO - Filling up the DagBag from /usr/local/lib/python3.10/dist-packages/airflow/example_dags/tutorial_objectstorage.py
[2024-07-26T11:02:36.205+0700] {processor.py:840} INFO - DAG(s) 'tutorial_objectstorage' retrieved from /usr/local/lib/python3.10/dist-packages/airflow/example_dags/tutorial_objectstorage.py
[2024-07-26T11:02:36.215+0700] {logging_mixin.py:188} INFO - [2024-07-26T11:02:36.215+0700] {dag.py:3089} INFO - Sync 1 DAGs
[2024-07-26T11:02:36.223+0700] {logging_mixin.py:188} INFO - [2024-07-26T11:02:36.223+0700] {dag.py:3947} INFO - Setting next_dagrun for tutorial_objectstorage to None, run_after=None
[2024-07-26T11:02:36.254+0700] {processor.py:183} INFO - Processing /usr/local/lib/python3.10/dist-packages/airflow/example_dags/tutorial_objectstorage.py took 0.061 seconds
[2024-07-26T11:03:36.046+0700] {processor.py:161} INFO - Started process (PID=3462) to work on /usr/local/lib/python3.10/dist-packages/airflow/example_dags/tutorial_objectstorage.py
[2024-07-26T11:03:36.048+0700] {processor.py:830} INFO - Processing file /usr/local/lib/python3.10/dist-packages/airflow/example_dags/tutorial_objectstorage.py for tasks to queue
[2024-07-26T11:03:36.050+0700] {logging_mixin.py:188} INFO - [2024-07-26T11:03:36.050+0700] {dagbag.py:545} INFO - Filling up the DagBag from /usr/local/lib/python3.10/dist-packages/airflow/example_dags/tutorial_objectstorage.py
[2024-07-26T11:03:36.055+0700] {processor.py:840} INFO - DAG(s) 'tutorial_objectstorage' retrieved from /usr/local/lib/python3.10/dist-packages/airflow/example_dags/tutorial_objectstorage.py
[2024-07-26T11:03:36.065+0700] {logging_mixin.py:188} INFO - [2024-07-26T11:03:36.065+0700] {dag.py:3089} INFO - Sync 1 DAGs
[2024-07-26T11:03:36.073+0700] {logging_mixin.py:188} INFO - [2024-07-26T11:03:36.073+0700] {dag.py:3947} INFO - Setting next_dagrun for tutorial_objectstorage to None, run_after=None
[2024-07-26T11:03:36.103+0700] {processor.py:183} INFO - Processing /usr/local/lib/python3.10/dist-packages/airflow/example_dags/tutorial_objectstorage.py took 0.062 seconds
[2024-07-26T11:04:34.756+0700] {processor.py:161} INFO - Started process (PID=3764) to work on /usr/local/lib/python3.10/dist-packages/airflow/example_dags/tutorial_objectstorage.py
[2024-07-26T11:04:34.757+0700] {processor.py:830} INFO - Processing file /usr/local/lib/python3.10/dist-packages/airflow/example_dags/tutorial_objectstorage.py for tasks to queue
[2024-07-26T11:04:34.759+0700] {logging_mixin.py:188} INFO - [2024-07-26T11:04:34.759+0700] {dagbag.py:545} INFO - Filling up the DagBag from /usr/local/lib/python3.10/dist-packages/airflow/example_dags/tutorial_objectstorage.py
[2024-07-26T11:04:34.765+0700] {processor.py:840} INFO - DAG(s) 'tutorial_objectstorage' retrieved from /usr/local/lib/python3.10/dist-packages/airflow/example_dags/tutorial_objectstorage.py
[2024-07-26T11:04:34.776+0700] {logging_mixin.py:188} INFO - [2024-07-26T11:04:34.776+0700] {dag.py:3089} INFO - Sync 1 DAGs
[2024-07-26T11:04:34.785+0700] {logging_mixin.py:188} INFO - [2024-07-26T11:04:34.785+0700] {dag.py:3947} INFO - Setting next_dagrun for tutorial_objectstorage to None, run_after=None
[2024-07-26T11:04:34.816+0700] {processor.py:183} INFO - Processing /usr/local/lib/python3.10/dist-packages/airflow/example_dags/tutorial_objectstorage.py took 0.066 seconds
[2024-07-26T11:05:16.102+0700] {processor.py:161} INFO - Started process (PID=3979) to work on /usr/local/lib/python3.10/dist-packages/airflow/example_dags/tutorial_objectstorage.py
[2024-07-26T11:05:16.104+0700] {processor.py:830} INFO - Processing file /usr/local/lib/python3.10/dist-packages/airflow/example_dags/tutorial_objectstorage.py for tasks to queue
[2024-07-26T11:05:16.106+0700] {logging_mixin.py:188} INFO - [2024-07-26T11:05:16.105+0700] {dagbag.py:545} INFO - Filling up the DagBag from /usr/local/lib/python3.10/dist-packages/airflow/example_dags/tutorial_objectstorage.py
[2024-07-26T11:05:16.112+0700] {processor.py:840} INFO - DAG(s) 'tutorial_objectstorage' retrieved from /usr/local/lib/python3.10/dist-packages/airflow/example_dags/tutorial_objectstorage.py
[2024-07-26T11:05:16.129+0700] {logging_mixin.py:188} INFO - [2024-07-26T11:05:16.129+0700] {dag.py:3089} INFO - Sync 1 DAGs
[2024-07-26T11:05:16.138+0700] {logging_mixin.py:188} INFO - [2024-07-26T11:05:16.137+0700] {dag.py:3947} INFO - Setting next_dagrun for tutorial_objectstorage to None, run_after=None
[2024-07-26T11:05:16.171+0700] {processor.py:183} INFO - Processing /usr/local/lib/python3.10/dist-packages/airflow/example_dags/tutorial_objectstorage.py took 0.074 seconds
[2024-07-26T11:06:15.482+0700] {processor.py:161} INFO - Started process (PID=4277) to work on /usr/local/lib/python3.10/dist-packages/airflow/example_dags/tutorial_objectstorage.py
[2024-07-26T11:06:15.484+0700] {processor.py:830} INFO - Processing file /usr/local/lib/python3.10/dist-packages/airflow/example_dags/tutorial_objectstorage.py for tasks to queue
[2024-07-26T11:06:15.487+0700] {logging_mixin.py:188} INFO - [2024-07-26T11:06:15.486+0700] {dagbag.py:545} INFO - Filling up the DagBag from /usr/local/lib/python3.10/dist-packages/airflow/example_dags/tutorial_objectstorage.py
[2024-07-26T11:06:15.493+0700] {processor.py:840} INFO - DAG(s) 'tutorial_objectstorage' retrieved from /usr/local/lib/python3.10/dist-packages/airflow/example_dags/tutorial_objectstorage.py
[2024-07-26T11:06:15.509+0700] {logging_mixin.py:188} INFO - [2024-07-26T11:06:15.509+0700] {dag.py:3089} INFO - Sync 1 DAGs
[2024-07-26T11:06:15.522+0700] {logging_mixin.py:188} INFO - [2024-07-26T11:06:15.522+0700] {dag.py:3947} INFO - Setting next_dagrun for tutorial_objectstorage to None, run_after=None
[2024-07-26T11:06:15.553+0700] {processor.py:183} INFO - Processing /usr/local/lib/python3.10/dist-packages/airflow/example_dags/tutorial_objectstorage.py took 0.085 seconds
[2024-07-26T11:06:58.601+0700] {processor.py:161} INFO - Started process (PID=4488) to work on /usr/local/lib/python3.10/dist-packages/airflow/example_dags/tutorial_objectstorage.py
[2024-07-26T11:06:58.603+0700] {processor.py:830} INFO - Processing file /usr/local/lib/python3.10/dist-packages/airflow/example_dags/tutorial_objectstorage.py for tasks to queue
[2024-07-26T11:06:58.605+0700] {logging_mixin.py:188} INFO - [2024-07-26T11:06:58.604+0700] {dagbag.py:545} INFO - Filling up the DagBag from /usr/local/lib/python3.10/dist-packages/airflow/example_dags/tutorial_objectstorage.py
[2024-07-26T11:06:58.612+0700] {processor.py:840} INFO - DAG(s) 'tutorial_objectstorage' retrieved from /usr/local/lib/python3.10/dist-packages/airflow/example_dags/tutorial_objectstorage.py
[2024-07-26T11:06:58.625+0700] {logging_mixin.py:188} INFO - [2024-07-26T11:06:58.625+0700] {dag.py:3089} INFO - Sync 1 DAGs
[2024-07-26T11:06:58.633+0700] {logging_mixin.py:188} INFO - [2024-07-26T11:06:58.633+0700] {dag.py:3947} INFO - Setting next_dagrun for tutorial_objectstorage to None, run_after=None
[2024-07-26T11:06:58.664+0700] {processor.py:183} INFO - Processing /usr/local/lib/python3.10/dist-packages/airflow/example_dags/tutorial_objectstorage.py took 0.068 seconds
[2024-07-26T11:07:56.986+0700] {processor.py:161} INFO - Started process (PID=4779) to work on /usr/local/lib/python3.10/dist-packages/airflow/example_dags/tutorial_objectstorage.py
[2024-07-26T11:07:56.988+0700] {processor.py:830} INFO - Processing file /usr/local/lib/python3.10/dist-packages/airflow/example_dags/tutorial_objectstorage.py for tasks to queue
[2024-07-26T11:07:56.990+0700] {logging_mixin.py:188} INFO - [2024-07-26T11:07:56.989+0700] {dagbag.py:545} INFO - Filling up the DagBag from /usr/local/lib/python3.10/dist-packages/airflow/example_dags/tutorial_objectstorage.py
[2024-07-26T11:07:56.995+0700] {processor.py:840} INFO - DAG(s) 'tutorial_objectstorage' retrieved from /usr/local/lib/python3.10/dist-packages/airflow/example_dags/tutorial_objectstorage.py
[2024-07-26T11:07:57.006+0700] {logging_mixin.py:188} INFO - [2024-07-26T11:07:57.006+0700] {dag.py:3089} INFO - Sync 1 DAGs
[2024-07-26T11:07:57.014+0700] {logging_mixin.py:188} INFO - [2024-07-26T11:07:57.014+0700] {dag.py:3947} INFO - Setting next_dagrun for tutorial_objectstorage to None, run_after=None
[2024-07-26T11:07:57.042+0700] {processor.py:183} INFO - Processing /usr/local/lib/python3.10/dist-packages/airflow/example_dags/tutorial_objectstorage.py took 0.063 seconds
[2024-07-26T11:08:56.145+0700] {processor.py:161} INFO - Started process (PID=5075) to work on /usr/local/lib/python3.10/dist-packages/airflow/example_dags/tutorial_objectstorage.py
[2024-07-26T11:08:56.147+0700] {processor.py:830} INFO - Processing file /usr/local/lib/python3.10/dist-packages/airflow/example_dags/tutorial_objectstorage.py for tasks to queue
[2024-07-26T11:08:56.149+0700] {logging_mixin.py:188} INFO - [2024-07-26T11:08:56.149+0700] {dagbag.py:545} INFO - Filling up the DagBag from /usr/local/lib/python3.10/dist-packages/airflow/example_dags/tutorial_objectstorage.py
[2024-07-26T11:08:56.154+0700] {processor.py:840} INFO - DAG(s) 'tutorial_objectstorage' retrieved from /usr/local/lib/python3.10/dist-packages/airflow/example_dags/tutorial_objectstorage.py
[2024-07-26T11:08:56.165+0700] {logging_mixin.py:188} INFO - [2024-07-26T11:08:56.165+0700] {dag.py:3089} INFO - Sync 1 DAGs
[2024-07-26T11:08:56.174+0700] {logging_mixin.py:188} INFO - [2024-07-26T11:08:56.174+0700] {dag.py:3947} INFO - Setting next_dagrun for tutorial_objectstorage to None, run_after=None
[2024-07-26T11:08:56.203+0700] {processor.py:183} INFO - Processing /usr/local/lib/python3.10/dist-packages/airflow/example_dags/tutorial_objectstorage.py took 0.063 seconds
[2024-07-26T11:09:55.558+0700] {processor.py:161} INFO - Started process (PID=5370) to work on /usr/local/lib/python3.10/dist-packages/airflow/example_dags/tutorial_objectstorage.py
[2024-07-26T11:09:55.560+0700] {processor.py:830} INFO - Processing file /usr/local/lib/python3.10/dist-packages/airflow/example_dags/tutorial_objectstorage.py for tasks to queue
[2024-07-26T11:09:55.561+0700] {logging_mixin.py:188} INFO - [2024-07-26T11:09:55.561+0700] {dagbag.py:545} INFO - Filling up the DagBag from /usr/local/lib/python3.10/dist-packages/airflow/example_dags/tutorial_objectstorage.py
[2024-07-26T11:09:55.566+0700] {processor.py:840} INFO - DAG(s) 'tutorial_objectstorage' retrieved from /usr/local/lib/python3.10/dist-packages/airflow/example_dags/tutorial_objectstorage.py
[2024-07-26T11:09:55.577+0700] {logging_mixin.py:188} INFO - [2024-07-26T11:09:55.576+0700] {dag.py:3089} INFO - Sync 1 DAGs
[2024-07-26T11:09:55.585+0700] {logging_mixin.py:188} INFO - [2024-07-26T11:09:55.585+0700] {dag.py:3947} INFO - Setting next_dagrun for tutorial_objectstorage to None, run_after=None
[2024-07-26T11:09:55.616+0700] {processor.py:183} INFO - Processing /usr/local/lib/python3.10/dist-packages/airflow/example_dags/tutorial_objectstorage.py took 0.064 seconds
[2024-07-26T11:10:54.943+0700] {processor.py:161} INFO - Started process (PID=5665) to work on /usr/local/lib/python3.10/dist-packages/airflow/example_dags/tutorial_objectstorage.py
[2024-07-26T11:10:54.945+0700] {processor.py:830} INFO - Processing file /usr/local/lib/python3.10/dist-packages/airflow/example_dags/tutorial_objectstorage.py for tasks to queue
[2024-07-26T11:10:54.946+0700] {logging_mixin.py:188} INFO - [2024-07-26T11:10:54.946+0700] {dagbag.py:545} INFO - Filling up the DagBag from /usr/local/lib/python3.10/dist-packages/airflow/example_dags/tutorial_objectstorage.py
[2024-07-26T11:10:54.951+0700] {processor.py:840} INFO - DAG(s) 'tutorial_objectstorage' retrieved from /usr/local/lib/python3.10/dist-packages/airflow/example_dags/tutorial_objectstorage.py
[2024-07-26T11:10:54.962+0700] {logging_mixin.py:188} INFO - [2024-07-26T11:10:54.962+0700] {dag.py:3089} INFO - Sync 1 DAGs
[2024-07-26T11:10:54.971+0700] {logging_mixin.py:188} INFO - [2024-07-26T11:10:54.971+0700] {dag.py:3947} INFO - Setting next_dagrun for tutorial_objectstorage to None, run_after=None
[2024-07-26T11:10:55.002+0700] {processor.py:183} INFO - Processing /usr/local/lib/python3.10/dist-packages/airflow/example_dags/tutorial_objectstorage.py took 0.064 seconds
[2024-07-26T11:11:50.027+0700] {processor.py:161} INFO - Started process (PID=5941) to work on /usr/local/lib/python3.10/dist-packages/airflow/example_dags/tutorial_objectstorage.py
[2024-07-26T11:11:50.029+0700] {processor.py:830} INFO - Processing file /usr/local/lib/python3.10/dist-packages/airflow/example_dags/tutorial_objectstorage.py for tasks to queue
[2024-07-26T11:11:50.030+0700] {logging_mixin.py:188} INFO - [2024-07-26T11:11:50.030+0700] {dagbag.py:545} INFO - Filling up the DagBag from /usr/local/lib/python3.10/dist-packages/airflow/example_dags/tutorial_objectstorage.py
[2024-07-26T11:11:50.035+0700] {processor.py:840} INFO - DAG(s) 'tutorial_objectstorage' retrieved from /usr/local/lib/python3.10/dist-packages/airflow/example_dags/tutorial_objectstorage.py
[2024-07-26T11:11:50.050+0700] {logging_mixin.py:188} INFO - [2024-07-26T11:11:50.049+0700] {dag.py:3089} INFO - Sync 1 DAGs
[2024-07-26T11:11:50.059+0700] {logging_mixin.py:188} INFO - [2024-07-26T11:11:50.058+0700] {dag.py:3947} INFO - Setting next_dagrun for tutorial_objectstorage to None, run_after=None
[2024-07-26T11:11:50.088+0700] {processor.py:183} INFO - Processing /usr/local/lib/python3.10/dist-packages/airflow/example_dags/tutorial_objectstorage.py took 0.067 seconds
