[2024-07-26T10:58:19.592+0700] {processor.py:161} INFO - Started process (PID=1777) to work on /usr/local/lib/python3.10/dist-packages/airflow/example_dags/tutorial_taskflow_api.py
[2024-07-26T10:58:19.592+0700] {processor.py:830} INFO - Processing file /usr/local/lib/python3.10/dist-packages/airflow/example_dags/tutorial_taskflow_api.py for tasks to queue
[2024-07-26T10:58:19.593+0700] {logging_mixin.py:188} INFO - [2024-07-26T10:58:19.593+0700] {dagbag.py:545} INFO - Filling up the DagBag from /usr/local/lib/python3.10/dist-packages/airflow/example_dags/tutorial_taskflow_api.py
[2024-07-26T10:58:19.598+0700] {processor.py:840} INFO - DAG(s) 'tutorial_taskflow_api' retrieved from /usr/local/lib/python3.10/dist-packages/airflow/example_dags/tutorial_taskflow_api.py
[2024-07-26T10:58:19.689+0700] {logging_mixin.py:188} INFO - [2024-07-26T10:58:19.688+0700] {override.py:1858} INFO - Created Permission View: can read on DAG:tutorial_taskflow_api
[2024-07-26T10:58:19.709+0700] {logging_mixin.py:188} INFO - [2024-07-26T10:58:19.709+0700] {override.py:1858} INFO - Created Permission View: can edit on DAG:tutorial_taskflow_api
[2024-07-26T10:58:19.727+0700] {logging_mixin.py:188} INFO - [2024-07-26T10:58:19.727+0700] {override.py:1858} INFO - Created Permission View: can delete on DAG:tutorial_taskflow_api
[2024-07-26T10:58:19.727+0700] {logging_mixin.py:188} INFO - [2024-07-26T10:58:19.727+0700] {dag.py:3089} INFO - Sync 1 DAGs
[2024-07-26T10:58:19.736+0700] {logging_mixin.py:188} INFO - [2024-07-26T10:58:19.736+0700] {dag.py:3111} INFO - Creating ORM DAG for tutorial_taskflow_api
[2024-07-26T10:58:19.737+0700] {logging_mixin.py:188} INFO - [2024-07-26T10:58:19.737+0700] {dag.py:3947} INFO - Setting next_dagrun for tutorial_taskflow_api to None, run_after=None
[2024-07-26T10:58:19.849+0700] {processor.py:183} INFO - Processing /usr/local/lib/python3.10/dist-packages/airflow/example_dags/tutorial_taskflow_api.py took 0.261 seconds
[2024-07-26T10:59:15.458+0700] {processor.py:161} INFO - Started process (PID=2052) to work on /usr/local/lib/python3.10/dist-packages/airflow/example_dags/tutorial_taskflow_api.py
[2024-07-26T10:59:15.460+0700] {processor.py:830} INFO - Processing file /usr/local/lib/python3.10/dist-packages/airflow/example_dags/tutorial_taskflow_api.py for tasks to queue
[2024-07-26T10:59:15.462+0700] {logging_mixin.py:188} INFO - [2024-07-26T10:59:15.462+0700] {dagbag.py:545} INFO - Filling up the DagBag from /usr/local/lib/python3.10/dist-packages/airflow/example_dags/tutorial_taskflow_api.py
[2024-07-26T10:59:15.466+0700] {processor.py:840} INFO - DAG(s) 'tutorial_taskflow_api' retrieved from /usr/local/lib/python3.10/dist-packages/airflow/example_dags/tutorial_taskflow_api.py
[2024-07-26T10:59:15.477+0700] {logging_mixin.py:188} INFO - [2024-07-26T10:59:15.477+0700] {dag.py:3089} INFO - Sync 1 DAGs
[2024-07-26T10:59:15.485+0700] {logging_mixin.py:188} INFO - [2024-07-26T10:59:15.484+0700] {dag.py:3947} INFO - Setting next_dagrun for tutorial_taskflow_api to None, run_after=None
[2024-07-26T10:59:15.514+0700] {processor.py:183} INFO - Processing /usr/local/lib/python3.10/dist-packages/airflow/example_dags/tutorial_taskflow_api.py took 0.060 seconds
[2024-07-26T11:00:05.807+0700] {processor.py:161} INFO - Started process (PID=2304) to work on /usr/local/lib/python3.10/dist-packages/airflow/example_dags/tutorial_taskflow_api.py
[2024-07-26T11:00:05.811+0700] {processor.py:830} INFO - Processing file /usr/local/lib/python3.10/dist-packages/airflow/example_dags/tutorial_taskflow_api.py for tasks to queue
[2024-07-26T11:00:05.817+0700] {logging_mixin.py:188} INFO - [2024-07-26T11:00:05.816+0700] {dagbag.py:545} INFO - Filling up the DagBag from /usr/local/lib/python3.10/dist-packages/airflow/example_dags/tutorial_taskflow_api.py
[2024-07-26T11:00:05.821+0700] {processor.py:840} INFO - DAG(s) 'tutorial_taskflow_api' retrieved from /usr/local/lib/python3.10/dist-packages/airflow/example_dags/tutorial_taskflow_api.py
[2024-07-26T11:00:05.938+0700] {logging_mixin.py:188} INFO - [2024-07-26T11:00:05.938+0700] {dag.py:3089} INFO - Sync 1 DAGs
[2024-07-26T11:00:05.945+0700] {logging_mixin.py:188} INFO - [2024-07-26T11:00:05.945+0700] {dag.py:3947} INFO - Setting next_dagrun for tutorial_taskflow_api to None, run_after=None
[2024-07-26T11:00:05.971+0700] {processor.py:183} INFO - Processing /usr/local/lib/python3.10/dist-packages/airflow/example_dags/tutorial_taskflow_api.py took 0.169 seconds
[2024-07-26T11:01:06.439+0700] {processor.py:161} INFO - Started process (PID=2607) to work on /usr/local/lib/python3.10/dist-packages/airflow/example_dags/tutorial_taskflow_api.py
[2024-07-26T11:01:06.442+0700] {processor.py:830} INFO - Processing file /usr/local/lib/python3.10/dist-packages/airflow/example_dags/tutorial_taskflow_api.py for tasks to queue
[2024-07-26T11:01:06.443+0700] {logging_mixin.py:188} INFO - [2024-07-26T11:01:06.443+0700] {dagbag.py:545} INFO - Filling up the DagBag from /usr/local/lib/python3.10/dist-packages/airflow/example_dags/tutorial_taskflow_api.py
[2024-07-26T11:01:06.448+0700] {processor.py:840} INFO - DAG(s) 'tutorial_taskflow_api' retrieved from /usr/local/lib/python3.10/dist-packages/airflow/example_dags/tutorial_taskflow_api.py
[2024-07-26T11:01:06.459+0700] {logging_mixin.py:188} INFO - [2024-07-26T11:01:06.458+0700] {dag.py:3089} INFO - Sync 1 DAGs
[2024-07-26T11:01:06.467+0700] {logging_mixin.py:188} INFO - [2024-07-26T11:01:06.467+0700] {dag.py:3947} INFO - Setting next_dagrun for tutorial_taskflow_api to None, run_after=None
[2024-07-26T11:01:06.499+0700] {processor.py:183} INFO - Processing /usr/local/lib/python3.10/dist-packages/airflow/example_dags/tutorial_taskflow_api.py took 0.064 seconds
[2024-07-26T11:02:05.638+0700] {processor.py:161} INFO - Started process (PID=2901) to work on /usr/local/lib/python3.10/dist-packages/airflow/example_dags/tutorial_taskflow_api.py
[2024-07-26T11:02:05.642+0700] {processor.py:830} INFO - Processing file /usr/local/lib/python3.10/dist-packages/airflow/example_dags/tutorial_taskflow_api.py for tasks to queue
[2024-07-26T11:02:05.643+0700] {logging_mixin.py:188} INFO - [2024-07-26T11:02:05.643+0700] {dagbag.py:545} INFO - Filling up the DagBag from /usr/local/lib/python3.10/dist-packages/airflow/example_dags/tutorial_taskflow_api.py
[2024-07-26T11:02:05.648+0700] {processor.py:840} INFO - DAG(s) 'tutorial_taskflow_api' retrieved from /usr/local/lib/python3.10/dist-packages/airflow/example_dags/tutorial_taskflow_api.py
[2024-07-26T11:02:05.658+0700] {logging_mixin.py:188} INFO - [2024-07-26T11:02:05.658+0700] {dag.py:3089} INFO - Sync 1 DAGs
[2024-07-26T11:02:05.667+0700] {logging_mixin.py:188} INFO - [2024-07-26T11:02:05.667+0700] {dag.py:3947} INFO - Setting next_dagrun for tutorial_taskflow_api to None, run_after=None
[2024-07-26T11:02:05.695+0700] {processor.py:183} INFO - Processing /usr/local/lib/python3.10/dist-packages/airflow/example_dags/tutorial_taskflow_api.py took 0.061 seconds
[2024-07-26T11:03:00.052+0700] {processor.py:161} INFO - Started process (PID=3175) to work on /usr/local/lib/python3.10/dist-packages/airflow/example_dags/tutorial_taskflow_api.py
[2024-07-26T11:03:00.053+0700] {processor.py:830} INFO - Processing file /usr/local/lib/python3.10/dist-packages/airflow/example_dags/tutorial_taskflow_api.py for tasks to queue
[2024-07-26T11:03:00.054+0700] {logging_mixin.py:188} INFO - [2024-07-26T11:03:00.054+0700] {dagbag.py:545} INFO - Filling up the DagBag from /usr/local/lib/python3.10/dist-packages/airflow/example_dags/tutorial_taskflow_api.py
[2024-07-26T11:03:00.059+0700] {processor.py:840} INFO - DAG(s) 'tutorial_taskflow_api' retrieved from /usr/local/lib/python3.10/dist-packages/airflow/example_dags/tutorial_taskflow_api.py
[2024-07-26T11:03:00.070+0700] {logging_mixin.py:188} INFO - [2024-07-26T11:03:00.070+0700] {dag.py:3089} INFO - Sync 1 DAGs
[2024-07-26T11:03:00.079+0700] {logging_mixin.py:188} INFO - [2024-07-26T11:03:00.078+0700] {dag.py:3947} INFO - Setting next_dagrun for tutorial_taskflow_api to None, run_after=None
[2024-07-26T11:03:00.109+0700] {processor.py:183} INFO - Processing /usr/local/lib/python3.10/dist-packages/airflow/example_dags/tutorial_taskflow_api.py took 0.061 seconds
[2024-07-26T11:04:00.162+0700] {processor.py:161} INFO - Started process (PID=3585) to work on /usr/local/lib/python3.10/dist-packages/airflow/example_dags/tutorial_taskflow_api.py
[2024-07-26T11:04:00.163+0700] {processor.py:830} INFO - Processing file /usr/local/lib/python3.10/dist-packages/airflow/example_dags/tutorial_taskflow_api.py for tasks to queue
[2024-07-26T11:04:00.164+0700] {logging_mixin.py:188} INFO - [2024-07-26T11:04:00.164+0700] {dagbag.py:545} INFO - Filling up the DagBag from /usr/local/lib/python3.10/dist-packages/airflow/example_dags/tutorial_taskflow_api.py
[2024-07-26T11:04:00.169+0700] {processor.py:840} INFO - DAG(s) 'tutorial_taskflow_api' retrieved from /usr/local/lib/python3.10/dist-packages/airflow/example_dags/tutorial_taskflow_api.py
[2024-07-26T11:04:00.180+0700] {logging_mixin.py:188} INFO - [2024-07-26T11:04:00.179+0700] {dag.py:3089} INFO - Sync 1 DAGs
[2024-07-26T11:04:00.188+0700] {logging_mixin.py:188} INFO - [2024-07-26T11:04:00.188+0700] {dag.py:3947} INFO - Setting next_dagrun for tutorial_taskflow_api to None, run_after=None
[2024-07-26T11:04:00.217+0700] {processor.py:183} INFO - Processing /usr/local/lib/python3.10/dist-packages/airflow/example_dags/tutorial_taskflow_api.py took 0.060 seconds
[2024-07-26T11:05:00.995+0700] {processor.py:161} INFO - Started process (PID=3900) to work on /usr/local/lib/python3.10/dist-packages/airflow/example_dags/tutorial_taskflow_api.py
[2024-07-26T11:05:00.998+0700] {processor.py:830} INFO - Processing file /usr/local/lib/python3.10/dist-packages/airflow/example_dags/tutorial_taskflow_api.py for tasks to queue
[2024-07-26T11:05:00.999+0700] {logging_mixin.py:188} INFO - [2024-07-26T11:05:00.999+0700] {dagbag.py:545} INFO - Filling up the DagBag from /usr/local/lib/python3.10/dist-packages/airflow/example_dags/tutorial_taskflow_api.py
[2024-07-26T11:05:01.003+0700] {processor.py:840} INFO - DAG(s) 'tutorial_taskflow_api' retrieved from /usr/local/lib/python3.10/dist-packages/airflow/example_dags/tutorial_taskflow_api.py
[2024-07-26T11:05:01.015+0700] {logging_mixin.py:188} INFO - [2024-07-26T11:05:01.015+0700] {dag.py:3089} INFO - Sync 1 DAGs
[2024-07-26T11:05:01.025+0700] {logging_mixin.py:188} INFO - [2024-07-26T11:05:01.024+0700] {dag.py:3947} INFO - Setting next_dagrun for tutorial_taskflow_api to None, run_after=None
[2024-07-26T11:05:01.056+0700] {processor.py:183} INFO - Processing /usr/local/lib/python3.10/dist-packages/airflow/example_dags/tutorial_taskflow_api.py took 0.066 seconds
[2024-07-26T11:05:58.757+0700] {processor.py:161} INFO - Started process (PID=4192) to work on /usr/local/lib/python3.10/dist-packages/airflow/example_dags/tutorial_taskflow_api.py
[2024-07-26T11:05:58.759+0700] {processor.py:830} INFO - Processing file /usr/local/lib/python3.10/dist-packages/airflow/example_dags/tutorial_taskflow_api.py for tasks to queue
[2024-07-26T11:05:58.761+0700] {logging_mixin.py:188} INFO - [2024-07-26T11:05:58.761+0700] {dagbag.py:545} INFO - Filling up the DagBag from /usr/local/lib/python3.10/dist-packages/airflow/example_dags/tutorial_taskflow_api.py
[2024-07-26T11:05:58.765+0700] {processor.py:840} INFO - DAG(s) 'tutorial_taskflow_api' retrieved from /usr/local/lib/python3.10/dist-packages/airflow/example_dags/tutorial_taskflow_api.py
[2024-07-26T11:05:58.777+0700] {logging_mixin.py:188} INFO - [2024-07-26T11:05:58.777+0700] {dag.py:3089} INFO - Sync 1 DAGs
[2024-07-26T11:05:58.787+0700] {logging_mixin.py:188} INFO - [2024-07-26T11:05:58.787+0700] {dag.py:3947} INFO - Setting next_dagrun for tutorial_taskflow_api to None, run_after=None
[2024-07-26T11:05:58.821+0700] {processor.py:183} INFO - Processing /usr/local/lib/python3.10/dist-packages/airflow/example_dags/tutorial_taskflow_api.py took 0.070 seconds
[2024-07-26T11:07:02.602+0700] {processor.py:161} INFO - Started process (PID=4508) to work on /usr/local/lib/python3.10/dist-packages/airflow/example_dags/tutorial_taskflow_api.py
[2024-07-26T11:07:02.604+0700] {processor.py:830} INFO - Processing file /usr/local/lib/python3.10/dist-packages/airflow/example_dags/tutorial_taskflow_api.py for tasks to queue
[2024-07-26T11:07:02.606+0700] {logging_mixin.py:188} INFO - [2024-07-26T11:07:02.605+0700] {dagbag.py:545} INFO - Filling up the DagBag from /usr/local/lib/python3.10/dist-packages/airflow/example_dags/tutorial_taskflow_api.py
[2024-07-26T11:07:02.613+0700] {processor.py:840} INFO - DAG(s) 'tutorial_taskflow_api' retrieved from /usr/local/lib/python3.10/dist-packages/airflow/example_dags/tutorial_taskflow_api.py
[2024-07-26T11:07:02.627+0700] {logging_mixin.py:188} INFO - [2024-07-26T11:07:02.627+0700] {dag.py:3089} INFO - Sync 1 DAGs
[2024-07-26T11:07:02.636+0700] {logging_mixin.py:188} INFO - [2024-07-26T11:07:02.635+0700] {dag.py:3947} INFO - Setting next_dagrun for tutorial_taskflow_api to None, run_after=None
[2024-07-26T11:07:02.669+0700] {processor.py:183} INFO - Processing /usr/local/lib/python3.10/dist-packages/airflow/example_dags/tutorial_taskflow_api.py took 0.072 seconds
[2024-07-26T11:08:01.001+0700] {processor.py:161} INFO - Started process (PID=4798) to work on /usr/local/lib/python3.10/dist-packages/airflow/example_dags/tutorial_taskflow_api.py
[2024-07-26T11:08:01.003+0700] {processor.py:830} INFO - Processing file /usr/local/lib/python3.10/dist-packages/airflow/example_dags/tutorial_taskflow_api.py for tasks to queue
[2024-07-26T11:08:01.004+0700] {logging_mixin.py:188} INFO - [2024-07-26T11:08:01.004+0700] {dagbag.py:545} INFO - Filling up the DagBag from /usr/local/lib/python3.10/dist-packages/airflow/example_dags/tutorial_taskflow_api.py
[2024-07-26T11:08:01.009+0700] {processor.py:840} INFO - DAG(s) 'tutorial_taskflow_api' retrieved from /usr/local/lib/python3.10/dist-packages/airflow/example_dags/tutorial_taskflow_api.py
[2024-07-26T11:08:01.024+0700] {logging_mixin.py:188} INFO - [2024-07-26T11:08:01.023+0700] {dag.py:3089} INFO - Sync 1 DAGs
[2024-07-26T11:08:01.034+0700] {logging_mixin.py:188} INFO - [2024-07-26T11:08:01.033+0700] {dag.py:3947} INFO - Setting next_dagrun for tutorial_taskflow_api to None, run_after=None
[2024-07-26T11:08:01.070+0700] {processor.py:183} INFO - Processing /usr/local/lib/python3.10/dist-packages/airflow/example_dags/tutorial_taskflow_api.py took 0.076 seconds
[2024-07-26T11:08:59.887+0700] {processor.py:161} INFO - Started process (PID=5093) to work on /usr/local/lib/python3.10/dist-packages/airflow/example_dags/tutorial_taskflow_api.py
[2024-07-26T11:08:59.889+0700] {processor.py:830} INFO - Processing file /usr/local/lib/python3.10/dist-packages/airflow/example_dags/tutorial_taskflow_api.py for tasks to queue
[2024-07-26T11:08:59.891+0700] {logging_mixin.py:188} INFO - [2024-07-26T11:08:59.890+0700] {dagbag.py:545} INFO - Filling up the DagBag from /usr/local/lib/python3.10/dist-packages/airflow/example_dags/tutorial_taskflow_api.py
[2024-07-26T11:08:59.896+0700] {processor.py:840} INFO - DAG(s) 'tutorial_taskflow_api' retrieved from /usr/local/lib/python3.10/dist-packages/airflow/example_dags/tutorial_taskflow_api.py
[2024-07-26T11:08:59.907+0700] {logging_mixin.py:188} INFO - [2024-07-26T11:08:59.906+0700] {dag.py:3089} INFO - Sync 1 DAGs
[2024-07-26T11:08:59.915+0700] {logging_mixin.py:188} INFO - [2024-07-26T11:08:59.915+0700] {dag.py:3947} INFO - Setting next_dagrun for tutorial_taskflow_api to None, run_after=None
[2024-07-26T11:08:59.944+0700] {processor.py:183} INFO - Processing /usr/local/lib/python3.10/dist-packages/airflow/example_dags/tutorial_taskflow_api.py took 0.063 seconds
[2024-07-26T11:09:59.409+0700] {processor.py:161} INFO - Started process (PID=5389) to work on /usr/local/lib/python3.10/dist-packages/airflow/example_dags/tutorial_taskflow_api.py
[2024-07-26T11:09:59.410+0700] {processor.py:830} INFO - Processing file /usr/local/lib/python3.10/dist-packages/airflow/example_dags/tutorial_taskflow_api.py for tasks to queue
[2024-07-26T11:09:59.411+0700] {logging_mixin.py:188} INFO - [2024-07-26T11:09:59.411+0700] {dagbag.py:545} INFO - Filling up the DagBag from /usr/local/lib/python3.10/dist-packages/airflow/example_dags/tutorial_taskflow_api.py
[2024-07-26T11:09:59.415+0700] {processor.py:840} INFO - DAG(s) 'tutorial_taskflow_api' retrieved from /usr/local/lib/python3.10/dist-packages/airflow/example_dags/tutorial_taskflow_api.py
[2024-07-26T11:09:59.426+0700] {logging_mixin.py:188} INFO - [2024-07-26T11:09:59.426+0700] {dag.py:3089} INFO - Sync 1 DAGs
[2024-07-26T11:09:59.435+0700] {logging_mixin.py:188} INFO - [2024-07-26T11:09:59.434+0700] {dag.py:3947} INFO - Setting next_dagrun for tutorial_taskflow_api to None, run_after=None
[2024-07-26T11:09:59.466+0700] {processor.py:183} INFO - Processing /usr/local/lib/python3.10/dist-packages/airflow/example_dags/tutorial_taskflow_api.py took 0.063 seconds
[2024-07-26T11:10:58.379+0700] {processor.py:161} INFO - Started process (PID=5682) to work on /usr/local/lib/python3.10/dist-packages/airflow/example_dags/tutorial_taskflow_api.py
[2024-07-26T11:10:58.381+0700] {processor.py:830} INFO - Processing file /usr/local/lib/python3.10/dist-packages/airflow/example_dags/tutorial_taskflow_api.py for tasks to queue
[2024-07-26T11:10:58.383+0700] {logging_mixin.py:188} INFO - [2024-07-26T11:10:58.383+0700] {dagbag.py:545} INFO - Filling up the DagBag from /usr/local/lib/python3.10/dist-packages/airflow/example_dags/tutorial_taskflow_api.py
[2024-07-26T11:10:58.387+0700] {processor.py:840} INFO - DAG(s) 'tutorial_taskflow_api' retrieved from /usr/local/lib/python3.10/dist-packages/airflow/example_dags/tutorial_taskflow_api.py
[2024-07-26T11:10:58.398+0700] {logging_mixin.py:188} INFO - [2024-07-26T11:10:58.398+0700] {dag.py:3089} INFO - Sync 1 DAGs
[2024-07-26T11:10:58.406+0700] {logging_mixin.py:188} INFO - [2024-07-26T11:10:58.406+0700] {dag.py:3947} INFO - Setting next_dagrun for tutorial_taskflow_api to None, run_after=None
[2024-07-26T11:10:58.436+0700] {processor.py:183} INFO - Processing /usr/local/lib/python3.10/dist-packages/airflow/example_dags/tutorial_taskflow_api.py took 0.063 seconds
[2024-07-26T11:11:53.912+0700] {processor.py:161} INFO - Started process (PID=5960) to work on /usr/local/lib/python3.10/dist-packages/airflow/example_dags/tutorial_taskflow_api.py
[2024-07-26T11:11:53.914+0700] {processor.py:830} INFO - Processing file /usr/local/lib/python3.10/dist-packages/airflow/example_dags/tutorial_taskflow_api.py for tasks to queue
[2024-07-26T11:11:53.916+0700] {logging_mixin.py:188} INFO - [2024-07-26T11:11:53.915+0700] {dagbag.py:545} INFO - Filling up the DagBag from /usr/local/lib/python3.10/dist-packages/airflow/example_dags/tutorial_taskflow_api.py
[2024-07-26T11:11:53.920+0700] {processor.py:840} INFO - DAG(s) 'tutorial_taskflow_api' retrieved from /usr/local/lib/python3.10/dist-packages/airflow/example_dags/tutorial_taskflow_api.py
[2024-07-26T11:11:53.931+0700] {logging_mixin.py:188} INFO - [2024-07-26T11:11:53.931+0700] {dag.py:3089} INFO - Sync 1 DAGs
[2024-07-26T11:11:53.941+0700] {logging_mixin.py:188} INFO - [2024-07-26T11:11:53.941+0700] {dag.py:3947} INFO - Setting next_dagrun for tutorial_taskflow_api to None, run_after=None
[2024-07-26T11:11:53.975+0700] {processor.py:183} INFO - Processing /usr/local/lib/python3.10/dist-packages/airflow/example_dags/tutorial_taskflow_api.py took 0.070 seconds
