[2024-08-03T17:01:07.065+0700] {local_task_job_runner.py:120} INFO - ::group::Pre task execution logs
[2024-08-03T17:01:07.076+0700] {taskinstance.py:2076} INFO - Dependencies all met for dep_context=non-requeueable deps ti=<TaskInstance: data_pipeline_supermarket_2.copy_table_fct_user_orders manual__2024-08-03T09:57:39.902554+00:00 [queued]>
[2024-08-03T17:01:07.083+0700] {taskinstance.py:2076} INFO - Dependencies all met for dep_context=requeueable deps ti=<TaskInstance: data_pipeline_supermarket_2.copy_table_fct_user_orders manual__2024-08-03T09:57:39.902554+00:00 [queued]>
[2024-08-03T17:01:07.084+0700] {taskinstance.py:2306} INFO - Starting attempt 1 of 2
[2024-08-03T17:01:07.302+0700] {taskinstance.py:2330} INFO - Executing <Task(PostgresOperator): copy_table_fct_user_orders> on 2024-08-03 09:57:39.902554+00:00
[2024-08-03T17:01:07.305+0700] {standard_task_runner.py:64} INFO - Started process 3636 to run task
[2024-08-03T17:01:07.308+0700] {standard_task_runner.py:90} INFO - Running: ['airflow', 'tasks', 'run', 'data_pipeline_supermarket_2', 'copy_table_fct_user_orders', 'manual__2024-08-03T09:57:39.902554+00:00', '--job-id', '286', '--raw', '--subdir', 'DAGS_FOLDER/data_pipeline_supermarket_2.py', '--cfg-path', '/tmp/tmpj49egi5r']
[2024-08-03T17:01:07.310+0700] {standard_task_runner.py:91} INFO - Job 286: Subtask copy_table_fct_user_orders
[2024-08-03T17:01:07.409+0700] {task_command.py:426} INFO - Running <TaskInstance: data_pipeline_supermarket_2.copy_table_fct_user_orders manual__2024-08-03T09:57:39.902554+00:00 [running]> on host DESKTOP-RHVHV7A.
[2024-08-03T17:01:07.491+0700] {taskinstance.py:2648} INFO - Exporting env vars: AIRFLOW_CTX_DAG_OWNER='airflow' AIRFLOW_CTX_DAG_ID='data_pipeline_supermarket_2' AIRFLOW_CTX_TASK_ID='copy_table_fct_user_orders' AIRFLOW_CTX_EXECUTION_DATE='2024-08-03T09:57:39.902554+00:00' AIRFLOW_CTX_TRY_NUMBER='1' AIRFLOW_CTX_DAG_RUN_ID='manual__2024-08-03T09:57:39.902554+00:00'
[2024-08-03T17:01:07.492+0700] {taskinstance.py:430} INFO - ::endgroup::
[2024-08-03T17:01:07.504+0700] {sql.py:282} INFO - Executing: 
        SET search_path TO supermarket;
        COPY fct_user_orders TO 'F:/AllCode/Data Engineer/data_processed/supermarket/fct_user_orders.csv' CSV HEADER;
        
[2024-08-03T17:01:07.510+0700] {base.py:84} INFO - Using connection ID 'postgres_supermarket' for task execution.
[2024-08-03T17:01:07.581+0700] {base.py:84} INFO - Using connection ID 'postgres_supermarket' for task execution.
[2024-08-03T17:01:07.622+0700] {sql.py:495} INFO - Running statement: 
        SET search_path TO supermarket;
        COPY fct_user_orders TO 'F:/AllCode/Data Engineer/data_processed/supermarket/fct_user_orders.csv' CSV HEADER;
        , parameters: None
[2024-08-03T17:01:07.712+0700] {sql.py:504} INFO - Rows affected: 139003
[2024-08-03T17:01:07.715+0700] {taskinstance.py:441} INFO - ::group::Post task execution logs
[2024-08-03T17:01:07.720+0700] {taskinstance.py:1206} INFO - Marking task as SUCCESS. dag_id=data_pipeline_supermarket_2, task_id=copy_table_fct_user_orders, run_id=manual__2024-08-03T09:57:39.902554+00:00, execution_date=20240803T095739, start_date=20240803T100107, end_date=20240803T100107
[2024-08-03T17:01:07.762+0700] {local_task_job_runner.py:243} INFO - Task exited with return code 0
[2024-08-03T17:01:07.770+0700] {logging_mixin.py:188} WARNING - /usr/local/lib/python3.10/dist-packages/airflow/models/baseoperator.py:1297 AirflowProviderDeprecationWarning: Call to deprecated class PostgresOperator. (Please use `airflow.providers.common.sql.operators.sql.SQLExecuteQueryOperator`.Also, you can provide `hook_params={'schema': <database>}`.)
[2024-08-03T17:01:07.781+0700] {taskinstance.py:3503} INFO - 1 downstream tasks scheduled from follow-on schedule check
[2024-08-03T17:01:07.795+0700] {local_task_job_runner.py:222} INFO - ::endgroup::
