[2024-08-01T19:18:09.503+0700] {processor.py:161} INFO - Started process (PID=3385) to work on /root/airflow/dags/aws_s3.py
[2024-08-01T19:18:09.503+0700] {processor.py:830} INFO - Processing file /root/airflow/dags/aws_s3.py for tasks to queue
[2024-08-01T19:18:09.505+0700] {logging_mixin.py:188} INFO - [2024-08-01T19:18:09.504+0700] {dagbag.py:545} INFO - Filling up the DagBag from /root/airflow/dags/aws_s3.py
[2024-08-01T19:18:09.514+0700] {processor.py:840} INFO - DAG(s) 'postgres_test' retrieved from /root/airflow/dags/aws_s3.py
[2024-08-01T19:18:09.520+0700] {logging_mixin.py:188} INFO - [2024-08-01T19:18:09.520+0700] {dag.py:3089} INFO - Sync 1 DAGs
[2024-08-01T19:18:09.617+0700] {logging_mixin.py:188} INFO - [2024-08-01T19:18:09.617+0700] {dag.py:3947} INFO - Setting next_dagrun for postgres_test to None, run_after=None
[2024-08-01T19:18:09.643+0700] {processor.py:183} INFO - Processing /root/airflow/dags/aws_s3.py took 0.146 seconds
[2024-08-01T19:18:40.039+0700] {processor.py:161} INFO - Started process (PID=3701) to work on /root/airflow/dags/aws_s3.py
[2024-08-01T19:18:40.042+0700] {processor.py:830} INFO - Processing file /root/airflow/dags/aws_s3.py for tasks to queue
[2024-08-01T19:18:40.043+0700] {logging_mixin.py:188} INFO - [2024-08-01T19:18:40.043+0700] {dagbag.py:545} INFO - Filling up the DagBag from /root/airflow/dags/aws_s3.py
[2024-08-01T19:18:40.049+0700] {processor.py:840} INFO - DAG(s) 'postgres_test' retrieved from /root/airflow/dags/aws_s3.py
[2024-08-01T19:18:40.114+0700] {logging_mixin.py:188} INFO - [2024-08-01T19:18:40.114+0700] {dag.py:3089} INFO - Sync 1 DAGs
[2024-08-01T19:18:40.121+0700] {logging_mixin.py:188} INFO - [2024-08-01T19:18:40.121+0700] {dag.py:3947} INFO - Setting next_dagrun for postgres_test to None, run_after=None
[2024-08-01T19:18:40.156+0700] {processor.py:183} INFO - Processing /root/airflow/dags/aws_s3.py took 0.121 seconds
[2024-08-01T19:19:10.675+0700] {processor.py:161} INFO - Started process (PID=4021) to work on /root/airflow/dags/aws_s3.py
[2024-08-01T19:19:10.677+0700] {processor.py:830} INFO - Processing file /root/airflow/dags/aws_s3.py for tasks to queue
[2024-08-01T19:19:10.679+0700] {logging_mixin.py:188} INFO - [2024-08-01T19:19:10.678+0700] {dagbag.py:545} INFO - Filling up the DagBag from /root/airflow/dags/aws_s3.py
[2024-08-01T19:19:10.685+0700] {processor.py:840} INFO - DAG(s) 'postgres_test' retrieved from /root/airflow/dags/aws_s3.py
[2024-08-01T19:19:10.700+0700] {logging_mixin.py:188} INFO - [2024-08-01T19:19:10.700+0700] {dag.py:3089} INFO - Sync 1 DAGs
[2024-08-01T19:19:10.709+0700] {logging_mixin.py:188} INFO - [2024-08-01T19:19:10.708+0700] {dag.py:3947} INFO - Setting next_dagrun for postgres_test to None, run_after=None
[2024-08-01T19:19:10.739+0700] {processor.py:183} INFO - Processing /root/airflow/dags/aws_s3.py took 0.068 seconds
[2024-08-01T19:19:41.051+0700] {processor.py:161} INFO - Started process (PID=4276) to work on /root/airflow/dags/aws_s3.py
[2024-08-01T19:19:41.053+0700] {processor.py:830} INFO - Processing file /root/airflow/dags/aws_s3.py for tasks to queue
[2024-08-01T19:19:41.055+0700] {logging_mixin.py:188} INFO - [2024-08-01T19:19:41.054+0700] {dagbag.py:545} INFO - Filling up the DagBag from /root/airflow/dags/aws_s3.py
[2024-08-01T19:19:41.061+0700] {processor.py:840} INFO - DAG(s) 'postgres_test' retrieved from /root/airflow/dags/aws_s3.py
[2024-08-01T19:19:41.066+0700] {logging_mixin.py:188} INFO - [2024-08-01T19:19:41.066+0700] {dag.py:3089} INFO - Sync 1 DAGs
[2024-08-01T19:19:41.075+0700] {logging_mixin.py:188} INFO - [2024-08-01T19:19:41.075+0700] {dag.py:3947} INFO - Setting next_dagrun for postgres_test to None, run_after=None
[2024-08-01T19:19:41.105+0700] {processor.py:183} INFO - Processing /root/airflow/dags/aws_s3.py took 0.059 seconds
[2024-08-01T19:20:02.500+0700] {processor.py:161} INFO - Started process (PID=4433) to work on /root/airflow/dags/aws_s3.py
[2024-08-01T19:20:02.502+0700] {processor.py:830} INFO - Processing file /root/airflow/dags/aws_s3.py for tasks to queue
[2024-08-01T19:20:02.503+0700] {logging_mixin.py:188} INFO - [2024-08-01T19:20:02.503+0700] {dagbag.py:545} INFO - Filling up the DagBag from /root/airflow/dags/aws_s3.py
[2024-08-01T19:20:02.511+0700] {processor.py:840} INFO - DAG(s) 'aws_s3' retrieved from /root/airflow/dags/aws_s3.py
[2024-08-01T19:20:02.610+0700] {logging_mixin.py:188} INFO - [2024-08-01T19:20:02.609+0700] {override.py:1858} INFO - Created Permission View: can read on DAG:aws_s3
[2024-08-01T19:20:02.632+0700] {logging_mixin.py:188} INFO - [2024-08-01T19:20:02.632+0700] {override.py:1858} INFO - Created Permission View: can edit on DAG:aws_s3
[2024-08-01T19:20:02.650+0700] {logging_mixin.py:188} INFO - [2024-08-01T19:20:02.650+0700] {override.py:1858} INFO - Created Permission View: can delete on DAG:aws_s3
[2024-08-01T19:20:02.651+0700] {logging_mixin.py:188} INFO - [2024-08-01T19:20:02.651+0700] {dag.py:3089} INFO - Sync 1 DAGs
[2024-08-01T19:20:02.659+0700] {logging_mixin.py:188} INFO - [2024-08-01T19:20:02.658+0700] {dag.py:3111} INFO - Creating ORM DAG for aws_s3
[2024-08-01T19:20:02.659+0700] {logging_mixin.py:188} INFO - [2024-08-01T19:20:02.659+0700] {dag.py:3947} INFO - Setting next_dagrun for aws_s3 to None, run_after=None
[2024-08-01T19:20:02.687+0700] {processor.py:183} INFO - Processing /root/airflow/dags/aws_s3.py took 0.193 seconds
[2024-08-01T19:20:32.817+0700] {processor.py:161} INFO - Started process (PID=4716) to work on /root/airflow/dags/aws_s3.py
[2024-08-01T19:20:32.820+0700] {processor.py:830} INFO - Processing file /root/airflow/dags/aws_s3.py for tasks to queue
[2024-08-01T19:20:32.821+0700] {logging_mixin.py:188} INFO - [2024-08-01T19:20:32.821+0700] {dagbag.py:545} INFO - Filling up the DagBag from /root/airflow/dags/aws_s3.py
[2024-08-01T19:20:32.827+0700] {processor.py:840} INFO - DAG(s) 'aws_s3' retrieved from /root/airflow/dags/aws_s3.py
[2024-08-01T19:20:32.839+0700] {logging_mixin.py:188} INFO - [2024-08-01T19:20:32.839+0700] {dag.py:3089} INFO - Sync 1 DAGs
[2024-08-01T19:20:32.847+0700] {logging_mixin.py:188} INFO - [2024-08-01T19:20:32.847+0700] {dag.py:3947} INFO - Setting next_dagrun for aws_s3 to None, run_after=None
[2024-08-01T19:20:32.877+0700] {processor.py:183} INFO - Processing /root/airflow/dags/aws_s3.py took 0.064 seconds
[2024-08-01T19:21:03.145+0700] {processor.py:161} INFO - Started process (PID=4931) to work on /root/airflow/dags/aws_s3.py
[2024-08-01T19:21:03.147+0700] {processor.py:830} INFO - Processing file /root/airflow/dags/aws_s3.py for tasks to queue
[2024-08-01T19:21:03.148+0700] {logging_mixin.py:188} INFO - [2024-08-01T19:21:03.148+0700] {dagbag.py:545} INFO - Filling up the DagBag from /root/airflow/dags/aws_s3.py
[2024-08-01T19:21:03.154+0700] {processor.py:840} INFO - DAG(s) 'aws_s3' retrieved from /root/airflow/dags/aws_s3.py
[2024-08-01T19:21:03.167+0700] {logging_mixin.py:188} INFO - [2024-08-01T19:21:03.166+0700] {dag.py:3089} INFO - Sync 1 DAGs
[2024-08-01T19:21:03.174+0700] {logging_mixin.py:188} INFO - [2024-08-01T19:21:03.174+0700] {dag.py:3947} INFO - Setting next_dagrun for aws_s3 to None, run_after=None
[2024-08-01T19:21:03.206+0700] {processor.py:183} INFO - Processing /root/airflow/dags/aws_s3.py took 0.065 seconds
[2024-08-01T19:21:33.571+0700] {processor.py:161} INFO - Started process (PID=5151) to work on /root/airflow/dags/aws_s3.py
[2024-08-01T19:21:33.574+0700] {processor.py:830} INFO - Processing file /root/airflow/dags/aws_s3.py for tasks to queue
[2024-08-01T19:21:33.575+0700] {logging_mixin.py:188} INFO - [2024-08-01T19:21:33.575+0700] {dagbag.py:545} INFO - Filling up the DagBag from /root/airflow/dags/aws_s3.py
[2024-08-01T19:21:33.580+0700] {processor.py:840} INFO - DAG(s) 'aws_s3' retrieved from /root/airflow/dags/aws_s3.py
[2024-08-01T19:21:33.593+0700] {logging_mixin.py:188} INFO - [2024-08-01T19:21:33.593+0700] {dag.py:3089} INFO - Sync 1 DAGs
[2024-08-01T19:21:33.601+0700] {logging_mixin.py:188} INFO - [2024-08-01T19:21:33.601+0700] {dag.py:3947} INFO - Setting next_dagrun for aws_s3 to None, run_after=None
[2024-08-01T19:21:33.630+0700] {processor.py:183} INFO - Processing /root/airflow/dags/aws_s3.py took 0.064 seconds
[2024-08-01T19:22:03.990+0700] {processor.py:161} INFO - Started process (PID=5372) to work on /root/airflow/dags/aws_s3.py
[2024-08-01T19:22:03.991+0700] {processor.py:830} INFO - Processing file /root/airflow/dags/aws_s3.py for tasks to queue
[2024-08-01T19:22:03.992+0700] {logging_mixin.py:188} INFO - [2024-08-01T19:22:03.992+0700] {dagbag.py:545} INFO - Filling up the DagBag from /root/airflow/dags/aws_s3.py
[2024-08-01T19:22:03.998+0700] {processor.py:840} INFO - DAG(s) 'aws_s3' retrieved from /root/airflow/dags/aws_s3.py
[2024-08-01T19:22:04.010+0700] {logging_mixin.py:188} INFO - [2024-08-01T19:22:04.010+0700] {dag.py:3089} INFO - Sync 1 DAGs
[2024-08-01T19:22:04.018+0700] {logging_mixin.py:188} INFO - [2024-08-01T19:22:04.018+0700] {dag.py:3947} INFO - Setting next_dagrun for aws_s3 to None, run_after=None
[2024-08-01T19:22:04.048+0700] {processor.py:183} INFO - Processing /root/airflow/dags/aws_s3.py took 0.062 seconds
[2024-08-01T19:22:34.369+0700] {processor.py:161} INFO - Started process (PID=5592) to work on /root/airflow/dags/aws_s3.py
[2024-08-01T19:22:34.370+0700] {processor.py:830} INFO - Processing file /root/airflow/dags/aws_s3.py for tasks to queue
[2024-08-01T19:22:34.372+0700] {logging_mixin.py:188} INFO - [2024-08-01T19:22:34.371+0700] {dagbag.py:545} INFO - Filling up the DagBag from /root/airflow/dags/aws_s3.py
[2024-08-01T19:22:34.377+0700] {processor.py:840} INFO - DAG(s) 'aws_s3' retrieved from /root/airflow/dags/aws_s3.py
[2024-08-01T19:22:34.389+0700] {logging_mixin.py:188} INFO - [2024-08-01T19:22:34.389+0700] {dag.py:3089} INFO - Sync 1 DAGs
[2024-08-01T19:22:34.398+0700] {logging_mixin.py:188} INFO - [2024-08-01T19:22:34.397+0700] {dag.py:3947} INFO - Setting next_dagrun for aws_s3 to None, run_after=None
[2024-08-01T19:22:34.426+0700] {processor.py:183} INFO - Processing /root/airflow/dags/aws_s3.py took 0.061 seconds
[2024-08-01T19:23:04.707+0700] {processor.py:161} INFO - Started process (PID=5807) to work on /root/airflow/dags/aws_s3.py
[2024-08-01T19:23:04.709+0700] {processor.py:830} INFO - Processing file /root/airflow/dags/aws_s3.py for tasks to queue
[2024-08-01T19:23:04.710+0700] {logging_mixin.py:188} INFO - [2024-08-01T19:23:04.710+0700] {dagbag.py:545} INFO - Filling up the DagBag from /root/airflow/dags/aws_s3.py
[2024-08-01T19:23:04.717+0700] {processor.py:840} INFO - DAG(s) 'aws_s3' retrieved from /root/airflow/dags/aws_s3.py
[2024-08-01T19:23:04.733+0700] {logging_mixin.py:188} INFO - [2024-08-01T19:23:04.733+0700] {dag.py:3089} INFO - Sync 1 DAGs
[2024-08-01T19:23:04.742+0700] {logging_mixin.py:188} INFO - [2024-08-01T19:23:04.742+0700] {dag.py:3947} INFO - Setting next_dagrun for aws_s3 to None, run_after=None
[2024-08-01T19:23:04.771+0700] {processor.py:183} INFO - Processing /root/airflow/dags/aws_s3.py took 0.075 seconds
[2024-08-01T19:23:35.021+0700] {processor.py:161} INFO - Started process (PID=6056) to work on /root/airflow/dags/aws_s3.py
[2024-08-01T19:23:35.023+0700] {processor.py:830} INFO - Processing file /root/airflow/dags/aws_s3.py for tasks to queue
[2024-08-01T19:23:35.025+0700] {logging_mixin.py:188} INFO - [2024-08-01T19:23:35.024+0700] {dagbag.py:545} INFO - Filling up the DagBag from /root/airflow/dags/aws_s3.py
[2024-08-01T19:23:35.033+0700] {processor.py:840} INFO - DAG(s) 'aws_s3' retrieved from /root/airflow/dags/aws_s3.py
[2024-08-01T19:23:35.049+0700] {logging_mixin.py:188} INFO - [2024-08-01T19:23:35.049+0700] {dag.py:3089} INFO - Sync 1 DAGs
[2024-08-01T19:23:35.059+0700] {logging_mixin.py:188} INFO - [2024-08-01T19:23:35.059+0700] {dag.py:3947} INFO - Setting next_dagrun for aws_s3 to None, run_after=None
[2024-08-01T19:23:35.097+0700] {processor.py:183} INFO - Processing /root/airflow/dags/aws_s3.py took 0.080 seconds
[2024-08-01T19:24:05.278+0700] {processor.py:161} INFO - Started process (PID=6354) to work on /root/airflow/dags/aws_s3.py
[2024-08-01T19:24:05.279+0700] {processor.py:830} INFO - Processing file /root/airflow/dags/aws_s3.py for tasks to queue
[2024-08-01T19:24:05.280+0700] {logging_mixin.py:188} INFO - [2024-08-01T19:24:05.280+0700] {dagbag.py:545} INFO - Filling up the DagBag from /root/airflow/dags/aws_s3.py
[2024-08-01T19:24:05.287+0700] {processor.py:840} INFO - DAG(s) 'aws_s3' retrieved from /root/airflow/dags/aws_s3.py
[2024-08-01T19:24:05.301+0700] {logging_mixin.py:188} INFO - [2024-08-01T19:24:05.301+0700] {dag.py:3089} INFO - Sync 1 DAGs
[2024-08-01T19:24:05.309+0700] {logging_mixin.py:188} INFO - [2024-08-01T19:24:05.309+0700] {dag.py:3947} INFO - Setting next_dagrun for aws_s3 to None, run_after=None
[2024-08-01T19:24:05.330+0700] {processor.py:183} INFO - Processing /root/airflow/dags/aws_s3.py took 0.057 seconds
[2024-08-01T19:24:35.540+0700] {processor.py:161} INFO - Started process (PID=6568) to work on /root/airflow/dags/aws_s3.py
[2024-08-01T19:24:35.541+0700] {processor.py:830} INFO - Processing file /root/airflow/dags/aws_s3.py for tasks to queue
[2024-08-01T19:24:35.542+0700] {logging_mixin.py:188} INFO - [2024-08-01T19:24:35.542+0700] {dagbag.py:545} INFO - Filling up the DagBag from /root/airflow/dags/aws_s3.py
[2024-08-01T19:24:35.549+0700] {processor.py:840} INFO - DAG(s) 'aws_s3' retrieved from /root/airflow/dags/aws_s3.py
[2024-08-01T19:24:35.565+0700] {logging_mixin.py:188} INFO - [2024-08-01T19:24:35.564+0700] {dag.py:3089} INFO - Sync 1 DAGs
[2024-08-01T19:24:35.575+0700] {logging_mixin.py:188} INFO - [2024-08-01T19:24:35.575+0700] {dag.py:3947} INFO - Setting next_dagrun for aws_s3 to None, run_after=None
[2024-08-01T19:24:35.599+0700] {processor.py:183} INFO - Processing /root/airflow/dags/aws_s3.py took 0.065 seconds
[2024-08-01T19:25:05.824+0700] {processor.py:161} INFO - Started process (PID=6791) to work on /root/airflow/dags/aws_s3.py
[2024-08-01T19:25:05.825+0700] {processor.py:830} INFO - Processing file /root/airflow/dags/aws_s3.py for tasks to queue
[2024-08-01T19:25:05.826+0700] {logging_mixin.py:188} INFO - [2024-08-01T19:25:05.826+0700] {dagbag.py:545} INFO - Filling up the DagBag from /root/airflow/dags/aws_s3.py
[2024-08-01T19:25:05.832+0700] {processor.py:840} INFO - DAG(s) 'aws_s3' retrieved from /root/airflow/dags/aws_s3.py
[2024-08-01T19:25:05.848+0700] {logging_mixin.py:188} INFO - [2024-08-01T19:25:05.848+0700] {dag.py:3089} INFO - Sync 1 DAGs
[2024-08-01T19:25:05.860+0700] {logging_mixin.py:188} INFO - [2024-08-01T19:25:05.860+0700] {dag.py:3947} INFO - Setting next_dagrun for aws_s3 to None, run_after=None
[2024-08-01T19:25:05.887+0700] {processor.py:183} INFO - Processing /root/airflow/dags/aws_s3.py took 0.069 seconds
[2024-08-01T19:25:36.256+0700] {processor.py:161} INFO - Started process (PID=7010) to work on /root/airflow/dags/aws_s3.py
[2024-08-01T19:25:36.259+0700] {processor.py:830} INFO - Processing file /root/airflow/dags/aws_s3.py for tasks to queue
[2024-08-01T19:25:36.261+0700] {logging_mixin.py:188} INFO - [2024-08-01T19:25:36.260+0700] {dagbag.py:545} INFO - Filling up the DagBag from /root/airflow/dags/aws_s3.py
[2024-08-01T19:25:36.267+0700] {processor.py:840} INFO - DAG(s) 'aws_s3' retrieved from /root/airflow/dags/aws_s3.py
[2024-08-01T19:25:36.281+0700] {logging_mixin.py:188} INFO - [2024-08-01T19:25:36.281+0700] {dag.py:3089} INFO - Sync 1 DAGs
[2024-08-01T19:25:36.289+0700] {logging_mixin.py:188} INFO - [2024-08-01T19:25:36.288+0700] {dag.py:3947} INFO - Setting next_dagrun for aws_s3 to None, run_after=None
[2024-08-01T19:25:36.319+0700] {processor.py:183} INFO - Processing /root/airflow/dags/aws_s3.py took 0.068 seconds
[2024-08-01T19:26:06.673+0700] {processor.py:161} INFO - Started process (PID=7224) to work on /root/airflow/dags/aws_s3.py
[2024-08-01T19:26:06.674+0700] {processor.py:830} INFO - Processing file /root/airflow/dags/aws_s3.py for tasks to queue
[2024-08-01T19:26:06.674+0700] {logging_mixin.py:188} INFO - [2024-08-01T19:26:06.674+0700] {dagbag.py:545} INFO - Filling up the DagBag from /root/airflow/dags/aws_s3.py
[2024-08-01T19:26:06.684+0700] {processor.py:840} INFO - DAG(s) 'aws_s3' retrieved from /root/airflow/dags/aws_s3.py
[2024-08-01T19:26:06.706+0700] {logging_mixin.py:188} INFO - [2024-08-01T19:26:06.705+0700] {dag.py:3089} INFO - Sync 1 DAGs
[2024-08-01T19:26:06.721+0700] {logging_mixin.py:188} INFO - [2024-08-01T19:26:06.720+0700] {dag.py:3947} INFO - Setting next_dagrun for aws_s3 to None, run_after=None
[2024-08-01T19:26:06.754+0700] {processor.py:183} INFO - Processing /root/airflow/dags/aws_s3.py took 0.086 seconds
[2024-08-01T19:26:37.093+0700] {processor.py:161} INFO - Started process (PID=7444) to work on /root/airflow/dags/aws_s3.py
[2024-08-01T19:26:37.094+0700] {processor.py:830} INFO - Processing file /root/airflow/dags/aws_s3.py for tasks to queue
[2024-08-01T19:26:37.096+0700] {logging_mixin.py:188} INFO - [2024-08-01T19:26:37.096+0700] {dagbag.py:545} INFO - Filling up the DagBag from /root/airflow/dags/aws_s3.py
[2024-08-01T19:26:37.103+0700] {processor.py:840} INFO - DAG(s) 'aws_s3' retrieved from /root/airflow/dags/aws_s3.py
[2024-08-01T19:26:37.119+0700] {logging_mixin.py:188} INFO - [2024-08-01T19:26:37.119+0700] {dag.py:3089} INFO - Sync 1 DAGs
[2024-08-01T19:26:37.127+0700] {logging_mixin.py:188} INFO - [2024-08-01T19:26:37.127+0700] {dag.py:3947} INFO - Setting next_dagrun for aws_s3 to None, run_after=None
[2024-08-01T19:26:37.155+0700] {processor.py:183} INFO - Processing /root/airflow/dags/aws_s3.py took 0.066 seconds
[2024-08-01T19:27:07.387+0700] {processor.py:161} INFO - Started process (PID=7726) to work on /root/airflow/dags/aws_s3.py
[2024-08-01T19:27:07.389+0700] {processor.py:830} INFO - Processing file /root/airflow/dags/aws_s3.py for tasks to queue
[2024-08-01T19:27:07.389+0700] {logging_mixin.py:188} INFO - [2024-08-01T19:27:07.389+0700] {dagbag.py:545} INFO - Filling up the DagBag from /root/airflow/dags/aws_s3.py
[2024-08-01T19:27:07.396+0700] {processor.py:840} INFO - DAG(s) 'aws_s3' retrieved from /root/airflow/dags/aws_s3.py
[2024-08-01T19:27:07.409+0700] {logging_mixin.py:188} INFO - [2024-08-01T19:27:07.409+0700] {dag.py:3089} INFO - Sync 1 DAGs
[2024-08-01T19:27:07.418+0700] {logging_mixin.py:188} INFO - [2024-08-01T19:27:07.418+0700] {dag.py:3947} INFO - Setting next_dagrun for aws_s3 to None, run_after=None
[2024-08-01T19:27:07.446+0700] {processor.py:183} INFO - Processing /root/airflow/dags/aws_s3.py took 0.063 seconds
[2024-08-01T19:27:19.756+0700] {processor.py:161} INFO - Started process (PID=7864) to work on /root/airflow/dags/aws_s3.py
[2024-08-01T19:27:19.756+0700] {processor.py:830} INFO - Processing file /root/airflow/dags/aws_s3.py for tasks to queue
[2024-08-01T19:27:19.758+0700] {logging_mixin.py:188} INFO - [2024-08-01T19:27:19.757+0700] {dagbag.py:545} INFO - Filling up the DagBag from /root/airflow/dags/aws_s3.py
[2024-08-01T19:27:19.766+0700] {processor.py:840} INFO - DAG(s) 'aws_s3' retrieved from /root/airflow/dags/aws_s3.py
[2024-08-01T19:27:19.870+0700] {logging_mixin.py:188} INFO - [2024-08-01T19:27:19.870+0700] {dag.py:3089} INFO - Sync 1 DAGs
[2024-08-01T19:27:19.878+0700] {logging_mixin.py:188} INFO - [2024-08-01T19:27:19.878+0700] {dag.py:3947} INFO - Setting next_dagrun for aws_s3 to None, run_after=None
[2024-08-01T19:27:19.909+0700] {processor.py:183} INFO - Processing /root/airflow/dags/aws_s3.py took 0.157 seconds
[2024-08-01T19:27:50.605+0700] {processor.py:161} INFO - Started process (PID=8327) to work on /root/airflow/dags/aws_s3.py
[2024-08-01T19:27:50.609+0700] {processor.py:830} INFO - Processing file /root/airflow/dags/aws_s3.py for tasks to queue
[2024-08-01T19:27:50.610+0700] {logging_mixin.py:188} INFO - [2024-08-01T19:27:50.610+0700] {dagbag.py:545} INFO - Filling up the DagBag from /root/airflow/dags/aws_s3.py
[2024-08-01T19:27:50.616+0700] {processor.py:840} INFO - DAG(s) 'aws_s3' retrieved from /root/airflow/dags/aws_s3.py
[2024-08-01T19:27:50.631+0700] {logging_mixin.py:188} INFO - [2024-08-01T19:27:50.630+0700] {dag.py:3089} INFO - Sync 1 DAGs
[2024-08-01T19:27:50.639+0700] {logging_mixin.py:188} INFO - [2024-08-01T19:27:50.639+0700] {dag.py:3947} INFO - Setting next_dagrun for aws_s3 to None, run_after=None
[2024-08-01T19:27:50.666+0700] {processor.py:183} INFO - Processing /root/airflow/dags/aws_s3.py took 0.064 seconds
[2024-08-01T19:28:21.441+0700] {processor.py:161} INFO - Started process (PID=8550) to work on /root/airflow/dags/aws_s3.py
[2024-08-01T19:28:21.443+0700] {processor.py:830} INFO - Processing file /root/airflow/dags/aws_s3.py for tasks to queue
[2024-08-01T19:28:21.445+0700] {logging_mixin.py:188} INFO - [2024-08-01T19:28:21.444+0700] {dagbag.py:545} INFO - Filling up the DagBag from /root/airflow/dags/aws_s3.py
[2024-08-01T19:28:21.451+0700] {processor.py:840} INFO - DAG(s) 'aws_s3' retrieved from /root/airflow/dags/aws_s3.py
[2024-08-01T19:28:21.463+0700] {logging_mixin.py:188} INFO - [2024-08-01T19:28:21.463+0700] {dag.py:3089} INFO - Sync 1 DAGs
[2024-08-01T19:28:21.471+0700] {logging_mixin.py:188} INFO - [2024-08-01T19:28:21.471+0700] {dag.py:3947} INFO - Setting next_dagrun for aws_s3 to None, run_after=None
[2024-08-01T19:28:21.506+0700] {processor.py:183} INFO - Processing /root/airflow/dags/aws_s3.py took 0.068 seconds
[2024-08-01T19:28:51.931+0700] {processor.py:161} INFO - Started process (PID=8766) to work on /root/airflow/dags/aws_s3.py
[2024-08-01T19:28:51.934+0700] {processor.py:830} INFO - Processing file /root/airflow/dags/aws_s3.py for tasks to queue
[2024-08-01T19:28:51.935+0700] {logging_mixin.py:188} INFO - [2024-08-01T19:28:51.935+0700] {dagbag.py:545} INFO - Filling up the DagBag from /root/airflow/dags/aws_s3.py
[2024-08-01T19:28:51.940+0700] {processor.py:840} INFO - DAG(s) 'aws_s3' retrieved from /root/airflow/dags/aws_s3.py
[2024-08-01T19:28:51.953+0700] {logging_mixin.py:188} INFO - [2024-08-01T19:28:51.953+0700] {dag.py:3089} INFO - Sync 1 DAGs
[2024-08-01T19:28:51.961+0700] {logging_mixin.py:188} INFO - [2024-08-01T19:28:51.961+0700] {dag.py:3947} INFO - Setting next_dagrun for aws_s3 to None, run_after=None
[2024-08-01T19:28:51.991+0700] {processor.py:183} INFO - Processing /root/airflow/dags/aws_s3.py took 0.063 seconds
[2024-08-01T19:29:22.128+0700] {processor.py:161} INFO - Started process (PID=8987) to work on /root/airflow/dags/aws_s3.py
[2024-08-01T19:29:22.129+0700] {processor.py:830} INFO - Processing file /root/airflow/dags/aws_s3.py for tasks to queue
[2024-08-01T19:29:22.130+0700] {logging_mixin.py:188} INFO - [2024-08-01T19:29:22.130+0700] {dagbag.py:545} INFO - Filling up the DagBag from /root/airflow/dags/aws_s3.py
[2024-08-01T19:29:22.136+0700] {processor.py:840} INFO - DAG(s) 'aws_s3' retrieved from /root/airflow/dags/aws_s3.py
[2024-08-01T19:29:22.149+0700] {logging_mixin.py:188} INFO - [2024-08-01T19:29:22.148+0700] {dag.py:3089} INFO - Sync 1 DAGs
[2024-08-01T19:29:22.157+0700] {logging_mixin.py:188} INFO - [2024-08-01T19:29:22.157+0700] {dag.py:3947} INFO - Setting next_dagrun for aws_s3 to None, run_after=None
[2024-08-01T19:29:22.187+0700] {processor.py:183} INFO - Processing /root/airflow/dags/aws_s3.py took 0.062 seconds
[2024-08-01T19:29:52.324+0700] {processor.py:161} INFO - Started process (PID=9209) to work on /root/airflow/dags/aws_s3.py
[2024-08-01T19:29:52.325+0700] {processor.py:830} INFO - Processing file /root/airflow/dags/aws_s3.py for tasks to queue
[2024-08-01T19:29:52.326+0700] {logging_mixin.py:188} INFO - [2024-08-01T19:29:52.326+0700] {dagbag.py:545} INFO - Filling up the DagBag from /root/airflow/dags/aws_s3.py
[2024-08-01T19:29:52.332+0700] {processor.py:840} INFO - DAG(s) 'aws_s3' retrieved from /root/airflow/dags/aws_s3.py
[2024-08-01T19:29:52.345+0700] {logging_mixin.py:188} INFO - [2024-08-01T19:29:52.345+0700] {dag.py:3089} INFO - Sync 1 DAGs
[2024-08-01T19:29:52.353+0700] {logging_mixin.py:188} INFO - [2024-08-01T19:29:52.353+0700] {dag.py:3947} INFO - Setting next_dagrun for aws_s3 to None, run_after=None
[2024-08-01T19:29:52.380+0700] {processor.py:183} INFO - Processing /root/airflow/dags/aws_s3.py took 0.060 seconds
[2024-08-01T19:30:22.486+0700] {processor.py:161} INFO - Started process (PID=9424) to work on /root/airflow/dags/aws_s3.py
[2024-08-01T19:30:22.486+0700] {processor.py:830} INFO - Processing file /root/airflow/dags/aws_s3.py for tasks to queue
[2024-08-01T19:30:22.487+0700] {logging_mixin.py:188} INFO - [2024-08-01T19:30:22.487+0700] {dagbag.py:545} INFO - Filling up the DagBag from /root/airflow/dags/aws_s3.py
[2024-08-01T19:30:22.493+0700] {processor.py:840} INFO - DAG(s) 'aws_s3' retrieved from /root/airflow/dags/aws_s3.py
[2024-08-01T19:30:22.505+0700] {logging_mixin.py:188} INFO - [2024-08-01T19:30:22.505+0700] {dag.py:3089} INFO - Sync 1 DAGs
[2024-08-01T19:30:22.513+0700] {logging_mixin.py:188} INFO - [2024-08-01T19:30:22.513+0700] {dag.py:3947} INFO - Setting next_dagrun for aws_s3 to None, run_after=None
[2024-08-01T19:30:22.539+0700] {processor.py:183} INFO - Processing /root/airflow/dags/aws_s3.py took 0.057 seconds
[2024-08-01T19:30:52.688+0700] {processor.py:161} INFO - Started process (PID=9704) to work on /root/airflow/dags/aws_s3.py
[2024-08-01T19:30:52.690+0700] {processor.py:830} INFO - Processing file /root/airflow/dags/aws_s3.py for tasks to queue
[2024-08-01T19:30:52.692+0700] {logging_mixin.py:188} INFO - [2024-08-01T19:30:52.692+0700] {dagbag.py:545} INFO - Filling up the DagBag from /root/airflow/dags/aws_s3.py
[2024-08-01T19:30:52.698+0700] {processor.py:840} INFO - DAG(s) 'aws_s3' retrieved from /root/airflow/dags/aws_s3.py
[2024-08-01T19:30:52.711+0700] {logging_mixin.py:188} INFO - [2024-08-01T19:30:52.710+0700] {dag.py:3089} INFO - Sync 1 DAGs
[2024-08-01T19:30:52.718+0700] {logging_mixin.py:188} INFO - [2024-08-01T19:30:52.718+0700] {dag.py:3947} INFO - Setting next_dagrun for aws_s3 to None, run_after=None
[2024-08-01T19:30:52.748+0700] {processor.py:183} INFO - Processing /root/airflow/dags/aws_s3.py took 0.065 seconds
[2024-08-01T19:31:23.613+0700] {processor.py:161} INFO - Started process (PID=10082) to work on /root/airflow/dags/aws_s3.py
[2024-08-01T19:31:23.615+0700] {processor.py:830} INFO - Processing file /root/airflow/dags/aws_s3.py for tasks to queue
[2024-08-01T19:31:23.617+0700] {logging_mixin.py:188} INFO - [2024-08-01T19:31:23.617+0700] {dagbag.py:545} INFO - Filling up the DagBag from /root/airflow/dags/aws_s3.py
[2024-08-01T19:31:23.622+0700] {processor.py:840} INFO - DAG(s) 'aws_s3' retrieved from /root/airflow/dags/aws_s3.py
[2024-08-01T19:31:23.638+0700] {logging_mixin.py:188} INFO - [2024-08-01T19:31:23.637+0700] {dag.py:3089} INFO - Sync 1 DAGs
[2024-08-01T19:31:23.648+0700] {logging_mixin.py:188} INFO - [2024-08-01T19:31:23.648+0700] {dag.py:3947} INFO - Setting next_dagrun for aws_s3 to None, run_after=None
[2024-08-01T19:31:23.678+0700] {processor.py:183} INFO - Processing /root/airflow/dags/aws_s3.py took 0.070 seconds
[2024-08-01T19:31:53.966+0700] {processor.py:161} INFO - Started process (PID=10421) to work on /root/airflow/dags/aws_s3.py
[2024-08-01T19:31:53.967+0700] {processor.py:830} INFO - Processing file /root/airflow/dags/aws_s3.py for tasks to queue
[2024-08-01T19:31:53.969+0700] {logging_mixin.py:188} INFO - [2024-08-01T19:31:53.968+0700] {dagbag.py:545} INFO - Filling up the DagBag from /root/airflow/dags/aws_s3.py
[2024-08-01T19:31:53.974+0700] {processor.py:840} INFO - DAG(s) 'aws_s3' retrieved from /root/airflow/dags/aws_s3.py
[2024-08-01T19:31:53.987+0700] {logging_mixin.py:188} INFO - [2024-08-01T19:31:53.986+0700] {dag.py:3089} INFO - Sync 1 DAGs
[2024-08-01T19:31:53.995+0700] {logging_mixin.py:188} INFO - [2024-08-01T19:31:53.995+0700] {dag.py:3947} INFO - Setting next_dagrun for aws_s3 to None, run_after=None
[2024-08-01T19:31:54.023+0700] {processor.py:183} INFO - Processing /root/airflow/dags/aws_s3.py took 0.062 seconds
[2024-08-01T19:32:24.405+0700] {processor.py:161} INFO - Started process (PID=10909) to work on /root/airflow/dags/aws_s3.py
[2024-08-01T19:32:24.407+0700] {processor.py:830} INFO - Processing file /root/airflow/dags/aws_s3.py for tasks to queue
[2024-08-01T19:32:24.408+0700] {logging_mixin.py:188} INFO - [2024-08-01T19:32:24.408+0700] {dagbag.py:545} INFO - Filling up the DagBag from /root/airflow/dags/aws_s3.py
[2024-08-01T19:32:24.414+0700] {processor.py:840} INFO - DAG(s) 'aws_s3' retrieved from /root/airflow/dags/aws_s3.py
[2024-08-01T19:32:24.430+0700] {logging_mixin.py:188} INFO - [2024-08-01T19:32:24.429+0700] {dag.py:3089} INFO - Sync 1 DAGs
[2024-08-01T19:32:24.438+0700] {logging_mixin.py:188} INFO - [2024-08-01T19:32:24.438+0700] {dag.py:3947} INFO - Setting next_dagrun for aws_s3 to None, run_after=None
[2024-08-01T19:32:24.459+0700] {processor.py:183} INFO - Processing /root/airflow/dags/aws_s3.py took 0.058 seconds
[2024-08-01T19:32:54.574+0700] {processor.py:161} INFO - Started process (PID=11370) to work on /root/airflow/dags/aws_s3.py
[2024-08-01T19:32:54.577+0700] {processor.py:830} INFO - Processing file /root/airflow/dags/aws_s3.py for tasks to queue
[2024-08-01T19:32:54.578+0700] {logging_mixin.py:188} INFO - [2024-08-01T19:32:54.578+0700] {dagbag.py:545} INFO - Filling up the DagBag from /root/airflow/dags/aws_s3.py
[2024-08-01T19:32:54.584+0700] {processor.py:840} INFO - DAG(s) 'aws_s3' retrieved from /root/airflow/dags/aws_s3.py
[2024-08-01T19:32:54.598+0700] {logging_mixin.py:188} INFO - [2024-08-01T19:32:54.598+0700] {dag.py:3089} INFO - Sync 1 DAGs
[2024-08-01T19:32:54.607+0700] {logging_mixin.py:188} INFO - [2024-08-01T19:32:54.607+0700] {dag.py:3947} INFO - Setting next_dagrun for aws_s3 to None, run_after=None
[2024-08-01T19:32:54.626+0700] {processor.py:183} INFO - Processing /root/airflow/dags/aws_s3.py took 0.056 seconds
[2024-08-01T19:33:24.950+0700] {processor.py:161} INFO - Started process (PID=11709) to work on /root/airflow/dags/aws_s3.py
[2024-08-01T19:33:24.953+0700] {processor.py:830} INFO - Processing file /root/airflow/dags/aws_s3.py for tasks to queue
[2024-08-01T19:33:24.954+0700] {logging_mixin.py:188} INFO - [2024-08-01T19:33:24.954+0700] {dagbag.py:545} INFO - Filling up the DagBag from /root/airflow/dags/aws_s3.py
[2024-08-01T19:33:24.960+0700] {processor.py:840} INFO - DAG(s) 'aws_s3' retrieved from /root/airflow/dags/aws_s3.py
[2024-08-01T19:33:24.973+0700] {logging_mixin.py:188} INFO - [2024-08-01T19:33:24.973+0700] {dag.py:3089} INFO - Sync 1 DAGs
[2024-08-01T19:33:24.981+0700] {logging_mixin.py:188} INFO - [2024-08-01T19:33:24.981+0700] {dag.py:3947} INFO - Setting next_dagrun for aws_s3 to None, run_after=None
[2024-08-01T19:33:24.999+0700] {processor.py:183} INFO - Processing /root/airflow/dags/aws_s3.py took 0.053 seconds
[2024-08-01T19:33:55.468+0700] {processor.py:161} INFO - Started process (PID=12083) to work on /root/airflow/dags/aws_s3.py
[2024-08-01T19:33:55.469+0700] {processor.py:830} INFO - Processing file /root/airflow/dags/aws_s3.py for tasks to queue
[2024-08-01T19:33:55.471+0700] {logging_mixin.py:188} INFO - [2024-08-01T19:33:55.470+0700] {dagbag.py:545} INFO - Filling up the DagBag from /root/airflow/dags/aws_s3.py
[2024-08-01T19:33:55.477+0700] {processor.py:840} INFO - DAG(s) 'aws_s3' retrieved from /root/airflow/dags/aws_s3.py
[2024-08-01T19:33:55.490+0700] {logging_mixin.py:188} INFO - [2024-08-01T19:33:55.489+0700] {dag.py:3089} INFO - Sync 1 DAGs
[2024-08-01T19:33:55.498+0700] {logging_mixin.py:188} INFO - [2024-08-01T19:33:55.498+0700] {dag.py:3947} INFO - Setting next_dagrun for aws_s3 to None, run_after=None
[2024-08-01T19:33:55.517+0700] {processor.py:183} INFO - Processing /root/airflow/dags/aws_s3.py took 0.054 seconds
[2024-08-01T19:34:26.261+0700] {processor.py:161} INFO - Started process (PID=12488) to work on /root/airflow/dags/aws_s3.py
[2024-08-01T19:34:26.264+0700] {processor.py:830} INFO - Processing file /root/airflow/dags/aws_s3.py for tasks to queue
[2024-08-01T19:34:26.265+0700] {logging_mixin.py:188} INFO - [2024-08-01T19:34:26.265+0700] {dagbag.py:545} INFO - Filling up the DagBag from /root/airflow/dags/aws_s3.py
[2024-08-01T19:34:26.272+0700] {processor.py:840} INFO - DAG(s) 'aws_s3' retrieved from /root/airflow/dags/aws_s3.py
[2024-08-01T19:34:26.287+0700] {logging_mixin.py:188} INFO - [2024-08-01T19:34:26.287+0700] {dag.py:3089} INFO - Sync 1 DAGs
[2024-08-01T19:34:26.297+0700] {logging_mixin.py:188} INFO - [2024-08-01T19:34:26.297+0700] {dag.py:3947} INFO - Setting next_dagrun for aws_s3 to None, run_after=None
[2024-08-01T19:34:26.317+0700] {processor.py:183} INFO - Processing /root/airflow/dags/aws_s3.py took 0.060 seconds
[2024-08-01T19:34:56.639+0700] {processor.py:161} INFO - Started process (PID=12709) to work on /root/airflow/dags/aws_s3.py
[2024-08-01T19:34:56.642+0700] {processor.py:830} INFO - Processing file /root/airflow/dags/aws_s3.py for tasks to queue
[2024-08-01T19:34:56.644+0700] {logging_mixin.py:188} INFO - [2024-08-01T19:34:56.643+0700] {dagbag.py:545} INFO - Filling up the DagBag from /root/airflow/dags/aws_s3.py
[2024-08-01T19:34:56.652+0700] {processor.py:840} INFO - DAG(s) 'aws_s3' retrieved from /root/airflow/dags/aws_s3.py
[2024-08-01T19:34:56.673+0700] {logging_mixin.py:188} INFO - [2024-08-01T19:34:56.672+0700] {dag.py:3089} INFO - Sync 1 DAGs
[2024-08-01T19:34:56.684+0700] {logging_mixin.py:188} INFO - [2024-08-01T19:34:56.683+0700] {dag.py:3947} INFO - Setting next_dagrun for aws_s3 to None, run_after=None
[2024-08-01T19:34:56.720+0700] {processor.py:183} INFO - Processing /root/airflow/dags/aws_s3.py took 0.086 seconds
[2024-08-01T19:35:26.983+0700] {processor.py:161} INFO - Started process (PID=12959) to work on /root/airflow/dags/aws_s3.py
[2024-08-01T19:35:26.986+0700] {processor.py:830} INFO - Processing file /root/airflow/dags/aws_s3.py for tasks to queue
[2024-08-01T19:35:26.988+0700] {logging_mixin.py:188} INFO - [2024-08-01T19:35:26.988+0700] {dagbag.py:545} INFO - Filling up the DagBag from /root/airflow/dags/aws_s3.py
[2024-08-01T19:35:26.999+0700] {processor.py:840} INFO - DAG(s) 'aws_s3' retrieved from /root/airflow/dags/aws_s3.py
[2024-08-01T19:35:27.027+0700] {logging_mixin.py:188} INFO - [2024-08-01T19:35:27.026+0700] {dag.py:3089} INFO - Sync 1 DAGs
[2024-08-01T19:35:27.036+0700] {logging_mixin.py:188} INFO - [2024-08-01T19:35:27.036+0700] {dag.py:3947} INFO - Setting next_dagrun for aws_s3 to None, run_after=None
[2024-08-01T19:35:27.067+0700] {processor.py:183} INFO - Processing /root/airflow/dags/aws_s3.py took 0.090 seconds
[2024-08-01T19:35:57.355+0700] {processor.py:161} INFO - Started process (PID=13180) to work on /root/airflow/dags/aws_s3.py
[2024-08-01T19:35:57.356+0700] {processor.py:830} INFO - Processing file /root/airflow/dags/aws_s3.py for tasks to queue
[2024-08-01T19:35:57.359+0700] {logging_mixin.py:188} INFO - [2024-08-01T19:35:57.358+0700] {dagbag.py:545} INFO - Filling up the DagBag from /root/airflow/dags/aws_s3.py
[2024-08-01T19:35:57.371+0700] {processor.py:840} INFO - DAG(s) 'aws_s3' retrieved from /root/airflow/dags/aws_s3.py
[2024-08-01T19:35:57.389+0700] {logging_mixin.py:188} INFO - [2024-08-01T19:35:57.389+0700] {dag.py:3089} INFO - Sync 1 DAGs
[2024-08-01T19:35:57.408+0700] {logging_mixin.py:188} INFO - [2024-08-01T19:35:57.408+0700] {dag.py:3947} INFO - Setting next_dagrun for aws_s3 to None, run_after=None
[2024-08-01T19:35:57.444+0700] {processor.py:183} INFO - Processing /root/airflow/dags/aws_s3.py took 0.095 seconds
[2024-08-01T19:36:27.654+0700] {processor.py:161} INFO - Started process (PID=13399) to work on /root/airflow/dags/aws_s3.py
[2024-08-01T19:36:27.656+0700] {processor.py:830} INFO - Processing file /root/airflow/dags/aws_s3.py for tasks to queue
[2024-08-01T19:36:27.657+0700] {logging_mixin.py:188} INFO - [2024-08-01T19:36:27.657+0700] {dagbag.py:545} INFO - Filling up the DagBag from /root/airflow/dags/aws_s3.py
[2024-08-01T19:36:27.664+0700] {processor.py:840} INFO - DAG(s) 'aws_s3' retrieved from /root/airflow/dags/aws_s3.py
[2024-08-01T19:36:27.681+0700] {logging_mixin.py:188} INFO - [2024-08-01T19:36:27.681+0700] {dag.py:3089} INFO - Sync 1 DAGs
[2024-08-01T19:36:27.692+0700] {logging_mixin.py:188} INFO - [2024-08-01T19:36:27.692+0700] {dag.py:3947} INFO - Setting next_dagrun for aws_s3 to None, run_after=None
[2024-08-01T19:36:27.713+0700] {processor.py:183} INFO - Processing /root/airflow/dags/aws_s3.py took 0.064 seconds
[2024-08-01T19:36:58.134+0700] {processor.py:161} INFO - Started process (PID=13615) to work on /root/airflow/dags/aws_s3.py
[2024-08-01T19:36:58.136+0700] {processor.py:830} INFO - Processing file /root/airflow/dags/aws_s3.py for tasks to queue
[2024-08-01T19:36:58.138+0700] {logging_mixin.py:188} INFO - [2024-08-01T19:36:58.138+0700] {dagbag.py:545} INFO - Filling up the DagBag from /root/airflow/dags/aws_s3.py
[2024-08-01T19:36:58.145+0700] {processor.py:840} INFO - DAG(s) 'aws_s3' retrieved from /root/airflow/dags/aws_s3.py
[2024-08-01T19:36:58.158+0700] {logging_mixin.py:188} INFO - [2024-08-01T19:36:58.158+0700] {dag.py:3089} INFO - Sync 1 DAGs
[2024-08-01T19:36:58.166+0700] {logging_mixin.py:188} INFO - [2024-08-01T19:36:58.166+0700] {dag.py:3947} INFO - Setting next_dagrun for aws_s3 to None, run_after=None
[2024-08-01T19:36:58.184+0700] {processor.py:183} INFO - Processing /root/airflow/dags/aws_s3.py took 0.055 seconds
[2024-08-01T19:37:28.650+0700] {processor.py:161} INFO - Started process (PID=13862) to work on /root/airflow/dags/aws_s3.py
[2024-08-01T19:37:28.653+0700] {processor.py:830} INFO - Processing file /root/airflow/dags/aws_s3.py for tasks to queue
[2024-08-01T19:37:28.655+0700] {logging_mixin.py:188} INFO - [2024-08-01T19:37:28.655+0700] {dagbag.py:545} INFO - Filling up the DagBag from /root/airflow/dags/aws_s3.py
[2024-08-01T19:37:28.662+0700] {processor.py:840} INFO - DAG(s) 'aws_s3' retrieved from /root/airflow/dags/aws_s3.py
[2024-08-01T19:37:28.676+0700] {logging_mixin.py:188} INFO - [2024-08-01T19:37:28.675+0700] {dag.py:3089} INFO - Sync 1 DAGs
[2024-08-01T19:37:28.684+0700] {logging_mixin.py:188} INFO - [2024-08-01T19:37:28.684+0700] {dag.py:3947} INFO - Setting next_dagrun for aws_s3 to None, run_after=None
[2024-08-01T19:37:28.703+0700] {processor.py:183} INFO - Processing /root/airflow/dags/aws_s3.py took 0.059 seconds
[2024-08-01T19:37:59.125+0700] {processor.py:161} INFO - Started process (PID=14084) to work on /root/airflow/dags/aws_s3.py
[2024-08-01T19:37:59.125+0700] {processor.py:830} INFO - Processing file /root/airflow/dags/aws_s3.py for tasks to queue
[2024-08-01T19:37:59.127+0700] {logging_mixin.py:188} INFO - [2024-08-01T19:37:59.126+0700] {dagbag.py:545} INFO - Filling up the DagBag from /root/airflow/dags/aws_s3.py
[2024-08-01T19:37:59.134+0700] {processor.py:840} INFO - DAG(s) 'aws_s3' retrieved from /root/airflow/dags/aws_s3.py
[2024-08-01T19:37:59.147+0700] {logging_mixin.py:188} INFO - [2024-08-01T19:37:59.147+0700] {dag.py:3089} INFO - Sync 1 DAGs
[2024-08-01T19:37:59.155+0700] {logging_mixin.py:188} INFO - [2024-08-01T19:37:59.155+0700] {dag.py:3947} INFO - Setting next_dagrun for aws_s3 to None, run_after=None
[2024-08-01T19:37:59.177+0700] {processor.py:183} INFO - Processing /root/airflow/dags/aws_s3.py took 0.057 seconds
[2024-08-01T19:38:29.598+0700] {processor.py:161} INFO - Started process (PID=14304) to work on /root/airflow/dags/aws_s3.py
[2024-08-01T19:38:29.600+0700] {processor.py:830} INFO - Processing file /root/airflow/dags/aws_s3.py for tasks to queue
[2024-08-01T19:38:29.601+0700] {logging_mixin.py:188} INFO - [2024-08-01T19:38:29.601+0700] {dagbag.py:545} INFO - Filling up the DagBag from /root/airflow/dags/aws_s3.py
[2024-08-01T19:38:29.609+0700] {processor.py:840} INFO - DAG(s) 'aws_s3' retrieved from /root/airflow/dags/aws_s3.py
[2024-08-01T19:38:29.624+0700] {logging_mixin.py:188} INFO - [2024-08-01T19:38:29.624+0700] {dag.py:3089} INFO - Sync 1 DAGs
[2024-08-01T19:38:29.636+0700] {logging_mixin.py:188} INFO - [2024-08-01T19:38:29.635+0700] {dag.py:3947} INFO - Setting next_dagrun for aws_s3 to None, run_after=None
[2024-08-01T19:38:29.660+0700] {processor.py:183} INFO - Processing /root/airflow/dags/aws_s3.py took 0.066 seconds
[2024-08-01T22:18:44.456+0700] {processor.py:161} INFO - Started process (PID=6613) to work on /root/airflow/dags/aws_s3.py
[2024-08-01T22:18:44.458+0700] {processor.py:830} INFO - Processing file /root/airflow/dags/aws_s3.py for tasks to queue
[2024-08-01T22:18:44.460+0700] {logging_mixin.py:188} INFO - [2024-08-01T22:18:44.459+0700] {dagbag.py:545} INFO - Filling up the DagBag from /root/airflow/dags/aws_s3.py
[2024-08-01T22:18:44.466+0700] {processor.py:840} INFO - DAG(s) 'aws_s3' retrieved from /root/airflow/dags/aws_s3.py
[2024-08-01T22:18:44.586+0700] {logging_mixin.py:188} INFO - [2024-08-01T22:18:44.586+0700] {dag.py:3089} INFO - Sync 1 DAGs
[2024-08-01T22:18:44.595+0700] {logging_mixin.py:188} INFO - [2024-08-01T22:18:44.594+0700] {dag.py:3947} INFO - Setting next_dagrun for aws_s3 to None, run_after=None
[2024-08-01T22:18:44.626+0700] {processor.py:183} INFO - Processing /root/airflow/dags/aws_s3.py took 0.173 seconds
[2024-08-01T22:19:14.997+0700] {processor.py:161} INFO - Started process (PID=7115) to work on /root/airflow/dags/aws_s3.py
[2024-08-01T22:19:14.998+0700] {processor.py:830} INFO - Processing file /root/airflow/dags/aws_s3.py for tasks to queue
[2024-08-01T22:19:14.999+0700] {logging_mixin.py:188} INFO - [2024-08-01T22:19:14.999+0700] {dagbag.py:545} INFO - Filling up the DagBag from /root/airflow/dags/aws_s3.py
[2024-08-01T22:19:15.006+0700] {processor.py:840} INFO - DAG(s) 'aws_s3' retrieved from /root/airflow/dags/aws_s3.py
[2024-08-01T22:19:15.019+0700] {logging_mixin.py:188} INFO - [2024-08-01T22:19:15.019+0700] {dag.py:3089} INFO - Sync 1 DAGs
[2024-08-01T22:19:15.026+0700] {logging_mixin.py:188} INFO - [2024-08-01T22:19:15.026+0700] {dag.py:3947} INFO - Setting next_dagrun for aws_s3 to None, run_after=None
[2024-08-01T22:19:15.053+0700] {processor.py:183} INFO - Processing /root/airflow/dags/aws_s3.py took 0.060 seconds
[2024-08-01T22:19:45.195+0700] {processor.py:161} INFO - Started process (PID=7329) to work on /root/airflow/dags/aws_s3.py
[2024-08-01T22:19:45.198+0700] {processor.py:830} INFO - Processing file /root/airflow/dags/aws_s3.py for tasks to queue
[2024-08-01T22:19:45.200+0700] {logging_mixin.py:188} INFO - [2024-08-01T22:19:45.199+0700] {dagbag.py:545} INFO - Filling up the DagBag from /root/airflow/dags/aws_s3.py
[2024-08-01T22:19:45.205+0700] {processor.py:840} INFO - DAG(s) 'aws_s3' retrieved from /root/airflow/dags/aws_s3.py
[2024-08-01T22:19:45.218+0700] {logging_mixin.py:188} INFO - [2024-08-01T22:19:45.217+0700] {dag.py:3089} INFO - Sync 1 DAGs
[2024-08-01T22:19:45.225+0700] {logging_mixin.py:188} INFO - [2024-08-01T22:19:45.225+0700] {dag.py:3947} INFO - Setting next_dagrun for aws_s3 to None, run_after=None
[2024-08-01T22:19:45.255+0700] {processor.py:183} INFO - Processing /root/airflow/dags/aws_s3.py took 0.065 seconds
[2024-08-01T22:20:15.397+0700] {processor.py:161} INFO - Started process (PID=7548) to work on /root/airflow/dags/aws_s3.py
[2024-08-01T22:20:15.398+0700] {processor.py:830} INFO - Processing file /root/airflow/dags/aws_s3.py for tasks to queue
[2024-08-01T22:20:15.400+0700] {logging_mixin.py:188} INFO - [2024-08-01T22:20:15.399+0700] {dagbag.py:545} INFO - Filling up the DagBag from /root/airflow/dags/aws_s3.py
[2024-08-01T22:20:15.407+0700] {processor.py:840} INFO - DAG(s) 'aws_s3' retrieved from /root/airflow/dags/aws_s3.py
[2024-08-01T22:20:15.426+0700] {logging_mixin.py:188} INFO - [2024-08-01T22:20:15.426+0700] {dag.py:3089} INFO - Sync 1 DAGs
[2024-08-01T22:20:15.442+0700] {logging_mixin.py:188} INFO - [2024-08-01T22:20:15.441+0700] {dag.py:3947} INFO - Setting next_dagrun for aws_s3 to None, run_after=None
[2024-08-01T22:20:15.480+0700] {processor.py:183} INFO - Processing /root/airflow/dags/aws_s3.py took 0.088 seconds
[2024-08-01T22:20:46.111+0700] {processor.py:161} INFO - Started process (PID=8002) to work on /root/airflow/dags/aws_s3.py
[2024-08-01T22:20:46.112+0700] {processor.py:830} INFO - Processing file /root/airflow/dags/aws_s3.py for tasks to queue
[2024-08-01T22:20:46.114+0700] {logging_mixin.py:188} INFO - [2024-08-01T22:20:46.113+0700] {dagbag.py:545} INFO - Filling up the DagBag from /root/airflow/dags/aws_s3.py
[2024-08-01T22:20:46.120+0700] {processor.py:840} INFO - DAG(s) 'aws_s3' retrieved from /root/airflow/dags/aws_s3.py
[2024-08-01T22:20:46.134+0700] {logging_mixin.py:188} INFO - [2024-08-01T22:20:46.134+0700] {dag.py:3089} INFO - Sync 1 DAGs
[2024-08-01T22:20:46.145+0700] {logging_mixin.py:188} INFO - [2024-08-01T22:20:46.145+0700] {dag.py:3947} INFO - Setting next_dagrun for aws_s3 to None, run_after=None
[2024-08-01T22:20:46.181+0700] {processor.py:183} INFO - Processing /root/airflow/dags/aws_s3.py took 0.075 seconds
[2024-08-01T22:21:16.432+0700] {processor.py:161} INFO - Started process (PID=8216) to work on /root/airflow/dags/aws_s3.py
[2024-08-01T22:21:16.433+0700] {processor.py:830} INFO - Processing file /root/airflow/dags/aws_s3.py for tasks to queue
[2024-08-01T22:21:16.434+0700] {logging_mixin.py:188} INFO - [2024-08-01T22:21:16.434+0700] {dagbag.py:545} INFO - Filling up the DagBag from /root/airflow/dags/aws_s3.py
[2024-08-01T22:21:16.440+0700] {processor.py:840} INFO - DAG(s) 'aws_s3' retrieved from /root/airflow/dags/aws_s3.py
[2024-08-01T22:21:16.454+0700] {logging_mixin.py:188} INFO - [2024-08-01T22:21:16.454+0700] {dag.py:3089} INFO - Sync 1 DAGs
[2024-08-01T22:21:16.464+0700] {logging_mixin.py:188} INFO - [2024-08-01T22:21:16.464+0700] {dag.py:3947} INFO - Setting next_dagrun for aws_s3 to None, run_after=None
[2024-08-01T22:21:16.491+0700] {processor.py:183} INFO - Processing /root/airflow/dags/aws_s3.py took 0.063 seconds
[2024-08-01T22:21:46.733+0700] {processor.py:161} INFO - Started process (PID=8436) to work on /root/airflow/dags/aws_s3.py
[2024-08-01T22:21:46.737+0700] {processor.py:830} INFO - Processing file /root/airflow/dags/aws_s3.py for tasks to queue
[2024-08-01T22:21:46.739+0700] {logging_mixin.py:188} INFO - [2024-08-01T22:21:46.738+0700] {dagbag.py:545} INFO - Filling up the DagBag from /root/airflow/dags/aws_s3.py
[2024-08-01T22:21:46.746+0700] {processor.py:840} INFO - DAG(s) 'aws_s3' retrieved from /root/airflow/dags/aws_s3.py
[2024-08-01T22:21:46.761+0700] {logging_mixin.py:188} INFO - [2024-08-01T22:21:46.761+0700] {dag.py:3089} INFO - Sync 1 DAGs
[2024-08-01T22:21:46.770+0700] {logging_mixin.py:188} INFO - [2024-08-01T22:21:46.770+0700] {dag.py:3947} INFO - Setting next_dagrun for aws_s3 to None, run_after=None
[2024-08-01T22:21:46.799+0700] {processor.py:183} INFO - Processing /root/airflow/dags/aws_s3.py took 0.070 seconds
[2024-08-01T22:22:17.033+0700] {processor.py:161} INFO - Started process (PID=8656) to work on /root/airflow/dags/aws_s3.py
[2024-08-01T22:22:17.037+0700] {processor.py:830} INFO - Processing file /root/airflow/dags/aws_s3.py for tasks to queue
[2024-08-01T22:22:17.038+0700] {logging_mixin.py:188} INFO - [2024-08-01T22:22:17.038+0700] {dagbag.py:545} INFO - Filling up the DagBag from /root/airflow/dags/aws_s3.py
[2024-08-01T22:22:17.043+0700] {processor.py:840} INFO - DAG(s) 'aws_s3' retrieved from /root/airflow/dags/aws_s3.py
[2024-08-01T22:22:17.059+0700] {logging_mixin.py:188} INFO - [2024-08-01T22:22:17.058+0700] {dag.py:3089} INFO - Sync 1 DAGs
[2024-08-01T22:22:17.066+0700] {logging_mixin.py:188} INFO - [2024-08-01T22:22:17.066+0700] {dag.py:3947} INFO - Setting next_dagrun for aws_s3 to None, run_after=None
[2024-08-01T22:22:17.094+0700] {processor.py:183} INFO - Processing /root/airflow/dags/aws_s3.py took 0.065 seconds
[2024-08-01T22:22:47.201+0700] {processor.py:161} INFO - Started process (PID=8870) to work on /root/airflow/dags/aws_s3.py
[2024-08-01T22:22:47.203+0700] {processor.py:830} INFO - Processing file /root/airflow/dags/aws_s3.py for tasks to queue
[2024-08-01T22:22:47.204+0700] {logging_mixin.py:188} INFO - [2024-08-01T22:22:47.204+0700] {dagbag.py:545} INFO - Filling up the DagBag from /root/airflow/dags/aws_s3.py
[2024-08-01T22:22:47.211+0700] {processor.py:840} INFO - DAG(s) 'aws_s3' retrieved from /root/airflow/dags/aws_s3.py
[2024-08-01T22:22:47.226+0700] {logging_mixin.py:188} INFO - [2024-08-01T22:22:47.226+0700] {dag.py:3089} INFO - Sync 1 DAGs
[2024-08-01T22:22:47.235+0700] {logging_mixin.py:188} INFO - [2024-08-01T22:22:47.235+0700] {dag.py:3947} INFO - Setting next_dagrun for aws_s3 to None, run_after=None
[2024-08-01T22:22:47.263+0700] {processor.py:183} INFO - Processing /root/airflow/dags/aws_s3.py took 0.066 seconds
[2024-08-01T22:23:17.502+0700] {processor.py:161} INFO - Started process (PID=9090) to work on /root/airflow/dags/aws_s3.py
[2024-08-01T22:23:17.505+0700] {processor.py:830} INFO - Processing file /root/airflow/dags/aws_s3.py for tasks to queue
[2024-08-01T22:23:17.506+0700] {logging_mixin.py:188} INFO - [2024-08-01T22:23:17.506+0700] {dagbag.py:545} INFO - Filling up the DagBag from /root/airflow/dags/aws_s3.py
[2024-08-01T22:23:17.512+0700] {processor.py:840} INFO - DAG(s) 'aws_s3' retrieved from /root/airflow/dags/aws_s3.py
[2024-08-01T22:23:17.525+0700] {logging_mixin.py:188} INFO - [2024-08-01T22:23:17.524+0700] {dag.py:3089} INFO - Sync 1 DAGs
[2024-08-01T22:23:17.534+0700] {logging_mixin.py:188} INFO - [2024-08-01T22:23:17.534+0700] {dag.py:3947} INFO - Setting next_dagrun for aws_s3 to None, run_after=None
[2024-08-01T22:23:17.563+0700] {processor.py:183} INFO - Processing /root/airflow/dags/aws_s3.py took 0.065 seconds
[2024-08-01T22:23:47.805+0700] {processor.py:161} INFO - Started process (PID=9338) to work on /root/airflow/dags/aws_s3.py
[2024-08-01T22:23:47.806+0700] {processor.py:830} INFO - Processing file /root/airflow/dags/aws_s3.py for tasks to queue
[2024-08-01T22:23:47.807+0700] {logging_mixin.py:188} INFO - [2024-08-01T22:23:47.807+0700] {dagbag.py:545} INFO - Filling up the DagBag from /root/airflow/dags/aws_s3.py
[2024-08-01T22:23:47.813+0700] {processor.py:840} INFO - DAG(s) 'aws_s3' retrieved from /root/airflow/dags/aws_s3.py
[2024-08-01T22:23:47.828+0700] {logging_mixin.py:188} INFO - [2024-08-01T22:23:47.827+0700] {dag.py:3089} INFO - Sync 1 DAGs
[2024-08-01T22:23:47.843+0700] {logging_mixin.py:188} INFO - [2024-08-01T22:23:47.842+0700] {dag.py:3947} INFO - Setting next_dagrun for aws_s3 to None, run_after=None
[2024-08-01T22:23:47.880+0700] {processor.py:183} INFO - Processing /root/airflow/dags/aws_s3.py took 0.079 seconds
[2024-08-01T22:24:18.158+0700] {processor.py:161} INFO - Started process (PID=9701) to work on /root/airflow/dags/aws_s3.py
[2024-08-01T22:24:18.170+0700] {processor.py:830} INFO - Processing file /root/airflow/dags/aws_s3.py for tasks to queue
[2024-08-01T22:24:18.180+0700] {logging_mixin.py:188} INFO - [2024-08-01T22:24:18.180+0700] {dagbag.py:545} INFO - Filling up the DagBag from /root/airflow/dags/aws_s3.py
[2024-08-01T22:24:18.278+0700] {processor.py:840} INFO - DAG(s) 'aws_s3' retrieved from /root/airflow/dags/aws_s3.py
[2024-08-01T22:24:18.329+0700] {logging_mixin.py:188} INFO - [2024-08-01T22:24:18.329+0700] {dag.py:3089} INFO - Sync 1 DAGs
[2024-08-01T22:24:18.382+0700] {logging_mixin.py:188} INFO - [2024-08-01T22:24:18.381+0700] {dag.py:3947} INFO - Setting next_dagrun for aws_s3 to None, run_after=None
[2024-08-01T22:24:18.505+0700] {processor.py:183} INFO - Processing /root/airflow/dags/aws_s3.py took 0.393 seconds
[2024-08-01T22:24:48.629+0700] {processor.py:161} INFO - Started process (PID=10095) to work on /root/airflow/dags/aws_s3.py
[2024-08-01T22:24:48.631+0700] {processor.py:830} INFO - Processing file /root/airflow/dags/aws_s3.py for tasks to queue
[2024-08-01T22:24:48.639+0700] {logging_mixin.py:188} INFO - [2024-08-01T22:24:48.638+0700] {dagbag.py:545} INFO - Filling up the DagBag from /root/airflow/dags/aws_s3.py
[2024-08-01T22:24:48.658+0700] {processor.py:840} INFO - DAG(s) 'aws_s3' retrieved from /root/airflow/dags/aws_s3.py
[2024-08-01T22:24:48.712+0700] {logging_mixin.py:188} INFO - [2024-08-01T22:24:48.712+0700] {dag.py:3089} INFO - Sync 1 DAGs
[2024-08-01T22:24:48.755+0700] {logging_mixin.py:188} INFO - [2024-08-01T22:24:48.754+0700] {dag.py:3947} INFO - Setting next_dagrun for aws_s3 to None, run_after=None
[2024-08-01T22:24:48.815+0700] {processor.py:183} INFO - Processing /root/airflow/dags/aws_s3.py took 0.227 seconds
[2024-08-01T22:25:19.437+0700] {processor.py:161} INFO - Started process (PID=10245) to work on /root/airflow/dags/aws_s3.py
[2024-08-01T22:25:19.453+0700] {processor.py:830} INFO - Processing file /root/airflow/dags/aws_s3.py for tasks to queue
[2024-08-01T22:25:19.482+0700] {logging_mixin.py:188} INFO - [2024-08-01T22:25:19.472+0700] {dagbag.py:545} INFO - Filling up the DagBag from /root/airflow/dags/aws_s3.py
[2024-08-01T22:25:19.543+0700] {processor.py:840} INFO - DAG(s) 'aws_s3' retrieved from /root/airflow/dags/aws_s3.py
[2024-08-01T22:25:19.667+0700] {logging_mixin.py:188} INFO - [2024-08-01T22:25:19.667+0700] {dag.py:3089} INFO - Sync 1 DAGs
[2024-08-01T22:25:19.728+0700] {logging_mixin.py:188} INFO - [2024-08-01T22:25:19.727+0700] {dag.py:3947} INFO - Setting next_dagrun for aws_s3 to None, run_after=None
[2024-08-01T22:25:19.854+0700] {processor.py:183} INFO - Processing /root/airflow/dags/aws_s3.py took 0.481 seconds
[2024-08-01T22:25:50.148+0700] {processor.py:161} INFO - Started process (PID=10388) to work on /root/airflow/dags/aws_s3.py
[2024-08-01T22:25:50.151+0700] {processor.py:830} INFO - Processing file /root/airflow/dags/aws_s3.py for tasks to queue
[2024-08-01T22:25:50.155+0700] {logging_mixin.py:188} INFO - [2024-08-01T22:25:50.154+0700] {dagbag.py:545} INFO - Filling up the DagBag from /root/airflow/dags/aws_s3.py
[2024-08-01T22:25:50.176+0700] {processor.py:840} INFO - DAG(s) 'aws_s3' retrieved from /root/airflow/dags/aws_s3.py
[2024-08-01T22:25:50.229+0700] {logging_mixin.py:188} INFO - [2024-08-01T22:25:50.229+0700] {dag.py:3089} INFO - Sync 1 DAGs
[2024-08-01T22:25:50.249+0700] {logging_mixin.py:188} INFO - [2024-08-01T22:25:50.249+0700] {dag.py:3947} INFO - Setting next_dagrun for aws_s3 to None, run_after=None
[2024-08-01T22:25:50.327+0700] {processor.py:183} INFO - Processing /root/airflow/dags/aws_s3.py took 0.190 seconds
[2024-08-01T22:26:20.694+0700] {processor.py:161} INFO - Started process (PID=10545) to work on /root/airflow/dags/aws_s3.py
[2024-08-01T22:26:20.697+0700] {processor.py:830} INFO - Processing file /root/airflow/dags/aws_s3.py for tasks to queue
[2024-08-01T22:26:20.703+0700] {logging_mixin.py:188} INFO - [2024-08-01T22:26:20.702+0700] {dagbag.py:545} INFO - Filling up the DagBag from /root/airflow/dags/aws_s3.py
[2024-08-01T22:26:20.741+0700] {processor.py:840} INFO - DAG(s) 'aws_s3' retrieved from /root/airflow/dags/aws_s3.py
[2024-08-01T22:26:20.795+0700] {logging_mixin.py:188} INFO - [2024-08-01T22:26:20.794+0700] {dag.py:3089} INFO - Sync 1 DAGs
[2024-08-01T22:26:20.815+0700] {logging_mixin.py:188} INFO - [2024-08-01T22:26:20.814+0700] {dag.py:3947} INFO - Setting next_dagrun for aws_s3 to None, run_after=None
[2024-08-01T22:26:20.986+0700] {processor.py:183} INFO - Processing /root/airflow/dags/aws_s3.py took 0.318 seconds
[2024-08-01T22:26:51.275+0700] {processor.py:161} INFO - Started process (PID=10776) to work on /root/airflow/dags/aws_s3.py
[2024-08-01T22:26:51.275+0700] {processor.py:830} INFO - Processing file /root/airflow/dags/aws_s3.py for tasks to queue
[2024-08-01T22:26:51.276+0700] {logging_mixin.py:188} INFO - [2024-08-01T22:26:51.276+0700] {dagbag.py:545} INFO - Filling up the DagBag from /root/airflow/dags/aws_s3.py
[2024-08-01T22:26:51.282+0700] {processor.py:840} INFO - DAG(s) 'aws_s3' retrieved from /root/airflow/dags/aws_s3.py
[2024-08-01T22:26:51.303+0700] {logging_mixin.py:188} INFO - [2024-08-01T22:26:51.302+0700] {dag.py:3089} INFO - Sync 1 DAGs
[2024-08-01T22:26:51.316+0700] {logging_mixin.py:188} INFO - [2024-08-01T22:26:51.316+0700] {dag.py:3947} INFO - Setting next_dagrun for aws_s3 to None, run_after=None
[2024-08-01T22:26:51.349+0700] {processor.py:183} INFO - Processing /root/airflow/dags/aws_s3.py took 0.079 seconds
[2024-08-01T22:27:21.598+0700] {processor.py:161} INFO - Started process (PID=11006) to work on /root/airflow/dags/aws_s3.py
[2024-08-01T22:27:21.602+0700] {processor.py:830} INFO - Processing file /root/airflow/dags/aws_s3.py for tasks to queue
[2024-08-01T22:27:21.606+0700] {logging_mixin.py:188} INFO - [2024-08-01T22:27:21.603+0700] {dagbag.py:545} INFO - Filling up the DagBag from /root/airflow/dags/aws_s3.py
[2024-08-01T22:27:21.631+0700] {processor.py:840} INFO - DAG(s) 'aws_s3' retrieved from /root/airflow/dags/aws_s3.py
[2024-08-01T22:27:21.663+0700] {logging_mixin.py:188} INFO - [2024-08-01T22:27:21.663+0700] {dag.py:3089} INFO - Sync 1 DAGs
[2024-08-01T22:27:21.675+0700] {logging_mixin.py:188} INFO - [2024-08-01T22:27:21.675+0700] {dag.py:3947} INFO - Setting next_dagrun for aws_s3 to None, run_after=None
[2024-08-01T22:27:21.710+0700] {processor.py:183} INFO - Processing /root/airflow/dags/aws_s3.py took 0.128 seconds
[2024-08-01T22:27:51.995+0700] {processor.py:161} INFO - Started process (PID=11232) to work on /root/airflow/dags/aws_s3.py
[2024-08-01T22:27:51.996+0700] {processor.py:830} INFO - Processing file /root/airflow/dags/aws_s3.py for tasks to queue
[2024-08-01T22:27:51.998+0700] {logging_mixin.py:188} INFO - [2024-08-01T22:27:51.998+0700] {dagbag.py:545} INFO - Filling up the DagBag from /root/airflow/dags/aws_s3.py
[2024-08-01T22:27:52.005+0700] {processor.py:840} INFO - DAG(s) 'aws_s3' retrieved from /root/airflow/dags/aws_s3.py
[2024-08-01T22:27:52.022+0700] {logging_mixin.py:188} INFO - [2024-08-01T22:27:52.022+0700] {dag.py:3089} INFO - Sync 1 DAGs
[2024-08-01T22:27:52.031+0700] {logging_mixin.py:188} INFO - [2024-08-01T22:27:52.031+0700] {dag.py:3947} INFO - Setting next_dagrun for aws_s3 to None, run_after=None
[2024-08-01T22:27:52.059+0700] {processor.py:183} INFO - Processing /root/airflow/dags/aws_s3.py took 0.069 seconds
[2024-08-01T22:28:22.309+0700] {processor.py:161} INFO - Started process (PID=11451) to work on /root/airflow/dags/aws_s3.py
[2024-08-01T22:28:22.312+0700] {processor.py:830} INFO - Processing file /root/airflow/dags/aws_s3.py for tasks to queue
[2024-08-01T22:28:22.315+0700] {logging_mixin.py:188} INFO - [2024-08-01T22:28:22.314+0700] {dagbag.py:545} INFO - Filling up the DagBag from /root/airflow/dags/aws_s3.py
[2024-08-01T22:28:22.332+0700] {processor.py:840} INFO - DAG(s) 'aws_s3' retrieved from /root/airflow/dags/aws_s3.py
[2024-08-01T22:28:22.352+0700] {logging_mixin.py:188} INFO - [2024-08-01T22:28:22.352+0700] {dag.py:3089} INFO - Sync 1 DAGs
[2024-08-01T22:28:22.362+0700] {logging_mixin.py:188} INFO - [2024-08-01T22:28:22.362+0700] {dag.py:3947} INFO - Setting next_dagrun for aws_s3 to None, run_after=None
[2024-08-01T22:28:22.391+0700] {processor.py:183} INFO - Processing /root/airflow/dags/aws_s3.py took 0.105 seconds
[2024-08-01T22:28:52.700+0700] {processor.py:161} INFO - Started process (PID=11702) to work on /root/airflow/dags/aws_s3.py
[2024-08-01T22:28:52.701+0700] {processor.py:830} INFO - Processing file /root/airflow/dags/aws_s3.py for tasks to queue
[2024-08-01T22:28:52.703+0700] {logging_mixin.py:188} INFO - [2024-08-01T22:28:52.702+0700] {dagbag.py:545} INFO - Filling up the DagBag from /root/airflow/dags/aws_s3.py
[2024-08-01T22:28:52.714+0700] {processor.py:840} INFO - DAG(s) 'aws_s3' retrieved from /root/airflow/dags/aws_s3.py
[2024-08-01T22:28:52.737+0700] {logging_mixin.py:188} INFO - [2024-08-01T22:28:52.737+0700] {dag.py:3089} INFO - Sync 1 DAGs
[2024-08-01T22:28:52.747+0700] {logging_mixin.py:188} INFO - [2024-08-01T22:28:52.747+0700] {dag.py:3947} INFO - Setting next_dagrun for aws_s3 to None, run_after=None
[2024-08-01T22:28:52.779+0700] {processor.py:183} INFO - Processing /root/airflow/dags/aws_s3.py took 0.083 seconds
[2024-08-01T22:29:23.016+0700] {processor.py:161} INFO - Started process (PID=11938) to work on /root/airflow/dags/aws_s3.py
[2024-08-01T22:29:23.017+0700] {processor.py:830} INFO - Processing file /root/airflow/dags/aws_s3.py for tasks to queue
[2024-08-01T22:29:23.019+0700] {logging_mixin.py:188} INFO - [2024-08-01T22:29:23.019+0700] {dagbag.py:545} INFO - Filling up the DagBag from /root/airflow/dags/aws_s3.py
[2024-08-01T22:29:23.028+0700] {processor.py:840} INFO - DAG(s) 'aws_s3' retrieved from /root/airflow/dags/aws_s3.py
[2024-08-01T22:29:23.047+0700] {logging_mixin.py:188} INFO - [2024-08-01T22:29:23.047+0700] {dag.py:3089} INFO - Sync 1 DAGs
[2024-08-01T22:29:23.058+0700] {logging_mixin.py:188} INFO - [2024-08-01T22:29:23.058+0700] {dag.py:3947} INFO - Setting next_dagrun for aws_s3 to None, run_after=None
[2024-08-01T22:29:23.093+0700] {processor.py:183} INFO - Processing /root/airflow/dags/aws_s3.py took 0.083 seconds
[2024-08-01T22:32:06.619+0700] {processor.py:161} INFO - Started process (PID=12491) to work on /root/airflow/dags/aws_s3.py
[2024-08-01T22:32:06.620+0700] {processor.py:830} INFO - Processing file /root/airflow/dags/aws_s3.py for tasks to queue
[2024-08-01T22:32:06.622+0700] {logging_mixin.py:188} INFO - [2024-08-01T22:32:06.621+0700] {dagbag.py:545} INFO - Filling up the DagBag from /root/airflow/dags/aws_s3.py
[2024-08-01T22:32:06.629+0700] {processor.py:840} INFO - DAG(s) 'aws_s3' retrieved from /root/airflow/dags/aws_s3.py
[2024-08-01T22:32:06.666+0700] {logging_mixin.py:188} INFO - [2024-08-01T22:32:06.666+0700] {dag.py:3089} INFO - Sync 1 DAGs
[2024-08-01T22:32:06.682+0700] {logging_mixin.py:188} INFO - [2024-08-01T22:32:06.681+0700] {dag.py:3947} INFO - Setting next_dagrun for aws_s3 to None, run_after=None
[2024-08-01T22:32:06.726+0700] {processor.py:183} INFO - Processing /root/airflow/dags/aws_s3.py took 0.115 seconds
[2024-08-01T22:32:37.144+0700] {processor.py:161} INFO - Started process (PID=12817) to work on /root/airflow/dags/aws_s3.py
[2024-08-01T22:32:37.146+0700] {processor.py:830} INFO - Processing file /root/airflow/dags/aws_s3.py for tasks to queue
[2024-08-01T22:32:37.146+0700] {logging_mixin.py:188} INFO - [2024-08-01T22:32:37.146+0700] {dagbag.py:545} INFO - Filling up the DagBag from /root/airflow/dags/aws_s3.py
[2024-08-01T22:32:37.169+0700] {processor.py:840} INFO - DAG(s) 'aws_s3' retrieved from /root/airflow/dags/aws_s3.py
[2024-08-01T22:32:37.221+0700] {logging_mixin.py:188} INFO - [2024-08-01T22:32:37.221+0700] {dag.py:3089} INFO - Sync 1 DAGs
[2024-08-01T22:32:37.250+0700] {logging_mixin.py:188} INFO - [2024-08-01T22:32:37.250+0700] {dag.py:3947} INFO - Setting next_dagrun for aws_s3 to None, run_after=None
[2024-08-01T22:32:37.288+0700] {processor.py:183} INFO - Processing /root/airflow/dags/aws_s3.py took 0.148 seconds
[2024-08-01T22:33:07.397+0700] {processor.py:161} INFO - Started process (PID=12951) to work on /root/airflow/dags/aws_s3.py
[2024-08-01T22:33:07.399+0700] {processor.py:830} INFO - Processing file /root/airflow/dags/aws_s3.py for tasks to queue
[2024-08-01T22:33:07.399+0700] {logging_mixin.py:188} INFO - [2024-08-01T22:33:07.399+0700] {dagbag.py:545} INFO - Filling up the DagBag from /root/airflow/dags/aws_s3.py
[2024-08-01T22:33:07.403+0700] {processor.py:840} INFO - DAG(s) 'aws_s3' retrieved from /root/airflow/dags/aws_s3.py
[2024-08-01T22:33:07.417+0700] {logging_mixin.py:188} INFO - [2024-08-01T22:33:07.417+0700] {dag.py:3089} INFO - Sync 1 DAGs
[2024-08-01T22:33:07.426+0700] {logging_mixin.py:188} INFO - [2024-08-01T22:33:07.426+0700] {dag.py:3947} INFO - Setting next_dagrun for aws_s3 to None, run_after=None
[2024-08-01T22:33:07.458+0700] {processor.py:183} INFO - Processing /root/airflow/dags/aws_s3.py took 0.064 seconds
[2024-08-01T22:33:38.444+0700] {processor.py:161} INFO - Started process (PID=13129) to work on /root/airflow/dags/aws_s3.py
[2024-08-01T22:33:38.446+0700] {processor.py:830} INFO - Processing file /root/airflow/dags/aws_s3.py for tasks to queue
[2024-08-01T22:33:38.448+0700] {logging_mixin.py:188} INFO - [2024-08-01T22:33:38.447+0700] {dagbag.py:545} INFO - Filling up the DagBag from /root/airflow/dags/aws_s3.py
[2024-08-01T22:33:38.458+0700] {processor.py:840} INFO - DAG(s) 'aws_s3' retrieved from /root/airflow/dags/aws_s3.py
[2024-08-01T22:33:38.506+0700] {logging_mixin.py:188} INFO - [2024-08-01T22:33:38.505+0700] {dag.py:3089} INFO - Sync 1 DAGs
[2024-08-01T22:33:38.523+0700] {logging_mixin.py:188} INFO - [2024-08-01T22:33:38.523+0700] {dag.py:3947} INFO - Setting next_dagrun for aws_s3 to None, run_after=None
[2024-08-01T22:33:38.587+0700] {processor.py:183} INFO - Processing /root/airflow/dags/aws_s3.py took 0.172 seconds
[2024-08-01T22:34:09.959+0700] {processor.py:161} INFO - Started process (PID=13300) to work on /root/airflow/dags/aws_s3.py
[2024-08-01T22:34:09.961+0700] {processor.py:830} INFO - Processing file /root/airflow/dags/aws_s3.py for tasks to queue
[2024-08-01T22:34:09.963+0700] {logging_mixin.py:188} INFO - [2024-08-01T22:34:09.963+0700] {dagbag.py:545} INFO - Filling up the DagBag from /root/airflow/dags/aws_s3.py
[2024-08-01T22:34:09.978+0700] {processor.py:840} INFO - DAG(s) 'aws_s3' retrieved from /root/airflow/dags/aws_s3.py
[2024-08-01T22:34:10.019+0700] {logging_mixin.py:188} INFO - [2024-08-01T22:34:10.019+0700] {dag.py:3089} INFO - Sync 1 DAGs
[2024-08-01T22:34:10.037+0700] {logging_mixin.py:188} INFO - [2024-08-01T22:34:10.037+0700] {dag.py:3947} INFO - Setting next_dagrun for aws_s3 to None, run_after=None
[2024-08-01T22:34:10.076+0700] {processor.py:183} INFO - Processing /root/airflow/dags/aws_s3.py took 0.124 seconds
[2024-08-01T22:34:41.099+0700] {processor.py:161} INFO - Started process (PID=13457) to work on /root/airflow/dags/aws_s3.py
[2024-08-01T22:34:41.101+0700] {processor.py:830} INFO - Processing file /root/airflow/dags/aws_s3.py for tasks to queue
[2024-08-01T22:34:41.102+0700] {logging_mixin.py:188} INFO - [2024-08-01T22:34:41.102+0700] {dagbag.py:545} INFO - Filling up the DagBag from /root/airflow/dags/aws_s3.py
[2024-08-01T22:34:41.107+0700] {processor.py:840} INFO - DAG(s) 'aws_s3' retrieved from /root/airflow/dags/aws_s3.py
[2024-08-01T22:34:41.124+0700] {logging_mixin.py:188} INFO - [2024-08-01T22:34:41.123+0700] {dag.py:3089} INFO - Sync 1 DAGs
[2024-08-01T22:34:41.133+0700] {logging_mixin.py:188} INFO - [2024-08-01T22:34:41.133+0700] {dag.py:3947} INFO - Setting next_dagrun for aws_s3 to None, run_after=None
[2024-08-01T22:34:41.162+0700] {processor.py:183} INFO - Processing /root/airflow/dags/aws_s3.py took 0.067 seconds
