[2024-08-03T17:01:09.877+0700] {local_task_job_runner.py:120} INFO - ::group::Pre task execution logs
[2024-08-03T17:01:09.889+0700] {taskinstance.py:2076} INFO - Dependencies all met for dep_context=non-requeueable deps ti=<TaskInstance: data_pipeline_supermarket_2.copy_table_dim_products manual__2024-08-03T09:57:39.902554+00:00 [queued]>
[2024-08-03T17:01:09.896+0700] {taskinstance.py:2076} INFO - Dependencies all met for dep_context=requeueable deps ti=<TaskInstance: data_pipeline_supermarket_2.copy_table_dim_products manual__2024-08-03T09:57:39.902554+00:00 [queued]>
[2024-08-03T17:01:09.896+0700] {taskinstance.py:2306} INFO - Starting attempt 1 of 2
[2024-08-03T17:01:09.918+0700] {taskinstance.py:2330} INFO - Executing <Task(PostgresOperator): copy_table_dim_products> on 2024-08-03 09:57:39.902554+00:00
[2024-08-03T17:01:09.922+0700] {standard_task_runner.py:64} INFO - Started process 3648 to run task
[2024-08-03T17:01:09.925+0700] {standard_task_runner.py:90} INFO - Running: ['airflow', 'tasks', 'run', 'data_pipeline_supermarket_2', 'copy_table_dim_products', 'manual__2024-08-03T09:57:39.902554+00:00', '--job-id', '287', '--raw', '--subdir', 'DAGS_FOLDER/data_pipeline_supermarket_2.py', '--cfg-path', '/tmp/tmpj80r1ycw']
[2024-08-03T17:01:09.926+0700] {standard_task_runner.py:91} INFO - Job 287: Subtask copy_table_dim_products
[2024-08-03T17:01:09.963+0700] {task_command.py:426} INFO - Running <TaskInstance: data_pipeline_supermarket_2.copy_table_dim_products manual__2024-08-03T09:57:39.902554+00:00 [running]> on host DESKTOP-RHVHV7A.
[2024-08-03T17:01:10.040+0700] {taskinstance.py:2648} INFO - Exporting env vars: AIRFLOW_CTX_DAG_OWNER='airflow' AIRFLOW_CTX_DAG_ID='data_pipeline_supermarket_2' AIRFLOW_CTX_TASK_ID='copy_table_dim_products' AIRFLOW_CTX_EXECUTION_DATE='2024-08-03T09:57:39.902554+00:00' AIRFLOW_CTX_TRY_NUMBER='1' AIRFLOW_CTX_DAG_RUN_ID='manual__2024-08-03T09:57:39.902554+00:00'
[2024-08-03T17:01:10.041+0700] {taskinstance.py:430} INFO - ::endgroup::
[2024-08-03T17:01:10.050+0700] {sql.py:282} INFO - Executing: 
        SET search_path TO supermarket;
        COPY dim_products TO 'F:/AllCode/Data Engineer/data_processed/supermarket/dim_products.csv' CSV HEADER;
        
[2024-08-03T17:01:10.054+0700] {base.py:84} INFO - Using connection ID 'postgres_supermarket' for task execution.
[2024-08-03T17:01:10.075+0700] {base.py:84} INFO - Using connection ID 'postgres_supermarket' for task execution.
[2024-08-03T17:01:10.111+0700] {sql.py:495} INFO - Running statement: 
        SET search_path TO supermarket;
        COPY dim_products TO 'F:/AllCode/Data Engineer/data_processed/supermarket/dim_products.csv' CSV HEADER;
        , parameters: None
[2024-08-03T17:01:10.153+0700] {sql.py:504} INFO - Rows affected: 49688
[2024-08-03T17:01:10.154+0700] {taskinstance.py:441} INFO - ::group::Post task execution logs
[2024-08-03T17:01:10.159+0700] {taskinstance.py:1206} INFO - Marking task as SUCCESS. dag_id=data_pipeline_supermarket_2, task_id=copy_table_dim_products, run_id=manual__2024-08-03T09:57:39.902554+00:00, execution_date=20240803T095739, start_date=20240803T100109, end_date=20240803T100110
[2024-08-03T17:01:10.218+0700] {local_task_job_runner.py:243} INFO - Task exited with return code 0
[2024-08-03T17:01:10.227+0700] {logging_mixin.py:188} WARNING - /usr/local/lib/python3.10/dist-packages/airflow/models/baseoperator.py:1297 AirflowProviderDeprecationWarning: Call to deprecated class PostgresOperator. (Please use `airflow.providers.common.sql.operators.sql.SQLExecuteQueryOperator`.Also, you can provide `hook_params={'schema': <database>}`.)
[2024-08-03T17:01:10.239+0700] {taskinstance.py:3503} INFO - 1 downstream tasks scheduled from follow-on schedule check
[2024-08-03T17:01:10.252+0700] {local_task_job_runner.py:222} INFO - ::endgroup::
