[2024-08-03T17:01:12.079+0700] {local_task_job_runner.py:120} INFO - ::group::Pre task execution logs
[2024-08-03T17:01:12.089+0700] {taskinstance.py:2076} INFO - Dependencies all met for dep_context=non-requeueable deps ti=<TaskInstance: data_pipeline_supermarket_2.copy_table_dim_departments manual__2024-08-03T09:57:39.902554+00:00 [queued]>
[2024-08-03T17:01:12.096+0700] {taskinstance.py:2076} INFO - Dependencies all met for dep_context=requeueable deps ti=<TaskInstance: data_pipeline_supermarket_2.copy_table_dim_departments manual__2024-08-03T09:57:39.902554+00:00 [queued]>
[2024-08-03T17:01:12.097+0700] {taskinstance.py:2306} INFO - Starting attempt 1 of 2
[2024-08-03T17:01:12.122+0700] {taskinstance.py:2330} INFO - Executing <Task(PostgresOperator): copy_table_dim_departments> on 2024-08-03 09:57:39.902554+00:00
[2024-08-03T17:01:12.125+0700] {standard_task_runner.py:64} INFO - Started process 3660 to run task
[2024-08-03T17:01:12.127+0700] {standard_task_runner.py:90} INFO - Running: ['airflow', 'tasks', 'run', 'data_pipeline_supermarket_2', 'copy_table_dim_departments', 'manual__2024-08-03T09:57:39.902554+00:00', '--job-id', '288', '--raw', '--subdir', 'DAGS_FOLDER/data_pipeline_supermarket_2.py', '--cfg-path', '/tmp/tmpw6ry3s14']
[2024-08-03T17:01:12.128+0700] {standard_task_runner.py:91} INFO - Job 288: Subtask copy_table_dim_departments
[2024-08-03T17:01:12.163+0700] {task_command.py:426} INFO - Running <TaskInstance: data_pipeline_supermarket_2.copy_table_dim_departments manual__2024-08-03T09:57:39.902554+00:00 [running]> on host DESKTOP-RHVHV7A.
[2024-08-03T17:01:12.239+0700] {taskinstance.py:2648} INFO - Exporting env vars: AIRFLOW_CTX_DAG_OWNER='airflow' AIRFLOW_CTX_DAG_ID='data_pipeline_supermarket_2' AIRFLOW_CTX_TASK_ID='copy_table_dim_departments' AIRFLOW_CTX_EXECUTION_DATE='2024-08-03T09:57:39.902554+00:00' AIRFLOW_CTX_TRY_NUMBER='1' AIRFLOW_CTX_DAG_RUN_ID='manual__2024-08-03T09:57:39.902554+00:00'
[2024-08-03T17:01:12.239+0700] {taskinstance.py:430} INFO - ::endgroup::
[2024-08-03T17:01:12.251+0700] {sql.py:282} INFO - Executing: 
        SET search_path TO supermarket;
        COPY dim_departments TO 'F:/AllCode/Data Engineer/data_processed/supermarket/dim_departments.csv' CSV HEADER;
        
[2024-08-03T17:01:12.254+0700] {base.py:84} INFO - Using connection ID 'postgres_supermarket' for task execution.
[2024-08-03T17:01:12.271+0700] {base.py:84} INFO - Using connection ID 'postgres_supermarket' for task execution.
[2024-08-03T17:01:12.306+0700] {sql.py:495} INFO - Running statement: 
        SET search_path TO supermarket;
        COPY dim_departments TO 'F:/AllCode/Data Engineer/data_processed/supermarket/dim_departments.csv' CSV HEADER;
        , parameters: None
[2024-08-03T17:01:12.309+0700] {sql.py:504} INFO - Rows affected: 21
[2024-08-03T17:01:12.310+0700] {taskinstance.py:441} INFO - ::group::Post task execution logs
[2024-08-03T17:01:12.315+0700] {taskinstance.py:1206} INFO - Marking task as SUCCESS. dag_id=data_pipeline_supermarket_2, task_id=copy_table_dim_departments, run_id=manual__2024-08-03T09:57:39.902554+00:00, execution_date=20240803T095739, start_date=20240803T100112, end_date=20240803T100112
[2024-08-03T17:01:12.339+0700] {local_task_job_runner.py:243} INFO - Task exited with return code 0
[2024-08-03T17:01:12.350+0700] {logging_mixin.py:188} WARNING - /usr/local/lib/python3.10/dist-packages/airflow/models/baseoperator.py:1297 AirflowProviderDeprecationWarning: Call to deprecated class PostgresOperator. (Please use `airflow.providers.common.sql.operators.sql.SQLExecuteQueryOperator`.Also, you can provide `hook_params={'schema': <database>}`.)
[2024-08-03T17:01:12.360+0700] {taskinstance.py:3503} INFO - 1 downstream tasks scheduled from follow-on schedule check
[2024-08-03T17:01:12.375+0700] {local_task_job_runner.py:222} INFO - ::endgroup::
