[2024-08-03T17:01:14.085+0700] {local_task_job_runner.py:120} INFO - ::group::Pre task execution logs
[2024-08-03T17:01:14.096+0700] {taskinstance.py:2076} INFO - Dependencies all met for dep_context=non-requeueable deps ti=<TaskInstance: data_pipeline_supermarket_2.copy_table_dim_aisles manual__2024-08-03T09:57:39.902554+00:00 [queued]>
[2024-08-03T17:01:14.102+0700] {taskinstance.py:2076} INFO - Dependencies all met for dep_context=requeueable deps ti=<TaskInstance: data_pipeline_supermarket_2.copy_table_dim_aisles manual__2024-08-03T09:57:39.902554+00:00 [queued]>
[2024-08-03T17:01:14.102+0700] {taskinstance.py:2306} INFO - Starting attempt 1 of 2
[2024-08-03T17:01:14.127+0700] {taskinstance.py:2330} INFO - Executing <Task(PostgresOperator): copy_table_dim_aisles> on 2024-08-03 09:57:39.902554+00:00
[2024-08-03T17:01:14.129+0700] {standard_task_runner.py:64} INFO - Started process 3669 to run task
[2024-08-03T17:01:14.133+0700] {standard_task_runner.py:90} INFO - Running: ['airflow', 'tasks', 'run', 'data_pipeline_supermarket_2', 'copy_table_dim_aisles', 'manual__2024-08-03T09:57:39.902554+00:00', '--job-id', '289', '--raw', '--subdir', 'DAGS_FOLDER/data_pipeline_supermarket_2.py', '--cfg-path', '/tmp/tmpjbftiug1']
[2024-08-03T17:01:14.136+0700] {standard_task_runner.py:91} INFO - Job 289: Subtask copy_table_dim_aisles
[2024-08-03T17:01:14.169+0700] {task_command.py:426} INFO - Running <TaskInstance: data_pipeline_supermarket_2.copy_table_dim_aisles manual__2024-08-03T09:57:39.902554+00:00 [running]> on host DESKTOP-RHVHV7A.
[2024-08-03T17:01:14.245+0700] {taskinstance.py:2648} INFO - Exporting env vars: AIRFLOW_CTX_DAG_OWNER='airflow' AIRFLOW_CTX_DAG_ID='data_pipeline_supermarket_2' AIRFLOW_CTX_TASK_ID='copy_table_dim_aisles' AIRFLOW_CTX_EXECUTION_DATE='2024-08-03T09:57:39.902554+00:00' AIRFLOW_CTX_TRY_NUMBER='1' AIRFLOW_CTX_DAG_RUN_ID='manual__2024-08-03T09:57:39.902554+00:00'
[2024-08-03T17:01:14.246+0700] {taskinstance.py:430} INFO - ::endgroup::
[2024-08-03T17:01:14.256+0700] {sql.py:282} INFO - Executing: 
        SET search_path TO supermarket;
        COPY dim_aisles TO 'F:/AllCode/Data Engineer/data_processed/supermarket/dim_aisles.csv' CSV HEADER;
        
[2024-08-03T17:01:14.260+0700] {base.py:84} INFO - Using connection ID 'postgres_supermarket' for task execution.
[2024-08-03T17:01:14.278+0700] {base.py:84} INFO - Using connection ID 'postgres_supermarket' for task execution.
[2024-08-03T17:01:14.423+0700] {sql.py:495} INFO - Running statement: 
        SET search_path TO supermarket;
        COPY dim_aisles TO 'F:/AllCode/Data Engineer/data_processed/supermarket/dim_aisles.csv' CSV HEADER;
        , parameters: None
[2024-08-03T17:01:14.427+0700] {sql.py:504} INFO - Rows affected: 134
[2024-08-03T17:01:14.428+0700] {taskinstance.py:441} INFO - ::group::Post task execution logs
[2024-08-03T17:01:14.432+0700] {taskinstance.py:1206} INFO - Marking task as SUCCESS. dag_id=data_pipeline_supermarket_2, task_id=copy_table_dim_aisles, run_id=manual__2024-08-03T09:57:39.902554+00:00, execution_date=20240803T095739, start_date=20240803T100114, end_date=20240803T100114
[2024-08-03T17:01:14.466+0700] {local_task_job_runner.py:243} INFO - Task exited with return code 0
[2024-08-03T17:01:14.475+0700] {logging_mixin.py:188} WARNING - /usr/local/lib/python3.10/dist-packages/airflow/models/baseoperator.py:1297 AirflowProviderDeprecationWarning: Call to deprecated class PostgresOperator. (Please use `airflow.providers.common.sql.operators.sql.SQLExecuteQueryOperator`.Also, you can provide `hook_params={'schema': <database>}`.)
[2024-08-03T17:01:14.492+0700] {taskinstance.py:3503} INFO - 1 downstream tasks scheduled from follow-on schedule check
[2024-08-03T17:01:14.506+0700] {local_task_job_runner.py:222} INFO - ::endgroup::
