[2024-07-27T22:36:23.002+0700] {local_task_job_runner.py:120} INFO - ::group::Pre task execution logs
[2024-07-27T22:36:23.020+0700] {taskinstance.py:2076} INFO - Dependencies all met for dep_context=non-requeueable deps ti=<TaskInstance: example_postgres_dag.select_data manual__2024-07-27T15:34:44.461787+00:00 [queued]>
[2024-07-27T22:36:23.027+0700] {taskinstance.py:2076} INFO - Dependencies all met for dep_context=requeueable deps ti=<TaskInstance: example_postgres_dag.select_data manual__2024-07-27T15:34:44.461787+00:00 [queued]>
[2024-07-27T22:36:23.028+0700] {taskinstance.py:2306} INFO - Starting attempt 1 of 1
[2024-07-27T22:36:23.044+0700] {taskinstance.py:2330} INFO - Executing <Task(PostgresOperator): select_data> on 2024-07-27 15:34:44.461787+00:00
[2024-07-27T22:36:23.047+0700] {standard_task_runner.py:64} INFO - Started process 39708 to run task
[2024-07-27T22:36:23.050+0700] {standard_task_runner.py:90} INFO - Running: ['airflow', 'tasks', 'run', 'example_postgres_dag', 'select_data', 'manual__2024-07-27T15:34:44.461787+00:00', '--job-id', '15', '--raw', '--subdir', 'DAGS_FOLDER/example_postgres_dag.py.py', '--cfg-path', '/tmp/tmp0942h4x8']
[2024-07-27T22:36:23.051+0700] {standard_task_runner.py:91} INFO - Job 15: Subtask select_data
[2024-07-27T22:36:23.083+0700] {task_command.py:426} INFO - Running <TaskInstance: example_postgres_dag.select_data manual__2024-07-27T15:34:44.461787+00:00 [running]> on host DESKTOP-RHVHV7A.
[2024-07-27T22:36:23.142+0700] {taskinstance.py:2648} INFO - Exporting env vars: AIRFLOW_CTX_DAG_OWNER='airflow' AIRFLOW_CTX_DAG_ID='example_postgres_dag' AIRFLOW_CTX_TASK_ID='select_data' AIRFLOW_CTX_EXECUTION_DATE='2024-07-27T15:34:44.461787+00:00' AIRFLOW_CTX_TRY_NUMBER='1' AIRFLOW_CTX_DAG_RUN_ID='manual__2024-07-27T15:34:44.461787+00:00'
[2024-07-27T22:36:23.142+0700] {taskinstance.py:430} INFO - ::endgroup::
[2024-07-27T22:36:23.153+0700] {sql.py:282} INFO - Executing: 
    SELECT * FROM example_table;
    
[2024-07-27T22:36:23.157+0700] {base.py:84} INFO - Using connection ID 'postgres_supermarket' for task execution.
[2024-07-27T22:36:23.174+0700] {base.py:84} INFO - Using connection ID 'postgres_supermarket' for task execution.
[2024-07-27T22:36:23.207+0700] {sql.py:495} INFO - Running statement: 
    SELECT * FROM example_table;
    , parameters: None
[2024-07-27T22:36:23.211+0700] {sql.py:504} INFO - Rows affected: 2
[2024-07-27T22:36:23.212+0700] {taskinstance.py:441} INFO - ::group::Post task execution logs
[2024-07-27T22:36:23.248+0700] {taskinstance.py:1206} INFO - Marking task as SUCCESS. dag_id=example_postgres_dag, task_id=select_data, run_id=manual__2024-07-27T15:34:44.461787+00:00, execution_date=20240727T153444, start_date=20240727T153623, end_date=20240727T153623
[2024-07-27T22:36:23.303+0700] {local_task_job_runner.py:243} INFO - Task exited with return code 0
[2024-07-27T22:36:23.312+0700] {logging_mixin.py:188} WARNING - /usr/local/lib/python3.10/dist-packages/airflow/models/baseoperator.py:1297 AirflowProviderDeprecationWarning: Call to deprecated class PostgresOperator. (Please use `airflow.providers.common.sql.operators.sql.SQLExecuteQueryOperator`.Also, you can provide `hook_params={'schema': <database>}`.)
[2024-07-27T22:36:23.318+0700] {taskinstance.py:3503} INFO - 0 downstream tasks scheduled from follow-on schedule check
[2024-07-27T22:36:23.319+0700] {local_task_job_runner.py:222} INFO - ::endgroup::
