[2024-07-31T10:21:25.740+0700] {processor.py:161} INFO - Started process (PID=5618) to work on /root/airflow/dags/example_postgres_dag.py
[2024-07-31T10:21:25.741+0700] {processor.py:830} INFO - Processing file /root/airflow/dags/example_postgres_dag.py for tasks to queue
[2024-07-31T10:21:25.743+0700] {logging_mixin.py:188} INFO - [2024-07-31T10:21:25.742+0700] {dagbag.py:545} INFO - Filling up the DagBag from /root/airflow/dags/example_postgres_dag.py
[2024-07-31T10:21:25.870+0700] {processor.py:840} INFO - DAG(s) 'example_postgres_dag' retrieved from /root/airflow/dags/example_postgres_dag.py
[2024-07-31T10:21:25.936+0700] {logging_mixin.py:188} INFO - [2024-07-31T10:21:25.936+0700] {dag.py:3089} INFO - Sync 1 DAGs
[2024-07-31T10:21:25.943+0700] {logging_mixin.py:188} INFO - [2024-07-31T10:21:25.943+0700] {dag.py:3947} INFO - Setting next_dagrun for example_postgres_dag to None, run_after=None
[2024-07-31T10:21:25.972+0700] {processor.py:183} INFO - Processing /root/airflow/dags/example_postgres_dag.py took 0.236 seconds
[2024-07-31T10:21:56.308+0700] {processor.py:161} INFO - Started process (PID=5950) to work on /root/airflow/dags/example_postgres_dag.py
[2024-07-31T10:21:56.309+0700] {processor.py:830} INFO - Processing file /root/airflow/dags/example_postgres_dag.py for tasks to queue
[2024-07-31T10:21:56.310+0700] {logging_mixin.py:188} INFO - [2024-07-31T10:21:56.310+0700] {dagbag.py:545} INFO - Filling up the DagBag from /root/airflow/dags/example_postgres_dag.py
[2024-07-31T10:21:56.317+0700] {processor.py:840} INFO - DAG(s) 'example_postgres_dag' retrieved from /root/airflow/dags/example_postgres_dag.py
[2024-07-31T10:21:56.332+0700] {logging_mixin.py:188} INFO - [2024-07-31T10:21:56.332+0700] {dag.py:3089} INFO - Sync 1 DAGs
[2024-07-31T10:21:56.344+0700] {logging_mixin.py:188} INFO - [2024-07-31T10:21:56.344+0700] {dag.py:3947} INFO - Setting next_dagrun for example_postgres_dag to None, run_after=None
[2024-07-31T10:21:56.376+0700] {processor.py:183} INFO - Processing /root/airflow/dags/example_postgres_dag.py took 0.073 seconds
[2024-07-31T10:22:26.717+0700] {processor.py:161} INFO - Started process (PID=6299) to work on /root/airflow/dags/example_postgres_dag.py
[2024-07-31T10:22:26.719+0700] {processor.py:830} INFO - Processing file /root/airflow/dags/example_postgres_dag.py for tasks to queue
[2024-07-31T10:22:26.720+0700] {logging_mixin.py:188} INFO - [2024-07-31T10:22:26.720+0700] {dagbag.py:545} INFO - Filling up the DagBag from /root/airflow/dags/example_postgres_dag.py
[2024-07-31T10:22:26.727+0700] {processor.py:840} INFO - DAG(s) 'example_postgres_dag' retrieved from /root/airflow/dags/example_postgres_dag.py
[2024-07-31T10:22:26.742+0700] {logging_mixin.py:188} INFO - [2024-07-31T10:22:26.741+0700] {dag.py:3089} INFO - Sync 1 DAGs
[2024-07-31T10:22:26.750+0700] {logging_mixin.py:188} INFO - [2024-07-31T10:22:26.750+0700] {dag.py:3947} INFO - Setting next_dagrun for example_postgres_dag to None, run_after=None
[2024-07-31T10:22:26.783+0700] {processor.py:183} INFO - Processing /root/airflow/dags/example_postgres_dag.py took 0.069 seconds
[2024-07-31T10:22:57.141+0700] {processor.py:161} INFO - Started process (PID=6603) to work on /root/airflow/dags/example_postgres_dag.py
[2024-07-31T10:22:57.144+0700] {processor.py:830} INFO - Processing file /root/airflow/dags/example_postgres_dag.py for tasks to queue
[2024-07-31T10:22:57.146+0700] {logging_mixin.py:188} INFO - [2024-07-31T10:22:57.145+0700] {dagbag.py:545} INFO - Filling up the DagBag from /root/airflow/dags/example_postgres_dag.py
[2024-07-31T10:22:57.152+0700] {processor.py:840} INFO - DAG(s) 'example_postgres_dag' retrieved from /root/airflow/dags/example_postgres_dag.py
[2024-07-31T10:22:57.165+0700] {logging_mixin.py:188} INFO - [2024-07-31T10:22:57.165+0700] {dag.py:3089} INFO - Sync 1 DAGs
[2024-07-31T10:22:57.174+0700] {logging_mixin.py:188} INFO - [2024-07-31T10:22:57.174+0700] {dag.py:3947} INFO - Setting next_dagrun for example_postgres_dag to None, run_after=None
[2024-07-31T10:22:57.201+0700] {processor.py:183} INFO - Processing /root/airflow/dags/example_postgres_dag.py took 0.064 seconds
[2024-07-31T10:23:27.647+0700] {processor.py:161} INFO - Started process (PID=6891) to work on /root/airflow/dags/example_postgres_dag.py
[2024-07-31T10:23:27.648+0700] {processor.py:830} INFO - Processing file /root/airflow/dags/example_postgres_dag.py for tasks to queue
[2024-07-31T10:23:27.649+0700] {logging_mixin.py:188} INFO - [2024-07-31T10:23:27.649+0700] {dagbag.py:545} INFO - Filling up the DagBag from /root/airflow/dags/example_postgres_dag.py
[2024-07-31T10:23:27.655+0700] {processor.py:840} INFO - DAG(s) 'example_postgres_dag' retrieved from /root/airflow/dags/example_postgres_dag.py
[2024-07-31T10:23:27.668+0700] {logging_mixin.py:188} INFO - [2024-07-31T10:23:27.668+0700] {dag.py:3089} INFO - Sync 1 DAGs
[2024-07-31T10:23:27.676+0700] {logging_mixin.py:188} INFO - [2024-07-31T10:23:27.676+0700] {dag.py:3947} INFO - Setting next_dagrun for example_postgres_dag to None, run_after=None
[2024-07-31T10:23:27.706+0700] {processor.py:183} INFO - Processing /root/airflow/dags/example_postgres_dag.py took 0.063 seconds
[2024-07-31T10:23:57.990+0700] {processor.py:161} INFO - Started process (PID=7285) to work on /root/airflow/dags/example_postgres_dag.py
[2024-07-31T10:23:57.992+0700] {processor.py:830} INFO - Processing file /root/airflow/dags/example_postgres_dag.py for tasks to queue
[2024-07-31T10:23:57.993+0700] {logging_mixin.py:188} INFO - [2024-07-31T10:23:57.993+0700] {dagbag.py:545} INFO - Filling up the DagBag from /root/airflow/dags/example_postgres_dag.py
[2024-07-31T10:23:58.000+0700] {processor.py:840} INFO - DAG(s) 'example_postgres_dag' retrieved from /root/airflow/dags/example_postgres_dag.py
[2024-07-31T10:23:58.013+0700] {logging_mixin.py:188} INFO - [2024-07-31T10:23:58.013+0700] {dag.py:3089} INFO - Sync 1 DAGs
[2024-07-31T10:23:58.022+0700] {logging_mixin.py:188} INFO - [2024-07-31T10:23:58.021+0700] {dag.py:3947} INFO - Setting next_dagrun for example_postgres_dag to None, run_after=None
[2024-07-31T10:23:58.043+0700] {processor.py:183} INFO - Processing /root/airflow/dags/example_postgres_dag.py took 0.057 seconds
[2024-07-31T10:24:28.453+0700] {processor.py:161} INFO - Started process (PID=7584) to work on /root/airflow/dags/example_postgres_dag.py
[2024-07-31T10:24:28.453+0700] {processor.py:830} INFO - Processing file /root/airflow/dags/example_postgres_dag.py for tasks to queue
[2024-07-31T10:24:28.454+0700] {logging_mixin.py:188} INFO - [2024-07-31T10:24:28.454+0700] {dagbag.py:545} INFO - Filling up the DagBag from /root/airflow/dags/example_postgres_dag.py
[2024-07-31T10:24:28.461+0700] {processor.py:840} INFO - DAG(s) 'example_postgres_dag' retrieved from /root/airflow/dags/example_postgres_dag.py
[2024-07-31T10:24:28.474+0700] {logging_mixin.py:188} INFO - [2024-07-31T10:24:28.474+0700] {dag.py:3089} INFO - Sync 1 DAGs
[2024-07-31T10:24:28.484+0700] {logging_mixin.py:188} INFO - [2024-07-31T10:24:28.483+0700] {dag.py:3947} INFO - Setting next_dagrun for example_postgres_dag to None, run_after=None
[2024-07-31T10:24:28.510+0700] {processor.py:183} INFO - Processing /root/airflow/dags/example_postgres_dag.py took 0.061 seconds
[2024-07-31T10:24:58.916+0700] {processor.py:161} INFO - Started process (PID=7807) to work on /root/airflow/dags/example_postgres_dag.py
[2024-07-31T10:24:58.919+0700] {processor.py:830} INFO - Processing file /root/airflow/dags/example_postgres_dag.py for tasks to queue
[2024-07-31T10:24:58.919+0700] {logging_mixin.py:188} INFO - [2024-07-31T10:24:58.919+0700] {dagbag.py:545} INFO - Filling up the DagBag from /root/airflow/dags/example_postgres_dag.py
[2024-07-31T10:24:58.926+0700] {processor.py:840} INFO - DAG(s) 'example_postgres_dag' retrieved from /root/airflow/dags/example_postgres_dag.py
[2024-07-31T10:24:58.943+0700] {logging_mixin.py:188} INFO - [2024-07-31T10:24:58.943+0700] {dag.py:3089} INFO - Sync 1 DAGs
[2024-07-31T10:24:58.953+0700] {logging_mixin.py:188} INFO - [2024-07-31T10:24:58.953+0700] {dag.py:3947} INFO - Setting next_dagrun for example_postgres_dag to None, run_after=None
[2024-07-31T10:24:58.976+0700] {processor.py:183} INFO - Processing /root/airflow/dags/example_postgres_dag.py took 0.064 seconds
[2024-07-31T10:25:29.386+0700] {processor.py:161} INFO - Started process (PID=8031) to work on /root/airflow/dags/example_postgres_dag.py
[2024-07-31T10:25:29.387+0700] {processor.py:830} INFO - Processing file /root/airflow/dags/example_postgres_dag.py for tasks to queue
[2024-07-31T10:25:29.388+0700] {logging_mixin.py:188} INFO - [2024-07-31T10:25:29.387+0700] {dagbag.py:545} INFO - Filling up the DagBag from /root/airflow/dags/example_postgres_dag.py
[2024-07-31T10:25:29.397+0700] {processor.py:840} INFO - DAG(s) 'example_postgres_dag' retrieved from /root/airflow/dags/example_postgres_dag.py
[2024-07-31T10:25:29.414+0700] {logging_mixin.py:188} INFO - [2024-07-31T10:25:29.414+0700] {dag.py:3089} INFO - Sync 1 DAGs
[2024-07-31T10:25:29.425+0700] {logging_mixin.py:188} INFO - [2024-07-31T10:25:29.425+0700] {dag.py:3947} INFO - Setting next_dagrun for example_postgres_dag to None, run_after=None
[2024-07-31T10:25:29.447+0700] {processor.py:183} INFO - Processing /root/airflow/dags/example_postgres_dag.py took 0.066 seconds
[2024-07-31T10:25:59.952+0700] {processor.py:161} INFO - Started process (PID=8246) to work on /root/airflow/dags/example_postgres_dag.py
[2024-07-31T10:25:59.954+0700] {processor.py:830} INFO - Processing file /root/airflow/dags/example_postgres_dag.py for tasks to queue
[2024-07-31T10:25:59.955+0700] {logging_mixin.py:188} INFO - [2024-07-31T10:25:59.955+0700] {dagbag.py:545} INFO - Filling up the DagBag from /root/airflow/dags/example_postgres_dag.py
[2024-07-31T10:25:59.962+0700] {processor.py:840} INFO - DAG(s) 'example_postgres_dag' retrieved from /root/airflow/dags/example_postgres_dag.py
[2024-07-31T10:25:59.976+0700] {logging_mixin.py:188} INFO - [2024-07-31T10:25:59.976+0700] {dag.py:3089} INFO - Sync 1 DAGs
[2024-07-31T10:25:59.984+0700] {logging_mixin.py:188} INFO - [2024-07-31T10:25:59.984+0700] {dag.py:3947} INFO - Setting next_dagrun for example_postgres_dag to None, run_after=None
[2024-07-31T10:26:00.004+0700] {processor.py:183} INFO - Processing /root/airflow/dags/example_postgres_dag.py took 0.056 seconds
[2024-07-31T10:27:59.335+0700] {processor.py:161} INFO - Started process (PID=9330) to work on /root/airflow/dags/example_postgres_dag.py
[2024-07-31T10:27:59.336+0700] {processor.py:830} INFO - Processing file /root/airflow/dags/example_postgres_dag.py for tasks to queue
[2024-07-31T10:27:59.338+0700] {logging_mixin.py:188} INFO - [2024-07-31T10:27:59.338+0700] {dagbag.py:545} INFO - Filling up the DagBag from /root/airflow/dags/example_postgres_dag.py
[2024-07-31T10:27:59.346+0700] {processor.py:840} INFO - DAG(s) 'example_postgres_dag' retrieved from /root/airflow/dags/example_postgres_dag.py
[2024-07-31T10:27:59.360+0700] {logging_mixin.py:188} INFO - [2024-07-31T10:27:59.360+0700] {dag.py:3089} INFO - Sync 1 DAGs
[2024-07-31T10:27:59.369+0700] {logging_mixin.py:188} INFO - [2024-07-31T10:27:59.369+0700] {dag.py:3947} INFO - Setting next_dagrun for example_postgres_dag to None, run_after=None
[2024-07-31T10:27:59.402+0700] {processor.py:183} INFO - Processing /root/airflow/dags/example_postgres_dag.py took 0.073 seconds
[2024-07-31T10:28:29.861+0700] {processor.py:161} INFO - Started process (PID=9720) to work on /root/airflow/dags/example_postgres_dag.py
[2024-07-31T10:28:29.862+0700] {processor.py:830} INFO - Processing file /root/airflow/dags/example_postgres_dag.py for tasks to queue
[2024-07-31T10:28:29.864+0700] {logging_mixin.py:188} INFO - [2024-07-31T10:28:29.864+0700] {dagbag.py:545} INFO - Filling up the DagBag from /root/airflow/dags/example_postgres_dag.py
[2024-07-31T10:28:29.872+0700] {processor.py:840} INFO - DAG(s) 'example_postgres_dag' retrieved from /root/airflow/dags/example_postgres_dag.py
[2024-07-31T10:28:29.886+0700] {logging_mixin.py:188} INFO - [2024-07-31T10:28:29.886+0700] {dag.py:3089} INFO - Sync 1 DAGs
[2024-07-31T10:28:29.898+0700] {logging_mixin.py:188} INFO - [2024-07-31T10:28:29.898+0700] {dag.py:3947} INFO - Setting next_dagrun for example_postgres_dag to None, run_after=None
[2024-07-31T10:28:29.930+0700] {processor.py:183} INFO - Processing /root/airflow/dags/example_postgres_dag.py took 0.074 seconds
[2024-07-31T10:29:00.304+0700] {processor.py:161} INFO - Started process (PID=9943) to work on /root/airflow/dags/example_postgres_dag.py
[2024-07-31T10:29:00.306+0700] {processor.py:830} INFO - Processing file /root/airflow/dags/example_postgres_dag.py for tasks to queue
[2024-07-31T10:29:00.308+0700] {logging_mixin.py:188} INFO - [2024-07-31T10:29:00.307+0700] {dagbag.py:545} INFO - Filling up the DagBag from /root/airflow/dags/example_postgres_dag.py
[2024-07-31T10:29:00.314+0700] {processor.py:840} INFO - DAG(s) 'example_postgres_dag' retrieved from /root/airflow/dags/example_postgres_dag.py
[2024-07-31T10:29:00.327+0700] {logging_mixin.py:188} INFO - [2024-07-31T10:29:00.326+0700] {dag.py:3089} INFO - Sync 1 DAGs
[2024-07-31T10:29:00.335+0700] {logging_mixin.py:188} INFO - [2024-07-31T10:29:00.334+0700] {dag.py:3947} INFO - Setting next_dagrun for example_postgres_dag to None, run_after=None
[2024-07-31T10:29:00.363+0700] {processor.py:183} INFO - Processing /root/airflow/dags/example_postgres_dag.py took 0.064 seconds
[2024-07-31T10:29:30.713+0700] {processor.py:161} INFO - Started process (PID=10223) to work on /root/airflow/dags/example_postgres_dag.py
[2024-07-31T10:29:30.714+0700] {processor.py:830} INFO - Processing file /root/airflow/dags/example_postgres_dag.py for tasks to queue
[2024-07-31T10:29:30.716+0700] {logging_mixin.py:188} INFO - [2024-07-31T10:29:30.715+0700] {dagbag.py:545} INFO - Filling up the DagBag from /root/airflow/dags/example_postgres_dag.py
[2024-07-31T10:29:30.723+0700] {processor.py:840} INFO - DAG(s) 'example_postgres_dag' retrieved from /root/airflow/dags/example_postgres_dag.py
[2024-07-31T10:29:30.742+0700] {logging_mixin.py:188} INFO - [2024-07-31T10:29:30.742+0700] {dag.py:3089} INFO - Sync 1 DAGs
[2024-07-31T10:29:30.754+0700] {logging_mixin.py:188} INFO - [2024-07-31T10:29:30.754+0700] {dag.py:3947} INFO - Setting next_dagrun for example_postgres_dag to None, run_after=None
[2024-07-31T10:29:30.783+0700] {processor.py:183} INFO - Processing /root/airflow/dags/example_postgres_dag.py took 0.076 seconds
[2024-07-31T10:30:01.108+0700] {processor.py:161} INFO - Started process (PID=10442) to work on /root/airflow/dags/example_postgres_dag.py
[2024-07-31T10:30:01.132+0700] {processor.py:830} INFO - Processing file /root/airflow/dags/example_postgres_dag.py for tasks to queue
[2024-07-31T10:30:01.133+0700] {logging_mixin.py:188} INFO - [2024-07-31T10:30:01.133+0700] {dagbag.py:545} INFO - Filling up the DagBag from /root/airflow/dags/example_postgres_dag.py
[2024-07-31T10:30:01.142+0700] {processor.py:840} INFO - DAG(s) 'example_postgres_dag' retrieved from /root/airflow/dags/example_postgres_dag.py
[2024-07-31T10:30:01.160+0700] {logging_mixin.py:188} INFO - [2024-07-31T10:30:01.160+0700] {dag.py:3089} INFO - Sync 1 DAGs
[2024-07-31T10:30:01.170+0700] {logging_mixin.py:188} INFO - [2024-07-31T10:30:01.169+0700] {dag.py:3947} INFO - Setting next_dagrun for example_postgres_dag to None, run_after=None
[2024-07-31T10:30:01.199+0700] {processor.py:183} INFO - Processing /root/airflow/dags/example_postgres_dag.py took 0.096 seconds
