[2024-08-03T10:58:21.047+0700] {local_task_job_runner.py:120} INFO - ::group::Pre task execution logs
[2024-08-03T10:58:21.062+0700] {taskinstance.py:2076} INFO - Dependencies all met for dep_context=non-requeueable deps ti=<TaskInstance: data_pipeline_supermarket_2.dbt_run manual__2024-08-03T03:55:46.320694+00:00 [queued]>
[2024-08-03T10:58:21.069+0700] {taskinstance.py:2076} INFO - Dependencies all met for dep_context=requeueable deps ti=<TaskInstance: data_pipeline_supermarket_2.dbt_run manual__2024-08-03T03:55:46.320694+00:00 [queued]>
[2024-08-03T10:58:21.069+0700] {taskinstance.py:2306} INFO - Starting attempt 1 of 2
[2024-08-03T10:58:21.092+0700] {taskinstance.py:2330} INFO - Executing <Task(BashOperator): dbt_run> on 2024-08-03 03:55:46.320694+00:00
[2024-08-03T10:58:21.096+0700] {standard_task_runner.py:64} INFO - Started process 23125 to run task
[2024-08-03T10:58:21.098+0700] {standard_task_runner.py:90} INFO - Running: ['airflow', 'tasks', 'run', 'data_pipeline_supermarket_2', 'dbt_run', 'manual__2024-08-03T03:55:46.320694+00:00', '--job-id', '184', '--raw', '--subdir', 'DAGS_FOLDER/data_pipeline_supermarket_2.py', '--cfg-path', '/tmp/tmpiumjuw2z']
[2024-08-03T10:58:21.100+0700] {standard_task_runner.py:91} INFO - Job 184: Subtask dbt_run
[2024-08-03T10:58:21.141+0700] {task_command.py:426} INFO - Running <TaskInstance: data_pipeline_supermarket_2.dbt_run manual__2024-08-03T03:55:46.320694+00:00 [running]> on host DESKTOP-RHVHV7A.
[2024-08-03T10:58:21.216+0700] {taskinstance.py:2648} INFO - Exporting env vars: AIRFLOW_CTX_DAG_OWNER='airflow' AIRFLOW_CTX_DAG_ID='data_pipeline_supermarket_2' AIRFLOW_CTX_TASK_ID='dbt_run' AIRFLOW_CTX_EXECUTION_DATE='2024-08-03T03:55:46.320694+00:00' AIRFLOW_CTX_TRY_NUMBER='1' AIRFLOW_CTX_DAG_RUN_ID='manual__2024-08-03T03:55:46.320694+00:00'
[2024-08-03T10:58:21.217+0700] {taskinstance.py:430} INFO - ::endgroup::
[2024-08-03T10:58:21.228+0700] {subprocess.py:63} INFO - Tmp dir root location: /tmp
[2024-08-03T10:58:21.229+0700] {subprocess.py:75} INFO - Running command: ['/usr/bin/bash', '-c', 'cd /root/project/dbt_supermarket && dbt run']
[2024-08-03T10:58:21.237+0700] {subprocess.py:86} INFO - Output:
[2024-08-03T10:58:23.043+0700] {subprocess.py:93} INFO - [0m03:58:23  Running with dbt=1.8.4
[2024-08-03T10:58:23.324+0700] {subprocess.py:93} INFO - [0m03:58:23  Registered adapter: postgres=1.8.2
[2024-08-03T10:58:26.605+0700] {subprocess.py:93} INFO - [0m03:58:26  Found 9 models, 1 analysis, 5 seeds, 14 data tests, 5 sources, 820 macros
[2024-08-03T10:58:26.611+0700] {subprocess.py:93} INFO - [0m03:58:26
[2024-08-03T10:58:26.968+0700] {subprocess.py:93} INFO - [0m03:58:26  Concurrency: 5 threads (target='dev')
[2024-08-03T10:58:26.970+0700] {subprocess.py:93} INFO - [0m03:58:26
[2024-08-03T10:58:26.979+0700] {subprocess.py:93} INFO - [0m03:58:26  1 of 9 START sql view model supermarket.stg_supermarket__aisles ................ [RUN]
[2024-08-03T10:58:26.981+0700] {subprocess.py:93} INFO - [0m03:58:26  2 of 9 START sql view model supermarket.stg_supermarket__departments ........... [RUN]
[2024-08-03T10:58:26.983+0700] {subprocess.py:93} INFO - [0m03:58:26  3 of 9 START sql view model supermarket.stg_supermarket__order_products ........ [RUN]
[2024-08-03T10:58:26.986+0700] {subprocess.py:93} INFO - [0m03:58:26  4 of 9 START sql view model supermarket.stg_supermarket__orders_small_version .. [RUN]
[2024-08-03T10:58:27.000+0700] {subprocess.py:93} INFO - [0m03:58:27  5 of 9 START sql view model supermarket.stg_supermarket__products .............. [RUN]
[2024-08-03T10:58:27.465+0700] {subprocess.py:93} INFO - [0m03:58:27  3 of 9 OK created sql view model supermarket.stg_supermarket__order_products ... [[32mCREATE VIEW[0m in 0.46s]
[2024-08-03T10:58:27.468+0700] {subprocess.py:93} INFO - [0m03:58:27  2 of 9 OK created sql view model supermarket.stg_supermarket__departments ...... [[32mCREATE VIEW[0m in 0.47s]
[2024-08-03T10:58:27.470+0700] {subprocess.py:93} INFO - [0m03:58:27  4 of 9 OK created sql view model supermarket.stg_supermarket__orders_small_version  [[32mCREATE VIEW[0m in 0.47s]
[2024-08-03T10:58:27.472+0700] {subprocess.py:93} INFO - [0m03:58:27  5 of 9 OK created sql view model supermarket.stg_supermarket__products ......... [[32mCREATE VIEW[0m in 0.46s]
[2024-08-03T10:58:27.477+0700] {subprocess.py:93} INFO - [0m03:58:27  1 of 9 OK created sql view model supermarket.stg_supermarket__aisles ........... [[32mCREATE VIEW[0m in 0.48s]
[2024-08-03T10:58:27.494+0700] {subprocess.py:93} INFO - [0m03:58:27  6 of 9 START sql table model supermarket.dim_departments ....................... [RUN]
[2024-08-03T10:58:27.496+0700] {subprocess.py:93} INFO - [0m03:58:27  7 of 9 START sql table model supermarket.fct_user_orders ....................... [RUN]
[2024-08-03T10:58:27.498+0700] {subprocess.py:93} INFO - [0m03:58:27  8 of 9 START sql table model supermarket.dim_products .......................... [RUN]
[2024-08-03T10:58:27.500+0700] {subprocess.py:93} INFO - [0m03:58:27  9 of 9 START sql table model supermarket.dim_aisles ............................ [RUN]
[2024-08-03T10:58:27.911+0700] {subprocess.py:93} INFO - [0m03:58:27  6 of 9 OK created sql table model supermarket.dim_departments .................. [[32mSELECT 21[0m in 0.40s]
[2024-08-03T10:58:27.915+0700] {subprocess.py:93} INFO - [0m03:58:27  9 of 9 OK created sql table model supermarket.dim_aisles ....................... [[32mSELECT 134[0m in 0.40s]
[2024-08-03T10:58:27.930+0700] {subprocess.py:93} INFO - [0m03:58:27  8 of 9 OK created sql table model supermarket.dim_products ..................... [[32mSELECT 49688[0m in 0.42s]
[2024-08-03T10:58:28.459+0700] {subprocess.py:93} INFO - [0m03:58:28  7 of 9 OK created sql table model supermarket.fct_user_orders .................. [[32mSELECT 139003[0m in 0.95s]
[2024-08-03T10:58:28.522+0700] {subprocess.py:93} INFO - [0m03:58:28
[2024-08-03T10:58:28.523+0700] {subprocess.py:93} INFO - [0m03:58:28  Finished running 5 view models, 4 table models in 0 hours 0 minutes and 1.91 seconds (1.91s).
[2024-08-03T10:58:28.607+0700] {subprocess.py:93} INFO - [0m03:58:28
[2024-08-03T10:58:28.609+0700] {subprocess.py:93} INFO - [0m03:58:28  [32mCompleted successfully[0m
[2024-08-03T10:58:28.610+0700] {subprocess.py:93} INFO - [0m03:58:28
[2024-08-03T10:58:28.612+0700] {subprocess.py:93} INFO - [0m03:58:28  Done. PASS=9 WARN=0 ERROR=0 SKIP=0 TOTAL=9
[2024-08-03T10:58:30.393+0700] {subprocess.py:97} INFO - Command exited with return code 0
[2024-08-03T10:58:30.394+0700] {taskinstance.py:441} INFO - ::group::Post task execution logs
[2024-08-03T10:58:30.421+0700] {taskinstance.py:1206} INFO - Marking task as SUCCESS. dag_id=data_pipeline_supermarket_2, task_id=dbt_run, run_id=manual__2024-08-03T03:55:46.320694+00:00, execution_date=20240803T035546, start_date=20240803T035821, end_date=20240803T035830
[2024-08-03T10:58:30.466+0700] {local_task_job_runner.py:243} INFO - Task exited with return code 0
[2024-08-03T10:58:30.473+0700] {logging_mixin.py:188} WARNING - /usr/local/lib/python3.10/dist-packages/airflow/models/baseoperator.py:1297 AirflowProviderDeprecationWarning: Call to deprecated class PostgresOperator. (Please use `airflow.providers.common.sql.operators.sql.SQLExecuteQueryOperator`.Also, you can provide `hook_params={'schema': <database>}`.)
[2024-08-03T10:58:30.486+0700] {taskinstance.py:3503} INFO - 1 downstream tasks scheduled from follow-on schedule check
[2024-08-03T10:58:30.502+0700] {local_task_job_runner.py:222} INFO - ::endgroup::
