[2024-07-27T22:22:58.078+0700] {processor.py:161} INFO - Started process (PID=32836) to work on /root/airflow/dags/example_postgres_dag.py.py
[2024-07-27T22:22:58.079+0700] {processor.py:830} INFO - Processing file /root/airflow/dags/example_postgres_dag.py.py for tasks to queue
[2024-07-27T22:22:58.080+0700] {logging_mixin.py:188} INFO - [2024-07-27T22:22:58.079+0700] {dagbag.py:545} INFO - Filling up the DagBag from /root/airflow/dags/example_postgres_dag.py.py
[2024-07-27T22:22:58.085+0700] {processor.py:840} INFO - DAG(s) 'example_postgres_dag' retrieved from /root/airflow/dags/example_postgres_dag.py.py
[2024-07-27T22:22:58.265+0700] {logging_mixin.py:188} INFO - [2024-07-27T22:22:58.265+0700] {dag.py:3089} INFO - Sync 1 DAGs
[2024-07-27T22:22:58.273+0700] {logging_mixin.py:188} INFO - [2024-07-27T22:22:58.272+0700] {dag.py:3947} INFO - Setting next_dagrun for example_postgres_dag to None, run_after=None
[2024-07-27T22:22:58.305+0700] {processor.py:183} INFO - Processing /root/airflow/dags/example_postgres_dag.py.py took 0.232 seconds
[2024-07-27T22:23:29.412+0700] {processor.py:161} INFO - Started process (PID=33155) to work on /root/airflow/dags/example_postgres_dag.py.py
[2024-07-27T22:23:29.415+0700] {processor.py:830} INFO - Processing file /root/airflow/dags/example_postgres_dag.py.py for tasks to queue
[2024-07-27T22:23:29.416+0700] {logging_mixin.py:188} INFO - [2024-07-27T22:23:29.416+0700] {dagbag.py:545} INFO - Filling up the DagBag from /root/airflow/dags/example_postgres_dag.py.py
[2024-07-27T22:23:29.422+0700] {processor.py:840} INFO - DAG(s) 'example_postgres_dag' retrieved from /root/airflow/dags/example_postgres_dag.py.py
[2024-07-27T22:23:29.436+0700] {logging_mixin.py:188} INFO - [2024-07-27T22:23:29.436+0700] {dag.py:3089} INFO - Sync 1 DAGs
[2024-07-27T22:23:29.445+0700] {logging_mixin.py:188} INFO - [2024-07-27T22:23:29.445+0700] {dag.py:3947} INFO - Setting next_dagrun for example_postgres_dag to None, run_after=None
[2024-07-27T22:23:29.477+0700] {processor.py:183} INFO - Processing /root/airflow/dags/example_postgres_dag.py.py took 0.070 seconds
[2024-07-27T22:23:59.643+0700] {processor.py:161} INFO - Started process (PID=33370) to work on /root/airflow/dags/example_postgres_dag.py.py
[2024-07-27T22:23:59.644+0700] {processor.py:830} INFO - Processing file /root/airflow/dags/example_postgres_dag.py.py for tasks to queue
[2024-07-27T22:23:59.645+0700] {logging_mixin.py:188} INFO - [2024-07-27T22:23:59.645+0700] {dagbag.py:545} INFO - Filling up the DagBag from /root/airflow/dags/example_postgres_dag.py.py
[2024-07-27T22:23:59.650+0700] {processor.py:840} INFO - DAG(s) 'example_postgres_dag' retrieved from /root/airflow/dags/example_postgres_dag.py.py
[2024-07-27T22:23:59.662+0700] {logging_mixin.py:188} INFO - [2024-07-27T22:23:59.662+0700] {dag.py:3089} INFO - Sync 1 DAGs
[2024-07-27T22:23:59.670+0700] {logging_mixin.py:188} INFO - [2024-07-27T22:23:59.670+0700] {dag.py:3947} INFO - Setting next_dagrun for example_postgres_dag to None, run_after=None
[2024-07-27T22:23:59.702+0700] {processor.py:183} INFO - Processing /root/airflow/dags/example_postgres_dag.py.py took 0.064 seconds
[2024-07-27T22:24:29.766+0700] {processor.py:161} INFO - Started process (PID=33580) to work on /root/airflow/dags/example_postgres_dag.py.py
[2024-07-27T22:24:29.769+0700] {processor.py:830} INFO - Processing file /root/airflow/dags/example_postgres_dag.py.py for tasks to queue
[2024-07-27T22:24:29.770+0700] {logging_mixin.py:188} INFO - [2024-07-27T22:24:29.770+0700] {dagbag.py:545} INFO - Filling up the DagBag from /root/airflow/dags/example_postgres_dag.py.py
[2024-07-27T22:24:29.776+0700] {processor.py:840} INFO - DAG(s) 'example_postgres_dag' retrieved from /root/airflow/dags/example_postgres_dag.py.py
[2024-07-27T22:24:29.790+0700] {logging_mixin.py:188} INFO - [2024-07-27T22:24:29.790+0700] {dag.py:3089} INFO - Sync 1 DAGs
[2024-07-27T22:24:29.799+0700] {logging_mixin.py:188} INFO - [2024-07-27T22:24:29.799+0700] {dag.py:3947} INFO - Setting next_dagrun for example_postgres_dag to None, run_after=None
[2024-07-27T22:24:29.832+0700] {processor.py:183} INFO - Processing /root/airflow/dags/example_postgres_dag.py.py took 0.072 seconds
[2024-07-27T22:25:00.725+0700] {processor.py:161} INFO - Started process (PID=33826) to work on /root/airflow/dags/example_postgres_dag.py.py
[2024-07-27T22:25:00.726+0700] {processor.py:830} INFO - Processing file /root/airflow/dags/example_postgres_dag.py.py for tasks to queue
[2024-07-27T22:25:00.727+0700] {logging_mixin.py:188} INFO - [2024-07-27T22:25:00.726+0700] {dagbag.py:545} INFO - Filling up the DagBag from /root/airflow/dags/example_postgres_dag.py.py
[2024-07-27T22:25:00.730+0700] {processor.py:840} INFO - DAG(s) 'example_postgres_dag' retrieved from /root/airflow/dags/example_postgres_dag.py.py
[2024-07-27T22:25:00.746+0700] {logging_mixin.py:188} INFO - [2024-07-27T22:25:00.746+0700] {dag.py:3089} INFO - Sync 1 DAGs
[2024-07-27T22:25:00.754+0700] {logging_mixin.py:188} INFO - [2024-07-27T22:25:00.754+0700] {dag.py:3947} INFO - Setting next_dagrun for example_postgres_dag to None, run_after=None
[2024-07-27T22:25:00.782+0700] {processor.py:183} INFO - Processing /root/airflow/dags/example_postgres_dag.py.py took 0.062 seconds
[2024-07-27T22:25:03.412+0700] {processor.py:161} INFO - Started process (PID=33852) to work on /root/airflow/dags/example_postgres_dag.py.py
[2024-07-27T22:25:03.415+0700] {processor.py:830} INFO - Processing file /root/airflow/dags/example_postgres_dag.py.py for tasks to queue
[2024-07-27T22:25:03.416+0700] {logging_mixin.py:188} INFO - [2024-07-27T22:25:03.416+0700] {dagbag.py:545} INFO - Filling up the DagBag from /root/airflow/dags/example_postgres_dag.py.py
[2024-07-27T22:25:03.421+0700] {processor.py:840} INFO - DAG(s) 'example_postgres_dag' retrieved from /root/airflow/dags/example_postgres_dag.py.py
[2024-07-27T22:25:03.435+0700] {logging_mixin.py:188} INFO - [2024-07-27T22:25:03.435+0700] {dag.py:3089} INFO - Sync 1 DAGs
[2024-07-27T22:25:03.444+0700] {logging_mixin.py:188} INFO - [2024-07-27T22:25:03.443+0700] {dag.py:3947} INFO - Setting next_dagrun for example_postgres_dag to None, run_after=None
[2024-07-27T22:25:03.474+0700] {processor.py:183} INFO - Processing /root/airflow/dags/example_postgres_dag.py.py took 0.066 seconds
[2024-07-27T22:25:33.774+0700] {processor.py:161} INFO - Started process (PID=34063) to work on /root/airflow/dags/example_postgres_dag.py.py
[2024-07-27T22:25:33.775+0700] {processor.py:830} INFO - Processing file /root/airflow/dags/example_postgres_dag.py.py for tasks to queue
[2024-07-27T22:25:33.776+0700] {logging_mixin.py:188} INFO - [2024-07-27T22:25:33.776+0700] {dagbag.py:545} INFO - Filling up the DagBag from /root/airflow/dags/example_postgres_dag.py.py
[2024-07-27T22:25:33.781+0700] {processor.py:840} INFO - DAG(s) 'example_postgres_dag' retrieved from /root/airflow/dags/example_postgres_dag.py.py
[2024-07-27T22:25:33.795+0700] {logging_mixin.py:188} INFO - [2024-07-27T22:25:33.795+0700] {dag.py:3089} INFO - Sync 1 DAGs
[2024-07-27T22:25:33.806+0700] {logging_mixin.py:188} INFO - [2024-07-27T22:25:33.806+0700] {dag.py:3947} INFO - Setting next_dagrun for example_postgres_dag to None, run_after=None
[2024-07-27T22:25:33.838+0700] {processor.py:183} INFO - Processing /root/airflow/dags/example_postgres_dag.py.py took 0.070 seconds
[2024-07-27T22:26:04.149+0700] {processor.py:161} INFO - Started process (PID=34278) to work on /root/airflow/dags/example_postgres_dag.py.py
[2024-07-27T22:26:04.151+0700] {processor.py:830} INFO - Processing file /root/airflow/dags/example_postgres_dag.py.py for tasks to queue
[2024-07-27T22:26:04.152+0700] {logging_mixin.py:188} INFO - [2024-07-27T22:26:04.151+0700] {dagbag.py:545} INFO - Filling up the DagBag from /root/airflow/dags/example_postgres_dag.py.py
[2024-07-27T22:26:04.159+0700] {processor.py:840} INFO - DAG(s) 'example_postgres_dag' retrieved from /root/airflow/dags/example_postgres_dag.py.py
[2024-07-27T22:26:04.176+0700] {logging_mixin.py:188} INFO - [2024-07-27T22:26:04.176+0700] {dag.py:3089} INFO - Sync 1 DAGs
[2024-07-27T22:26:04.187+0700] {logging_mixin.py:188} INFO - [2024-07-27T22:26:04.186+0700] {dag.py:3947} INFO - Setting next_dagrun for example_postgres_dag to None, run_after=None
[2024-07-27T22:26:04.218+0700] {processor.py:183} INFO - Processing /root/airflow/dags/example_postgres_dag.py.py took 0.075 seconds
[2024-07-27T22:26:34.477+0700] {processor.py:161} INFO - Started process (PID=34492) to work on /root/airflow/dags/example_postgres_dag.py.py
[2024-07-27T22:26:34.478+0700] {processor.py:830} INFO - Processing file /root/airflow/dags/example_postgres_dag.py.py for tasks to queue
[2024-07-27T22:26:34.479+0700] {logging_mixin.py:188} INFO - [2024-07-27T22:26:34.479+0700] {dagbag.py:545} INFO - Filling up the DagBag from /root/airflow/dags/example_postgres_dag.py.py
[2024-07-27T22:26:34.484+0700] {processor.py:840} INFO - DAG(s) 'example_postgres_dag' retrieved from /root/airflow/dags/example_postgres_dag.py.py
[2024-07-27T22:26:34.499+0700] {logging_mixin.py:188} INFO - [2024-07-27T22:26:34.498+0700] {dag.py:3089} INFO - Sync 1 DAGs
[2024-07-27T22:26:34.508+0700] {logging_mixin.py:188} INFO - [2024-07-27T22:26:34.508+0700] {dag.py:3947} INFO - Setting next_dagrun for example_postgres_dag to None, run_after=None
[2024-07-27T22:26:34.535+0700] {processor.py:183} INFO - Processing /root/airflow/dags/example_postgres_dag.py.py took 0.063 seconds
[2024-07-27T22:27:04.772+0700] {processor.py:161} INFO - Started process (PID=34705) to work on /root/airflow/dags/example_postgres_dag.py.py
[2024-07-27T22:27:04.774+0700] {processor.py:830} INFO - Processing file /root/airflow/dags/example_postgres_dag.py.py for tasks to queue
[2024-07-27T22:27:04.776+0700] {logging_mixin.py:188} INFO - [2024-07-27T22:27:04.775+0700] {dagbag.py:545} INFO - Filling up the DagBag from /root/airflow/dags/example_postgres_dag.py.py
[2024-07-27T22:27:04.781+0700] {processor.py:840} INFO - DAG(s) 'example_postgres_dag' retrieved from /root/airflow/dags/example_postgres_dag.py.py
[2024-07-27T22:27:04.797+0700] {logging_mixin.py:188} INFO - [2024-07-27T22:27:04.796+0700] {dag.py:3089} INFO - Sync 1 DAGs
[2024-07-27T22:27:04.806+0700] {logging_mixin.py:188} INFO - [2024-07-27T22:27:04.806+0700] {dag.py:3947} INFO - Setting next_dagrun for example_postgres_dag to None, run_after=None
[2024-07-27T22:27:04.839+0700] {processor.py:183} INFO - Processing /root/airflow/dags/example_postgres_dag.py.py took 0.071 seconds
[2024-07-27T22:27:35.081+0700] {processor.py:161} INFO - Started process (PID=34921) to work on /root/airflow/dags/example_postgres_dag.py.py
[2024-07-27T22:27:35.084+0700] {processor.py:830} INFO - Processing file /root/airflow/dags/example_postgres_dag.py.py for tasks to queue
[2024-07-27T22:27:35.084+0700] {logging_mixin.py:188} INFO - [2024-07-27T22:27:35.084+0700] {dagbag.py:545} INFO - Filling up the DagBag from /root/airflow/dags/example_postgres_dag.py.py
[2024-07-27T22:27:35.088+0700] {processor.py:840} INFO - DAG(s) 'example_postgres_dag' retrieved from /root/airflow/dags/example_postgres_dag.py.py
[2024-07-27T22:27:35.101+0700] {logging_mixin.py:188} INFO - [2024-07-27T22:27:35.101+0700] {dag.py:3089} INFO - Sync 1 DAGs
[2024-07-27T22:27:35.109+0700] {logging_mixin.py:188} INFO - [2024-07-27T22:27:35.108+0700] {dag.py:3947} INFO - Setting next_dagrun for example_postgres_dag to None, run_after=None
[2024-07-27T22:27:35.137+0700] {processor.py:183} INFO - Processing /root/airflow/dags/example_postgres_dag.py.py took 0.060 seconds
[2024-07-27T22:28:05.393+0700] {processor.py:161} INFO - Started process (PID=35131) to work on /root/airflow/dags/example_postgres_dag.py.py
[2024-07-27T22:28:05.394+0700] {processor.py:830} INFO - Processing file /root/airflow/dags/example_postgres_dag.py.py for tasks to queue
[2024-07-27T22:28:05.395+0700] {logging_mixin.py:188} INFO - [2024-07-27T22:28:05.395+0700] {dagbag.py:545} INFO - Filling up the DagBag from /root/airflow/dags/example_postgres_dag.py.py
[2024-07-27T22:28:05.399+0700] {processor.py:840} INFO - DAG(s) 'example_postgres_dag' retrieved from /root/airflow/dags/example_postgres_dag.py.py
[2024-07-27T22:28:05.414+0700] {logging_mixin.py:188} INFO - [2024-07-27T22:28:05.413+0700] {dag.py:3089} INFO - Sync 1 DAGs
[2024-07-27T22:28:05.423+0700] {logging_mixin.py:188} INFO - [2024-07-27T22:28:05.423+0700] {dag.py:3947} INFO - Setting next_dagrun for example_postgres_dag to None, run_after=None
[2024-07-27T22:28:05.452+0700] {processor.py:183} INFO - Processing /root/airflow/dags/example_postgres_dag.py.py took 0.064 seconds
[2024-07-27T22:28:35.713+0700] {processor.py:161} INFO - Started process (PID=35348) to work on /root/airflow/dags/example_postgres_dag.py.py
[2024-07-27T22:28:35.715+0700] {processor.py:830} INFO - Processing file /root/airflow/dags/example_postgres_dag.py.py for tasks to queue
[2024-07-27T22:28:35.716+0700] {logging_mixin.py:188} INFO - [2024-07-27T22:28:35.715+0700] {dagbag.py:545} INFO - Filling up the DagBag from /root/airflow/dags/example_postgres_dag.py.py
[2024-07-27T22:28:35.720+0700] {processor.py:840} INFO - DAG(s) 'example_postgres_dag' retrieved from /root/airflow/dags/example_postgres_dag.py.py
[2024-07-27T22:28:35.734+0700] {logging_mixin.py:188} INFO - [2024-07-27T22:28:35.733+0700] {dag.py:3089} INFO - Sync 1 DAGs
[2024-07-27T22:28:35.743+0700] {logging_mixin.py:188} INFO - [2024-07-27T22:28:35.743+0700] {dag.py:3947} INFO - Setting next_dagrun for example_postgres_dag to None, run_after=None
[2024-07-27T22:28:35.764+0700] {processor.py:183} INFO - Processing /root/airflow/dags/example_postgres_dag.py.py took 0.055 seconds
[2024-07-27T22:29:06.006+0700] {processor.py:161} INFO - Started process (PID=35564) to work on /root/airflow/dags/example_postgres_dag.py.py
[2024-07-27T22:29:06.008+0700] {processor.py:830} INFO - Processing file /root/airflow/dags/example_postgres_dag.py.py for tasks to queue
[2024-07-27T22:29:06.009+0700] {logging_mixin.py:188} INFO - [2024-07-27T22:29:06.009+0700] {dagbag.py:545} INFO - Filling up the DagBag from /root/airflow/dags/example_postgres_dag.py.py
[2024-07-27T22:29:06.013+0700] {processor.py:840} INFO - DAG(s) 'example_postgres_dag' retrieved from /root/airflow/dags/example_postgres_dag.py.py
[2024-07-27T22:29:06.028+0700] {logging_mixin.py:188} INFO - [2024-07-27T22:29:06.027+0700] {dag.py:3089} INFO - Sync 1 DAGs
[2024-07-27T22:29:06.037+0700] {logging_mixin.py:188} INFO - [2024-07-27T22:29:06.036+0700] {dag.py:3947} INFO - Setting next_dagrun for example_postgres_dag to None, run_after=None
[2024-07-27T22:29:06.059+0700] {processor.py:183} INFO - Processing /root/airflow/dags/example_postgres_dag.py.py took 0.057 seconds
[2024-07-27T22:29:36.318+0700] {processor.py:161} INFO - Started process (PID=35802) to work on /root/airflow/dags/example_postgres_dag.py.py
[2024-07-27T22:29:36.320+0700] {processor.py:830} INFO - Processing file /root/airflow/dags/example_postgres_dag.py.py for tasks to queue
[2024-07-27T22:29:36.321+0700] {logging_mixin.py:188} INFO - [2024-07-27T22:29:36.320+0700] {dagbag.py:545} INFO - Filling up the DagBag from /root/airflow/dags/example_postgres_dag.py.py
[2024-07-27T22:29:36.326+0700] {processor.py:840} INFO - DAG(s) 'example_postgres_dag' retrieved from /root/airflow/dags/example_postgres_dag.py.py
[2024-07-27T22:29:36.341+0700] {logging_mixin.py:188} INFO - [2024-07-27T22:29:36.340+0700] {dag.py:3089} INFO - Sync 1 DAGs
[2024-07-27T22:29:36.352+0700] {logging_mixin.py:188} INFO - [2024-07-27T22:29:36.352+0700] {dag.py:3947} INFO - Setting next_dagrun for example_postgres_dag to None, run_after=None
[2024-07-27T22:29:36.379+0700] {processor.py:183} INFO - Processing /root/airflow/dags/example_postgres_dag.py.py took 0.068 seconds
[2024-07-27T22:30:06.635+0700] {processor.py:161} INFO - Started process (PID=36018) to work on /root/airflow/dags/example_postgres_dag.py.py
[2024-07-27T22:30:06.636+0700] {processor.py:830} INFO - Processing file /root/airflow/dags/example_postgres_dag.py.py for tasks to queue
[2024-07-27T22:30:06.637+0700] {logging_mixin.py:188} INFO - [2024-07-27T22:30:06.637+0700] {dagbag.py:545} INFO - Filling up the DagBag from /root/airflow/dags/example_postgres_dag.py.py
[2024-07-27T22:30:06.643+0700] {processor.py:840} INFO - DAG(s) 'example_postgres_dag' retrieved from /root/airflow/dags/example_postgres_dag.py.py
[2024-07-27T22:30:06.660+0700] {logging_mixin.py:188} INFO - [2024-07-27T22:30:06.660+0700] {dag.py:3089} INFO - Sync 1 DAGs
[2024-07-27T22:30:06.673+0700] {logging_mixin.py:188} INFO - [2024-07-27T22:30:06.672+0700] {dag.py:3947} INFO - Setting next_dagrun for example_postgres_dag to None, run_after=None
[2024-07-27T22:30:06.705+0700] {processor.py:183} INFO - Processing /root/airflow/dags/example_postgres_dag.py.py took 0.076 seconds
[2024-07-27T22:30:36.945+0700] {processor.py:161} INFO - Started process (PID=36229) to work on /root/airflow/dags/example_postgres_dag.py.py
[2024-07-27T22:30:36.946+0700] {processor.py:830} INFO - Processing file /root/airflow/dags/example_postgres_dag.py.py for tasks to queue
[2024-07-27T22:30:36.947+0700] {logging_mixin.py:188} INFO - [2024-07-27T22:30:36.947+0700] {dagbag.py:545} INFO - Filling up the DagBag from /root/airflow/dags/example_postgres_dag.py.py
[2024-07-27T22:30:36.951+0700] {processor.py:840} INFO - DAG(s) 'example_postgres_dag' retrieved from /root/airflow/dags/example_postgres_dag.py.py
[2024-07-27T22:30:36.965+0700] {logging_mixin.py:188} INFO - [2024-07-27T22:30:36.965+0700] {dag.py:3089} INFO - Sync 1 DAGs
[2024-07-27T22:30:36.973+0700] {logging_mixin.py:188} INFO - [2024-07-27T22:30:36.973+0700] {dag.py:3947} INFO - Setting next_dagrun for example_postgres_dag to None, run_after=None
[2024-07-27T22:30:37.006+0700] {processor.py:183} INFO - Processing /root/airflow/dags/example_postgres_dag.py.py took 0.065 seconds
[2024-07-27T22:31:02.280+0700] {processor.py:161} INFO - Started process (PID=36413) to work on /root/airflow/dags/example_postgres_dag.py.py
[2024-07-27T22:31:02.281+0700] {processor.py:830} INFO - Processing file /root/airflow/dags/example_postgres_dag.py.py for tasks to queue
[2024-07-27T22:31:02.282+0700] {logging_mixin.py:188} INFO - [2024-07-27T22:31:02.281+0700] {dagbag.py:545} INFO - Filling up the DagBag from /root/airflow/dags/example_postgres_dag.py.py
[2024-07-27T22:31:02.288+0700] {processor.py:840} INFO - DAG(s) 'example_postgres_dag' retrieved from /root/airflow/dags/example_postgres_dag.py.py
[2024-07-27T22:31:02.303+0700] {logging_mixin.py:188} INFO - [2024-07-27T22:31:02.302+0700] {dag.py:3089} INFO - Sync 1 DAGs
[2024-07-27T22:31:02.315+0700] {logging_mixin.py:188} INFO - [2024-07-27T22:31:02.314+0700] {dag.py:3947} INFO - Setting next_dagrun for example_postgres_dag to None, run_after=None
[2024-07-27T22:31:02.346+0700] {processor.py:183} INFO - Processing /root/airflow/dags/example_postgres_dag.py.py took 0.071 seconds
[2024-07-27T22:31:32.609+0700] {processor.py:161} INFO - Started process (PID=36624) to work on /root/airflow/dags/example_postgres_dag.py.py
[2024-07-27T22:31:32.611+0700] {processor.py:830} INFO - Processing file /root/airflow/dags/example_postgres_dag.py.py for tasks to queue
[2024-07-27T22:31:32.612+0700] {logging_mixin.py:188} INFO - [2024-07-27T22:31:32.612+0700] {dagbag.py:545} INFO - Filling up the DagBag from /root/airflow/dags/example_postgres_dag.py.py
[2024-07-27T22:31:32.617+0700] {processor.py:840} INFO - DAG(s) 'example_postgres_dag' retrieved from /root/airflow/dags/example_postgres_dag.py.py
[2024-07-27T22:31:32.629+0700] {logging_mixin.py:188} INFO - [2024-07-27T22:31:32.629+0700] {dag.py:3089} INFO - Sync 1 DAGs
[2024-07-27T22:31:32.639+0700] {logging_mixin.py:188} INFO - [2024-07-27T22:31:32.638+0700] {dag.py:3947} INFO - Setting next_dagrun for example_postgres_dag to None, run_after=None
[2024-07-27T22:31:32.667+0700] {processor.py:183} INFO - Processing /root/airflow/dags/example_postgres_dag.py.py took 0.063 seconds
[2024-07-27T22:32:02.922+0700] {processor.py:161} INFO - Started process (PID=36840) to work on /root/airflow/dags/example_postgres_dag.py.py
[2024-07-27T22:32:02.925+0700] {processor.py:830} INFO - Processing file /root/airflow/dags/example_postgres_dag.py.py for tasks to queue
[2024-07-27T22:32:02.926+0700] {logging_mixin.py:188} INFO - [2024-07-27T22:32:02.926+0700] {dagbag.py:545} INFO - Filling up the DagBag from /root/airflow/dags/example_postgres_dag.py.py
[2024-07-27T22:32:02.930+0700] {processor.py:840} INFO - DAG(s) 'example_postgres_dag' retrieved from /root/airflow/dags/example_postgres_dag.py.py
[2024-07-27T22:32:02.944+0700] {logging_mixin.py:188} INFO - [2024-07-27T22:32:02.944+0700] {dag.py:3089} INFO - Sync 1 DAGs
[2024-07-27T22:32:02.953+0700] {logging_mixin.py:188} INFO - [2024-07-27T22:32:02.952+0700] {dag.py:3947} INFO - Setting next_dagrun for example_postgres_dag to None, run_after=None
[2024-07-27T22:32:02.987+0700] {processor.py:183} INFO - Processing /root/airflow/dags/example_postgres_dag.py.py took 0.069 seconds
[2024-07-27T22:32:33.233+0700] {processor.py:161} INFO - Started process (PID=37057) to work on /root/airflow/dags/example_postgres_dag.py.py
[2024-07-27T22:32:33.235+0700] {processor.py:830} INFO - Processing file /root/airflow/dags/example_postgres_dag.py.py for tasks to queue
[2024-07-27T22:32:33.236+0700] {logging_mixin.py:188} INFO - [2024-07-27T22:32:33.236+0700] {dagbag.py:545} INFO - Filling up the DagBag from /root/airflow/dags/example_postgres_dag.py.py
[2024-07-27T22:32:33.241+0700] {processor.py:840} INFO - DAG(s) 'example_postgres_dag' retrieved from /root/airflow/dags/example_postgres_dag.py.py
[2024-07-27T22:32:33.253+0700] {logging_mixin.py:188} INFO - [2024-07-27T22:32:33.253+0700] {dag.py:3089} INFO - Sync 1 DAGs
[2024-07-27T22:32:33.262+0700] {logging_mixin.py:188} INFO - [2024-07-27T22:32:33.262+0700] {dag.py:3947} INFO - Setting next_dagrun for example_postgres_dag to None, run_after=None
[2024-07-27T22:32:33.294+0700] {processor.py:183} INFO - Processing /root/airflow/dags/example_postgres_dag.py.py took 0.065 seconds
[2024-07-27T22:33:03.586+0700] {processor.py:161} INFO - Started process (PID=37267) to work on /root/airflow/dags/example_postgres_dag.py.py
[2024-07-27T22:33:03.589+0700] {processor.py:830} INFO - Processing file /root/airflow/dags/example_postgres_dag.py.py for tasks to queue
[2024-07-27T22:33:03.590+0700] {logging_mixin.py:188} INFO - [2024-07-27T22:33:03.590+0700] {dagbag.py:545} INFO - Filling up the DagBag from /root/airflow/dags/example_postgres_dag.py.py
[2024-07-27T22:33:03.594+0700] {processor.py:840} INFO - DAG(s) 'example_postgres_dag' retrieved from /root/airflow/dags/example_postgres_dag.py.py
[2024-07-27T22:33:03.609+0700] {logging_mixin.py:188} INFO - [2024-07-27T22:33:03.609+0700] {dag.py:3089} INFO - Sync 1 DAGs
[2024-07-27T22:33:03.620+0700] {logging_mixin.py:188} INFO - [2024-07-27T22:33:03.620+0700] {dag.py:3947} INFO - Setting next_dagrun for example_postgres_dag to None, run_after=None
[2024-07-27T22:33:03.649+0700] {processor.py:183} INFO - Processing /root/airflow/dags/example_postgres_dag.py.py took 0.069 seconds
[2024-07-27T22:33:33.997+0700] {processor.py:161} INFO - Started process (PID=37496) to work on /root/airflow/dags/example_postgres_dag.py.py
[2024-07-27T22:33:33.999+0700] {processor.py:830} INFO - Processing file /root/airflow/dags/example_postgres_dag.py.py for tasks to queue
[2024-07-27T22:33:34.000+0700] {logging_mixin.py:188} INFO - [2024-07-27T22:33:34.000+0700] {dagbag.py:545} INFO - Filling up the DagBag from /root/airflow/dags/example_postgres_dag.py.py
[2024-07-27T22:33:34.010+0700] {processor.py:840} INFO - DAG(s) 'example_postgres_dag' retrieved from /root/airflow/dags/example_postgres_dag.py.py
[2024-07-27T22:33:34.036+0700] {logging_mixin.py:188} INFO - [2024-07-27T22:33:34.036+0700] {dag.py:3089} INFO - Sync 1 DAGs
[2024-07-27T22:33:34.048+0700] {logging_mixin.py:188} INFO - [2024-07-27T22:33:34.048+0700] {dag.py:3947} INFO - Setting next_dagrun for example_postgres_dag to None, run_after=None
[2024-07-27T22:33:34.080+0700] {processor.py:183} INFO - Processing /root/airflow/dags/example_postgres_dag.py.py took 0.096 seconds
[2024-07-27T22:33:50.578+0700] {processor.py:161} INFO - Started process (PID=37625) to work on /root/airflow/dags/example_postgres_dag.py.py
[2024-07-27T22:33:50.580+0700] {processor.py:830} INFO - Processing file /root/airflow/dags/example_postgres_dag.py.py for tasks to queue
[2024-07-27T22:33:50.581+0700] {logging_mixin.py:188} INFO - [2024-07-27T22:33:50.581+0700] {dagbag.py:545} INFO - Filling up the DagBag from /root/airflow/dags/example_postgres_dag.py.py
[2024-07-27T22:33:50.591+0700] {processor.py:840} INFO - DAG(s) 'example_postgres_dag' retrieved from /root/airflow/dags/example_postgres_dag.py.py
[2024-07-27T22:33:50.624+0700] {logging_mixin.py:188} INFO - [2024-07-27T22:33:50.624+0700] {dag.py:3089} INFO - Sync 1 DAGs
[2024-07-27T22:33:50.639+0700] {logging_mixin.py:188} INFO - [2024-07-27T22:33:50.639+0700] {dag.py:3947} INFO - Setting next_dagrun for example_postgres_dag to None, run_after=None
[2024-07-27T22:33:50.677+0700] {processor.py:183} INFO - Processing /root/airflow/dags/example_postgres_dag.py.py took 0.107 seconds
[2024-07-27T22:36:15.617+0700] {processor.py:161} INFO - Started process (PID=39546) to work on /root/airflow/dags/example_postgres_dag.py.py
[2024-07-27T22:36:15.620+0700] {processor.py:830} INFO - Processing file /root/airflow/dags/example_postgres_dag.py.py for tasks to queue
[2024-07-27T22:36:15.622+0700] {logging_mixin.py:188} INFO - [2024-07-27T22:36:15.621+0700] {dagbag.py:545} INFO - Filling up the DagBag from /root/airflow/dags/example_postgres_dag.py.py
[2024-07-27T22:36:15.643+0700] {processor.py:840} INFO - DAG(s) 'example_postgres_dag' retrieved from /root/airflow/dags/example_postgres_dag.py.py
[2024-07-27T22:36:15.820+0700] {logging_mixin.py:188} INFO - [2024-07-27T22:36:15.820+0700] {dag.py:3089} INFO - Sync 1 DAGs
[2024-07-27T22:36:15.828+0700] {logging_mixin.py:188} INFO - [2024-07-27T22:36:15.828+0700] {dag.py:3947} INFO - Setting next_dagrun for example_postgres_dag to None, run_after=None
[2024-07-27T22:36:15.870+0700] {processor.py:183} INFO - Processing /root/airflow/dags/example_postgres_dag.py.py took 0.274 seconds
[2024-07-27T22:36:46.678+0700] {processor.py:161} INFO - Started process (PID=40065) to work on /root/airflow/dags/example_postgres_dag.py.py
[2024-07-27T22:36:46.680+0700] {processor.py:830} INFO - Processing file /root/airflow/dags/example_postgres_dag.py.py for tasks to queue
[2024-07-27T22:36:46.681+0700] {logging_mixin.py:188} INFO - [2024-07-27T22:36:46.681+0700] {dagbag.py:545} INFO - Filling up the DagBag from /root/airflow/dags/example_postgres_dag.py.py
[2024-07-27T22:36:46.689+0700] {processor.py:840} INFO - DAG(s) 'example_postgres_dag' retrieved from /root/airflow/dags/example_postgres_dag.py.py
[2024-07-27T22:36:46.725+0700] {logging_mixin.py:188} INFO - [2024-07-27T22:36:46.725+0700] {dag.py:3089} INFO - Sync 1 DAGs
[2024-07-27T22:36:46.738+0700] {logging_mixin.py:188} INFO - [2024-07-27T22:36:46.738+0700] {dag.py:3947} INFO - Setting next_dagrun for example_postgres_dag to None, run_after=None
[2024-07-27T22:36:46.773+0700] {processor.py:183} INFO - Processing /root/airflow/dags/example_postgres_dag.py.py took 0.101 seconds
[2024-07-27T22:37:16.966+0700] {processor.py:161} INFO - Started process (PID=40458) to work on /root/airflow/dags/example_postgres_dag.py.py
[2024-07-27T22:37:16.967+0700] {processor.py:830} INFO - Processing file /root/airflow/dags/example_postgres_dag.py.py for tasks to queue
[2024-07-27T22:37:16.968+0700] {logging_mixin.py:188} INFO - [2024-07-27T22:37:16.968+0700] {dagbag.py:545} INFO - Filling up the DagBag from /root/airflow/dags/example_postgres_dag.py.py
[2024-07-27T22:37:16.972+0700] {processor.py:840} INFO - DAG(s) 'example_postgres_dag' retrieved from /root/airflow/dags/example_postgres_dag.py.py
[2024-07-27T22:37:16.997+0700] {logging_mixin.py:188} INFO - [2024-07-27T22:37:16.997+0700] {dag.py:3089} INFO - Sync 1 DAGs
[2024-07-27T22:37:17.007+0700] {logging_mixin.py:188} INFO - [2024-07-27T22:37:17.006+0700] {dag.py:3947} INFO - Setting next_dagrun for example_postgres_dag to None, run_after=None
[2024-07-27T22:37:17.039+0700] {processor.py:183} INFO - Processing /root/airflow/dags/example_postgres_dag.py.py took 0.079 seconds
[2024-07-27T22:37:47.639+0700] {processor.py:161} INFO - Started process (PID=40734) to work on /root/airflow/dags/example_postgres_dag.py.py
[2024-07-27T22:37:47.663+0700] {processor.py:830} INFO - Processing file /root/airflow/dags/example_postgres_dag.py.py for tasks to queue
[2024-07-27T22:37:47.739+0700] {logging_mixin.py:188} INFO - [2024-07-27T22:37:47.730+0700] {dagbag.py:545} INFO - Filling up the DagBag from /root/airflow/dags/example_postgres_dag.py.py
[2024-07-27T22:37:47.754+0700] {processor.py:840} INFO - DAG(s) 'example_postgres_dag' retrieved from /root/airflow/dags/example_postgres_dag.py.py
[2024-07-27T22:37:47.828+0700] {logging_mixin.py:188} INFO - [2024-07-27T22:37:47.827+0700] {dag.py:3089} INFO - Sync 1 DAGs
[2024-07-27T22:37:47.841+0700] {logging_mixin.py:188} INFO - [2024-07-27T22:37:47.841+0700] {dag.py:3947} INFO - Setting next_dagrun for example_postgres_dag to None, run_after=None
[2024-07-27T22:37:47.907+0700] {processor.py:183} INFO - Processing /root/airflow/dags/example_postgres_dag.py.py took 0.619 seconds
[2024-07-27T22:38:18.472+0700] {processor.py:161} INFO - Started process (PID=40954) to work on /root/airflow/dags/example_postgres_dag.py.py
[2024-07-27T22:38:18.474+0700] {processor.py:830} INFO - Processing file /root/airflow/dags/example_postgres_dag.py.py for tasks to queue
[2024-07-27T22:38:18.475+0700] {logging_mixin.py:188} INFO - [2024-07-27T22:38:18.475+0700] {dagbag.py:545} INFO - Filling up the DagBag from /root/airflow/dags/example_postgres_dag.py.py
[2024-07-27T22:38:18.481+0700] {processor.py:840} INFO - DAG(s) 'example_postgres_dag' retrieved from /root/airflow/dags/example_postgres_dag.py.py
[2024-07-27T22:38:18.540+0700] {logging_mixin.py:188} INFO - [2024-07-27T22:38:18.540+0700] {dag.py:3089} INFO - Sync 1 DAGs
[2024-07-27T22:38:18.558+0700] {logging_mixin.py:188} INFO - [2024-07-27T22:38:18.558+0700] {dag.py:3947} INFO - Setting next_dagrun for example_postgres_dag to None, run_after=None
[2024-07-27T22:38:18.608+0700] {processor.py:183} INFO - Processing /root/airflow/dags/example_postgres_dag.py.py took 0.142 seconds
[2024-07-27T22:38:48.729+0700] {processor.py:161} INFO - Started process (PID=41163) to work on /root/airflow/dags/example_postgres_dag.py.py
[2024-07-27T22:38:48.732+0700] {processor.py:830} INFO - Processing file /root/airflow/dags/example_postgres_dag.py.py for tasks to queue
[2024-07-27T22:38:48.733+0700] {logging_mixin.py:188} INFO - [2024-07-27T22:38:48.733+0700] {dagbag.py:545} INFO - Filling up the DagBag from /root/airflow/dags/example_postgres_dag.py.py
[2024-07-27T22:38:48.741+0700] {processor.py:840} INFO - DAG(s) 'example_postgres_dag' retrieved from /root/airflow/dags/example_postgres_dag.py.py
[2024-07-27T22:38:48.780+0700] {logging_mixin.py:188} INFO - [2024-07-27T22:38:48.779+0700] {dag.py:3089} INFO - Sync 1 DAGs
[2024-07-27T22:38:48.795+0700] {logging_mixin.py:188} INFO - [2024-07-27T22:38:48.794+0700] {dag.py:3947} INFO - Setting next_dagrun for example_postgres_dag to None, run_after=None
[2024-07-27T22:38:48.846+0700] {processor.py:183} INFO - Processing /root/airflow/dags/example_postgres_dag.py.py took 0.131 seconds
[2024-07-27T22:39:18.920+0700] {processor.py:161} INFO - Started process (PID=41373) to work on /root/airflow/dags/example_postgres_dag.py.py
[2024-07-27T22:39:18.926+0700] {processor.py:830} INFO - Processing file /root/airflow/dags/example_postgres_dag.py.py for tasks to queue
[2024-07-27T22:39:18.929+0700] {logging_mixin.py:188} INFO - [2024-07-27T22:39:18.928+0700] {dagbag.py:545} INFO - Filling up the DagBag from /root/airflow/dags/example_postgres_dag.py.py
[2024-07-27T22:39:18.934+0700] {processor.py:840} INFO - DAG(s) 'example_postgres_dag' retrieved from /root/airflow/dags/example_postgres_dag.py.py
[2024-07-27T22:39:18.960+0700] {logging_mixin.py:188} INFO - [2024-07-27T22:39:18.960+0700] {dag.py:3089} INFO - Sync 1 DAGs
[2024-07-27T22:39:18.974+0700] {logging_mixin.py:188} INFO - [2024-07-27T22:39:18.974+0700] {dag.py:3947} INFO - Setting next_dagrun for example_postgres_dag to None, run_after=None
[2024-07-27T22:39:19.014+0700] {processor.py:183} INFO - Processing /root/airflow/dags/example_postgres_dag.py.py took 0.098 seconds
[2024-07-27T22:39:49.147+0700] {processor.py:161} INFO - Started process (PID=41588) to work on /root/airflow/dags/example_postgres_dag.py.py
[2024-07-27T22:39:49.151+0700] {processor.py:830} INFO - Processing file /root/airflow/dags/example_postgres_dag.py.py for tasks to queue
[2024-07-27T22:39:49.153+0700] {logging_mixin.py:188} INFO - [2024-07-27T22:39:49.152+0700] {dagbag.py:545} INFO - Filling up the DagBag from /root/airflow/dags/example_postgres_dag.py.py
[2024-07-27T22:39:49.157+0700] {processor.py:840} INFO - DAG(s) 'example_postgres_dag' retrieved from /root/airflow/dags/example_postgres_dag.py.py
[2024-07-27T22:39:49.182+0700] {logging_mixin.py:188} INFO - [2024-07-27T22:39:49.182+0700] {dag.py:3089} INFO - Sync 1 DAGs
[2024-07-27T22:39:49.201+0700] {logging_mixin.py:188} INFO - [2024-07-27T22:39:49.200+0700] {dag.py:3947} INFO - Setting next_dagrun for example_postgres_dag to None, run_after=None
[2024-07-27T22:39:49.251+0700] {processor.py:183} INFO - Processing /root/airflow/dags/example_postgres_dag.py.py took 0.108 seconds
[2024-07-27T22:40:20.349+0700] {processor.py:161} INFO - Started process (PID=41809) to work on /root/airflow/dags/example_postgres_dag.py.py
[2024-07-27T22:40:20.352+0700] {processor.py:830} INFO - Processing file /root/airflow/dags/example_postgres_dag.py.py for tasks to queue
[2024-07-27T22:40:20.353+0700] {logging_mixin.py:188} INFO - [2024-07-27T22:40:20.352+0700] {dagbag.py:545} INFO - Filling up the DagBag from /root/airflow/dags/example_postgres_dag.py.py
[2024-07-27T22:40:20.359+0700] {processor.py:840} INFO - DAG(s) 'example_postgres_dag' retrieved from /root/airflow/dags/example_postgres_dag.py.py
[2024-07-27T22:40:20.386+0700] {logging_mixin.py:188} INFO - [2024-07-27T22:40:20.386+0700] {dag.py:3089} INFO - Sync 1 DAGs
[2024-07-27T22:40:20.399+0700] {logging_mixin.py:188} INFO - [2024-07-27T22:40:20.398+0700] {dag.py:3947} INFO - Setting next_dagrun for example_postgres_dag to None, run_after=None
[2024-07-27T22:40:20.438+0700] {processor.py:183} INFO - Processing /root/airflow/dags/example_postgres_dag.py.py took 0.094 seconds
[2024-07-27T22:40:50.571+0700] {processor.py:161} INFO - Started process (PID=42018) to work on /root/airflow/dags/example_postgres_dag.py.py
[2024-07-27T22:40:50.573+0700] {processor.py:830} INFO - Processing file /root/airflow/dags/example_postgres_dag.py.py for tasks to queue
[2024-07-27T22:40:50.573+0700] {logging_mixin.py:188} INFO - [2024-07-27T22:40:50.573+0700] {dagbag.py:545} INFO - Filling up the DagBag from /root/airflow/dags/example_postgres_dag.py.py
[2024-07-27T22:40:50.579+0700] {processor.py:840} INFO - DAG(s) 'example_postgres_dag' retrieved from /root/airflow/dags/example_postgres_dag.py.py
[2024-07-27T22:40:50.604+0700] {logging_mixin.py:188} INFO - [2024-07-27T22:40:50.603+0700] {dag.py:3089} INFO - Sync 1 DAGs
[2024-07-27T22:40:50.620+0700] {logging_mixin.py:188} INFO - [2024-07-27T22:40:50.619+0700] {dag.py:3947} INFO - Setting next_dagrun for example_postgres_dag to None, run_after=None
[2024-07-27T22:40:50.661+0700] {processor.py:183} INFO - Processing /root/airflow/dags/example_postgres_dag.py.py took 0.095 seconds
[2024-07-27T22:41:20.776+0700] {processor.py:161} INFO - Started process (PID=42261) to work on /root/airflow/dags/example_postgres_dag.py.py
[2024-07-27T22:41:20.778+0700] {processor.py:830} INFO - Processing file /root/airflow/dags/example_postgres_dag.py.py for tasks to queue
[2024-07-27T22:41:20.779+0700] {logging_mixin.py:188} INFO - [2024-07-27T22:41:20.779+0700] {dagbag.py:545} INFO - Filling up the DagBag from /root/airflow/dags/example_postgres_dag.py.py
[2024-07-27T22:41:20.783+0700] {processor.py:840} INFO - DAG(s) 'example_postgres_dag' retrieved from /root/airflow/dags/example_postgres_dag.py.py
[2024-07-27T22:41:20.801+0700] {logging_mixin.py:188} INFO - [2024-07-27T22:41:20.801+0700] {dag.py:3089} INFO - Sync 1 DAGs
[2024-07-27T22:41:20.809+0700] {logging_mixin.py:188} INFO - [2024-07-27T22:41:20.809+0700] {dag.py:3947} INFO - Setting next_dagrun for example_postgres_dag to None, run_after=None
[2024-07-27T22:41:20.839+0700] {processor.py:183} INFO - Processing /root/airflow/dags/example_postgres_dag.py.py took 0.067 seconds
[2024-07-27T22:41:50.976+0700] {processor.py:161} INFO - Started process (PID=42472) to work on /root/airflow/dags/example_postgres_dag.py.py
[2024-07-27T22:41:50.977+0700] {processor.py:830} INFO - Processing file /root/airflow/dags/example_postgres_dag.py.py for tasks to queue
[2024-07-27T22:41:50.977+0700] {logging_mixin.py:188} INFO - [2024-07-27T22:41:50.977+0700] {dagbag.py:545} INFO - Filling up the DagBag from /root/airflow/dags/example_postgres_dag.py.py
[2024-07-27T22:41:50.981+0700] {processor.py:840} INFO - DAG(s) 'example_postgres_dag' retrieved from /root/airflow/dags/example_postgres_dag.py.py
[2024-07-27T22:41:50.998+0700] {logging_mixin.py:188} INFO - [2024-07-27T22:41:50.998+0700] {dag.py:3089} INFO - Sync 1 DAGs
[2024-07-27T22:41:51.007+0700] {logging_mixin.py:188} INFO - [2024-07-27T22:41:51.007+0700] {dag.py:3947} INFO - Setting next_dagrun for example_postgres_dag to None, run_after=None
[2024-07-27T22:41:51.036+0700] {processor.py:183} INFO - Processing /root/airflow/dags/example_postgres_dag.py.py took 0.064 seconds
[2024-07-27T22:42:21.176+0700] {processor.py:161} INFO - Started process (PID=42688) to work on /root/airflow/dags/example_postgres_dag.py.py
[2024-07-27T22:42:21.178+0700] {processor.py:830} INFO - Processing file /root/airflow/dags/example_postgres_dag.py.py for tasks to queue
[2024-07-27T22:42:21.179+0700] {logging_mixin.py:188} INFO - [2024-07-27T22:42:21.179+0700] {dagbag.py:545} INFO - Filling up the DagBag from /root/airflow/dags/example_postgres_dag.py.py
[2024-07-27T22:42:21.183+0700] {processor.py:840} INFO - DAG(s) 'example_postgres_dag' retrieved from /root/airflow/dags/example_postgres_dag.py.py
[2024-07-27T22:42:21.200+0700] {logging_mixin.py:188} INFO - [2024-07-27T22:42:21.200+0700] {dag.py:3089} INFO - Sync 1 DAGs
[2024-07-27T22:42:21.208+0700] {logging_mixin.py:188} INFO - [2024-07-27T22:42:21.208+0700] {dag.py:3947} INFO - Setting next_dagrun for example_postgres_dag to None, run_after=None
[2024-07-27T22:42:21.242+0700] {processor.py:183} INFO - Processing /root/airflow/dags/example_postgres_dag.py.py took 0.070 seconds
[2024-07-27T22:42:51.370+0700] {processor.py:161} INFO - Started process (PID=42897) to work on /root/airflow/dags/example_postgres_dag.py.py
[2024-07-27T22:42:51.370+0700] {processor.py:830} INFO - Processing file /root/airflow/dags/example_postgres_dag.py.py for tasks to queue
[2024-07-27T22:42:51.372+0700] {logging_mixin.py:188} INFO - [2024-07-27T22:42:51.371+0700] {dagbag.py:545} INFO - Filling up the DagBag from /root/airflow/dags/example_postgres_dag.py.py
[2024-07-27T22:42:51.379+0700] {processor.py:840} INFO - DAG(s) 'example_postgres_dag' retrieved from /root/airflow/dags/example_postgres_dag.py.py
[2024-07-27T22:42:51.403+0700] {logging_mixin.py:188} INFO - [2024-07-27T22:42:51.402+0700] {dag.py:3089} INFO - Sync 1 DAGs
[2024-07-27T22:42:51.419+0700] {logging_mixin.py:188} INFO - [2024-07-27T22:42:51.419+0700] {dag.py:3947} INFO - Setting next_dagrun for example_postgres_dag to None, run_after=None
[2024-07-27T22:42:51.453+0700] {processor.py:183} INFO - Processing /root/airflow/dags/example_postgres_dag.py.py took 0.089 seconds
[2024-07-27T22:43:21.602+0700] {processor.py:161} INFO - Started process (PID=43113) to work on /root/airflow/dags/example_postgres_dag.py.py
[2024-07-27T22:43:21.605+0700] {processor.py:830} INFO - Processing file /root/airflow/dags/example_postgres_dag.py.py for tasks to queue
[2024-07-27T22:43:21.607+0700] {logging_mixin.py:188} INFO - [2024-07-27T22:43:21.606+0700] {dagbag.py:545} INFO - Filling up the DagBag from /root/airflow/dags/example_postgres_dag.py.py
[2024-07-27T22:43:21.611+0700] {processor.py:840} INFO - DAG(s) 'example_postgres_dag' retrieved from /root/airflow/dags/example_postgres_dag.py.py
[2024-07-27T22:43:21.634+0700] {logging_mixin.py:188} INFO - [2024-07-27T22:43:21.634+0700] {dag.py:3089} INFO - Sync 1 DAGs
[2024-07-27T22:43:21.648+0700] {logging_mixin.py:188} INFO - [2024-07-27T22:43:21.648+0700] {dag.py:3947} INFO - Setting next_dagrun for example_postgres_dag to None, run_after=None
[2024-07-27T22:43:21.684+0700] {processor.py:183} INFO - Processing /root/airflow/dags/example_postgres_dag.py.py took 0.087 seconds
[2024-07-27T22:43:51.825+0700] {processor.py:161} INFO - Started process (PID=43322) to work on /root/airflow/dags/example_postgres_dag.py.py
[2024-07-27T22:43:51.826+0700] {processor.py:830} INFO - Processing file /root/airflow/dags/example_postgres_dag.py.py for tasks to queue
[2024-07-27T22:43:51.827+0700] {logging_mixin.py:188} INFO - [2024-07-27T22:43:51.827+0700] {dagbag.py:545} INFO - Filling up the DagBag from /root/airflow/dags/example_postgres_dag.py.py
[2024-07-27T22:43:51.831+0700] {processor.py:840} INFO - DAG(s) 'example_postgres_dag' retrieved from /root/airflow/dags/example_postgres_dag.py.py
[2024-07-27T22:43:51.848+0700] {logging_mixin.py:188} INFO - [2024-07-27T22:43:51.848+0700] {dag.py:3089} INFO - Sync 1 DAGs
[2024-07-27T22:43:51.856+0700] {logging_mixin.py:188} INFO - [2024-07-27T22:43:51.856+0700] {dag.py:3947} INFO - Setting next_dagrun for example_postgres_dag to None, run_after=None
[2024-07-27T22:43:51.892+0700] {processor.py:183} INFO - Processing /root/airflow/dags/example_postgres_dag.py.py took 0.073 seconds
[2024-07-27T22:44:22.066+0700] {processor.py:161} INFO - Started process (PID=43538) to work on /root/airflow/dags/example_postgres_dag.py.py
[2024-07-27T22:44:22.070+0700] {processor.py:830} INFO - Processing file /root/airflow/dags/example_postgres_dag.py.py for tasks to queue
[2024-07-27T22:44:22.073+0700] {logging_mixin.py:188} INFO - [2024-07-27T22:44:22.072+0700] {dagbag.py:545} INFO - Filling up the DagBag from /root/airflow/dags/example_postgres_dag.py.py
[2024-07-27T22:44:22.078+0700] {processor.py:840} INFO - DAG(s) 'example_postgres_dag' retrieved from /root/airflow/dags/example_postgres_dag.py.py
[2024-07-27T22:44:22.101+0700] {logging_mixin.py:188} INFO - [2024-07-27T22:44:22.100+0700] {dag.py:3089} INFO - Sync 1 DAGs
[2024-07-27T22:44:22.113+0700] {logging_mixin.py:188} INFO - [2024-07-27T22:44:22.113+0700] {dag.py:3947} INFO - Setting next_dagrun for example_postgres_dag to None, run_after=None
[2024-07-27T22:44:22.152+0700] {processor.py:183} INFO - Processing /root/airflow/dags/example_postgres_dag.py.py took 0.091 seconds
[2024-07-27T22:44:52.301+0700] {processor.py:161} INFO - Started process (PID=43747) to work on /root/airflow/dags/example_postgres_dag.py.py
[2024-07-27T22:44:52.301+0700] {processor.py:830} INFO - Processing file /root/airflow/dags/example_postgres_dag.py.py for tasks to queue
[2024-07-27T22:44:52.302+0700] {logging_mixin.py:188} INFO - [2024-07-27T22:44:52.302+0700] {dagbag.py:545} INFO - Filling up the DagBag from /root/airflow/dags/example_postgres_dag.py.py
[2024-07-27T22:44:52.307+0700] {processor.py:840} INFO - DAG(s) 'example_postgres_dag' retrieved from /root/airflow/dags/example_postgres_dag.py.py
[2024-07-27T22:44:52.341+0700] {logging_mixin.py:188} INFO - [2024-07-27T22:44:52.341+0700] {dag.py:3089} INFO - Sync 1 DAGs
[2024-07-27T22:44:52.354+0700] {logging_mixin.py:188} INFO - [2024-07-27T22:44:52.353+0700] {dag.py:3947} INFO - Setting next_dagrun for example_postgres_dag to None, run_after=None
[2024-07-27T22:44:52.396+0700] {processor.py:183} INFO - Processing /root/airflow/dags/example_postgres_dag.py.py took 0.105 seconds
[2024-07-27T22:45:22.521+0700] {processor.py:161} INFO - Started process (PID=43964) to work on /root/airflow/dags/example_postgres_dag.py.py
[2024-07-27T22:45:22.525+0700] {processor.py:830} INFO - Processing file /root/airflow/dags/example_postgres_dag.py.py for tasks to queue
[2024-07-27T22:45:22.526+0700] {logging_mixin.py:188} INFO - [2024-07-27T22:45:22.526+0700] {dagbag.py:545} INFO - Filling up the DagBag from /root/airflow/dags/example_postgres_dag.py.py
[2024-07-27T22:45:22.531+0700] {processor.py:840} INFO - DAG(s) 'example_postgres_dag' retrieved from /root/airflow/dags/example_postgres_dag.py.py
[2024-07-27T22:45:22.556+0700] {logging_mixin.py:188} INFO - [2024-07-27T22:45:22.556+0700] {dag.py:3089} INFO - Sync 1 DAGs
[2024-07-27T22:45:22.565+0700] {logging_mixin.py:188} INFO - [2024-07-27T22:45:22.564+0700] {dag.py:3947} INFO - Setting next_dagrun for example_postgres_dag to None, run_after=None
[2024-07-27T22:45:22.601+0700] {processor.py:183} INFO - Processing /root/airflow/dags/example_postgres_dag.py.py took 0.087 seconds
[2024-07-27T22:45:52.919+0700] {processor.py:161} INFO - Started process (PID=44176) to work on /root/airflow/dags/example_postgres_dag.py.py
[2024-07-27T22:45:52.922+0700] {processor.py:830} INFO - Processing file /root/airflow/dags/example_postgres_dag.py.py for tasks to queue
[2024-07-27T22:45:52.924+0700] {logging_mixin.py:188} INFO - [2024-07-27T22:45:52.923+0700] {dagbag.py:545} INFO - Filling up the DagBag from /root/airflow/dags/example_postgres_dag.py.py
[2024-07-27T22:45:52.930+0700] {processor.py:840} INFO - DAG(s) 'example_postgres_dag' retrieved from /root/airflow/dags/example_postgres_dag.py.py
[2024-07-27T22:45:52.955+0700] {logging_mixin.py:188} INFO - [2024-07-27T22:45:52.955+0700] {dag.py:3089} INFO - Sync 1 DAGs
[2024-07-27T22:45:52.967+0700] {logging_mixin.py:188} INFO - [2024-07-27T22:45:52.967+0700] {dag.py:3947} INFO - Setting next_dagrun for example_postgres_dag to None, run_after=None
[2024-07-27T22:45:53.007+0700] {processor.py:183} INFO - Processing /root/airflow/dags/example_postgres_dag.py.py took 0.094 seconds
[2024-07-27T22:46:23.363+0700] {processor.py:161} INFO - Started process (PID=44420) to work on /root/airflow/dags/example_postgres_dag.py.py
[2024-07-27T22:46:23.367+0700] {processor.py:830} INFO - Processing file /root/airflow/dags/example_postgres_dag.py.py for tasks to queue
[2024-07-27T22:46:23.368+0700] {logging_mixin.py:188} INFO - [2024-07-27T22:46:23.367+0700] {dagbag.py:545} INFO - Filling up the DagBag from /root/airflow/dags/example_postgres_dag.py.py
[2024-07-27T22:46:23.372+0700] {processor.py:840} INFO - DAG(s) 'example_postgres_dag' retrieved from /root/airflow/dags/example_postgres_dag.py.py
[2024-07-27T22:46:23.398+0700] {logging_mixin.py:188} INFO - [2024-07-27T22:46:23.398+0700] {dag.py:3089} INFO - Sync 1 DAGs
[2024-07-27T22:46:23.410+0700] {logging_mixin.py:188} INFO - [2024-07-27T22:46:23.410+0700] {dag.py:3947} INFO - Setting next_dagrun for example_postgres_dag to None, run_after=None
[2024-07-27T22:46:23.444+0700] {processor.py:183} INFO - Processing /root/airflow/dags/example_postgres_dag.py.py took 0.087 seconds
[2024-07-27T22:46:53.939+0700] {processor.py:161} INFO - Started process (PID=44631) to work on /root/airflow/dags/example_postgres_dag.py.py
[2024-07-27T22:46:53.942+0700] {processor.py:830} INFO - Processing file /root/airflow/dags/example_postgres_dag.py.py for tasks to queue
[2024-07-27T22:46:53.943+0700] {logging_mixin.py:188} INFO - [2024-07-27T22:46:53.942+0700] {dagbag.py:545} INFO - Filling up the DagBag from /root/airflow/dags/example_postgres_dag.py.py
[2024-07-27T22:46:53.947+0700] {processor.py:840} INFO - DAG(s) 'example_postgres_dag' retrieved from /root/airflow/dags/example_postgres_dag.py.py
[2024-07-27T22:46:53.972+0700] {logging_mixin.py:188} INFO - [2024-07-27T22:46:53.971+0700] {dag.py:3089} INFO - Sync 1 DAGs
[2024-07-27T22:46:53.988+0700] {logging_mixin.py:188} INFO - [2024-07-27T22:46:53.988+0700] {dag.py:3947} INFO - Setting next_dagrun for example_postgres_dag to None, run_after=None
[2024-07-27T22:46:54.023+0700] {processor.py:183} INFO - Processing /root/airflow/dags/example_postgres_dag.py.py took 0.092 seconds
[2024-07-27T22:47:24.347+0700] {processor.py:161} INFO - Started process (PID=44853) to work on /root/airflow/dags/example_postgres_dag.py.py
[2024-07-27T22:47:24.350+0700] {processor.py:830} INFO - Processing file /root/airflow/dags/example_postgres_dag.py.py for tasks to queue
[2024-07-27T22:47:24.351+0700] {logging_mixin.py:188} INFO - [2024-07-27T22:47:24.351+0700] {dagbag.py:545} INFO - Filling up the DagBag from /root/airflow/dags/example_postgres_dag.py.py
[2024-07-27T22:47:24.357+0700] {processor.py:840} INFO - DAG(s) 'example_postgres_dag' retrieved from /root/airflow/dags/example_postgres_dag.py.py
[2024-07-27T22:47:24.472+0700] {logging_mixin.py:188} INFO - [2024-07-27T22:47:24.472+0700] {dag.py:3089} INFO - Sync 1 DAGs
[2024-07-27T22:47:24.492+0700] {logging_mixin.py:188} INFO - [2024-07-27T22:47:24.491+0700] {dag.py:3947} INFO - Setting next_dagrun for example_postgres_dag to None, run_after=None
[2024-07-27T22:47:24.531+0700] {processor.py:183} INFO - Processing /root/airflow/dags/example_postgres_dag.py.py took 0.190 seconds
[2024-07-27T22:47:54.803+0700] {processor.py:161} INFO - Started process (PID=45063) to work on /root/airflow/dags/example_postgres_dag.py.py
[2024-07-27T22:47:54.808+0700] {processor.py:830} INFO - Processing file /root/airflow/dags/example_postgres_dag.py.py for tasks to queue
[2024-07-27T22:47:54.809+0700] {logging_mixin.py:188} INFO - [2024-07-27T22:47:54.808+0700] {dagbag.py:545} INFO - Filling up the DagBag from /root/airflow/dags/example_postgres_dag.py.py
[2024-07-27T22:47:54.813+0700] {processor.py:840} INFO - DAG(s) 'example_postgres_dag' retrieved from /root/airflow/dags/example_postgres_dag.py.py
[2024-07-27T22:47:54.837+0700] {logging_mixin.py:188} INFO - [2024-07-27T22:47:54.837+0700] {dag.py:3089} INFO - Sync 1 DAGs
[2024-07-27T22:47:54.848+0700] {logging_mixin.py:188} INFO - [2024-07-27T22:47:54.848+0700] {dag.py:3947} INFO - Setting next_dagrun for example_postgres_dag to None, run_after=None
[2024-07-27T22:47:54.879+0700] {processor.py:183} INFO - Processing /root/airflow/dags/example_postgres_dag.py.py took 0.082 seconds
[2024-07-27T22:48:25.130+0700] {processor.py:161} INFO - Started process (PID=45280) to work on /root/airflow/dags/example_postgres_dag.py.py
[2024-07-27T22:48:25.132+0700] {processor.py:830} INFO - Processing file /root/airflow/dags/example_postgres_dag.py.py for tasks to queue
[2024-07-27T22:48:25.133+0700] {logging_mixin.py:188} INFO - [2024-07-27T22:48:25.132+0700] {dagbag.py:545} INFO - Filling up the DagBag from /root/airflow/dags/example_postgres_dag.py.py
[2024-07-27T22:48:25.139+0700] {processor.py:840} INFO - DAG(s) 'example_postgres_dag' retrieved from /root/airflow/dags/example_postgres_dag.py.py
[2024-07-27T22:48:25.167+0700] {logging_mixin.py:188} INFO - [2024-07-27T22:48:25.166+0700] {dag.py:3089} INFO - Sync 1 DAGs
[2024-07-27T22:48:25.176+0700] {logging_mixin.py:188} INFO - [2024-07-27T22:48:25.175+0700] {dag.py:3947} INFO - Setting next_dagrun for example_postgres_dag to None, run_after=None
[2024-07-27T22:48:25.204+0700] {processor.py:183} INFO - Processing /root/airflow/dags/example_postgres_dag.py.py took 0.084 seconds
[2024-07-27T22:48:55.462+0700] {processor.py:161} INFO - Started process (PID=45489) to work on /root/airflow/dags/example_postgres_dag.py.py
[2024-07-27T22:48:55.465+0700] {processor.py:830} INFO - Processing file /root/airflow/dags/example_postgres_dag.py.py for tasks to queue
[2024-07-27T22:48:55.465+0700] {logging_mixin.py:188} INFO - [2024-07-27T22:48:55.465+0700] {dagbag.py:545} INFO - Filling up the DagBag from /root/airflow/dags/example_postgres_dag.py.py
[2024-07-27T22:48:55.470+0700] {processor.py:840} INFO - DAG(s) 'example_postgres_dag' retrieved from /root/airflow/dags/example_postgres_dag.py.py
[2024-07-27T22:48:55.501+0700] {logging_mixin.py:188} INFO - [2024-07-27T22:48:55.500+0700] {dag.py:3089} INFO - Sync 1 DAGs
[2024-07-27T22:48:55.531+0700] {logging_mixin.py:188} INFO - [2024-07-27T22:48:55.531+0700] {dag.py:3947} INFO - Setting next_dagrun for example_postgres_dag to None, run_after=None
[2024-07-27T22:48:55.569+0700] {processor.py:183} INFO - Processing /root/airflow/dags/example_postgres_dag.py.py took 0.117 seconds
[2024-07-27T22:49:25.769+0700] {processor.py:161} INFO - Started process (PID=45706) to work on /root/airflow/dags/example_postgres_dag.py.py
[2024-07-27T22:49:25.771+0700] {processor.py:830} INFO - Processing file /root/airflow/dags/example_postgres_dag.py.py for tasks to queue
[2024-07-27T22:49:25.771+0700] {logging_mixin.py:188} INFO - [2024-07-27T22:49:25.771+0700] {dagbag.py:545} INFO - Filling up the DagBag from /root/airflow/dags/example_postgres_dag.py.py
[2024-07-27T22:49:25.781+0700] {processor.py:840} INFO - DAG(s) 'example_postgres_dag' retrieved from /root/airflow/dags/example_postgres_dag.py.py
[2024-07-27T22:49:25.805+0700] {logging_mixin.py:188} INFO - [2024-07-27T22:49:25.805+0700] {dag.py:3089} INFO - Sync 1 DAGs
[2024-07-27T22:49:25.824+0700] {logging_mixin.py:188} INFO - [2024-07-27T22:49:25.823+0700] {dag.py:3947} INFO - Setting next_dagrun for example_postgres_dag to None, run_after=None
[2024-07-27T22:49:25.851+0700] {processor.py:183} INFO - Processing /root/airflow/dags/example_postgres_dag.py.py took 0.087 seconds
[2024-07-27T22:49:56.173+0700] {processor.py:161} INFO - Started process (PID=45916) to work on /root/airflow/dags/example_postgres_dag.py.py
[2024-07-27T22:49:56.176+0700] {processor.py:830} INFO - Processing file /root/airflow/dags/example_postgres_dag.py.py for tasks to queue
[2024-07-27T22:49:56.178+0700] {logging_mixin.py:188} INFO - [2024-07-27T22:49:56.178+0700] {dagbag.py:545} INFO - Filling up the DagBag from /root/airflow/dags/example_postgres_dag.py.py
[2024-07-27T22:49:56.184+0700] {processor.py:840} INFO - DAG(s) 'example_postgres_dag' retrieved from /root/airflow/dags/example_postgres_dag.py.py
[2024-07-27T22:49:56.212+0700] {logging_mixin.py:188} INFO - [2024-07-27T22:49:56.212+0700] {dag.py:3089} INFO - Sync 1 DAGs
[2024-07-27T22:49:56.226+0700] {logging_mixin.py:188} INFO - [2024-07-27T22:49:56.226+0700] {dag.py:3947} INFO - Setting next_dagrun for example_postgres_dag to None, run_after=None
[2024-07-27T22:49:56.252+0700] {processor.py:183} INFO - Processing /root/airflow/dags/example_postgres_dag.py.py took 0.085 seconds
[2024-07-27T22:50:26.627+0700] {processor.py:161} INFO - Started process (PID=46134) to work on /root/airflow/dags/example_postgres_dag.py.py
[2024-07-27T22:50:26.631+0700] {processor.py:830} INFO - Processing file /root/airflow/dags/example_postgres_dag.py.py for tasks to queue
[2024-07-27T22:50:26.632+0700] {logging_mixin.py:188} INFO - [2024-07-27T22:50:26.632+0700] {dagbag.py:545} INFO - Filling up the DagBag from /root/airflow/dags/example_postgres_dag.py.py
[2024-07-27T22:50:26.637+0700] {processor.py:840} INFO - DAG(s) 'example_postgres_dag' retrieved from /root/airflow/dags/example_postgres_dag.py.py
[2024-07-27T22:50:26.663+0700] {logging_mixin.py:188} INFO - [2024-07-27T22:50:26.663+0700] {dag.py:3089} INFO - Sync 1 DAGs
[2024-07-27T22:50:26.675+0700] {logging_mixin.py:188} INFO - [2024-07-27T22:50:26.675+0700] {dag.py:3947} INFO - Setting next_dagrun for example_postgres_dag to None, run_after=None
[2024-07-27T22:50:26.703+0700] {processor.py:183} INFO - Processing /root/airflow/dags/example_postgres_dag.py.py took 0.080 seconds
[2024-07-27T22:50:57.059+0700] {processor.py:161} INFO - Started process (PID=46344) to work on /root/airflow/dags/example_postgres_dag.py.py
[2024-07-27T22:50:57.060+0700] {processor.py:830} INFO - Processing file /root/airflow/dags/example_postgres_dag.py.py for tasks to queue
[2024-07-27T22:50:57.060+0700] {logging_mixin.py:188} INFO - [2024-07-27T22:50:57.060+0700] {dagbag.py:545} INFO - Filling up the DagBag from /root/airflow/dags/example_postgres_dag.py.py
[2024-07-27T22:50:57.067+0700] {processor.py:840} INFO - DAG(s) 'example_postgres_dag' retrieved from /root/airflow/dags/example_postgres_dag.py.py
[2024-07-27T22:50:57.094+0700] {logging_mixin.py:188} INFO - [2024-07-27T22:50:57.093+0700] {dag.py:3089} INFO - Sync 1 DAGs
[2024-07-27T22:50:57.110+0700] {logging_mixin.py:188} INFO - [2024-07-27T22:50:57.110+0700] {dag.py:3947} INFO - Setting next_dagrun for example_postgres_dag to None, run_after=None
[2024-07-27T22:50:57.141+0700] {processor.py:183} INFO - Processing /root/airflow/dags/example_postgres_dag.py.py took 0.088 seconds
[2024-07-27T22:51:27.371+0700] {processor.py:161} INFO - Started process (PID=46587) to work on /root/airflow/dags/example_postgres_dag.py.py
[2024-07-27T22:51:27.373+0700] {processor.py:830} INFO - Processing file /root/airflow/dags/example_postgres_dag.py.py for tasks to queue
[2024-07-27T22:51:27.376+0700] {logging_mixin.py:188} INFO - [2024-07-27T22:51:27.375+0700] {dagbag.py:545} INFO - Filling up the DagBag from /root/airflow/dags/example_postgres_dag.py.py
[2024-07-27T22:51:27.385+0700] {processor.py:840} INFO - DAG(s) 'example_postgres_dag' retrieved from /root/airflow/dags/example_postgres_dag.py.py
[2024-07-27T22:51:27.409+0700] {logging_mixin.py:188} INFO - [2024-07-27T22:51:27.409+0700] {dag.py:3089} INFO - Sync 1 DAGs
[2024-07-27T22:51:27.422+0700] {logging_mixin.py:188} INFO - [2024-07-27T22:51:27.422+0700] {dag.py:3947} INFO - Setting next_dagrun for example_postgres_dag to None, run_after=None
[2024-07-27T22:51:27.447+0700] {processor.py:183} INFO - Processing /root/airflow/dags/example_postgres_dag.py.py took 0.080 seconds
[2024-07-27T22:51:57.703+0700] {processor.py:161} INFO - Started process (PID=46797) to work on /root/airflow/dags/example_postgres_dag.py.py
[2024-07-27T22:51:57.704+0700] {processor.py:830} INFO - Processing file /root/airflow/dags/example_postgres_dag.py.py for tasks to queue
[2024-07-27T22:51:57.704+0700] {logging_mixin.py:188} INFO - [2024-07-27T22:51:57.704+0700] {dagbag.py:545} INFO - Filling up the DagBag from /root/airflow/dags/example_postgres_dag.py.py
[2024-07-27T22:51:57.710+0700] {processor.py:840} INFO - DAG(s) 'example_postgres_dag' retrieved from /root/airflow/dags/example_postgres_dag.py.py
[2024-07-27T22:51:57.736+0700] {logging_mixin.py:188} INFO - [2024-07-27T22:51:57.735+0700] {dag.py:3089} INFO - Sync 1 DAGs
[2024-07-27T22:51:57.747+0700] {logging_mixin.py:188} INFO - [2024-07-27T22:51:57.747+0700] {dag.py:3947} INFO - Setting next_dagrun for example_postgres_dag to None, run_after=None
[2024-07-27T22:51:57.774+0700] {processor.py:183} INFO - Processing /root/airflow/dags/example_postgres_dag.py.py took 0.077 seconds
[2024-07-27T22:52:28.038+0700] {processor.py:161} INFO - Started process (PID=47013) to work on /root/airflow/dags/example_postgres_dag.py.py
[2024-07-27T22:52:28.041+0700] {processor.py:830} INFO - Processing file /root/airflow/dags/example_postgres_dag.py.py for tasks to queue
[2024-07-27T22:52:28.042+0700] {logging_mixin.py:188} INFO - [2024-07-27T22:52:28.041+0700] {dagbag.py:545} INFO - Filling up the DagBag from /root/airflow/dags/example_postgres_dag.py.py
[2024-07-27T22:52:28.052+0700] {processor.py:840} INFO - DAG(s) 'example_postgres_dag' retrieved from /root/airflow/dags/example_postgres_dag.py.py
[2024-07-27T22:52:28.079+0700] {logging_mixin.py:188} INFO - [2024-07-27T22:52:28.078+0700] {dag.py:3089} INFO - Sync 1 DAGs
[2024-07-27T22:52:28.091+0700] {logging_mixin.py:188} INFO - [2024-07-27T22:52:28.091+0700] {dag.py:3947} INFO - Setting next_dagrun for example_postgres_dag to None, run_after=None
[2024-07-27T22:52:28.116+0700] {processor.py:183} INFO - Processing /root/airflow/dags/example_postgres_dag.py.py took 0.083 seconds
[2024-07-27T22:52:58.369+0700] {processor.py:161} INFO - Started process (PID=47223) to work on /root/airflow/dags/example_postgres_dag.py.py
[2024-07-27T22:52:58.371+0700] {processor.py:830} INFO - Processing file /root/airflow/dags/example_postgres_dag.py.py for tasks to queue
[2024-07-27T22:52:58.372+0700] {logging_mixin.py:188} INFO - [2024-07-27T22:52:58.371+0700] {dagbag.py:545} INFO - Filling up the DagBag from /root/airflow/dags/example_postgres_dag.py.py
[2024-07-27T22:52:58.378+0700] {processor.py:840} INFO - DAG(s) 'example_postgres_dag' retrieved from /root/airflow/dags/example_postgres_dag.py.py
[2024-07-27T22:52:58.401+0700] {logging_mixin.py:188} INFO - [2024-07-27T22:52:58.401+0700] {dag.py:3089} INFO - Sync 1 DAGs
[2024-07-27T22:52:58.413+0700] {logging_mixin.py:188} INFO - [2024-07-27T22:52:58.413+0700] {dag.py:3947} INFO - Setting next_dagrun for example_postgres_dag to None, run_after=None
[2024-07-27T22:52:58.443+0700] {processor.py:183} INFO - Processing /root/airflow/dags/example_postgres_dag.py.py took 0.082 seconds
[2024-07-27T22:53:28.720+0700] {processor.py:161} INFO - Started process (PID=47439) to work on /root/airflow/dags/example_postgres_dag.py.py
[2024-07-27T22:53:28.723+0700] {processor.py:830} INFO - Processing file /root/airflow/dags/example_postgres_dag.py.py for tasks to queue
[2024-07-27T22:53:28.732+0700] {logging_mixin.py:188} INFO - [2024-07-27T22:53:28.731+0700] {dagbag.py:545} INFO - Filling up the DagBag from /root/airflow/dags/example_postgres_dag.py.py
[2024-07-27T22:53:28.737+0700] {processor.py:840} INFO - DAG(s) 'example_postgres_dag' retrieved from /root/airflow/dags/example_postgres_dag.py.py
[2024-07-27T22:53:28.800+0700] {logging_mixin.py:188} INFO - [2024-07-27T22:53:28.790+0700] {dag.py:3089} INFO - Sync 1 DAGs
[2024-07-27T22:53:28.814+0700] {logging_mixin.py:188} INFO - [2024-07-27T22:53:28.813+0700] {dag.py:3947} INFO - Setting next_dagrun for example_postgres_dag to None, run_after=None
[2024-07-27T22:53:28.861+0700] {processor.py:183} INFO - Processing /root/airflow/dags/example_postgres_dag.py.py took 0.147 seconds
[2024-07-27T22:53:59.063+0700] {processor.py:161} INFO - Started process (PID=47649) to work on /root/airflow/dags/example_postgres_dag.py.py
[2024-07-27T22:53:59.065+0700] {processor.py:830} INFO - Processing file /root/airflow/dags/example_postgres_dag.py.py for tasks to queue
[2024-07-27T22:53:59.066+0700] {logging_mixin.py:188} INFO - [2024-07-27T22:53:59.066+0700] {dagbag.py:545} INFO - Filling up the DagBag from /root/airflow/dags/example_postgres_dag.py.py
[2024-07-27T22:53:59.074+0700] {processor.py:840} INFO - DAG(s) 'example_postgres_dag' retrieved from /root/airflow/dags/example_postgres_dag.py.py
[2024-07-27T22:53:59.100+0700] {logging_mixin.py:188} INFO - [2024-07-27T22:53:59.099+0700] {dag.py:3089} INFO - Sync 1 DAGs
[2024-07-27T22:53:59.111+0700] {logging_mixin.py:188} INFO - [2024-07-27T22:53:59.109+0700] {dag.py:3947} INFO - Setting next_dagrun for example_postgres_dag to None, run_after=None
[2024-07-27T22:53:59.144+0700] {processor.py:183} INFO - Processing /root/airflow/dags/example_postgres_dag.py.py took 0.088 seconds
[2024-07-27T22:54:29.419+0700] {processor.py:161} INFO - Started process (PID=47864) to work on /root/airflow/dags/example_postgres_dag.py.py
[2024-07-27T22:54:29.420+0700] {processor.py:830} INFO - Processing file /root/airflow/dags/example_postgres_dag.py.py for tasks to queue
[2024-07-27T22:54:29.421+0700] {logging_mixin.py:188} INFO - [2024-07-27T22:54:29.421+0700] {dagbag.py:545} INFO - Filling up the DagBag from /root/airflow/dags/example_postgres_dag.py.py
[2024-07-27T22:54:29.426+0700] {processor.py:840} INFO - DAG(s) 'example_postgres_dag' retrieved from /root/airflow/dags/example_postgres_dag.py.py
[2024-07-27T22:54:29.451+0700] {logging_mixin.py:188} INFO - [2024-07-27T22:54:29.451+0700] {dag.py:3089} INFO - Sync 1 DAGs
[2024-07-27T22:54:29.466+0700] {logging_mixin.py:188} INFO - [2024-07-27T22:54:29.466+0700] {dag.py:3947} INFO - Setting next_dagrun for example_postgres_dag to None, run_after=None
[2024-07-27T22:54:29.496+0700] {processor.py:183} INFO - Processing /root/airflow/dags/example_postgres_dag.py.py took 0.086 seconds
[2024-07-27T22:54:59.732+0700] {processor.py:161} INFO - Started process (PID=48075) to work on /root/airflow/dags/example_postgres_dag.py.py
[2024-07-27T22:54:59.737+0700] {processor.py:830} INFO - Processing file /root/airflow/dags/example_postgres_dag.py.py for tasks to queue
[2024-07-27T22:54:59.739+0700] {logging_mixin.py:188} INFO - [2024-07-27T22:54:59.739+0700] {dagbag.py:545} INFO - Filling up the DagBag from /root/airflow/dags/example_postgres_dag.py.py
[2024-07-27T22:54:59.744+0700] {processor.py:840} INFO - DAG(s) 'example_postgres_dag' retrieved from /root/airflow/dags/example_postgres_dag.py.py
[2024-07-27T22:54:59.770+0700] {logging_mixin.py:188} INFO - [2024-07-27T22:54:59.769+0700] {dag.py:3089} INFO - Sync 1 DAGs
[2024-07-27T22:54:59.782+0700] {logging_mixin.py:188} INFO - [2024-07-27T22:54:59.781+0700] {dag.py:3947} INFO - Setting next_dagrun for example_postgres_dag to None, run_after=None
[2024-07-27T22:54:59.811+0700] {processor.py:183} INFO - Processing /root/airflow/dags/example_postgres_dag.py.py took 0.085 seconds
[2024-07-27T22:55:30.059+0700] {processor.py:161} INFO - Started process (PID=48289) to work on /root/airflow/dags/example_postgres_dag.py.py
[2024-07-27T22:55:30.061+0700] {processor.py:830} INFO - Processing file /root/airflow/dags/example_postgres_dag.py.py for tasks to queue
[2024-07-27T22:55:30.062+0700] {logging_mixin.py:188} INFO - [2024-07-27T22:55:30.061+0700] {dagbag.py:545} INFO - Filling up the DagBag from /root/airflow/dags/example_postgres_dag.py.py
[2024-07-27T22:55:30.066+0700] {processor.py:840} INFO - DAG(s) 'example_postgres_dag' retrieved from /root/airflow/dags/example_postgres_dag.py.py
[2024-07-27T22:55:30.091+0700] {logging_mixin.py:188} INFO - [2024-07-27T22:55:30.091+0700] {dag.py:3089} INFO - Sync 1 DAGs
[2024-07-27T22:55:30.104+0700] {logging_mixin.py:188} INFO - [2024-07-27T22:55:30.104+0700] {dag.py:3947} INFO - Setting next_dagrun for example_postgres_dag to None, run_after=None
[2024-07-27T22:55:30.132+0700] {processor.py:183} INFO - Processing /root/airflow/dags/example_postgres_dag.py.py took 0.081 seconds
[2024-07-27T22:56:00.395+0700] {processor.py:161} INFO - Started process (PID=48504) to work on /root/airflow/dags/example_postgres_dag.py.py
[2024-07-27T22:56:00.398+0700] {processor.py:830} INFO - Processing file /root/airflow/dags/example_postgres_dag.py.py for tasks to queue
[2024-07-27T22:56:00.398+0700] {logging_mixin.py:188} INFO - [2024-07-27T22:56:00.398+0700] {dagbag.py:545} INFO - Filling up the DagBag from /root/airflow/dags/example_postgres_dag.py.py
[2024-07-27T22:56:00.406+0700] {processor.py:840} INFO - DAG(s) 'example_postgres_dag' retrieved from /root/airflow/dags/example_postgres_dag.py.py
[2024-07-27T22:56:00.430+0700] {logging_mixin.py:188} INFO - [2024-07-27T22:56:00.429+0700] {dag.py:3089} INFO - Sync 1 DAGs
[2024-07-27T22:56:00.440+0700] {logging_mixin.py:188} INFO - [2024-07-27T22:56:00.440+0700] {dag.py:3947} INFO - Setting next_dagrun for example_postgres_dag to None, run_after=None
[2024-07-27T22:56:00.472+0700] {processor.py:183} INFO - Processing /root/airflow/dags/example_postgres_dag.py.py took 0.086 seconds
[2024-07-27T22:56:30.758+0700] {processor.py:161} INFO - Started process (PID=48742) to work on /root/airflow/dags/example_postgres_dag.py.py
[2024-07-27T22:56:30.760+0700] {processor.py:830} INFO - Processing file /root/airflow/dags/example_postgres_dag.py.py for tasks to queue
[2024-07-27T22:56:30.761+0700] {logging_mixin.py:188} INFO - [2024-07-27T22:56:30.760+0700] {dagbag.py:545} INFO - Filling up the DagBag from /root/airflow/dags/example_postgres_dag.py.py
[2024-07-27T22:56:30.770+0700] {processor.py:840} INFO - DAG(s) 'example_postgres_dag' retrieved from /root/airflow/dags/example_postgres_dag.py.py
[2024-07-27T22:56:30.794+0700] {logging_mixin.py:188} INFO - [2024-07-27T22:56:30.793+0700] {dag.py:3089} INFO - Sync 1 DAGs
[2024-07-27T22:56:30.809+0700] {logging_mixin.py:188} INFO - [2024-07-27T22:56:30.808+0700] {dag.py:3947} INFO - Setting next_dagrun for example_postgres_dag to None, run_after=None
[2024-07-27T22:56:30.837+0700] {processor.py:183} INFO - Processing /root/airflow/dags/example_postgres_dag.py.py took 0.084 seconds
[2024-07-27T22:57:01.117+0700] {processor.py:161} INFO - Started process (PID=48958) to work on /root/airflow/dags/example_postgres_dag.py.py
[2024-07-27T22:57:01.117+0700] {processor.py:830} INFO - Processing file /root/airflow/dags/example_postgres_dag.py.py for tasks to queue
[2024-07-27T22:57:01.118+0700] {logging_mixin.py:188} INFO - [2024-07-27T22:57:01.118+0700] {dagbag.py:545} INFO - Filling up the DagBag from /root/airflow/dags/example_postgres_dag.py.py
[2024-07-27T22:57:01.130+0700] {processor.py:840} INFO - DAG(s) 'example_postgres_dag' retrieved from /root/airflow/dags/example_postgres_dag.py.py
[2024-07-27T22:57:01.154+0700] {logging_mixin.py:188} INFO - [2024-07-27T22:57:01.153+0700] {dag.py:3089} INFO - Sync 1 DAGs
[2024-07-27T22:57:01.168+0700] {logging_mixin.py:188} INFO - [2024-07-27T22:57:01.167+0700] {dag.py:3947} INFO - Setting next_dagrun for example_postgres_dag to None, run_after=None
[2024-07-27T22:57:01.208+0700] {processor.py:183} INFO - Processing /root/airflow/dags/example_postgres_dag.py.py took 0.096 seconds
[2024-07-27T22:57:31.537+0700] {processor.py:161} INFO - Started process (PID=49169) to work on /root/airflow/dags/example_postgres_dag.py.py
[2024-07-27T22:57:31.540+0700] {processor.py:830} INFO - Processing file /root/airflow/dags/example_postgres_dag.py.py for tasks to queue
[2024-07-27T22:57:31.542+0700] {logging_mixin.py:188} INFO - [2024-07-27T22:57:31.541+0700] {dagbag.py:545} INFO - Filling up the DagBag from /root/airflow/dags/example_postgres_dag.py.py
[2024-07-27T22:57:31.547+0700] {processor.py:840} INFO - DAG(s) 'example_postgres_dag' retrieved from /root/airflow/dags/example_postgres_dag.py.py
[2024-07-27T22:57:31.582+0700] {logging_mixin.py:188} INFO - [2024-07-27T22:57:31.581+0700] {dag.py:3089} INFO - Sync 1 DAGs
[2024-07-27T22:57:31.592+0700] {logging_mixin.py:188} INFO - [2024-07-27T22:57:31.592+0700] {dag.py:3947} INFO - Setting next_dagrun for example_postgres_dag to None, run_after=None
[2024-07-27T22:57:31.636+0700] {processor.py:183} INFO - Processing /root/airflow/dags/example_postgres_dag.py.py took 0.105 seconds
[2024-07-27T22:58:01.916+0700] {processor.py:161} INFO - Started process (PID=49385) to work on /root/airflow/dags/example_postgres_dag.py.py
[2024-07-27T22:58:01.916+0700] {processor.py:830} INFO - Processing file /root/airflow/dags/example_postgres_dag.py.py for tasks to queue
[2024-07-27T22:58:01.917+0700] {logging_mixin.py:188} INFO - [2024-07-27T22:58:01.917+0700] {dagbag.py:545} INFO - Filling up the DagBag from /root/airflow/dags/example_postgres_dag.py.py
[2024-07-27T22:58:01.921+0700] {processor.py:840} INFO - DAG(s) 'example_postgres_dag' retrieved from /root/airflow/dags/example_postgres_dag.py.py
[2024-07-27T22:58:01.948+0700] {logging_mixin.py:188} INFO - [2024-07-27T22:58:01.948+0700] {dag.py:3089} INFO - Sync 1 DAGs
[2024-07-27T22:58:01.966+0700] {logging_mixin.py:188} INFO - [2024-07-27T22:58:01.966+0700] {dag.py:3947} INFO - Setting next_dagrun for example_postgres_dag to None, run_after=None
[2024-07-27T22:58:02.003+0700] {processor.py:183} INFO - Processing /root/airflow/dags/example_postgres_dag.py.py took 0.094 seconds
[2024-07-27T22:58:32.312+0700] {processor.py:161} INFO - Started process (PID=49595) to work on /root/airflow/dags/example_postgres_dag.py.py
[2024-07-27T22:58:32.315+0700] {processor.py:830} INFO - Processing file /root/airflow/dags/example_postgres_dag.py.py for tasks to queue
[2024-07-27T22:58:32.316+0700] {logging_mixin.py:188} INFO - [2024-07-27T22:58:32.315+0700] {dagbag.py:545} INFO - Filling up the DagBag from /root/airflow/dags/example_postgres_dag.py.py
[2024-07-27T22:58:32.320+0700] {processor.py:840} INFO - DAG(s) 'example_postgres_dag' retrieved from /root/airflow/dags/example_postgres_dag.py.py
[2024-07-27T22:58:32.356+0700] {logging_mixin.py:188} INFO - [2024-07-27T22:58:32.356+0700] {dag.py:3089} INFO - Sync 1 DAGs
[2024-07-27T22:58:32.369+0700] {logging_mixin.py:188} INFO - [2024-07-27T22:58:32.369+0700] {dag.py:3947} INFO - Setting next_dagrun for example_postgres_dag to None, run_after=None
[2024-07-27T22:58:32.410+0700] {processor.py:183} INFO - Processing /root/airflow/dags/example_postgres_dag.py.py took 0.104 seconds
[2024-07-27T22:59:02.651+0700] {processor.py:161} INFO - Started process (PID=49811) to work on /root/airflow/dags/example_postgres_dag.py.py
[2024-07-27T22:59:02.652+0700] {processor.py:830} INFO - Processing file /root/airflow/dags/example_postgres_dag.py.py for tasks to queue
[2024-07-27T22:59:02.653+0700] {logging_mixin.py:188} INFO - [2024-07-27T22:59:02.653+0700] {dagbag.py:545} INFO - Filling up the DagBag from /root/airflow/dags/example_postgres_dag.py.py
[2024-07-27T22:59:02.659+0700] {processor.py:840} INFO - DAG(s) 'example_postgres_dag' retrieved from /root/airflow/dags/example_postgres_dag.py.py
[2024-07-27T22:59:02.693+0700] {logging_mixin.py:188} INFO - [2024-07-27T22:59:02.693+0700] {dag.py:3089} INFO - Sync 1 DAGs
[2024-07-27T22:59:02.714+0700] {logging_mixin.py:188} INFO - [2024-07-27T22:59:02.714+0700] {dag.py:3947} INFO - Setting next_dagrun for example_postgres_dag to None, run_after=None
[2024-07-27T22:59:02.754+0700] {processor.py:183} INFO - Processing /root/airflow/dags/example_postgres_dag.py.py took 0.110 seconds
[2024-07-27T22:59:33.060+0700] {processor.py:161} INFO - Started process (PID=50025) to work on /root/airflow/dags/example_postgres_dag.py.py
[2024-07-27T22:59:33.062+0700] {processor.py:830} INFO - Processing file /root/airflow/dags/example_postgres_dag.py.py for tasks to queue
[2024-07-27T22:59:33.063+0700] {logging_mixin.py:188} INFO - [2024-07-27T22:59:33.063+0700] {dagbag.py:545} INFO - Filling up the DagBag from /root/airflow/dags/example_postgres_dag.py.py
[2024-07-27T22:59:33.067+0700] {processor.py:840} INFO - DAG(s) 'example_postgres_dag' retrieved from /root/airflow/dags/example_postgres_dag.py.py
[2024-07-27T22:59:33.100+0700] {logging_mixin.py:188} INFO - [2024-07-27T22:59:33.099+0700] {dag.py:3089} INFO - Sync 1 DAGs
[2024-07-27T22:59:33.114+0700] {logging_mixin.py:188} INFO - [2024-07-27T22:59:33.113+0700] {dag.py:3947} INFO - Setting next_dagrun for example_postgres_dag to None, run_after=None
[2024-07-27T22:59:33.153+0700] {processor.py:183} INFO - Processing /root/airflow/dags/example_postgres_dag.py.py took 0.101 seconds
[2024-07-27T23:00:03.450+0700] {processor.py:161} INFO - Started process (PID=50239) to work on /root/airflow/dags/example_postgres_dag.py.py
[2024-07-27T23:00:03.453+0700] {processor.py:830} INFO - Processing file /root/airflow/dags/example_postgres_dag.py.py for tasks to queue
[2024-07-27T23:00:03.453+0700] {logging_mixin.py:188} INFO - [2024-07-27T23:00:03.453+0700] {dagbag.py:545} INFO - Filling up the DagBag from /root/airflow/dags/example_postgres_dag.py.py
[2024-07-27T23:00:03.457+0700] {processor.py:840} INFO - DAG(s) 'example_postgres_dag' retrieved from /root/airflow/dags/example_postgres_dag.py.py
[2024-07-27T23:00:03.481+0700] {logging_mixin.py:188} INFO - [2024-07-27T23:00:03.480+0700] {dag.py:3089} INFO - Sync 1 DAGs
[2024-07-27T23:00:03.500+0700] {logging_mixin.py:188} INFO - [2024-07-27T23:00:03.499+0700] {dag.py:3947} INFO - Setting next_dagrun for example_postgres_dag to None, run_after=None
[2024-07-27T23:00:03.537+0700] {processor.py:183} INFO - Processing /root/airflow/dags/example_postgres_dag.py.py took 0.090 seconds
