[2024-08-03T17:01:28.075+0700] {local_task_job_runner.py:120} INFO - ::group::Pre task execution logs
[2024-08-03T17:01:28.086+0700] {taskinstance.py:2076} INFO - Dependencies all met for dep_context=non-requeueable deps ti=<TaskInstance: data_pipeline_supermarket_2.offload_to_s3_dim_departments manual__2024-08-03T09:57:39.902554+00:00 [queued]>
[2024-08-03T17:01:28.093+0700] {taskinstance.py:2076} INFO - Dependencies all met for dep_context=requeueable deps ti=<TaskInstance: data_pipeline_supermarket_2.offload_to_s3_dim_departments manual__2024-08-03T09:57:39.902554+00:00 [queued]>
[2024-08-03T17:01:28.093+0700] {taskinstance.py:2306} INFO - Starting attempt 1 of 2
[2024-08-03T17:01:28.117+0700] {taskinstance.py:2330} INFO - Executing <Task(BashOperator): offload_to_s3_dim_departments> on 2024-08-03 09:57:39.902554+00:00
[2024-08-03T17:01:28.120+0700] {standard_task_runner.py:64} INFO - Started process 3747 to run task
[2024-08-03T17:01:28.122+0700] {standard_task_runner.py:90} INFO - Running: ['airflow', 'tasks', 'run', 'data_pipeline_supermarket_2', 'offload_to_s3_dim_departments', 'manual__2024-08-03T09:57:39.902554+00:00', '--job-id', '292', '--raw', '--subdir', 'DAGS_FOLDER/data_pipeline_supermarket_2.py', '--cfg-path', '/tmp/tmpaul4ky6x']
[2024-08-03T17:01:28.123+0700] {standard_task_runner.py:91} INFO - Job 292: Subtask offload_to_s3_dim_departments
[2024-08-03T17:01:28.156+0700] {task_command.py:426} INFO - Running <TaskInstance: data_pipeline_supermarket_2.offload_to_s3_dim_departments manual__2024-08-03T09:57:39.902554+00:00 [running]> on host DESKTOP-RHVHV7A.
[2024-08-03T17:01:28.232+0700] {taskinstance.py:2648} INFO - Exporting env vars: AIRFLOW_CTX_DAG_OWNER='airflow' AIRFLOW_CTX_DAG_ID='data_pipeline_supermarket_2' AIRFLOW_CTX_TASK_ID='offload_to_s3_dim_departments' AIRFLOW_CTX_EXECUTION_DATE='2024-08-03T09:57:39.902554+00:00' AIRFLOW_CTX_TRY_NUMBER='1' AIRFLOW_CTX_DAG_RUN_ID='manual__2024-08-03T09:57:39.902554+00:00'
[2024-08-03T17:01:28.233+0700] {taskinstance.py:430} INFO - ::endgroup::
[2024-08-03T17:01:28.242+0700] {subprocess.py:63} INFO - Tmp dir root location: /tmp
[2024-08-03T17:01:28.243+0700] {subprocess.py:75} INFO - Running command: ['/usr/bin/bash', '-c', 'aws s3 cp "/mnt/f/AllCode/Data Engineer/data_processed/supermarket/dim_departments.csv" s3://quannm-07252024-demo/data_processed/supermarket/dim_departments.csv']
[2024-08-03T17:01:28.249+0700] {subprocess.py:86} INFO - Output:
[2024-08-03T17:01:30.375+0700] {subprocess.py:93} INFO - Completed 292 Bytes/292 Bytes (188 Bytes/s) with 1 file(s) remainingupload: ../../mnt/f/AllCode/Data Engineer/data_processed/supermarket/dim_departments.csv to s3://quannm-07252024-demo/data_processed/supermarket/dim_departments.csv
[2024-08-03T17:01:30.547+0700] {subprocess.py:97} INFO - Command exited with return code 0
[2024-08-03T17:01:30.548+0700] {taskinstance.py:441} INFO - ::group::Post task execution logs
[2024-08-03T17:01:30.574+0700] {taskinstance.py:1206} INFO - Marking task as SUCCESS. dag_id=data_pipeline_supermarket_2, task_id=offload_to_s3_dim_departments, run_id=manual__2024-08-03T09:57:39.902554+00:00, execution_date=20240803T095739, start_date=20240803T100128, end_date=20240803T100130
[2024-08-03T17:01:30.627+0700] {local_task_job_runner.py:243} INFO - Task exited with return code 0
[2024-08-03T17:01:30.642+0700] {taskinstance.py:3503} INFO - 0 downstream tasks scheduled from follow-on schedule check
[2024-08-03T17:01:30.643+0700] {local_task_job_runner.py:222} INFO - ::endgroup::
