[2024-08-03T17:00:42.043+0700] {local_task_job_runner.py:120} INFO - ::group::Pre task execution logs
[2024-08-03T17:00:42.058+0700] {taskinstance.py:2076} INFO - Dependencies all met for dep_context=non-requeueable deps ti=<TaskInstance: data_pipeline_supermarket_2.dbt_run manual__2024-08-03T09:57:39.902554+00:00 [queued]>
[2024-08-03T17:00:42.067+0700] {taskinstance.py:2076} INFO - Dependencies all met for dep_context=requeueable deps ti=<TaskInstance: data_pipeline_supermarket_2.dbt_run manual__2024-08-03T09:57:39.902554+00:00 [queued]>
[2024-08-03T17:00:42.067+0700] {taskinstance.py:2306} INFO - Starting attempt 1 of 2
[2024-08-03T17:00:42.093+0700] {taskinstance.py:2330} INFO - Executing <Task(BashOperator): dbt_run> on 2024-08-03 09:57:39.902554+00:00
[2024-08-03T17:00:42.095+0700] {standard_task_runner.py:64} INFO - Started process 3500 to run task
[2024-08-03T17:00:42.099+0700] {standard_task_runner.py:90} INFO - Running: ['airflow', 'tasks', 'run', 'data_pipeline_supermarket_2', 'dbt_run', 'manual__2024-08-03T09:57:39.902554+00:00', '--job-id', '284', '--raw', '--subdir', 'DAGS_FOLDER/data_pipeline_supermarket_2.py', '--cfg-path', '/tmp/tmp1rxz8yg6']
[2024-08-03T17:00:42.100+0700] {standard_task_runner.py:91} INFO - Job 284: Subtask dbt_run
[2024-08-03T17:00:42.144+0700] {task_command.py:426} INFO - Running <TaskInstance: data_pipeline_supermarket_2.dbt_run manual__2024-08-03T09:57:39.902554+00:00 [running]> on host DESKTOP-RHVHV7A.
[2024-08-03T17:00:42.242+0700] {taskinstance.py:2648} INFO - Exporting env vars: AIRFLOW_CTX_DAG_OWNER='airflow' AIRFLOW_CTX_DAG_ID='data_pipeline_supermarket_2' AIRFLOW_CTX_TASK_ID='dbt_run' AIRFLOW_CTX_EXECUTION_DATE='2024-08-03T09:57:39.902554+00:00' AIRFLOW_CTX_TRY_NUMBER='1' AIRFLOW_CTX_DAG_RUN_ID='manual__2024-08-03T09:57:39.902554+00:00'
[2024-08-03T17:00:42.243+0700] {taskinstance.py:430} INFO - ::endgroup::
[2024-08-03T17:00:42.255+0700] {subprocess.py:63} INFO - Tmp dir root location: /tmp
[2024-08-03T17:00:42.256+0700] {subprocess.py:75} INFO - Running command: ['/usr/bin/bash', '-c', 'cd /root/project/dbt_supermarket && dbt run']
[2024-08-03T17:00:42.266+0700] {subprocess.py:86} INFO - Output:
[2024-08-03T17:00:44.574+0700] {subprocess.py:93} INFO - [0m10:00:44  Running with dbt=1.8.4
[2024-08-03T17:00:44.868+0700] {subprocess.py:93} INFO - [0m10:00:44  Registered adapter: postgres=1.8.2
[2024-08-03T17:00:50.181+0700] {subprocess.py:93} INFO - [0m10:00:50  Found 9 models, 1 analysis, 5 seeds, 14 data tests, 5 sources, 820 macros
[2024-08-03T17:00:50.188+0700] {subprocess.py:93} INFO - [0m10:00:50
[2024-08-03T17:00:50.625+0700] {subprocess.py:93} INFO - [0m10:00:50  Concurrency: 5 threads (target='dev')
[2024-08-03T17:00:50.628+0700] {subprocess.py:93} INFO - [0m10:00:50
[2024-08-03T17:00:50.637+0700] {subprocess.py:93} INFO - [0m10:00:50  1 of 9 START sql view model supermarket.stg_supermarket__aisles ................ [RUN]
[2024-08-03T17:00:50.640+0700] {subprocess.py:93} INFO - [0m10:00:50  2 of 9 START sql view model supermarket.stg_supermarket__departments ........... [RUN]
[2024-08-03T17:00:50.645+0700] {subprocess.py:93} INFO - [0m10:00:50  4 of 9 START sql view model supermarket.stg_supermarket__orders_small_version .. [RUN]
[2024-08-03T17:00:50.647+0700] {subprocess.py:93} INFO - [0m10:00:50  5 of 9 START sql view model supermarket.stg_supermarket__products .............. [RUN]
[2024-08-03T17:00:50.650+0700] {subprocess.py:93} INFO - [0m10:00:50  3 of 9 START sql view model supermarket.stg_supermarket__order_products ........ [RUN]
[2024-08-03T17:00:51.190+0700] {subprocess.py:93} INFO - [0m10:00:51  1 of 9 OK created sql view model supermarket.stg_supermarket__aisles ........... [[32mCREATE VIEW[0m in 0.53s]
[2024-08-03T17:00:51.192+0700] {subprocess.py:93} INFO - [0m10:00:51  3 of 9 OK created sql view model supermarket.stg_supermarket__order_products ... [[32mCREATE VIEW[0m in 0.52s]
[2024-08-03T17:00:51.195+0700] {subprocess.py:93} INFO - [0m10:00:51  4 of 9 OK created sql view model supermarket.stg_supermarket__orders_small_version  [[32mCREATE VIEW[0m in 0.53s]
[2024-08-03T17:00:51.198+0700] {subprocess.py:93} INFO - [0m10:00:51  2 of 9 OK created sql view model supermarket.stg_supermarket__departments ...... [[32mCREATE VIEW[0m in 0.55s]
[2024-08-03T17:00:51.217+0700] {subprocess.py:93} INFO - [0m10:00:51  6 of 9 START sql table model supermarket.dim_aisles ............................ [RUN]
[2024-08-03T17:00:51.219+0700] {subprocess.py:93} INFO - [0m10:00:51  7 of 9 START sql table model supermarket.fct_user_orders ....................... [RUN]
[2024-08-03T17:00:51.221+0700] {subprocess.py:93} INFO - [0m10:00:51  5 of 9 OK created sql view model supermarket.stg_supermarket__products ......... [[32mCREATE VIEW[0m in 0.54s]
[2024-08-03T17:00:51.222+0700] {subprocess.py:93} INFO - [0m10:00:51  8 of 9 START sql table model supermarket.dim_departments ....................... [RUN]
[2024-08-03T17:00:51.245+0700] {subprocess.py:93} INFO - [0m10:00:51  9 of 9 START sql table model supermarket.dim_products .......................... [RUN]
[2024-08-03T17:00:51.690+0700] {subprocess.py:93} INFO - [0m10:00:51  6 of 9 OK created sql table model supermarket.dim_aisles ....................... [[32mSELECT 134[0m in 0.46s]
[2024-08-03T17:00:51.699+0700] {subprocess.py:93} INFO - [0m10:00:51  8 of 9 OK created sql table model supermarket.dim_departments .................. [[32mSELECT 21[0m in 0.46s]
[2024-08-03T17:00:51.707+0700] {subprocess.py:93} INFO - [0m10:00:51  9 of 9 OK created sql table model supermarket.dim_products ..................... [[32mSELECT 49688[0m in 0.44s]
[2024-08-03T17:00:52.480+0700] {subprocess.py:93} INFO - [0m10:00:52  7 of 9 OK created sql table model supermarket.fct_user_orders .................. [[32mSELECT 139003[0m in 1.25s]
[2024-08-03T17:00:52.544+0700] {subprocess.py:93} INFO - [0m10:00:52
[2024-08-03T17:00:52.546+0700] {subprocess.py:93} INFO - [0m10:00:52  Finished running 5 view models, 4 table models in 0 hours 0 minutes and 2.35 seconds (2.35s).
[2024-08-03T17:00:52.627+0700] {subprocess.py:93} INFO - [0m10:00:52
[2024-08-03T17:00:52.628+0700] {subprocess.py:93} INFO - [0m10:00:52  [32mCompleted successfully[0m
[2024-08-03T17:00:52.630+0700] {subprocess.py:93} INFO - [0m10:00:52
[2024-08-03T17:00:52.631+0700] {subprocess.py:93} INFO - [0m10:00:52  Done. PASS=9 WARN=0 ERROR=0 SKIP=0 TOTAL=9
[2024-08-03T17:00:54.349+0700] {subprocess.py:97} INFO - Command exited with return code 0
[2024-08-03T17:00:54.350+0700] {taskinstance.py:441} INFO - ::group::Post task execution logs
[2024-08-03T17:00:54.375+0700] {taskinstance.py:1206} INFO - Marking task as SUCCESS. dag_id=data_pipeline_supermarket_2, task_id=dbt_run, run_id=manual__2024-08-03T09:57:39.902554+00:00, execution_date=20240803T095739, start_date=20240803T100042, end_date=20240803T100054
[2024-08-03T17:00:54.429+0700] {local_task_job_runner.py:243} INFO - Task exited with return code 0
[2024-08-03T17:00:54.436+0700] {logging_mixin.py:188} WARNING - /usr/local/lib/python3.10/dist-packages/airflow/models/baseoperator.py:1297 AirflowProviderDeprecationWarning: Call to deprecated class PostgresOperator. (Please use `airflow.providers.common.sql.operators.sql.SQLExecuteQueryOperator`.Also, you can provide `hook_params={'schema': <database>}`.)
[2024-08-03T17:00:54.450+0700] {taskinstance.py:3503} INFO - 1 downstream tasks scheduled from follow-on schedule check
[2024-08-03T17:00:54.465+0700] {local_task_job_runner.py:222} INFO - ::endgroup::
