[2024-08-03T11:26:11.423+0700] {local_task_job_runner.py:120} INFO - ::group::Pre task execution logs
[2024-08-03T11:26:11.437+0700] {taskinstance.py:2076} INFO - Dependencies all met for dep_context=non-requeueable deps ti=<TaskInstance: list_postgres_s3.copy_table_dim_aisles manual__2024-08-03T04:26:01.070053+00:00 [queued]>
[2024-08-03T11:26:11.444+0700] {taskinstance.py:2076} INFO - Dependencies all met for dep_context=requeueable deps ti=<TaskInstance: list_postgres_s3.copy_table_dim_aisles manual__2024-08-03T04:26:01.070053+00:00 [queued]>
[2024-08-03T11:26:11.444+0700] {taskinstance.py:2306} INFO - Starting attempt 1 of 1
[2024-08-03T11:26:11.472+0700] {taskinstance.py:2330} INFO - Executing <Task(PostgresOperator): copy_table_dim_aisles> on 2024-08-03 04:26:01.070053+00:00
[2024-08-03T11:26:11.475+0700] {standard_task_runner.py:64} INFO - Started process 30681 to run task
[2024-08-03T11:26:11.478+0700] {standard_task_runner.py:90} INFO - Running: ['airflow', 'tasks', 'run', 'list_postgres_s3', 'copy_table_dim_aisles', 'manual__2024-08-03T04:26:01.070053+00:00', '--job-id', '216', '--raw', '--subdir', 'DAGS_FOLDER/list_postgres_s3.py', '--cfg-path', '/tmp/tmp3uwqqfhc']
[2024-08-03T11:26:11.480+0700] {standard_task_runner.py:91} INFO - Job 216: Subtask copy_table_dim_aisles
[2024-08-03T11:26:11.522+0700] {task_command.py:426} INFO - Running <TaskInstance: list_postgres_s3.copy_table_dim_aisles manual__2024-08-03T04:26:01.070053+00:00 [running]> on host DESKTOP-RHVHV7A.
[2024-08-03T11:26:11.602+0700] {taskinstance.py:2648} INFO - Exporting env vars: AIRFLOW_CTX_DAG_OWNER='airflow' AIRFLOW_CTX_DAG_ID='list_postgres_s3' AIRFLOW_CTX_TASK_ID='copy_table_dim_aisles' AIRFLOW_CTX_EXECUTION_DATE='2024-08-03T04:26:01.070053+00:00' AIRFLOW_CTX_TRY_NUMBER='1' AIRFLOW_CTX_DAG_RUN_ID='manual__2024-08-03T04:26:01.070053+00:00'
[2024-08-03T11:26:11.603+0700] {taskinstance.py:430} INFO - ::endgroup::
[2024-08-03T11:26:11.615+0700] {sql.py:282} INFO - Executing: 
        SET search_path TO supermarket;
        COPY dim_aisles TO 'F:/AllCode/Data Engineer/dim_aisles.csv' CSV HEADER;
        
[2024-08-03T11:26:11.620+0700] {base.py:84} INFO - Using connection ID 'postgres_supermarket' for task execution.
[2024-08-03T11:26:11.638+0700] {base.py:84} INFO - Using connection ID 'postgres_supermarket' for task execution.
[2024-08-03T11:26:11.670+0700] {sql.py:495} INFO - Running statement: 
        SET search_path TO supermarket;
        COPY dim_aisles TO 'F:/AllCode/Data Engineer/dim_aisles.csv' CSV HEADER;
        , parameters: None
[2024-08-03T11:26:11.674+0700] {sql.py:504} INFO - Rows affected: 134
[2024-08-03T11:26:11.675+0700] {taskinstance.py:441} INFO - ::group::Post task execution logs
[2024-08-03T11:26:11.680+0700] {taskinstance.py:1206} INFO - Marking task as SUCCESS. dag_id=list_postgres_s3, task_id=copy_table_dim_aisles, run_id=manual__2024-08-03T04:26:01.070053+00:00, execution_date=20240803T042601, start_date=20240803T042611, end_date=20240803T042611
[2024-08-03T11:26:11.731+0700] {local_task_job_runner.py:243} INFO - Task exited with return code 0
[2024-08-03T11:26:11.739+0700] {logging_mixin.py:188} WARNING - /usr/local/lib/python3.10/dist-packages/airflow/models/baseoperator.py:1297 AirflowProviderDeprecationWarning: Call to deprecated class PostgresOperator. (Please use `airflow.providers.common.sql.operators.sql.SQLExecuteQueryOperator`.Also, you can provide `hook_params={'schema': <database>}`.)
[2024-08-03T11:26:11.752+0700] {taskinstance.py:3503} INFO - 1 downstream tasks scheduled from follow-on schedule check
[2024-08-03T11:26:11.768+0700] {local_task_job_runner.py:222} INFO - ::endgroup::
