[2024-08-02T14:07:46.372+0700] {processor.py:161} INFO - Started process (PID=10452) to work on /root/airflow/dags/data_pipeline_supermarket_2.py
[2024-08-02T14:07:46.374+0700] {processor.py:830} INFO - Processing file /root/airflow/dags/data_pipeline_supermarket_2.py for tasks to queue
[2024-08-02T14:07:46.376+0700] {logging_mixin.py:188} INFO - [2024-08-02T14:07:46.376+0700] {dagbag.py:545} INFO - Filling up the DagBag from /root/airflow/dags/data_pipeline_supermarket_2.py
[2024-08-02T14:07:46.586+0700] {processor.py:840} INFO - DAG(s) 'data_pipeline_supermarket_2' retrieved from /root/airflow/dags/data_pipeline_supermarket_2.py
[2024-08-02T14:07:46.711+0700] {logging_mixin.py:188} INFO - [2024-08-02T14:07:46.711+0700] {override.py:1858} INFO - Created Permission View: can delete on DAG:data_pipeline_supermarket_2
[2024-08-02T14:07:46.733+0700] {logging_mixin.py:188} INFO - [2024-08-02T14:07:46.733+0700] {override.py:1858} INFO - Created Permission View: can edit on DAG:data_pipeline_supermarket_2
[2024-08-02T14:07:46.751+0700] {logging_mixin.py:188} INFO - [2024-08-02T14:07:46.751+0700] {override.py:1858} INFO - Created Permission View: can read on DAG:data_pipeline_supermarket_2
[2024-08-02T14:07:46.752+0700] {logging_mixin.py:188} INFO - [2024-08-02T14:07:46.752+0700] {dag.py:3089} INFO - Sync 1 DAGs
[2024-08-02T14:07:46.761+0700] {logging_mixin.py:188} INFO - [2024-08-02T14:07:46.761+0700] {dag.py:3111} INFO - Creating ORM DAG for data_pipeline_supermarket_2
[2024-08-02T14:07:46.768+0700] {logging_mixin.py:188} INFO - [2024-08-02T14:07:46.768+0700] {dag.py:3947} INFO - Setting next_dagrun for data_pipeline_supermarket_2 to 2024-08-01 00:00:00+00:00, run_after=2024-08-02 00:00:00+00:00
[2024-08-02T14:07:46.800+0700] {processor.py:183} INFO - Processing /root/airflow/dags/data_pipeline_supermarket_2.py took 0.438 seconds
[2024-08-02T14:08:17.872+0700] {processor.py:161} INFO - Started process (PID=10593) to work on /root/airflow/dags/data_pipeline_supermarket_2.py
[2024-08-02T14:08:17.874+0700] {processor.py:830} INFO - Processing file /root/airflow/dags/data_pipeline_supermarket_2.py for tasks to queue
[2024-08-02T14:08:17.876+0700] {logging_mixin.py:188} INFO - [2024-08-02T14:08:17.876+0700] {dagbag.py:545} INFO - Filling up the DagBag from /root/airflow/dags/data_pipeline_supermarket_2.py
[2024-08-02T14:08:17.888+0700] {processor.py:840} INFO - DAG(s) 'data_pipeline_supermarket_2' retrieved from /root/airflow/dags/data_pipeline_supermarket_2.py
[2024-08-02T14:08:17.919+0700] {logging_mixin.py:188} INFO - [2024-08-02T14:08:17.919+0700] {dag.py:3089} INFO - Sync 1 DAGs
[2024-08-02T14:08:17.938+0700] {logging_mixin.py:188} INFO - [2024-08-02T14:08:17.937+0700] {dag.py:3947} INFO - Setting next_dagrun for data_pipeline_supermarket_2 to 2024-08-01 00:00:00+00:00, run_after=2024-08-02 00:00:00+00:00
[2024-08-02T14:08:17.968+0700] {processor.py:183} INFO - Processing /root/airflow/dags/data_pipeline_supermarket_2.py took 0.101 seconds
[2024-08-02T14:08:48.377+0700] {processor.py:161} INFO - Started process (PID=10731) to work on /root/airflow/dags/data_pipeline_supermarket_2.py
[2024-08-02T14:08:48.380+0700] {processor.py:830} INFO - Processing file /root/airflow/dags/data_pipeline_supermarket_2.py for tasks to queue
[2024-08-02T14:08:48.381+0700] {logging_mixin.py:188} INFO - [2024-08-02T14:08:48.381+0700] {dagbag.py:545} INFO - Filling up the DagBag from /root/airflow/dags/data_pipeline_supermarket_2.py
[2024-08-02T14:08:48.399+0700] {processor.py:840} INFO - DAG(s) 'data_pipeline_supermarket_2' retrieved from /root/airflow/dags/data_pipeline_supermarket_2.py
[2024-08-02T14:08:48.438+0700] {logging_mixin.py:188} INFO - [2024-08-02T14:08:48.437+0700] {dag.py:3089} INFO - Sync 1 DAGs
[2024-08-02T14:08:48.464+0700] {logging_mixin.py:188} INFO - [2024-08-02T14:08:48.463+0700] {dag.py:3947} INFO - Setting next_dagrun for data_pipeline_supermarket_2 to 2024-08-01 00:00:00+00:00, run_after=2024-08-02 00:00:00+00:00
[2024-08-02T14:08:48.494+0700] {processor.py:183} INFO - Processing /root/airflow/dags/data_pipeline_supermarket_2.py took 0.121 seconds
[2024-08-02T14:09:18.901+0700] {processor.py:161} INFO - Started process (PID=10866) to work on /root/airflow/dags/data_pipeline_supermarket_2.py
[2024-08-02T14:09:18.903+0700] {processor.py:830} INFO - Processing file /root/airflow/dags/data_pipeline_supermarket_2.py for tasks to queue
[2024-08-02T14:09:18.904+0700] {logging_mixin.py:188} INFO - [2024-08-02T14:09:18.904+0700] {dagbag.py:545} INFO - Filling up the DagBag from /root/airflow/dags/data_pipeline_supermarket_2.py
[2024-08-02T14:09:18.915+0700] {processor.py:840} INFO - DAG(s) 'data_pipeline_supermarket_2' retrieved from /root/airflow/dags/data_pipeline_supermarket_2.py
[2024-08-02T14:09:18.934+0700] {logging_mixin.py:188} INFO - [2024-08-02T14:09:18.934+0700] {dag.py:3089} INFO - Sync 1 DAGs
[2024-08-02T14:09:18.951+0700] {logging_mixin.py:188} INFO - [2024-08-02T14:09:18.950+0700] {dag.py:3947} INFO - Setting next_dagrun for data_pipeline_supermarket_2 to 2024-08-01 00:00:00+00:00, run_after=2024-08-02 00:00:00+00:00
[2024-08-02T14:09:18.982+0700] {processor.py:183} INFO - Processing /root/airflow/dags/data_pipeline_supermarket_2.py took 0.085 seconds
[2024-08-02T14:12:46.083+0700] {processor.py:161} INFO - Started process (PID=11730) to work on /root/airflow/dags/data_pipeline_supermarket_2.py
[2024-08-02T14:12:46.084+0700] {processor.py:830} INFO - Processing file /root/airflow/dags/data_pipeline_supermarket_2.py for tasks to queue
[2024-08-02T14:12:46.085+0700] {logging_mixin.py:188} INFO - [2024-08-02T14:12:46.085+0700] {dagbag.py:545} INFO - Filling up the DagBag from /root/airflow/dags/data_pipeline_supermarket_2.py
[2024-08-02T14:12:46.094+0700] {processor.py:840} INFO - DAG(s) 'data_pipeline_supermarket_2' retrieved from /root/airflow/dags/data_pipeline_supermarket_2.py
[2024-08-02T14:12:46.117+0700] {logging_mixin.py:188} INFO - [2024-08-02T14:12:46.117+0700] {dag.py:3089} INFO - Sync 1 DAGs
[2024-08-02T14:12:46.131+0700] {logging_mixin.py:188} INFO - [2024-08-02T14:12:46.131+0700] {dag.py:3947} INFO - Setting next_dagrun for data_pipeline_supermarket_2 to 2024-08-02 00:00:00+00:00, run_after=2024-08-03 00:00:00+00:00
[2024-08-02T14:12:46.161+0700] {processor.py:183} INFO - Processing /root/airflow/dags/data_pipeline_supermarket_2.py took 0.083 seconds
[2024-08-02T14:15:43.977+0700] {processor.py:161} INFO - Started process (PID=12521) to work on /root/airflow/dags/data_pipeline_supermarket_2.py
[2024-08-02T14:15:43.979+0700] {processor.py:830} INFO - Processing file /root/airflow/dags/data_pipeline_supermarket_2.py for tasks to queue
[2024-08-02T14:15:43.979+0700] {logging_mixin.py:188} INFO - [2024-08-02T14:15:43.979+0700] {dagbag.py:545} INFO - Filling up the DagBag from /root/airflow/dags/data_pipeline_supermarket_2.py
[2024-08-02T14:15:43.987+0700] {processor.py:840} INFO - DAG(s) 'data_pipeline_supermarket_2' retrieved from /root/airflow/dags/data_pipeline_supermarket_2.py
[2024-08-02T14:15:44.011+0700] {logging_mixin.py:188} INFO - [2024-08-02T14:15:44.010+0700] {dag.py:3089} INFO - Sync 1 DAGs
[2024-08-02T14:15:44.025+0700] {logging_mixin.py:188} INFO - [2024-08-02T14:15:44.025+0700] {dag.py:3947} INFO - Setting next_dagrun for data_pipeline_supermarket_2 to 2024-08-02 00:00:00+00:00, run_after=2024-08-03 00:00:00+00:00
[2024-08-02T14:15:44.056+0700] {processor.py:183} INFO - Processing /root/airflow/dags/data_pipeline_supermarket_2.py took 0.083 seconds
[2024-08-02T14:18:08.910+0700] {processor.py:161} INFO - Started process (PID=13137) to work on /root/airflow/dags/data_pipeline_supermarket_2.py
[2024-08-02T14:18:08.912+0700] {processor.py:830} INFO - Processing file /root/airflow/dags/data_pipeline_supermarket_2.py for tasks to queue
[2024-08-02T14:18:08.913+0700] {logging_mixin.py:188} INFO - [2024-08-02T14:18:08.912+0700] {dagbag.py:545} INFO - Filling up the DagBag from /root/airflow/dags/data_pipeline_supermarket_2.py
[2024-08-02T14:18:08.920+0700] {processor.py:840} INFO - DAG(s) 'data_pipeline_supermarket_2' retrieved from /root/airflow/dags/data_pipeline_supermarket_2.py
[2024-08-02T14:18:08.938+0700] {logging_mixin.py:188} INFO - [2024-08-02T14:18:08.938+0700] {dag.py:3089} INFO - Sync 1 DAGs
[2024-08-02T14:18:08.953+0700] {logging_mixin.py:188} INFO - [2024-08-02T14:18:08.953+0700] {dag.py:3947} INFO - Setting next_dagrun for data_pipeline_supermarket_2 to 2024-08-02 00:00:00+00:00, run_after=2024-08-03 00:00:00+00:00
[2024-08-02T14:18:08.982+0700] {processor.py:183} INFO - Processing /root/airflow/dags/data_pipeline_supermarket_2.py took 0.076 seconds
[2024-08-02T14:20:32.476+0700] {processor.py:161} INFO - Started process (PID=13758) to work on /root/airflow/dags/data_pipeline_supermarket_2.py
[2024-08-02T14:20:32.477+0700] {processor.py:830} INFO - Processing file /root/airflow/dags/data_pipeline_supermarket_2.py for tasks to queue
[2024-08-02T14:20:32.478+0700] {logging_mixin.py:188} INFO - [2024-08-02T14:20:32.478+0700] {dagbag.py:545} INFO - Filling up the DagBag from /root/airflow/dags/data_pipeline_supermarket_2.py
[2024-08-02T14:20:32.486+0700] {processor.py:840} INFO - DAG(s) 'data_pipeline_supermarket_2' retrieved from /root/airflow/dags/data_pipeline_supermarket_2.py
[2024-08-02T14:20:32.506+0700] {logging_mixin.py:188} INFO - [2024-08-02T14:20:32.506+0700] {dag.py:3089} INFO - Sync 1 DAGs
[2024-08-02T14:20:32.522+0700] {logging_mixin.py:188} INFO - [2024-08-02T14:20:32.522+0700] {dag.py:3947} INFO - Setting next_dagrun for data_pipeline_supermarket_2 to 2024-08-02 00:00:00+00:00, run_after=2024-08-03 00:00:00+00:00
[2024-08-02T14:20:32.548+0700] {processor.py:183} INFO - Processing /root/airflow/dags/data_pipeline_supermarket_2.py took 0.077 seconds
[2024-08-02T14:21:02.658+0700] {processor.py:161} INFO - Started process (PID=13893) to work on /root/airflow/dags/data_pipeline_supermarket_2.py
[2024-08-02T14:21:02.660+0700] {processor.py:830} INFO - Processing file /root/airflow/dags/data_pipeline_supermarket_2.py for tasks to queue
[2024-08-02T14:21:02.660+0700] {logging_mixin.py:188} INFO - [2024-08-02T14:21:02.660+0700] {dagbag.py:545} INFO - Filling up the DagBag from /root/airflow/dags/data_pipeline_supermarket_2.py
[2024-08-02T14:21:02.667+0700] {processor.py:840} INFO - DAG(s) 'data_pipeline_supermarket_2' retrieved from /root/airflow/dags/data_pipeline_supermarket_2.py
[2024-08-02T14:21:02.685+0700] {logging_mixin.py:188} INFO - [2024-08-02T14:21:02.685+0700] {dag.py:3089} INFO - Sync 1 DAGs
[2024-08-02T14:21:02.700+0700] {logging_mixin.py:188} INFO - [2024-08-02T14:21:02.700+0700] {dag.py:3947} INFO - Setting next_dagrun for data_pipeline_supermarket_2 to 2024-08-02 00:00:00+00:00, run_after=2024-08-03 00:00:00+00:00
[2024-08-02T14:21:02.727+0700] {processor.py:183} INFO - Processing /root/airflow/dags/data_pipeline_supermarket_2.py took 0.073 seconds
[2024-08-02T14:21:32.993+0700] {processor.py:161} INFO - Started process (PID=14057) to work on /root/airflow/dags/data_pipeline_supermarket_2.py
[2024-08-02T14:21:32.994+0700] {processor.py:830} INFO - Processing file /root/airflow/dags/data_pipeline_supermarket_2.py for tasks to queue
[2024-08-02T14:21:32.995+0700] {logging_mixin.py:188} INFO - [2024-08-02T14:21:32.995+0700] {dagbag.py:545} INFO - Filling up the DagBag from /root/airflow/dags/data_pipeline_supermarket_2.py
[2024-08-02T14:21:33.003+0700] {processor.py:840} INFO - DAG(s) 'data_pipeline_supermarket_2' retrieved from /root/airflow/dags/data_pipeline_supermarket_2.py
[2024-08-02T14:21:33.022+0700] {logging_mixin.py:188} INFO - [2024-08-02T14:21:33.022+0700] {dag.py:3089} INFO - Sync 1 DAGs
[2024-08-02T14:21:33.036+0700] {logging_mixin.py:188} INFO - [2024-08-02T14:21:33.035+0700] {dag.py:3947} INFO - Setting next_dagrun for data_pipeline_supermarket_2 to 2024-08-02 00:00:00+00:00, run_after=2024-08-03 00:00:00+00:00
[2024-08-02T14:21:33.063+0700] {processor.py:183} INFO - Processing /root/airflow/dags/data_pipeline_supermarket_2.py took 0.073 seconds
[2024-08-02T14:22:03.391+0700] {processor.py:161} INFO - Started process (PID=14198) to work on /root/airflow/dags/data_pipeline_supermarket_2.py
[2024-08-02T14:22:03.393+0700] {processor.py:830} INFO - Processing file /root/airflow/dags/data_pipeline_supermarket_2.py for tasks to queue
[2024-08-02T14:22:03.394+0700] {logging_mixin.py:188} INFO - [2024-08-02T14:22:03.393+0700] {dagbag.py:545} INFO - Filling up the DagBag from /root/airflow/dags/data_pipeline_supermarket_2.py
[2024-08-02T14:22:03.403+0700] {processor.py:840} INFO - DAG(s) 'data_pipeline_supermarket_2' retrieved from /root/airflow/dags/data_pipeline_supermarket_2.py
[2024-08-02T14:22:03.422+0700] {logging_mixin.py:188} INFO - [2024-08-02T14:22:03.422+0700] {dag.py:3089} INFO - Sync 1 DAGs
[2024-08-02T14:22:03.437+0700] {logging_mixin.py:188} INFO - [2024-08-02T14:22:03.436+0700] {dag.py:3947} INFO - Setting next_dagrun for data_pipeline_supermarket_2 to 2024-08-02 00:00:00+00:00, run_after=2024-08-03 00:00:00+00:00
[2024-08-02T14:22:03.466+0700] {processor.py:183} INFO - Processing /root/airflow/dags/data_pipeline_supermarket_2.py took 0.079 seconds
[2024-08-02T14:22:33.792+0700] {processor.py:161} INFO - Started process (PID=14332) to work on /root/airflow/dags/data_pipeline_supermarket_2.py
[2024-08-02T14:22:33.793+0700] {processor.py:830} INFO - Processing file /root/airflow/dags/data_pipeline_supermarket_2.py for tasks to queue
[2024-08-02T14:22:33.793+0700] {logging_mixin.py:188} INFO - [2024-08-02T14:22:33.793+0700] {dagbag.py:545} INFO - Filling up the DagBag from /root/airflow/dags/data_pipeline_supermarket_2.py
[2024-08-02T14:22:33.800+0700] {processor.py:840} INFO - DAG(s) 'data_pipeline_supermarket_2' retrieved from /root/airflow/dags/data_pipeline_supermarket_2.py
[2024-08-02T14:22:33.818+0700] {logging_mixin.py:188} INFO - [2024-08-02T14:22:33.817+0700] {dag.py:3089} INFO - Sync 1 DAGs
[2024-08-02T14:22:33.830+0700] {logging_mixin.py:188} INFO - [2024-08-02T14:22:33.830+0700] {dag.py:3947} INFO - Setting next_dagrun for data_pipeline_supermarket_2 to 2024-08-02 00:00:00+00:00, run_after=2024-08-03 00:00:00+00:00
[2024-08-02T14:22:33.857+0700] {processor.py:183} INFO - Processing /root/airflow/dags/data_pipeline_supermarket_2.py took 0.069 seconds
[2024-08-02T14:23:04.002+0700] {processor.py:161} INFO - Started process (PID=14464) to work on /root/airflow/dags/data_pipeline_supermarket_2.py
[2024-08-02T14:23:04.005+0700] {processor.py:830} INFO - Processing file /root/airflow/dags/data_pipeline_supermarket_2.py for tasks to queue
[2024-08-02T14:23:04.005+0700] {logging_mixin.py:188} INFO - [2024-08-02T14:23:04.005+0700] {dagbag.py:545} INFO - Filling up the DagBag from /root/airflow/dags/data_pipeline_supermarket_2.py
[2024-08-02T14:23:04.013+0700] {processor.py:840} INFO - DAG(s) 'data_pipeline_supermarket_2' retrieved from /root/airflow/dags/data_pipeline_supermarket_2.py
[2024-08-02T14:23:04.029+0700] {logging_mixin.py:188} INFO - [2024-08-02T14:23:04.028+0700] {dag.py:3089} INFO - Sync 1 DAGs
[2024-08-02T14:23:04.041+0700] {logging_mixin.py:188} INFO - [2024-08-02T14:23:04.041+0700] {dag.py:3947} INFO - Setting next_dagrun for data_pipeline_supermarket_2 to 2024-08-02 00:00:00+00:00, run_after=2024-08-03 00:00:00+00:00
[2024-08-02T14:23:04.068+0700] {processor.py:183} INFO - Processing /root/airflow/dags/data_pipeline_supermarket_2.py took 0.070 seconds
[2024-08-02T14:23:35.085+0700] {processor.py:161} INFO - Started process (PID=14615) to work on /root/airflow/dags/data_pipeline_supermarket_2.py
[2024-08-02T14:23:35.087+0700] {processor.py:830} INFO - Processing file /root/airflow/dags/data_pipeline_supermarket_2.py for tasks to queue
[2024-08-02T14:23:35.088+0700] {logging_mixin.py:188} INFO - [2024-08-02T14:23:35.087+0700] {dagbag.py:545} INFO - Filling up the DagBag from /root/airflow/dags/data_pipeline_supermarket_2.py
[2024-08-02T14:23:35.096+0700] {processor.py:840} INFO - DAG(s) 'data_pipeline_supermarket_2' retrieved from /root/airflow/dags/data_pipeline_supermarket_2.py
[2024-08-02T14:23:35.114+0700] {logging_mixin.py:188} INFO - [2024-08-02T14:23:35.113+0700] {dag.py:3089} INFO - Sync 1 DAGs
[2024-08-02T14:23:35.126+0700] {logging_mixin.py:188} INFO - [2024-08-02T14:23:35.126+0700] {dag.py:3947} INFO - Setting next_dagrun for data_pipeline_supermarket_2 to 2024-08-02 00:00:00+00:00, run_after=2024-08-03 00:00:00+00:00
[2024-08-02T14:23:35.154+0700] {processor.py:183} INFO - Processing /root/airflow/dags/data_pipeline_supermarket_2.py took 0.074 seconds
[2024-08-02T14:24:05.795+0700] {processor.py:161} INFO - Started process (PID=14752) to work on /root/airflow/dags/data_pipeline_supermarket_2.py
[2024-08-02T14:24:05.796+0700] {processor.py:830} INFO - Processing file /root/airflow/dags/data_pipeline_supermarket_2.py for tasks to queue
[2024-08-02T14:24:05.797+0700] {logging_mixin.py:188} INFO - [2024-08-02T14:24:05.797+0700] {dagbag.py:545} INFO - Filling up the DagBag from /root/airflow/dags/data_pipeline_supermarket_2.py
[2024-08-02T14:24:05.804+0700] {processor.py:840} INFO - DAG(s) 'data_pipeline_supermarket_2' retrieved from /root/airflow/dags/data_pipeline_supermarket_2.py
[2024-08-02T14:24:05.821+0700] {logging_mixin.py:188} INFO - [2024-08-02T14:24:05.821+0700] {dag.py:3089} INFO - Sync 1 DAGs
[2024-08-02T14:24:05.834+0700] {logging_mixin.py:188} INFO - [2024-08-02T14:24:05.834+0700] {dag.py:3947} INFO - Setting next_dagrun for data_pipeline_supermarket_2 to 2024-08-02 00:00:00+00:00, run_after=2024-08-03 00:00:00+00:00
[2024-08-02T14:24:05.861+0700] {processor.py:183} INFO - Processing /root/airflow/dags/data_pipeline_supermarket_2.py took 0.072 seconds
[2024-08-02T14:24:36.501+0700] {processor.py:161} INFO - Started process (PID=14885) to work on /root/airflow/dags/data_pipeline_supermarket_2.py
[2024-08-02T14:24:36.504+0700] {processor.py:830} INFO - Processing file /root/airflow/dags/data_pipeline_supermarket_2.py for tasks to queue
[2024-08-02T14:24:36.504+0700] {logging_mixin.py:188} INFO - [2024-08-02T14:24:36.504+0700] {dagbag.py:545} INFO - Filling up the DagBag from /root/airflow/dags/data_pipeline_supermarket_2.py
[2024-08-02T14:24:36.511+0700] {processor.py:840} INFO - DAG(s) 'data_pipeline_supermarket_2' retrieved from /root/airflow/dags/data_pipeline_supermarket_2.py
[2024-08-02T14:24:36.529+0700] {logging_mixin.py:188} INFO - [2024-08-02T14:24:36.529+0700] {dag.py:3089} INFO - Sync 1 DAGs
[2024-08-02T14:24:36.542+0700] {logging_mixin.py:188} INFO - [2024-08-02T14:24:36.542+0700] {dag.py:3947} INFO - Setting next_dagrun for data_pipeline_supermarket_2 to 2024-08-02 00:00:00+00:00, run_after=2024-08-03 00:00:00+00:00
[2024-08-02T14:24:36.572+0700] {processor.py:183} INFO - Processing /root/airflow/dags/data_pipeline_supermarket_2.py took 0.074 seconds
[2024-08-02T14:25:07.028+0700] {processor.py:161} INFO - Started process (PID=15023) to work on /root/airflow/dags/data_pipeline_supermarket_2.py
[2024-08-02T14:25:07.029+0700] {processor.py:830} INFO - Processing file /root/airflow/dags/data_pipeline_supermarket_2.py for tasks to queue
[2024-08-02T14:25:07.030+0700] {logging_mixin.py:188} INFO - [2024-08-02T14:25:07.030+0700] {dagbag.py:545} INFO - Filling up the DagBag from /root/airflow/dags/data_pipeline_supermarket_2.py
[2024-08-02T14:25:07.037+0700] {processor.py:840} INFO - DAG(s) 'data_pipeline_supermarket_2' retrieved from /root/airflow/dags/data_pipeline_supermarket_2.py
[2024-08-02T14:25:07.055+0700] {logging_mixin.py:188} INFO - [2024-08-02T14:25:07.055+0700] {dag.py:3089} INFO - Sync 1 DAGs
[2024-08-02T14:25:07.071+0700] {logging_mixin.py:188} INFO - [2024-08-02T14:25:07.070+0700] {dag.py:3947} INFO - Setting next_dagrun for data_pipeline_supermarket_2 to 2024-08-02 00:00:00+00:00, run_after=2024-08-03 00:00:00+00:00
[2024-08-02T14:25:07.099+0700] {processor.py:183} INFO - Processing /root/airflow/dags/data_pipeline_supermarket_2.py took 0.076 seconds
[2024-08-02T14:25:41.803+0700] {processor.py:161} INFO - Started process (PID=15182) to work on /root/airflow/dags/data_pipeline_supermarket_2.py
[2024-08-02T14:25:41.804+0700] {processor.py:830} INFO - Processing file /root/airflow/dags/data_pipeline_supermarket_2.py for tasks to queue
[2024-08-02T14:25:41.805+0700] {logging_mixin.py:188} INFO - [2024-08-02T14:25:41.805+0700] {dagbag.py:545} INFO - Filling up the DagBag from /root/airflow/dags/data_pipeline_supermarket_2.py
[2024-08-02T14:25:41.814+0700] {processor.py:840} INFO - DAG(s) 'data_pipeline_supermarket_2' retrieved from /root/airflow/dags/data_pipeline_supermarket_2.py
[2024-08-02T14:25:41.837+0700] {logging_mixin.py:188} INFO - [2024-08-02T14:25:41.837+0700] {dag.py:3089} INFO - Sync 1 DAGs
[2024-08-02T14:25:41.852+0700] {logging_mixin.py:188} INFO - [2024-08-02T14:25:41.851+0700] {dag.py:3947} INFO - Setting next_dagrun for data_pipeline_supermarket_2 to 2024-08-02 00:00:00+00:00, run_after=2024-08-03 00:00:00+00:00
[2024-08-02T14:25:41.880+0700] {processor.py:183} INFO - Processing /root/airflow/dags/data_pipeline_supermarket_2.py took 0.081 seconds
[2024-08-02T14:26:11.977+0700] {processor.py:161} INFO - Started process (PID=15318) to work on /root/airflow/dags/data_pipeline_supermarket_2.py
[2024-08-02T14:26:11.977+0700] {processor.py:830} INFO - Processing file /root/airflow/dags/data_pipeline_supermarket_2.py for tasks to queue
[2024-08-02T14:26:11.978+0700] {logging_mixin.py:188} INFO - [2024-08-02T14:26:11.977+0700] {dagbag.py:545} INFO - Filling up the DagBag from /root/airflow/dags/data_pipeline_supermarket_2.py
[2024-08-02T14:26:11.986+0700] {processor.py:840} INFO - DAG(s) 'data_pipeline_supermarket_2' retrieved from /root/airflow/dags/data_pipeline_supermarket_2.py
[2024-08-02T14:26:12.004+0700] {logging_mixin.py:188} INFO - [2024-08-02T14:26:12.003+0700] {dag.py:3089} INFO - Sync 1 DAGs
[2024-08-02T14:26:12.017+0700] {logging_mixin.py:188} INFO - [2024-08-02T14:26:12.017+0700] {dag.py:3947} INFO - Setting next_dagrun for data_pipeline_supermarket_2 to 2024-08-02 00:00:00+00:00, run_after=2024-08-03 00:00:00+00:00
[2024-08-02T14:26:12.044+0700] {processor.py:183} INFO - Processing /root/airflow/dags/data_pipeline_supermarket_2.py took 0.071 seconds
[2024-08-02T14:26:42.375+0700] {processor.py:161} INFO - Started process (PID=15452) to work on /root/airflow/dags/data_pipeline_supermarket_2.py
[2024-08-02T14:26:42.378+0700] {processor.py:830} INFO - Processing file /root/airflow/dags/data_pipeline_supermarket_2.py for tasks to queue
[2024-08-02T14:26:42.379+0700] {logging_mixin.py:188} INFO - [2024-08-02T14:26:42.379+0700] {dagbag.py:545} INFO - Filling up the DagBag from /root/airflow/dags/data_pipeline_supermarket_2.py
[2024-08-02T14:26:42.387+0700] {processor.py:840} INFO - DAG(s) 'data_pipeline_supermarket_2' retrieved from /root/airflow/dags/data_pipeline_supermarket_2.py
[2024-08-02T14:26:42.414+0700] {logging_mixin.py:188} INFO - [2024-08-02T14:26:42.414+0700] {dag.py:3089} INFO - Sync 1 DAGs
[2024-08-02T14:26:42.429+0700] {logging_mixin.py:188} INFO - [2024-08-02T14:26:42.428+0700] {dag.py:3947} INFO - Setting next_dagrun for data_pipeline_supermarket_2 to 2024-08-02 00:00:00+00:00, run_after=2024-08-03 00:00:00+00:00
[2024-08-02T14:26:42.459+0700] {processor.py:183} INFO - Processing /root/airflow/dags/data_pipeline_supermarket_2.py took 0.088 seconds
[2024-08-02T14:27:12.572+0700] {processor.py:161} INFO - Started process (PID=15585) to work on /root/airflow/dags/data_pipeline_supermarket_2.py
[2024-08-02T14:27:12.573+0700] {processor.py:830} INFO - Processing file /root/airflow/dags/data_pipeline_supermarket_2.py for tasks to queue
[2024-08-02T14:27:12.574+0700] {logging_mixin.py:188} INFO - [2024-08-02T14:27:12.574+0700] {dagbag.py:545} INFO - Filling up the DagBag from /root/airflow/dags/data_pipeline_supermarket_2.py
[2024-08-02T14:27:12.582+0700] {processor.py:840} INFO - DAG(s) 'data_pipeline_supermarket_2' retrieved from /root/airflow/dags/data_pipeline_supermarket_2.py
[2024-08-02T14:27:12.604+0700] {logging_mixin.py:188} INFO - [2024-08-02T14:27:12.604+0700] {dag.py:3089} INFO - Sync 1 DAGs
[2024-08-02T14:27:12.620+0700] {logging_mixin.py:188} INFO - [2024-08-02T14:27:12.620+0700] {dag.py:3947} INFO - Setting next_dagrun for data_pipeline_supermarket_2 to 2024-08-02 00:00:00+00:00, run_after=2024-08-03 00:00:00+00:00
[2024-08-02T14:27:12.650+0700] {processor.py:183} INFO - Processing /root/airflow/dags/data_pipeline_supermarket_2.py took 0.083 seconds
[2024-08-02T14:27:43.076+0700] {processor.py:161} INFO - Started process (PID=15718) to work on /root/airflow/dags/data_pipeline_supermarket_2.py
[2024-08-02T14:27:43.077+0700] {processor.py:830} INFO - Processing file /root/airflow/dags/data_pipeline_supermarket_2.py for tasks to queue
[2024-08-02T14:27:43.077+0700] {logging_mixin.py:188} INFO - [2024-08-02T14:27:43.077+0700] {dagbag.py:545} INFO - Filling up the DagBag from /root/airflow/dags/data_pipeline_supermarket_2.py
[2024-08-02T14:27:43.087+0700] {processor.py:840} INFO - DAG(s) 'data_pipeline_supermarket_2' retrieved from /root/airflow/dags/data_pipeline_supermarket_2.py
[2024-08-02T14:27:43.107+0700] {logging_mixin.py:188} INFO - [2024-08-02T14:27:43.107+0700] {dag.py:3089} INFO - Sync 1 DAGs
[2024-08-02T14:27:43.125+0700] {logging_mixin.py:188} INFO - [2024-08-02T14:27:43.125+0700] {dag.py:3947} INFO - Setting next_dagrun for data_pipeline_supermarket_2 to 2024-08-02 00:00:00+00:00, run_after=2024-08-03 00:00:00+00:00
[2024-08-02T14:27:43.156+0700] {processor.py:183} INFO - Processing /root/airflow/dags/data_pipeline_supermarket_2.py took 0.085 seconds
[2024-08-02T14:28:14.655+0700] {processor.py:161} INFO - Started process (PID=15856) to work on /root/airflow/dags/data_pipeline_supermarket_2.py
[2024-08-02T14:28:14.657+0700] {processor.py:830} INFO - Processing file /root/airflow/dags/data_pipeline_supermarket_2.py for tasks to queue
[2024-08-02T14:28:14.657+0700] {logging_mixin.py:188} INFO - [2024-08-02T14:28:14.657+0700] {dagbag.py:545} INFO - Filling up the DagBag from /root/airflow/dags/data_pipeline_supermarket_2.py
[2024-08-02T14:28:14.664+0700] {processor.py:840} INFO - DAG(s) 'data_pipeline_supermarket_2' retrieved from /root/airflow/dags/data_pipeline_supermarket_2.py
[2024-08-02T14:28:14.682+0700] {logging_mixin.py:188} INFO - [2024-08-02T14:28:14.681+0700] {dag.py:3089} INFO - Sync 1 DAGs
[2024-08-02T14:28:14.694+0700] {logging_mixin.py:188} INFO - [2024-08-02T14:28:14.694+0700] {dag.py:3947} INFO - Setting next_dagrun for data_pipeline_supermarket_2 to 2024-08-02 00:00:00+00:00, run_after=2024-08-03 00:00:00+00:00
[2024-08-02T14:28:14.722+0700] {processor.py:183} INFO - Processing /root/airflow/dags/data_pipeline_supermarket_2.py took 0.071 seconds
[2024-08-02T14:28:44.769+0700] {processor.py:161} INFO - Started process (PID=15994) to work on /root/airflow/dags/data_pipeline_supermarket_2.py
[2024-08-02T14:28:44.774+0700] {processor.py:830} INFO - Processing file /root/airflow/dags/data_pipeline_supermarket_2.py for tasks to queue
[2024-08-02T14:28:44.775+0700] {logging_mixin.py:188} INFO - [2024-08-02T14:28:44.775+0700] {dagbag.py:545} INFO - Filling up the DagBag from /root/airflow/dags/data_pipeline_supermarket_2.py
[2024-08-02T14:28:44.782+0700] {processor.py:840} INFO - DAG(s) 'data_pipeline_supermarket_2' retrieved from /root/airflow/dags/data_pipeline_supermarket_2.py
[2024-08-02T14:28:44.800+0700] {logging_mixin.py:188} INFO - [2024-08-02T14:28:44.800+0700] {dag.py:3089} INFO - Sync 1 DAGs
[2024-08-02T14:28:44.816+0700] {logging_mixin.py:188} INFO - [2024-08-02T14:28:44.815+0700] {dag.py:3947} INFO - Setting next_dagrun for data_pipeline_supermarket_2 to 2024-08-02 00:00:00+00:00, run_after=2024-08-03 00:00:00+00:00
[2024-08-02T14:28:44.842+0700] {processor.py:183} INFO - Processing /root/airflow/dags/data_pipeline_supermarket_2.py took 0.077 seconds
[2024-08-02T14:29:14.990+0700] {processor.py:161} INFO - Started process (PID=16127) to work on /root/airflow/dags/data_pipeline_supermarket_2.py
[2024-08-02T14:29:14.991+0700] {processor.py:830} INFO - Processing file /root/airflow/dags/data_pipeline_supermarket_2.py for tasks to queue
[2024-08-02T14:29:14.991+0700] {logging_mixin.py:188} INFO - [2024-08-02T14:29:14.991+0700] {dagbag.py:545} INFO - Filling up the DagBag from /root/airflow/dags/data_pipeline_supermarket_2.py
[2024-08-02T14:29:14.998+0700] {processor.py:840} INFO - DAG(s) 'data_pipeline_supermarket_2' retrieved from /root/airflow/dags/data_pipeline_supermarket_2.py
[2024-08-02T14:29:15.017+0700] {logging_mixin.py:188} INFO - [2024-08-02T14:29:15.016+0700] {dag.py:3089} INFO - Sync 1 DAGs
[2024-08-02T14:29:15.031+0700] {logging_mixin.py:188} INFO - [2024-08-02T14:29:15.031+0700] {dag.py:3947} INFO - Setting next_dagrun for data_pipeline_supermarket_2 to 2024-08-02 00:00:00+00:00, run_after=2024-08-03 00:00:00+00:00
[2024-08-02T14:29:15.060+0700] {processor.py:183} INFO - Processing /root/airflow/dags/data_pipeline_supermarket_2.py took 0.074 seconds
[2024-08-02T14:29:45.368+0700] {processor.py:161} INFO - Started process (PID=16261) to work on /root/airflow/dags/data_pipeline_supermarket_2.py
[2024-08-02T14:29:45.370+0700] {processor.py:830} INFO - Processing file /root/airflow/dags/data_pipeline_supermarket_2.py for tasks to queue
[2024-08-02T14:29:45.371+0700] {logging_mixin.py:188} INFO - [2024-08-02T14:29:45.371+0700] {dagbag.py:545} INFO - Filling up the DagBag from /root/airflow/dags/data_pipeline_supermarket_2.py
[2024-08-02T14:29:45.378+0700] {processor.py:840} INFO - DAG(s) 'data_pipeline_supermarket_2' retrieved from /root/airflow/dags/data_pipeline_supermarket_2.py
[2024-08-02T14:29:45.395+0700] {logging_mixin.py:188} INFO - [2024-08-02T14:29:45.395+0700] {dag.py:3089} INFO - Sync 1 DAGs
[2024-08-02T14:29:45.409+0700] {logging_mixin.py:188} INFO - [2024-08-02T14:29:45.408+0700] {dag.py:3947} INFO - Setting next_dagrun for data_pipeline_supermarket_2 to 2024-08-02 00:00:00+00:00, run_after=2024-08-03 00:00:00+00:00
[2024-08-02T14:29:45.436+0700] {processor.py:183} INFO - Processing /root/airflow/dags/data_pipeline_supermarket_2.py took 0.072 seconds
[2024-08-02T14:30:15.747+0700] {processor.py:161} INFO - Started process (PID=16392) to work on /root/airflow/dags/data_pipeline_supermarket_2.py
[2024-08-02T14:30:15.748+0700] {processor.py:830} INFO - Processing file /root/airflow/dags/data_pipeline_supermarket_2.py for tasks to queue
[2024-08-02T14:30:15.748+0700] {logging_mixin.py:188} INFO - [2024-08-02T14:30:15.748+0700] {dagbag.py:545} INFO - Filling up the DagBag from /root/airflow/dags/data_pipeline_supermarket_2.py
[2024-08-02T14:30:15.756+0700] {processor.py:840} INFO - DAG(s) 'data_pipeline_supermarket_2' retrieved from /root/airflow/dags/data_pipeline_supermarket_2.py
[2024-08-02T14:30:15.775+0700] {logging_mixin.py:188} INFO - [2024-08-02T14:30:15.775+0700] {dag.py:3089} INFO - Sync 1 DAGs
[2024-08-02T14:30:15.789+0700] {logging_mixin.py:188} INFO - [2024-08-02T14:30:15.789+0700] {dag.py:3947} INFO - Setting next_dagrun for data_pipeline_supermarket_2 to 2024-08-02 00:00:00+00:00, run_after=2024-08-03 00:00:00+00:00
[2024-08-02T14:30:15.818+0700] {processor.py:183} INFO - Processing /root/airflow/dags/data_pipeline_supermarket_2.py took 0.077 seconds
[2024-08-02T14:30:46.005+0700] {processor.py:161} INFO - Started process (PID=16532) to work on /root/airflow/dags/data_pipeline_supermarket_2.py
[2024-08-02T14:30:46.009+0700] {processor.py:830} INFO - Processing file /root/airflow/dags/data_pipeline_supermarket_2.py for tasks to queue
[2024-08-02T14:30:46.010+0700] {logging_mixin.py:188} INFO - [2024-08-02T14:30:46.009+0700] {dagbag.py:545} INFO - Filling up the DagBag from /root/airflow/dags/data_pipeline_supermarket_2.py
[2024-08-02T14:30:46.017+0700] {processor.py:840} INFO - DAG(s) 'data_pipeline_supermarket_2' retrieved from /root/airflow/dags/data_pipeline_supermarket_2.py
[2024-08-02T14:30:46.034+0700] {logging_mixin.py:188} INFO - [2024-08-02T14:30:46.034+0700] {dag.py:3089} INFO - Sync 1 DAGs
[2024-08-02T14:30:46.049+0700] {logging_mixin.py:188} INFO - [2024-08-02T14:30:46.048+0700] {dag.py:3947} INFO - Setting next_dagrun for data_pipeline_supermarket_2 to 2024-08-02 00:00:00+00:00, run_after=2024-08-03 00:00:00+00:00
[2024-08-02T14:30:46.076+0700] {processor.py:183} INFO - Processing /root/airflow/dags/data_pipeline_supermarket_2.py took 0.075 seconds
[2024-08-02T14:31:16.523+0700] {processor.py:161} INFO - Started process (PID=16664) to work on /root/airflow/dags/data_pipeline_supermarket_2.py
[2024-08-02T14:31:16.524+0700] {processor.py:830} INFO - Processing file /root/airflow/dags/data_pipeline_supermarket_2.py for tasks to queue
[2024-08-02T14:31:16.525+0700] {logging_mixin.py:188} INFO - [2024-08-02T14:31:16.525+0700] {dagbag.py:545} INFO - Filling up the DagBag from /root/airflow/dags/data_pipeline_supermarket_2.py
[2024-08-02T14:31:16.532+0700] {processor.py:840} INFO - DAG(s) 'data_pipeline_supermarket_2' retrieved from /root/airflow/dags/data_pipeline_supermarket_2.py
[2024-08-02T14:31:16.548+0700] {logging_mixin.py:188} INFO - [2024-08-02T14:31:16.548+0700] {dag.py:3089} INFO - Sync 1 DAGs
[2024-08-02T14:31:16.561+0700] {logging_mixin.py:188} INFO - [2024-08-02T14:31:16.561+0700] {dag.py:3947} INFO - Setting next_dagrun for data_pipeline_supermarket_2 to 2024-08-02 00:00:00+00:00, run_after=2024-08-03 00:00:00+00:00
[2024-08-02T14:31:16.588+0700] {processor.py:183} INFO - Processing /root/airflow/dags/data_pipeline_supermarket_2.py took 0.069 seconds
[2024-08-02T14:31:46.986+0700] {processor.py:161} INFO - Started process (PID=16796) to work on /root/airflow/dags/data_pipeline_supermarket_2.py
[2024-08-02T14:31:46.989+0700] {processor.py:830} INFO - Processing file /root/airflow/dags/data_pipeline_supermarket_2.py for tasks to queue
[2024-08-02T14:31:46.989+0700] {logging_mixin.py:188} INFO - [2024-08-02T14:31:46.989+0700] {dagbag.py:545} INFO - Filling up the DagBag from /root/airflow/dags/data_pipeline_supermarket_2.py
[2024-08-02T14:31:46.997+0700] {processor.py:840} INFO - DAG(s) 'data_pipeline_supermarket_2' retrieved from /root/airflow/dags/data_pipeline_supermarket_2.py
[2024-08-02T14:31:47.015+0700] {logging_mixin.py:188} INFO - [2024-08-02T14:31:47.015+0700] {dag.py:3089} INFO - Sync 1 DAGs
[2024-08-02T14:31:47.029+0700] {logging_mixin.py:188} INFO - [2024-08-02T14:31:47.028+0700] {dag.py:3947} INFO - Setting next_dagrun for data_pipeline_supermarket_2 to 2024-08-02 00:00:00+00:00, run_after=2024-08-03 00:00:00+00:00
[2024-08-02T14:31:47.057+0700] {processor.py:183} INFO - Processing /root/airflow/dags/data_pipeline_supermarket_2.py took 0.075 seconds
[2024-08-02T14:32:17.624+0700] {processor.py:161} INFO - Started process (PID=16955) to work on /root/airflow/dags/data_pipeline_supermarket_2.py
[2024-08-02T14:32:17.624+0700] {processor.py:830} INFO - Processing file /root/airflow/dags/data_pipeline_supermarket_2.py for tasks to queue
[2024-08-02T14:32:17.625+0700] {logging_mixin.py:188} INFO - [2024-08-02T14:32:17.625+0700] {dagbag.py:545} INFO - Filling up the DagBag from /root/airflow/dags/data_pipeline_supermarket_2.py
[2024-08-02T14:32:17.632+0700] {processor.py:840} INFO - DAG(s) 'data_pipeline_supermarket_2' retrieved from /root/airflow/dags/data_pipeline_supermarket_2.py
[2024-08-02T14:32:17.649+0700] {logging_mixin.py:188} INFO - [2024-08-02T14:32:17.649+0700] {dag.py:3089} INFO - Sync 1 DAGs
[2024-08-02T14:32:17.662+0700] {logging_mixin.py:188} INFO - [2024-08-02T14:32:17.662+0700] {dag.py:3947} INFO - Setting next_dagrun for data_pipeline_supermarket_2 to 2024-08-02 00:00:00+00:00, run_after=2024-08-03 00:00:00+00:00
[2024-08-02T14:32:17.689+0700] {processor.py:183} INFO - Processing /root/airflow/dags/data_pipeline_supermarket_2.py took 0.071 seconds
[2024-08-02T14:32:48.052+0700] {processor.py:161} INFO - Started process (PID=17121) to work on /root/airflow/dags/data_pipeline_supermarket_2.py
[2024-08-02T14:32:48.053+0700] {processor.py:830} INFO - Processing file /root/airflow/dags/data_pipeline_supermarket_2.py for tasks to queue
[2024-08-02T14:32:48.054+0700] {logging_mixin.py:188} INFO - [2024-08-02T14:32:48.053+0700] {dagbag.py:545} INFO - Filling up the DagBag from /root/airflow/dags/data_pipeline_supermarket_2.py
[2024-08-02T14:32:48.060+0700] {processor.py:840} INFO - DAG(s) 'data_pipeline_supermarket_2' retrieved from /root/airflow/dags/data_pipeline_supermarket_2.py
[2024-08-02T14:32:48.076+0700] {logging_mixin.py:188} INFO - [2024-08-02T14:32:48.076+0700] {dag.py:3089} INFO - Sync 1 DAGs
[2024-08-02T14:32:48.089+0700] {logging_mixin.py:188} INFO - [2024-08-02T14:32:48.088+0700] {dag.py:3947} INFO - Setting next_dagrun for data_pipeline_supermarket_2 to 2024-08-02 00:00:00+00:00, run_after=2024-08-03 00:00:00+00:00
[2024-08-02T14:32:48.115+0700] {processor.py:183} INFO - Processing /root/airflow/dags/data_pipeline_supermarket_2.py took 0.067 seconds
[2024-08-02T14:33:18.475+0700] {processor.py:161} INFO - Started process (PID=17261) to work on /root/airflow/dags/data_pipeline_supermarket_2.py
[2024-08-02T14:33:18.476+0700] {processor.py:830} INFO - Processing file /root/airflow/dags/data_pipeline_supermarket_2.py for tasks to queue
[2024-08-02T14:33:18.476+0700] {logging_mixin.py:188} INFO - [2024-08-02T14:33:18.476+0700] {dagbag.py:545} INFO - Filling up the DagBag from /root/airflow/dags/data_pipeline_supermarket_2.py
[2024-08-02T14:33:18.483+0700] {processor.py:840} INFO - DAG(s) 'data_pipeline_supermarket_2' retrieved from /root/airflow/dags/data_pipeline_supermarket_2.py
[2024-08-02T14:33:18.501+0700] {logging_mixin.py:188} INFO - [2024-08-02T14:33:18.500+0700] {dag.py:3089} INFO - Sync 1 DAGs
[2024-08-02T14:33:18.514+0700] {logging_mixin.py:188} INFO - [2024-08-02T14:33:18.514+0700] {dag.py:3947} INFO - Setting next_dagrun for data_pipeline_supermarket_2 to 2024-08-02 00:00:00+00:00, run_after=2024-08-03 00:00:00+00:00
[2024-08-02T14:33:18.541+0700] {processor.py:183} INFO - Processing /root/airflow/dags/data_pipeline_supermarket_2.py took 0.070 seconds
[2024-08-02T14:33:48.889+0700] {processor.py:161} INFO - Started process (PID=17393) to work on /root/airflow/dags/data_pipeline_supermarket_2.py
[2024-08-02T14:33:48.891+0700] {processor.py:830} INFO - Processing file /root/airflow/dags/data_pipeline_supermarket_2.py for tasks to queue
[2024-08-02T14:33:48.891+0700] {logging_mixin.py:188} INFO - [2024-08-02T14:33:48.891+0700] {dagbag.py:545} INFO - Filling up the DagBag from /root/airflow/dags/data_pipeline_supermarket_2.py
[2024-08-02T14:33:48.898+0700] {processor.py:840} INFO - DAG(s) 'data_pipeline_supermarket_2' retrieved from /root/airflow/dags/data_pipeline_supermarket_2.py
[2024-08-02T14:33:48.915+0700] {logging_mixin.py:188} INFO - [2024-08-02T14:33:48.915+0700] {dag.py:3089} INFO - Sync 1 DAGs
[2024-08-02T14:33:48.927+0700] {logging_mixin.py:188} INFO - [2024-08-02T14:33:48.927+0700] {dag.py:3947} INFO - Setting next_dagrun for data_pipeline_supermarket_2 to 2024-08-02 00:00:00+00:00, run_after=2024-08-03 00:00:00+00:00
[2024-08-02T14:33:48.955+0700] {processor.py:183} INFO - Processing /root/airflow/dags/data_pipeline_supermarket_2.py took 0.070 seconds
[2024-08-02T14:34:19.261+0700] {processor.py:161} INFO - Started process (PID=17526) to work on /root/airflow/dags/data_pipeline_supermarket_2.py
[2024-08-02T14:34:19.265+0700] {processor.py:830} INFO - Processing file /root/airflow/dags/data_pipeline_supermarket_2.py for tasks to queue
[2024-08-02T14:34:19.266+0700] {logging_mixin.py:188} INFO - [2024-08-02T14:34:19.265+0700] {dagbag.py:545} INFO - Filling up the DagBag from /root/airflow/dags/data_pipeline_supermarket_2.py
[2024-08-02T14:34:19.272+0700] {processor.py:840} INFO - DAG(s) 'data_pipeline_supermarket_2' retrieved from /root/airflow/dags/data_pipeline_supermarket_2.py
[2024-08-02T14:34:19.291+0700] {logging_mixin.py:188} INFO - [2024-08-02T14:34:19.291+0700] {dag.py:3089} INFO - Sync 1 DAGs
[2024-08-02T14:34:19.303+0700] {logging_mixin.py:188} INFO - [2024-08-02T14:34:19.303+0700] {dag.py:3947} INFO - Setting next_dagrun for data_pipeline_supermarket_2 to 2024-08-02 00:00:00+00:00, run_after=2024-08-03 00:00:00+00:00
[2024-08-02T14:34:19.331+0700] {processor.py:183} INFO - Processing /root/airflow/dags/data_pipeline_supermarket_2.py took 0.073 seconds
[2024-08-02T14:34:49.543+0700] {processor.py:161} INFO - Started process (PID=17656) to work on /root/airflow/dags/data_pipeline_supermarket_2.py
[2024-08-02T14:34:49.544+0700] {processor.py:830} INFO - Processing file /root/airflow/dags/data_pipeline_supermarket_2.py for tasks to queue
[2024-08-02T14:34:49.545+0700] {logging_mixin.py:188} INFO - [2024-08-02T14:34:49.544+0700] {dagbag.py:545} INFO - Filling up the DagBag from /root/airflow/dags/data_pipeline_supermarket_2.py
[2024-08-02T14:34:49.551+0700] {processor.py:840} INFO - DAG(s) 'data_pipeline_supermarket_2' retrieved from /root/airflow/dags/data_pipeline_supermarket_2.py
[2024-08-02T14:34:49.568+0700] {logging_mixin.py:188} INFO - [2024-08-02T14:34:49.567+0700] {dag.py:3089} INFO - Sync 1 DAGs
[2024-08-02T14:34:49.580+0700] {logging_mixin.py:188} INFO - [2024-08-02T14:34:49.580+0700] {dag.py:3947} INFO - Setting next_dagrun for data_pipeline_supermarket_2 to 2024-08-02 00:00:00+00:00, run_after=2024-08-03 00:00:00+00:00
[2024-08-02T14:34:49.607+0700] {processor.py:183} INFO - Processing /root/airflow/dags/data_pipeline_supermarket_2.py took 0.068 seconds
[2024-08-02T14:35:19.848+0700] {processor.py:161} INFO - Started process (PID=17791) to work on /root/airflow/dags/data_pipeline_supermarket_2.py
[2024-08-02T14:35:19.851+0700] {processor.py:830} INFO - Processing file /root/airflow/dags/data_pipeline_supermarket_2.py for tasks to queue
[2024-08-02T14:35:19.851+0700] {logging_mixin.py:188} INFO - [2024-08-02T14:35:19.851+0700] {dagbag.py:545} INFO - Filling up the DagBag from /root/airflow/dags/data_pipeline_supermarket_2.py
[2024-08-02T14:35:19.858+0700] {processor.py:840} INFO - DAG(s) 'data_pipeline_supermarket_2' retrieved from /root/airflow/dags/data_pipeline_supermarket_2.py
[2024-08-02T14:35:19.874+0700] {logging_mixin.py:188} INFO - [2024-08-02T14:35:19.874+0700] {dag.py:3089} INFO - Sync 1 DAGs
[2024-08-02T14:35:19.887+0700] {logging_mixin.py:188} INFO - [2024-08-02T14:35:19.887+0700] {dag.py:3947} INFO - Setting next_dagrun for data_pipeline_supermarket_2 to 2024-08-02 00:00:00+00:00, run_after=2024-08-03 00:00:00+00:00
[2024-08-02T14:35:19.914+0700] {processor.py:183} INFO - Processing /root/airflow/dags/data_pipeline_supermarket_2.py took 0.070 seconds
[2024-08-02T14:35:50.266+0700] {processor.py:161} INFO - Started process (PID=17922) to work on /root/airflow/dags/data_pipeline_supermarket_2.py
[2024-08-02T14:35:50.267+0700] {processor.py:830} INFO - Processing file /root/airflow/dags/data_pipeline_supermarket_2.py for tasks to queue
[2024-08-02T14:35:50.268+0700] {logging_mixin.py:188} INFO - [2024-08-02T14:35:50.267+0700] {dagbag.py:545} INFO - Filling up the DagBag from /root/airflow/dags/data_pipeline_supermarket_2.py
[2024-08-02T14:35:50.274+0700] {processor.py:840} INFO - DAG(s) 'data_pipeline_supermarket_2' retrieved from /root/airflow/dags/data_pipeline_supermarket_2.py
[2024-08-02T14:35:50.291+0700] {logging_mixin.py:188} INFO - [2024-08-02T14:35:50.290+0700] {dag.py:3089} INFO - Sync 1 DAGs
[2024-08-02T14:35:50.304+0700] {logging_mixin.py:188} INFO - [2024-08-02T14:35:50.303+0700] {dag.py:3947} INFO - Setting next_dagrun for data_pipeline_supermarket_2 to 2024-08-02 00:00:00+00:00, run_after=2024-08-03 00:00:00+00:00
[2024-08-02T14:35:50.330+0700] {processor.py:183} INFO - Processing /root/airflow/dags/data_pipeline_supermarket_2.py took 0.068 seconds
[2024-08-02T14:36:20.678+0700] {processor.py:161} INFO - Started process (PID=18054) to work on /root/airflow/dags/data_pipeline_supermarket_2.py
[2024-08-02T14:36:20.679+0700] {processor.py:830} INFO - Processing file /root/airflow/dags/data_pipeline_supermarket_2.py for tasks to queue
[2024-08-02T14:36:20.680+0700] {logging_mixin.py:188} INFO - [2024-08-02T14:36:20.679+0700] {dagbag.py:545} INFO - Filling up the DagBag from /root/airflow/dags/data_pipeline_supermarket_2.py
[2024-08-02T14:36:20.687+0700] {processor.py:840} INFO - DAG(s) 'data_pipeline_supermarket_2' retrieved from /root/airflow/dags/data_pipeline_supermarket_2.py
[2024-08-02T14:36:20.704+0700] {logging_mixin.py:188} INFO - [2024-08-02T14:36:20.704+0700] {dag.py:3089} INFO - Sync 1 DAGs
[2024-08-02T14:36:20.718+0700] {logging_mixin.py:188} INFO - [2024-08-02T14:36:20.717+0700] {dag.py:3947} INFO - Setting next_dagrun for data_pipeline_supermarket_2 to 2024-08-02 00:00:00+00:00, run_after=2024-08-03 00:00:00+00:00
[2024-08-02T14:36:20.744+0700] {processor.py:183} INFO - Processing /root/airflow/dags/data_pipeline_supermarket_2.py took 0.071 seconds
[2024-08-02T14:36:51.089+0700] {processor.py:161} INFO - Started process (PID=18212) to work on /root/airflow/dags/data_pipeline_supermarket_2.py
[2024-08-02T14:36:51.091+0700] {processor.py:830} INFO - Processing file /root/airflow/dags/data_pipeline_supermarket_2.py for tasks to queue
[2024-08-02T14:36:51.092+0700] {logging_mixin.py:188} INFO - [2024-08-02T14:36:51.091+0700] {dagbag.py:545} INFO - Filling up the DagBag from /root/airflow/dags/data_pipeline_supermarket_2.py
[2024-08-02T14:36:51.102+0700] {processor.py:840} INFO - DAG(s) 'data_pipeline_supermarket_2' retrieved from /root/airflow/dags/data_pipeline_supermarket_2.py
[2024-08-02T14:36:51.119+0700] {logging_mixin.py:188} INFO - [2024-08-02T14:36:51.119+0700] {dag.py:3089} INFO - Sync 1 DAGs
[2024-08-02T14:36:51.132+0700] {logging_mixin.py:188} INFO - [2024-08-02T14:36:51.131+0700] {dag.py:3947} INFO - Setting next_dagrun for data_pipeline_supermarket_2 to 2024-08-02 00:00:00+00:00, run_after=2024-08-03 00:00:00+00:00
[2024-08-02T14:36:51.158+0700] {processor.py:183} INFO - Processing /root/airflow/dags/data_pipeline_supermarket_2.py took 0.074 seconds
[2024-08-02T14:37:21.503+0700] {processor.py:161} INFO - Started process (PID=18345) to work on /root/airflow/dags/data_pipeline_supermarket_2.py
[2024-08-02T14:37:21.505+0700] {processor.py:830} INFO - Processing file /root/airflow/dags/data_pipeline_supermarket_2.py for tasks to queue
[2024-08-02T14:37:21.505+0700] {logging_mixin.py:188} INFO - [2024-08-02T14:37:21.505+0700] {dagbag.py:545} INFO - Filling up the DagBag from /root/airflow/dags/data_pipeline_supermarket_2.py
[2024-08-02T14:37:21.512+0700] {processor.py:840} INFO - DAG(s) 'data_pipeline_supermarket_2' retrieved from /root/airflow/dags/data_pipeline_supermarket_2.py
[2024-08-02T14:37:21.529+0700] {logging_mixin.py:188} INFO - [2024-08-02T14:37:21.529+0700] {dag.py:3089} INFO - Sync 1 DAGs
[2024-08-02T14:37:21.542+0700] {logging_mixin.py:188} INFO - [2024-08-02T14:37:21.542+0700] {dag.py:3947} INFO - Setting next_dagrun for data_pipeline_supermarket_2 to 2024-08-02 00:00:00+00:00, run_after=2024-08-03 00:00:00+00:00
[2024-08-02T14:37:21.570+0700] {processor.py:183} INFO - Processing /root/airflow/dags/data_pipeline_supermarket_2.py took 0.072 seconds
[2024-08-02T14:37:51.911+0700] {processor.py:161} INFO - Started process (PID=18476) to work on /root/airflow/dags/data_pipeline_supermarket_2.py
[2024-08-02T14:37:51.913+0700] {processor.py:830} INFO - Processing file /root/airflow/dags/data_pipeline_supermarket_2.py for tasks to queue
[2024-08-02T14:37:51.914+0700] {logging_mixin.py:188} INFO - [2024-08-02T14:37:51.913+0700] {dagbag.py:545} INFO - Filling up the DagBag from /root/airflow/dags/data_pipeline_supermarket_2.py
[2024-08-02T14:37:51.920+0700] {processor.py:840} INFO - DAG(s) 'data_pipeline_supermarket_2' retrieved from /root/airflow/dags/data_pipeline_supermarket_2.py
[2024-08-02T14:37:51.938+0700] {logging_mixin.py:188} INFO - [2024-08-02T14:37:51.938+0700] {dag.py:3089} INFO - Sync 1 DAGs
[2024-08-02T14:37:51.952+0700] {logging_mixin.py:188} INFO - [2024-08-02T14:37:51.952+0700] {dag.py:3947} INFO - Setting next_dagrun for data_pipeline_supermarket_2 to 2024-08-02 00:00:00+00:00, run_after=2024-08-03 00:00:00+00:00
[2024-08-02T14:37:51.981+0700] {processor.py:183} INFO - Processing /root/airflow/dags/data_pipeline_supermarket_2.py took 0.075 seconds
[2024-08-02T14:38:22.321+0700] {processor.py:161} INFO - Started process (PID=18608) to work on /root/airflow/dags/data_pipeline_supermarket_2.py
[2024-08-02T14:38:22.323+0700] {processor.py:830} INFO - Processing file /root/airflow/dags/data_pipeline_supermarket_2.py for tasks to queue
[2024-08-02T14:38:22.323+0700] {logging_mixin.py:188} INFO - [2024-08-02T14:38:22.323+0700] {dagbag.py:545} INFO - Filling up the DagBag from /root/airflow/dags/data_pipeline_supermarket_2.py
[2024-08-02T14:38:22.332+0700] {processor.py:840} INFO - DAG(s) 'data_pipeline_supermarket_2' retrieved from /root/airflow/dags/data_pipeline_supermarket_2.py
[2024-08-02T14:38:22.348+0700] {logging_mixin.py:188} INFO - [2024-08-02T14:38:22.348+0700] {dag.py:3089} INFO - Sync 1 DAGs
[2024-08-02T14:38:22.360+0700] {logging_mixin.py:188} INFO - [2024-08-02T14:38:22.360+0700] {dag.py:3947} INFO - Setting next_dagrun for data_pipeline_supermarket_2 to 2024-08-02 00:00:00+00:00, run_after=2024-08-03 00:00:00+00:00
[2024-08-02T14:38:22.388+0700] {processor.py:183} INFO - Processing /root/airflow/dags/data_pipeline_supermarket_2.py took 0.071 seconds
[2024-08-02T14:38:52.734+0700] {processor.py:161} INFO - Started process (PID=18740) to work on /root/airflow/dags/data_pipeline_supermarket_2.py
[2024-08-02T14:38:52.736+0700] {processor.py:830} INFO - Processing file /root/airflow/dags/data_pipeline_supermarket_2.py for tasks to queue
[2024-08-02T14:38:52.737+0700] {logging_mixin.py:188} INFO - [2024-08-02T14:38:52.736+0700] {dagbag.py:545} INFO - Filling up the DagBag from /root/airflow/dags/data_pipeline_supermarket_2.py
[2024-08-02T14:38:52.743+0700] {processor.py:840} INFO - DAG(s) 'data_pipeline_supermarket_2' retrieved from /root/airflow/dags/data_pipeline_supermarket_2.py
[2024-08-02T14:38:52.760+0700] {logging_mixin.py:188} INFO - [2024-08-02T14:38:52.760+0700] {dag.py:3089} INFO - Sync 1 DAGs
[2024-08-02T14:38:52.773+0700] {logging_mixin.py:188} INFO - [2024-08-02T14:38:52.773+0700] {dag.py:3947} INFO - Setting next_dagrun for data_pipeline_supermarket_2 to 2024-08-02 00:00:00+00:00, run_after=2024-08-03 00:00:00+00:00
[2024-08-02T14:38:52.801+0700] {processor.py:183} INFO - Processing /root/airflow/dags/data_pipeline_supermarket_2.py took 0.070 seconds
[2024-08-02T14:39:23.436+0700] {processor.py:161} INFO - Started process (PID=19246) to work on /root/airflow/dags/data_pipeline_supermarket_2.py
[2024-08-02T14:39:23.484+0700] {processor.py:830} INFO - Processing file /root/airflow/dags/data_pipeline_supermarket_2.py for tasks to queue
[2024-08-02T14:39:23.513+0700] {logging_mixin.py:188} INFO - [2024-08-02T14:39:23.485+0700] {dagbag.py:545} INFO - Filling up the DagBag from /root/airflow/dags/data_pipeline_supermarket_2.py
[2024-08-02T14:39:23.893+0700] {processor.py:840} INFO - DAG(s) 'data_pipeline_supermarket_2' retrieved from /root/airflow/dags/data_pipeline_supermarket_2.py
[2024-08-02T14:39:24.227+0700] {logging_mixin.py:188} INFO - [2024-08-02T14:39:24.225+0700] {dag.py:3089} INFO - Sync 1 DAGs
[2024-08-02T14:39:24.385+0700] {logging_mixin.py:188} INFO - [2024-08-02T14:39:24.384+0700] {dag.py:3947} INFO - Setting next_dagrun for data_pipeline_supermarket_2 to 2024-08-02 00:00:00+00:00, run_after=2024-08-03 00:00:00+00:00
[2024-08-02T14:39:24.500+0700] {processor.py:183} INFO - Processing /root/airflow/dags/data_pipeline_supermarket_2.py took 1.201 seconds
[2024-08-02T14:40:06.071+0700] {processor.py:161} INFO - Started process (PID=19315) to work on /root/airflow/dags/data_pipeline_supermarket_2.py
[2024-08-02T14:40:06.584+0700] {processor.py:830} INFO - Processing file /root/airflow/dags/data_pipeline_supermarket_2.py for tasks to queue
[2024-08-02T14:40:07.499+0700] {logging_mixin.py:188} INFO - [2024-08-02T14:40:06.883+0700] {dagbag.py:545} INFO - Filling up the DagBag from /root/airflow/dags/data_pipeline_supermarket_2.py
[2024-08-02T14:40:17.131+0700] {processor.py:840} INFO - DAG(s) 'data_pipeline_supermarket_2' retrieved from /root/airflow/dags/data_pipeline_supermarket_2.py
[2024-08-02T14:43:25.025+0700] {logging_mixin.py:188} INFO - [2024-08-02T14:43:24.990+0700] {dag.py:3089} INFO - Sync 1 DAGs
[2024-08-02T14:43:25.242+0700] {logging_mixin.py:188} INFO - [2024-08-02T14:43:25.241+0700] {dag.py:3947} INFO - Setting next_dagrun for data_pipeline_supermarket_2 to 2024-08-02 00:00:00+00:00, run_after=2024-08-03 00:00:00+00:00
[2024-08-02T14:43:25.394+0700] {processor.py:183} INFO - Processing /root/airflow/dags/data_pipeline_supermarket_2.py took 200.795 seconds
[2024-08-02T14:54:35.820+0700] {processor.py:161} INFO - Started process (PID=23279) to work on /root/airflow/dags/data_pipeline_supermarket_2.py
[2024-08-02T14:54:35.821+0700] {processor.py:830} INFO - Processing file /root/airflow/dags/data_pipeline_supermarket_2.py for tasks to queue
[2024-08-02T14:54:35.823+0700] {logging_mixin.py:188} INFO - [2024-08-02T14:54:35.823+0700] {dagbag.py:545} INFO - Filling up the DagBag from /root/airflow/dags/data_pipeline_supermarket_2.py
[2024-08-02T14:54:36.001+0700] {processor.py:840} INFO - DAG(s) 'data_pipeline_supermarket_2' retrieved from /root/airflow/dags/data_pipeline_supermarket_2.py
[2024-08-02T14:54:36.088+0700] {logging_mixin.py:188} INFO - [2024-08-02T14:54:36.088+0700] {dag.py:3089} INFO - Sync 1 DAGs
[2024-08-02T14:54:36.102+0700] {logging_mixin.py:188} INFO - [2024-08-02T14:54:36.102+0700] {dag.py:3947} INFO - Setting next_dagrun for data_pipeline_supermarket_2 to 2024-08-02 00:00:00+00:00, run_after=2024-08-03 00:00:00+00:00
[2024-08-02T14:54:36.130+0700] {processor.py:183} INFO - Processing /root/airflow/dags/data_pipeline_supermarket_2.py took 0.318 seconds
[2024-08-02T14:55:06.428+0700] {processor.py:161} INFO - Started process (PID=23423) to work on /root/airflow/dags/data_pipeline_supermarket_2.py
[2024-08-02T14:55:06.431+0700] {processor.py:830} INFO - Processing file /root/airflow/dags/data_pipeline_supermarket_2.py for tasks to queue
[2024-08-02T14:55:06.432+0700] {logging_mixin.py:188} INFO - [2024-08-02T14:55:06.432+0700] {dagbag.py:545} INFO - Filling up the DagBag from /root/airflow/dags/data_pipeline_supermarket_2.py
[2024-08-02T14:55:06.457+0700] {processor.py:840} INFO - DAG(s) 'data_pipeline_supermarket_2' retrieved from /root/airflow/dags/data_pipeline_supermarket_2.py
[2024-08-02T14:55:06.496+0700] {logging_mixin.py:188} INFO - [2024-08-02T14:55:06.496+0700] {dag.py:3089} INFO - Sync 1 DAGs
[2024-08-02T14:55:06.526+0700] {logging_mixin.py:188} INFO - [2024-08-02T14:55:06.526+0700] {dag.py:3947} INFO - Setting next_dagrun for data_pipeline_supermarket_2 to 2024-08-02 00:00:00+00:00, run_after=2024-08-03 00:00:00+00:00
[2024-08-02T14:55:06.558+0700] {processor.py:183} INFO - Processing /root/airflow/dags/data_pipeline_supermarket_2.py took 0.134 seconds
[2024-08-02T14:55:53.180+0700] {processor.py:161} INFO - Started process (PID=23634) to work on /root/airflow/dags/data_pipeline_supermarket_2.py
[2024-08-02T14:55:53.183+0700] {processor.py:830} INFO - Processing file /root/airflow/dags/data_pipeline_supermarket_2.py for tasks to queue
[2024-08-02T14:55:53.184+0700] {logging_mixin.py:188} INFO - [2024-08-02T14:55:53.184+0700] {dagbag.py:545} INFO - Filling up the DagBag from /root/airflow/dags/data_pipeline_supermarket_2.py
[2024-08-02T14:55:53.271+0700] {processor.py:840} INFO - DAG(s) 'data_pipeline_supermarket_2' retrieved from /root/airflow/dags/data_pipeline_supermarket_2.py
[2024-08-02T14:55:53.353+0700] {logging_mixin.py:188} INFO - [2024-08-02T14:55:53.353+0700] {dag.py:3089} INFO - Sync 1 DAGs
[2024-08-02T14:55:53.420+0700] {logging_mixin.py:188} INFO - [2024-08-02T14:55:53.420+0700] {dag.py:3947} INFO - Setting next_dagrun for data_pipeline_supermarket_2 to 2024-08-02 00:00:00+00:00, run_after=2024-08-03 00:00:00+00:00
[2024-08-02T14:55:53.572+0700] {processor.py:183} INFO - Processing /root/airflow/dags/data_pipeline_supermarket_2.py took 0.411 seconds
[2024-08-02T22:05:15.764+0700] {processor.py:161} INFO - Started process (PID=2378) to work on /root/airflow/dags/data_pipeline_supermarket_2.py
[2024-08-02T22:05:15.766+0700] {processor.py:830} INFO - Processing file /root/airflow/dags/data_pipeline_supermarket_2.py for tasks to queue
[2024-08-02T22:05:15.767+0700] {logging_mixin.py:188} INFO - [2024-08-02T22:05:15.767+0700] {dagbag.py:545} INFO - Filling up the DagBag from /root/airflow/dags/data_pipeline_supermarket_2.py
[2024-08-02T22:05:15.905+0700] {processor.py:840} INFO - DAG(s) 'data_pipeline_supermarket_2' retrieved from /root/airflow/dags/data_pipeline_supermarket_2.py
[2024-08-02T22:05:15.925+0700] {logging_mixin.py:188} INFO - [2024-08-02T22:05:15.925+0700] {dag.py:3089} INFO - Sync 1 DAGs
[2024-08-02T22:05:15.941+0700] {logging_mixin.py:188} INFO - [2024-08-02T22:05:15.941+0700] {dag.py:3947} INFO - Setting next_dagrun for data_pipeline_supermarket_2 to 2024-08-02 00:00:00+00:00, run_after=2024-08-03 00:00:00+00:00
[2024-08-02T22:05:15.972+0700] {processor.py:183} INFO - Processing /root/airflow/dags/data_pipeline_supermarket_2.py took 0.214 seconds
[2024-08-02T22:07:36.029+0700] {processor.py:161} INFO - Started process (PID=3000) to work on /root/airflow/dags/data_pipeline_supermarket_2.py
[2024-08-02T22:07:36.031+0700] {processor.py:830} INFO - Processing file /root/airflow/dags/data_pipeline_supermarket_2.py for tasks to queue
[2024-08-02T22:07:36.033+0700] {logging_mixin.py:188} INFO - [2024-08-02T22:07:36.032+0700] {dagbag.py:545} INFO - Filling up the DagBag from /root/airflow/dags/data_pipeline_supermarket_2.py
[2024-08-02T22:07:36.154+0700] {processor.py:840} INFO - DAG(s) 'data_pipeline_supermarket_2' retrieved from /root/airflow/dags/data_pipeline_supermarket_2.py
[2024-08-02T22:07:36.178+0700] {logging_mixin.py:188} INFO - [2024-08-02T22:07:36.178+0700] {dag.py:3089} INFO - Sync 1 DAGs
[2024-08-02T22:07:36.194+0700] {logging_mixin.py:188} INFO - [2024-08-02T22:07:36.194+0700] {dag.py:3947} INFO - Setting next_dagrun for data_pipeline_supermarket_2 to 2024-08-02 00:00:00+00:00, run_after=2024-08-03 00:00:00+00:00
[2024-08-02T22:07:36.222+0700] {processor.py:183} INFO - Processing /root/airflow/dags/data_pipeline_supermarket_2.py took 0.198 seconds
[2024-08-02T22:39:06.861+0700] {processor.py:161} INFO - Started process (PID=1681) to work on /root/airflow/dags/data_pipeline_supermarket_2.py
[2024-08-02T22:39:06.864+0700] {processor.py:830} INFO - Processing file /root/airflow/dags/data_pipeline_supermarket_2.py for tasks to queue
[2024-08-02T22:39:06.866+0700] {logging_mixin.py:188} INFO - [2024-08-02T22:39:06.866+0700] {dagbag.py:545} INFO - Filling up the DagBag from /root/airflow/dags/data_pipeline_supermarket_2.py
[2024-08-02T22:39:07.157+0700] {processor.py:840} INFO - DAG(s) 'data_pipeline_supermarket_2' retrieved from /root/airflow/dags/data_pipeline_supermarket_2.py
[2024-08-02T22:39:07.251+0700] {logging_mixin.py:188} INFO - [2024-08-02T22:39:07.251+0700] {dag.py:3089} INFO - Sync 1 DAGs
[2024-08-02T22:39:07.301+0700] {logging_mixin.py:188} INFO - [2024-08-02T22:39:07.301+0700] {dag.py:3947} INFO - Setting next_dagrun for data_pipeline_supermarket_2 to 2024-08-02 00:00:00+00:00, run_after=2024-08-03 00:00:00+00:00
[2024-08-02T22:39:07.370+0700] {processor.py:183} INFO - Processing /root/airflow/dags/data_pipeline_supermarket_2.py took 0.516 seconds
[2024-08-02T22:47:09.273+0700] {processor.py:161} INFO - Started process (PID=1389) to work on /root/airflow/dags/data_pipeline_supermarket_2.py
[2024-08-02T22:47:09.279+0700] {processor.py:830} INFO - Processing file /root/airflow/dags/data_pipeline_supermarket_2.py for tasks to queue
[2024-08-02T22:47:09.293+0700] {logging_mixin.py:188} INFO - [2024-08-02T22:47:09.281+0700] {dagbag.py:545} INFO - Filling up the DagBag from /root/airflow/dags/data_pipeline_supermarket_2.py
[2024-08-02T22:47:10.223+0700] {processor.py:840} INFO - DAG(s) 'data_pipeline_supermarket_2' retrieved from /root/airflow/dags/data_pipeline_supermarket_2.py
[2024-08-02T22:47:10.566+0700] {logging_mixin.py:188} INFO - [2024-08-02T22:47:10.537+0700] {dag.py:3089} INFO - Sync 1 DAGs
[2024-08-02T22:47:10.898+0700] {logging_mixin.py:188} INFO - [2024-08-02T22:47:10.880+0700] {dag.py:3947} INFO - Setting next_dagrun for data_pipeline_supermarket_2 to 2024-08-02 00:00:00+00:00, run_after=2024-08-03 00:00:00+00:00
[2024-08-02T22:47:11.245+0700] {processor.py:183} INFO - Processing /root/airflow/dags/data_pipeline_supermarket_2.py took 1.976 seconds
[2024-08-02T22:51:45.873+0700] {processor.py:161} INFO - Started process (PID=1387) to work on /root/airflow/dags/data_pipeline_supermarket_2.py
[2024-08-02T22:51:45.877+0700] {processor.py:830} INFO - Processing file /root/airflow/dags/data_pipeline_supermarket_2.py for tasks to queue
[2024-08-02T22:51:45.879+0700] {logging_mixin.py:188} INFO - [2024-08-02T22:51:45.878+0700] {dagbag.py:545} INFO - Filling up the DagBag from /root/airflow/dags/data_pipeline_supermarket_2.py
[2024-08-02T22:51:46.141+0700] {processor.py:840} INFO - DAG(s) 'data_pipeline_supermarket_2' retrieved from /root/airflow/dags/data_pipeline_supermarket_2.py
[2024-08-02T22:51:46.189+0700] {logging_mixin.py:188} INFO - [2024-08-02T22:51:46.188+0700] {dag.py:3089} INFO - Sync 1 DAGs
[2024-08-02T22:51:46.209+0700] {logging_mixin.py:188} INFO - [2024-08-02T22:51:46.208+0700] {dag.py:3947} INFO - Setting next_dagrun for data_pipeline_supermarket_2 to 2024-08-02 00:00:00+00:00, run_after=2024-08-03 00:00:00+00:00
[2024-08-02T22:51:46.239+0700] {processor.py:183} INFO - Processing /root/airflow/dags/data_pipeline_supermarket_2.py took 0.385 seconds
[2024-08-02T22:52:16.431+0700] {processor.py:161} INFO - Started process (PID=1527) to work on /root/airflow/dags/data_pipeline_supermarket_2.py
[2024-08-02T22:52:16.433+0700] {processor.py:830} INFO - Processing file /root/airflow/dags/data_pipeline_supermarket_2.py for tasks to queue
[2024-08-02T22:52:16.436+0700] {logging_mixin.py:188} INFO - [2024-08-02T22:52:16.435+0700] {dagbag.py:545} INFO - Filling up the DagBag from /root/airflow/dags/data_pipeline_supermarket_2.py
[2024-08-02T22:52:16.452+0700] {processor.py:840} INFO - DAG(s) 'data_pipeline_supermarket_2' retrieved from /root/airflow/dags/data_pipeline_supermarket_2.py
[2024-08-02T22:52:16.475+0700] {logging_mixin.py:188} INFO - [2024-08-02T22:52:16.474+0700] {dag.py:3089} INFO - Sync 1 DAGs
[2024-08-02T22:52:16.494+0700] {logging_mixin.py:188} INFO - [2024-08-02T22:52:16.494+0700] {dag.py:3947} INFO - Setting next_dagrun for data_pipeline_supermarket_2 to 2024-08-02 00:00:00+00:00, run_after=2024-08-03 00:00:00+00:00
[2024-08-02T22:52:16.526+0700] {processor.py:183} INFO - Processing /root/airflow/dags/data_pipeline_supermarket_2.py took 0.103 seconds
[2024-08-02T22:52:46.884+0700] {processor.py:161} INFO - Started process (PID=1661) to work on /root/airflow/dags/data_pipeline_supermarket_2.py
[2024-08-02T22:52:46.887+0700] {processor.py:830} INFO - Processing file /root/airflow/dags/data_pipeline_supermarket_2.py for tasks to queue
[2024-08-02T22:52:46.892+0700] {logging_mixin.py:188} INFO - [2024-08-02T22:52:46.891+0700] {dagbag.py:545} INFO - Filling up the DagBag from /root/airflow/dags/data_pipeline_supermarket_2.py
[2024-08-02T22:52:46.921+0700] {processor.py:840} INFO - DAG(s) 'data_pipeline_supermarket_2' retrieved from /root/airflow/dags/data_pipeline_supermarket_2.py
[2024-08-02T22:52:46.964+0700] {logging_mixin.py:188} INFO - [2024-08-02T22:52:46.964+0700] {dag.py:3089} INFO - Sync 1 DAGs
[2024-08-02T22:52:46.993+0700] {logging_mixin.py:188} INFO - [2024-08-02T22:52:46.993+0700] {dag.py:3947} INFO - Setting next_dagrun for data_pipeline_supermarket_2 to 2024-08-02 00:00:00+00:00, run_after=2024-08-03 00:00:00+00:00
[2024-08-02T22:52:47.027+0700] {processor.py:183} INFO - Processing /root/airflow/dags/data_pipeline_supermarket_2.py took 0.156 seconds
[2024-08-02T22:53:17.418+0700] {processor.py:161} INFO - Started process (PID=1798) to work on /root/airflow/dags/data_pipeline_supermarket_2.py
[2024-08-02T22:53:17.420+0700] {processor.py:830} INFO - Processing file /root/airflow/dags/data_pipeline_supermarket_2.py for tasks to queue
[2024-08-02T22:53:17.421+0700] {logging_mixin.py:188} INFO - [2024-08-02T22:53:17.421+0700] {dagbag.py:545} INFO - Filling up the DagBag from /root/airflow/dags/data_pipeline_supermarket_2.py
[2024-08-02T22:53:17.430+0700] {processor.py:840} INFO - DAG(s) 'data_pipeline_supermarket_2' retrieved from /root/airflow/dags/data_pipeline_supermarket_2.py
[2024-08-02T22:53:17.448+0700] {logging_mixin.py:188} INFO - [2024-08-02T22:53:17.448+0700] {dag.py:3089} INFO - Sync 1 DAGs
[2024-08-02T22:53:17.466+0700] {logging_mixin.py:188} INFO - [2024-08-02T22:53:17.465+0700] {dag.py:3947} INFO - Setting next_dagrun for data_pipeline_supermarket_2 to 2024-08-02 00:00:00+00:00, run_after=2024-08-03 00:00:00+00:00
[2024-08-02T22:53:17.498+0700] {processor.py:183} INFO - Processing /root/airflow/dags/data_pipeline_supermarket_2.py took 0.084 seconds
[2024-08-02T22:53:47.851+0700] {processor.py:161} INFO - Started process (PID=1934) to work on /root/airflow/dags/data_pipeline_supermarket_2.py
[2024-08-02T22:53:47.852+0700] {processor.py:830} INFO - Processing file /root/airflow/dags/data_pipeline_supermarket_2.py for tasks to queue
[2024-08-02T22:53:47.854+0700] {logging_mixin.py:188} INFO - [2024-08-02T22:53:47.853+0700] {dagbag.py:545} INFO - Filling up the DagBag from /root/airflow/dags/data_pipeline_supermarket_2.py
[2024-08-02T22:53:47.865+0700] {processor.py:840} INFO - DAG(s) 'data_pipeline_supermarket_2' retrieved from /root/airflow/dags/data_pipeline_supermarket_2.py
[2024-08-02T22:53:47.882+0700] {logging_mixin.py:188} INFO - [2024-08-02T22:53:47.882+0700] {dag.py:3089} INFO - Sync 1 DAGs
[2024-08-02T22:53:47.897+0700] {logging_mixin.py:188} INFO - [2024-08-02T22:53:47.897+0700] {dag.py:3947} INFO - Setting next_dagrun for data_pipeline_supermarket_2 to 2024-08-02 00:00:00+00:00, run_after=2024-08-03 00:00:00+00:00
[2024-08-02T22:53:47.928+0700] {processor.py:183} INFO - Processing /root/airflow/dags/data_pipeline_supermarket_2.py took 0.081 seconds
                                                                                                                                                                                                                                                                                                                                                                                                                                                                                                                                                                                                                                                                                                                                                                                                                                                                                                                                                                                                                                                                                                                                                                           