[2024-08-03T17:01:32.342+0700] {local_task_job_runner.py:120} INFO - ::group::Pre task execution logs
[2024-08-03T17:01:32.352+0700] {taskinstance.py:2076} INFO - Dependencies all met for dep_context=non-requeueable deps ti=<TaskInstance: data_pipeline_supermarket_2.offload_to_s3_dim_aisles manual__2024-08-03T09:57:39.902554+00:00 [queued]>
[2024-08-03T17:01:32.359+0700] {taskinstance.py:2076} INFO - Dependencies all met for dep_context=requeueable deps ti=<TaskInstance: data_pipeline_supermarket_2.offload_to_s3_dim_aisles manual__2024-08-03T09:57:39.902554+00:00 [queued]>
[2024-08-03T17:01:32.359+0700] {taskinstance.py:2306} INFO - Starting attempt 1 of 2
[2024-08-03T17:01:32.384+0700] {taskinstance.py:2330} INFO - Executing <Task(BashOperator): offload_to_s3_dim_aisles> on 2024-08-03 09:57:39.902554+00:00
[2024-08-03T17:01:32.387+0700] {standard_task_runner.py:64} INFO - Started process 3774 to run task
[2024-08-03T17:01:32.389+0700] {standard_task_runner.py:90} INFO - Running: ['airflow', 'tasks', 'run', 'data_pipeline_supermarket_2', 'offload_to_s3_dim_aisles', 'manual__2024-08-03T09:57:39.902554+00:00', '--job-id', '293', '--raw', '--subdir', 'DAGS_FOLDER/data_pipeline_supermarket_2.py', '--cfg-path', '/tmp/tmpdbmpzzk3']
[2024-08-03T17:01:32.390+0700] {standard_task_runner.py:91} INFO - Job 293: Subtask offload_to_s3_dim_aisles
[2024-08-03T17:01:32.424+0700] {task_command.py:426} INFO - Running <TaskInstance: data_pipeline_supermarket_2.offload_to_s3_dim_aisles manual__2024-08-03T09:57:39.902554+00:00 [running]> on host DESKTOP-RHVHV7A.
[2024-08-03T17:01:32.501+0700] {taskinstance.py:2648} INFO - Exporting env vars: AIRFLOW_CTX_DAG_OWNER='airflow' AIRFLOW_CTX_DAG_ID='data_pipeline_supermarket_2' AIRFLOW_CTX_TASK_ID='offload_to_s3_dim_aisles' AIRFLOW_CTX_EXECUTION_DATE='2024-08-03T09:57:39.902554+00:00' AIRFLOW_CTX_TRY_NUMBER='1' AIRFLOW_CTX_DAG_RUN_ID='manual__2024-08-03T09:57:39.902554+00:00'
[2024-08-03T17:01:32.501+0700] {taskinstance.py:430} INFO - ::endgroup::
[2024-08-03T17:01:32.513+0700] {subprocess.py:63} INFO - Tmp dir root location: /tmp
[2024-08-03T17:01:32.513+0700] {subprocess.py:75} INFO - Running command: ['/usr/bin/bash', '-c', 'aws s3 cp "/mnt/f/AllCode/Data Engineer/data_processed/supermarket/dim_aisles.csv" s3://quannm-07252024-demo/data_processed/supermarket/dim_aisles.csv']
[2024-08-03T17:01:32.520+0700] {subprocess.py:86} INFO - Output:
[2024-08-03T17:01:34.575+0700] {subprocess.py:93} INFO - Completed 2.7 KiB/2.7 KiB (1.8 KiB/s) with 1 file(s) remainingupload: ../../mnt/f/AllCode/Data Engineer/data_processed/supermarket/dim_aisles.csv to s3://quannm-07252024-demo/data_processed/supermarket/dim_aisles.csv
[2024-08-03T17:01:34.748+0700] {subprocess.py:97} INFO - Command exited with return code 0
[2024-08-03T17:01:34.748+0700] {taskinstance.py:441} INFO - ::group::Post task execution logs
[2024-08-03T17:01:34.771+0700] {taskinstance.py:1206} INFO - Marking task as SUCCESS. dag_id=data_pipeline_supermarket_2, task_id=offload_to_s3_dim_aisles, run_id=manual__2024-08-03T09:57:39.902554+00:00, execution_date=20240803T095739, start_date=20240803T100132, end_date=20240803T100134
[2024-08-03T17:01:34.812+0700] {local_task_job_runner.py:243} INFO - Task exited with return code 0
[2024-08-03T17:01:34.823+0700] {taskinstance.py:3503} INFO - 0 downstream tasks scheduled from follow-on schedule check
[2024-08-03T17:01:34.823+0700] {local_task_job_runner.py:222} INFO - ::endgroup::
