[2024-08-03T14:48:10.288+0700] {local_task_job_runner.py:120} INFO - ::group::Pre task execution logs
[2024-08-03T14:48:10.299+0700] {taskinstance.py:2076} INFO - Dependencies all met for dep_context=non-requeueable deps ti=<TaskInstance: data_pipeline_supermarket_2.offload_to_s3_dim_departments manual__2024-08-03T07:44:17.670945+00:00 [queued]>
[2024-08-03T14:48:10.306+0700] {taskinstance.py:2076} INFO - Dependencies all met for dep_context=requeueable deps ti=<TaskInstance: data_pipeline_supermarket_2.offload_to_s3_dim_departments manual__2024-08-03T07:44:17.670945+00:00 [queued]>
[2024-08-03T14:48:10.307+0700] {taskinstance.py:2306} INFO - Starting attempt 1 of 2
[2024-08-03T14:48:10.331+0700] {taskinstance.py:2330} INFO - Executing <Task(BashOperator): offload_to_s3_dim_departments> on 2024-08-03 07:44:17.670945+00:00
[2024-08-03T14:48:10.334+0700] {standard_task_runner.py:64} INFO - Started process 3473 to run task
[2024-08-03T14:48:10.339+0700] {standard_task_runner.py:90} INFO - Running: ['airflow', 'tasks', 'run', 'data_pipeline_supermarket_2', 'offload_to_s3_dim_departments', 'manual__2024-08-03T07:44:17.670945+00:00', '--job-id', '258', '--raw', '--subdir', 'DAGS_FOLDER/data_pipeline_supermarket_2.py', '--cfg-path', '/tmp/tmprt2lnzkw']
[2024-08-03T14:48:10.340+0700] {standard_task_runner.py:91} INFO - Job 258: Subtask offload_to_s3_dim_departments
[2024-08-03T14:48:10.379+0700] {task_command.py:426} INFO - Running <TaskInstance: data_pipeline_supermarket_2.offload_to_s3_dim_departments manual__2024-08-03T07:44:17.670945+00:00 [running]> on host DESKTOP-RHVHV7A.
[2024-08-03T14:48:10.462+0700] {taskinstance.py:2648} INFO - Exporting env vars: AIRFLOW_CTX_DAG_OWNER='airflow' AIRFLOW_CTX_DAG_ID='data_pipeline_supermarket_2' AIRFLOW_CTX_TASK_ID='offload_to_s3_dim_departments' AIRFLOW_CTX_EXECUTION_DATE='2024-08-03T07:44:17.670945+00:00' AIRFLOW_CTX_TRY_NUMBER='1' AIRFLOW_CTX_DAG_RUN_ID='manual__2024-08-03T07:44:17.670945+00:00'
[2024-08-03T14:48:10.463+0700] {taskinstance.py:430} INFO - ::endgroup::
[2024-08-03T14:48:10.474+0700] {subprocess.py:63} INFO - Tmp dir root location: /tmp
[2024-08-03T14:48:10.476+0700] {subprocess.py:75} INFO - Running command: ['/usr/bin/bash', '-c', 'aws s3 cp "/mnt/f/AllCode/Data Engineer/dim_departments.csv" s3://quannm-07252024-demo/supermarket-data//dim_departments.csv']
[2024-08-03T14:48:10.483+0700] {subprocess.py:86} INFO - Output:
[2024-08-03T14:48:12.854+0700] {subprocess.py:93} INFO - Completed 292 Bytes/292 Bytes (169 Bytes/s) with 1 file(s) remainingupload: ../../mnt/f/AllCode/Data Engineer/dim_departments.csv to s3://quannm-07252024-demo/supermarket-data//dim_departments.csv
[2024-08-03T14:48:13.034+0700] {subprocess.py:97} INFO - Command exited with return code 0
[2024-08-03T14:48:13.035+0700] {taskinstance.py:441} INFO - ::group::Post task execution logs
[2024-08-03T14:48:13.065+0700] {taskinstance.py:1206} INFO - Marking task as SUCCESS. dag_id=data_pipeline_supermarket_2, task_id=offload_to_s3_dim_departments, run_id=manual__2024-08-03T07:44:17.670945+00:00, execution_date=20240803T074417, start_date=20240803T074810, end_date=20240803T074813
[2024-08-03T14:48:13.122+0700] {local_task_job_runner.py:243} INFO - Task exited with return code 0
[2024-08-03T14:48:13.137+0700] {taskinstance.py:3503} INFO - 0 downstream tasks scheduled from follow-on schedule check
[2024-08-03T14:48:13.138+0700] {local_task_job_runner.py:222} INFO - ::endgroup::
