[2024-08-02T10:16:40.038+0700] {processor.py:161} INFO - Started process (PID=33417) to work on /usr/local/lib/python3.10/dist-packages/airflow/example_dags/plugins/decreasing_priority_weight_strategy.py
[2024-08-02T10:16:40.045+0700] {processor.py:830} INFO - Processing file /usr/local/lib/python3.10/dist-packages/airflow/example_dags/plugins/decreasing_priority_weight_strategy.py for tasks to queue
[2024-08-02T10:16:40.066+0700] {logging_mixin.py:188} INFO - [2024-08-02T10:16:40.051+0700] {dagbag.py:545} INFO - Filling up the DagBag from /usr/local/lib/python3.10/dist-packages/airflow/example_dags/plugins/decreasing_priority_weight_strategy.py
[2024-08-02T10:16:40.102+0700] {processor.py:842} WARNING - No viable dags retrieved from /usr/local/lib/python3.10/dist-packages/airflow/example_dags/plugins/decreasing_priority_weight_strategy.py
[2024-08-02T10:16:40.131+0700] {processor.py:183} INFO - Processing /usr/local/lib/python3.10/dist-packages/airflow/example_dags/plugins/decreasing_priority_weight_strategy.py took 0.124 seconds
[2024-08-02T10:19:50.601+0700] {processor.py:161} INFO - Started process (PID=33731) to work on /usr/local/lib/python3.10/dist-packages/airflow/example_dags/plugins/decreasing_priority_weight_strategy.py
[2024-08-02T10:19:50.603+0700] {processor.py:830} INFO - Processing file /usr/local/lib/python3.10/dist-packages/airflow/example_dags/plugins/decreasing_priority_weight_strategy.py for tasks to queue
[2024-08-02T10:19:50.603+0700] {logging_mixin.py:188} INFO - [2024-08-02T10:19:50.603+0700] {dagbag.py:545} INFO - Filling up the DagBag from /usr/local/lib/python3.10/dist-packages/airflow/example_dags/plugins/decreasing_priority_weight_strategy.py
[2024-08-02T10:19:50.605+0700] {processor.py:842} WARNING - No viable dags retrieved from /usr/local/lib/python3.10/dist-packages/airflow/example_dags/plugins/decreasing_priority_weight_strategy.py
[2024-08-02T10:19:50.612+0700] {processor.py:183} INFO - Processing /usr/local/lib/python3.10/dist-packages/airflow/example_dags/plugins/decreasing_priority_weight_strategy.py took 0.015 seconds
[2024-08-02T10:20:21.323+0700] {processor.py:161} INFO - Started process (PID=33901) to work on /usr/local/lib/python3.10/dist-packages/airflow/example_dags/plugins/decreasing_priority_weight_strategy.py
[2024-08-02T10:20:21.324+0700] {processor.py:830} INFO - Processing file /usr/local/lib/python3.10/dist-packages/airflow/example_dags/plugins/decreasing_priority_weight_strategy.py for tasks to queue
[2024-08-02T10:20:21.325+0700] {logging_mixin.py:188} INFO - [2024-08-02T10:20:21.325+0700] {dagbag.py:545} INFO - Filling up the DagBag from /usr/local/lib/python3.10/dist-packages/airflow/example_dags/plugins/decreasing_priority_weight_strategy.py
[2024-08-02T10:20:21.326+0700] {processor.py:842} WARNING - No viable dags retrieved from /usr/local/lib/python3.10/dist-packages/airflow/example_dags/plugins/decreasing_priority_weight_strategy.py
[2024-08-02T10:20:21.333+0700] {processor.py:183} INFO - Processing /usr/local/lib/python3.10/dist-packages/airflow/example_dags/plugins/decreasing_priority_weight_strategy.py took 0.019 seconds
[2024-08-02T10:20:51.949+0700] {processor.py:161} INFO - Started process (PID=34039) to work on /usr/local/lib/python3.10/dist-packages/airflow/example_dags/plugins/decreasing_priority_weight_strategy.py
[2024-08-02T10:20:51.951+0700] {processor.py:830} INFO - Processing file /usr/local/lib/python3.10/dist-packages/airflow/example_dags/plugins/decreasing_priority_weight_strategy.py for tasks to queue
[2024-08-02T10:20:51.952+0700] {logging_mixin.py:188} INFO - [2024-08-02T10:20:51.952+0700] {dagbag.py:545} INFO - Filling up the DagBag from /usr/local/lib/python3.10/dist-packages/airflow/example_dags/plugins/decreasing_priority_weight_strategy.py
[2024-08-02T10:20:51.953+0700] {processor.py:842} WARNING - No viable dags retrieved from /usr/local/lib/python3.10/dist-packages/airflow/example_dags/plugins/decreasing_priority_weight_strategy.py
[2024-08-02T10:20:51.961+0700] {processor.py:183} INFO - Processing /usr/local/lib/python3.10/dist-packages/airflow/example_dags/plugins/decreasing_priority_weight_strategy.py took 0.015 seconds
[2024-08-02T10:27:30.173+0700] {processor.py:161} INFO - Started process (PID=1672) to work on /usr/local/lib/python3.10/dist-packages/airflow/example_dags/plugins/decreasing_priority_weight_strategy.py
[2024-08-02T10:27:30.174+0700] {processor.py:830} INFO - Processing file /usr/local/lib/python3.10/dist-packages/airflow/example_dags/plugins/decreasing_priority_weight_strategy.py for tasks to queue
[2024-08-02T10:27:30.176+0700] {logging_mixin.py:188} INFO - [2024-08-02T10:27:30.176+0700] {dagbag.py:545} INFO - Filling up the DagBag from /usr/local/lib/python3.10/dist-packages/airflow/example_dags/plugins/decreasing_priority_weight_strategy.py
[2024-08-02T10:27:30.178+0700] {processor.py:842} WARNING - No viable dags retrieved from /usr/local/lib/python3.10/dist-packages/airflow/example_dags/plugins/decreasing_priority_weight_strategy.py
[2024-08-02T10:27:30.186+0700] {processor.py:183} INFO - Processing /usr/local/lib/python3.10/dist-packages/airflow/example_dags/plugins/decreasing_priority_weight_strategy.py took 0.018 seconds
[2024-08-02T10:28:01.960+0700] {processor.py:161} INFO - Started process (PID=1905) to work on /usr/local/lib/python3.10/dist-packages/airflow/example_dags/plugins/decreasing_priority_weight_strategy.py
[2024-08-02T10:28:01.960+0700] {processor.py:830} INFO - Processing file /usr/local/lib/python3.10/dist-packages/airflow/example_dags/plugins/decreasing_priority_weight_strategy.py for tasks to queue
[2024-08-02T10:28:01.962+0700] {logging_mixin.py:188} INFO - [2024-08-02T10:28:01.961+0700] {dagbag.py:545} INFO - Filling up the DagBag from /usr/local/lib/python3.10/dist-packages/airflow/example_dags/plugins/decreasing_priority_weight_strategy.py
[2024-08-02T10:28:01.963+0700] {processor.py:842} WARNING - No viable dags retrieved from /usr/local/lib/python3.10/dist-packages/airflow/example_dags/plugins/decreasing_priority_weight_strategy.py
[2024-08-02T10:28:01.969+0700] {processor.py:183} INFO - Processing /usr/local/lib/python3.10/dist-packages/airflow/example_dags/plugins/decreasing_priority_weight_strategy.py took 0.014 seconds
[2024-08-02T10:28:32.576+0700] {processor.py:161} INFO - Started process (PID=2274) to work on /usr/local/lib/python3.10/dist-packages/airflow/example_dags/plugins/decreasing_priority_weight_strategy.py
[2024-08-02T10:28:32.577+0700] {processor.py:830} INFO - Processing file /usr/local/lib/python3.10/dist-packages/airflow/example_dags/plugins/decreasing_priority_weight_strategy.py for tasks to queue
[2024-08-02T10:28:32.579+0700] {logging_mixin.py:188} INFO - [2024-08-02T10:28:32.578+0700] {dagbag.py:545} INFO - Filling up the DagBag from /usr/local/lib/python3.10/dist-packages/airflow/example_dags/plugins/decreasing_priority_weight_strategy.py
[2024-08-02T10:28:32.580+0700] {processor.py:842} WARNING - No viable dags retrieved from /usr/local/lib/python3.10/dist-packages/airflow/example_dags/plugins/decreasing_priority_weight_strategy.py
[2024-08-02T10:28:32.587+0700] {processor.py:183} INFO - Processing /usr/local/lib/python3.10/dist-packages/airflow/example_dags/plugins/decreasing_priority_weight_strategy.py took 0.015 seconds
[2024-08-02T10:29:03.150+0700] {processor.py:161} INFO - Started process (PID=2665) to work on /usr/local/lib/python3.10/dist-packages/airflow/example_dags/plugins/decreasing_priority_weight_strategy.py
[2024-08-02T10:29:03.152+0700] {processor.py:830} INFO - Processing file /usr/local/lib/python3.10/dist-packages/airflow/example_dags/plugins/decreasing_priority_weight_strategy.py for tasks to queue
[2024-08-02T10:29:03.154+0700] {logging_mixin.py:188} INFO - [2024-08-02T10:29:03.153+0700] {dagbag.py:545} INFO - Filling up the DagBag from /usr/local/lib/python3.10/dist-packages/airflow/example_dags/plugins/decreasing_priority_weight_strategy.py
[2024-08-02T10:29:03.156+0700] {processor.py:842} WARNING - No viable dags retrieved from /usr/local/lib/python3.10/dist-packages/airflow/example_dags/plugins/decreasing_priority_weight_strategy.py
[2024-08-02T10:29:03.170+0700] {processor.py:183} INFO - Processing /usr/local/lib/python3.10/dist-packages/airflow/example_dags/plugins/decreasing_priority_weight_strategy.py took 0.029 seconds
[2024-08-02T10:29:34.505+0700] {processor.py:161} INFO - Started process (PID=3331) to work on /usr/local/lib/python3.10/dist-packages/airflow/example_dags/plugins/decreasing_priority_weight_strategy.py
[2024-08-02T10:29:34.507+0700] {processor.py:830} INFO - Processing file /usr/local/lib/python3.10/dist-packages/airflow/example_dags/plugins/decreasing_priority_weight_strategy.py for tasks to queue
[2024-08-02T10:29:34.508+0700] {logging_mixin.py:188} INFO - [2024-08-02T10:29:34.508+0700] {dagbag.py:545} INFO - Filling up the DagBag from /usr/local/lib/python3.10/dist-packages/airflow/example_dags/plugins/decreasing_priority_weight_strategy.py
[2024-08-02T10:29:34.510+0700] {processor.py:842} WARNING - No viable dags retrieved from /usr/local/lib/python3.10/dist-packages/airflow/example_dags/plugins/decreasing_priority_weight_strategy.py
[2024-08-02T10:29:34.517+0700] {processor.py:183} INFO - Processing /usr/local/lib/python3.10/dist-packages/airflow/example_dags/plugins/decreasing_priority_weight_strategy.py took 0.017 seconds
[2024-08-02T10:30:05.643+0700] {processor.py:161} INFO - Started process (PID=3765) to work on /usr/local/lib/python3.10/dist-packages/airflow/example_dags/plugins/decreasing_priority_weight_strategy.py
[2024-08-02T10:30:05.645+0700] {processor.py:830} INFO - Processing file /usr/local/lib/python3.10/dist-packages/airflow/example_dags/plugins/decreasing_priority_weight_strategy.py for tasks to queue
[2024-08-02T10:30:05.648+0700] {logging_mixin.py:188} INFO - [2024-08-02T10:30:05.647+0700] {dagbag.py:545} INFO - Filling up the DagBag from /usr/local/lib/python3.10/dist-packages/airflow/example_dags/plugins/decreasing_priority_weight_strategy.py
[2024-08-02T10:30:05.650+0700] {processor.py:842} WARNING - No viable dags retrieved from /usr/local/lib/python3.10/dist-packages/airflow/example_dags/plugins/decreasing_priority_weight_strategy.py
[2024-08-02T10:30:05.660+0700] {processor.py:183} INFO - Processing /usr/local/lib/python3.10/dist-packages/airflow/example_dags/plugins/decreasing_priority_weight_strategy.py took 0.023 seconds
[2024-08-02T10:30:37.047+0700] {processor.py:161} INFO - Started process (PID=4173) to work on /usr/local/lib/python3.10/dist-packages/airflow/example_dags/plugins/decreasing_priority_weight_strategy.py
[2024-08-02T10:30:37.049+0700] {processor.py:830} INFO - Processing file /usr/local/lib/python3.10/dist-packages/airflow/example_dags/plugins/decreasing_priority_weight_strategy.py for tasks to queue
[2024-08-02T10:30:37.051+0700] {logging_mixin.py:188} INFO - [2024-08-02T10:30:37.051+0700] {dagbag.py:545} INFO - Filling up the DagBag from /usr/local/lib/python3.10/dist-packages/airflow/example_dags/plugins/decreasing_priority_weight_strategy.py
[2024-08-02T10:30:37.054+0700] {processor.py:842} WARNING - No viable dags retrieved from /usr/local/lib/python3.10/dist-packages/airflow/example_dags/plugins/decreasing_priority_weight_strategy.py
[2024-08-02T10:30:37.061+0700] {processor.py:183} INFO - Processing /usr/local/lib/python3.10/dist-packages/airflow/example_dags/plugins/decreasing_priority_weight_strategy.py took 0.018 seconds
[2024-08-02T13:54:03.827+0700] {processor.py:161} INFO - Started process (PID=6436) to work on /usr/local/lib/python3.10/dist-packages/airflow/example_dags/plugins/decreasing_priority_weight_strategy.py
[2024-08-02T13:54:03.828+0700] {processor.py:830} INFO - Processing file /usr/local/lib/python3.10/dist-packages/airflow/example_dags/plugins/decreasing_priority_weight_strategy.py for tasks to queue
[2024-08-02T13:54:03.830+0700] {logging_mixin.py:188} INFO - [2024-08-02T13:54:03.829+0700] {dagbag.py:545} INFO - Filling up the DagBag from /usr/local/lib/python3.10/dist-packages/airflow/example_dags/plugins/decreasing_priority_weight_strategy.py
[2024-08-02T13:54:03.838+0700] {processor.py:842} WARNING - No viable dags retrieved from /usr/local/lib/python3.10/dist-packages/airflow/example_dags/plugins/decreasing_priority_weight_strategy.py
[2024-08-02T13:54:03.849+0700] {processor.py:183} INFO - Processing /usr/local/lib/python3.10/dist-packages/airflow/example_dags/plugins/decreasing_priority_weight_strategy.py took 0.028 seconds
[2024-08-02T13:54:34.709+0700] {processor.py:161} INFO - Started process (PID=6575) to work on /usr/local/lib/python3.10/dist-packages/airflow/example_dags/plugins/decreasing_priority_weight_strategy.py
[2024-08-02T13:54:34.710+0700] {processor.py:830} INFO - Processing file /usr/local/lib/python3.10/dist-packages/airflow/example_dags/plugins/decreasing_priority_weight_strategy.py for tasks to queue
[2024-08-02T13:54:34.711+0700] {logging_mixin.py:188} INFO - [2024-08-02T13:54:34.711+0700] {dagbag.py:545} INFO - Filling up the DagBag from /usr/local/lib/python3.10/dist-packages/airflow/example_dags/plugins/decreasing_priority_weight_strategy.py
[2024-08-02T13:54:34.714+0700] {processor.py:842} WARNING - No viable dags retrieved from /usr/local/lib/python3.10/dist-packages/airflow/example_dags/plugins/decreasing_priority_weight_strategy.py
[2024-08-02T13:54:34.725+0700] {processor.py:183} INFO - Processing /usr/local/lib/python3.10/dist-packages/airflow/example_dags/plugins/decreasing_priority_weight_strategy.py took 0.021 seconds
[2024-08-02T13:55:05.378+0700] {processor.py:161} INFO - Started process (PID=6731) to work on /usr/local/lib/python3.10/dist-packages/airflow/example_dags/plugins/decreasing_priority_weight_strategy.py
[2024-08-02T13:55:05.379+0700] {processor.py:830} INFO - Processing file /usr/local/lib/python3.10/dist-packages/airflow/example_dags/plugins/decreasing_priority_weight_strategy.py for tasks to queue
[2024-08-02T13:55:05.381+0700] {logging_mixin.py:188} INFO - [2024-08-02T13:55:05.380+0700] {dagbag.py:545} INFO - Filling up the DagBag from /usr/local/lib/python3.10/dist-packages/airflow/example_dags/plugins/decreasing_priority_weight_strategy.py
[2024-08-02T13:55:05.384+0700] {processor.py:842} WARNING - No viable dags retrieved from /usr/local/lib/python3.10/dist-packages/airflow/example_dags/plugins/decreasing_priority_weight_strategy.py
[2024-08-02T13:55:05.394+0700] {processor.py:183} INFO - Processing /usr/local/lib/python3.10/dist-packages/airflow/example_dags/plugins/decreasing_priority_weight_strategy.py took 0.020 seconds
[2024-08-02T13:55:36.033+0700] {processor.py:161} INFO - Started process (PID=6871) to work on /usr/local/lib/python3.10/dist-packages/airflow/example_dags/plugins/decreasing_priority_weight_strategy.py
[2024-08-02T13:55:36.034+0700] {processor.py:830} INFO - Processing file /usr/local/lib/python3.10/dist-packages/airflow/example_dags/plugins/decreasing_priority_weight_strategy.py for tasks to queue
[2024-08-02T13:55:36.035+0700] {logging_mixin.py:188} INFO - [2024-08-02T13:55:36.034+0700] {dagbag.py:545} INFO - Filling up the DagBag from /usr/local/lib/python3.10/dist-packages/airflow/example_dags/plugins/decreasing_priority_weight_strategy.py
[2024-08-02T13:55:36.037+0700] {processor.py:842} WARNING - No viable dags retrieved from /usr/local/lib/python3.10/dist-packages/airflow/example_dags/plugins/decreasing_priority_weight_strategy.py
[2024-08-02T13:55:36.044+0700] {processor.py:183} INFO - Processing /usr/local/lib/python3.10/dist-packages/airflow/example_dags/plugins/decreasing_priority_weight_strategy.py took 0.015 seconds
[2024-08-02T13:56:06.546+0700] {processor.py:161} INFO - Started process (PID=7002) to work on /usr/local/lib/python3.10/dist-packages/airflow/example_dags/plugins/decreasing_priority_weight_strategy.py
[2024-08-02T13:56:06.547+0700] {processor.py:830} INFO - Processing file /usr/local/lib/python3.10/dist-packages/airflow/example_dags/plugins/decreasing_priority_weight_strategy.py for tasks to queue
[2024-08-02T13:56:06.548+0700] {logging_mixin.py:188} INFO - [2024-08-02T13:56:06.547+0700] {dagbag.py:545} INFO - Filling up the DagBag from /usr/local/lib/python3.10/dist-packages/airflow/example_dags/plugins/decreasing_priority_weight_strategy.py
[2024-08-02T13:56:06.549+0700] {processor.py:842} WARNING - No viable dags retrieved from /usr/local/lib/python3.10/dist-packages/airflow/example_dags/plugins/decreasing_priority_weight_strategy.py
[2024-08-02T13:56:06.556+0700] {processor.py:183} INFO - Processing /usr/local/lib/python3.10/dist-packages/airflow/example_dags/plugins/decreasing_priority_weight_strategy.py took 0.014 seconds
[2024-08-02T14:07:56.496+0700] {processor.py:161} INFO - Started process (PID=10504) to work on /usr/local/lib/python3.10/dist-packages/airflow/example_dags/plugins/decreasing_priority_weight_strategy.py
[2024-08-02T14:07:56.498+0700] {processor.py:830} INFO - Processing file /usr/local/lib/python3.10/dist-packages/airflow/example_dags/plugins/decreasing_priority_weight_strategy.py for tasks to queue
[2024-08-02T14:07:56.499+0700] {logging_mixin.py:188} INFO - [2024-08-02T14:07:56.499+0700] {dagbag.py:545} INFO - Filling up the DagBag from /usr/local/lib/python3.10/dist-packages/airflow/example_dags/plugins/decreasing_priority_weight_strategy.py
[2024-08-02T14:07:56.501+0700] {processor.py:842} WARNING - No viable dags retrieved from /usr/local/lib/python3.10/dist-packages/airflow/example_dags/plugins/decreasing_priority_weight_strategy.py
[2024-08-02T14:07:56.510+0700] {processor.py:183} INFO - Processing /usr/local/lib/python3.10/dist-packages/airflow/example_dags/plugins/decreasing_priority_weight_strategy.py took 0.017 seconds
[2024-08-02T14:08:28.174+0700] {processor.py:161} INFO - Started process (PID=10645) to work on /usr/local/lib/python3.10/dist-packages/airflow/example_dags/plugins/decreasing_priority_weight_strategy.py
[2024-08-02T14:08:28.175+0700] {processor.py:830} INFO - Processing file /usr/local/lib/python3.10/dist-packages/airflow/example_dags/plugins/decreasing_priority_weight_strategy.py for tasks to queue
[2024-08-02T14:08:28.177+0700] {logging_mixin.py:188} INFO - [2024-08-02T14:08:28.176+0700] {dagbag.py:545} INFO - Filling up the DagBag from /usr/local/lib/python3.10/dist-packages/airflow/example_dags/plugins/decreasing_priority_weight_strategy.py
[2024-08-02T14:08:28.178+0700] {processor.py:842} WARNING - No viable dags retrieved from /usr/local/lib/python3.10/dist-packages/airflow/example_dags/plugins/decreasing_priority_weight_strategy.py
[2024-08-02T14:08:28.185+0700] {processor.py:183} INFO - Processing /usr/local/lib/python3.10/dist-packages/airflow/example_dags/plugins/decreasing_priority_weight_strategy.py took 0.015 seconds
[2024-08-02T14:08:58.688+0700] {processor.py:161} INFO - Started process (PID=10784) to work on /usr/local/lib/python3.10/dist-packages/airflow/example_dags/plugins/decreasing_priority_weight_strategy.py
[2024-08-02T14:08:58.689+0700] {processor.py:830} INFO - Processing file /usr/local/lib/python3.10/dist-packages/airflow/example_dags/plugins/decreasing_priority_weight_strategy.py for tasks to queue
[2024-08-02T14:08:58.690+0700] {logging_mixin.py:188} INFO - [2024-08-02T14:08:58.690+0700] {dagbag.py:545} INFO - Filling up the DagBag from /usr/local/lib/python3.10/dist-packages/airflow/example_dags/plugins/decreasing_priority_weight_strategy.py
[2024-08-02T14:08:58.692+0700] {processor.py:842} WARNING - No viable dags retrieved from /usr/local/lib/python3.10/dist-packages/airflow/example_dags/plugins/decreasing_priority_weight_strategy.py
[2024-08-02T14:08:58.698+0700] {processor.py:183} INFO - Processing /usr/local/lib/python3.10/dist-packages/airflow/example_dags/plugins/decreasing_priority_weight_strategy.py took 0.014 seconds
[2024-08-02T14:20:42.382+0700] {processor.py:161} INFO - Started process (PID=13811) to work on /usr/local/lib/python3.10/dist-packages/airflow/example_dags/plugins/decreasing_priority_weight_strategy.py
[2024-08-02T14:20:42.384+0700] {processor.py:830} INFO - Processing file /usr/local/lib/python3.10/dist-packages/airflow/example_dags/plugins/decreasing_priority_weight_strategy.py for tasks to queue
[2024-08-02T14:20:42.384+0700] {logging_mixin.py:188} INFO - [2024-08-02T14:20:42.384+0700] {dagbag.py:545} INFO - Filling up the DagBag from /usr/local/lib/python3.10/dist-packages/airflow/example_dags/plugins/decreasing_priority_weight_strategy.py
[2024-08-02T14:20:42.386+0700] {processor.py:842} WARNING - No viable dags retrieved from /usr/local/lib/python3.10/dist-packages/airflow/example_dags/plugins/decreasing_priority_weight_strategy.py
[2024-08-02T14:20:42.393+0700] {processor.py:183} INFO - Processing /usr/local/lib/python3.10/dist-packages/airflow/example_dags/plugins/decreasing_priority_weight_strategy.py took 0.015 seconds
[2024-08-02T14:21:13.259+0700] {processor.py:161} INFO - Started process (PID=13973) to work on /usr/local/lib/python3.10/dist-packages/airflow/example_dags/plugins/decreasing_priority_weight_strategy.py
[2024-08-02T14:21:13.260+0700] {processor.py:830} INFO - Processing file /usr/local/lib/python3.10/dist-packages/airflow/example_dags/plugins/decreasing_priority_weight_strategy.py for tasks to queue
[2024-08-02T14:21:13.261+0700] {logging_mixin.py:188} INFO - [2024-08-02T14:21:13.261+0700] {dagbag.py:545} INFO - Filling up the DagBag from /usr/local/lib/python3.10/dist-packages/airflow/example_dags/plugins/decreasing_priority_weight_strategy.py
[2024-08-02T14:21:13.262+0700] {processor.py:842} WARNING - No viable dags retrieved from /usr/local/lib/python3.10/dist-packages/airflow/example_dags/plugins/decreasing_priority_weight_strategy.py
[2024-08-02T14:21:13.269+0700] {processor.py:183} INFO - Processing /usr/local/lib/python3.10/dist-packages/airflow/example_dags/plugins/decreasing_priority_weight_strategy.py took 0.015 seconds
[2024-08-02T14:21:43.965+0700] {processor.py:161} INFO - Started process (PID=14112) to work on /usr/local/lib/python3.10/dist-packages/airflow/example_dags/plugins/decreasing_priority_weight_strategy.py
[2024-08-02T14:21:43.966+0700] {processor.py:830} INFO - Processing file /usr/local/lib/python3.10/dist-packages/airflow/example_dags/plugins/decreasing_priority_weight_strategy.py for tasks to queue
[2024-08-02T14:21:43.967+0700] {logging_mixin.py:188} INFO - [2024-08-02T14:21:43.966+0700] {dagbag.py:545} INFO - Filling up the DagBag from /usr/local/lib/python3.10/dist-packages/airflow/example_dags/plugins/decreasing_priority_weight_strategy.py
[2024-08-02T14:21:43.969+0700] {processor.py:842} WARNING - No viable dags retrieved from /usr/local/lib/python3.10/dist-packages/airflow/example_dags/plugins/decreasing_priority_weight_strategy.py
[2024-08-02T14:21:43.976+0700] {processor.py:183} INFO - Processing /usr/local/lib/python3.10/dist-packages/airflow/example_dags/plugins/decreasing_priority_weight_strategy.py took 0.016 seconds
[2024-08-02T14:22:14.697+0700] {processor.py:161} INFO - Started process (PID=14254) to work on /usr/local/lib/python3.10/dist-packages/airflow/example_dags/plugins/decreasing_priority_weight_strategy.py
[2024-08-02T14:22:14.699+0700] {processor.py:830} INFO - Processing file /usr/local/lib/python3.10/dist-packages/airflow/example_dags/plugins/decreasing_priority_weight_strategy.py for tasks to queue
[2024-08-02T14:22:14.699+0700] {logging_mixin.py:188} INFO - [2024-08-02T14:22:14.699+0700] {dagbag.py:545} INFO - Filling up the DagBag from /usr/local/lib/python3.10/dist-packages/airflow/example_dags/plugins/decreasing_priority_weight_strategy.py
[2024-08-02T14:22:14.701+0700] {processor.py:842} WARNING - No viable dags retrieved from /usr/local/lib/python3.10/dist-packages/airflow/example_dags/plugins/decreasing_priority_weight_strategy.py
[2024-08-02T14:22:14.707+0700] {processor.py:183} INFO - Processing /usr/local/lib/python3.10/dist-packages/airflow/example_dags/plugins/decreasing_priority_weight_strategy.py took 0.014 seconds
[2024-08-02T14:22:45.130+0700] {processor.py:161} INFO - Started process (PID=14387) to work on /usr/local/lib/python3.10/dist-packages/airflow/example_dags/plugins/decreasing_priority_weight_strategy.py
[2024-08-02T14:22:45.130+0700] {processor.py:830} INFO - Processing file /usr/local/lib/python3.10/dist-packages/airflow/example_dags/plugins/decreasing_priority_weight_strategy.py for tasks to queue
[2024-08-02T14:22:45.131+0700] {logging_mixin.py:188} INFO - [2024-08-02T14:22:45.131+0700] {dagbag.py:545} INFO - Filling up the DagBag from /usr/local/lib/python3.10/dist-packages/airflow/example_dags/plugins/decreasing_priority_weight_strategy.py
[2024-08-02T14:22:45.132+0700] {processor.py:842} WARNING - No viable dags retrieved from /usr/local/lib/python3.10/dist-packages/airflow/example_dags/plugins/decreasing_priority_weight_strategy.py
[2024-08-02T14:22:45.139+0700] {processor.py:183} INFO - Processing /usr/local/lib/python3.10/dist-packages/airflow/example_dags/plugins/decreasing_priority_weight_strategy.py took 0.013 seconds
[2024-08-02T14:23:24.931+0700] {processor.py:161} INFO - Started process (PID=14571) to work on /usr/local/lib/python3.10/dist-packages/airflow/example_dags/plugins/decreasing_priority_weight_strategy.py
[2024-08-02T14:23:24.933+0700] {processor.py:830} INFO - Processing file /usr/local/lib/python3.10/dist-packages/airflow/example_dags/plugins/decreasing_priority_weight_strategy.py for tasks to queue
[2024-08-02T14:23:24.934+0700] {logging_mixin.py:188} INFO - [2024-08-02T14:23:24.934+0700] {dagbag.py:545} INFO - Filling up the DagBag from /usr/local/lib/python3.10/dist-packages/airflow/example_dags/plugins/decreasing_priority_weight_strategy.py
[2024-08-02T14:23:24.937+0700] {processor.py:842} WARNING - No viable dags retrieved from /usr/local/lib/python3.10/dist-packages/airflow/example_dags/plugins/decreasing_priority_weight_strategy.py
[2024-08-02T14:23:24.955+0700] {processor.py:183} INFO - Processing /usr/local/lib/python3.10/dist-packages/airflow/example_dags/plugins/decreasing_priority_weight_strategy.py took 0.038 seconds
[2024-08-02T14:23:55.631+0700] {processor.py:161} INFO - Started process (PID=14710) to work on /usr/local/lib/python3.10/dist-packages/airflow/example_dags/plugins/decreasing_priority_weight_strategy.py
[2024-08-02T14:23:55.633+0700] {processor.py:830} INFO - Processing file /usr/local/lib/python3.10/dist-packages/airflow/example_dags/plugins/decreasing_priority_weight_strategy.py for tasks to queue
[2024-08-02T14:23:55.634+0700] {logging_mixin.py:188} INFO - [2024-08-02T14:23:55.633+0700] {dagbag.py:545} INFO - Filling up the DagBag from /usr/local/lib/python3.10/dist-packages/airflow/example_dags/plugins/decreasing_priority_weight_strategy.py
[2024-08-02T14:23:55.635+0700] {processor.py:842} WARNING - No viable dags retrieved from /usr/local/lib/python3.10/dist-packages/airflow/example_dags/plugins/decreasing_priority_weight_strategy.py
[2024-08-02T14:23:55.642+0700] {processor.py:183} INFO - Processing /usr/local/lib/python3.10/dist-packages/airflow/example_dags/plugins/decreasing_priority_weight_strategy.py took 0.014 seconds
[2024-08-02T14:24:26.338+0700] {processor.py:161} INFO - Started process (PID=14844) to work on /usr/local/lib/python3.10/dist-packages/airflow/example_dags/plugins/decreasing_priority_weight_strategy.py
[2024-08-02T14:24:26.341+0700] {processor.py:830} INFO - Processing file /usr/local/lib/python3.10/dist-packages/airflow/example_dags/plugins/decreasing_priority_weight_strategy.py for tasks to queue
[2024-08-02T14:24:26.342+0700] {logging_mixin.py:188} INFO - [2024-08-02T14:24:26.341+0700] {dagbag.py:545} INFO - Filling up the DagBag from /usr/local/lib/python3.10/dist-packages/airflow/example_dags/plugins/decreasing_priority_weight_strategy.py
[2024-08-02T14:24:26.343+0700] {processor.py:842} WARNING - No viable dags retrieved from /usr/local/lib/python3.10/dist-packages/airflow/example_dags/plugins/decreasing_priority_weight_strategy.py
[2024-08-02T14:24:26.351+0700] {processor.py:183} INFO - Processing /usr/local/lib/python3.10/dist-packages/airflow/example_dags/plugins/decreasing_priority_weight_strategy.py took 0.017 seconds
[2024-08-02T14:24:56.860+0700] {processor.py:161} INFO - Started process (PID=14978) to work on /usr/local/lib/python3.10/dist-packages/airflow/example_dags/plugins/decreasing_priority_weight_strategy.py
[2024-08-02T14:24:56.863+0700] {processor.py:830} INFO - Processing file /usr/local/lib/python3.10/dist-packages/airflow/example_dags/plugins/decreasing_priority_weight_strategy.py for tasks to queue
[2024-08-02T14:24:56.864+0700] {logging_mixin.py:188} INFO - [2024-08-02T14:24:56.863+0700] {dagbag.py:545} INFO - Filling up the DagBag from /usr/local/lib/python3.10/dist-packages/airflow/example_dags/plugins/decreasing_priority_weight_strategy.py
[2024-08-02T14:24:56.865+0700] {processor.py:842} WARNING - No viable dags retrieved from /usr/local/lib/python3.10/dist-packages/airflow/example_dags/plugins/decreasing_priority_weight_strategy.py
[2024-08-02T14:24:56.872+0700] {processor.py:183} INFO - Processing /usr/local/lib/python3.10/dist-packages/airflow/example_dags/plugins/decreasing_priority_weight_strategy.py took 0.015 seconds
[2024-08-02T14:25:27.452+0700] {processor.py:161} INFO - Started process (PID=15114) to work on /usr/local/lib/python3.10/dist-packages/airflow/example_dags/plugins/decreasing_priority_weight_strategy.py
[2024-08-02T14:25:27.453+0700] {processor.py:830} INFO - Processing file /usr/local/lib/python3.10/dist-packages/airflow/example_dags/plugins/decreasing_priority_weight_strategy.py for tasks to queue
[2024-08-02T14:25:27.454+0700] {logging_mixin.py:188} INFO - [2024-08-02T14:25:27.453+0700] {dagbag.py:545} INFO - Filling up the DagBag from /usr/local/lib/python3.10/dist-packages/airflow/example_dags/plugins/decreasing_priority_weight_strategy.py
[2024-08-02T14:25:27.455+0700] {processor.py:842} WARNING - No viable dags retrieved from /usr/local/lib/python3.10/dist-packages/airflow/example_dags/plugins/decreasing_priority_weight_strategy.py
[2024-08-02T14:25:27.462+0700] {processor.py:183} INFO - Processing /usr/local/lib/python3.10/dist-packages/airflow/example_dags/plugins/decreasing_priority_weight_strategy.py took 0.014 seconds
[2024-08-02T14:25:58.075+0700] {processor.py:161} INFO - Started process (PID=15259) to work on /usr/local/lib/python3.10/dist-packages/airflow/example_dags/plugins/decreasing_priority_weight_strategy.py
[2024-08-02T14:25:58.077+0700] {processor.py:830} INFO - Processing file /usr/local/lib/python3.10/dist-packages/airflow/example_dags/plugins/decreasing_priority_weight_strategy.py for tasks to queue
[2024-08-02T14:25:58.078+0700] {logging_mixin.py:188} INFO - [2024-08-02T14:25:58.078+0700] {dagbag.py:545} INFO - Filling up the DagBag from /usr/local/lib/python3.10/dist-packages/airflow/example_dags/plugins/decreasing_priority_weight_strategy.py
[2024-08-02T14:25:58.080+0700] {processor.py:842} WARNING - No viable dags retrieved from /usr/local/lib/python3.10/dist-packages/airflow/example_dags/plugins/decreasing_priority_weight_strategy.py
[2024-08-02T14:25:58.088+0700] {processor.py:183} INFO - Processing /usr/local/lib/python3.10/dist-packages/airflow/example_dags/plugins/decreasing_priority_weight_strategy.py took 0.016 seconds
[2024-08-02T14:26:28.666+0700] {processor.py:161} INFO - Started process (PID=15394) to work on /usr/local/lib/python3.10/dist-packages/airflow/example_dags/plugins/decreasing_priority_weight_strategy.py
[2024-08-02T14:26:28.667+0700] {processor.py:830} INFO - Processing file /usr/local/lib/python3.10/dist-packages/airflow/example_dags/plugins/decreasing_priority_weight_strategy.py for tasks to queue
[2024-08-02T14:26:28.668+0700] {logging_mixin.py:188} INFO - [2024-08-02T14:26:28.667+0700] {dagbag.py:545} INFO - Filling up the DagBag from /usr/local/lib/python3.10/dist-packages/airflow/example_dags/plugins/decreasing_priority_weight_strategy.py
[2024-08-02T14:26:28.669+0700] {processor.py:842} WARNING - No viable dags retrieved from /usr/local/lib/python3.10/dist-packages/airflow/example_dags/plugins/decreasing_priority_weight_strategy.py
[2024-08-02T14:26:28.676+0700] {processor.py:183} INFO - Processing /usr/local/lib/python3.10/dist-packages/airflow/example_dags/plugins/decreasing_priority_weight_strategy.py took 0.013 seconds
[2024-08-02T14:26:59.212+0700] {processor.py:161} INFO - Started process (PID=15531) to work on /usr/local/lib/python3.10/dist-packages/airflow/example_dags/plugins/decreasing_priority_weight_strategy.py
[2024-08-02T14:26:59.213+0700] {processor.py:830} INFO - Processing file /usr/local/lib/python3.10/dist-packages/airflow/example_dags/plugins/decreasing_priority_weight_strategy.py for tasks to queue
[2024-08-02T14:26:59.214+0700] {logging_mixin.py:188} INFO - [2024-08-02T14:26:59.213+0700] {dagbag.py:545} INFO - Filling up the DagBag from /usr/local/lib/python3.10/dist-packages/airflow/example_dags/plugins/decreasing_priority_weight_strategy.py
[2024-08-02T14:26:59.215+0700] {processor.py:842} WARNING - No viable dags retrieved from /usr/local/lib/python3.10/dist-packages/airflow/example_dags/plugins/decreasing_priority_weight_strategy.py
[2024-08-02T14:26:59.222+0700] {processor.py:183} INFO - Processing /usr/local/lib/python3.10/dist-packages/airflow/example_dags/plugins/decreasing_priority_weight_strategy.py took 0.014 seconds
[2024-08-02T14:27:29.816+0700] {processor.py:161} INFO - Started process (PID=15664) to work on /usr/local/lib/python3.10/dist-packages/airflow/example_dags/plugins/decreasing_priority_weight_strategy.py
[2024-08-02T14:27:29.817+0700] {processor.py:830} INFO - Processing file /usr/local/lib/python3.10/dist-packages/airflow/example_dags/plugins/decreasing_priority_weight_strategy.py for tasks to queue
[2024-08-02T14:27:29.817+0700] {logging_mixin.py:188} INFO - [2024-08-02T14:27:29.817+0700] {dagbag.py:545} INFO - Filling up the DagBag from /usr/local/lib/python3.10/dist-packages/airflow/example_dags/plugins/decreasing_priority_weight_strategy.py
[2024-08-02T14:27:29.819+0700] {processor.py:842} WARNING - No viable dags retrieved from /usr/local/lib/python3.10/dist-packages/airflow/example_dags/plugins/decreasing_priority_weight_strategy.py
[2024-08-02T14:27:29.826+0700] {processor.py:183} INFO - Processing /usr/local/lib/python3.10/dist-packages/airflow/example_dags/plugins/decreasing_priority_weight_strategy.py took 0.014 seconds
[2024-08-02T14:28:00.426+0700] {processor.py:161} INFO - Started process (PID=15797) to work on /usr/local/lib/python3.10/dist-packages/airflow/example_dags/plugins/decreasing_priority_weight_strategy.py
[2024-08-02T14:28:00.426+0700] {processor.py:830} INFO - Processing file /usr/local/lib/python3.10/dist-packages/airflow/example_dags/plugins/decreasing_priority_weight_strategy.py for tasks to queue
[2024-08-02T14:28:00.427+0700] {logging_mixin.py:188} INFO - [2024-08-02T14:28:00.427+0700] {dagbag.py:545} INFO - Filling up the DagBag from /usr/local/lib/python3.10/dist-packages/airflow/example_dags/plugins/decreasing_priority_weight_strategy.py
[2024-08-02T14:28:00.429+0700] {processor.py:842} WARNING - No viable dags retrieved from /usr/local/lib/python3.10/dist-packages/airflow/example_dags/plugins/decreasing_priority_weight_strategy.py
[2024-08-02T14:28:00.436+0700] {processor.py:183} INFO - Processing /usr/local/lib/python3.10/dist-packages/airflow/example_dags/plugins/decreasing_priority_weight_strategy.py took 0.015 seconds
[2024-08-02T14:28:30.892+0700] {processor.py:161} INFO - Started process (PID=15937) to work on /usr/local/lib/python3.10/dist-packages/airflow/example_dags/plugins/decreasing_priority_weight_strategy.py
[2024-08-02T14:28:30.893+0700] {processor.py:830} INFO - Processing file /usr/local/lib/python3.10/dist-packages/airflow/example_dags/plugins/decreasing_priority_weight_strategy.py for tasks to queue
[2024-08-02T14:28:30.894+0700] {logging_mixin.py:188} INFO - [2024-08-02T14:28:30.893+0700] {dagbag.py:545} INFO - Filling up the DagBag from /usr/local/lib/python3.10/dist-packages/airflow/example_dags/plugins/decreasing_priority_weight_strategy.py
[2024-08-02T14:28:30.895+0700] {processor.py:842} WARNING - No viable dags retrieved from /usr/local/lib/python3.10/dist-packages/airflow/example_dags/plugins/decreasing_priority_weight_strategy.py
[2024-08-02T14:28:30.903+0700] {processor.py:183} INFO - Processing /usr/local/lib/python3.10/dist-packages/airflow/example_dags/plugins/decreasing_priority_weight_strategy.py took 0.016 seconds
[2024-08-02T14:29:01.550+0700] {processor.py:161} INFO - Started process (PID=16072) to work on /usr/local/lib/python3.10/dist-packages/airflow/example_dags/plugins/decreasing_priority_weight_strategy.py
[2024-08-02T14:29:01.550+0700] {processor.py:830} INFO - Processing file /usr/local/lib/python3.10/dist-packages/airflow/example_dags/plugins/decreasing_priority_weight_strategy.py for tasks to queue
[2024-08-02T14:29:01.551+0700] {logging_mixin.py:188} INFO - [2024-08-02T14:29:01.551+0700] {dagbag.py:545} INFO - Filling up the DagBag from /usr/local/lib/python3.10/dist-packages/airflow/example_dags/plugins/decreasing_priority_weight_strategy.py
[2024-08-02T14:29:01.552+0700] {processor.py:842} WARNING - No viable dags retrieved from /usr/local/lib/python3.10/dist-packages/airflow/example_dags/plugins/decreasing_priority_weight_strategy.py
[2024-08-02T14:29:01.559+0700] {processor.py:183} INFO - Processing /usr/local/lib/python3.10/dist-packages/airflow/example_dags/plugins/decreasing_priority_weight_strategy.py took 0.014 seconds
[2024-08-02T14:29:32.207+0700] {processor.py:161} INFO - Started process (PID=16208) to work on /usr/local/lib/python3.10/dist-packages/airflow/example_dags/plugins/decreasing_priority_weight_strategy.py
[2024-08-02T14:29:32.208+0700] {processor.py:830} INFO - Processing file /usr/local/lib/python3.10/dist-packages/airflow/example_dags/plugins/decreasing_priority_weight_strategy.py for tasks to queue
[2024-08-02T14:29:32.208+0700] {logging_mixin.py:188} INFO - [2024-08-02T14:29:32.208+0700] {dagbag.py:545} INFO - Filling up the DagBag from /usr/local/lib/python3.10/dist-packages/airflow/example_dags/plugins/decreasing_priority_weight_strategy.py
[2024-08-02T14:29:32.210+0700] {processor.py:842} WARNING - No viable dags retrieved from /usr/local/lib/python3.10/dist-packages/airflow/example_dags/plugins/decreasing_priority_weight_strategy.py
[2024-08-02T14:29:32.216+0700] {processor.py:183} INFO - Processing /usr/local/lib/python3.10/dist-packages/airflow/example_dags/plugins/decreasing_priority_weight_strategy.py took 0.014 seconds
[2024-08-02T14:30:02.754+0700] {processor.py:161} INFO - Started process (PID=16339) to work on /usr/local/lib/python3.10/dist-packages/airflow/example_dags/plugins/decreasing_priority_weight_strategy.py
[2024-08-02T14:30:02.755+0700] {processor.py:830} INFO - Processing file /usr/local/lib/python3.10/dist-packages/airflow/example_dags/plugins/decreasing_priority_weight_strategy.py for tasks to queue
[2024-08-02T14:30:02.756+0700] {logging_mixin.py:188} INFO - [2024-08-02T14:30:02.755+0700] {dagbag.py:545} INFO - Filling up the DagBag from /usr/local/lib/python3.10/dist-packages/airflow/example_dags/plugins/decreasing_priority_weight_strategy.py
[2024-08-02T14:30:02.757+0700] {processor.py:842} WARNING - No viable dags retrieved from /usr/local/lib/python3.10/dist-packages/airflow/example_dags/plugins/decreasing_priority_weight_strategy.py
[2024-08-02T14:30:02.764+0700] {processor.py:183} INFO - Processing /usr/local/lib/python3.10/dist-packages/airflow/example_dags/plugins/decreasing_priority_weight_strategy.py took 0.013 seconds
[2024-08-02T14:30:33.298+0700] {processor.py:161} INFO - Started process (PID=16472) to work on /usr/local/lib/python3.10/dist-packages/airflow/example_dags/plugins/decreasing_priority_weight_strategy.py
[2024-08-02T14:30:33.299+0700] {processor.py:830} INFO - Processing file /usr/local/lib/python3.10/dist-packages/airflow/example_dags/plugins/decreasing_priority_weight_strategy.py for tasks to queue
[2024-08-02T14:30:33.300+0700] {logging_mixin.py:188} INFO - [2024-08-02T14:30:33.299+0700] {dagbag.py:545} INFO - Filling up the DagBag from /usr/local/lib/python3.10/dist-packages/airflow/example_dags/plugins/decreasing_priority_weight_strategy.py
[2024-08-02T14:30:33.301+0700] {processor.py:842} WARNING - No viable dags retrieved from /usr/local/lib/python3.10/dist-packages/airflow/example_dags/plugins/decreasing_priority_weight_strategy.py
[2024-08-02T14:30:33.308+0700] {processor.py:183} INFO - Processing /usr/local/lib/python3.10/dist-packages/airflow/example_dags/plugins/decreasing_priority_weight_strategy.py took 0.014 seconds
[2024-08-02T14:31:04.657+0700] {processor.py:161} INFO - Started process (PID=16615) to work on /usr/local/lib/python3.10/dist-packages/airflow/example_dags/plugins/decreasing_priority_weight_strategy.py
[2024-08-02T14:31:04.658+0700] {processor.py:830} INFO - Processing file /usr/local/lib/python3.10/dist-packages/airflow/example_dags/plugins/decreasing_priority_weight_strategy.py for tasks to queue
[2024-08-02T14:31:04.659+0700] {logging_mixin.py:188} INFO - [2024-08-02T14:31:04.659+0700] {dagbag.py:545} INFO - Filling up the DagBag from /usr/local/lib/python3.10/dist-packages/airflow/example_dags/plugins/decreasing_priority_weight_strategy.py
[2024-08-02T14:31:04.660+0700] {processor.py:842} WARNING - No viable dags retrieved from /usr/local/lib/python3.10/dist-packages/airflow/example_dags/plugins/decreasing_priority_weight_strategy.py
[2024-08-02T14:31:04.667+0700] {processor.py:183} INFO - Processing /usr/local/lib/python3.10/dist-packages/airflow/example_dags/plugins/decreasing_priority_weight_strategy.py took 0.013 seconds
[2024-08-02T14:31:35.699+0700] {processor.py:161} INFO - Started process (PID=16750) to work on /usr/local/lib/python3.10/dist-packages/airflow/example_dags/plugins/decreasing_priority_weight_strategy.py
[2024-08-02T14:31:35.703+0700] {processor.py:830} INFO - Processing file /usr/local/lib/python3.10/dist-packages/airflow/example_dags/plugins/decreasing_priority_weight_strategy.py for tasks to queue
[2024-08-02T14:31:35.704+0700] {logging_mixin.py:188} INFO - [2024-08-02T14:31:35.703+0700] {dagbag.py:545} INFO - Filling up the DagBag from /usr/local/lib/python3.10/dist-packages/airflow/example_dags/plugins/decreasing_priority_weight_strategy.py
[2024-08-02T14:31:35.705+0700] {processor.py:842} WARNING - No viable dags retrieved from /usr/local/lib/python3.10/dist-packages/airflow/example_dags/plugins/decreasing_priority_weight_strategy.py
[2024-08-02T14:31:35.713+0700] {processor.py:183} INFO - Processing /usr/local/lib/python3.10/dist-packages/airflow/example_dags/plugins/decreasing_priority_weight_strategy.py took 0.018 seconds
[2024-08-02T14:32:06.350+0700] {processor.py:161} INFO - Started process (PID=16882) to work on /usr/local/lib/python3.10/dist-packages/airflow/example_dags/plugins/decreasing_priority_weight_strategy.py
[2024-08-02T14:32:06.350+0700] {processor.py:830} INFO - Processing file /usr/local/lib/python3.10/dist-packages/airflow/example_dags/plugins/decreasing_priority_weight_strategy.py for tasks to queue
[2024-08-02T14:32:06.351+0700] {logging_mixin.py:188} INFO - [2024-08-02T14:32:06.351+0700] {dagbag.py:545} INFO - Filling up the DagBag from /usr/local/lib/python3.10/dist-packages/airflow/example_dags/plugins/decreasing_priority_weight_strategy.py
[2024-08-02T14:32:06.353+0700] {processor.py:842} WARNING - No viable dags retrieved from /usr/local/lib/python3.10/dist-packages/airflow/example_dags/plugins/decreasing_priority_weight_strategy.py
[2024-08-02T14:32:06.360+0700] {processor.py:183} INFO - Processing /usr/local/lib/python3.10/dist-packages/airflow/example_dags/plugins/decreasing_priority_weight_strategy.py took 0.014 seconds
[2024-08-02T14:32:36.787+0700] {processor.py:161} INFO - Started process (PID=17069) to work on /usr/local/lib/python3.10/dist-packages/airflow/example_dags/plugins/decreasing_priority_weight_strategy.py
[2024-08-02T14:32:36.789+0700] {processor.py:830} INFO - Processing file /usr/local/lib/python3.10/dist-packages/airflow/example_dags/plugins/decreasing_priority_weight_strategy.py for tasks to queue
[2024-08-02T14:32:36.790+0700] {logging_mixin.py:188} INFO - [2024-08-02T14:32:36.790+0700] {dagbag.py:545} INFO - Filling up the DagBag from /usr/local/lib/python3.10/dist-packages/airflow/example_dags/plugins/decreasing_priority_weight_strategy.py
[2024-08-02T14:32:36.791+0700] {processor.py:842} WARNING - No viable dags retrieved from /usr/local/lib/python3.10/dist-packages/airflow/example_dags/plugins/decreasing_priority_weight_strategy.py
[2024-08-02T14:32:36.799+0700] {processor.py:183} INFO - Processing /usr/local/lib/python3.10/dist-packages/airflow/example_dags/plugins/decreasing_priority_weight_strategy.py took 0.016 seconds
[2024-08-02T14:33:07.207+0700] {processor.py:161} INFO - Started process (PID=17213) to work on /usr/local/lib/python3.10/dist-packages/airflow/example_dags/plugins/decreasing_priority_weight_strategy.py
[2024-08-02T14:33:07.208+0700] {processor.py:830} INFO - Processing file /usr/local/lib/python3.10/dist-packages/airflow/example_dags/plugins/decreasing_priority_weight_strategy.py for tasks to queue
[2024-08-02T14:33:07.209+0700] {logging_mixin.py:188} INFO - [2024-08-02T14:33:07.209+0700] {dagbag.py:545} INFO - Filling up the DagBag from /usr/local/lib/python3.10/dist-packages/airflow/example_dags/plugins/decreasing_priority_weight_strategy.py
[2024-08-02T14:33:07.211+0700] {processor.py:842} WARNING - No viable dags retrieved from /usr/local/lib/python3.10/dist-packages/airflow/example_dags/plugins/decreasing_priority_weight_strategy.py
[2024-08-02T14:33:07.219+0700] {processor.py:183} INFO - Processing /usr/local/lib/python3.10/dist-packages/airflow/example_dags/plugins/decreasing_priority_weight_strategy.py took 0.015 seconds
[2024-08-02T14:33:37.631+0700] {processor.py:161} INFO - Started process (PID=17346) to work on /usr/local/lib/python3.10/dist-packages/airflow/example_dags/plugins/decreasing_priority_weight_strategy.py
[2024-08-02T14:33:37.632+0700] {processor.py:830} INFO - Processing file /usr/local/lib/python3.10/dist-packages/airflow/example_dags/plugins/decreasing_priority_weight_strategy.py for tasks to queue
[2024-08-02T14:33:37.633+0700] {logging_mixin.py:188} INFO - [2024-08-02T14:33:37.633+0700] {dagbag.py:545} INFO - Filling up the DagBag from /usr/local/lib/python3.10/dist-packages/airflow/example_dags/plugins/decreasing_priority_weight_strategy.py
[2024-08-02T14:33:37.635+0700] {processor.py:842} WARNING - No viable dags retrieved from /usr/local/lib/python3.10/dist-packages/airflow/example_dags/plugins/decreasing_priority_weight_strategy.py
[2024-08-02T14:33:37.642+0700] {processor.py:183} INFO - Processing /usr/local/lib/python3.10/dist-packages/airflow/example_dags/plugins/decreasing_priority_weight_strategy.py took 0.015 seconds
[2024-08-02T14:34:08.041+0700] {processor.py:161} INFO - Started process (PID=17479) to work on /usr/local/lib/python3.10/dist-packages/airflow/example_dags/plugins/decreasing_priority_weight_strategy.py
[2024-08-02T14:34:08.044+0700] {processor.py:830} INFO - Processing file /usr/local/lib/python3.10/dist-packages/airflow/example_dags/plugins/decreasing_priority_weight_strategy.py for tasks to queue
[2024-08-02T14:34:08.045+0700] {logging_mixin.py:188} INFO - [2024-08-02T14:34:08.045+0700] {dagbag.py:545} INFO - Filling up the DagBag from /usr/local/lib/python3.10/dist-packages/airflow/example_dags/plugins/decreasing_priority_weight_strategy.py
[2024-08-02T14:34:08.046+0700] {processor.py:842} WARNING - No viable dags retrieved from /usr/local/lib/python3.10/dist-packages/airflow/example_dags/plugins/decreasing_priority_weight_strategy.py
[2024-08-02T14:34:08.053+0700] {processor.py:183} INFO - Processing /usr/local/lib/python3.10/dist-packages/airflow/example_dags/plugins/decreasing_priority_weight_strategy.py took 0.016 seconds
[2024-08-02T14:34:38.459+0700] {processor.py:161} INFO - Started process (PID=17611) to work on /usr/local/lib/python3.10/dist-packages/airflow/example_dags/plugins/decreasing_priority_weight_strategy.py
[2024-08-02T14:34:38.461+0700] {processor.py:830} INFO - Processing file /usr/local/lib/python3.10/dist-packages/airflow/example_dags/plugins/decreasing_priority_weight_strategy.py for tasks to queue
[2024-08-02T14:34:38.461+0700] {logging_mixin.py:188} INFO - [2024-08-02T14:34:38.461+0700] {dagbag.py:545} INFO - Filling up the DagBag from /usr/local/lib/python3.10/dist-packages/airflow/example_dags/plugins/decreasing_priority_weight_strategy.py
[2024-08-02T14:34:38.463+0700] {processor.py:842} WARNING - No viable dags retrieved from /usr/local/lib/python3.10/dist-packages/airflow/example_dags/plugins/decreasing_priority_weight_strategy.py
[2024-08-02T14:34:38.470+0700] {processor.py:183} INFO - Processing /usr/local/lib/python3.10/dist-packages/airflow/example_dags/plugins/decreasing_priority_weight_strategy.py took 0.015 seconds
[2024-08-02T14:35:08.880+0700] {processor.py:161} INFO - Started process (PID=17745) to work on /usr/local/lib/python3.10/dist-packages/airflow/example_dags/plugins/decreasing_priority_weight_strategy.py
[2024-08-02T14:35:08.883+0700] {processor.py:830} INFO - Processing file /usr/local/lib/python3.10/dist-packages/airflow/example_dags/plugins/decreasing_priority_weight_strategy.py for tasks to queue
[2024-08-02T14:35:08.884+0700] {logging_mixin.py:188} INFO - [2024-08-02T14:35:08.883+0700] {dagbag.py:545} INFO - Filling up the DagBag from /usr/local/lib/python3.10/dist-packages/airflow/example_dags/plugins/decreasing_priority_weight_strategy.py
[2024-08-02T14:35:08.885+0700] {processor.py:842} WARNING - No viable dags retrieved from /usr/local/lib/python3.10/dist-packages/airflow/example_dags/plugins/decreasing_priority_weight_strategy.py
[2024-08-02T14:35:08.892+0700] {processor.py:183} INFO - Processing /usr/local/lib/python3.10/dist-packages/airflow/example_dags/plugins/decreasing_priority_weight_strategy.py took 0.015 seconds
[2024-08-02T14:35:39.952+0700] {processor.py:161} INFO - Started process (PID=17880) to work on /usr/local/lib/python3.10/dist-packages/airflow/example_dags/plugins/decreasing_priority_weight_strategy.py
[2024-08-02T14:35:39.956+0700] {processor.py:830} INFO - Processing file /usr/local/lib/python3.10/dist-packages/airflow/example_dags/plugins/decreasing_priority_weight_strategy.py for tasks to queue
[2024-08-02T14:35:39.957+0700] {logging_mixin.py:188} INFO - [2024-08-02T14:35:39.957+0700] {dagbag.py:545} INFO - Filling up the DagBag from /usr/local/lib/python3.10/dist-packages/airflow/example_dags/plugins/decreasing_priority_weight_strategy.py
[2024-08-02T14:35:39.959+0700] {processor.py:842} WARNING - No viable dags retrieved from /usr/local/lib/python3.10/dist-packages/airflow/example_dags/plugins/decreasing_priority_weight_strategy.py
[2024-08-02T14:35:39.966+0700] {processor.py:183} INFO - Processing /usr/local/lib/python3.10/dist-packages/airflow/example_dags/plugins/decreasing_priority_weight_strategy.py took 0.017 seconds
[2024-08-02T14:36:10.224+0700] {processor.py:161} INFO - Started process (PID=18011) to work on /usr/local/lib/python3.10/dist-packages/airflow/example_dags/plugins/decreasing_priority_weight_strategy.py
[2024-08-02T14:36:10.227+0700] {processor.py:830} INFO - Processing file /usr/local/lib/python3.10/dist-packages/airflow/example_dags/plugins/decreasing_priority_weight_strategy.py for tasks to queue
[2024-08-02T14:36:10.228+0700] {logging_mixin.py:188} INFO - [2024-08-02T14:36:10.228+0700] {dagbag.py:545} INFO - Filling up the DagBag from /usr/local/lib/python3.10/dist-packages/airflow/example_dags/plugins/decreasing_priority_weight_strategy.py
[2024-08-02T14:36:10.229+0700] {processor.py:842} WARNING - No viable dags retrieved from /usr/local/lib/python3.10/dist-packages/airflow/example_dags/plugins/decreasing_priority_weight_strategy.py
[2024-08-02T14:36:10.238+0700] {processor.py:183} INFO - Processing /usr/local/lib/python3.10/dist-packages/airflow/example_dags/plugins/decreasing_priority_weight_strategy.py took 0.018 seconds
[2024-08-02T14:36:40.499+0700] {processor.py:161} INFO - Started process (PID=18168) to work on /usr/local/lib/python3.10/dist-packages/airflow/example_dags/plugins/decreasing_priority_weight_strategy.py
[2024-08-02T14:36:40.500+0700] {processor.py:830} INFO - Processing file /usr/local/lib/python3.10/dist-packages/airflow/example_dags/plugins/decreasing_priority_weight_strategy.py for tasks to queue
[2024-08-02T14:36:40.501+0700] {logging_mixin.py:188} INFO - [2024-08-02T14:36:40.500+0700] {dagbag.py:545} INFO - Filling up the DagBag from /usr/local/lib/python3.10/dist-packages/airflow/example_dags/plugins/decreasing_priority_weight_strategy.py
[2024-08-02T14:36:40.502+0700] {processor.py:842} WARNING - No viable dags retrieved from /usr/local/lib/python3.10/dist-packages/airflow/example_dags/plugins/decreasing_priority_weight_strategy.py
[2024-08-02T14:36:40.509+0700] {processor.py:183} INFO - Processing /usr/local/lib/python3.10/dist-packages/airflow/example_dags/plugins/decreasing_priority_weight_strategy.py took 0.014 seconds
[2024-08-02T14:37:10.769+0700] {processor.py:161} INFO - Started process (PID=18299) to work on /usr/local/lib/python3.10/dist-packages/airflow/example_dags/plugins/decreasing_priority_weight_strategy.py
[2024-08-02T14:37:10.771+0700] {processor.py:830} INFO - Processing file /usr/local/lib/python3.10/dist-packages/airflow/example_dags/plugins/decreasing_priority_weight_strategy.py for tasks to queue
[2024-08-02T14:37:10.772+0700] {logging_mixin.py:188} INFO - [2024-08-02T14:37:10.772+0700] {dagbag.py:545} INFO - Filling up the DagBag from /usr/local/lib/python3.10/dist-packages/airflow/example_dags/plugins/decreasing_priority_weight_strategy.py
[2024-08-02T14:37:10.774+0700] {processor.py:842} WARNING - No viable dags retrieved from /usr/local/lib/python3.10/dist-packages/airflow/example_dags/plugins/decreasing_priority_weight_strategy.py
[2024-08-02T14:37:10.781+0700] {processor.py:183} INFO - Processing /usr/local/lib/python3.10/dist-packages/airflow/example_dags/plugins/decreasing_priority_weight_strategy.py took 0.016 seconds
[2024-08-02T14:37:41.040+0700] {processor.py:161} INFO - Started process (PID=18431) to work on /usr/local/lib/python3.10/dist-packages/airflow/example_dags/plugins/decreasing_priority_weight_strategy.py
[2024-08-02T14:37:41.041+0700] {processor.py:830} INFO - Processing file /usr/local/lib/python3.10/dist-packages/airflow/example_dags/plugins/decreasing_priority_weight_strategy.py for tasks to queue
[2024-08-02T14:37:41.041+0700] {logging_mixin.py:188} INFO - [2024-08-02T14:37:41.041+0700] {dagbag.py:545} INFO - Filling up the DagBag from /usr/local/lib/python3.10/dist-packages/airflow/example_dags/plugins/decreasing_priority_weight_strategy.py
[2024-08-02T14:37:41.043+0700] {processor.py:842} WARNING - No viable dags retrieved from /usr/local/lib/python3.10/dist-packages/airflow/example_dags/plugins/decreasing_priority_weight_strategy.py
[2024-08-02T14:37:41.050+0700] {processor.py:183} INFO - Processing /usr/local/lib/python3.10/dist-packages/airflow/example_dags/plugins/decreasing_priority_weight_strategy.py took 0.014 seconds
[2024-08-02T14:38:12.184+0700] {processor.py:161} INFO - Started process (PID=18565) to work on /usr/local/lib/python3.10/dist-packages/airflow/example_dags/plugins/decreasing_priority_weight_strategy.py
[2024-08-02T14:38:12.187+0700] {processor.py:830} INFO - Processing file /usr/local/lib/python3.10/dist-packages/airflow/example_dags/plugins/decreasing_priority_weight_strategy.py for tasks to queue
[2024-08-02T14:38:12.188+0700] {logging_mixin.py:188} INFO - [2024-08-02T14:38:12.188+0700] {dagbag.py:545} INFO - Filling up the DagBag from /usr/local/lib/python3.10/dist-packages/airflow/example_dags/plugins/decreasing_priority_weight_strategy.py
[2024-08-02T14:38:12.189+0700] {processor.py:842} WARNING - No viable dags retrieved from /usr/local/lib/python3.10/dist-packages/airflow/example_dags/plugins/decreasing_priority_weight_strategy.py
[2024-08-02T14:38:12.196+0700] {processor.py:183} INFO - Processing /usr/local/lib/python3.10/dist-packages/airflow/example_dags/plugins/decreasing_priority_weight_strategy.py took 0.015 seconds
[2024-08-02T14:38:42.596+0700] {processor.py:161} INFO - Started process (PID=18699) to work on /usr/local/lib/python3.10/dist-packages/airflow/example_dags/plugins/decreasing_priority_weight_strategy.py
[2024-08-02T14:38:42.599+0700] {processor.py:830} INFO - Processing file /usr/local/lib/python3.10/dist-packages/airflow/example_dags/plugins/decreasing_priority_weight_strategy.py for tasks to queue
[2024-08-02T14:38:42.600+0700] {logging_mixin.py:188} INFO - [2024-08-02T14:38:42.600+0700] {dagbag.py:545} INFO - Filling up the DagBag from /usr/local/lib/python3.10/dist-packages/airflow/example_dags/plugins/decreasing_priority_weight_strategy.py
[2024-08-02T14:38:42.601+0700] {processor.py:842} WARNING - No viable dags retrieved from /usr/local/lib/python3.10/dist-packages/airflow/example_dags/plugins/decreasing_priority_weight_strategy.py
[2024-08-02T14:38:42.608+0700] {processor.py:183} INFO - Processing /usr/local/lib/python3.10/dist-packages/airflow/example_dags/plugins/decreasing_priority_weight_strategy.py took 0.016 seconds
[2024-08-02T14:39:13.024+0700] {processor.py:161} INFO - Started process (PID=18922) to work on /usr/local/lib/python3.10/dist-packages/airflow/example_dags/plugins/decreasing_priority_weight_strategy.py
[2024-08-02T14:39:13.025+0700] {processor.py:830} INFO - Processing file /usr/local/lib/python3.10/dist-packages/airflow/example_dags/plugins/decreasing_priority_weight_strategy.py for tasks to queue
[2024-08-02T14:39:13.028+0700] {logging_mixin.py:188} INFO - [2024-08-02T14:39:13.027+0700] {dagbag.py:545} INFO - Filling up the DagBag from /usr/local/lib/python3.10/dist-packages/airflow/example_dags/plugins/decreasing_priority_weight_strategy.py
[2024-08-02T14:39:13.031+0700] {processor.py:842} WARNING - No viable dags retrieved from /usr/local/lib/python3.10/dist-packages/airflow/example_dags/plugins/decreasing_priority_weight_strategy.py
[2024-08-02T14:39:13.050+0700] {processor.py:183} INFO - Processing /usr/local/lib/python3.10/dist-packages/airflow/example_dags/plugins/decreasing_priority_weight_strategy.py took 0.038 seconds
[2024-08-02T14:43:35.796+0700] {processor.py:161} INFO - Started process (PID=19725) to work on /usr/local/lib/python3.10/dist-packages/airflow/example_dags/plugins/decreasing_priority_weight_strategy.py
[2024-08-02T14:43:35.800+0700] {processor.py:830} INFO - Processing file /usr/local/lib/python3.10/dist-packages/airflow/example_dags/plugins/decreasing_priority_weight_strategy.py for tasks to queue
[2024-08-02T14:43:35.801+0700] {logging_mixin.py:188} INFO - [2024-08-02T14:43:35.801+0700] {dagbag.py:545} INFO - Filling up the DagBag from /usr/local/lib/python3.10/dist-packages/airflow/example_dags/plugins/decreasing_priority_weight_strategy.py
[2024-08-02T14:43:35.811+0700] {processor.py:842} WARNING - No viable dags retrieved from /usr/local/lib/python3.10/dist-packages/airflow/example_dags/plugins/decreasing_priority_weight_strategy.py
[2024-08-02T14:43:35.834+0700] {processor.py:183} INFO - Processing /usr/local/lib/python3.10/dist-packages/airflow/example_dags/plugins/decreasing_priority_weight_strategy.py took 0.068 seconds
[2024-08-02T14:54:45.949+0700] {processor.py:161} INFO - Started process (PID=23332) to work on /usr/local/lib/python3.10/dist-packages/airflow/example_dags/plugins/decreasing_priority_weight_strategy.py
[2024-08-02T14:54:45.951+0700] {processor.py:830} INFO - Processing file /usr/local/lib/python3.10/dist-packages/airflow/example_dags/plugins/decreasing_priority_weight_strategy.py for tasks to queue
[2024-08-02T14:54:45.952+0700] {logging_mixin.py:188} INFO - [2024-08-02T14:54:45.952+0700] {dagbag.py:545} INFO - Filling up the DagBag from /usr/local/lib/python3.10/dist-packages/airflow/example_dags/plugins/decreasing_priority_weight_strategy.py
[2024-08-02T14:54:45.953+0700] {processor.py:842} WARNING - No viable dags retrieved from /usr/local/lib/python3.10/dist-packages/airflow/example_dags/plugins/decreasing_priority_weight_strategy.py
[2024-08-02T14:54:45.960+0700] {processor.py:183} INFO - Processing /usr/local/lib/python3.10/dist-packages/airflow/example_dags/plugins/decreasing_priority_weight_strategy.py took 0.015 seconds
[2024-08-02T14:55:17.903+0700] {processor.py:161} INFO - Started process (PID=23480) to work on /usr/local/lib/python3.10/dist-packages/airflow/example_dags/plugins/decreasing_priority_weight_strategy.py
[2024-08-02T14:55:17.904+0700] {processor.py:830} INFO - Processing file /usr/local/lib/python3.10/dist-packages/airflow/example_dags/plugins/decreasing_priority_weight_strategy.py for tasks to queue
[2024-08-02T14:55:17.905+0700] {logging_mixin.py:188} INFO - [2024-08-02T14:55:17.905+0700] {dagbag.py:545} INFO - Filling up the DagBag from /usr/local/lib/python3.10/dist-packages/airflow/example_dags/plugins/decreasing_priority_weight_strategy.py
[2024-08-02T14:55:17.907+0700] {processor.py:842} WARNING - No viable dags retrieved from /usr/local/lib/python3.10/dist-packages/airflow/example_dags/plugins/decreasing_priority_weight_strategy.py
[2024-08-02T14:55:17.914+0700] {processor.py:183} INFO - Processing /usr/local/lib/python3.10/dist-packages/airflow/example_dags/plugins/decreasing_priority_weight_strategy.py took 0.016 seconds
[2024-08-02T22:05:25.790+0700] {processor.py:161} INFO - Started process (PID=2432) to work on /usr/local/lib/python3.10/dist-packages/airflow/example_dags/plugins/decreasing_priority_weight_strategy.py
[2024-08-02T22:05:25.792+0700] {processor.py:830} INFO - Processing file /usr/local/lib/python3.10/dist-packages/airflow/example_dags/plugins/decreasing_priority_weight_strategy.py for tasks to queue
[2024-08-02T22:05:25.793+0700] {logging_mixin.py:188} INFO - [2024-08-02T22:05:25.793+0700] {dagbag.py:545} INFO - Filling up the DagBag from /usr/local/lib/python3.10/dist-packages/airflow/example_dags/plugins/decreasing_priority_weight_strategy.py
[2024-08-02T22:05:25.796+0700] {processor.py:842} WARNING - No viable dags retrieved from /usr/local/lib/python3.10/dist-packages/airflow/example_dags/plugins/decreasing_priority_weight_strategy.py
[2024-08-02T22:05:25.803+0700] {processor.py:183} INFO - Processing /usr/local/lib/python3.10/dist-packages/airflow/example_dags/plugins/decreasing_priority_weight_strategy.py took 0.017 seconds
[2024-08-02T22:52:05.011+0700] {processor.py:161} INFO - Started process (PID=1479) to work on /usr/local/lib/python3.10/dist-packages/airflow/example_dags/plugins/decreasing_priority_weight_strategy.py
[2024-08-02T22:52:05.012+0700] {processor.py:830} INFO - Processing file /usr/local/lib/python3.10/dist-packages/airflow/example_dags/plugins/decreasing_priority_weight_strategy.py for tasks to queue
[2024-08-02T22:52:05.014+0700] {logging_mixin.py:188} INFO - [2024-08-02T22:52:05.013+0700] {dagbag.py:545} INFO - Filling up the DagBag from /usr/local/lib/python3.10/dist-packages/airflow/example_dags/plugins/decreasing_priority_weight_strategy.py
[2024-08-02T22:52:05.015+0700] {processor.py:842} WARNING - No viable dags retrieved from /usr/local/lib/python3.10/dist-packages/airflow/example_dags/plugins/decreasing_priority_weight_strategy.py
[2024-08-02T22:52:05.023+0700] {processor.py:183} INFO - Processing /usr/local/lib/python3.10/dist-packages/airflow/example_dags/plugins/decreasing_priority_weight_strategy.py took 0.016 seconds
[2024-08-02T22:52:35.547+0700] {processor.py:161} INFO - Started process (PID=1612) to work on /usr/local/lib/python3.10/dist-packages/airflow/example_dags/plugins/decreasing_priority_weight_strategy.py
[2024-08-02T22:52:35.548+0700] {processor.py:830} INFO - Processing file /usr/local/lib/python3.10/dist-packages/airflow/example_dags/plugins/decreasing_priority_weight_strategy.py for tasks to queue
[2024-08-02T22:52:35.550+0700] {logging_mixin.py:188} INFO - [2024-08-02T22:52:35.549+0700] {dagbag.py:545} INFO - Filling up the DagBag from /usr/local/lib/python3.10/dist-packages/airflow/example_dags/plugins/decreasing_priority_weight_strategy.py
[2024-08-02T22:52:35.551+0700] {processor.py:842} WARNING - No viable dags retrieved from /usr/local/lib/python3.10/dist-packages/airflow/example_dags/plugins/decreasing_priority_weight_strategy.py
[2024-08-02T22:52:35.558+0700] {processor.py:183} INFO - Processing /usr/local/lib/python3.10/dist-packages/airflow/example_dags/plugins/decreasing_priority_weight_strategy.py took 0.015 seconds
[2024-08-02T22:53:06.098+0700] {processor.py:161} INFO - Started process (PID=1751) to work on /usr/local/lib/python3.10/dist-packages/airflow/example_dags/plugins/decreasing_priority_weight_strategy.py
[2024-08-02T22:53:06.098+0700] {processor.py:830} INFO - Processing file /usr/local/lib/python3.10/dist-packages/airflow/example_dags/plugins/decreasing_priority_weight_strategy.py for tasks to queue
[2024-08-02T22:53:06.099+0700] {logging_mixin.py:188} INFO - [2024-08-02T22:53:06.099+0700] {dagbag.py:545} INFO - Filling up the DagBag from /usr/local/lib/python3.10/dist-packages/airflow/example_dags/plugins/decreasing_priority_weight_strategy.py
[2024-08-02T22:53:06.101+0700] {processor.py:842} WARNING - No viable dags retrieved from /usr/local/lib/python3.10/dist-packages/airflow/example_dags/plugins/decreasing_priority_weight_strategy.py
[2024-08-02T22:53:06.107+0700] {processor.py:183} INFO - Processing /usr/local/lib/python3.10/dist-packages/airflow/example_dags/plugins/decreasing_priority_weight_strategy.py took 0.013 seconds
[2024-08-02T22:53:36.538+0700] {processor.py:161} INFO - Started process (PID=1885) to work on /usr/local/lib/python3.10/dist-packages/airflow/example_dags/plugins/decreasing_priority_weight_strategy.py
[2024-08-02T22:53:36.539+0700] {processor.py:830} INFO - Processing file /usr/local/lib/python3.10/dist-packages/airflow/example_dags/plugins/decreasing_priority_weight_strategy.py for tasks to queue
[2024-08-02T22:53:36.540+0700] {logging_mixin.py:188} INFO - [2024-08-02T22:53:36.540+0700] {dagbag.py:545} INFO - Filling up the DagBag from /usr/local/lib/python3.10/dist-packages/airflow/example_dags/plugins/decreasing_priority_weight_strategy.py
[2024-08-02T22:53:36.542+0700] {processor.py:842} WARNING - No viable dags retrieved from /usr/local/lib/python3.10/dist-packages/airflow/example_dags/plugins/decreasing_priority_weight_strategy.py
[2024-08-02T22:53:36.549+0700] {processor.py:183} INFO - Processing /usr/local/lib/python3.10/dist-packages/airflow/example_dags/plugins/decreasing_priority_weight_strategy.py took 0.014 seconds
[2024-08-02T22:54:07.036+0700] {processor.py:161} INFO - Started process (PID=2026) to work on /usr/local/lib/python3.10/dist-packages/airflow/example_dags/plugins/decreasing_priority_weight_strategy.py
[2024-08-02T22:54:07.037+0700] {processor.py:830} INFO - Processing file /usr/local/lib/python3.10/dist-packages/airflow/example_dags/plugins/decreasing_priority_weight_strategy.py for tasks to queue
[2024-08-02T22:54:07.038+0700] {logging_mixin.py:188} INFO - [2024-08-02T22:54:07.037+0700] {dagbag.py:545} INFO - Filling up the DagBag from /usr/local/lib/python3.10/dist-packages/airflow/example_dags/plugins/decreasing_priority_weight_strategy.py
[2024-08-02T22:54:07.039+0700] {processor.py:842} WARNING - No viable dags retrieved from /usr/local/lib/python3.10/dist-packages/airflow/example_dags/plugins/decreasing_priority_weight_strategy.py
[2024-08-02T22:54:07.046+0700] {processor.py:183} INFO - Processing /usr/local/lib/python3.10/dist-packages/airflow/example_dags/plugins/decreasing_priority_weight_strategy.py took 0.014 seconds
                                                                                                                                                                                                                                                                                                                                                                                                                                                                                                                                                                                                                                                                                                                                                                                                                                                                                                                                                                                                                                                                                      