[2024-08-02T10:16:38.731+0700] {processor.py:161} INFO - Started process (PID=33398) to work on /usr/local/lib/python3.10/dist-packages/airflow/example_dags/plugins/workday.py
[2024-08-02T10:16:38.735+0700] {processor.py:830} INFO - Processing file /usr/local/lib/python3.10/dist-packages/airflow/example_dags/plugins/workday.py for tasks to queue
[2024-08-02T10:16:38.747+0700] {logging_mixin.py:188} INFO - [2024-08-02T10:16:38.740+0700] {dagbag.py:545} INFO - Filling up the DagBag from /usr/local/lib/python3.10/dist-packages/airflow/example_dags/plugins/workday.py
[2024-08-02T10:16:38.761+0700] {logging_mixin.py:188} INFO - [2024-08-02T10:16:38.761+0700] {workday.py:41} WARNING - Could not import pandas. Holidays will not be considered.
[2024-08-02T10:16:38.762+0700] {processor.py:842} WARNING - No viable dags retrieved from /usr/local/lib/python3.10/dist-packages/airflow/example_dags/plugins/workday.py
[2024-08-02T10:16:38.788+0700] {processor.py:183} INFO - Processing /usr/local/lib/python3.10/dist-packages/airflow/example_dags/plugins/workday.py took 0.070 seconds
[2024-08-02T10:19:50.202+0700] {processor.py:161} INFO - Started process (PID=33729) to work on /usr/local/lib/python3.10/dist-packages/airflow/example_dags/plugins/workday.py
[2024-08-02T10:19:50.203+0700] {processor.py:830} INFO - Processing file /usr/local/lib/python3.10/dist-packages/airflow/example_dags/plugins/workday.py for tasks to queue
[2024-08-02T10:19:50.204+0700] {logging_mixin.py:188} INFO - [2024-08-02T10:19:50.203+0700] {dagbag.py:545} INFO - Filling up the DagBag from /usr/local/lib/python3.10/dist-packages/airflow/example_dags/plugins/workday.py
[2024-08-02T10:19:50.208+0700] {logging_mixin.py:188} INFO - [2024-08-02T10:19:50.207+0700] {workday.py:41} WARNING - Could not import pandas. Holidays will not be considered.
[2024-08-02T10:19:50.208+0700] {processor.py:842} WARNING - No viable dags retrieved from /usr/local/lib/python3.10/dist-packages/airflow/example_dags/plugins/workday.py
[2024-08-02T10:19:50.215+0700] {processor.py:183} INFO - Processing /usr/local/lib/python3.10/dist-packages/airflow/example_dags/plugins/workday.py took 0.017 seconds
[2024-08-02T10:20:20.717+0700] {processor.py:161} INFO - Started process (PID=33898) to work on /usr/local/lib/python3.10/dist-packages/airflow/example_dags/plugins/workday.py
[2024-08-02T10:20:20.718+0700] {processor.py:830} INFO - Processing file /usr/local/lib/python3.10/dist-packages/airflow/example_dags/plugins/workday.py for tasks to queue
[2024-08-02T10:20:20.719+0700] {logging_mixin.py:188} INFO - [2024-08-02T10:20:20.719+0700] {dagbag.py:545} INFO - Filling up the DagBag from /usr/local/lib/python3.10/dist-packages/airflow/example_dags/plugins/workday.py
[2024-08-02T10:20:20.721+0700] {logging_mixin.py:188} INFO - [2024-08-02T10:20:20.721+0700] {workday.py:41} WARNING - Could not import pandas. Holidays will not be considered.
[2024-08-02T10:20:20.722+0700] {processor.py:842} WARNING - No viable dags retrieved from /usr/local/lib/python3.10/dist-packages/airflow/example_dags/plugins/workday.py
[2024-08-02T10:20:20.728+0700] {processor.py:183} INFO - Processing /usr/local/lib/python3.10/dist-packages/airflow/example_dags/plugins/workday.py took 0.015 seconds
[2024-08-02T10:20:50.963+0700] {processor.py:161} INFO - Started process (PID=34034) to work on /usr/local/lib/python3.10/dist-packages/airflow/example_dags/plugins/workday.py
[2024-08-02T10:20:50.967+0700] {processor.py:830} INFO - Processing file /usr/local/lib/python3.10/dist-packages/airflow/example_dags/plugins/workday.py for tasks to queue
[2024-08-02T10:20:50.968+0700] {logging_mixin.py:188} INFO - [2024-08-02T10:20:50.967+0700] {dagbag.py:545} INFO - Filling up the DagBag from /usr/local/lib/python3.10/dist-packages/airflow/example_dags/plugins/workday.py
[2024-08-02T10:20:50.969+0700] {logging_mixin.py:188} INFO - [2024-08-02T10:20:50.969+0700] {workday.py:41} WARNING - Could not import pandas. Holidays will not be considered.
[2024-08-02T10:20:50.970+0700] {processor.py:842} WARNING - No viable dags retrieved from /usr/local/lib/python3.10/dist-packages/airflow/example_dags/plugins/workday.py
[2024-08-02T10:20:50.976+0700] {processor.py:183} INFO - Processing /usr/local/lib/python3.10/dist-packages/airflow/example_dags/plugins/workday.py took 0.017 seconds
[2024-08-02T10:27:30.015+0700] {processor.py:161} INFO - Started process (PID=1670) to work on /usr/local/lib/python3.10/dist-packages/airflow/example_dags/plugins/workday.py
[2024-08-02T10:27:30.017+0700] {processor.py:830} INFO - Processing file /usr/local/lib/python3.10/dist-packages/airflow/example_dags/plugins/workday.py for tasks to queue
[2024-08-02T10:27:30.018+0700] {logging_mixin.py:188} INFO - [2024-08-02T10:27:30.017+0700] {dagbag.py:545} INFO - Filling up the DagBag from /usr/local/lib/python3.10/dist-packages/airflow/example_dags/plugins/workday.py
[2024-08-02T10:27:30.020+0700] {logging_mixin.py:188} INFO - [2024-08-02T10:27:30.019+0700] {workday.py:41} WARNING - Could not import pandas. Holidays will not be considered.
[2024-08-02T10:27:30.020+0700] {processor.py:842} WARNING - No viable dags retrieved from /usr/local/lib/python3.10/dist-packages/airflow/example_dags/plugins/workday.py
[2024-08-02T10:27:30.026+0700] {processor.py:183} INFO - Processing /usr/local/lib/python3.10/dist-packages/airflow/example_dags/plugins/workday.py took 0.015 seconds
[2024-08-02T10:28:00.804+0700] {processor.py:161} INFO - Started process (PID=1894) to work on /usr/local/lib/python3.10/dist-packages/airflow/example_dags/plugins/workday.py
[2024-08-02T10:28:00.805+0700] {processor.py:830} INFO - Processing file /usr/local/lib/python3.10/dist-packages/airflow/example_dags/plugins/workday.py for tasks to queue
[2024-08-02T10:28:00.806+0700] {logging_mixin.py:188} INFO - [2024-08-02T10:28:00.806+0700] {dagbag.py:545} INFO - Filling up the DagBag from /usr/local/lib/python3.10/dist-packages/airflow/example_dags/plugins/workday.py
[2024-08-02T10:28:00.808+0700] {logging_mixin.py:188} INFO - [2024-08-02T10:28:00.808+0700] {workday.py:41} WARNING - Could not import pandas. Holidays will not be considered.
[2024-08-02T10:28:00.808+0700] {processor.py:842} WARNING - No viable dags retrieved from /usr/local/lib/python3.10/dist-packages/airflow/example_dags/plugins/workday.py
[2024-08-02T10:28:00.815+0700] {processor.py:183} INFO - Processing /usr/local/lib/python3.10/dist-packages/airflow/example_dags/plugins/workday.py took 0.015 seconds
[2024-08-02T10:28:31.402+0700] {processor.py:161} INFO - Started process (PID=2269) to work on /usr/local/lib/python3.10/dist-packages/airflow/example_dags/plugins/workday.py
[2024-08-02T10:28:31.404+0700] {processor.py:830} INFO - Processing file /usr/local/lib/python3.10/dist-packages/airflow/example_dags/plugins/workday.py for tasks to queue
[2024-08-02T10:28:31.406+0700] {logging_mixin.py:188} INFO - [2024-08-02T10:28:31.406+0700] {dagbag.py:545} INFO - Filling up the DagBag from /usr/local/lib/python3.10/dist-packages/airflow/example_dags/plugins/workday.py
[2024-08-02T10:28:31.407+0700] {logging_mixin.py:188} INFO - [2024-08-02T10:28:31.407+0700] {workday.py:41} WARNING - Could not import pandas. Holidays will not be considered.
[2024-08-02T10:28:31.408+0700] {processor.py:842} WARNING - No viable dags retrieved from /usr/local/lib/python3.10/dist-packages/airflow/example_dags/plugins/workday.py
[2024-08-02T10:28:31.414+0700] {processor.py:183} INFO - Processing /usr/local/lib/python3.10/dist-packages/airflow/example_dags/plugins/workday.py took 0.016 seconds
[2024-08-02T10:29:01.956+0700] {processor.py:161} INFO - Started process (PID=2631) to work on /usr/local/lib/python3.10/dist-packages/airflow/example_dags/plugins/workday.py
[2024-08-02T10:29:01.958+0700] {processor.py:830} INFO - Processing file /usr/local/lib/python3.10/dist-packages/airflow/example_dags/plugins/workday.py for tasks to queue
[2024-08-02T10:29:01.959+0700] {logging_mixin.py:188} INFO - [2024-08-02T10:29:01.959+0700] {dagbag.py:545} INFO - Filling up the DagBag from /usr/local/lib/python3.10/dist-packages/airflow/example_dags/plugins/workday.py
[2024-08-02T10:29:01.965+0700] {logging_mixin.py:188} INFO - [2024-08-02T10:29:01.964+0700] {workday.py:41} WARNING - Could not import pandas. Holidays will not be considered.
[2024-08-02T10:29:01.968+0700] {processor.py:842} WARNING - No viable dags retrieved from /usr/local/lib/python3.10/dist-packages/airflow/example_dags/plugins/workday.py
[2024-08-02T10:29:01.979+0700] {processor.py:183} INFO - Processing /usr/local/lib/python3.10/dist-packages/airflow/example_dags/plugins/workday.py took 0.029 seconds
[2024-08-02T10:29:33.326+0700] {processor.py:161} INFO - Started process (PID=3325) to work on /usr/local/lib/python3.10/dist-packages/airflow/example_dags/plugins/workday.py
[2024-08-02T10:29:33.327+0700] {processor.py:830} INFO - Processing file /usr/local/lib/python3.10/dist-packages/airflow/example_dags/plugins/workday.py for tasks to queue
[2024-08-02T10:29:33.328+0700] {logging_mixin.py:188} INFO - [2024-08-02T10:29:33.328+0700] {dagbag.py:545} INFO - Filling up the DagBag from /usr/local/lib/python3.10/dist-packages/airflow/example_dags/plugins/workday.py
[2024-08-02T10:29:33.330+0700] {logging_mixin.py:188} INFO - [2024-08-02T10:29:33.330+0700] {workday.py:41} WARNING - Could not import pandas. Holidays will not be considered.
[2024-08-02T10:29:33.331+0700] {processor.py:842} WARNING - No viable dags retrieved from /usr/local/lib/python3.10/dist-packages/airflow/example_dags/plugins/workday.py
[2024-08-02T10:29:33.338+0700] {processor.py:183} INFO - Processing /usr/local/lib/python3.10/dist-packages/airflow/example_dags/plugins/workday.py took 0.016 seconds
[2024-08-02T10:30:05.213+0700] {processor.py:161} INFO - Started process (PID=3762) to work on /usr/local/lib/python3.10/dist-packages/airflow/example_dags/plugins/workday.py
[2024-08-02T10:30:05.216+0700] {processor.py:830} INFO - Processing file /usr/local/lib/python3.10/dist-packages/airflow/example_dags/plugins/workday.py for tasks to queue
[2024-08-02T10:30:05.218+0700] {logging_mixin.py:188} INFO - [2024-08-02T10:30:05.218+0700] {dagbag.py:545} INFO - Filling up the DagBag from /usr/local/lib/python3.10/dist-packages/airflow/example_dags/plugins/workday.py
[2024-08-02T10:30:05.226+0700] {logging_mixin.py:188} INFO - [2024-08-02T10:30:05.226+0700] {workday.py:41} WARNING - Could not import pandas. Holidays will not be considered.
[2024-08-02T10:30:05.227+0700] {processor.py:842} WARNING - No viable dags retrieved from /usr/local/lib/python3.10/dist-packages/airflow/example_dags/plugins/workday.py
[2024-08-02T10:30:05.241+0700] {processor.py:183} INFO - Processing /usr/local/lib/python3.10/dist-packages/airflow/example_dags/plugins/workday.py took 0.045 seconds
[2024-08-02T10:30:35.885+0700] {processor.py:161} INFO - Started process (PID=4161) to work on /usr/local/lib/python3.10/dist-packages/airflow/example_dags/plugins/workday.py
[2024-08-02T10:30:35.886+0700] {processor.py:830} INFO - Processing file /usr/local/lib/python3.10/dist-packages/airflow/example_dags/plugins/workday.py for tasks to queue
[2024-08-02T10:30:35.887+0700] {logging_mixin.py:188} INFO - [2024-08-02T10:30:35.886+0700] {dagbag.py:545} INFO - Filling up the DagBag from /usr/local/lib/python3.10/dist-packages/airflow/example_dags/plugins/workday.py
[2024-08-02T10:30:35.890+0700] {logging_mixin.py:188} INFO - [2024-08-02T10:30:35.890+0700] {workday.py:41} WARNING - Could not import pandas. Holidays will not be considered.
[2024-08-02T10:30:35.890+0700] {processor.py:842} WARNING - No viable dags retrieved from /usr/local/lib/python3.10/dist-packages/airflow/example_dags/plugins/workday.py
[2024-08-02T10:30:35.899+0700] {processor.py:183} INFO - Processing /usr/local/lib/python3.10/dist-packages/airflow/example_dags/plugins/workday.py took 0.018 seconds
[2024-08-02T13:54:03.502+0700] {processor.py:161} INFO - Started process (PID=6433) to work on /usr/local/lib/python3.10/dist-packages/airflow/example_dags/plugins/workday.py
[2024-08-02T13:54:03.504+0700] {processor.py:830} INFO - Processing file /usr/local/lib/python3.10/dist-packages/airflow/example_dags/plugins/workday.py for tasks to queue
[2024-08-02T13:54:03.509+0700] {logging_mixin.py:188} INFO - [2024-08-02T13:54:03.506+0700] {dagbag.py:545} INFO - Filling up the DagBag from /usr/local/lib/python3.10/dist-packages/airflow/example_dags/plugins/workday.py
[2024-08-02T13:54:03.515+0700] {logging_mixin.py:188} INFO - [2024-08-02T13:54:03.515+0700] {workday.py:41} WARNING - Could not import pandas. Holidays will not be considered.
[2024-08-02T13:54:03.516+0700] {processor.py:842} WARNING - No viable dags retrieved from /usr/local/lib/python3.10/dist-packages/airflow/example_dags/plugins/workday.py
[2024-08-02T13:54:03.532+0700] {processor.py:183} INFO - Processing /usr/local/lib/python3.10/dist-packages/airflow/example_dags/plugins/workday.py took 0.041 seconds
[2024-08-02T13:54:33.715+0700] {processor.py:161} INFO - Started process (PID=6571) to work on /usr/local/lib/python3.10/dist-packages/airflow/example_dags/plugins/workday.py
[2024-08-02T13:54:33.716+0700] {processor.py:830} INFO - Processing file /usr/local/lib/python3.10/dist-packages/airflow/example_dags/plugins/workday.py for tasks to queue
[2024-08-02T13:54:33.717+0700] {logging_mixin.py:188} INFO - [2024-08-02T13:54:33.717+0700] {dagbag.py:545} INFO - Filling up the DagBag from /usr/local/lib/python3.10/dist-packages/airflow/example_dags/plugins/workday.py
[2024-08-02T13:54:33.720+0700] {logging_mixin.py:188} INFO - [2024-08-02T13:54:33.720+0700] {workday.py:41} WARNING - Could not import pandas. Holidays will not be considered.
[2024-08-02T13:54:33.721+0700] {processor.py:842} WARNING - No viable dags retrieved from /usr/local/lib/python3.10/dist-packages/airflow/example_dags/plugins/workday.py
[2024-08-02T13:54:33.728+0700] {processor.py:183} INFO - Processing /usr/local/lib/python3.10/dist-packages/airflow/example_dags/plugins/workday.py took 0.017 seconds
[2024-08-02T13:55:04.975+0700] {processor.py:161} INFO - Started process (PID=6729) to work on /usr/local/lib/python3.10/dist-packages/airflow/example_dags/plugins/workday.py
[2024-08-02T13:55:04.977+0700] {processor.py:830} INFO - Processing file /usr/local/lib/python3.10/dist-packages/airflow/example_dags/plugins/workday.py for tasks to queue
[2024-08-02T13:55:04.979+0700] {logging_mixin.py:188} INFO - [2024-08-02T13:55:04.978+0700] {dagbag.py:545} INFO - Filling up the DagBag from /usr/local/lib/python3.10/dist-packages/airflow/example_dags/plugins/workday.py
[2024-08-02T13:55:04.988+0700] {logging_mixin.py:188} INFO - [2024-08-02T13:55:04.987+0700] {workday.py:41} WARNING - Could not import pandas. Holidays will not be considered.
[2024-08-02T13:55:04.989+0700] {processor.py:842} WARNING - No viable dags retrieved from /usr/local/lib/python3.10/dist-packages/airflow/example_dags/plugins/workday.py
[2024-08-02T13:55:05.009+0700] {processor.py:183} INFO - Processing /usr/local/lib/python3.10/dist-packages/airflow/example_dags/plugins/workday.py took 0.040 seconds
[2024-08-02T13:55:35.173+0700] {processor.py:161} INFO - Started process (PID=6866) to work on /usr/local/lib/python3.10/dist-packages/airflow/example_dags/plugins/workday.py
[2024-08-02T13:55:35.174+0700] {processor.py:830} INFO - Processing file /usr/local/lib/python3.10/dist-packages/airflow/example_dags/plugins/workday.py for tasks to queue
[2024-08-02T13:55:35.175+0700] {logging_mixin.py:188} INFO - [2024-08-02T13:55:35.175+0700] {dagbag.py:545} INFO - Filling up the DagBag from /usr/local/lib/python3.10/dist-packages/airflow/example_dags/plugins/workday.py
[2024-08-02T13:55:35.178+0700] {logging_mixin.py:188} INFO - [2024-08-02T13:55:35.177+0700] {workday.py:41} WARNING - Could not import pandas. Holidays will not be considered.
[2024-08-02T13:55:35.178+0700] {processor.py:842} WARNING - No viable dags retrieved from /usr/local/lib/python3.10/dist-packages/airflow/example_dags/plugins/workday.py
[2024-08-02T13:55:35.185+0700] {processor.py:183} INFO - Processing /usr/local/lib/python3.10/dist-packages/airflow/example_dags/plugins/workday.py took 0.015 seconds
[2024-08-02T13:56:05.402+0700] {processor.py:161} INFO - Started process (PID=6997) to work on /usr/local/lib/python3.10/dist-packages/airflow/example_dags/plugins/workday.py
[2024-08-02T13:56:05.403+0700] {processor.py:830} INFO - Processing file /usr/local/lib/python3.10/dist-packages/airflow/example_dags/plugins/workday.py for tasks to queue
[2024-08-02T13:56:05.404+0700] {logging_mixin.py:188} INFO - [2024-08-02T13:56:05.404+0700] {dagbag.py:545} INFO - Filling up the DagBag from /usr/local/lib/python3.10/dist-packages/airflow/example_dags/plugins/workday.py
[2024-08-02T13:56:05.406+0700] {logging_mixin.py:188} INFO - [2024-08-02T13:56:05.406+0700] {workday.py:41} WARNING - Could not import pandas. Holidays will not be considered.
[2024-08-02T13:56:05.406+0700] {processor.py:842} WARNING - No viable dags retrieved from /usr/local/lib/python3.10/dist-packages/airflow/example_dags/plugins/workday.py
[2024-08-02T13:56:05.413+0700] {processor.py:183} INFO - Processing /usr/local/lib/python3.10/dist-packages/airflow/example_dags/plugins/workday.py took 0.015 seconds
[2024-08-02T14:07:56.189+0700] {processor.py:161} INFO - Started process (PID=10502) to work on /usr/local/lib/python3.10/dist-packages/airflow/example_dags/plugins/workday.py
[2024-08-02T14:07:56.190+0700] {processor.py:830} INFO - Processing file /usr/local/lib/python3.10/dist-packages/airflow/example_dags/plugins/workday.py for tasks to queue
[2024-08-02T14:07:56.192+0700] {logging_mixin.py:188} INFO - [2024-08-02T14:07:56.191+0700] {dagbag.py:545} INFO - Filling up the DagBag from /usr/local/lib/python3.10/dist-packages/airflow/example_dags/plugins/workday.py
[2024-08-02T14:07:56.193+0700] {logging_mixin.py:188} INFO - [2024-08-02T14:07:56.193+0700] {workday.py:41} WARNING - Could not import pandas. Holidays will not be considered.
[2024-08-02T14:07:56.194+0700] {processor.py:842} WARNING - No viable dags retrieved from /usr/local/lib/python3.10/dist-packages/airflow/example_dags/plugins/workday.py
[2024-08-02T14:07:56.202+0700] {processor.py:183} INFO - Processing /usr/local/lib/python3.10/dist-packages/airflow/example_dags/plugins/workday.py took 0.017 seconds
[2024-08-02T14:08:27.023+0700] {processor.py:161} INFO - Started process (PID=10640) to work on /usr/local/lib/python3.10/dist-packages/airflow/example_dags/plugins/workday.py
[2024-08-02T14:08:27.024+0700] {processor.py:830} INFO - Processing file /usr/local/lib/python3.10/dist-packages/airflow/example_dags/plugins/workday.py for tasks to queue
[2024-08-02T14:08:27.025+0700] {logging_mixin.py:188} INFO - [2024-08-02T14:08:27.025+0700] {dagbag.py:545} INFO - Filling up the DagBag from /usr/local/lib/python3.10/dist-packages/airflow/example_dags/plugins/workday.py
[2024-08-02T14:08:27.027+0700] {logging_mixin.py:188} INFO - [2024-08-02T14:08:27.027+0700] {workday.py:41} WARNING - Could not import pandas. Holidays will not be considered.
[2024-08-02T14:08:27.027+0700] {processor.py:842} WARNING - No viable dags retrieved from /usr/local/lib/python3.10/dist-packages/airflow/example_dags/plugins/workday.py
[2024-08-02T14:08:27.034+0700] {processor.py:183} INFO - Processing /usr/local/lib/python3.10/dist-packages/airflow/example_dags/plugins/workday.py took 0.015 seconds
[2024-08-02T14:08:57.532+0700] {processor.py:161} INFO - Started process (PID=10778) to work on /usr/local/lib/python3.10/dist-packages/airflow/example_dags/plugins/workday.py
[2024-08-02T14:08:57.535+0700] {processor.py:830} INFO - Processing file /usr/local/lib/python3.10/dist-packages/airflow/example_dags/plugins/workday.py for tasks to queue
[2024-08-02T14:08:57.536+0700] {logging_mixin.py:188} INFO - [2024-08-02T14:08:57.535+0700] {dagbag.py:545} INFO - Filling up the DagBag from /usr/local/lib/python3.10/dist-packages/airflow/example_dags/plugins/workday.py
[2024-08-02T14:08:57.538+0700] {logging_mixin.py:188} INFO - [2024-08-02T14:08:57.537+0700] {workday.py:41} WARNING - Could not import pandas. Holidays will not be considered.
[2024-08-02T14:08:57.538+0700] {processor.py:842} WARNING - No viable dags retrieved from /usr/local/lib/python3.10/dist-packages/airflow/example_dags/plugins/workday.py
[2024-08-02T14:08:57.544+0700] {processor.py:183} INFO - Processing /usr/local/lib/python3.10/dist-packages/airflow/example_dags/plugins/workday.py took 0.017 seconds
[2024-08-02T14:20:42.084+0700] {processor.py:161} INFO - Started process (PID=13809) to work on /usr/local/lib/python3.10/dist-packages/airflow/example_dags/plugins/workday.py
[2024-08-02T14:20:42.086+0700] {processor.py:830} INFO - Processing file /usr/local/lib/python3.10/dist-packages/airflow/example_dags/plugins/workday.py for tasks to queue
[2024-08-02T14:20:42.087+0700] {logging_mixin.py:188} INFO - [2024-08-02T14:20:42.087+0700] {dagbag.py:545} INFO - Filling up the DagBag from /usr/local/lib/python3.10/dist-packages/airflow/example_dags/plugins/workday.py
[2024-08-02T14:20:42.089+0700] {logging_mixin.py:188} INFO - [2024-08-02T14:20:42.089+0700] {workday.py:41} WARNING - Could not import pandas. Holidays will not be considered.
[2024-08-02T14:20:42.089+0700] {processor.py:842} WARNING - No viable dags retrieved from /usr/local/lib/python3.10/dist-packages/airflow/example_dags/plugins/workday.py
[2024-08-02T14:20:42.098+0700] {processor.py:183} INFO - Processing /usr/local/lib/python3.10/dist-packages/airflow/example_dags/plugins/workday.py took 0.019 seconds
[2024-08-02T14:21:12.763+0700] {processor.py:161} INFO - Started process (PID=13970) to work on /usr/local/lib/python3.10/dist-packages/airflow/example_dags/plugins/workday.py
[2024-08-02T14:21:12.765+0700] {processor.py:830} INFO - Processing file /usr/local/lib/python3.10/dist-packages/airflow/example_dags/plugins/workday.py for tasks to queue
[2024-08-02T14:21:12.766+0700] {logging_mixin.py:188} INFO - [2024-08-02T14:21:12.765+0700] {dagbag.py:545} INFO - Filling up the DagBag from /usr/local/lib/python3.10/dist-packages/airflow/example_dags/plugins/workday.py
[2024-08-02T14:21:12.768+0700] {logging_mixin.py:188} INFO - [2024-08-02T14:21:12.767+0700] {workday.py:41} WARNING - Could not import pandas. Holidays will not be considered.
[2024-08-02T14:21:12.768+0700] {processor.py:842} WARNING - No viable dags retrieved from /usr/local/lib/python3.10/dist-packages/airflow/example_dags/plugins/workday.py
[2024-08-02T14:21:12.775+0700] {processor.py:183} INFO - Processing /usr/local/lib/python3.10/dist-packages/airflow/example_dags/plugins/workday.py took 0.017 seconds
[2024-08-02T14:21:43.157+0700] {processor.py:161} INFO - Started process (PID=14108) to work on /usr/local/lib/python3.10/dist-packages/airflow/example_dags/plugins/workday.py
[2024-08-02T14:21:43.158+0700] {processor.py:830} INFO - Processing file /usr/local/lib/python3.10/dist-packages/airflow/example_dags/plugins/workday.py for tasks to queue
[2024-08-02T14:21:43.159+0700] {logging_mixin.py:188} INFO - [2024-08-02T14:21:43.159+0700] {dagbag.py:545} INFO - Filling up the DagBag from /usr/local/lib/python3.10/dist-packages/airflow/example_dags/plugins/workday.py
[2024-08-02T14:21:43.161+0700] {logging_mixin.py:188} INFO - [2024-08-02T14:21:43.161+0700] {workday.py:41} WARNING - Could not import pandas. Holidays will not be considered.
[2024-08-02T14:21:43.161+0700] {processor.py:842} WARNING - No viable dags retrieved from /usr/local/lib/python3.10/dist-packages/airflow/example_dags/plugins/workday.py
[2024-08-02T14:21:43.169+0700] {processor.py:183} INFO - Processing /usr/local/lib/python3.10/dist-packages/airflow/example_dags/plugins/workday.py took 0.016 seconds
[2024-08-02T14:22:13.559+0700] {processor.py:161} INFO - Started process (PID=14249) to work on /usr/local/lib/python3.10/dist-packages/airflow/example_dags/plugins/workday.py
[2024-08-02T14:22:13.561+0700] {processor.py:830} INFO - Processing file /usr/local/lib/python3.10/dist-packages/airflow/example_dags/plugins/workday.py for tasks to queue
[2024-08-02T14:22:13.562+0700] {logging_mixin.py:188} INFO - [2024-08-02T14:22:13.562+0700] {dagbag.py:545} INFO - Filling up the DagBag from /usr/local/lib/python3.10/dist-packages/airflow/example_dags/plugins/workday.py
[2024-08-02T14:22:13.564+0700] {logging_mixin.py:188} INFO - [2024-08-02T14:22:13.564+0700] {workday.py:41} WARNING - Could not import pandas. Holidays will not be considered.
[2024-08-02T14:22:13.564+0700] {processor.py:842} WARNING - No viable dags retrieved from /usr/local/lib/python3.10/dist-packages/airflow/example_dags/plugins/workday.py
[2024-08-02T14:22:13.571+0700] {processor.py:183} INFO - Processing /usr/local/lib/python3.10/dist-packages/airflow/example_dags/plugins/workday.py took 0.016 seconds
[2024-08-02T14:22:43.960+0700] {processor.py:161} INFO - Started process (PID=14381) to work on /usr/local/lib/python3.10/dist-packages/airflow/example_dags/plugins/workday.py
[2024-08-02T14:22:43.961+0700] {processor.py:830} INFO - Processing file /usr/local/lib/python3.10/dist-packages/airflow/example_dags/plugins/workday.py for tasks to queue
[2024-08-02T14:22:43.962+0700] {logging_mixin.py:188} INFO - [2024-08-02T14:22:43.961+0700] {dagbag.py:545} INFO - Filling up the DagBag from /usr/local/lib/python3.10/dist-packages/airflow/example_dags/plugins/workday.py
[2024-08-02T14:22:43.963+0700] {logging_mixin.py:188} INFO - [2024-08-02T14:22:43.963+0700] {workday.py:41} WARNING - Could not import pandas. Holidays will not be considered.
[2024-08-02T14:22:43.964+0700] {processor.py:842} WARNING - No viable dags retrieved from /usr/local/lib/python3.10/dist-packages/airflow/example_dags/plugins/workday.py
[2024-08-02T14:22:43.970+0700] {processor.py:183} INFO - Processing /usr/local/lib/python3.10/dist-packages/airflow/example_dags/plugins/workday.py took 0.014 seconds
[2024-08-02T14:23:23.738+0700] {processor.py:161} INFO - Started process (PID=14563) to work on /usr/local/lib/python3.10/dist-packages/airflow/example_dags/plugins/workday.py
[2024-08-02T14:23:23.741+0700] {processor.py:830} INFO - Processing file /usr/local/lib/python3.10/dist-packages/airflow/example_dags/plugins/workday.py for tasks to queue
[2024-08-02T14:23:23.741+0700] {logging_mixin.py:188} INFO - [2024-08-02T14:23:23.741+0700] {dagbag.py:545} INFO - Filling up the DagBag from /usr/local/lib/python3.10/dist-packages/airflow/example_dags/plugins/workday.py
[2024-08-02T14:23:23.743+0700] {logging_mixin.py:188} INFO - [2024-08-02T14:23:23.743+0700] {workday.py:41} WARNING - Could not import pandas. Holidays will not be considered.
[2024-08-02T14:23:23.743+0700] {processor.py:842} WARNING - No viable dags retrieved from /usr/local/lib/python3.10/dist-packages/airflow/example_dags/plugins/workday.py
[2024-08-02T14:23:23.750+0700] {processor.py:183} INFO - Processing /usr/local/lib/python3.10/dist-packages/airflow/example_dags/plugins/workday.py took 0.016 seconds
[2024-08-02T14:23:54.450+0700] {processor.py:161} INFO - Started process (PID=14705) to work on /usr/local/lib/python3.10/dist-packages/airflow/example_dags/plugins/workday.py
[2024-08-02T14:23:54.451+0700] {processor.py:830} INFO - Processing file /usr/local/lib/python3.10/dist-packages/airflow/example_dags/plugins/workday.py for tasks to queue
[2024-08-02T14:23:54.452+0700] {logging_mixin.py:188} INFO - [2024-08-02T14:23:54.451+0700] {dagbag.py:545} INFO - Filling up the DagBag from /usr/local/lib/python3.10/dist-packages/airflow/example_dags/plugins/workday.py
[2024-08-02T14:23:54.454+0700] {logging_mixin.py:188} INFO - [2024-08-02T14:23:54.453+0700] {workday.py:41} WARNING - Could not import pandas. Holidays will not be considered.
[2024-08-02T14:23:54.454+0700] {processor.py:842} WARNING - No viable dags retrieved from /usr/local/lib/python3.10/dist-packages/airflow/example_dags/plugins/workday.py
[2024-08-02T14:23:54.461+0700] {processor.py:183} INFO - Processing /usr/local/lib/python3.10/dist-packages/airflow/example_dags/plugins/workday.py took 0.016 seconds
[2024-08-02T14:24:25.149+0700] {processor.py:161} INFO - Started process (PID=14838) to work on /usr/local/lib/python3.10/dist-packages/airflow/example_dags/plugins/workday.py
[2024-08-02T14:24:25.151+0700] {processor.py:830} INFO - Processing file /usr/local/lib/python3.10/dist-packages/airflow/example_dags/plugins/workday.py for tasks to queue
[2024-08-02T14:24:25.152+0700] {logging_mixin.py:188} INFO - [2024-08-02T14:24:25.152+0700] {dagbag.py:545} INFO - Filling up the DagBag from /usr/local/lib/python3.10/dist-packages/airflow/example_dags/plugins/workday.py
[2024-08-02T14:24:25.154+0700] {logging_mixin.py:188} INFO - [2024-08-02T14:24:25.154+0700] {workday.py:41} WARNING - Could not import pandas. Holidays will not be considered.
[2024-08-02T14:24:25.154+0700] {processor.py:842} WARNING - No viable dags retrieved from /usr/local/lib/python3.10/dist-packages/airflow/example_dags/plugins/workday.py
[2024-08-02T14:24:25.161+0700] {processor.py:183} INFO - Processing /usr/local/lib/python3.10/dist-packages/airflow/example_dags/plugins/workday.py took 0.017 seconds
[2024-08-02T14:24:55.671+0700] {processor.py:161} INFO - Started process (PID=14973) to work on /usr/local/lib/python3.10/dist-packages/airflow/example_dags/plugins/workday.py
[2024-08-02T14:24:55.673+0700] {processor.py:830} INFO - Processing file /usr/local/lib/python3.10/dist-packages/airflow/example_dags/plugins/workday.py for tasks to queue
[2024-08-02T14:24:55.673+0700] {logging_mixin.py:188} INFO - [2024-08-02T14:24:55.673+0700] {dagbag.py:545} INFO - Filling up the DagBag from /usr/local/lib/python3.10/dist-packages/airflow/example_dags/plugins/workday.py
[2024-08-02T14:24:55.675+0700] {logging_mixin.py:188} INFO - [2024-08-02T14:24:55.675+0700] {workday.py:41} WARNING - Could not import pandas. Holidays will not be considered.
[2024-08-02T14:24:55.675+0700] {processor.py:842} WARNING - No viable dags retrieved from /usr/local/lib/python3.10/dist-packages/airflow/example_dags/plugins/workday.py
[2024-08-02T14:24:55.683+0700] {processor.py:183} INFO - Processing /usr/local/lib/python3.10/dist-packages/airflow/example_dags/plugins/workday.py took 0.016 seconds
[2024-08-02T14:25:26.268+0700] {processor.py:161} INFO - Started process (PID=15108) to work on /usr/local/lib/python3.10/dist-packages/airflow/example_dags/plugins/workday.py
[2024-08-02T14:25:26.269+0700] {processor.py:830} INFO - Processing file /usr/local/lib/python3.10/dist-packages/airflow/example_dags/plugins/workday.py for tasks to queue
[2024-08-02T14:25:26.269+0700] {logging_mixin.py:188} INFO - [2024-08-02T14:25:26.269+0700] {dagbag.py:545} INFO - Filling up the DagBag from /usr/local/lib/python3.10/dist-packages/airflow/example_dags/plugins/workday.py
[2024-08-02T14:25:26.271+0700] {logging_mixin.py:188} INFO - [2024-08-02T14:25:26.271+0700] {workday.py:41} WARNING - Could not import pandas. Holidays will not be considered.
[2024-08-02T14:25:26.271+0700] {processor.py:842} WARNING - No viable dags retrieved from /usr/local/lib/python3.10/dist-packages/airflow/example_dags/plugins/workday.py
[2024-08-02T14:25:26.278+0700] {processor.py:183} INFO - Processing /usr/local/lib/python3.10/dist-packages/airflow/example_dags/plugins/workday.py took 0.014 seconds
[2024-08-02T14:25:56.889+0700] {processor.py:161} INFO - Started process (PID=15253) to work on /usr/local/lib/python3.10/dist-packages/airflow/example_dags/plugins/workday.py
[2024-08-02T14:25:56.891+0700] {processor.py:830} INFO - Processing file /usr/local/lib/python3.10/dist-packages/airflow/example_dags/plugins/workday.py for tasks to queue
[2024-08-02T14:25:56.892+0700] {logging_mixin.py:188} INFO - [2024-08-02T14:25:56.891+0700] {dagbag.py:545} INFO - Filling up the DagBag from /usr/local/lib/python3.10/dist-packages/airflow/example_dags/plugins/workday.py
[2024-08-02T14:25:56.894+0700] {logging_mixin.py:188} INFO - [2024-08-02T14:25:56.893+0700] {workday.py:41} WARNING - Could not import pandas. Holidays will not be considered.
[2024-08-02T14:25:56.894+0700] {processor.py:842} WARNING - No viable dags retrieved from /usr/local/lib/python3.10/dist-packages/airflow/example_dags/plugins/workday.py
[2024-08-02T14:25:56.900+0700] {processor.py:183} INFO - Processing /usr/local/lib/python3.10/dist-packages/airflow/example_dags/plugins/workday.py took 0.015 seconds
[2024-08-02T14:26:27.479+0700] {processor.py:161} INFO - Started process (PID=15388) to work on /usr/local/lib/python3.10/dist-packages/airflow/example_dags/plugins/workday.py
[2024-08-02T14:26:27.479+0700] {processor.py:830} INFO - Processing file /usr/local/lib/python3.10/dist-packages/airflow/example_dags/plugins/workday.py for tasks to queue
[2024-08-02T14:26:27.480+0700] {logging_mixin.py:188} INFO - [2024-08-02T14:26:27.480+0700] {dagbag.py:545} INFO - Filling up the DagBag from /usr/local/lib/python3.10/dist-packages/airflow/example_dags/plugins/workday.py
[2024-08-02T14:26:27.482+0700] {logging_mixin.py:188} INFO - [2024-08-02T14:26:27.482+0700] {workday.py:41} WARNING - Could not import pandas. Holidays will not be considered.
[2024-08-02T14:26:27.482+0700] {processor.py:842} WARNING - No viable dags retrieved from /usr/local/lib/python3.10/dist-packages/airflow/example_dags/plugins/workday.py
[2024-08-02T14:26:27.489+0700] {processor.py:183} INFO - Processing /usr/local/lib/python3.10/dist-packages/airflow/example_dags/plugins/workday.py took 0.014 seconds
[2024-08-02T14:26:58.021+0700] {processor.py:161} INFO - Started process (PID=15525) to work on /usr/local/lib/python3.10/dist-packages/airflow/example_dags/plugins/workday.py
[2024-08-02T14:26:58.022+0700] {processor.py:830} INFO - Processing file /usr/local/lib/python3.10/dist-packages/airflow/example_dags/plugins/workday.py for tasks to queue
[2024-08-02T14:26:58.023+0700] {logging_mixin.py:188} INFO - [2024-08-02T14:26:58.023+0700] {dagbag.py:545} INFO - Filling up the DagBag from /usr/local/lib/python3.10/dist-packages/airflow/example_dags/plugins/workday.py
[2024-08-02T14:26:58.025+0700] {logging_mixin.py:188} INFO - [2024-08-02T14:26:58.025+0700] {workday.py:41} WARNING - Could not import pandas. Holidays will not be considered.
[2024-08-02T14:26:58.025+0700] {processor.py:842} WARNING - No viable dags retrieved from /usr/local/lib/python3.10/dist-packages/airflow/example_dags/plugins/workday.py
[2024-08-02T14:26:58.032+0700] {processor.py:183} INFO - Processing /usr/local/lib/python3.10/dist-packages/airflow/example_dags/plugins/workday.py took 0.015 seconds
[2024-08-02T14:27:28.629+0700] {processor.py:161} INFO - Started process (PID=15658) to work on /usr/local/lib/python3.10/dist-packages/airflow/example_dags/plugins/workday.py
[2024-08-02T14:27:28.632+0700] {processor.py:830} INFO - Processing file /usr/local/lib/python3.10/dist-packages/airflow/example_dags/plugins/workday.py for tasks to queue
[2024-08-02T14:27:28.633+0700] {logging_mixin.py:188} INFO - [2024-08-02T14:27:28.633+0700] {dagbag.py:545} INFO - Filling up the DagBag from /usr/local/lib/python3.10/dist-packages/airflow/example_dags/plugins/workday.py
[2024-08-02T14:27:28.635+0700] {logging_mixin.py:188} INFO - [2024-08-02T14:27:28.634+0700] {workday.py:41} WARNING - Could not import pandas. Holidays will not be considered.
[2024-08-02T14:27:28.635+0700] {processor.py:842} WARNING - No viable dags retrieved from /usr/local/lib/python3.10/dist-packages/airflow/example_dags/plugins/workday.py
[2024-08-02T14:27:28.641+0700] {processor.py:183} INFO - Processing /usr/local/lib/python3.10/dist-packages/airflow/example_dags/plugins/workday.py took 0.016 seconds
[2024-08-02T14:27:59.240+0700] {processor.py:161} INFO - Started process (PID=15791) to work on /usr/local/lib/python3.10/dist-packages/airflow/example_dags/plugins/workday.py
[2024-08-02T14:27:59.241+0700] {processor.py:830} INFO - Processing file /usr/local/lib/python3.10/dist-packages/airflow/example_dags/plugins/workday.py for tasks to queue
[2024-08-02T14:27:59.241+0700] {logging_mixin.py:188} INFO - [2024-08-02T14:27:59.241+0700] {dagbag.py:545} INFO - Filling up the DagBag from /usr/local/lib/python3.10/dist-packages/airflow/example_dags/plugins/workday.py
[2024-08-02T14:27:59.243+0700] {logging_mixin.py:188} INFO - [2024-08-02T14:27:59.243+0700] {workday.py:41} WARNING - Could not import pandas. Holidays will not be considered.
[2024-08-02T14:27:59.243+0700] {processor.py:842} WARNING - No viable dags retrieved from /usr/local/lib/python3.10/dist-packages/airflow/example_dags/plugins/workday.py
[2024-08-02T14:27:59.250+0700] {processor.py:183} INFO - Processing /usr/local/lib/python3.10/dist-packages/airflow/example_dags/plugins/workday.py took 0.014 seconds
[2024-08-02T14:28:30.367+0700] {processor.py:161} INFO - Started process (PID=15934) to work on /usr/local/lib/python3.10/dist-packages/airflow/example_dags/plugins/workday.py
[2024-08-02T14:28:30.369+0700] {processor.py:830} INFO - Processing file /usr/local/lib/python3.10/dist-packages/airflow/example_dags/plugins/workday.py for tasks to queue
[2024-08-02T14:28:30.369+0700] {logging_mixin.py:188} INFO - [2024-08-02T14:28:30.369+0700] {dagbag.py:545} INFO - Filling up the DagBag from /usr/local/lib/python3.10/dist-packages/airflow/example_dags/plugins/workday.py
[2024-08-02T14:28:30.371+0700] {logging_mixin.py:188} INFO - [2024-08-02T14:28:30.371+0700] {workday.py:41} WARNING - Could not import pandas. Holidays will not be considered.
[2024-08-02T14:28:30.372+0700] {processor.py:842} WARNING - No viable dags retrieved from /usr/local/lib/python3.10/dist-packages/airflow/example_dags/plugins/workday.py
[2024-08-02T14:28:30.378+0700] {processor.py:183} INFO - Processing /usr/local/lib/python3.10/dist-packages/airflow/example_dags/plugins/workday.py took 0.015 seconds
[2024-08-02T14:29:01.038+0700] {processor.py:161} INFO - Started process (PID=16069) to work on /usr/local/lib/python3.10/dist-packages/airflow/example_dags/plugins/workday.py
[2024-08-02T14:29:01.038+0700] {processor.py:830} INFO - Processing file /usr/local/lib/python3.10/dist-packages/airflow/example_dags/plugins/workday.py for tasks to queue
[2024-08-02T14:29:01.039+0700] {logging_mixin.py:188} INFO - [2024-08-02T14:29:01.039+0700] {dagbag.py:545} INFO - Filling up the DagBag from /usr/local/lib/python3.10/dist-packages/airflow/example_dags/plugins/workday.py
[2024-08-02T14:29:01.041+0700] {logging_mixin.py:188} INFO - [2024-08-02T14:29:01.041+0700] {workday.py:41} WARNING - Could not import pandas. Holidays will not be considered.
[2024-08-02T14:29:01.041+0700] {processor.py:842} WARNING - No viable dags retrieved from /usr/local/lib/python3.10/dist-packages/airflow/example_dags/plugins/workday.py
[2024-08-02T14:29:01.048+0700] {processor.py:183} INFO - Processing /usr/local/lib/python3.10/dist-packages/airflow/example_dags/plugins/workday.py took 0.015 seconds
[2024-08-02T14:29:31.681+0700] {processor.py:161} INFO - Started process (PID=16204) to work on /usr/local/lib/python3.10/dist-packages/airflow/example_dags/plugins/workday.py
[2024-08-02T14:29:31.683+0700] {processor.py:830} INFO - Processing file /usr/local/lib/python3.10/dist-packages/airflow/example_dags/plugins/workday.py for tasks to queue
[2024-08-02T14:29:31.683+0700] {logging_mixin.py:188} INFO - [2024-08-02T14:29:31.683+0700] {dagbag.py:545} INFO - Filling up the DagBag from /usr/local/lib/python3.10/dist-packages/airflow/example_dags/plugins/workday.py
[2024-08-02T14:29:31.686+0700] {logging_mixin.py:188} INFO - [2024-08-02T14:29:31.685+0700] {workday.py:41} WARNING - Could not import pandas. Holidays will not be considered.
[2024-08-02T14:29:31.686+0700] {processor.py:842} WARNING - No viable dags retrieved from /usr/local/lib/python3.10/dist-packages/airflow/example_dags/plugins/workday.py
[2024-08-02T14:29:31.692+0700] {processor.py:183} INFO - Processing /usr/local/lib/python3.10/dist-packages/airflow/example_dags/plugins/workday.py took 0.015 seconds
[2024-08-02T14:30:02.232+0700] {processor.py:161} INFO - Started process (PID=16336) to work on /usr/local/lib/python3.10/dist-packages/airflow/example_dags/plugins/workday.py
[2024-08-02T14:30:02.233+0700] {processor.py:830} INFO - Processing file /usr/local/lib/python3.10/dist-packages/airflow/example_dags/plugins/workday.py for tasks to queue
[2024-08-02T14:30:02.233+0700] {logging_mixin.py:188} INFO - [2024-08-02T14:30:02.233+0700] {dagbag.py:545} INFO - Filling up the DagBag from /usr/local/lib/python3.10/dist-packages/airflow/example_dags/plugins/workday.py
[2024-08-02T14:30:02.235+0700] {logging_mixin.py:188} INFO - [2024-08-02T14:30:02.235+0700] {workday.py:41} WARNING - Could not import pandas. Holidays will not be considered.
[2024-08-02T14:30:02.235+0700] {processor.py:842} WARNING - No viable dags retrieved from /usr/local/lib/python3.10/dist-packages/airflow/example_dags/plugins/workday.py
[2024-08-02T14:30:02.242+0700] {processor.py:183} INFO - Processing /usr/local/lib/python3.10/dist-packages/airflow/example_dags/plugins/workday.py took 0.014 seconds
[2024-08-02T14:30:32.603+0700] {processor.py:161} INFO - Started process (PID=16468) to work on /usr/local/lib/python3.10/dist-packages/airflow/example_dags/plugins/workday.py
[2024-08-02T14:30:32.605+0700] {processor.py:830} INFO - Processing file /usr/local/lib/python3.10/dist-packages/airflow/example_dags/plugins/workday.py for tasks to queue
[2024-08-02T14:30:32.606+0700] {logging_mixin.py:188} INFO - [2024-08-02T14:30:32.606+0700] {dagbag.py:545} INFO - Filling up the DagBag from /usr/local/lib/python3.10/dist-packages/airflow/example_dags/plugins/workday.py
[2024-08-02T14:30:32.608+0700] {logging_mixin.py:188} INFO - [2024-08-02T14:30:32.608+0700] {workday.py:41} WARNING - Could not import pandas. Holidays will not be considered.
[2024-08-02T14:30:32.608+0700] {processor.py:842} WARNING - No viable dags retrieved from /usr/local/lib/python3.10/dist-packages/airflow/example_dags/plugins/workday.py
[2024-08-02T14:30:32.615+0700] {processor.py:183} INFO - Processing /usr/local/lib/python3.10/dist-packages/airflow/example_dags/plugins/workday.py took 0.016 seconds
[2024-08-02T14:31:03.524+0700] {processor.py:161} INFO - Started process (PID=16610) to work on /usr/local/lib/python3.10/dist-packages/airflow/example_dags/plugins/workday.py
[2024-08-02T14:31:03.526+0700] {processor.py:830} INFO - Processing file /usr/local/lib/python3.10/dist-packages/airflow/example_dags/plugins/workday.py for tasks to queue
[2024-08-02T14:31:03.527+0700] {logging_mixin.py:188} INFO - [2024-08-02T14:31:03.527+0700] {dagbag.py:545} INFO - Filling up the DagBag from /usr/local/lib/python3.10/dist-packages/airflow/example_dags/plugins/workday.py
[2024-08-02T14:31:03.529+0700] {logging_mixin.py:188} INFO - [2024-08-02T14:31:03.529+0700] {workday.py:41} WARNING - Could not import pandas. Holidays will not be considered.
[2024-08-02T14:31:03.529+0700] {processor.py:842} WARNING - No viable dags retrieved from /usr/local/lib/python3.10/dist-packages/airflow/example_dags/plugins/workday.py
[2024-08-02T14:31:03.536+0700] {processor.py:183} INFO - Processing /usr/local/lib/python3.10/dist-packages/airflow/example_dags/plugins/workday.py took 0.016 seconds
[2024-08-02T14:31:34.054+0700] {processor.py:161} INFO - Started process (PID=16742) to work on /usr/local/lib/python3.10/dist-packages/airflow/example_dags/plugins/workday.py
[2024-08-02T14:31:34.056+0700] {processor.py:830} INFO - Processing file /usr/local/lib/python3.10/dist-packages/airflow/example_dags/plugins/workday.py for tasks to queue
[2024-08-02T14:31:34.057+0700] {logging_mixin.py:188} INFO - [2024-08-02T14:31:34.057+0700] {dagbag.py:545} INFO - Filling up the DagBag from /usr/local/lib/python3.10/dist-packages/airflow/example_dags/plugins/workday.py
[2024-08-02T14:31:34.059+0700] {logging_mixin.py:188} INFO - [2024-08-02T14:31:34.059+0700] {workday.py:41} WARNING - Could not import pandas. Holidays will not be considered.
[2024-08-02T14:31:34.059+0700] {processor.py:842} WARNING - No viable dags retrieved from /usr/local/lib/python3.10/dist-packages/airflow/example_dags/plugins/workday.py
[2024-08-02T14:31:34.067+0700] {processor.py:183} INFO - Processing /usr/local/lib/python3.10/dist-packages/airflow/example_dags/plugins/workday.py took 0.018 seconds
[2024-08-02T14:32:04.624+0700] {processor.py:161} INFO - Started process (PID=16874) to work on /usr/local/lib/python3.10/dist-packages/airflow/example_dags/plugins/workday.py
[2024-08-02T14:32:04.624+0700] {processor.py:830} INFO - Processing file /usr/local/lib/python3.10/dist-packages/airflow/example_dags/plugins/workday.py for tasks to queue
[2024-08-02T14:32:04.625+0700] {logging_mixin.py:188} INFO - [2024-08-02T14:32:04.624+0700] {dagbag.py:545} INFO - Filling up the DagBag from /usr/local/lib/python3.10/dist-packages/airflow/example_dags/plugins/workday.py
[2024-08-02T14:32:04.626+0700] {logging_mixin.py:188} INFO - [2024-08-02T14:32:04.626+0700] {workday.py:41} WARNING - Could not import pandas. Holidays will not be considered.
[2024-08-02T14:32:04.627+0700] {processor.py:842} WARNING - No viable dags retrieved from /usr/local/lib/python3.10/dist-packages/airflow/example_dags/plugins/workday.py
[2024-08-02T14:32:04.634+0700] {processor.py:183} INFO - Processing /usr/local/lib/python3.10/dist-packages/airflow/example_dags/plugins/workday.py took 0.014 seconds
[2024-08-02T14:32:35.730+0700] {processor.py:161} INFO - Started process (PID=17064) to work on /usr/local/lib/python3.10/dist-packages/airflow/example_dags/plugins/workday.py
[2024-08-02T14:32:35.736+0700] {processor.py:830} INFO - Processing file /usr/local/lib/python3.10/dist-packages/airflow/example_dags/plugins/workday.py for tasks to queue
[2024-08-02T14:32:35.737+0700] {logging_mixin.py:188} INFO - [2024-08-02T14:32:35.736+0700] {dagbag.py:545} INFO - Filling up the DagBag from /usr/local/lib/python3.10/dist-packages/airflow/example_dags/plugins/workday.py
[2024-08-02T14:32:35.738+0700] {logging_mixin.py:188} INFO - [2024-08-02T14:32:35.738+0700] {workday.py:41} WARNING - Could not import pandas. Holidays will not be considered.
[2024-08-02T14:32:35.739+0700] {processor.py:842} WARNING - No viable dags retrieved from /usr/local/lib/python3.10/dist-packages/airflow/example_dags/plugins/workday.py
[2024-08-02T14:32:35.745+0700] {processor.py:183} INFO - Processing /usr/local/lib/python3.10/dist-packages/airflow/example_dags/plugins/workday.py took 0.019 seconds
[2024-08-02T14:33:06.509+0700] {processor.py:161} INFO - Started process (PID=17210) to work on /usr/local/lib/python3.10/dist-packages/airflow/example_dags/plugins/workday.py
[2024-08-02T14:33:06.510+0700] {processor.py:830} INFO - Processing file /usr/local/lib/python3.10/dist-packages/airflow/example_dags/plugins/workday.py for tasks to queue
[2024-08-02T14:33:06.510+0700] {logging_mixin.py:188} INFO - [2024-08-02T14:33:06.510+0700] {dagbag.py:545} INFO - Filling up the DagBag from /usr/local/lib/python3.10/dist-packages/airflow/example_dags/plugins/workday.py
[2024-08-02T14:33:06.512+0700] {logging_mixin.py:188} INFO - [2024-08-02T14:33:06.512+0700] {workday.py:41} WARNING - Could not import pandas. Holidays will not be considered.
[2024-08-02T14:33:06.512+0700] {processor.py:842} WARNING - No viable dags retrieved from /usr/local/lib/python3.10/dist-packages/airflow/example_dags/plugins/workday.py
[2024-08-02T14:33:06.519+0700] {processor.py:183} INFO - Processing /usr/local/lib/python3.10/dist-packages/airflow/example_dags/plugins/workday.py took 0.014 seconds
[2024-08-02T14:33:36.897+0700] {processor.py:161} INFO - Started process (PID=17342) to work on /usr/local/lib/python3.10/dist-packages/airflow/example_dags/plugins/workday.py
[2024-08-02T14:33:36.899+0700] {processor.py:830} INFO - Processing file /usr/local/lib/python3.10/dist-packages/airflow/example_dags/plugins/workday.py for tasks to queue
[2024-08-02T14:33:36.900+0700] {logging_mixin.py:188} INFO - [2024-08-02T14:33:36.900+0700] {dagbag.py:545} INFO - Filling up the DagBag from /usr/local/lib/python3.10/dist-packages/airflow/example_dags/plugins/workday.py
[2024-08-02T14:33:36.902+0700] {logging_mixin.py:188} INFO - [2024-08-02T14:33:36.902+0700] {workday.py:41} WARNING - Could not import pandas. Holidays will not be considered.
[2024-08-02T14:33:36.903+0700] {processor.py:842} WARNING - No viable dags retrieved from /usr/local/lib/python3.10/dist-packages/airflow/example_dags/plugins/workday.py
[2024-08-02T14:33:36.910+0700] {processor.py:183} INFO - Processing /usr/local/lib/python3.10/dist-packages/airflow/example_dags/plugins/workday.py took 0.017 seconds
[2024-08-02T14:34:07.341+0700] {processor.py:161} INFO - Started process (PID=17475) to work on /usr/local/lib/python3.10/dist-packages/airflow/example_dags/plugins/workday.py
[2024-08-02T14:34:07.344+0700] {processor.py:830} INFO - Processing file /usr/local/lib/python3.10/dist-packages/airflow/example_dags/plugins/workday.py for tasks to queue
[2024-08-02T14:34:07.344+0700] {logging_mixin.py:188} INFO - [2024-08-02T14:34:07.344+0700] {dagbag.py:545} INFO - Filling up the DagBag from /usr/local/lib/python3.10/dist-packages/airflow/example_dags/plugins/workday.py
[2024-08-02T14:34:07.346+0700] {logging_mixin.py:188} INFO - [2024-08-02T14:34:07.346+0700] {workday.py:41} WARNING - Could not import pandas. Holidays will not be considered.
[2024-08-02T14:34:07.347+0700] {processor.py:842} WARNING - No viable dags retrieved from /usr/local/lib/python3.10/dist-packages/airflow/example_dags/plugins/workday.py
[2024-08-02T14:34:07.353+0700] {processor.py:183} INFO - Processing /usr/local/lib/python3.10/dist-packages/airflow/example_dags/plugins/workday.py took 0.016 seconds
[2024-08-02T14:34:38.060+0700] {processor.py:161} INFO - Started process (PID=17608) to work on /usr/local/lib/python3.10/dist-packages/airflow/example_dags/plugins/workday.py
[2024-08-02T14:34:38.063+0700] {processor.py:830} INFO - Processing file /usr/local/lib/python3.10/dist-packages/airflow/example_dags/plugins/workday.py for tasks to queue
[2024-08-02T14:34:38.064+0700] {logging_mixin.py:188} INFO - [2024-08-02T14:34:38.063+0700] {dagbag.py:545} INFO - Filling up the DagBag from /usr/local/lib/python3.10/dist-packages/airflow/example_dags/plugins/workday.py
[2024-08-02T14:34:38.066+0700] {logging_mixin.py:188} INFO - [2024-08-02T14:34:38.065+0700] {workday.py:41} WARNING - Could not import pandas. Holidays will not be considered.
[2024-08-02T14:34:38.066+0700] {processor.py:842} WARNING - No viable dags retrieved from /usr/local/lib/python3.10/dist-packages/airflow/example_dags/plugins/workday.py
[2024-08-02T14:34:38.073+0700] {processor.py:183} INFO - Processing /usr/local/lib/python3.10/dist-packages/airflow/example_dags/plugins/workday.py took 0.016 seconds
[2024-08-02T14:35:08.181+0700] {processor.py:161} INFO - Started process (PID=17741) to work on /usr/local/lib/python3.10/dist-packages/airflow/example_dags/plugins/workday.py
[2024-08-02T14:35:08.183+0700] {processor.py:830} INFO - Processing file /usr/local/lib/python3.10/dist-packages/airflow/example_dags/plugins/workday.py for tasks to queue
[2024-08-02T14:35:08.184+0700] {logging_mixin.py:188} INFO - [2024-08-02T14:35:08.183+0700] {dagbag.py:545} INFO - Filling up the DagBag from /usr/local/lib/python3.10/dist-packages/airflow/example_dags/plugins/workday.py
[2024-08-02T14:35:08.185+0700] {logging_mixin.py:188} INFO - [2024-08-02T14:35:08.185+0700] {workday.py:41} WARNING - Could not import pandas. Holidays will not be considered.
[2024-08-02T14:35:08.186+0700] {processor.py:842} WARNING - No viable dags retrieved from /usr/local/lib/python3.10/dist-packages/airflow/example_dags/plugins/workday.py
[2024-08-02T14:35:08.193+0700] {processor.py:183} INFO - Processing /usr/local/lib/python3.10/dist-packages/airflow/example_dags/plugins/workday.py took 0.016 seconds
[2024-08-02T14:35:39.245+0700] {processor.py:161} INFO - Started process (PID=17876) to work on /usr/local/lib/python3.10/dist-packages/airflow/example_dags/plugins/workday.py
[2024-08-02T14:35:39.246+0700] {processor.py:830} INFO - Processing file /usr/local/lib/python3.10/dist-packages/airflow/example_dags/plugins/workday.py for tasks to queue
[2024-08-02T14:35:39.247+0700] {logging_mixin.py:188} INFO - [2024-08-02T14:35:39.246+0700] {dagbag.py:545} INFO - Filling up the DagBag from /usr/local/lib/python3.10/dist-packages/airflow/example_dags/plugins/workday.py
[2024-08-02T14:35:39.248+0700] {logging_mixin.py:188} INFO - [2024-08-02T14:35:39.248+0700] {workday.py:41} WARNING - Could not import pandas. Holidays will not be considered.
[2024-08-02T14:35:39.249+0700] {processor.py:842} WARNING - No viable dags retrieved from /usr/local/lib/python3.10/dist-packages/airflow/example_dags/plugins/workday.py
[2024-08-02T14:35:39.255+0700] {processor.py:183} INFO - Processing /usr/local/lib/python3.10/dist-packages/airflow/example_dags/plugins/workday.py took 0.014 seconds
[2024-08-02T14:36:09.653+0700] {processor.py:161} INFO - Started process (PID=18007) to work on /usr/local/lib/python3.10/dist-packages/airflow/example_dags/plugins/workday.py
[2024-08-02T14:36:09.653+0700] {processor.py:830} INFO - Processing file /usr/local/lib/python3.10/dist-packages/airflow/example_dags/plugins/workday.py for tasks to queue
[2024-08-02T14:36:09.655+0700] {logging_mixin.py:188} INFO - [2024-08-02T14:36:09.655+0700] {dagbag.py:545} INFO - Filling up the DagBag from /usr/local/lib/python3.10/dist-packages/airflow/example_dags/plugins/workday.py
[2024-08-02T14:36:09.657+0700] {logging_mixin.py:188} INFO - [2024-08-02T14:36:09.657+0700] {workday.py:41} WARNING - Could not import pandas. Holidays will not be considered.
[2024-08-02T14:36:09.658+0700] {processor.py:842} WARNING - No viable dags retrieved from /usr/local/lib/python3.10/dist-packages/airflow/example_dags/plugins/workday.py
[2024-08-02T14:36:09.664+0700] {processor.py:183} INFO - Processing /usr/local/lib/python3.10/dist-packages/airflow/example_dags/plugins/workday.py took 0.016 seconds
[2024-08-02T14:36:39.998+0700] {processor.py:161} INFO - Started process (PID=18165) to work on /usr/local/lib/python3.10/dist-packages/airflow/example_dags/plugins/workday.py
[2024-08-02T14:36:40.000+0700] {processor.py:830} INFO - Processing file /usr/local/lib/python3.10/dist-packages/airflow/example_dags/plugins/workday.py for tasks to queue
[2024-08-02T14:36:40.001+0700] {logging_mixin.py:188} INFO - [2024-08-02T14:36:40.001+0700] {dagbag.py:545} INFO - Filling up the DagBag from /usr/local/lib/python3.10/dist-packages/airflow/example_dags/plugins/workday.py
[2024-08-02T14:36:40.003+0700] {logging_mixin.py:188} INFO - [2024-08-02T14:36:40.003+0700] {workday.py:41} WARNING - Could not import pandas. Holidays will not be considered.
[2024-08-02T14:36:40.003+0700] {processor.py:842} WARNING - No viable dags retrieved from /usr/local/lib/python3.10/dist-packages/airflow/example_dags/plugins/workday.py
[2024-08-02T14:36:40.011+0700] {processor.py:183} INFO - Processing /usr/local/lib/python3.10/dist-packages/airflow/example_dags/plugins/workday.py took 0.018 seconds
[2024-08-02T14:37:10.426+0700] {processor.py:161} INFO - Started process (PID=18296) to work on /usr/local/lib/python3.10/dist-packages/airflow/example_dags/plugins/workday.py
[2024-08-02T14:37:10.429+0700] {processor.py:830} INFO - Processing file /usr/local/lib/python3.10/dist-packages/airflow/example_dags/plugins/workday.py for tasks to queue
[2024-08-02T14:37:10.429+0700] {logging_mixin.py:188} INFO - [2024-08-02T14:37:10.429+0700] {dagbag.py:545} INFO - Filling up the DagBag from /usr/local/lib/python3.10/dist-packages/airflow/example_dags/plugins/workday.py
[2024-08-02T14:37:10.431+0700] {logging_mixin.py:188} INFO - [2024-08-02T14:37:10.431+0700] {workday.py:41} WARNING - Could not import pandas. Holidays will not be considered.
[2024-08-02T14:37:10.431+0700] {processor.py:842} WARNING - No viable dags retrieved from /usr/local/lib/python3.10/dist-packages/airflow/example_dags/plugins/workday.py
[2024-08-02T14:37:10.439+0700] {processor.py:183} INFO - Processing /usr/local/lib/python3.10/dist-packages/airflow/example_dags/plugins/workday.py took 0.017 seconds
[2024-08-02T14:37:40.855+0700] {processor.py:161} INFO - Started process (PID=18430) to work on /usr/local/lib/python3.10/dist-packages/airflow/example_dags/plugins/workday.py
[2024-08-02T14:37:40.858+0700] {processor.py:830} INFO - Processing file /usr/local/lib/python3.10/dist-packages/airflow/example_dags/plugins/workday.py for tasks to queue
[2024-08-02T14:37:40.858+0700] {logging_mixin.py:188} INFO - [2024-08-02T14:37:40.858+0700] {dagbag.py:545} INFO - Filling up the DagBag from /usr/local/lib/python3.10/dist-packages/airflow/example_dags/plugins/workday.py
[2024-08-02T14:37:40.860+0700] {logging_mixin.py:188} INFO - [2024-08-02T14:37:40.860+0700] {workday.py:41} WARNING - Could not import pandas. Holidays will not be considered.
[2024-08-02T14:37:40.860+0700] {processor.py:842} WARNING - No viable dags retrieved from /usr/local/lib/python3.10/dist-packages/airflow/example_dags/plugins/workday.py
[2024-08-02T14:37:40.867+0700] {processor.py:183} INFO - Processing /usr/local/lib/python3.10/dist-packages/airflow/example_dags/plugins/workday.py took 0.017 seconds
[2024-08-02T14:38:11.273+0700] {processor.py:161} INFO - Started process (PID=18561) to work on /usr/local/lib/python3.10/dist-packages/airflow/example_dags/plugins/workday.py
[2024-08-02T14:38:11.279+0700] {processor.py:830} INFO - Processing file /usr/local/lib/python3.10/dist-packages/airflow/example_dags/plugins/workday.py for tasks to queue
[2024-08-02T14:38:11.280+0700] {logging_mixin.py:188} INFO - [2024-08-02T14:38:11.279+0700] {dagbag.py:545} INFO - Filling up the DagBag from /usr/local/lib/python3.10/dist-packages/airflow/example_dags/plugins/workday.py
[2024-08-02T14:38:11.281+0700] {logging_mixin.py:188} INFO - [2024-08-02T14:38:11.281+0700] {workday.py:41} WARNING - Could not import pandas. Holidays will not be considered.
[2024-08-02T14:38:11.281+0700] {processor.py:842} WARNING - No viable dags retrieved from /usr/local/lib/python3.10/dist-packages/airflow/example_dags/plugins/workday.py
[2024-08-02T14:38:11.288+0700] {processor.py:183} INFO - Processing /usr/local/lib/python3.10/dist-packages/airflow/example_dags/plugins/workday.py took 0.019 seconds
[2024-08-02T14:38:41.589+0700] {processor.py:161} INFO - Started process (PID=18694) to work on /usr/local/lib/python3.10/dist-packages/airflow/example_dags/plugins/workday.py
[2024-08-02T14:38:41.591+0700] {processor.py:830} INFO - Processing file /usr/local/lib/python3.10/dist-packages/airflow/example_dags/plugins/workday.py for tasks to queue
[2024-08-02T14:38:41.592+0700] {logging_mixin.py:188} INFO - [2024-08-02T14:38:41.591+0700] {dagbag.py:545} INFO - Filling up the DagBag from /usr/local/lib/python3.10/dist-packages/airflow/example_dags/plugins/workday.py
[2024-08-02T14:38:41.594+0700] {logging_mixin.py:188} INFO - [2024-08-02T14:38:41.594+0700] {workday.py:41} WARNING - Could not import pandas. Holidays will not be considered.
[2024-08-02T14:38:41.594+0700] {processor.py:842} WARNING - No viable dags retrieved from /usr/local/lib/python3.10/dist-packages/airflow/example_dags/plugins/workday.py
[2024-08-02T14:38:41.601+0700] {processor.py:183} INFO - Processing /usr/local/lib/python3.10/dist-packages/airflow/example_dags/plugins/workday.py took 0.016 seconds
[2024-08-02T14:39:11.918+0700] {processor.py:161} INFO - Started process (PID=18854) to work on /usr/local/lib/python3.10/dist-packages/airflow/example_dags/plugins/workday.py
[2024-08-02T14:39:11.920+0700] {processor.py:830} INFO - Processing file /usr/local/lib/python3.10/dist-packages/airflow/example_dags/plugins/workday.py for tasks to queue
[2024-08-02T14:39:11.923+0700] {logging_mixin.py:188} INFO - [2024-08-02T14:39:11.922+0700] {dagbag.py:545} INFO - Filling up the DagBag from /usr/local/lib/python3.10/dist-packages/airflow/example_dags/plugins/workday.py
[2024-08-02T14:39:11.928+0700] {logging_mixin.py:188} INFO - [2024-08-02T14:39:11.928+0700] {workday.py:41} WARNING - Could not import pandas. Holidays will not be considered.
[2024-08-02T14:39:11.929+0700] {processor.py:842} WARNING - No viable dags retrieved from /usr/local/lib/python3.10/dist-packages/airflow/example_dags/plugins/workday.py
[2024-08-02T14:39:11.967+0700] {processor.py:183} INFO - Processing /usr/local/lib/python3.10/dist-packages/airflow/example_dags/plugins/workday.py took 0.061 seconds
[2024-08-02T14:43:34.780+0700] {processor.py:161} INFO - Started process (PID=19697) to work on /usr/local/lib/python3.10/dist-packages/airflow/example_dags/plugins/workday.py
[2024-08-02T14:43:34.787+0700] {processor.py:830} INFO - Processing file /usr/local/lib/python3.10/dist-packages/airflow/example_dags/plugins/workday.py for tasks to queue
[2024-08-02T14:43:34.790+0700] {logging_mixin.py:188} INFO - [2024-08-02T14:43:34.789+0700] {dagbag.py:545} INFO - Filling up the DagBag from /usr/local/lib/python3.10/dist-packages/airflow/example_dags/plugins/workday.py
[2024-08-02T14:43:34.824+0700] {logging_mixin.py:188} INFO - [2024-08-02T14:43:34.823+0700] {workday.py:41} WARNING - Could not import pandas. Holidays will not be considered.
[2024-08-02T14:43:34.843+0700] {processor.py:842} WARNING - No viable dags retrieved from /usr/local/lib/python3.10/dist-packages/airflow/example_dags/plugins/workday.py
[2024-08-02T14:43:34.904+0700] {processor.py:183} INFO - Processing /usr/local/lib/python3.10/dist-packages/airflow/example_dags/plugins/workday.py took 0.143 seconds
[2024-08-02T14:54:45.694+0700] {processor.py:161} INFO - Started process (PID=23330) to work on /usr/local/lib/python3.10/dist-packages/airflow/example_dags/plugins/workday.py
[2024-08-02T14:54:45.696+0700] {processor.py:830} INFO - Processing file /usr/local/lib/python3.10/dist-packages/airflow/example_dags/plugins/workday.py for tasks to queue
[2024-08-02T14:54:45.697+0700] {logging_mixin.py:188} INFO - [2024-08-02T14:54:45.697+0700] {dagbag.py:545} INFO - Filling up the DagBag from /usr/local/lib/python3.10/dist-packages/airflow/example_dags/plugins/workday.py
[2024-08-02T14:54:45.699+0700] {logging_mixin.py:188} INFO - [2024-08-02T14:54:45.699+0700] {workday.py:41} WARNING - Could not import pandas. Holidays will not be considered.
[2024-08-02T14:54:45.699+0700] {processor.py:842} WARNING - No viable dags retrieved from /usr/local/lib/python3.10/dist-packages/airflow/example_dags/plugins/workday.py
[2024-08-02T14:54:45.706+0700] {processor.py:183} INFO - Processing /usr/local/lib/python3.10/dist-packages/airflow/example_dags/plugins/workday.py took 0.016 seconds
[2024-08-02T14:55:16.747+0700] {processor.py:161} INFO - Started process (PID=23474) to work on /usr/local/lib/python3.10/dist-packages/airflow/example_dags/plugins/workday.py
[2024-08-02T14:55:16.749+0700] {processor.py:830} INFO - Processing file /usr/local/lib/python3.10/dist-packages/airflow/example_dags/plugins/workday.py for tasks to queue
[2024-08-02T14:55:16.750+0700] {logging_mixin.py:188} INFO - [2024-08-02T14:55:16.750+0700] {dagbag.py:545} INFO - Filling up the DagBag from /usr/local/lib/python3.10/dist-packages/airflow/example_dags/plugins/workday.py
[2024-08-02T14:55:16.752+0700] {logging_mixin.py:188} INFO - [2024-08-02T14:55:16.752+0700] {workday.py:41} WARNING - Could not import pandas. Holidays will not be considered.
[2024-08-02T14:55:16.752+0700] {processor.py:842} WARNING - No viable dags retrieved from /usr/local/lib/python3.10/dist-packages/airflow/example_dags/plugins/workday.py
[2024-08-02T14:55:16.759+0700] {processor.py:183} INFO - Processing /usr/local/lib/python3.10/dist-packages/airflow/example_dags/plugins/workday.py took 0.016 seconds
[2024-08-02T22:05:25.633+0700] {processor.py:161} INFO - Started process (PID=2430) to work on /usr/local/lib/python3.10/dist-packages/airflow/example_dags/plugins/workday.py
[2024-08-02T22:05:25.635+0700] {processor.py:830} INFO - Processing file /usr/local/lib/python3.10/dist-packages/airflow/example_dags/plugins/workday.py for tasks to queue
[2024-08-02T22:05:25.637+0700] {logging_mixin.py:188} INFO - [2024-08-02T22:05:25.637+0700] {dagbag.py:545} INFO - Filling up the DagBag from /usr/local/lib/python3.10/dist-packages/airflow/example_dags/plugins/workday.py
[2024-08-02T22:05:25.640+0700] {logging_mixin.py:188} INFO - [2024-08-02T22:05:25.640+0700] {workday.py:41} WARNING - Could not import pandas. Holidays will not be considered.
[2024-08-02T22:05:25.640+0700] {processor.py:842} WARNING - No viable dags retrieved from /usr/local/lib/python3.10/dist-packages/airflow/example_dags/plugins/workday.py
[2024-08-02T22:05:25.651+0700] {processor.py:183} INFO - Processing /usr/local/lib/python3.10/dist-packages/airflow/example_dags/plugins/workday.py took 0.022 seconds
[2024-08-02T22:52:03.845+0700] {processor.py:161} INFO - Started process (PID=1474) to work on /usr/local/lib/python3.10/dist-packages/airflow/example_dags/plugins/workday.py
[2024-08-02T22:52:03.849+0700] {processor.py:830} INFO - Processing file /usr/local/lib/python3.10/dist-packages/airflow/example_dags/plugins/workday.py for tasks to queue
[2024-08-02T22:52:03.851+0700] {logging_mixin.py:188} INFO - [2024-08-02T22:52:03.850+0700] {dagbag.py:545} INFO - Filling up the DagBag from /usr/local/lib/python3.10/dist-packages/airflow/example_dags/plugins/workday.py
[2024-08-02T22:52:03.854+0700] {logging_mixin.py:188} INFO - [2024-08-02T22:52:03.853+0700] {workday.py:41} WARNING - Could not import pandas. Holidays will not be considered.
[2024-08-02T22:52:03.854+0700] {processor.py:842} WARNING - No viable dags retrieved from /usr/local/lib/python3.10/dist-packages/airflow/example_dags/plugins/workday.py
[2024-08-02T22:52:03.861+0700] {processor.py:183} INFO - Processing /usr/local/lib/python3.10/dist-packages/airflow/example_dags/plugins/workday.py took 0.022 seconds
[2024-08-02T22:52:34.371+0700] {processor.py:161} INFO - Started process (PID=1606) to work on /usr/local/lib/python3.10/dist-packages/airflow/example_dags/plugins/workday.py
[2024-08-02T22:52:34.372+0700] {processor.py:830} INFO - Processing file /usr/local/lib/python3.10/dist-packages/airflow/example_dags/plugins/workday.py for tasks to queue
[2024-08-02T22:52:34.373+0700] {logging_mixin.py:188} INFO - [2024-08-02T22:52:34.373+0700] {dagbag.py:545} INFO - Filling up the DagBag from /usr/local/lib/python3.10/dist-packages/airflow/example_dags/plugins/workday.py
[2024-08-02T22:52:34.375+0700] {logging_mixin.py:188} INFO - [2024-08-02T22:52:34.375+0700] {workday.py:41} WARNING - Could not import pandas. Holidays will not be considered.
[2024-08-02T22:52:34.375+0700] {processor.py:842} WARNING - No viable dags retrieved from /usr/local/lib/python3.10/dist-packages/airflow/example_dags/plugins/workday.py
[2024-08-02T22:52:34.382+0700] {processor.py:183} INFO - Processing /usr/local/lib/python3.10/dist-packages/airflow/example_dags/plugins/workday.py took 0.015 seconds
[2024-08-02T22:53:04.916+0700] {processor.py:161} INFO - Started process (PID=1745) to work on /usr/local/lib/python3.10/dist-packages/airflow/example_dags/plugins/workday.py
[2024-08-02T22:53:04.917+0700] {processor.py:830} INFO - Processing file /usr/local/lib/python3.10/dist-packages/airflow/example_dags/plugins/workday.py for tasks to queue
[2024-08-02T22:53:04.918+0700] {logging_mixin.py:188} INFO - [2024-08-02T22:53:04.918+0700] {dagbag.py:545} INFO - Filling up the DagBag from /usr/local/lib/python3.10/dist-packages/airflow/example_dags/plugins/workday.py
[2024-08-02T22:53:04.921+0700] {logging_mixin.py:188} INFO - [2024-08-02T22:53:04.921+0700] {workday.py:41} WARNING - Could not import pandas. Holidays will not be considered.
[2024-08-02T22:53:04.921+0700] {processor.py:842} WARNING - No viable dags retrieved from /usr/local/lib/python3.10/dist-packages/airflow/example_dags/plugins/workday.py
[2024-08-02T22:53:04.933+0700] {processor.py:183} INFO - Processing /usr/local/lib/python3.10/dist-packages/airflow/example_dags/plugins/workday.py took 0.021 seconds
[2024-08-02T22:53:35.189+0700] {processor.py:161} INFO - Started process (PID=1879) to work on /usr/local/lib/python3.10/dist-packages/airflow/example_dags/plugins/workday.py
[2024-08-02T22:53:35.190+0700] {processor.py:830} INFO - Processing file /usr/local/lib/python3.10/dist-packages/airflow/example_dags/plugins/workday.py for tasks to queue
[2024-08-02T22:53:35.191+0700] {logging_mixin.py:188} INFO - [2024-08-02T22:53:35.191+0700] {dagbag.py:545} INFO - Filling up the DagBag from /usr/local/lib/python3.10/dist-packages/airflow/example_dags/plugins/workday.py
[2024-08-02T22:53:35.192+0700] {logging_mixin.py:188} INFO - [2024-08-02T22:53:35.192+0700] {workday.py:41} WARNING - Could not import pandas. Holidays will not be considered.
[2024-08-02T22:53:35.193+0700] {processor.py:842} WARNING - No viable dags retrieved from /usr/local/lib/python3.10/dist-packages/airflow/example_dags/plugins/workday.py
[2024-08-02T22:53:35.199+0700] {processor.py:183} INFO - Processing /usr/local/lib/python3.10/dist-packages/airflow/example_dags/plugins/workday.py took 0.014 seconds
[2024-08-02T22:54:05.860+0700] {processor.py:161} INFO - Started process (PID=2018) to work on /usr/local/lib/python3.10/dist-packages/airflow/example_dags/plugins/workday.py
[2024-08-02T22:54:05.860+0700] {processor.py:830} INFO - Processing file /usr/local/lib/python3.10/dist-packages/airflow/example_dags/plugins/workday.py for tasks to queue
[2024-08-02T22:54:05.862+0700] {logging_mixin.py:188} INFO - [2024-08-02T22:54:05.862+0700] {dagbag.py:545} INFO - Filling up the DagBag from /usr/local/lib/python3.10/dist-packages/airflow/example_dags/plugins/workday.py
[2024-08-02T22:54:05.864+0700] {logging_mixin.py:188} INFO - [2024-08-02T22:54:05.864+0700] {workday.py:41} WARNING - Could not import pandas. Holidays will not be considered.
[2024-08-02T22:54:05.864+0700] {processor.py:842} WARNING - No viable dags retrieved from /usr/local/lib/python3.10/dist-packages/airflow/example_dags/plugins/workday.py
[2024-08-02T22:54:05.873+0700] {processor.py:183} INFO - Processing /usr/local/lib/python3.10/dist-packages/airflow/example_dags/plugins/workday.py took 0.018 seconds
                                                                                                                                                                                                                                                                                                                                                                                                                                                                                                                                                                                                                                                                                                                                                                                                                                                                                                                                                                                                                                                                                                                          