[2024-08-03T11:26:19.320+0700] {local_task_job_runner.py:120} INFO - ::group::Pre task execution logs
[2024-08-03T11:26:19.334+0700] {taskinstance.py:2076} INFO - Dependencies all met for dep_context=non-requeueable deps ti=<TaskInstance: list_postgres_s3.offload_to_s3_dim_products manual__2024-08-03T04:26:01.070053+00:00 [queued]>
[2024-08-03T11:26:19.341+0700] {taskinstance.py:2076} INFO - Dependencies all met for dep_context=requeueable deps ti=<TaskInstance: list_postgres_s3.offload_to_s3_dim_products manual__2024-08-03T04:26:01.070053+00:00 [queued]>
[2024-08-03T11:26:19.342+0700] {taskinstance.py:2306} INFO - Starting attempt 1 of 1
[2024-08-03T11:26:19.374+0700] {taskinstance.py:2330} INFO - Executing <Task(BashOperator): offload_to_s3_dim_products> on 2024-08-03 04:26:01.070053+00:00
[2024-08-03T11:26:19.378+0700] {standard_task_runner.py:64} INFO - Started process 30726 to run task
[2024-08-03T11:26:19.382+0700] {standard_task_runner.py:90} INFO - Running: ['airflow', 'tasks', 'run', 'list_postgres_s3', 'offload_to_s3_dim_products', 'manual__2024-08-03T04:26:01.070053+00:00', '--job-id', '218', '--raw', '--subdir', 'DAGS_FOLDER/list_postgres_s3.py', '--cfg-path', '/tmp/tmp64i4jn95']
[2024-08-03T11:26:19.383+0700] {standard_task_runner.py:91} INFO - Job 218: Subtask offload_to_s3_dim_products
[2024-08-03T11:26:19.429+0700] {task_command.py:426} INFO - Running <TaskInstance: list_postgres_s3.offload_to_s3_dim_products manual__2024-08-03T04:26:01.070053+00:00 [running]> on host DESKTOP-RHVHV7A.
[2024-08-03T11:26:19.506+0700] {taskinstance.py:2648} INFO - Exporting env vars: AIRFLOW_CTX_DAG_OWNER='airflow' AIRFLOW_CTX_DAG_ID='list_postgres_s3' AIRFLOW_CTX_TASK_ID='offload_to_s3_dim_products' AIRFLOW_CTX_EXECUTION_DATE='2024-08-03T04:26:01.070053+00:00' AIRFLOW_CTX_TRY_NUMBER='1' AIRFLOW_CTX_DAG_RUN_ID='manual__2024-08-03T04:26:01.070053+00:00'
[2024-08-03T11:26:19.507+0700] {taskinstance.py:430} INFO - ::endgroup::
[2024-08-03T11:26:19.518+0700] {subprocess.py:63} INFO - Tmp dir root location: /tmp
[2024-08-03T11:26:19.520+0700] {subprocess.py:75} INFO - Running command: ['/usr/bin/bash', '-c', 'aws s3 cp "/mnt/f/AllCode/Data Engineer/dim_products.csv" s3://quannm-07252024-demo/supermarket-data//dim_products.csv']
[2024-08-03T11:26:19.527+0700] {subprocess.py:86} INFO - Output:
[2024-08-03T11:26:22.948+0700] {subprocess.py:93} INFO - Completed 256.0 KiB/2.1 MiB (134.9 KiB/s) with 1 file(s) remainingCompleted 512.0 KiB/2.1 MiB (250.2 KiB/s) with 1 file(s) remainingCompleted 768.0 KiB/2.1 MiB (372.4 KiB/s) with 1 file(s) remainingCompleted 1.0 MiB/2.1 MiB (465.4 KiB/s) with 1 file(s) remaining  Completed 1.2 MiB/2.1 MiB (579.5 KiB/s) with 1 file(s) remaining  Completed 1.5 MiB/2.1 MiB (693.0 KiB/s) with 1 file(s) remaining  Completed 1.8 MiB/2.1 MiB (760.5 KiB/s) with 1 file(s) remaining  Completed 2.0 MiB/2.1 MiB (865.8 KiB/s) with 1 file(s) remaining  Completed 2.1 MiB/2.1 MiB (808.7 KiB/s) with 1 file(s) remaining  upload: ../../mnt/f/AllCode/Data Engineer/dim_products.csv to s3://quannm-07252024-demo/supermarket-data//dim_products.csv
[2024-08-03T11:26:23.118+0700] {subprocess.py:97} INFO - Command exited with return code 0
[2024-08-03T11:26:23.119+0700] {taskinstance.py:441} INFO - ::group::Post task execution logs
[2024-08-03T11:26:23.145+0700] {taskinstance.py:1206} INFO - Marking task as SUCCESS. dag_id=list_postgres_s3, task_id=offload_to_s3_dim_products, run_id=manual__2024-08-03T04:26:01.070053+00:00, execution_date=20240803T042601, start_date=20240803T042619, end_date=20240803T042623
[2024-08-03T11:26:23.181+0700] {local_task_job_runner.py:243} INFO - Task exited with return code 0
[2024-08-03T11:26:23.195+0700] {taskinstance.py:3503} INFO - 0 downstream tasks scheduled from follow-on schedule check
[2024-08-03T11:26:23.196+0700] {local_task_job_runner.py:222} INFO - ::endgroup::
