[2024-07-27T22:36:18.503+0700] {local_task_job_runner.py:120} INFO - ::group::Pre task execution logs
[2024-07-27T22:36:18.521+0700] {taskinstance.py:2076} INFO - Dependencies all met for dep_context=non-requeueable deps ti=<TaskInstance: example_postgres_dag.create_table manual__2024-07-27T15:34:44.461787+00:00 [queued]>
[2024-07-27T22:36:18.529+0700] {taskinstance.py:2076} INFO - Dependencies all met for dep_context=requeueable deps ti=<TaskInstance: example_postgres_dag.create_table manual__2024-07-27T15:34:44.461787+00:00 [queued]>
[2024-07-27T22:36:18.530+0700] {taskinstance.py:2306} INFO - Starting attempt 1 of 1
[2024-07-27T22:36:18.553+0700] {taskinstance.py:2330} INFO - Executing <Task(PostgresOperator): create_table> on 2024-07-27 15:34:44.461787+00:00
[2024-07-27T22:36:18.557+0700] {standard_task_runner.py:64} INFO - Started process 39626 to run task
[2024-07-27T22:36:18.561+0700] {standard_task_runner.py:90} INFO - Running: ['airflow', 'tasks', 'run', 'example_postgres_dag', 'create_table', 'manual__2024-07-27T15:34:44.461787+00:00', '--job-id', '13', '--raw', '--subdir', 'DAGS_FOLDER/example_postgres_dag.py.py', '--cfg-path', '/tmp/tmpympspqyr']
[2024-07-27T22:36:18.563+0700] {standard_task_runner.py:91} INFO - Job 13: Subtask create_table
[2024-07-27T22:36:18.605+0700] {task_command.py:426} INFO - Running <TaskInstance: example_postgres_dag.create_table manual__2024-07-27T15:34:44.461787+00:00 [running]> on host DESKTOP-RHVHV7A.
[2024-07-27T22:36:18.689+0700] {taskinstance.py:2648} INFO - Exporting env vars: AIRFLOW_CTX_DAG_OWNER='airflow' AIRFLOW_CTX_DAG_ID='example_postgres_dag' AIRFLOW_CTX_TASK_ID='create_table' AIRFLOW_CTX_EXECUTION_DATE='2024-07-27T15:34:44.461787+00:00' AIRFLOW_CTX_TRY_NUMBER='1' AIRFLOW_CTX_DAG_RUN_ID='manual__2024-07-27T15:34:44.461787+00:00'
[2024-07-27T22:36:18.689+0700] {taskinstance.py:430} INFO - ::endgroup::
[2024-07-27T22:36:18.706+0700] {sql.py:282} INFO - Executing: 
    CREATE TABLE IF NOT EXISTS example_table (
        id SERIAL PRIMARY KEY,
        name VARCHAR(50) NOT NULL,
        created_at TIMESTAMP DEFAULT CURRENT_TIMESTAMP
    );
    
[2024-07-27T22:36:18.714+0700] {base.py:84} INFO - Using connection ID 'postgres_supermarket' for task execution.
[2024-07-27T22:36:18.752+0700] {base.py:84} INFO - Using connection ID 'postgres_supermarket' for task execution.
[2024-07-27T22:36:18.800+0700] {sql.py:495} INFO - Running statement: 
    CREATE TABLE IF NOT EXISTS example_table (
        id SERIAL PRIMARY KEY,
        name VARCHAR(50) NOT NULL,
        created_at TIMESTAMP DEFAULT CURRENT_TIMESTAMP
    );
    , parameters: None
[2024-07-27T22:36:18.842+0700] {taskinstance.py:441} INFO - ::group::Post task execution logs
[2024-07-27T22:36:18.849+0700] {taskinstance.py:1206} INFO - Marking task as SUCCESS. dag_id=example_postgres_dag, task_id=create_table, run_id=manual__2024-07-27T15:34:44.461787+00:00, execution_date=20240727T153444, start_date=20240727T153618, end_date=20240727T153618
[2024-07-27T22:36:18.896+0700] {local_task_job_runner.py:243} INFO - Task exited with return code 0
[2024-07-27T22:36:18.904+0700] {logging_mixin.py:188} WARNING - /usr/local/lib/python3.10/dist-packages/airflow/models/baseoperator.py:1297 AirflowProviderDeprecationWarning: Call to deprecated class PostgresOperator. (Please use `airflow.providers.common.sql.operators.sql.SQLExecuteQueryOperator`.Also, you can provide `hook_params={'schema': <database>}`.)
[2024-07-27T22:36:18.917+0700] {taskinstance.py:3503} INFO - 1 downstream tasks scheduled from follow-on schedule check
[2024-07-27T22:36:18.931+0700] {local_task_job_runner.py:222} INFO - ::endgroup::
