[2024-08-03T10:58:41.356+0700] {local_task_job_runner.py:120} INFO - ::group::Pre task execution logs
[2024-08-03T10:58:41.366+0700] {taskinstance.py:2076} INFO - Dependencies all met for dep_context=non-requeueable deps ti=<TaskInstance: data_pipeline_supermarket_2.connect_supermarket_schema manual__2024-08-03T03:55:46.320694+00:00 [queued]>
[2024-08-03T10:58:41.372+0700] {taskinstance.py:2076} INFO - Dependencies all met for dep_context=requeueable deps ti=<TaskInstance: data_pipeline_supermarket_2.connect_supermarket_schema manual__2024-08-03T03:55:46.320694+00:00 [queued]>
[2024-08-03T10:58:41.372+0700] {taskinstance.py:2306} INFO - Starting attempt 1 of 2
[2024-08-03T10:58:41.397+0700] {taskinstance.py:2330} INFO - Executing <Task(PostgresOperator): connect_supermarket_schema> on 2024-08-03 03:55:46.320694+00:00
[2024-08-03T10:58:41.400+0700] {standard_task_runner.py:64} INFO - Started process 23239 to run task
[2024-08-03T10:58:41.403+0700] {standard_task_runner.py:90} INFO - Running: ['airflow', 'tasks', 'run', 'data_pipeline_supermarket_2', 'connect_supermarket_schema', 'manual__2024-08-03T03:55:46.320694+00:00', '--job-id', '186', '--raw', '--subdir', 'DAGS_FOLDER/data_pipeline_supermarket_2.py', '--cfg-path', '/tmp/tmp8dygh489']
[2024-08-03T10:58:41.404+0700] {standard_task_runner.py:91} INFO - Job 186: Subtask connect_supermarket_schema
[2024-08-03T10:58:41.441+0700] {task_command.py:426} INFO - Running <TaskInstance: data_pipeline_supermarket_2.connect_supermarket_schema manual__2024-08-03T03:55:46.320694+00:00 [running]> on host DESKTOP-RHVHV7A.
[2024-08-03T10:58:41.523+0700] {taskinstance.py:2648} INFO - Exporting env vars: AIRFLOW_CTX_DAG_OWNER='airflow' AIRFLOW_CTX_DAG_ID='data_pipeline_supermarket_2' AIRFLOW_CTX_TASK_ID='connect_supermarket_schema' AIRFLOW_CTX_EXECUTION_DATE='2024-08-03T03:55:46.320694+00:00' AIRFLOW_CTX_TRY_NUMBER='1' AIRFLOW_CTX_DAG_RUN_ID='manual__2024-08-03T03:55:46.320694+00:00'
[2024-08-03T10:58:41.524+0700] {taskinstance.py:430} INFO - ::endgroup::
[2024-08-03T10:58:41.533+0700] {sql.py:282} INFO - Executing: 
    SET search_path TO supermarket;
    
[2024-08-03T10:58:41.537+0700] {base.py:84} INFO - Using connection ID 'postgres_supermarket' for task execution.
[2024-08-03T10:58:41.603+0700] {base.py:84} INFO - Using connection ID 'postgres_supermarket' for task execution.
[2024-08-03T10:58:41.634+0700] {sql.py:495} INFO - Running statement: 
    SET search_path TO supermarket;
    , parameters: None
[2024-08-03T10:58:41.636+0700] {taskinstance.py:441} INFO - ::group::Post task execution logs
[2024-08-03T10:58:41.640+0700] {taskinstance.py:1206} INFO - Marking task as SUCCESS. dag_id=data_pipeline_supermarket_2, task_id=connect_supermarket_schema, run_id=manual__2024-08-03T03:55:46.320694+00:00, execution_date=20240803T035546, start_date=20240803T035841, end_date=20240803T035841
[2024-08-03T10:58:41.696+0700] {local_task_job_runner.py:243} INFO - Task exited with return code 0
[2024-08-03T10:58:41.704+0700] {logging_mixin.py:188} WARNING - /usr/local/lib/python3.10/dist-packages/airflow/models/baseoperator.py:1297 AirflowProviderDeprecationWarning: Call to deprecated class PostgresOperator. (Please use `airflow.providers.common.sql.operators.sql.SQLExecuteQueryOperator`.Also, you can provide `hook_params={'schema': <database>}`.)
[2024-08-03T10:58:41.716+0700] {taskinstance.py:3503} INFO - 4 downstream tasks scheduled from follow-on schedule check
[2024-08-03T10:58:41.732+0700] {local_task_job_runner.py:222} INFO - ::endgroup::
