[2024-08-03T11:26:24.908+0700] {local_task_job_runner.py:120} INFO - ::group::Pre task execution logs
[2024-08-03T11:26:24.923+0700] {taskinstance.py:2076} INFO - Dependencies all met for dep_context=non-requeueable deps ti=<TaskInstance: list_postgres_s3.offload_to_s3_dim_departments manual__2024-08-03T04:26:01.070053+00:00 [queued]>
[2024-08-03T11:26:24.931+0700] {taskinstance.py:2076} INFO - Dependencies all met for dep_context=requeueable deps ti=<TaskInstance: list_postgres_s3.offload_to_s3_dim_departments manual__2024-08-03T04:26:01.070053+00:00 [queued]>
[2024-08-03T11:26:24.931+0700] {taskinstance.py:2306} INFO - Starting attempt 1 of 1
[2024-08-03T11:26:24.958+0700] {taskinstance.py:2330} INFO - Executing <Task(BashOperator): offload_to_s3_dim_departments> on 2024-08-03 04:26:01.070053+00:00
[2024-08-03T11:26:24.960+0700] {standard_task_runner.py:64} INFO - Started process 30758 to run task
[2024-08-03T11:26:24.963+0700] {standard_task_runner.py:90} INFO - Running: ['airflow', 'tasks', 'run', 'list_postgres_s3', 'offload_to_s3_dim_departments', 'manual__2024-08-03T04:26:01.070053+00:00', '--job-id', '219', '--raw', '--subdir', 'DAGS_FOLDER/list_postgres_s3.py', '--cfg-path', '/tmp/tmpe6zzm2kd']
[2024-08-03T11:26:24.964+0700] {standard_task_runner.py:91} INFO - Job 219: Subtask offload_to_s3_dim_departments
[2024-08-03T11:26:25.002+0700] {task_command.py:426} INFO - Running <TaskInstance: list_postgres_s3.offload_to_s3_dim_departments manual__2024-08-03T04:26:01.070053+00:00 [running]> on host DESKTOP-RHVHV7A.
[2024-08-03T11:26:25.077+0700] {taskinstance.py:2648} INFO - Exporting env vars: AIRFLOW_CTX_DAG_OWNER='airflow' AIRFLOW_CTX_DAG_ID='list_postgres_s3' AIRFLOW_CTX_TASK_ID='offload_to_s3_dim_departments' AIRFLOW_CTX_EXECUTION_DATE='2024-08-03T04:26:01.070053+00:00' AIRFLOW_CTX_TRY_NUMBER='1' AIRFLOW_CTX_DAG_RUN_ID='manual__2024-08-03T04:26:01.070053+00:00'
[2024-08-03T11:26:25.077+0700] {taskinstance.py:430} INFO - ::endgroup::
[2024-08-03T11:26:25.090+0700] {subprocess.py:63} INFO - Tmp dir root location: /tmp
[2024-08-03T11:26:25.091+0700] {subprocess.py:75} INFO - Running command: ['/usr/bin/bash', '-c', 'aws s3 cp "/mnt/f/AllCode/Data Engineer/dim_departments.csv" s3://quannm-07252024-demo/supermarket-data//dim_departments.csv']
[2024-08-03T11:26:25.097+0700] {subprocess.py:86} INFO - Output:
[2024-08-03T11:26:27.251+0700] {subprocess.py:93} INFO - Completed 292 Bytes/292 Bytes (188 Bytes/s) with 1 file(s) remainingupload: ../../mnt/f/AllCode/Data Engineer/dim_departments.csv to s3://quannm-07252024-demo/supermarket-data//dim_departments.csv
[2024-08-03T11:26:27.410+0700] {subprocess.py:97} INFO - Command exited with return code 0
[2024-08-03T11:26:27.411+0700] {taskinstance.py:441} INFO - ::group::Post task execution logs
[2024-08-03T11:26:27.440+0700] {taskinstance.py:1206} INFO - Marking task as SUCCESS. dag_id=list_postgres_s3, task_id=offload_to_s3_dim_departments, run_id=manual__2024-08-03T04:26:01.070053+00:00, execution_date=20240803T042601, start_date=20240803T042624, end_date=20240803T042627
[2024-08-03T11:26:27.477+0700] {local_task_job_runner.py:243} INFO - Task exited with return code 0
[2024-08-03T11:26:27.490+0700] {taskinstance.py:3503} INFO - 0 downstream tasks scheduled from follow-on schedule check
[2024-08-03T11:26:27.490+0700] {local_task_job_runner.py:222} INFO - ::endgroup::
