[2024-08-02T14:23:09.626+0700] {local_task_job_runner.py:120} INFO - ::group::Pre task execution logs
[2024-08-02T14:23:09.636+0700] {taskinstance.py:2076} INFO - Dependencies all met for dep_context=non-requeueable deps ti=<TaskInstance: data_pipeline_supermarket_2.connect_supermarket_schema scheduled__2024-08-01T00:00:00+00:00 [queued]>
[2024-08-02T14:23:09.642+0700] {taskinstance.py:2076} INFO - Dependencies all met for dep_context=requeueable deps ti=<TaskInstance: data_pipeline_supermarket_2.connect_supermarket_schema scheduled__2024-08-01T00:00:00+00:00 [queued]>
[2024-08-02T14:23:09.642+0700] {taskinstance.py:2306} INFO - Starting attempt 2 of 2
[2024-08-02T14:23:09.664+0700] {taskinstance.py:2330} INFO - Executing <Task(PostgresOperator): connect_supermarket_schema> on 2024-08-01 00:00:00+00:00
[2024-08-02T14:23:09.667+0700] {standard_task_runner.py:64} INFO - Started process 14490 to run task
[2024-08-02T14:23:09.671+0700] {standard_task_runner.py:90} INFO - Running: ['airflow', 'tasks', 'run', 'data_pipeline_supermarket_2', 'connect_supermarket_schema', 'scheduled__2024-08-01T00:00:00+00:00', '--job-id', '126', '--raw', '--subdir', 'DAGS_FOLDER/data_pipeline_supermarket_2.py', '--cfg-path', '/tmp/tmptz8z971y']
[2024-08-02T14:23:09.672+0700] {standard_task_runner.py:91} INFO - Job 126: Subtask connect_supermarket_schema
[2024-08-02T14:23:09.713+0700] {task_command.py:426} INFO - Running <TaskInstance: data_pipeline_supermarket_2.connect_supermarket_schema scheduled__2024-08-01T00:00:00+00:00 [running]> on host DESKTOP-RHVHV7A.
[2024-08-02T14:23:09.778+0700] {taskinstance.py:2648} INFO - Exporting env vars: AIRFLOW_CTX_DAG_OWNER='airflow' AIRFLOW_CTX_DAG_ID='data_pipeline_supermarket_2' AIRFLOW_CTX_TASK_ID='connect_supermarket_schema' AIRFLOW_CTX_EXECUTION_DATE='2024-08-01T00:00:00+00:00' AIRFLOW_CTX_TRY_NUMBER='2' AIRFLOW_CTX_DAG_RUN_ID='scheduled__2024-08-01T00:00:00+00:00'
[2024-08-02T14:23:09.779+0700] {taskinstance.py:430} INFO - ::endgroup::
[2024-08-02T14:23:09.788+0700] {sql.py:282} INFO - Executing: 
    SET search_path TO supermarket;
    
[2024-08-02T14:23:09.792+0700] {base.py:84} INFO - Using connection ID 'postgres_supermarket' for task execution.
[2024-08-02T14:23:09.818+0700] {base.py:84} INFO - Using connection ID 'postgres_supermarket' for task execution.
[2024-08-02T14:23:09.852+0700] {sql.py:495} INFO - Running statement: 
    SET search_path TO supermarket;
    , parameters: None
[2024-08-02T14:23:09.855+0700] {taskinstance.py:441} INFO - ::group::Post task execution logs
[2024-08-02T14:23:09.860+0700] {taskinstance.py:1206} INFO - Marking task as SUCCESS. dag_id=data_pipeline_supermarket_2, task_id=connect_supermarket_schema, run_id=scheduled__2024-08-01T00:00:00+00:00, execution_date=20240801T000000, start_date=20240802T072309, end_date=20240802T072309
[2024-08-02T14:23:09.924+0700] {local_task_job_runner.py:243} INFO - Task exited with return code 0
[2024-08-02T14:23:09.932+0700] {logging_mixin.py:188} WARNING - /usr/local/lib/python3.10/dist-packages/airflow/models/baseoperator.py:1297 AirflowProviderDeprecationWarning: Call to deprecated class PostgresOperator. (Please use `airflow.providers.common.sql.operators.sql.SQLExecuteQueryOperator`.Also, you can provide `hook_params={'schema': <database>}`.)
[2024-08-02T14:23:09.945+0700] {taskinstance.py:3503} INFO - 4 downstream tasks scheduled from follow-on schedule check
[2024-08-02T14:23:09.961+0700] {local_task_job_runner.py:222} INFO - ::endgroup::
