[2024-07-26T10:57:35.110+0700] {processor.py:161} INFO - Started process (PID=1527) to work on /usr/local/lib/python3.10/dist-packages/airflow/example_dags/plugins/decreasing_priority_weight_strategy.py
[2024-07-26T10:57:35.110+0700] {processor.py:830} INFO - Processing file /usr/local/lib/python3.10/dist-packages/airflow/example_dags/plugins/decreasing_priority_weight_strategy.py for tasks to queue
[2024-07-26T10:57:35.111+0700] {logging_mixin.py:188} INFO - [2024-07-26T10:57:35.111+0700] {dagbag.py:545} INFO - Filling up the DagBag from /usr/local/lib/python3.10/dist-packages/airflow/example_dags/plugins/decreasing_priority_weight_strategy.py
[2024-07-26T10:57:35.113+0700] {processor.py:842} WARNING - No viable dags retrieved from /usr/local/lib/python3.10/dist-packages/airflow/example_dags/plugins/decreasing_priority_weight_strategy.py
[2024-07-26T10:57:35.119+0700] {processor.py:183} INFO - Processing /usr/local/lib/python3.10/dist-packages/airflow/example_dags/plugins/decreasing_priority_weight_strategy.py took 0.013 seconds
[2024-07-26T10:58:40.843+0700] {processor.py:161} INFO - Started process (PID=1881) to work on /usr/local/lib/python3.10/dist-packages/airflow/example_dags/plugins/decreasing_priority_weight_strategy.py
[2024-07-26T10:58:40.845+0700] {processor.py:830} INFO - Processing file /usr/local/lib/python3.10/dist-packages/airflow/example_dags/plugins/decreasing_priority_weight_strategy.py for tasks to queue
[2024-07-26T10:58:40.847+0700] {logging_mixin.py:188} INFO - [2024-07-26T10:58:40.847+0700] {dagbag.py:545} INFO - Filling up the DagBag from /usr/local/lib/python3.10/dist-packages/airflow/example_dags/plugins/decreasing_priority_weight_strategy.py
[2024-07-26T10:58:40.849+0700] {processor.py:842} WARNING - No viable dags retrieved from /usr/local/lib/python3.10/dist-packages/airflow/example_dags/plugins/decreasing_priority_weight_strategy.py
[2024-07-26T10:58:40.856+0700] {processor.py:183} INFO - Processing /usr/local/lib/python3.10/dist-packages/airflow/example_dags/plugins/decreasing_priority_weight_strategy.py took 0.016 seconds
[2024-07-26T10:59:31.646+0700] {processor.py:161} INFO - Started process (PID=2133) to work on /usr/local/lib/python3.10/dist-packages/airflow/example_dags/plugins/decreasing_priority_weight_strategy.py
[2024-07-26T10:59:31.648+0700] {processor.py:830} INFO - Processing file /usr/local/lib/python3.10/dist-packages/airflow/example_dags/plugins/decreasing_priority_weight_strategy.py for tasks to queue
[2024-07-26T10:59:31.649+0700] {logging_mixin.py:188} INFO - [2024-07-26T10:59:31.649+0700] {dagbag.py:545} INFO - Filling up the DagBag from /usr/local/lib/python3.10/dist-packages/airflow/example_dags/plugins/decreasing_priority_weight_strategy.py
[2024-07-26T10:59:31.651+0700] {processor.py:842} WARNING - No viable dags retrieved from /usr/local/lib/python3.10/dist-packages/airflow/example_dags/plugins/decreasing_priority_weight_strategy.py
[2024-07-26T10:59:31.658+0700] {processor.py:183} INFO - Processing /usr/local/lib/python3.10/dist-packages/airflow/example_dags/plugins/decreasing_priority_weight_strategy.py took 0.017 seconds
[2024-07-26T11:00:12.097+0700] {processor.py:161} INFO - Started process (PID=2334) to work on /usr/local/lib/python3.10/dist-packages/airflow/example_dags/plugins/decreasing_priority_weight_strategy.py
[2024-07-26T11:00:12.098+0700] {processor.py:830} INFO - Processing file /usr/local/lib/python3.10/dist-packages/airflow/example_dags/plugins/decreasing_priority_weight_strategy.py for tasks to queue
[2024-07-26T11:00:12.099+0700] {logging_mixin.py:188} INFO - [2024-07-26T11:00:12.099+0700] {dagbag.py:545} INFO - Filling up the DagBag from /usr/local/lib/python3.10/dist-packages/airflow/example_dags/plugins/decreasing_priority_weight_strategy.py
[2024-07-26T11:00:12.101+0700] {processor.py:842} WARNING - No viable dags retrieved from /usr/local/lib/python3.10/dist-packages/airflow/example_dags/plugins/decreasing_priority_weight_strategy.py
[2024-07-26T11:00:12.108+0700] {processor.py:183} INFO - Processing /usr/local/lib/python3.10/dist-packages/airflow/example_dags/plugins/decreasing_priority_weight_strategy.py took 0.015 seconds
[2024-07-26T11:00:53.326+0700] {processor.py:161} INFO - Started process (PID=2543) to work on /usr/local/lib/python3.10/dist-packages/airflow/example_dags/plugins/decreasing_priority_weight_strategy.py
[2024-07-26T11:00:53.328+0700] {processor.py:830} INFO - Processing file /usr/local/lib/python3.10/dist-packages/airflow/example_dags/plugins/decreasing_priority_weight_strategy.py for tasks to queue
[2024-07-26T11:00:53.329+0700] {logging_mixin.py:188} INFO - [2024-07-26T11:00:53.329+0700] {dagbag.py:545} INFO - Filling up the DagBag from /usr/local/lib/python3.10/dist-packages/airflow/example_dags/plugins/decreasing_priority_weight_strategy.py
[2024-07-26T11:00:53.330+0700] {processor.py:842} WARNING - No viable dags retrieved from /usr/local/lib/python3.10/dist-packages/airflow/example_dags/plugins/decreasing_priority_weight_strategy.py
[2024-07-26T11:00:53.338+0700] {processor.py:183} INFO - Processing /usr/local/lib/python3.10/dist-packages/airflow/example_dags/plugins/decreasing_priority_weight_strategy.py took 0.016 seconds
[2024-07-26T11:01:32.062+0700] {processor.py:161} INFO - Started process (PID=2735) to work on /usr/local/lib/python3.10/dist-packages/airflow/example_dags/plugins/decreasing_priority_weight_strategy.py
[2024-07-26T11:01:32.063+0700] {processor.py:830} INFO - Processing file /usr/local/lib/python3.10/dist-packages/airflow/example_dags/plugins/decreasing_priority_weight_strategy.py for tasks to queue
[2024-07-26T11:01:32.064+0700] {logging_mixin.py:188} INFO - [2024-07-26T11:01:32.064+0700] {dagbag.py:545} INFO - Filling up the DagBag from /usr/local/lib/python3.10/dist-packages/airflow/example_dags/plugins/decreasing_priority_weight_strategy.py
[2024-07-26T11:01:32.066+0700] {processor.py:842} WARNING - No viable dags retrieved from /usr/local/lib/python3.10/dist-packages/airflow/example_dags/plugins/decreasing_priority_weight_strategy.py
[2024-07-26T11:01:32.073+0700] {processor.py:183} INFO - Processing /usr/local/lib/python3.10/dist-packages/airflow/example_dags/plugins/decreasing_priority_weight_strategy.py took 0.015 seconds
[2024-07-26T11:02:09.655+0700] {processor.py:161} INFO - Started process (PID=2923) to work on /usr/local/lib/python3.10/dist-packages/airflow/example_dags/plugins/decreasing_priority_weight_strategy.py
[2024-07-26T11:02:09.656+0700] {processor.py:830} INFO - Processing file /usr/local/lib/python3.10/dist-packages/airflow/example_dags/plugins/decreasing_priority_weight_strategy.py for tasks to queue
[2024-07-26T11:02:09.657+0700] {logging_mixin.py:188} INFO - [2024-07-26T11:02:09.657+0700] {dagbag.py:545} INFO - Filling up the DagBag from /usr/local/lib/python3.10/dist-packages/airflow/example_dags/plugins/decreasing_priority_weight_strategy.py
[2024-07-26T11:02:09.658+0700] {processor.py:842} WARNING - No viable dags retrieved from /usr/local/lib/python3.10/dist-packages/airflow/example_dags/plugins/decreasing_priority_weight_strategy.py
[2024-07-26T11:02:09.666+0700] {processor.py:183} INFO - Processing /usr/local/lib/python3.10/dist-packages/airflow/example_dags/plugins/decreasing_priority_weight_strategy.py took 0.015 seconds
[2024-07-26T11:02:49.103+0700] {processor.py:161} INFO - Started process (PID=3120) to work on /usr/local/lib/python3.10/dist-packages/airflow/example_dags/plugins/decreasing_priority_weight_strategy.py
[2024-07-26T11:02:49.106+0700] {processor.py:830} INFO - Processing file /usr/local/lib/python3.10/dist-packages/airflow/example_dags/plugins/decreasing_priority_weight_strategy.py for tasks to queue
[2024-07-26T11:02:49.107+0700] {logging_mixin.py:188} INFO - [2024-07-26T11:02:49.107+0700] {dagbag.py:545} INFO - Filling up the DagBag from /usr/local/lib/python3.10/dist-packages/airflow/example_dags/plugins/decreasing_priority_weight_strategy.py
[2024-07-26T11:02:49.109+0700] {processor.py:842} WARNING - No viable dags retrieved from /usr/local/lib/python3.10/dist-packages/airflow/example_dags/plugins/decreasing_priority_weight_strategy.py
[2024-07-26T11:02:49.117+0700] {processor.py:183} INFO - Processing /usr/local/lib/python3.10/dist-packages/airflow/example_dags/plugins/decreasing_priority_weight_strategy.py took 0.018 seconds
[2024-07-26T11:03:28.120+0700] {processor.py:161} INFO - Started process (PID=3417) to work on /usr/local/lib/python3.10/dist-packages/airflow/example_dags/plugins/decreasing_priority_weight_strategy.py
[2024-07-26T11:03:28.122+0700] {processor.py:830} INFO - Processing file /usr/local/lib/python3.10/dist-packages/airflow/example_dags/plugins/decreasing_priority_weight_strategy.py for tasks to queue
[2024-07-26T11:03:28.123+0700] {logging_mixin.py:188} INFO - [2024-07-26T11:03:28.123+0700] {dagbag.py:545} INFO - Filling up the DagBag from /usr/local/lib/python3.10/dist-packages/airflow/example_dags/plugins/decreasing_priority_weight_strategy.py
[2024-07-26T11:03:28.124+0700] {processor.py:842} WARNING - No viable dags retrieved from /usr/local/lib/python3.10/dist-packages/airflow/example_dags/plugins/decreasing_priority_weight_strategy.py
[2024-07-26T11:03:28.132+0700] {processor.py:183} INFO - Processing /usr/local/lib/python3.10/dist-packages/airflow/example_dags/plugins/decreasing_priority_weight_strategy.py took 0.016 seconds
[2024-07-26T11:04:07.014+0700] {processor.py:161} INFO - Started process (PID=3624) to work on /usr/local/lib/python3.10/dist-packages/airflow/example_dags/plugins/decreasing_priority_weight_strategy.py
[2024-07-26T11:04:07.015+0700] {processor.py:830} INFO - Processing file /usr/local/lib/python3.10/dist-packages/airflow/example_dags/plugins/decreasing_priority_weight_strategy.py for tasks to queue
[2024-07-26T11:04:07.016+0700] {logging_mixin.py:188} INFO - [2024-07-26T11:04:07.016+0700] {dagbag.py:545} INFO - Filling up the DagBag from /usr/local/lib/python3.10/dist-packages/airflow/example_dags/plugins/decreasing_priority_weight_strategy.py
[2024-07-26T11:04:07.018+0700] {processor.py:842} WARNING - No viable dags retrieved from /usr/local/lib/python3.10/dist-packages/airflow/example_dags/plugins/decreasing_priority_weight_strategy.py
[2024-07-26T11:04:07.026+0700] {processor.py:183} INFO - Processing /usr/local/lib/python3.10/dist-packages/airflow/example_dags/plugins/decreasing_priority_weight_strategy.py took 0.016 seconds
[2024-07-26T11:04:48.020+0700] {processor.py:161} INFO - Started process (PID=3829) to work on /usr/local/lib/python3.10/dist-packages/airflow/example_dags/plugins/decreasing_priority_weight_strategy.py
[2024-07-26T11:04:48.021+0700] {processor.py:830} INFO - Processing file /usr/local/lib/python3.10/dist-packages/airflow/example_dags/plugins/decreasing_priority_weight_strategy.py for tasks to queue
[2024-07-26T11:04:48.023+0700] {logging_mixin.py:188} INFO - [2024-07-26T11:04:48.022+0700] {dagbag.py:545} INFO - Filling up the DagBag from /usr/local/lib/python3.10/dist-packages/airflow/example_dags/plugins/decreasing_priority_weight_strategy.py
[2024-07-26T11:04:48.025+0700] {processor.py:842} WARNING - No viable dags retrieved from /usr/local/lib/python3.10/dist-packages/airflow/example_dags/plugins/decreasing_priority_weight_strategy.py
[2024-07-26T11:04:48.033+0700] {processor.py:183} INFO - Processing /usr/local/lib/python3.10/dist-packages/airflow/example_dags/plugins/decreasing_priority_weight_strategy.py took 0.019 seconds
[2024-07-26T11:05:27.569+0700] {processor.py:161} INFO - Started process (PID=4039) to work on /usr/local/lib/python3.10/dist-packages/airflow/example_dags/plugins/decreasing_priority_weight_strategy.py
[2024-07-26T11:05:27.570+0700] {processor.py:830} INFO - Processing file /usr/local/lib/python3.10/dist-packages/airflow/example_dags/plugins/decreasing_priority_weight_strategy.py for tasks to queue
[2024-07-26T11:05:27.572+0700] {logging_mixin.py:188} INFO - [2024-07-26T11:05:27.572+0700] {dagbag.py:545} INFO - Filling up the DagBag from /usr/local/lib/python3.10/dist-packages/airflow/example_dags/plugins/decreasing_priority_weight_strategy.py
[2024-07-26T11:05:27.574+0700] {processor.py:842} WARNING - No viable dags retrieved from /usr/local/lib/python3.10/dist-packages/airflow/example_dags/plugins/decreasing_priority_weight_strategy.py
[2024-07-26T11:05:27.585+0700] {processor.py:183} INFO - Processing /usr/local/lib/python3.10/dist-packages/airflow/example_dags/plugins/decreasing_priority_weight_strategy.py took 0.026 seconds
[2024-07-26T11:06:05.522+0700] {processor.py:161} INFO - Started process (PID=4227) to work on /usr/local/lib/python3.10/dist-packages/airflow/example_dags/plugins/decreasing_priority_weight_strategy.py
[2024-07-26T11:06:05.524+0700] {processor.py:830} INFO - Processing file /usr/local/lib/python3.10/dist-packages/airflow/example_dags/plugins/decreasing_priority_weight_strategy.py for tasks to queue
[2024-07-26T11:06:05.526+0700] {logging_mixin.py:188} INFO - [2024-07-26T11:06:05.526+0700] {dagbag.py:545} INFO - Filling up the DagBag from /usr/local/lib/python3.10/dist-packages/airflow/example_dags/plugins/decreasing_priority_weight_strategy.py
[2024-07-26T11:06:05.529+0700] {processor.py:842} WARNING - No viable dags retrieved from /usr/local/lib/python3.10/dist-packages/airflow/example_dags/plugins/decreasing_priority_weight_strategy.py
[2024-07-26T11:06:05.536+0700] {processor.py:183} INFO - Processing /usr/local/lib/python3.10/dist-packages/airflow/example_dags/plugins/decreasing_priority_weight_strategy.py took 0.020 seconds
[2024-07-26T11:06:49.419+0700] {processor.py:161} INFO - Started process (PID=4442) to work on /usr/local/lib/python3.10/dist-packages/airflow/example_dags/plugins/decreasing_priority_weight_strategy.py
[2024-07-26T11:06:49.421+0700] {processor.py:830} INFO - Processing file /usr/local/lib/python3.10/dist-packages/airflow/example_dags/plugins/decreasing_priority_weight_strategy.py for tasks to queue
[2024-07-26T11:06:49.422+0700] {logging_mixin.py:188} INFO - [2024-07-26T11:06:49.422+0700] {dagbag.py:545} INFO - Filling up the DagBag from /usr/local/lib/python3.10/dist-packages/airflow/example_dags/plugins/decreasing_priority_weight_strategy.py
[2024-07-26T11:06:49.425+0700] {processor.py:842} WARNING - No viable dags retrieved from /usr/local/lib/python3.10/dist-packages/airflow/example_dags/plugins/decreasing_priority_weight_strategy.py
[2024-07-26T11:06:49.433+0700] {processor.py:183} INFO - Processing /usr/local/lib/python3.10/dist-packages/airflow/example_dags/plugins/decreasing_priority_weight_strategy.py took 0.020 seconds
[2024-07-26T11:07:30.790+0700] {processor.py:161} INFO - Started process (PID=4648) to work on /usr/local/lib/python3.10/dist-packages/airflow/example_dags/plugins/decreasing_priority_weight_strategy.py
[2024-07-26T11:07:30.792+0700] {processor.py:830} INFO - Processing file /usr/local/lib/python3.10/dist-packages/airflow/example_dags/plugins/decreasing_priority_weight_strategy.py for tasks to queue
[2024-07-26T11:07:30.794+0700] {logging_mixin.py:188} INFO - [2024-07-26T11:07:30.793+0700] {dagbag.py:545} INFO - Filling up the DagBag from /usr/local/lib/python3.10/dist-packages/airflow/example_dags/plugins/decreasing_priority_weight_strategy.py
[2024-07-26T11:07:30.795+0700] {processor.py:842} WARNING - No viable dags retrieved from /usr/local/lib/python3.10/dist-packages/airflow/example_dags/plugins/decreasing_priority_weight_strategy.py
[2024-07-26T11:07:30.804+0700] {processor.py:183} INFO - Processing /usr/local/lib/python3.10/dist-packages/airflow/example_dags/plugins/decreasing_priority_weight_strategy.py took 0.019 seconds
[2024-07-26T11:08:09.445+0700] {processor.py:161} INFO - Started process (PID=4840) to work on /usr/local/lib/python3.10/dist-packages/airflow/example_dags/plugins/decreasing_priority_weight_strategy.py
[2024-07-26T11:08:09.447+0700] {processor.py:830} INFO - Processing file /usr/local/lib/python3.10/dist-packages/airflow/example_dags/plugins/decreasing_priority_weight_strategy.py for tasks to queue
[2024-07-26T11:08:09.448+0700] {logging_mixin.py:188} INFO - [2024-07-26T11:08:09.448+0700] {dagbag.py:545} INFO - Filling up the DagBag from /usr/local/lib/python3.10/dist-packages/airflow/example_dags/plugins/decreasing_priority_weight_strategy.py
[2024-07-26T11:08:09.449+0700] {processor.py:842} WARNING - No viable dags retrieved from /usr/local/lib/python3.10/dist-packages/airflow/example_dags/plugins/decreasing_priority_weight_strategy.py
[2024-07-26T11:08:09.457+0700] {processor.py:183} INFO - Processing /usr/local/lib/python3.10/dist-packages/airflow/example_dags/plugins/decreasing_priority_weight_strategy.py took 0.018 seconds
[2024-07-26T11:08:47.314+0700] {processor.py:161} INFO - Started process (PID=5031) to work on /usr/local/lib/python3.10/dist-packages/airflow/example_dags/plugins/decreasing_priority_weight_strategy.py
[2024-07-26T11:08:47.316+0700] {processor.py:830} INFO - Processing file /usr/local/lib/python3.10/dist-packages/airflow/example_dags/plugins/decreasing_priority_weight_strategy.py for tasks to queue
[2024-07-26T11:08:47.318+0700] {logging_mixin.py:188} INFO - [2024-07-26T11:08:47.318+0700] {dagbag.py:545} INFO - Filling up the DagBag from /usr/local/lib/python3.10/dist-packages/airflow/example_dags/plugins/decreasing_priority_weight_strategy.py
[2024-07-26T11:08:47.320+0700] {processor.py:842} WARNING - No viable dags retrieved from /usr/local/lib/python3.10/dist-packages/airflow/example_dags/plugins/decreasing_priority_weight_strategy.py
[2024-07-26T11:08:47.327+0700] {processor.py:183} INFO - Processing /usr/local/lib/python3.10/dist-packages/airflow/example_dags/plugins/decreasing_priority_weight_strategy.py took 0.019 seconds
[2024-07-26T11:09:28.553+0700] {processor.py:161} INFO - Started process (PID=5236) to work on /usr/local/lib/python3.10/dist-packages/airflow/example_dags/plugins/decreasing_priority_weight_strategy.py
[2024-07-26T11:09:28.555+0700] {processor.py:830} INFO - Processing file /usr/local/lib/python3.10/dist-packages/airflow/example_dags/plugins/decreasing_priority_weight_strategy.py for tasks to queue
[2024-07-26T11:09:28.556+0700] {logging_mixin.py:188} INFO - [2024-07-26T11:09:28.556+0700] {dagbag.py:545} INFO - Filling up the DagBag from /usr/local/lib/python3.10/dist-packages/airflow/example_dags/plugins/decreasing_priority_weight_strategy.py
[2024-07-26T11:09:28.558+0700] {processor.py:842} WARNING - No viable dags retrieved from /usr/local/lib/python3.10/dist-packages/airflow/example_dags/plugins/decreasing_priority_weight_strategy.py
[2024-07-26T11:09:28.565+0700] {processor.py:183} INFO - Processing /usr/local/lib/python3.10/dist-packages/airflow/example_dags/plugins/decreasing_priority_weight_strategy.py took 0.017 seconds
[2024-07-26T11:10:07.623+0700] {processor.py:161} INFO - Started process (PID=5430) to work on /usr/local/lib/python3.10/dist-packages/airflow/example_dags/plugins/decreasing_priority_weight_strategy.py
[2024-07-26T11:10:07.625+0700] {processor.py:830} INFO - Processing file /usr/local/lib/python3.10/dist-packages/airflow/example_dags/plugins/decreasing_priority_weight_strategy.py for tasks to queue
[2024-07-26T11:10:07.626+0700] {logging_mixin.py:188} INFO - [2024-07-26T11:10:07.626+0700] {dagbag.py:545} INFO - Filling up the DagBag from /usr/local/lib/python3.10/dist-packages/airflow/example_dags/plugins/decreasing_priority_weight_strategy.py
[2024-07-26T11:10:07.628+0700] {processor.py:842} WARNING - No viable dags retrieved from /usr/local/lib/python3.10/dist-packages/airflow/example_dags/plugins/decreasing_priority_weight_strategy.py
[2024-07-26T11:10:07.635+0700] {processor.py:183} INFO - Processing /usr/local/lib/python3.10/dist-packages/airflow/example_dags/plugins/decreasing_priority_weight_strategy.py took 0.017 seconds
[2024-07-26T11:10:46.929+0700] {processor.py:161} INFO - Started process (PID=5626) to work on /usr/local/lib/python3.10/dist-packages/airflow/example_dags/plugins/decreasing_priority_weight_strategy.py
[2024-07-26T11:10:46.931+0700] {processor.py:830} INFO - Processing file /usr/local/lib/python3.10/dist-packages/airflow/example_dags/plugins/decreasing_priority_weight_strategy.py for tasks to queue
[2024-07-26T11:10:46.933+0700] {logging_mixin.py:188} INFO - [2024-07-26T11:10:46.933+0700] {dagbag.py:545} INFO - Filling up the DagBag from /usr/local/lib/python3.10/dist-packages/airflow/example_dags/plugins/decreasing_priority_weight_strategy.py
[2024-07-26T11:10:46.935+0700] {processor.py:842} WARNING - No viable dags retrieved from /usr/local/lib/python3.10/dist-packages/airflow/example_dags/plugins/decreasing_priority_weight_strategy.py
[2024-07-26T11:10:46.942+0700] {processor.py:183} INFO - Processing /usr/local/lib/python3.10/dist-packages/airflow/example_dags/plugins/decreasing_priority_weight_strategy.py took 0.019 seconds
[2024-07-26T11:11:25.881+0700] {processor.py:161} INFO - Started process (PID=5818) to work on /usr/local/lib/python3.10/dist-packages/airflow/example_dags/plugins/decreasing_priority_weight_strategy.py
[2024-07-26T11:11:25.884+0700] {processor.py:830} INFO - Processing file /usr/local/lib/python3.10/dist-packages/airflow/example_dags/plugins/decreasing_priority_weight_strategy.py for tasks to queue
[2024-07-26T11:11:25.885+0700] {logging_mixin.py:188} INFO - [2024-07-26T11:11:25.885+0700] {dagbag.py:545} INFO - Filling up the DagBag from /usr/local/lib/python3.10/dist-packages/airflow/example_dags/plugins/decreasing_priority_weight_strategy.py
[2024-07-26T11:11:25.887+0700] {processor.py:842} WARNING - No viable dags retrieved from /usr/local/lib/python3.10/dist-packages/airflow/example_dags/plugins/decreasing_priority_weight_strategy.py
[2024-07-26T11:11:25.898+0700] {processor.py:183} INFO - Processing /usr/local/lib/python3.10/dist-packages/airflow/example_dags/plugins/decreasing_priority_weight_strategy.py took 0.024 seconds
[2024-07-26T11:12:01.882+0700] {processor.py:161} INFO - Started process (PID=5999) to work on /usr/local/lib/python3.10/dist-packages/airflow/example_dags/plugins/decreasing_priority_weight_strategy.py
[2024-07-26T11:12:01.885+0700] {processor.py:830} INFO - Processing file /usr/local/lib/python3.10/dist-packages/airflow/example_dags/plugins/decreasing_priority_weight_strategy.py for tasks to queue
[2024-07-26T11:12:01.887+0700] {logging_mixin.py:188} INFO - [2024-07-26T11:12:01.887+0700] {dagbag.py:545} INFO - Filling up the DagBag from /usr/local/lib/python3.10/dist-packages/airflow/example_dags/plugins/decreasing_priority_weight_strategy.py
[2024-07-26T11:12:01.889+0700] {processor.py:842} WARNING - No viable dags retrieved from /usr/local/lib/python3.10/dist-packages/airflow/example_dags/plugins/decreasing_priority_weight_strategy.py
[2024-07-26T11:12:01.896+0700] {processor.py:183} INFO - Processing /usr/local/lib/python3.10/dist-packages/airflow/example_dags/plugins/decreasing_priority_weight_strategy.py took 0.020 seconds
