[2024-08-03T11:26:04.964+0700] {local_task_job_runner.py:120} INFO - ::group::Pre task execution logs
[2024-08-03T11:26:04.979+0700] {taskinstance.py:2076} INFO - Dependencies all met for dep_context=non-requeueable deps ti=<TaskInstance: list_postgres_s3.copy_table_fct_user_orders manual__2024-08-03T04:26:01.070053+00:00 [queued]>
[2024-08-03T11:26:04.988+0700] {taskinstance.py:2076} INFO - Dependencies all met for dep_context=requeueable deps ti=<TaskInstance: list_postgres_s3.copy_table_fct_user_orders manual__2024-08-03T04:26:01.070053+00:00 [queued]>
[2024-08-03T11:26:04.988+0700] {taskinstance.py:2306} INFO - Starting attempt 1 of 1
[2024-08-03T11:26:05.016+0700] {taskinstance.py:2330} INFO - Executing <Task(PostgresOperator): copy_table_fct_user_orders> on 2024-08-03 04:26:01.070053+00:00
[2024-08-03T11:26:05.019+0700] {standard_task_runner.py:64} INFO - Started process 30650 to run task
[2024-08-03T11:26:05.022+0700] {standard_task_runner.py:90} INFO - Running: ['airflow', 'tasks', 'run', 'list_postgres_s3', 'copy_table_fct_user_orders', 'manual__2024-08-03T04:26:01.070053+00:00', '--job-id', '213', '--raw', '--subdir', 'DAGS_FOLDER/list_postgres_s3.py', '--cfg-path', '/tmp/tmpnuabzly0']
[2024-08-03T11:26:05.023+0700] {standard_task_runner.py:91} INFO - Job 213: Subtask copy_table_fct_user_orders
[2024-08-03T11:26:05.062+0700] {task_command.py:426} INFO - Running <TaskInstance: list_postgres_s3.copy_table_fct_user_orders manual__2024-08-03T04:26:01.070053+00:00 [running]> on host DESKTOP-RHVHV7A.
[2024-08-03T11:26:05.140+0700] {taskinstance.py:2648} INFO - Exporting env vars: AIRFLOW_CTX_DAG_OWNER='airflow' AIRFLOW_CTX_DAG_ID='list_postgres_s3' AIRFLOW_CTX_TASK_ID='copy_table_fct_user_orders' AIRFLOW_CTX_EXECUTION_DATE='2024-08-03T04:26:01.070053+00:00' AIRFLOW_CTX_TRY_NUMBER='1' AIRFLOW_CTX_DAG_RUN_ID='manual__2024-08-03T04:26:01.070053+00:00'
[2024-08-03T11:26:05.141+0700] {taskinstance.py:430} INFO - ::endgroup::
[2024-08-03T11:26:05.152+0700] {sql.py:282} INFO - Executing: 
        SET search_path TO supermarket;
        COPY fct_user_orders TO 'F:/AllCode/Data Engineer/fct_user_orders.csv' CSV HEADER;
        
[2024-08-03T11:26:05.156+0700] {base.py:84} INFO - Using connection ID 'postgres_supermarket' for task execution.
[2024-08-03T11:26:05.174+0700] {base.py:84} INFO - Using connection ID 'postgres_supermarket' for task execution.
[2024-08-03T11:26:05.207+0700] {sql.py:495} INFO - Running statement: 
        SET search_path TO supermarket;
        COPY fct_user_orders TO 'F:/AllCode/Data Engineer/fct_user_orders.csv' CSV HEADER;
        , parameters: None
[2024-08-03T11:26:05.280+0700] {sql.py:504} INFO - Rows affected: 139003
[2024-08-03T11:26:05.281+0700] {taskinstance.py:441} INFO - ::group::Post task execution logs
[2024-08-03T11:26:05.285+0700] {taskinstance.py:1206} INFO - Marking task as SUCCESS. dag_id=list_postgres_s3, task_id=copy_table_fct_user_orders, run_id=manual__2024-08-03T04:26:01.070053+00:00, execution_date=20240803T042601, start_date=20240803T042604, end_date=20240803T042605
[2024-08-03T11:26:05.315+0700] {local_task_job_runner.py:243} INFO - Task exited with return code 0
[2024-08-03T11:26:05.325+0700] {logging_mixin.py:188} WARNING - /usr/local/lib/python3.10/dist-packages/airflow/models/baseoperator.py:1297 AirflowProviderDeprecationWarning: Call to deprecated class PostgresOperator. (Please use `airflow.providers.common.sql.operators.sql.SQLExecuteQueryOperator`.Also, you can provide `hook_params={'schema': <database>}`.)
[2024-08-03T11:26:05.336+0700] {taskinstance.py:3503} INFO - 1 downstream tasks scheduled from follow-on schedule check
[2024-08-03T11:26:05.352+0700] {local_task_job_runner.py:222} INFO - ::endgroup::
