[2024-08-03T14:46:20.267+0700] {local_task_job_runner.py:120} INFO - ::group::Pre task execution logs
[2024-08-03T14:46:20.284+0700] {taskinstance.py:2076} INFO - Dependencies all met for dep_context=non-requeueable deps ti=<TaskInstance: data_pipeline_supermarket_2.airbyte_check_sync_2 manual__2024-08-03T07:44:17.670945+00:00 [queued]>
[2024-08-03T14:46:20.294+0700] {taskinstance.py:2076} INFO - Dependencies all met for dep_context=requeueable deps ti=<TaskInstance: data_pipeline_supermarket_2.airbyte_check_sync_2 manual__2024-08-03T07:44:17.670945+00:00 [queued]>
[2024-08-03T14:46:20.294+0700] {taskinstance.py:2306} INFO - Starting attempt 1 of 2
[2024-08-03T14:46:20.333+0700] {taskinstance.py:2330} INFO - Executing <Task(AirbyteJobSensor): airbyte_check_sync_2> on 2024-08-03 07:44:17.670945+00:00
[2024-08-03T14:46:20.337+0700] {standard_task_runner.py:64} INFO - Started process 2873 to run task
[2024-08-03T14:46:20.342+0700] {standard_task_runner.py:90} INFO - Running: ['airflow', 'tasks', 'run', 'data_pipeline_supermarket_2', 'airbyte_check_sync_2', 'manual__2024-08-03T07:44:17.670945+00:00', '--job-id', '249', '--raw', '--subdir', 'DAGS_FOLDER/data_pipeline_supermarket_2.py', '--cfg-path', '/tmp/tmpbeuvupkx']
[2024-08-03T14:46:20.344+0700] {standard_task_runner.py:91} INFO - Job 249: Subtask airbyte_check_sync_2
[2024-08-03T14:46:20.398+0700] {task_command.py:426} INFO - Running <TaskInstance: data_pipeline_supermarket_2.airbyte_check_sync_2 manual__2024-08-03T07:44:17.670945+00:00 [running]> on host DESKTOP-RHVHV7A.
[2024-08-03T14:46:20.523+0700] {taskinstance.py:2648} INFO - Exporting env vars: AIRFLOW_CTX_DAG_OWNER='airflow' AIRFLOW_CTX_DAG_ID='data_pipeline_supermarket_2' AIRFLOW_CTX_TASK_ID='airbyte_check_sync_2' AIRFLOW_CTX_EXECUTION_DATE='2024-08-03T07:44:17.670945+00:00' AIRFLOW_CTX_TRY_NUMBER='1' AIRFLOW_CTX_DAG_RUN_ID='manual__2024-08-03T07:44:17.670945+00:00'
[2024-08-03T14:46:20.524+0700] {taskinstance.py:430} INFO - ::endgroup::
[2024-08-03T14:46:20.539+0700] {baseoperator.py:400} WARNING - AirbyteJobSensor.execute cannot be called outside TaskInstance!
[2024-08-03T14:46:20.547+0700] {base.py:84} INFO - Using connection ID 'airflow-call-to-airbyte-example' for task execution.
[2024-08-03T14:46:20.568+0700] {airbyte.py:113} INFO - Waiting for job 14 to complete.
[2024-08-03T14:47:20.633+0700] {base.py:84} INFO - Using connection ID 'airflow-call-to-airbyte-example' for task execution.
[2024-08-03T14:47:20.647+0700] {airbyte.py:108} INFO - Job 14 completed successfully.
[2024-08-03T14:47:20.648+0700] {base.py:294} INFO - Success criteria met. Exiting.
[2024-08-03T14:47:20.648+0700] {taskinstance.py:441} INFO - ::group::Post task execution logs
[2024-08-03T14:47:20.652+0700] {taskinstance.py:1206} INFO - Marking task as SUCCESS. dag_id=data_pipeline_supermarket_2, task_id=airbyte_check_sync_2, run_id=manual__2024-08-03T07:44:17.670945+00:00, execution_date=20240803T074417, start_date=20240803T074620, end_date=20240803T074720
[2024-08-03T14:47:20.710+0700] {local_task_job_runner.py:243} INFO - Task exited with return code 0
[2024-08-03T14:47:20.719+0700] {logging_mixin.py:188} WARNING - /usr/local/lib/python3.10/dist-packages/airflow/models/baseoperator.py:1297 AirflowProviderDeprecationWarning: Call to deprecated class PostgresOperator. (Please use `airflow.providers.common.sql.operators.sql.SQLExecuteQueryOperator`.Also, you can provide `hook_params={'schema': <database>}`.)
[2024-08-03T14:47:20.744+0700] {taskinstance.py:3503} INFO - 1 downstream tasks scheduled from follow-on schedule check
[2024-08-03T14:47:20.758+0700] {local_task_job_runner.py:222} INFO - ::endgroup::
