[2024-08-02T14:10:45.033+0700] {local_task_job_runner.py:120} INFO - ::group::Pre task execution logs
[2024-08-02T14:10:45.043+0700] {taskinstance.py:2076} INFO - Dependencies all met for dep_context=non-requeueable deps ti=<TaskInstance: data_pipeline_supermarket_2.airbyte_check_sync_2 scheduled__2024-08-01T00:00:00+00:00 [queued]>
[2024-08-02T14:10:45.050+0700] {taskinstance.py:2076} INFO - Dependencies all met for dep_context=requeueable deps ti=<TaskInstance: data_pipeline_supermarket_2.airbyte_check_sync_2 scheduled__2024-08-01T00:00:00+00:00 [queued]>
[2024-08-02T14:10:45.051+0700] {taskinstance.py:2306} INFO - Starting attempt 1 of 2
[2024-08-02T14:10:45.071+0700] {taskinstance.py:2330} INFO - Executing <Task(AirbyteJobSensor): airbyte_check_sync_2> on 2024-08-01 00:00:00+00:00
[2024-08-02T14:10:45.074+0700] {standard_task_runner.py:64} INFO - Started process 11232 to run task
[2024-08-02T14:10:45.076+0700] {standard_task_runner.py:90} INFO - Running: ['airflow', 'tasks', 'run', 'data_pipeline_supermarket_2', 'airbyte_check_sync_2', 'scheduled__2024-08-01T00:00:00+00:00', '--job-id', '113', '--raw', '--subdir', 'DAGS_FOLDER/data_pipeline_supermarket_2.py', '--cfg-path', '/tmp/tmp6l916mjg']
[2024-08-02T14:10:45.077+0700] {standard_task_runner.py:91} INFO - Job 113: Subtask airbyte_check_sync_2
[2024-08-02T14:10:45.112+0700] {task_command.py:426} INFO - Running <TaskInstance: data_pipeline_supermarket_2.airbyte_check_sync_2 scheduled__2024-08-01T00:00:00+00:00 [running]> on host DESKTOP-RHVHV7A.
[2024-08-02T14:10:45.185+0700] {taskinstance.py:2648} INFO - Exporting env vars: AIRFLOW_CTX_DAG_OWNER='airflow' AIRFLOW_CTX_DAG_ID='data_pipeline_supermarket_2' AIRFLOW_CTX_TASK_ID='airbyte_check_sync_2' AIRFLOW_CTX_EXECUTION_DATE='2024-08-01T00:00:00+00:00' AIRFLOW_CTX_TRY_NUMBER='1' AIRFLOW_CTX_DAG_RUN_ID='scheduled__2024-08-01T00:00:00+00:00'
[2024-08-02T14:10:45.185+0700] {taskinstance.py:430} INFO - ::endgroup::
[2024-08-02T14:10:45.195+0700] {baseoperator.py:400} WARNING - AirbyteJobSensor.execute cannot be called outside TaskInstance!
[2024-08-02T14:10:45.199+0700] {base.py:84} INFO - Using connection ID 'airflow-call-to-airbyte-example' for task execution.
[2024-08-02T14:10:45.227+0700] {airbyte.py:113} INFO - Waiting for job 79 to complete.
[2024-08-02T14:11:45.278+0700] {base.py:84} INFO - Using connection ID 'airflow-call-to-airbyte-example' for task execution.
[2024-08-02T14:11:45.295+0700] {airbyte.py:113} INFO - Waiting for job 79 to complete.
[2024-08-02T14:12:45.354+0700] {base.py:84} INFO - Using connection ID 'airflow-call-to-airbyte-example' for task execution.
[2024-08-02T14:12:45.372+0700] {airbyte.py:108} INFO - Job 79 completed successfully.
[2024-08-02T14:12:45.373+0700] {base.py:294} INFO - Success criteria met. Exiting.
[2024-08-02T14:12:45.373+0700] {taskinstance.py:441} INFO - ::group::Post task execution logs
[2024-08-02T14:12:45.377+0700] {taskinstance.py:1206} INFO - Marking task as SUCCESS. dag_id=data_pipeline_supermarket_2, task_id=airbyte_check_sync_2, run_id=scheduled__2024-08-01T00:00:00+00:00, execution_date=20240801T000000, start_date=20240802T071045, end_date=20240802T071245
[2024-08-02T14:12:45.431+0700] {local_task_job_runner.py:243} INFO - Task exited with return code 0
[2024-08-02T14:12:45.439+0700] {logging_mixin.py:188} WARNING - /usr/local/lib/python3.10/dist-packages/airflow/models/baseoperator.py:1297 AirflowProviderDeprecationWarning: Call to deprecated class PostgresOperator. (Please use `airflow.providers.common.sql.operators.sql.SQLExecuteQueryOperator`.Also, you can provide `hook_params={'schema': <database>}`.)
[2024-08-02T14:12:45.457+0700] {taskinstance.py:3503} INFO - 1 downstream tasks scheduled from follow-on schedule check
[2024-08-02T14:12:45.472+0700] {local_task_job_runner.py:222} INFO - ::endgroup::
