[2024-08-03T14:44:46.232+0700] {local_task_job_runner.py:120} INFO - ::group::Pre task execution logs
[2024-08-03T14:44:46.243+0700] {taskinstance.py:2076} INFO - Dependencies all met for dep_context=non-requeueable deps ti=<TaskInstance: data_pipeline_supermarket_2.offload_to_s3_products manual__2024-08-03T07:44:17.670945+00:00 [queued]>
[2024-08-03T14:44:46.249+0700] {taskinstance.py:2076} INFO - Dependencies all met for dep_context=requeueable deps ti=<TaskInstance: data_pipeline_supermarket_2.offload_to_s3_products manual__2024-08-03T07:44:17.670945+00:00 [queued]>
[2024-08-03T14:44:46.249+0700] {taskinstance.py:2306} INFO - Starting attempt 1 of 2
[2024-08-03T14:44:46.272+0700] {taskinstance.py:2330} INFO - Executing <Task(BashOperator): offload_to_s3_products> on 2024-08-03 07:44:17.670945+00:00
[2024-08-03T14:44:46.276+0700] {standard_task_runner.py:64} INFO - Started process 2478 to run task
[2024-08-03T14:44:46.278+0700] {standard_task_runner.py:90} INFO - Running: ['airflow', 'tasks', 'run', 'data_pipeline_supermarket_2', 'offload_to_s3_products', 'manual__2024-08-03T07:44:17.670945+00:00', '--job-id', '243', '--raw', '--subdir', 'DAGS_FOLDER/data_pipeline_supermarket_2.py', '--cfg-path', '/tmp/tmp3_mc302w']
[2024-08-03T14:44:46.279+0700] {standard_task_runner.py:91} INFO - Job 243: Subtask offload_to_s3_products
[2024-08-03T14:44:46.322+0700] {task_command.py:426} INFO - Running <TaskInstance: data_pipeline_supermarket_2.offload_to_s3_products manual__2024-08-03T07:44:17.670945+00:00 [running]> on host DESKTOP-RHVHV7A.
[2024-08-03T14:44:46.411+0700] {taskinstance.py:2648} INFO - Exporting env vars: AIRFLOW_CTX_DAG_OWNER='airflow' AIRFLOW_CTX_DAG_ID='data_pipeline_supermarket_2' AIRFLOW_CTX_TASK_ID='offload_to_s3_products' AIRFLOW_CTX_EXECUTION_DATE='2024-08-03T07:44:17.670945+00:00' AIRFLOW_CTX_TRY_NUMBER='1' AIRFLOW_CTX_DAG_RUN_ID='manual__2024-08-03T07:44:17.670945+00:00'
[2024-08-03T14:44:46.412+0700] {taskinstance.py:430} INFO - ::endgroup::
[2024-08-03T14:44:46.423+0700] {subprocess.py:63} INFO - Tmp dir root location: /tmp
[2024-08-03T14:44:46.424+0700] {subprocess.py:75} INFO - Running command: ['/usr/bin/bash', '-c', 'aws s3 cp "/mnt/f/AllCode/Data Engineer/raw_data_supermarket/products.csv" s3://quannm-07252024-demo/supermarket-data//raw_data/raw_data_supermarket/products.csv']
[2024-08-03T14:44:46.430+0700] {subprocess.py:86} INFO - Output:
[2024-08-03T14:44:49.779+0700] {subprocess.py:93} INFO - Completed 256.0 KiB/2.1 MiB (133.1 KiB/s) with 1 file(s) remainingCompleted 512.0 KiB/2.1 MiB (246.9 KiB/s) with 1 file(s) remainingCompleted 768.0 KiB/2.1 MiB (345.4 KiB/s) with 1 file(s) remainingCompleted 1.0 MiB/2.1 MiB (457.9 KiB/s) with 1 file(s) remaining  Completed 1.2 MiB/2.1 MiB (570.9 KiB/s) with 1 file(s) remaining  Completed 1.5 MiB/2.1 MiB (648.5 KiB/s) with 1 file(s) remaining  Completed 1.8 MiB/2.1 MiB (752.0 KiB/s) with 1 file(s) remaining  Completed 2.0 MiB/2.1 MiB (856.5 KiB/s) with 1 file(s) remaining  Completed 2.1 MiB/2.1 MiB (776.9 KiB/s) with 1 file(s) remaining  upload: ../../mnt/f/AllCode/Data Engineer/raw_data_supermarket/products.csv to s3://quannm-07252024-demo/supermarket-data//raw_data/raw_data_supermarket/products.csv
[2024-08-03T14:44:49.984+0700] {subprocess.py:97} INFO - Command exited with return code 0
[2024-08-03T14:44:49.985+0700] {taskinstance.py:441} INFO - ::group::Post task execution logs
[2024-08-03T14:44:50.012+0700] {taskinstance.py:1206} INFO - Marking task as SUCCESS. dag_id=data_pipeline_supermarket_2, task_id=offload_to_s3_products, run_id=manual__2024-08-03T07:44:17.670945+00:00, execution_date=20240803T074417, start_date=20240803T074446, end_date=20240803T074450
[2024-08-03T14:44:50.069+0700] {local_task_job_runner.py:243} INFO - Task exited with return code 0
[2024-08-03T14:44:50.079+0700] {logging_mixin.py:188} WARNING - /usr/local/lib/python3.10/dist-packages/airflow/models/baseoperator.py:1297 AirflowProviderDeprecationWarning: Call to deprecated class PostgresOperator. (Please use `airflow.providers.common.sql.operators.sql.SQLExecuteQueryOperator`.Also, you can provide `hook_params={'schema': <database>}`.)
[2024-08-03T14:44:50.093+0700] {taskinstance.py:3503} INFO - 0 downstream tasks scheduled from follow-on schedule check
[2024-08-03T14:44:50.094+0700] {local_task_job_runner.py:222} INFO - ::endgroup::
