[2024-08-02T13:53:48.735+0700] {local_task_job_runner.py:120} INFO - ::group::Pre task execution logs
[2024-08-02T13:53:48.751+0700] {taskinstance.py:2076} INFO - Dependencies all met for dep_context=non-requeueable deps ti=<TaskInstance: data_pipeline_supermarket.airbyte_trigger_sync_0 scheduled__2024-08-01T00:00:00+00:00 [queued]>
[2024-08-02T13:53:48.760+0700] {taskinstance.py:2076} INFO - Dependencies all met for dep_context=requeueable deps ti=<TaskInstance: data_pipeline_supermarket.airbyte_trigger_sync_0 scheduled__2024-08-01T00:00:00+00:00 [queued]>
[2024-08-02T13:53:48.760+0700] {taskinstance.py:2306} INFO - Starting attempt 4 of 5
[2024-08-02T13:53:48.792+0700] {taskinstance.py:2330} INFO - Executing <Task(AirbyteTriggerSyncOperator): airbyte_trigger_sync_0> on 2024-08-01 00:00:00+00:00
[2024-08-02T13:53:48.795+0700] {standard_task_runner.py:64} INFO - Started process 6363 to run task
[2024-08-02T13:53:48.799+0700] {standard_task_runner.py:90} INFO - Running: ['airflow', 'tasks', 'run', 'data_pipeline_supermarket', 'airbyte_trigger_sync_0', 'scheduled__2024-08-01T00:00:00+00:00', '--job-id', '105', '--raw', '--subdir', 'DAGS_FOLDER/data_pipeline_supermarket.py', '--cfg-path', '/tmp/tmpagudwo1v']
[2024-08-02T13:53:48.800+0700] {standard_task_runner.py:91} INFO - Job 105: Subtask airbyte_trigger_sync_0
[2024-08-02T13:53:48.854+0700] {task_command.py:426} INFO - Running <TaskInstance: data_pipeline_supermarket.airbyte_trigger_sync_0 scheduled__2024-08-01T00:00:00+00:00 [running]> on host DESKTOP-RHVHV7A.
[2024-08-02T13:53:48.968+0700] {taskinstance.py:2648} INFO - Exporting env vars: AIRFLOW_CTX_DAG_OWNER='airflow' AIRFLOW_CTX_DAG_ID='data_pipeline_supermarket' AIRFLOW_CTX_TASK_ID='airbyte_trigger_sync_0' AIRFLOW_CTX_EXECUTION_DATE='2024-08-01T00:00:00+00:00' AIRFLOW_CTX_TRY_NUMBER='4' AIRFLOW_CTX_DAG_RUN_ID='scheduled__2024-08-01T00:00:00+00:00'
[2024-08-02T13:53:48.969+0700] {taskinstance.py:430} INFO - ::endgroup::
[2024-08-02T13:53:48.993+0700] {base.py:84} INFO - Using connection ID 'airflow-call-to-airbyte-example' for task execution.
[2024-08-02T13:53:49.073+0700] {http.py:200} ERROR - HTTP error: Conflict
[2024-08-02T13:53:49.074+0700] {http.py:201} ERROR - {"message":"A sync is already running for: 7fa3209a-c376-4993-88fd-5757394b732f","exceptionClassName":"io.airbyte.commons.server.errors.ValueConflictKnownException","exceptionStack":["io.airbyte.commons.server.errors.ValueConflictKnownException: A sync is already running for: 7fa3209a-c376-4993-88fd-5757394b732f","\tat io.airbyte.commons.server.handlers.SchedulerHandler.readJobFromResult(SchedulerHandler.java:832)","\tat io.airbyte.commons.server.handlers.SchedulerHandler.submitManualSyncToWorker(SchedulerHandler.java:804)","\tat io.airbyte.commons.server.handlers.SchedulerHandler.syncConnection(SchedulerHandler.java:602)","\tat io.airbyte.server.apis.ConnectionApiController.lambda$syncConnection$18(ConnectionApiController.java:261)","\tat io.airbyte.server.apis.ApiHelper.execute(ApiHelper.java:28)","\tat io.airbyte.server.apis.ConnectionApiController.syncConnection(ConnectionApiController.java:261)","\tat io.airbyte.server.apis.$ConnectionApiController$Definition$Exec.dispatch(Unknown Source)","\tat io.micronaut.context.AbstractExecutableMethodsDefinition$DispatchedExecutableMethod.invokeUnsafe(AbstractExecutableMethodsDefinition.java:461)","\tat io.micronaut.context.DefaultBeanContext$BeanContextUnsafeExecutionHandle.invokeUnsafe(DefaultBeanContext.java:4325)","\tat io.micronaut.web.router.AbstractRouteMatch.execute(AbstractRouteMatch.java:271)","\tat io.micronaut.web.router.DefaultUriRouteMatch.execute(DefaultUriRouteMatch.java:39)","\tat io.micronaut.http.server.RouteExecutor.executeRouteAndConvertBody(RouteExecutor.java:490)","\tat io.micronaut.http.server.RouteExecutor.lambda$callRoute$6(RouteExecutor.java:467)","\tat io.micronaut.core.execution.ExecutionFlow.lambda$async$1(ExecutionFlow.java:87)","\tat io.micronaut.core.propagation.PropagatedContext.lambda$wrap$3(PropagatedContext.java:211)","\tat java.base/java.util.concurrent.ThreadPoolExecutor.runWorker(ThreadPoolExecutor.java:1144)","\tat java.base/java.util.concurrent.ThreadPoolExecutor$Worker.run(ThreadPoolExecutor.java:642)","\tat java.base/java.lang.Thread.run(Thread.java:1583)"],"rootCauseExceptionStack":[]}
[2024-08-02T13:53:49.074+0700] {taskinstance.py:441} INFO - ::group::Post task execution logs
[2024-08-02T13:53:49.082+0700] {taskinstance.py:2905} ERROR - Task failed with exception
Traceback (most recent call last):
  File "/usr/local/lib/python3.10/dist-packages/airflow/providers/http/hooks/http.py", line 198, in check_response
    response.raise_for_status()
  File "/usr/local/lib/python3.10/dist-packages/requests/models.py", line 1024, in raise_for_status
    raise HTTPError(http_error_msg, response=self)
requests.exceptions.HTTPError: 409 Client Error: Conflict for url: http://localhost:8000/api/v1/connections/sync

During handling of the above exception, another exception occurred:

Traceback (most recent call last):
  File "/usr/local/lib/python3.10/dist-packages/airflow/models/taskinstance.py", line 465, in _execute_task
    result = _execute_callable(context=context, **execute_callable_kwargs)
  File "/usr/local/lib/python3.10/dist-packages/airflow/models/taskinstance.py", line 432, in _execute_callable
    return execute_callable(context=context, **execute_callable_kwargs)
  File "/usr/local/lib/python3.10/dist-packages/airflow/models/baseoperator.py", line 401, in wrapper
    return func(self, *args, **kwargs)
  File "/usr/local/lib/python3.10/dist-packages/airflow/providers/airbyte/operators/airbyte.py", line 86, in execute
    job_object = hook.submit_sync_connection(connection_id=self.connection_id)
  File "/usr/local/lib/python3.10/dist-packages/airflow/providers/airbyte/hooks/airbyte.py", line 185, in submit_sync_connection
    return self.run(
  File "/usr/local/lib/python3.10/dist-packages/airflow/providers/http/hooks/http.py", line 188, in run
    return self.run_and_check(session, prepped_request, extra_options)
  File "/usr/local/lib/python3.10/dist-packages/airflow/providers/http/hooks/http.py", line 239, in run_and_check
    self.check_response(response)
  File "/usr/local/lib/python3.10/dist-packages/airflow/providers/http/hooks/http.py", line 202, in check_response
    raise AirflowException(str(response.status_code) + ":" + response.reason)
airflow.exceptions.AirflowException: 409:Conflict
[2024-08-02T13:53:49.086+0700] {taskinstance.py:1206} INFO - Marking task as UP_FOR_RETRY. dag_id=data_pipeline_supermarket, task_id=airbyte_trigger_sync_0, run_id=scheduled__2024-08-01T00:00:00+00:00, execution_date=20240801T000000, start_date=20240802T065348, end_date=20240802T065349
[2024-08-02T13:53:49.114+0700] {standard_task_runner.py:110} ERROR - Failed to execute job 105 for task airbyte_trigger_sync_0 (409:Conflict; 6363)
[2024-08-02T13:53:49.131+0700] {local_task_job_runner.py:243} INFO - Task exited with return code 1
[2024-08-02T13:53:49.144+0700] {logging_mixin.py:188} WARNING - /usr/local/lib/python3.10/dist-packages/airflow/models/baseoperator.py:1297 AirflowProviderDeprecationWarning: Call to deprecated class PostgresOperator. (Please use `airflow.providers.common.sql.operators.sql.SQLExecuteQueryOperator`.Also, you can provide `hook_params={'schema': <database>}`.)
[2024-08-02T13:53:49.162+0700] {taskinstance.py:3503} INFO - 0 downstream tasks scheduled from follow-on schedule check
[2024-08-02T13:53:49.163+0700] {local_task_job_runner.py:222} INFO - ::endgroup::
