[2024-08-03T11:43:20.579+0700] {local_task_job_runner.py:120} INFO - ::group::Pre task execution logs
[2024-08-03T11:43:20.590+0700] {taskinstance.py:2076} INFO - Dependencies all met for dep_context=non-requeueable deps ti=<TaskInstance: data_pipeline_supermarket_2.offload_to_s3_aisles manual__2024-08-03T04:43:16.255435+00:00 [queued]>
[2024-08-03T11:43:20.598+0700] {taskinstance.py:2076} INFO - Dependencies all met for dep_context=requeueable deps ti=<TaskInstance: data_pipeline_supermarket_2.offload_to_s3_aisles manual__2024-08-03T04:43:16.255435+00:00 [queued]>
[2024-08-03T11:43:20.598+0700] {taskinstance.py:2306} INFO - Starting attempt 1 of 2
[2024-08-03T11:43:20.622+0700] {taskinstance.py:2330} INFO - Executing <Task(BashOperator): offload_to_s3_aisles> on 2024-08-03 04:43:16.255435+00:00
[2024-08-03T11:43:20.627+0700] {standard_task_runner.py:64} INFO - Started process 35298 to run task
[2024-08-03T11:43:20.639+0700] {standard_task_runner.py:90} INFO - Running: ['airflow', 'tasks', 'run', 'data_pipeline_supermarket_2', 'offload_to_s3_aisles', 'manual__2024-08-03T04:43:16.255435+00:00', '--job-id', '221', '--raw', '--subdir', 'DAGS_FOLDER/data_pipeline_supermarket_2.py', '--cfg-path', '/tmp/tmptrms8erl']
[2024-08-03T11:43:20.645+0700] {standard_task_runner.py:91} INFO - Job 221: Subtask offload_to_s3_aisles
[2024-08-03T11:43:20.904+0700] {task_command.py:426} INFO - Running <TaskInstance: data_pipeline_supermarket_2.offload_to_s3_aisles manual__2024-08-03T04:43:16.255435+00:00 [running]> on host DESKTOP-RHVHV7A.
[2024-08-03T11:43:21.082+0700] {taskinstance.py:2648} INFO - Exporting env vars: AIRFLOW_CTX_DAG_OWNER='airflow' AIRFLOW_CTX_DAG_ID='data_pipeline_supermarket_2' AIRFLOW_CTX_TASK_ID='offload_to_s3_aisles' AIRFLOW_CTX_EXECUTION_DATE='2024-08-03T04:43:16.255435+00:00' AIRFLOW_CTX_TRY_NUMBER='1' AIRFLOW_CTX_DAG_RUN_ID='manual__2024-08-03T04:43:16.255435+00:00'
[2024-08-03T11:43:21.083+0700] {taskinstance.py:430} INFO - ::endgroup::
[2024-08-03T11:43:21.110+0700] {subprocess.py:63} INFO - Tmp dir root location: /tmp
[2024-08-03T11:43:21.113+0700] {subprocess.py:75} INFO - Running command: ['/usr/bin/bash', '-c', 'aws s3 cp "/mnt/f/AllCode/Data Engineer/raw_data_supermarket/aisles.csv" s3://quannm-07252024-demo/supermarket-data//raw_data/raw_data_supermarket/aisles.csv']
[2024-08-03T11:43:21.125+0700] {subprocess.py:86} INFO - Output:
[2024-08-03T11:43:24.074+0700] {subprocess.py:93} INFO - Completed 2.5 KiB/2.5 KiB (1.4 KiB/s) with 1 file(s) remainingupload: ../../mnt/f/AllCode/Data Engineer/raw_data_supermarket/aisles.csv to s3://quannm-07252024-demo/supermarket-data//raw_data/raw_data_supermarket/aisles.csv
[2024-08-03T11:43:24.259+0700] {subprocess.py:97} INFO - Command exited with return code 0
[2024-08-03T11:43:24.260+0700] {taskinstance.py:441} INFO - ::group::Post task execution logs
[2024-08-03T11:43:24.293+0700] {taskinstance.py:1206} INFO - Marking task as SUCCESS. dag_id=data_pipeline_supermarket_2, task_id=offload_to_s3_aisles, run_id=manual__2024-08-03T04:43:16.255435+00:00, execution_date=20240803T044316, start_date=20240803T044320, end_date=20240803T044324
[2024-08-03T11:43:24.356+0700] {local_task_job_runner.py:243} INFO - Task exited with return code 0
[2024-08-03T11:43:24.368+0700] {logging_mixin.py:188} WARNING - /usr/local/lib/python3.10/dist-packages/airflow/models/baseoperator.py:1297 AirflowProviderDeprecationWarning: Call to deprecated class PostgresOperator. (Please use `airflow.providers.common.sql.operators.sql.SQLExecuteQueryOperator`.Also, you can provide `hook_params={'schema': <database>}`.)
[2024-08-03T11:43:24.385+0700] {taskinstance.py:3503} INFO - 0 downstream tasks scheduled from follow-on schedule check
[2024-08-03T11:43:24.385+0700] {local_task_job_runner.py:222} INFO - ::endgroup::
