[2024-08-03T11:03:45.694+0700] {local_task_job_runner.py:120} INFO - ::group::Pre task execution logs
[2024-08-03T11:03:45.706+0700] {taskinstance.py:2076} INFO - Dependencies all met for dep_context=non-requeueable deps ti=<TaskInstance: data_pipeline_supermarket_2.copy_table_fct_user_orders manual__2024-08-03T03:55:46.320694+00:00 [queued]>
[2024-08-03T11:03:45.714+0700] {taskinstance.py:2076} INFO - Dependencies all met for dep_context=requeueable deps ti=<TaskInstance: data_pipeline_supermarket_2.copy_table_fct_user_orders manual__2024-08-03T03:55:46.320694+00:00 [queued]>
[2024-08-03T11:03:45.715+0700] {taskinstance.py:2306} INFO - Starting attempt 2 of 2
[2024-08-03T11:03:45.739+0700] {taskinstance.py:2330} INFO - Executing <Task(PostgresOperator): copy_table_fct_user_orders> on 2024-08-03 03:55:46.320694+00:00
[2024-08-03T11:03:45.744+0700] {standard_task_runner.py:90} INFO - Running: ['airflow', 'tasks', 'run', 'data_pipeline_supermarket_2', 'copy_table_fct_user_orders', 'manual__2024-08-03T03:55:46.320694+00:00', '--job-id', '191', '--raw', '--subdir', 'DAGS_FOLDER/data_pipeline_supermarket_2.py', '--cfg-path', '/tmp/tmpholcvzm8']
[2024-08-03T11:03:45.743+0700] {standard_task_runner.py:64} INFO - Started process 24640 to run task
[2024-08-03T11:03:45.745+0700] {standard_task_runner.py:91} INFO - Job 191: Subtask copy_table_fct_user_orders
[2024-08-03T11:03:45.786+0700] {task_command.py:426} INFO - Running <TaskInstance: data_pipeline_supermarket_2.copy_table_fct_user_orders manual__2024-08-03T03:55:46.320694+00:00 [running]> on host DESKTOP-RHVHV7A.
[2024-08-03T11:03:45.885+0700] {taskinstance.py:2648} INFO - Exporting env vars: AIRFLOW_CTX_DAG_OWNER='airflow' AIRFLOW_CTX_DAG_ID='data_pipeline_supermarket_2' AIRFLOW_CTX_TASK_ID='copy_table_fct_user_orders' AIRFLOW_CTX_EXECUTION_DATE='2024-08-03T03:55:46.320694+00:00' AIRFLOW_CTX_TRY_NUMBER='2' AIRFLOW_CTX_DAG_RUN_ID='manual__2024-08-03T03:55:46.320694+00:00'
[2024-08-03T11:03:45.886+0700] {taskinstance.py:430} INFO - ::endgroup::
[2024-08-03T11:03:45.905+0700] {sql.py:282} INFO - Executing: 
        COPY fct_user_orders TO 'F:/AllCode/Data Engineer/fct_user_orders.csv' CSV HEADER;
        
[2024-08-03T11:03:45.910+0700] {base.py:84} INFO - Using connection ID 'postgres_supermarket' for task execution.
[2024-08-03T11:03:45.945+0700] {base.py:84} INFO - Using connection ID 'postgres_supermarket' for task execution.
[2024-08-03T11:03:45.978+0700] {sql.py:495} INFO - Running statement: 
        COPY fct_user_orders TO 'F:/AllCode/Data Engineer/fct_user_orders.csv' CSV HEADER;
        , parameters: None
[2024-08-03T11:03:45.986+0700] {taskinstance.py:441} INFO - ::group::Post task execution logs
[2024-08-03T11:03:45.987+0700] {taskinstance.py:2905} ERROR - Task failed with exception
Traceback (most recent call last):
  File "/usr/local/lib/python3.10/dist-packages/airflow/models/taskinstance.py", line 465, in _execute_task
    result = _execute_callable(context=context, **execute_callable_kwargs)
  File "/usr/local/lib/python3.10/dist-packages/airflow/models/taskinstance.py", line 432, in _execute_callable
    return execute_callable(context=context, **execute_callable_kwargs)
  File "/usr/local/lib/python3.10/dist-packages/airflow/models/baseoperator.py", line 401, in wrapper
    return func(self, *args, **kwargs)
  File "/usr/local/lib/python3.10/dist-packages/airflow/providers/common/sql/operators/sql.py", line 288, in execute
    output = hook.run(
  File "/usr/local/lib/python3.10/dist-packages/airflow/providers/common/sql/hooks/sql.py", line 442, in run
    self._run_command(cur, sql_statement, parameters)
  File "/usr/local/lib/python3.10/dist-packages/airflow/providers/common/sql/hooks/sql.py", line 500, in _run_command
    cur.execute(sql_statement)
psycopg2.errors.UndefinedTable: relation "fct_user_orders" does not exist

[2024-08-03T11:03:45.991+0700] {taskinstance.py:1206} INFO - Marking task as FAILED. dag_id=data_pipeline_supermarket_2, task_id=copy_table_fct_user_orders, run_id=manual__2024-08-03T03:55:46.320694+00:00, execution_date=20240803T035546, start_date=20240803T040345, end_date=20240803T040345
[2024-08-03T11:03:46.014+0700] {standard_task_runner.py:110} ERROR - Failed to execute job 191 for task copy_table_fct_user_orders (relation "fct_user_orders" does not exist
; 24640)
[2024-08-03T11:03:46.044+0700] {local_task_job_runner.py:243} INFO - Task exited with return code 1
[2024-08-03T11:03:46.052+0700] {logging_mixin.py:188} WARNING - /usr/local/lib/python3.10/dist-packages/airflow/models/baseoperator.py:1297 AirflowProviderDeprecationWarning: Call to deprecated class PostgresOperator. (Please use `airflow.providers.common.sql.operators.sql.SQLExecuteQueryOperator`.Also, you can provide `hook_params={'schema': <database>}`.)
[2024-08-03T11:03:46.060+0700] {taskinstance.py:3503} INFO - 0 downstream tasks scheduled from follow-on schedule check
[2024-08-03T11:03:46.078+0700] {local_task_job_runner.py:222} INFO - ::endgroup::
