[2024-08-03T16:59:33.766+0700] {local_task_job_runner.py:120} INFO - ::group::Pre task execution logs
[2024-08-03T16:59:33.785+0700] {taskinstance.py:2076} INFO - Dependencies all met for dep_context=non-requeueable deps ti=<TaskInstance: data_pipeline_supermarket_2.airbyte_check_sync_1 manual__2024-08-03T09:57:39.902554+00:00 [queued]>
[2024-08-03T16:59:33.796+0700] {taskinstance.py:2076} INFO - Dependencies all met for dep_context=requeueable deps ti=<TaskInstance: data_pipeline_supermarket_2.airbyte_check_sync_1 manual__2024-08-03T09:57:39.902554+00:00 [queued]>
[2024-08-03T16:59:33.796+0700] {taskinstance.py:2306} INFO - Starting attempt 1 of 2
[2024-08-03T16:59:33.837+0700] {taskinstance.py:2330} INFO - Executing <Task(AirbyteJobSensor): airbyte_check_sync_1> on 2024-08-03 09:57:39.902554+00:00
[2024-08-03T16:59:33.841+0700] {standard_task_runner.py:64} INFO - Started process 3122 to run task
[2024-08-03T16:59:33.851+0700] {standard_task_runner.py:90} INFO - Running: ['airflow', 'tasks', 'run', 'data_pipeline_supermarket_2', 'airbyte_check_sync_1', 'manual__2024-08-03T09:57:39.902554+00:00', '--job-id', '282', '--raw', '--subdir', 'DAGS_FOLDER/data_pipeline_supermarket_2.py', '--cfg-path', '/tmp/tmpg25tgnb1']
[2024-08-03T16:59:33.852+0700] {standard_task_runner.py:91} INFO - Job 282: Subtask airbyte_check_sync_1
[2024-08-03T16:59:33.916+0700] {task_command.py:426} INFO - Running <TaskInstance: data_pipeline_supermarket_2.airbyte_check_sync_1 manual__2024-08-03T09:57:39.902554+00:00 [running]> on host DESKTOP-RHVHV7A.
[2024-08-03T16:59:34.065+0700] {taskinstance.py:2648} INFO - Exporting env vars: AIRFLOW_CTX_DAG_OWNER='airflow' AIRFLOW_CTX_DAG_ID='data_pipeline_supermarket_2' AIRFLOW_CTX_TASK_ID='airbyte_check_sync_1' AIRFLOW_CTX_EXECUTION_DATE='2024-08-03T09:57:39.902554+00:00' AIRFLOW_CTX_TRY_NUMBER='1' AIRFLOW_CTX_DAG_RUN_ID='manual__2024-08-03T09:57:39.902554+00:00'
[2024-08-03T16:59:34.067+0700] {taskinstance.py:430} INFO - ::endgroup::
[2024-08-03T16:59:34.107+0700] {baseoperator.py:400} WARNING - AirbyteJobSensor.execute cannot be called outside TaskInstance!
[2024-08-03T16:59:34.111+0700] {base.py:84} INFO - Using connection ID 'airflow-call-to-airbyte-example' for task execution.
[2024-08-03T16:59:34.176+0700] {airbyte.py:108} INFO - Job 21 completed successfully.
[2024-08-03T16:59:34.177+0700] {base.py:294} INFO - Success criteria met. Exiting.
[2024-08-03T16:59:34.177+0700] {taskinstance.py:441} INFO - ::group::Post task execution logs
[2024-08-03T16:59:34.181+0700] {taskinstance.py:1206} INFO - Marking task as SUCCESS. dag_id=data_pipeline_supermarket_2, task_id=airbyte_check_sync_1, run_id=manual__2024-08-03T09:57:39.902554+00:00, execution_date=20240803T095739, start_date=20240803T095933, end_date=20240803T095934
[2024-08-03T16:59:34.227+0700] {local_task_job_runner.py:243} INFO - Task exited with return code 0
[2024-08-03T16:59:34.240+0700] {logging_mixin.py:188} WARNING - /usr/local/lib/python3.10/dist-packages/airflow/models/baseoperator.py:1297 AirflowProviderDeprecationWarning: Call to deprecated class PostgresOperator. (Please use `airflow.providers.common.sql.operators.sql.SQLExecuteQueryOperator`.Also, you can provide `hook_params={'schema': <database>}`.)
[2024-08-03T16:59:34.274+0700] {taskinstance.py:3503} INFO - 0 downstream tasks scheduled from follow-on schedule check
[2024-08-03T16:59:34.274+0700] {local_task_job_runner.py:222} INFO - ::endgroup::
