[2024-08-03T11:22:00.366+0700] {local_task_job_runner.py:120} INFO - ::group::Pre task execution logs
[2024-08-03T11:22:00.381+0700] {taskinstance.py:2076} INFO - Dependencies all met for dep_context=non-requeueable deps ti=<TaskInstance: list_postgres_s3.connect_supermarket_schema manual__2024-08-03T04:21:56.037992+00:00 [queued]>
[2024-08-03T11:22:00.388+0700] {taskinstance.py:2076} INFO - Dependencies all met for dep_context=requeueable deps ti=<TaskInstance: list_postgres_s3.connect_supermarket_schema manual__2024-08-03T04:21:56.037992+00:00 [queued]>
[2024-08-03T11:22:00.388+0700] {taskinstance.py:2306} INFO - Starting attempt 1 of 1
[2024-08-03T11:22:00.413+0700] {taskinstance.py:2330} INFO - Executing <Task(PostgresOperator): connect_supermarket_schema> on 2024-08-03 04:21:56.037992+00:00
[2024-08-03T11:22:00.416+0700] {standard_task_runner.py:64} INFO - Started process 29533 to run task
[2024-08-03T11:22:00.418+0700] {standard_task_runner.py:90} INFO - Running: ['airflow', 'tasks', 'run', 'list_postgres_s3', 'connect_supermarket_schema', 'manual__2024-08-03T04:21:56.037992+00:00', '--job-id', '206', '--raw', '--subdir', 'DAGS_FOLDER/list_postgres_s3.py', '--cfg-path', '/tmp/tmpcp9bab2y']
[2024-08-03T11:22:00.419+0700] {standard_task_runner.py:91} INFO - Job 206: Subtask connect_supermarket_schema
[2024-08-03T11:22:00.455+0700] {task_command.py:426} INFO - Running <TaskInstance: list_postgres_s3.connect_supermarket_schema manual__2024-08-03T04:21:56.037992+00:00 [running]> on host DESKTOP-RHVHV7A.
[2024-08-03T11:22:00.531+0700] {taskinstance.py:2648} INFO - Exporting env vars: AIRFLOW_CTX_DAG_OWNER='airflow' AIRFLOW_CTX_DAG_ID='list_postgres_s3' AIRFLOW_CTX_TASK_ID='connect_supermarket_schema' AIRFLOW_CTX_EXECUTION_DATE='2024-08-03T04:21:56.037992+00:00' AIRFLOW_CTX_TRY_NUMBER='1' AIRFLOW_CTX_DAG_RUN_ID='manual__2024-08-03T04:21:56.037992+00:00'
[2024-08-03T11:22:00.531+0700] {taskinstance.py:430} INFO - ::endgroup::
[2024-08-03T11:22:00.543+0700] {sql.py:282} INFO - Executing: 
    SET search_path TO supermarket;
    
[2024-08-03T11:22:00.547+0700] {base.py:84} INFO - Using connection ID 'postgres_supermarket' for task execution.
[2024-08-03T11:22:00.568+0700] {base.py:84} INFO - Using connection ID 'postgres_supermarket' for task execution.
[2024-08-03T11:22:00.601+0700] {sql.py:495} INFO - Running statement: 
    SET search_path TO supermarket;
    , parameters: None
[2024-08-03T11:22:00.603+0700] {taskinstance.py:441} INFO - ::group::Post task execution logs
[2024-08-03T11:22:00.606+0700] {taskinstance.py:1206} INFO - Marking task as SUCCESS. dag_id=list_postgres_s3, task_id=connect_supermarket_schema, run_id=manual__2024-08-03T04:21:56.037992+00:00, execution_date=20240803T042156, start_date=20240803T042200, end_date=20240803T042200
[2024-08-03T11:22:00.672+0700] {local_task_job_runner.py:243} INFO - Task exited with return code 0
[2024-08-03T11:22:00.680+0700] {logging_mixin.py:188} WARNING - /usr/local/lib/python3.10/dist-packages/airflow/models/baseoperator.py:1297 AirflowProviderDeprecationWarning: Call to deprecated class PostgresOperator. (Please use `airflow.providers.common.sql.operators.sql.SQLExecuteQueryOperator`.Also, you can provide `hook_params={'schema': <database>}`.)
[2024-08-03T11:22:00.694+0700] {taskinstance.py:3503} INFO - 4 downstream tasks scheduled from follow-on schedule check
[2024-08-03T11:22:00.709+0700] {local_task_job_runner.py:222} INFO - ::endgroup::
