[2024-08-03T10:57:17.786+0700] {local_task_job_runner.py:120} INFO - ::group::Pre task execution logs
[2024-08-03T10:57:17.797+0700] {taskinstance.py:2076} INFO - Dependencies all met for dep_context=non-requeueable deps ti=<TaskInstance: data_pipeline_supermarket_2.airbyte_check_sync_2 manual__2024-08-03T03:55:46.320694+00:00 [queued]>
[2024-08-03T10:57:17.805+0700] {taskinstance.py:2076} INFO - Dependencies all met for dep_context=requeueable deps ti=<TaskInstance: data_pipeline_supermarket_2.airbyte_check_sync_2 manual__2024-08-03T03:55:46.320694+00:00 [queued]>
[2024-08-03T10:57:17.805+0700] {taskinstance.py:2306} INFO - Starting attempt 1 of 2
[2024-08-03T10:57:17.828+0700] {taskinstance.py:2330} INFO - Executing <Task(AirbyteJobSensor): airbyte_check_sync_2> on 2024-08-03 03:55:46.320694+00:00
[2024-08-03T10:57:17.831+0700] {standard_task_runner.py:64} INFO - Started process 22863 to run task
[2024-08-03T10:57:17.834+0700] {standard_task_runner.py:90} INFO - Running: ['airflow', 'tasks', 'run', 'data_pipeline_supermarket_2', 'airbyte_check_sync_2', 'manual__2024-08-03T03:55:46.320694+00:00', '--job-id', '183', '--raw', '--subdir', 'DAGS_FOLDER/data_pipeline_supermarket_2.py', '--cfg-path', '/tmp/tmpsynkxi8p']
[2024-08-03T10:57:17.835+0700] {standard_task_runner.py:91} INFO - Job 183: Subtask airbyte_check_sync_2
[2024-08-03T10:57:17.877+0700] {task_command.py:426} INFO - Running <TaskInstance: data_pipeline_supermarket_2.airbyte_check_sync_2 manual__2024-08-03T03:55:46.320694+00:00 [running]> on host DESKTOP-RHVHV7A.
[2024-08-03T10:57:17.968+0700] {taskinstance.py:2648} INFO - Exporting env vars: AIRFLOW_CTX_DAG_OWNER='airflow' AIRFLOW_CTX_DAG_ID='data_pipeline_supermarket_2' AIRFLOW_CTX_TASK_ID='airbyte_check_sync_2' AIRFLOW_CTX_EXECUTION_DATE='2024-08-03T03:55:46.320694+00:00' AIRFLOW_CTX_TRY_NUMBER='1' AIRFLOW_CTX_DAG_RUN_ID='manual__2024-08-03T03:55:46.320694+00:00'
[2024-08-03T10:57:17.969+0700] {taskinstance.py:430} INFO - ::endgroup::
[2024-08-03T10:57:17.980+0700] {baseoperator.py:400} WARNING - AirbyteJobSensor.execute cannot be called outside TaskInstance!
[2024-08-03T10:57:17.985+0700] {base.py:84} INFO - Using connection ID 'airflow-call-to-airbyte-example' for task execution.
[2024-08-03T10:57:18.002+0700] {airbyte.py:113} INFO - Waiting for job 8 to complete.
[2024-08-03T10:58:18.052+0700] {base.py:84} INFO - Using connection ID 'airflow-call-to-airbyte-example' for task execution.
[2024-08-03T10:58:18.064+0700] {airbyte.py:108} INFO - Job 8 completed successfully.
[2024-08-03T10:58:18.064+0700] {base.py:294} INFO - Success criteria met. Exiting.
[2024-08-03T10:58:18.065+0700] {taskinstance.py:441} INFO - ::group::Post task execution logs
[2024-08-03T10:58:18.069+0700] {taskinstance.py:1206} INFO - Marking task as SUCCESS. dag_id=data_pipeline_supermarket_2, task_id=airbyte_check_sync_2, run_id=manual__2024-08-03T03:55:46.320694+00:00, execution_date=20240803T035546, start_date=20240803T035717, end_date=20240803T035818
[2024-08-03T10:58:18.113+0700] {local_task_job_runner.py:243} INFO - Task exited with return code 0
[2024-08-03T10:58:18.120+0700] {logging_mixin.py:188} WARNING - /usr/local/lib/python3.10/dist-packages/airflow/models/baseoperator.py:1297 AirflowProviderDeprecationWarning: Call to deprecated class PostgresOperator. (Please use `airflow.providers.common.sql.operators.sql.SQLExecuteQueryOperator`.Also, you can provide `hook_params={'schema': <database>}`.)
[2024-08-03T10:58:18.139+0700] {taskinstance.py:3503} INFO - 1 downstream tasks scheduled from follow-on schedule check
[2024-08-03T10:58:18.162+0700] {local_task_job_runner.py:222} INFO - ::endgroup::
