[2024-08-03T14:47:23.988+0700] {local_task_job_runner.py:120} INFO - ::group::Pre task execution logs
[2024-08-03T14:47:24.007+0700] {taskinstance.py:2076} INFO - Dependencies all met for dep_context=non-requeueable deps ti=<TaskInstance: data_pipeline_supermarket_2.dbt_run manual__2024-08-03T07:44:17.670945+00:00 [queued]>
[2024-08-03T14:47:24.020+0700] {taskinstance.py:2076} INFO - Dependencies all met for dep_context=requeueable deps ti=<TaskInstance: data_pipeline_supermarket_2.dbt_run manual__2024-08-03T07:44:17.670945+00:00 [queued]>
[2024-08-03T14:47:24.021+0700] {taskinstance.py:2306} INFO - Starting attempt 1 of 2
[2024-08-03T14:47:24.046+0700] {taskinstance.py:2330} INFO - Executing <Task(BashOperator): dbt_run> on 2024-08-03 07:44:17.670945+00:00
[2024-08-03T14:47:24.051+0700] {standard_task_runner.py:64} INFO - Started process 3127 to run task
[2024-08-03T14:47:24.053+0700] {standard_task_runner.py:90} INFO - Running: ['airflow', 'tasks', 'run', 'data_pipeline_supermarket_2', 'dbt_run', 'manual__2024-08-03T07:44:17.670945+00:00', '--job-id', '250', '--raw', '--subdir', 'DAGS_FOLDER/data_pipeline_supermarket_2.py', '--cfg-path', '/tmp/tmp6nt6qaqs']
[2024-08-03T14:47:24.054+0700] {standard_task_runner.py:91} INFO - Job 250: Subtask dbt_run
[2024-08-03T14:47:24.099+0700] {task_command.py:426} INFO - Running <TaskInstance: data_pipeline_supermarket_2.dbt_run manual__2024-08-03T07:44:17.670945+00:00 [running]> on host DESKTOP-RHVHV7A.
[2024-08-03T14:47:24.181+0700] {taskinstance.py:2648} INFO - Exporting env vars: AIRFLOW_CTX_DAG_OWNER='airflow' AIRFLOW_CTX_DAG_ID='data_pipeline_supermarket_2' AIRFLOW_CTX_TASK_ID='dbt_run' AIRFLOW_CTX_EXECUTION_DATE='2024-08-03T07:44:17.670945+00:00' AIRFLOW_CTX_TRY_NUMBER='1' AIRFLOW_CTX_DAG_RUN_ID='manual__2024-08-03T07:44:17.670945+00:00'
[2024-08-03T14:47:24.181+0700] {taskinstance.py:430} INFO - ::endgroup::
[2024-08-03T14:47:24.193+0700] {subprocess.py:63} INFO - Tmp dir root location: /tmp
[2024-08-03T14:47:24.194+0700] {subprocess.py:75} INFO - Running command: ['/usr/bin/bash', '-c', 'cd /root/project/dbt_supermarket && dbt run']
[2024-08-03T14:47:24.202+0700] {subprocess.py:86} INFO - Output:
[2024-08-03T14:47:26.152+0700] {subprocess.py:93} INFO - [0m07:47:26  Running with dbt=1.8.4
[2024-08-03T14:47:26.476+0700] {subprocess.py:93} INFO - [0m07:47:26  Registered adapter: postgres=1.8.2
[2024-08-03T14:47:30.819+0700] {subprocess.py:93} INFO - [0m07:47:30  Found 9 models, 1 analysis, 5 seeds, 14 data tests, 5 sources, 820 macros
[2024-08-03T14:47:30.830+0700] {subprocess.py:93} INFO - [0m07:47:30
[2024-08-03T14:47:31.402+0700] {subprocess.py:93} INFO - [0m07:47:31  Concurrency: 5 threads (target='dev')
[2024-08-03T14:47:31.404+0700] {subprocess.py:93} INFO - [0m07:47:31
[2024-08-03T14:47:31.412+0700] {subprocess.py:93} INFO - [0m07:47:31  1 of 9 START sql view model supermarket.stg_supermarket__aisles ................ [RUN]
[2024-08-03T14:47:31.413+0700] {subprocess.py:93} INFO - [0m07:47:31  2 of 9 START sql view model supermarket.stg_supermarket__departments ........... [RUN]
[2024-08-03T14:47:31.416+0700] {subprocess.py:93} INFO - [0m07:47:31  3 of 9 START sql view model supermarket.stg_supermarket__order_products ........ [RUN]
[2024-08-03T14:47:31.418+0700] {subprocess.py:93} INFO - [0m07:47:31  4 of 9 START sql view model supermarket.stg_supermarket__orders_small_version .. [RUN]
[2024-08-03T14:47:31.420+0700] {subprocess.py:93} INFO - [0m07:47:31  5 of 9 START sql view model supermarket.stg_supermarket__products .............. [RUN]
[2024-08-03T14:47:31.943+0700] {subprocess.py:93} INFO - [0m07:47:31  1 of 9 OK created sql view model supermarket.stg_supermarket__aisles ........... [[32mCREATE VIEW[0m in 0.51s]
[2024-08-03T14:47:31.946+0700] {subprocess.py:93} INFO - [0m07:47:31  3 of 9 OK created sql view model supermarket.stg_supermarket__order_products ... [[32mCREATE VIEW[0m in 0.51s]
[2024-08-03T14:47:31.948+0700] {subprocess.py:93} INFO - [0m07:47:31  2 of 9 OK created sql view model supermarket.stg_supermarket__departments ...... [[32mCREATE VIEW[0m in 0.51s]
[2024-08-03T14:47:31.950+0700] {subprocess.py:93} INFO - [0m07:47:31  5 of 9 OK created sql view model supermarket.stg_supermarket__products ......... [[32mCREATE VIEW[0m in 0.51s]
[2024-08-03T14:47:31.952+0700] {subprocess.py:93} INFO - [0m07:47:31  4 of 9 OK created sql view model supermarket.stg_supermarket__orders_small_version  [[32mCREATE VIEW[0m in 0.51s]
[2024-08-03T14:47:31.969+0700] {subprocess.py:93} INFO - [0m07:47:31  6 of 9 START sql table model supermarket.dim_aisles ............................ [RUN]
[2024-08-03T14:47:31.971+0700] {subprocess.py:93} INFO - [0m07:47:31  7 of 9 START sql table model supermarket.dim_departments ....................... [RUN]
[2024-08-03T14:47:31.973+0700] {subprocess.py:93} INFO - [0m07:47:31  8 of 9 START sql table model supermarket.dim_products .......................... [RUN]
[2024-08-03T14:47:31.974+0700] {subprocess.py:93} INFO - [0m07:47:31  9 of 9 START sql table model supermarket.fct_user_orders ....................... [RUN]
[2024-08-03T14:47:32.413+0700] {subprocess.py:93} INFO - [0m07:47:32  6 of 9 OK created sql table model supermarket.dim_aisles ....................... [[32mSELECT 134[0m in 0.43s]
[2024-08-03T14:47:32.438+0700] {subprocess.py:93} INFO - [0m07:47:32  7 of 9 OK created sql table model supermarket.dim_departments .................. [[32mSELECT 21[0m in 0.46s]
[2024-08-03T14:47:32.441+0700] {subprocess.py:93} INFO - [0m07:47:32  8 of 9 OK created sql table model supermarket.dim_products ..................... [[32mSELECT 49688[0m in 0.46s]
[2024-08-03T14:47:33.208+0700] {subprocess.py:93} INFO - [0m07:47:33  9 of 9 OK created sql table model supermarket.fct_user_orders .................. [[32mSELECT 139003[0m in 1.22s]
[2024-08-03T14:47:33.273+0700] {subprocess.py:93} INFO - [0m07:47:33
[2024-08-03T14:47:33.274+0700] {subprocess.py:93} INFO - [0m07:47:33  Finished running 5 view models, 4 table models in 0 hours 0 minutes and 2.44 seconds (2.44s).
[2024-08-03T14:47:33.367+0700] {subprocess.py:93} INFO - [0m07:47:33
[2024-08-03T14:47:33.369+0700] {subprocess.py:93} INFO - [0m07:47:33  [32mCompleted successfully[0m
[2024-08-03T14:47:33.370+0700] {subprocess.py:93} INFO - [0m07:47:33
[2024-08-03T14:47:33.372+0700] {subprocess.py:93} INFO - [0m07:47:33  Done. PASS=9 WARN=0 ERROR=0 SKIP=0 TOTAL=9
[2024-08-03T14:47:35.273+0700] {subprocess.py:97} INFO - Command exited with return code 0
[2024-08-03T14:47:35.274+0700] {taskinstance.py:441} INFO - ::group::Post task execution logs
[2024-08-03T14:47:35.303+0700] {taskinstance.py:1206} INFO - Marking task as SUCCESS. dag_id=data_pipeline_supermarket_2, task_id=dbt_run, run_id=manual__2024-08-03T07:44:17.670945+00:00, execution_date=20240803T074417, start_date=20240803T074724, end_date=20240803T074735
[2024-08-03T14:47:35.336+0700] {local_task_job_runner.py:243} INFO - Task exited with return code 0
[2024-08-03T14:47:35.346+0700] {logging_mixin.py:188} WARNING - /usr/local/lib/python3.10/dist-packages/airflow/models/baseoperator.py:1297 AirflowProviderDeprecationWarning: Call to deprecated class PostgresOperator. (Please use `airflow.providers.common.sql.operators.sql.SQLExecuteQueryOperator`.Also, you can provide `hook_params={'schema': <database>}`.)
[2024-08-03T14:47:35.360+0700] {taskinstance.py:3503} INFO - 1 downstream tasks scheduled from follow-on schedule check
[2024-08-03T14:47:35.375+0700] {local_task_job_runner.py:222} INFO - ::endgroup::
