[2024-08-01T19:00:21.648+0700] {processor.py:161} INFO - Started process (PID=8734) to work on /usr/local/lib/python3.10/dist-packages/airflow/example_dags/plugins/event_listener.py
[2024-08-01T19:00:21.649+0700] {processor.py:830} INFO - Processing file /usr/local/lib/python3.10/dist-packages/airflow/example_dags/plugins/event_listener.py for tasks to queue
[2024-08-01T19:00:21.650+0700] {logging_mixin.py:188} INFO - [2024-08-01T19:00:21.650+0700] {dagbag.py:545} INFO - Filling up the DagBag from /usr/local/lib/python3.10/dist-packages/airflow/example_dags/plugins/event_listener.py
[2024-08-01T19:00:21.651+0700] {processor.py:842} WARNING - No viable dags retrieved from /usr/local/lib/python3.10/dist-packages/airflow/example_dags/plugins/event_listener.py
[2024-08-01T19:00:21.657+0700] {processor.py:183} INFO - Processing /usr/local/lib/python3.10/dist-packages/airflow/example_dags/plugins/event_listener.py took 0.013 seconds
[2024-08-01T19:00:52.196+0700] {processor.py:161} INFO - Started process (PID=9078) to work on /usr/local/lib/python3.10/dist-packages/airflow/example_dags/plugins/event_listener.py
[2024-08-01T19:00:52.198+0700] {processor.py:830} INFO - Processing file /usr/local/lib/python3.10/dist-packages/airflow/example_dags/plugins/event_listener.py for tasks to queue
[2024-08-01T19:00:52.199+0700] {logging_mixin.py:188} INFO - [2024-08-01T19:00:52.199+0700] {dagbag.py:545} INFO - Filling up the DagBag from /usr/local/lib/python3.10/dist-packages/airflow/example_dags/plugins/event_listener.py
[2024-08-01T19:00:52.200+0700] {processor.py:842} WARNING - No viable dags retrieved from /usr/local/lib/python3.10/dist-packages/airflow/example_dags/plugins/event_listener.py
[2024-08-01T19:00:52.206+0700] {processor.py:183} INFO - Processing /usr/local/lib/python3.10/dist-packages/airflow/example_dags/plugins/event_listener.py took 0.013 seconds
[2024-08-01T19:01:20.766+0700] {processor.py:161} INFO - Started process (PID=9530) to work on /usr/local/lib/python3.10/dist-packages/airflow/example_dags/plugins/event_listener.py
[2024-08-01T19:01:20.767+0700] {processor.py:830} INFO - Processing file /usr/local/lib/python3.10/dist-packages/airflow/example_dags/plugins/event_listener.py for tasks to queue
[2024-08-01T19:01:20.769+0700] {logging_mixin.py:188} INFO - [2024-08-01T19:01:20.768+0700] {dagbag.py:545} INFO - Filling up the DagBag from /usr/local/lib/python3.10/dist-packages/airflow/example_dags/plugins/event_listener.py
[2024-08-01T19:01:20.770+0700] {processor.py:842} WARNING - No viable dags retrieved from /usr/local/lib/python3.10/dist-packages/airflow/example_dags/plugins/event_listener.py
[2024-08-01T19:01:20.777+0700] {processor.py:183} INFO - Processing /usr/local/lib/python3.10/dist-packages/airflow/example_dags/plugins/event_listener.py took 0.015 seconds
[2024-08-01T19:01:51.180+0700] {processor.py:161} INFO - Started process (PID=9917) to work on /usr/local/lib/python3.10/dist-packages/airflow/example_dags/plugins/event_listener.py
[2024-08-01T19:01:51.186+0700] {processor.py:830} INFO - Processing file /usr/local/lib/python3.10/dist-packages/airflow/example_dags/plugins/event_listener.py for tasks to queue
[2024-08-01T19:01:51.187+0700] {logging_mixin.py:188} INFO - [2024-08-01T19:01:51.187+0700] {dagbag.py:545} INFO - Filling up the DagBag from /usr/local/lib/python3.10/dist-packages/airflow/example_dags/plugins/event_listener.py
[2024-08-01T19:01:51.189+0700] {processor.py:842} WARNING - No viable dags retrieved from /usr/local/lib/python3.10/dist-packages/airflow/example_dags/plugins/event_listener.py
[2024-08-01T19:01:51.195+0700] {processor.py:183} INFO - Processing /usr/local/lib/python3.10/dist-packages/airflow/example_dags/plugins/event_listener.py took 0.019 seconds
[2024-08-01T19:02:50.968+0700] {processor.py:161} INFO - Started process (PID=10589) to work on /usr/local/lib/python3.10/dist-packages/airflow/example_dags/plugins/event_listener.py
[2024-08-01T19:02:50.971+0700] {processor.py:830} INFO - Processing file /usr/local/lib/python3.10/dist-packages/airflow/example_dags/plugins/event_listener.py for tasks to queue
[2024-08-01T19:02:50.972+0700] {logging_mixin.py:188} INFO - [2024-08-01T19:02:50.972+0700] {dagbag.py:545} INFO - Filling up the DagBag from /usr/local/lib/python3.10/dist-packages/airflow/example_dags/plugins/event_listener.py
[2024-08-01T19:02:50.973+0700] {processor.py:842} WARNING - No viable dags retrieved from /usr/local/lib/python3.10/dist-packages/airflow/example_dags/plugins/event_listener.py
[2024-08-01T19:02:50.979+0700] {processor.py:183} INFO - Processing /usr/local/lib/python3.10/dist-packages/airflow/example_dags/plugins/event_listener.py took 0.015 seconds
[2024-08-01T19:03:21.483+0700] {processor.py:161} INFO - Started process (PID=10879) to work on /usr/local/lib/python3.10/dist-packages/airflow/example_dags/plugins/event_listener.py
[2024-08-01T19:03:21.483+0700] {processor.py:830} INFO - Processing file /usr/local/lib/python3.10/dist-packages/airflow/example_dags/plugins/event_listener.py for tasks to queue
[2024-08-01T19:03:21.484+0700] {logging_mixin.py:188} INFO - [2024-08-01T19:03:21.484+0700] {dagbag.py:545} INFO - Filling up the DagBag from /usr/local/lib/python3.10/dist-packages/airflow/example_dags/plugins/event_listener.py
[2024-08-01T19:03:21.486+0700] {processor.py:842} WARNING - No viable dags retrieved from /usr/local/lib/python3.10/dist-packages/airflow/example_dags/plugins/event_listener.py
[2024-08-01T19:03:21.492+0700] {processor.py:183} INFO - Processing /usr/local/lib/python3.10/dist-packages/airflow/example_dags/plugins/event_listener.py took 0.013 seconds
[2024-08-01T19:03:52.215+0700] {processor.py:161} INFO - Started process (PID=11155) to work on /usr/local/lib/python3.10/dist-packages/airflow/example_dags/plugins/event_listener.py
[2024-08-01T19:03:52.218+0700] {processor.py:830} INFO - Processing file /usr/local/lib/python3.10/dist-packages/airflow/example_dags/plugins/event_listener.py for tasks to queue
[2024-08-01T19:03:52.220+0700] {logging_mixin.py:188} INFO - [2024-08-01T19:03:52.219+0700] {dagbag.py:545} INFO - Filling up the DagBag from /usr/local/lib/python3.10/dist-packages/airflow/example_dags/plugins/event_listener.py
[2024-08-01T19:03:52.221+0700] {processor.py:842} WARNING - No viable dags retrieved from /usr/local/lib/python3.10/dist-packages/airflow/example_dags/plugins/event_listener.py
[2024-08-01T19:03:52.228+0700] {processor.py:183} INFO - Processing /usr/local/lib/python3.10/dist-packages/airflow/example_dags/plugins/event_listener.py took 0.017 seconds
[2024-08-01T19:04:23.134+0700] {processor.py:161} INFO - Started process (PID=11377) to work on /usr/local/lib/python3.10/dist-packages/airflow/example_dags/plugins/event_listener.py
[2024-08-01T19:04:23.135+0700] {processor.py:830} INFO - Processing file /usr/local/lib/python3.10/dist-packages/airflow/example_dags/plugins/event_listener.py for tasks to queue
[2024-08-01T19:04:23.136+0700] {logging_mixin.py:188} INFO - [2024-08-01T19:04:23.136+0700] {dagbag.py:545} INFO - Filling up the DagBag from /usr/local/lib/python3.10/dist-packages/airflow/example_dags/plugins/event_listener.py
[2024-08-01T19:04:23.138+0700] {processor.py:842} WARNING - No viable dags retrieved from /usr/local/lib/python3.10/dist-packages/airflow/example_dags/plugins/event_listener.py
[2024-08-01T19:04:23.147+0700] {processor.py:183} INFO - Processing /usr/local/lib/python3.10/dist-packages/airflow/example_dags/plugins/event_listener.py took 0.018 seconds
[2024-08-01T19:04:53.660+0700] {processor.py:161} INFO - Started process (PID=11594) to work on /usr/local/lib/python3.10/dist-packages/airflow/example_dags/plugins/event_listener.py
[2024-08-01T19:04:53.660+0700] {processor.py:830} INFO - Processing file /usr/local/lib/python3.10/dist-packages/airflow/example_dags/plugins/event_listener.py for tasks to queue
[2024-08-01T19:04:53.661+0700] {logging_mixin.py:188} INFO - [2024-08-01T19:04:53.661+0700] {dagbag.py:545} INFO - Filling up the DagBag from /usr/local/lib/python3.10/dist-packages/airflow/example_dags/plugins/event_listener.py
[2024-08-01T19:04:53.663+0700] {processor.py:842} WARNING - No viable dags retrieved from /usr/local/lib/python3.10/dist-packages/airflow/example_dags/plugins/event_listener.py
[2024-08-01T19:04:53.670+0700] {processor.py:183} INFO - Processing /usr/local/lib/python3.10/dist-packages/airflow/example_dags/plugins/event_listener.py took 0.014 seconds
[2024-08-01T19:05:24.155+0700] {processor.py:161} INFO - Started process (PID=11839) to work on /usr/local/lib/python3.10/dist-packages/airflow/example_dags/plugins/event_listener.py
[2024-08-01T19:05:24.158+0700] {processor.py:830} INFO - Processing file /usr/local/lib/python3.10/dist-packages/airflow/example_dags/plugins/event_listener.py for tasks to queue
[2024-08-01T19:05:24.159+0700] {logging_mixin.py:188} INFO - [2024-08-01T19:05:24.158+0700] {dagbag.py:545} INFO - Filling up the DagBag from /usr/local/lib/python3.10/dist-packages/airflow/example_dags/plugins/event_listener.py
[2024-08-01T19:05:24.160+0700] {processor.py:842} WARNING - No viable dags retrieved from /usr/local/lib/python3.10/dist-packages/airflow/example_dags/plugins/event_listener.py
[2024-08-01T19:05:24.167+0700] {processor.py:183} INFO - Processing /usr/local/lib/python3.10/dist-packages/airflow/example_dags/plugins/event_listener.py took 0.016 seconds
[2024-08-01T19:05:54.577+0700] {processor.py:161} INFO - Started process (PID=12058) to work on /usr/local/lib/python3.10/dist-packages/airflow/example_dags/plugins/event_listener.py
[2024-08-01T19:05:54.579+0700] {processor.py:830} INFO - Processing file /usr/local/lib/python3.10/dist-packages/airflow/example_dags/plugins/event_listener.py for tasks to queue
[2024-08-01T19:05:54.580+0700] {logging_mixin.py:188} INFO - [2024-08-01T19:05:54.580+0700] {dagbag.py:545} INFO - Filling up the DagBag from /usr/local/lib/python3.10/dist-packages/airflow/example_dags/plugins/event_listener.py
[2024-08-01T19:05:54.582+0700] {processor.py:842} WARNING - No viable dags retrieved from /usr/local/lib/python3.10/dist-packages/airflow/example_dags/plugins/event_listener.py
[2024-08-01T19:05:54.588+0700] {processor.py:183} INFO - Processing /usr/local/lib/python3.10/dist-packages/airflow/example_dags/plugins/event_listener.py took 0.015 seconds
[2024-08-01T19:06:25.019+0700] {processor.py:161} INFO - Started process (PID=12278) to work on /usr/local/lib/python3.10/dist-packages/airflow/example_dags/plugins/event_listener.py
[2024-08-01T19:06:25.023+0700] {processor.py:830} INFO - Processing file /usr/local/lib/python3.10/dist-packages/airflow/example_dags/plugins/event_listener.py for tasks to queue
[2024-08-01T19:06:25.024+0700] {logging_mixin.py:188} INFO - [2024-08-01T19:06:25.023+0700] {dagbag.py:545} INFO - Filling up the DagBag from /usr/local/lib/python3.10/dist-packages/airflow/example_dags/plugins/event_listener.py
[2024-08-01T19:06:25.025+0700] {processor.py:842} WARNING - No viable dags retrieved from /usr/local/lib/python3.10/dist-packages/airflow/example_dags/plugins/event_listener.py
[2024-08-01T19:06:25.031+0700] {processor.py:183} INFO - Processing /usr/local/lib/python3.10/dist-packages/airflow/example_dags/plugins/event_listener.py took 0.016 seconds
[2024-08-01T19:06:55.553+0700] {processor.py:161} INFO - Started process (PID=12498) to work on /usr/local/lib/python3.10/dist-packages/airflow/example_dags/plugins/event_listener.py
[2024-08-01T19:06:55.557+0700] {processor.py:830} INFO - Processing file /usr/local/lib/python3.10/dist-packages/airflow/example_dags/plugins/event_listener.py for tasks to queue
[2024-08-01T19:06:55.558+0700] {logging_mixin.py:188} INFO - [2024-08-01T19:06:55.558+0700] {dagbag.py:545} INFO - Filling up the DagBag from /usr/local/lib/python3.10/dist-packages/airflow/example_dags/plugins/event_listener.py
[2024-08-01T19:06:55.559+0700] {processor.py:842} WARNING - No viable dags retrieved from /usr/local/lib/python3.10/dist-packages/airflow/example_dags/plugins/event_listener.py
[2024-08-01T19:06:55.566+0700] {processor.py:183} INFO - Processing /usr/local/lib/python3.10/dist-packages/airflow/example_dags/plugins/event_listener.py took 0.017 seconds
[2024-08-01T19:07:26.092+0700] {processor.py:161} INFO - Started process (PID=12712) to work on /usr/local/lib/python3.10/dist-packages/airflow/example_dags/plugins/event_listener.py
[2024-08-01T19:07:26.095+0700] {processor.py:830} INFO - Processing file /usr/local/lib/python3.10/dist-packages/airflow/example_dags/plugins/event_listener.py for tasks to queue
[2024-08-01T19:07:26.096+0700] {logging_mixin.py:188} INFO - [2024-08-01T19:07:26.096+0700] {dagbag.py:545} INFO - Filling up the DagBag from /usr/local/lib/python3.10/dist-packages/airflow/example_dags/plugins/event_listener.py
[2024-08-01T19:07:26.098+0700] {processor.py:842} WARNING - No viable dags retrieved from /usr/local/lib/python3.10/dist-packages/airflow/example_dags/plugins/event_listener.py
[2024-08-01T19:07:26.104+0700] {processor.py:183} INFO - Processing /usr/local/lib/python3.10/dist-packages/airflow/example_dags/plugins/event_listener.py took 0.016 seconds
[2024-08-01T19:07:56.522+0700] {processor.py:161} INFO - Started process (PID=12959) to work on /usr/local/lib/python3.10/dist-packages/airflow/example_dags/plugins/event_listener.py
[2024-08-01T19:07:56.523+0700] {processor.py:830} INFO - Processing file /usr/local/lib/python3.10/dist-packages/airflow/example_dags/plugins/event_listener.py for tasks to queue
[2024-08-01T19:07:56.525+0700] {logging_mixin.py:188} INFO - [2024-08-01T19:07:56.525+0700] {dagbag.py:545} INFO - Filling up the DagBag from /usr/local/lib/python3.10/dist-packages/airflow/example_dags/plugins/event_listener.py
[2024-08-01T19:07:56.526+0700] {processor.py:842} WARNING - No viable dags retrieved from /usr/local/lib/python3.10/dist-packages/airflow/example_dags/plugins/event_listener.py
[2024-08-01T19:07:56.533+0700] {processor.py:183} INFO - Processing /usr/local/lib/python3.10/dist-packages/airflow/example_dags/plugins/event_listener.py took 0.016 seconds
[2024-08-01T19:08:26.880+0700] {processor.py:161} INFO - Started process (PID=13179) to work on /usr/local/lib/python3.10/dist-packages/airflow/example_dags/plugins/event_listener.py
[2024-08-01T19:08:26.881+0700] {processor.py:830} INFO - Processing file /usr/local/lib/python3.10/dist-packages/airflow/example_dags/plugins/event_listener.py for tasks to queue
[2024-08-01T19:08:26.882+0700] {logging_mixin.py:188} INFO - [2024-08-01T19:08:26.882+0700] {dagbag.py:545} INFO - Filling up the DagBag from /usr/local/lib/python3.10/dist-packages/airflow/example_dags/plugins/event_listener.py
[2024-08-01T19:08:26.884+0700] {processor.py:842} WARNING - No viable dags retrieved from /usr/local/lib/python3.10/dist-packages/airflow/example_dags/plugins/event_listener.py
[2024-08-01T19:08:26.890+0700] {processor.py:183} INFO - Processing /usr/local/lib/python3.10/dist-packages/airflow/example_dags/plugins/event_listener.py took 0.015 seconds
[2024-08-01T19:08:57.079+0700] {processor.py:161} INFO - Started process (PID=13431) to work on /usr/local/lib/python3.10/dist-packages/airflow/example_dags/plugins/event_listener.py
[2024-08-01T19:08:57.081+0700] {processor.py:830} INFO - Processing file /usr/local/lib/python3.10/dist-packages/airflow/example_dags/plugins/event_listener.py for tasks to queue
[2024-08-01T19:08:57.082+0700] {logging_mixin.py:188} INFO - [2024-08-01T19:08:57.082+0700] {dagbag.py:545} INFO - Filling up the DagBag from /usr/local/lib/python3.10/dist-packages/airflow/example_dags/plugins/event_listener.py
[2024-08-01T19:08:57.083+0700] {processor.py:842} WARNING - No viable dags retrieved from /usr/local/lib/python3.10/dist-packages/airflow/example_dags/plugins/event_listener.py
[2024-08-01T19:08:57.089+0700] {processor.py:183} INFO - Processing /usr/local/lib/python3.10/dist-packages/airflow/example_dags/plugins/event_listener.py took 0.014 seconds
[2024-08-01T19:09:27.273+0700] {processor.py:161} INFO - Started process (PID=13650) to work on /usr/local/lib/python3.10/dist-packages/airflow/example_dags/plugins/event_listener.py
[2024-08-01T19:09:27.274+0700] {processor.py:830} INFO - Processing file /usr/local/lib/python3.10/dist-packages/airflow/example_dags/plugins/event_listener.py for tasks to queue
[2024-08-01T19:09:27.276+0700] {logging_mixin.py:188} INFO - [2024-08-01T19:09:27.275+0700] {dagbag.py:545} INFO - Filling up the DagBag from /usr/local/lib/python3.10/dist-packages/airflow/example_dags/plugins/event_listener.py
[2024-08-01T19:09:27.277+0700] {processor.py:842} WARNING - No viable dags retrieved from /usr/local/lib/python3.10/dist-packages/airflow/example_dags/plugins/event_listener.py
[2024-08-01T19:09:27.283+0700] {processor.py:183} INFO - Processing /usr/local/lib/python3.10/dist-packages/airflow/example_dags/plugins/event_listener.py took 0.015 seconds
[2024-08-01T19:09:57.660+0700] {processor.py:161} INFO - Started process (PID=13869) to work on /usr/local/lib/python3.10/dist-packages/airflow/example_dags/plugins/event_listener.py
[2024-08-01T19:09:57.661+0700] {processor.py:830} INFO - Processing file /usr/local/lib/python3.10/dist-packages/airflow/example_dags/plugins/event_listener.py for tasks to queue
[2024-08-01T19:09:57.662+0700] {logging_mixin.py:188} INFO - [2024-08-01T19:09:57.662+0700] {dagbag.py:545} INFO - Filling up the DagBag from /usr/local/lib/python3.10/dist-packages/airflow/example_dags/plugins/event_listener.py
[2024-08-01T19:09:57.663+0700] {processor.py:842} WARNING - No viable dags retrieved from /usr/local/lib/python3.10/dist-packages/airflow/example_dags/plugins/event_listener.py
[2024-08-01T19:09:57.669+0700] {processor.py:183} INFO - Processing /usr/local/lib/python3.10/dist-packages/airflow/example_dags/plugins/event_listener.py took 0.014 seconds
[2024-08-01T19:10:29.340+0700] {processor.py:161} INFO - Started process (PID=14096) to work on /usr/local/lib/python3.10/dist-packages/airflow/example_dags/plugins/event_listener.py
[2024-08-01T19:10:29.342+0700] {processor.py:830} INFO - Processing file /usr/local/lib/python3.10/dist-packages/airflow/example_dags/plugins/event_listener.py for tasks to queue
[2024-08-01T19:10:29.343+0700] {logging_mixin.py:188} INFO - [2024-08-01T19:10:29.343+0700] {dagbag.py:545} INFO - Filling up the DagBag from /usr/local/lib/python3.10/dist-packages/airflow/example_dags/plugins/event_listener.py
[2024-08-01T19:10:29.344+0700] {processor.py:842} WARNING - No viable dags retrieved from /usr/local/lib/python3.10/dist-packages/airflow/example_dags/plugins/event_listener.py
[2024-08-01T19:10:29.350+0700] {processor.py:183} INFO - Processing /usr/local/lib/python3.10/dist-packages/airflow/example_dags/plugins/event_listener.py took 0.014 seconds
[2024-08-01T19:14:29.386+0700] {processor.py:161} INFO - Started process (PID=1161) to work on /usr/local/lib/python3.10/dist-packages/airflow/example_dags/plugins/event_listener.py
[2024-08-01T19:14:29.388+0700] {processor.py:830} INFO - Processing file /usr/local/lib/python3.10/dist-packages/airflow/example_dags/plugins/event_listener.py for tasks to queue
[2024-08-01T19:14:29.389+0700] {logging_mixin.py:188} INFO - [2024-08-01T19:14:29.389+0700] {dagbag.py:545} INFO - Filling up the DagBag from /usr/local/lib/python3.10/dist-packages/airflow/example_dags/plugins/event_listener.py
[2024-08-01T19:14:29.391+0700] {processor.py:842} WARNING - No viable dags retrieved from /usr/local/lib/python3.10/dist-packages/airflow/example_dags/plugins/event_listener.py
[2024-08-01T19:14:29.397+0700] {processor.py:183} INFO - Processing /usr/local/lib/python3.10/dist-packages/airflow/example_dags/plugins/event_listener.py took 0.015 seconds
[2024-08-01T19:15:00.041+0700] {processor.py:161} INFO - Started process (PID=1575) to work on /usr/local/lib/python3.10/dist-packages/airflow/example_dags/plugins/event_listener.py
[2024-08-01T19:15:00.042+0700] {processor.py:830} INFO - Processing file /usr/local/lib/python3.10/dist-packages/airflow/example_dags/plugins/event_listener.py for tasks to queue
[2024-08-01T19:15:00.044+0700] {logging_mixin.py:188} INFO - [2024-08-01T19:15:00.043+0700] {dagbag.py:545} INFO - Filling up the DagBag from /usr/local/lib/python3.10/dist-packages/airflow/example_dags/plugins/event_listener.py
[2024-08-01T19:15:00.045+0700] {processor.py:842} WARNING - No viable dags retrieved from /usr/local/lib/python3.10/dist-packages/airflow/example_dags/plugins/event_listener.py
[2024-08-01T19:15:00.052+0700] {processor.py:183} INFO - Processing /usr/local/lib/python3.10/dist-packages/airflow/example_dags/plugins/event_listener.py took 0.014 seconds
[2024-08-01T19:15:30.664+0700] {processor.py:161} INFO - Started process (PID=1803) to work on /usr/local/lib/python3.10/dist-packages/airflow/example_dags/plugins/event_listener.py
[2024-08-01T19:15:30.666+0700] {processor.py:830} INFO - Processing file /usr/local/lib/python3.10/dist-packages/airflow/example_dags/plugins/event_listener.py for tasks to queue
[2024-08-01T19:15:30.667+0700] {logging_mixin.py:188} INFO - [2024-08-01T19:15:30.667+0700] {dagbag.py:545} INFO - Filling up the DagBag from /usr/local/lib/python3.10/dist-packages/airflow/example_dags/plugins/event_listener.py
[2024-08-01T19:15:30.668+0700] {processor.py:842} WARNING - No viable dags retrieved from /usr/local/lib/python3.10/dist-packages/airflow/example_dags/plugins/event_listener.py
[2024-08-01T19:15:30.674+0700] {processor.py:183} INFO - Processing /usr/local/lib/python3.10/dist-packages/airflow/example_dags/plugins/event_listener.py took 0.014 seconds
[2024-08-01T19:16:01.251+0700] {processor.py:161} INFO - Started process (PID=2138) to work on /usr/local/lib/python3.10/dist-packages/airflow/example_dags/plugins/event_listener.py
[2024-08-01T19:16:01.254+0700] {processor.py:830} INFO - Processing file /usr/local/lib/python3.10/dist-packages/airflow/example_dags/plugins/event_listener.py for tasks to queue
[2024-08-01T19:16:01.255+0700] {logging_mixin.py:188} INFO - [2024-08-01T19:16:01.255+0700] {dagbag.py:545} INFO - Filling up the DagBag from /usr/local/lib/python3.10/dist-packages/airflow/example_dags/plugins/event_listener.py
[2024-08-01T19:16:01.257+0700] {processor.py:842} WARNING - No viable dags retrieved from /usr/local/lib/python3.10/dist-packages/airflow/example_dags/plugins/event_listener.py
[2024-08-01T19:16:01.265+0700] {processor.py:183} INFO - Processing /usr/local/lib/python3.10/dist-packages/airflow/example_dags/plugins/event_listener.py took 0.018 seconds
[2024-08-01T19:16:26.827+0700] {processor.py:161} INFO - Started process (PID=2425) to work on /usr/local/lib/python3.10/dist-packages/airflow/example_dags/plugins/event_listener.py
[2024-08-01T19:16:26.828+0700] {processor.py:830} INFO - Processing file /usr/local/lib/python3.10/dist-packages/airflow/example_dags/plugins/event_listener.py for tasks to queue
[2024-08-01T19:16:26.829+0700] {logging_mixin.py:188} INFO - [2024-08-01T19:16:26.829+0700] {dagbag.py:545} INFO - Filling up the DagBag from /usr/local/lib/python3.10/dist-packages/airflow/example_dags/plugins/event_listener.py
[2024-08-01T19:16:26.831+0700] {processor.py:842} WARNING - No viable dags retrieved from /usr/local/lib/python3.10/dist-packages/airflow/example_dags/plugins/event_listener.py
[2024-08-01T19:16:26.840+0700] {processor.py:183} INFO - Processing /usr/local/lib/python3.10/dist-packages/airflow/example_dags/plugins/event_listener.py took 0.018 seconds
[2024-08-01T19:16:57.256+0700] {processor.py:161} INFO - Started process (PID=2762) to work on /usr/local/lib/python3.10/dist-packages/airflow/example_dags/plugins/event_listener.py
[2024-08-01T19:16:57.258+0700] {processor.py:830} INFO - Processing file /usr/local/lib/python3.10/dist-packages/airflow/example_dags/plugins/event_listener.py for tasks to queue
[2024-08-01T19:16:57.259+0700] {logging_mixin.py:188} INFO - [2024-08-01T19:16:57.259+0700] {dagbag.py:545} INFO - Filling up the DagBag from /usr/local/lib/python3.10/dist-packages/airflow/example_dags/plugins/event_listener.py
[2024-08-01T19:16:57.260+0700] {processor.py:842} WARNING - No viable dags retrieved from /usr/local/lib/python3.10/dist-packages/airflow/example_dags/plugins/event_listener.py
[2024-08-01T19:16:57.267+0700] {processor.py:183} INFO - Processing /usr/local/lib/python3.10/dist-packages/airflow/example_dags/plugins/event_listener.py took 0.015 seconds
[2024-08-01T19:17:27.696+0700] {processor.py:161} INFO - Started process (PID=2985) to work on /usr/local/lib/python3.10/dist-packages/airflow/example_dags/plugins/event_listener.py
[2024-08-01T19:17:27.698+0700] {processor.py:830} INFO - Processing file /usr/local/lib/python3.10/dist-packages/airflow/example_dags/plugins/event_listener.py for tasks to queue
[2024-08-01T19:17:27.699+0700] {logging_mixin.py:188} INFO - [2024-08-01T19:17:27.699+0700] {dagbag.py:545} INFO - Filling up the DagBag from /usr/local/lib/python3.10/dist-packages/airflow/example_dags/plugins/event_listener.py
[2024-08-01T19:17:27.701+0700] {processor.py:842} WARNING - No viable dags retrieved from /usr/local/lib/python3.10/dist-packages/airflow/example_dags/plugins/event_listener.py
[2024-08-01T19:17:27.707+0700] {processor.py:183} INFO - Processing /usr/local/lib/python3.10/dist-packages/airflow/example_dags/plugins/event_listener.py took 0.015 seconds
[2024-08-01T19:17:58.111+0700] {processor.py:161} INFO - Started process (PID=3270) to work on /usr/local/lib/python3.10/dist-packages/airflow/example_dags/plugins/event_listener.py
[2024-08-01T19:17:58.114+0700] {processor.py:830} INFO - Processing file /usr/local/lib/python3.10/dist-packages/airflow/example_dags/plugins/event_listener.py for tasks to queue
[2024-08-01T19:17:58.115+0700] {logging_mixin.py:188} INFO - [2024-08-01T19:17:58.115+0700] {dagbag.py:545} INFO - Filling up the DagBag from /usr/local/lib/python3.10/dist-packages/airflow/example_dags/plugins/event_listener.py
[2024-08-01T19:17:58.116+0700] {processor.py:842} WARNING - No viable dags retrieved from /usr/local/lib/python3.10/dist-packages/airflow/example_dags/plugins/event_listener.py
[2024-08-01T19:17:58.125+0700] {processor.py:183} INFO - Processing /usr/local/lib/python3.10/dist-packages/airflow/example_dags/plugins/event_listener.py took 0.018 seconds
[2024-08-01T19:18:16.936+0700] {processor.py:161} INFO - Started process (PID=3476) to work on /usr/local/lib/python3.10/dist-packages/airflow/example_dags/plugins/event_listener.py
[2024-08-01T19:18:16.938+0700] {processor.py:830} INFO - Processing file /usr/local/lib/python3.10/dist-packages/airflow/example_dags/plugins/event_listener.py for tasks to queue
[2024-08-01T19:18:16.939+0700] {logging_mixin.py:188} INFO - [2024-08-01T19:18:16.939+0700] {dagbag.py:545} INFO - Filling up the DagBag from /usr/local/lib/python3.10/dist-packages/airflow/example_dags/plugins/event_listener.py
[2024-08-01T19:18:16.941+0700] {processor.py:842} WARNING - No viable dags retrieved from /usr/local/lib/python3.10/dist-packages/airflow/example_dags/plugins/event_listener.py
[2024-08-01T19:18:16.951+0700] {processor.py:183} INFO - Processing /usr/local/lib/python3.10/dist-packages/airflow/example_dags/plugins/event_listener.py took 0.021 seconds
[2024-08-01T19:18:47.480+0700] {processor.py:161} INFO - Started process (PID=3764) to work on /usr/local/lib/python3.10/dist-packages/airflow/example_dags/plugins/event_listener.py
[2024-08-01T19:18:47.482+0700] {processor.py:830} INFO - Processing file /usr/local/lib/python3.10/dist-packages/airflow/example_dags/plugins/event_listener.py for tasks to queue
[2024-08-01T19:18:47.484+0700] {logging_mixin.py:188} INFO - [2024-08-01T19:18:47.483+0700] {dagbag.py:545} INFO - Filling up the DagBag from /usr/local/lib/python3.10/dist-packages/airflow/example_dags/plugins/event_listener.py
[2024-08-01T19:18:47.486+0700] {processor.py:842} WARNING - No viable dags retrieved from /usr/local/lib/python3.10/dist-packages/airflow/example_dags/plugins/event_listener.py
[2024-08-01T19:18:47.495+0700] {processor.py:183} INFO - Processing /usr/local/lib/python3.10/dist-packages/airflow/example_dags/plugins/event_listener.py took 0.019 seconds
[2024-08-01T19:19:18.031+0700] {processor.py:161} INFO - Started process (PID=4112) to work on /usr/local/lib/python3.10/dist-packages/airflow/example_dags/plugins/event_listener.py
[2024-08-01T19:19:18.034+0700] {processor.py:830} INFO - Processing file /usr/local/lib/python3.10/dist-packages/airflow/example_dags/plugins/event_listener.py for tasks to queue
[2024-08-01T19:19:18.036+0700] {logging_mixin.py:188} INFO - [2024-08-01T19:19:18.036+0700] {dagbag.py:545} INFO - Filling up the DagBag from /usr/local/lib/python3.10/dist-packages/airflow/example_dags/plugins/event_listener.py
[2024-08-01T19:19:18.038+0700] {processor.py:842} WARNING - No viable dags retrieved from /usr/local/lib/python3.10/dist-packages/airflow/example_dags/plugins/event_listener.py
[2024-08-01T19:19:18.047+0700] {processor.py:183} INFO - Processing /usr/local/lib/python3.10/dist-packages/airflow/example_dags/plugins/event_listener.py took 0.020 seconds
[2024-08-01T19:19:48.495+0700] {processor.py:161} INFO - Started process (PID=4332) to work on /usr/local/lib/python3.10/dist-packages/airflow/example_dags/plugins/event_listener.py
[2024-08-01T19:19:48.499+0700] {processor.py:830} INFO - Processing file /usr/local/lib/python3.10/dist-packages/airflow/example_dags/plugins/event_listener.py for tasks to queue
[2024-08-01T19:19:48.500+0700] {logging_mixin.py:188} INFO - [2024-08-01T19:19:48.500+0700] {dagbag.py:545} INFO - Filling up the DagBag from /usr/local/lib/python3.10/dist-packages/airflow/example_dags/plugins/event_listener.py
[2024-08-01T19:19:48.502+0700] {processor.py:842} WARNING - No viable dags retrieved from /usr/local/lib/python3.10/dist-packages/airflow/example_dags/plugins/event_listener.py
[2024-08-01T19:19:48.508+0700] {processor.py:183} INFO - Processing /usr/local/lib/python3.10/dist-packages/airflow/example_dags/plugins/event_listener.py took 0.017 seconds
[2024-08-01T19:20:18.791+0700] {processor.py:161} INFO - Started process (PID=4614) to work on /usr/local/lib/python3.10/dist-packages/airflow/example_dags/plugins/event_listener.py
[2024-08-01T19:20:18.793+0700] {processor.py:830} INFO - Processing file /usr/local/lib/python3.10/dist-packages/airflow/example_dags/plugins/event_listener.py for tasks to queue
[2024-08-01T19:20:18.794+0700] {logging_mixin.py:188} INFO - [2024-08-01T19:20:18.794+0700] {dagbag.py:545} INFO - Filling up the DagBag from /usr/local/lib/python3.10/dist-packages/airflow/example_dags/plugins/event_listener.py
[2024-08-01T19:20:18.796+0700] {processor.py:842} WARNING - No viable dags retrieved from /usr/local/lib/python3.10/dist-packages/airflow/example_dags/plugins/event_listener.py
[2024-08-01T19:20:18.803+0700] {processor.py:183} INFO - Processing /usr/local/lib/python3.10/dist-packages/airflow/example_dags/plugins/event_listener.py took 0.016 seconds
[2024-08-01T19:20:49.111+0700] {processor.py:161} INFO - Started process (PID=4835) to work on /usr/local/lib/python3.10/dist-packages/airflow/example_dags/plugins/event_listener.py
[2024-08-01T19:20:49.114+0700] {processor.py:830} INFO - Processing file /usr/local/lib/python3.10/dist-packages/airflow/example_dags/plugins/event_listener.py for tasks to queue
[2024-08-01T19:20:49.115+0700] {logging_mixin.py:188} INFO - [2024-08-01T19:20:49.115+0700] {dagbag.py:545} INFO - Filling up the DagBag from /usr/local/lib/python3.10/dist-packages/airflow/example_dags/plugins/event_listener.py
[2024-08-01T19:20:49.117+0700] {processor.py:842} WARNING - No viable dags retrieved from /usr/local/lib/python3.10/dist-packages/airflow/example_dags/plugins/event_listener.py
[2024-08-01T19:20:49.123+0700] {processor.py:183} INFO - Processing /usr/local/lib/python3.10/dist-packages/airflow/example_dags/plugins/event_listener.py took 0.016 seconds
[2024-08-01T19:21:19.443+0700] {processor.py:161} INFO - Started process (PID=5049) to work on /usr/local/lib/python3.10/dist-packages/airflow/example_dags/plugins/event_listener.py
[2024-08-01T19:21:19.444+0700] {processor.py:830} INFO - Processing file /usr/local/lib/python3.10/dist-packages/airflow/example_dags/plugins/event_listener.py for tasks to queue
[2024-08-01T19:21:19.445+0700] {logging_mixin.py:188} INFO - [2024-08-01T19:21:19.445+0700] {dagbag.py:545} INFO - Filling up the DagBag from /usr/local/lib/python3.10/dist-packages/airflow/example_dags/plugins/event_listener.py
[2024-08-01T19:21:19.447+0700] {processor.py:842} WARNING - No viable dags retrieved from /usr/local/lib/python3.10/dist-packages/airflow/example_dags/plugins/event_listener.py
[2024-08-01T19:21:19.453+0700] {processor.py:183} INFO - Processing /usr/local/lib/python3.10/dist-packages/airflow/example_dags/plugins/event_listener.py took 0.014 seconds
[2024-08-01T19:21:49.862+0700] {processor.py:161} INFO - Started process (PID=5270) to work on /usr/local/lib/python3.10/dist-packages/airflow/example_dags/plugins/event_listener.py
[2024-08-01T19:21:49.864+0700] {processor.py:830} INFO - Processing file /usr/local/lib/python3.10/dist-packages/airflow/example_dags/plugins/event_listener.py for tasks to queue
[2024-08-01T19:21:49.865+0700] {logging_mixin.py:188} INFO - [2024-08-01T19:21:49.865+0700] {dagbag.py:545} INFO - Filling up the DagBag from /usr/local/lib/python3.10/dist-packages/airflow/example_dags/plugins/event_listener.py
[2024-08-01T19:21:49.867+0700] {processor.py:842} WARNING - No viable dags retrieved from /usr/local/lib/python3.10/dist-packages/airflow/example_dags/plugins/event_listener.py
[2024-08-01T19:21:49.873+0700] {processor.py:183} INFO - Processing /usr/local/lib/python3.10/dist-packages/airflow/example_dags/plugins/event_listener.py took 0.015 seconds
[2024-08-01T19:22:20.238+0700] {processor.py:161} INFO - Started process (PID=5490) to work on /usr/local/lib/python3.10/dist-packages/airflow/example_dags/plugins/event_listener.py
[2024-08-01T19:22:20.238+0700] {processor.py:830} INFO - Processing file /usr/local/lib/python3.10/dist-packages/airflow/example_dags/plugins/event_listener.py for tasks to queue
[2024-08-01T19:22:20.239+0700] {logging_mixin.py:188} INFO - [2024-08-01T19:22:20.239+0700] {dagbag.py:545} INFO - Filling up the DagBag from /usr/local/lib/python3.10/dist-packages/airflow/example_dags/plugins/event_listener.py
[2024-08-01T19:22:20.241+0700] {processor.py:842} WARNING - No viable dags retrieved from /usr/local/lib/python3.10/dist-packages/airflow/example_dags/plugins/event_listener.py
[2024-08-01T19:22:20.247+0700] {processor.py:183} INFO - Processing /usr/local/lib/python3.10/dist-packages/airflow/example_dags/plugins/event_listener.py took 0.013 seconds
[2024-08-01T19:22:50.664+0700] {processor.py:161} INFO - Started process (PID=5711) to work on /usr/local/lib/python3.10/dist-packages/airflow/example_dags/plugins/event_listener.py
[2024-08-01T19:22:50.666+0700] {processor.py:830} INFO - Processing file /usr/local/lib/python3.10/dist-packages/airflow/example_dags/plugins/event_listener.py for tasks to queue
[2024-08-01T19:22:50.667+0700] {logging_mixin.py:188} INFO - [2024-08-01T19:22:50.667+0700] {dagbag.py:545} INFO - Filling up the DagBag from /usr/local/lib/python3.10/dist-packages/airflow/example_dags/plugins/event_listener.py
[2024-08-01T19:22:50.669+0700] {processor.py:842} WARNING - No viable dags retrieved from /usr/local/lib/python3.10/dist-packages/airflow/example_dags/plugins/event_listener.py
[2024-08-01T19:22:50.675+0700] {processor.py:183} INFO - Processing /usr/local/lib/python3.10/dist-packages/airflow/example_dags/plugins/event_listener.py took 0.016 seconds
[2024-08-01T19:23:20.988+0700] {processor.py:161} INFO - Started process (PID=5952) to work on /usr/local/lib/python3.10/dist-packages/airflow/example_dags/plugins/event_listener.py
[2024-08-01T19:23:20.990+0700] {processor.py:830} INFO - Processing file /usr/local/lib/python3.10/dist-packages/airflow/example_dags/plugins/event_listener.py for tasks to queue
[2024-08-01T19:23:20.991+0700] {logging_mixin.py:188} INFO - [2024-08-01T19:23:20.991+0700] {dagbag.py:545} INFO - Filling up the DagBag from /usr/local/lib/python3.10/dist-packages/airflow/example_dags/plugins/event_listener.py
[2024-08-01T19:23:20.992+0700] {processor.py:842} WARNING - No viable dags retrieved from /usr/local/lib/python3.10/dist-packages/airflow/example_dags/plugins/event_listener.py
[2024-08-01T19:23:20.999+0700] {processor.py:183} INFO - Processing /usr/local/lib/python3.10/dist-packages/airflow/example_dags/plugins/event_listener.py took 0.016 seconds
[2024-08-01T19:23:51.299+0700] {processor.py:161} INFO - Started process (PID=6176) to work on /usr/local/lib/python3.10/dist-packages/airflow/example_dags/plugins/event_listener.py
[2024-08-01T19:23:51.300+0700] {processor.py:830} INFO - Processing file /usr/local/lib/python3.10/dist-packages/airflow/example_dags/plugins/event_listener.py for tasks to queue
[2024-08-01T19:23:51.301+0700] {logging_mixin.py:188} INFO - [2024-08-01T19:23:51.300+0700] {dagbag.py:545} INFO - Filling up the DagBag from /usr/local/lib/python3.10/dist-packages/airflow/example_dags/plugins/event_listener.py
[2024-08-01T19:23:51.303+0700] {processor.py:842} WARNING - No viable dags retrieved from /usr/local/lib/python3.10/dist-packages/airflow/example_dags/plugins/event_listener.py
[2024-08-01T19:23:51.316+0700] {processor.py:183} INFO - Processing /usr/local/lib/python3.10/dist-packages/airflow/example_dags/plugins/event_listener.py took 0.021 seconds
[2024-08-01T19:24:21.547+0700] {processor.py:161} INFO - Started process (PID=6472) to work on /usr/local/lib/python3.10/dist-packages/airflow/example_dags/plugins/event_listener.py
[2024-08-01T19:24:21.548+0700] {processor.py:830} INFO - Processing file /usr/local/lib/python3.10/dist-packages/airflow/example_dags/plugins/event_listener.py for tasks to queue
[2024-08-01T19:24:21.549+0700] {logging_mixin.py:188} INFO - [2024-08-01T19:24:21.549+0700] {dagbag.py:545} INFO - Filling up the DagBag from /usr/local/lib/python3.10/dist-packages/airflow/example_dags/plugins/event_listener.py
[2024-08-01T19:24:21.551+0700] {processor.py:842} WARNING - No viable dags retrieved from /usr/local/lib/python3.10/dist-packages/airflow/example_dags/plugins/event_listener.py
[2024-08-01T19:24:21.557+0700] {processor.py:183} INFO - Processing /usr/local/lib/python3.10/dist-packages/airflow/example_dags/plugins/event_listener.py took 0.014 seconds
[2024-08-01T19:24:51.803+0700] {processor.py:161} INFO - Started process (PID=6686) to work on /usr/local/lib/python3.10/dist-packages/airflow/example_dags/plugins/event_listener.py
[2024-08-01T19:24:51.804+0700] {processor.py:830} INFO - Processing file /usr/local/lib/python3.10/dist-packages/airflow/example_dags/plugins/event_listener.py for tasks to queue
[2024-08-01T19:24:51.804+0700] {logging_mixin.py:188} INFO - [2024-08-01T19:24:51.804+0700] {dagbag.py:545} INFO - Filling up the DagBag from /usr/local/lib/python3.10/dist-packages/airflow/example_dags/plugins/event_listener.py
[2024-08-01T19:24:51.806+0700] {processor.py:842} WARNING - No viable dags retrieved from /usr/local/lib/python3.10/dist-packages/airflow/example_dags/plugins/event_listener.py
[2024-08-01T19:24:51.813+0700] {processor.py:183} INFO - Processing /usr/local/lib/python3.10/dist-packages/airflow/example_dags/plugins/event_listener.py took 0.014 seconds
[2024-08-01T19:25:22.113+0700] {processor.py:161} INFO - Started process (PID=6908) to work on /usr/local/lib/python3.10/dist-packages/airflow/example_dags/plugins/event_listener.py
[2024-08-01T19:25:22.115+0700] {processor.py:830} INFO - Processing file /usr/local/lib/python3.10/dist-packages/airflow/example_dags/plugins/event_listener.py for tasks to queue
[2024-08-01T19:25:22.115+0700] {logging_mixin.py:188} INFO - [2024-08-01T19:25:22.115+0700] {dagbag.py:545} INFO - Filling up the DagBag from /usr/local/lib/python3.10/dist-packages/airflow/example_dags/plugins/event_listener.py
[2024-08-01T19:25:22.117+0700] {processor.py:842} WARNING - No viable dags retrieved from /usr/local/lib/python3.10/dist-packages/airflow/example_dags/plugins/event_listener.py
[2024-08-01T19:25:22.123+0700] {processor.py:183} INFO - Processing /usr/local/lib/python3.10/dist-packages/airflow/example_dags/plugins/event_listener.py took 0.014 seconds
[2024-08-01T19:25:52.293+0700] {processor.py:161} INFO - Started process (PID=7121) to work on /usr/local/lib/python3.10/dist-packages/airflow/example_dags/plugins/event_listener.py
[2024-08-01T19:25:52.294+0700] {processor.py:830} INFO - Processing file /usr/local/lib/python3.10/dist-packages/airflow/example_dags/plugins/event_listener.py for tasks to queue
[2024-08-01T19:25:52.294+0700] {logging_mixin.py:188} INFO - [2024-08-01T19:25:52.294+0700] {dagbag.py:545} INFO - Filling up the DagBag from /usr/local/lib/python3.10/dist-packages/airflow/example_dags/plugins/event_listener.py
[2024-08-01T19:25:52.296+0700] {processor.py:842} WARNING - No viable dags retrieved from /usr/local/lib/python3.10/dist-packages/airflow/example_dags/plugins/event_listener.py
[2024-08-01T19:25:52.305+0700] {processor.py:183} INFO - Processing /usr/local/lib/python3.10/dist-packages/airflow/example_dags/plugins/event_listener.py took 0.016 seconds
[2024-08-01T19:26:22.498+0700] {processor.py:161} INFO - Started process (PID=7340) to work on /usr/local/lib/python3.10/dist-packages/airflow/example_dags/plugins/event_listener.py
[2024-08-01T19:26:22.499+0700] {processor.py:830} INFO - Processing file /usr/local/lib/python3.10/dist-packages/airflow/example_dags/plugins/event_listener.py for tasks to queue
[2024-08-01T19:26:22.500+0700] {logging_mixin.py:188} INFO - [2024-08-01T19:26:22.500+0700] {dagbag.py:545} INFO - Filling up the DagBag from /usr/local/lib/python3.10/dist-packages/airflow/example_dags/plugins/event_listener.py
[2024-08-01T19:26:22.503+0700] {processor.py:842} WARNING - No viable dags retrieved from /usr/local/lib/python3.10/dist-packages/airflow/example_dags/plugins/event_listener.py
[2024-08-01T19:26:22.513+0700] {processor.py:183} INFO - Processing /usr/local/lib/python3.10/dist-packages/airflow/example_dags/plugins/event_listener.py took 0.021 seconds
[2024-08-01T19:26:52.698+0700] {processor.py:161} INFO - Started process (PID=7591) to work on /usr/local/lib/python3.10/dist-packages/airflow/example_dags/plugins/event_listener.py
[2024-08-01T19:26:52.699+0700] {processor.py:830} INFO - Processing file /usr/local/lib/python3.10/dist-packages/airflow/example_dags/plugins/event_listener.py for tasks to queue
[2024-08-01T19:26:52.700+0700] {logging_mixin.py:188} INFO - [2024-08-01T19:26:52.699+0700] {dagbag.py:545} INFO - Filling up the DagBag from /usr/local/lib/python3.10/dist-packages/airflow/example_dags/plugins/event_listener.py
[2024-08-01T19:26:52.701+0700] {processor.py:842} WARNING - No viable dags retrieved from /usr/local/lib/python3.10/dist-packages/airflow/example_dags/plugins/event_listener.py
[2024-08-01T19:26:52.709+0700] {processor.py:183} INFO - Processing /usr/local/lib/python3.10/dist-packages/airflow/example_dags/plugins/event_listener.py took 0.015 seconds
[2024-08-01T19:27:25.796+0700] {processor.py:161} INFO - Started process (PID=7970) to work on /usr/local/lib/python3.10/dist-packages/airflow/example_dags/plugins/event_listener.py
[2024-08-01T19:27:25.798+0700] {processor.py:830} INFO - Processing file /usr/local/lib/python3.10/dist-packages/airflow/example_dags/plugins/event_listener.py for tasks to queue
[2024-08-01T19:27:25.799+0700] {logging_mixin.py:188} INFO - [2024-08-01T19:27:25.799+0700] {dagbag.py:545} INFO - Filling up the DagBag from /usr/local/lib/python3.10/dist-packages/airflow/example_dags/plugins/event_listener.py
[2024-08-01T19:27:25.801+0700] {processor.py:842} WARNING - No viable dags retrieved from /usr/local/lib/python3.10/dist-packages/airflow/example_dags/plugins/event_listener.py
[2024-08-01T19:27:25.809+0700] {processor.py:183} INFO - Processing /usr/local/lib/python3.10/dist-packages/airflow/example_dags/plugins/event_listener.py took 0.017 seconds
[2024-08-01T19:27:56.052+0700] {processor.py:161} INFO - Started process (PID=8365) to work on /usr/local/lib/python3.10/dist-packages/airflow/example_dags/plugins/event_listener.py
[2024-08-01T19:27:56.054+0700] {processor.py:830} INFO - Processing file /usr/local/lib/python3.10/dist-packages/airflow/example_dags/plugins/event_listener.py for tasks to queue
[2024-08-01T19:27:56.056+0700] {logging_mixin.py:188} INFO - [2024-08-01T19:27:56.055+0700] {dagbag.py:545} INFO - Filling up the DagBag from /usr/local/lib/python3.10/dist-packages/airflow/example_dags/plugins/event_listener.py
[2024-08-01T19:27:56.057+0700] {processor.py:842} WARNING - No viable dags retrieved from /usr/local/lib/python3.10/dist-packages/airflow/example_dags/plugins/event_listener.py
[2024-08-01T19:27:56.064+0700] {processor.py:183} INFO - Processing /usr/local/lib/python3.10/dist-packages/airflow/example_dags/plugins/event_listener.py took 0.016 seconds
[2024-08-01T19:28:26.598+0700] {processor.py:161} INFO - Started process (PID=8587) to work on /usr/local/lib/python3.10/dist-packages/airflow/example_dags/plugins/event_listener.py
[2024-08-01T19:28:26.601+0700] {processor.py:830} INFO - Processing file /usr/local/lib/python3.10/dist-packages/airflow/example_dags/plugins/event_listener.py for tasks to queue
[2024-08-01T19:28:26.602+0700] {logging_mixin.py:188} INFO - [2024-08-01T19:28:26.602+0700] {dagbag.py:545} INFO - Filling up the DagBag from /usr/local/lib/python3.10/dist-packages/airflow/example_dags/plugins/event_listener.py
[2024-08-01T19:28:26.604+0700] {processor.py:842} WARNING - No viable dags retrieved from /usr/local/lib/python3.10/dist-packages/airflow/example_dags/plugins/event_listener.py
[2024-08-01T19:28:26.610+0700] {processor.py:183} INFO - Processing /usr/local/lib/python3.10/dist-packages/airflow/example_dags/plugins/event_listener.py took 0.016 seconds
[2024-08-01T19:28:57.089+0700] {processor.py:161} INFO - Started process (PID=8810) to work on /usr/local/lib/python3.10/dist-packages/airflow/example_dags/plugins/event_listener.py
[2024-08-01T19:28:57.090+0700] {processor.py:830} INFO - Processing file /usr/local/lib/python3.10/dist-packages/airflow/example_dags/plugins/event_listener.py for tasks to queue
[2024-08-01T19:28:57.092+0700] {logging_mixin.py:188} INFO - [2024-08-01T19:28:57.091+0700] {dagbag.py:545} INFO - Filling up the DagBag from /usr/local/lib/python3.10/dist-packages/airflow/example_dags/plugins/event_listener.py
[2024-08-01T19:28:57.093+0700] {processor.py:842} WARNING - No viable dags retrieved from /usr/local/lib/python3.10/dist-packages/airflow/example_dags/plugins/event_listener.py
[2024-08-01T19:28:57.099+0700] {processor.py:183} INFO - Processing /usr/local/lib/python3.10/dist-packages/airflow/example_dags/plugins/event_listener.py took 0.014 seconds
[2024-08-01T19:29:27.525+0700] {processor.py:161} INFO - Started process (PID=9032) to work on /usr/local/lib/python3.10/dist-packages/airflow/example_dags/plugins/event_listener.py
[2024-08-01T19:29:27.528+0700] {processor.py:830} INFO - Processing file /usr/local/lib/python3.10/dist-packages/airflow/example_dags/plugins/event_listener.py for tasks to queue
[2024-08-01T19:29:27.529+0700] {logging_mixin.py:188} INFO - [2024-08-01T19:29:27.529+0700] {dagbag.py:545} INFO - Filling up the DagBag from /usr/local/lib/python3.10/dist-packages/airflow/example_dags/plugins/event_listener.py
[2024-08-01T19:29:27.530+0700] {processor.py:842} WARNING - No viable dags retrieved from /usr/local/lib/python3.10/dist-packages/airflow/example_dags/plugins/event_listener.py
[2024-08-01T19:29:27.537+0700] {processor.py:183} INFO - Processing /usr/local/lib/python3.10/dist-packages/airflow/example_dags/plugins/event_listener.py took 0.015 seconds
[2024-08-01T19:29:57.966+0700] {processor.py:161} INFO - Started process (PID=9248) to work on /usr/local/lib/python3.10/dist-packages/airflow/example_dags/plugins/event_listener.py
[2024-08-01T19:29:57.966+0700] {processor.py:830} INFO - Processing file /usr/local/lib/python3.10/dist-packages/airflow/example_dags/plugins/event_listener.py for tasks to queue
[2024-08-01T19:29:57.967+0700] {logging_mixin.py:188} INFO - [2024-08-01T19:29:57.967+0700] {dagbag.py:545} INFO - Filling up the DagBag from /usr/local/lib/python3.10/dist-packages/airflow/example_dags/plugins/event_listener.py
[2024-08-01T19:29:57.969+0700] {processor.py:842} WARNING - No viable dags retrieved from /usr/local/lib/python3.10/dist-packages/airflow/example_dags/plugins/event_listener.py
[2024-08-01T19:29:57.976+0700] {processor.py:183} INFO - Processing /usr/local/lib/python3.10/dist-packages/airflow/example_dags/plugins/event_listener.py took 0.014 seconds
[2024-08-01T19:30:28.408+0700] {processor.py:161} INFO - Started process (PID=9515) to work on /usr/local/lib/python3.10/dist-packages/airflow/example_dags/plugins/event_listener.py
[2024-08-01T19:30:28.410+0700] {processor.py:830} INFO - Processing file /usr/local/lib/python3.10/dist-packages/airflow/example_dags/plugins/event_listener.py for tasks to queue
[2024-08-01T19:30:28.411+0700] {logging_mixin.py:188} INFO - [2024-08-01T19:30:28.411+0700] {dagbag.py:545} INFO - Filling up the DagBag from /usr/local/lib/python3.10/dist-packages/airflow/example_dags/plugins/event_listener.py
[2024-08-01T19:30:28.413+0700] {processor.py:842} WARNING - No viable dags retrieved from /usr/local/lib/python3.10/dist-packages/airflow/example_dags/plugins/event_listener.py
[2024-08-01T19:30:28.419+0700] {processor.py:183} INFO - Processing /usr/local/lib/python3.10/dist-packages/airflow/example_dags/plugins/event_listener.py took 0.015 seconds
[2024-08-01T19:30:58.840+0700] {processor.py:161} INFO - Started process (PID=9751) to work on /usr/local/lib/python3.10/dist-packages/airflow/example_dags/plugins/event_listener.py
[2024-08-01T19:30:58.843+0700] {processor.py:830} INFO - Processing file /usr/local/lib/python3.10/dist-packages/airflow/example_dags/plugins/event_listener.py for tasks to queue
[2024-08-01T19:30:58.845+0700] {logging_mixin.py:188} INFO - [2024-08-01T19:30:58.844+0700] {dagbag.py:545} INFO - Filling up the DagBag from /usr/local/lib/python3.10/dist-packages/airflow/example_dags/plugins/event_listener.py
[2024-08-01T19:30:58.846+0700] {processor.py:842} WARNING - No viable dags retrieved from /usr/local/lib/python3.10/dist-packages/airflow/example_dags/plugins/event_listener.py
[2024-08-01T19:30:58.853+0700] {processor.py:183} INFO - Processing /usr/local/lib/python3.10/dist-packages/airflow/example_dags/plugins/event_listener.py took 0.017 seconds
[2024-08-01T19:31:29.947+0700] {processor.py:161} INFO - Started process (PID=10188) to work on /usr/local/lib/python3.10/dist-packages/airflow/example_dags/plugins/event_listener.py
[2024-08-01T19:31:29.948+0700] {processor.py:830} INFO - Processing file /usr/local/lib/python3.10/dist-packages/airflow/example_dags/plugins/event_listener.py for tasks to queue
[2024-08-01T19:31:29.950+0700] {logging_mixin.py:188} INFO - [2024-08-01T19:31:29.949+0700] {dagbag.py:545} INFO - Filling up the DagBag from /usr/local/lib/python3.10/dist-packages/airflow/example_dags/plugins/event_listener.py
[2024-08-01T19:31:29.953+0700] {processor.py:842} WARNING - No viable dags retrieved from /usr/local/lib/python3.10/dist-packages/airflow/example_dags/plugins/event_listener.py
[2024-08-01T19:31:29.962+0700] {processor.py:183} INFO - Processing /usr/local/lib/python3.10/dist-packages/airflow/example_dags/plugins/event_listener.py took 0.020 seconds
[2024-08-01T19:32:00.368+0700] {processor.py:161} INFO - Started process (PID=10537) to work on /usr/local/lib/python3.10/dist-packages/airflow/example_dags/plugins/event_listener.py
[2024-08-01T19:32:00.370+0700] {processor.py:830} INFO - Processing file /usr/local/lib/python3.10/dist-packages/airflow/example_dags/plugins/event_listener.py for tasks to queue
[2024-08-01T19:32:00.372+0700] {logging_mixin.py:188} INFO - [2024-08-01T19:32:00.372+0700] {dagbag.py:545} INFO - Filling up the DagBag from /usr/local/lib/python3.10/dist-packages/airflow/example_dags/plugins/event_listener.py
[2024-08-01T19:32:00.374+0700] {processor.py:842} WARNING - No viable dags retrieved from /usr/local/lib/python3.10/dist-packages/airflow/example_dags/plugins/event_listener.py
[2024-08-01T19:32:00.380+0700] {processor.py:183} INFO - Processing /usr/local/lib/python3.10/dist-packages/airflow/example_dags/plugins/event_listener.py took 0.015 seconds
[2024-08-01T19:32:30.797+0700] {processor.py:161} INFO - Started process (PID=10974) to work on /usr/local/lib/python3.10/dist-packages/airflow/example_dags/plugins/event_listener.py
[2024-08-01T19:32:30.799+0700] {processor.py:830} INFO - Processing file /usr/local/lib/python3.10/dist-packages/airflow/example_dags/plugins/event_listener.py for tasks to queue
[2024-08-01T19:32:30.800+0700] {logging_mixin.py:188} INFO - [2024-08-01T19:32:30.800+0700] {dagbag.py:545} INFO - Filling up the DagBag from /usr/local/lib/python3.10/dist-packages/airflow/example_dags/plugins/event_listener.py
[2024-08-01T19:32:30.802+0700] {processor.py:842} WARNING - No viable dags retrieved from /usr/local/lib/python3.10/dist-packages/airflow/example_dags/plugins/event_listener.py
[2024-08-01T19:32:30.811+0700] {processor.py:183} INFO - Processing /usr/local/lib/python3.10/dist-packages/airflow/example_dags/plugins/event_listener.py took 0.019 seconds
[2024-08-01T19:33:01.475+0700] {processor.py:161} INFO - Started process (PID=11437) to work on /usr/local/lib/python3.10/dist-packages/airflow/example_dags/plugins/event_listener.py
[2024-08-01T19:33:01.478+0700] {processor.py:830} INFO - Processing file /usr/local/lib/python3.10/dist-packages/airflow/example_dags/plugins/event_listener.py for tasks to queue
[2024-08-01T19:33:01.479+0700] {logging_mixin.py:188} INFO - [2024-08-01T19:33:01.479+0700] {dagbag.py:545} INFO - Filling up the DagBag from /usr/local/lib/python3.10/dist-packages/airflow/example_dags/plugins/event_listener.py
[2024-08-01T19:33:01.480+0700] {processor.py:842} WARNING - No viable dags retrieved from /usr/local/lib/python3.10/dist-packages/airflow/example_dags/plugins/event_listener.py
[2024-08-01T19:33:01.487+0700] {processor.py:183} INFO - Processing /usr/local/lib/python3.10/dist-packages/airflow/example_dags/plugins/event_listener.py took 0.016 seconds
[2024-08-01T19:33:31.680+0700] {processor.py:161} INFO - Started process (PID=11764) to work on /usr/local/lib/python3.10/dist-packages/airflow/example_dags/plugins/event_listener.py
[2024-08-01T19:33:31.683+0700] {processor.py:830} INFO - Processing file /usr/local/lib/python3.10/dist-packages/airflow/example_dags/plugins/event_listener.py for tasks to queue
[2024-08-01T19:33:31.685+0700] {logging_mixin.py:188} INFO - [2024-08-01T19:33:31.684+0700] {dagbag.py:545} INFO - Filling up the DagBag from /usr/local/lib/python3.10/dist-packages/airflow/example_dags/plugins/event_listener.py
[2024-08-01T19:33:31.686+0700] {processor.py:842} WARNING - No viable dags retrieved from /usr/local/lib/python3.10/dist-packages/airflow/example_dags/plugins/event_listener.py
[2024-08-01T19:33:31.693+0700] {processor.py:183} INFO - Processing /usr/local/lib/python3.10/dist-packages/airflow/example_dags/plugins/event_listener.py took 0.017 seconds
[2024-08-01T19:34:02.915+0700] {processor.py:161} INFO - Started process (PID=12203) to work on /usr/local/lib/python3.10/dist-packages/airflow/example_dags/plugins/event_listener.py
[2024-08-01T19:34:02.919+0700] {processor.py:830} INFO - Processing file /usr/local/lib/python3.10/dist-packages/airflow/example_dags/plugins/event_listener.py for tasks to queue
[2024-08-01T19:34:02.920+0700] {logging_mixin.py:188} INFO - [2024-08-01T19:34:02.920+0700] {dagbag.py:545} INFO - Filling up the DagBag from /usr/local/lib/python3.10/dist-packages/airflow/example_dags/plugins/event_listener.py
[2024-08-01T19:34:02.922+0700] {processor.py:842} WARNING - No viable dags retrieved from /usr/local/lib/python3.10/dist-packages/airflow/example_dags/plugins/event_listener.py
[2024-08-01T19:34:02.928+0700] {processor.py:183} INFO - Processing /usr/local/lib/python3.10/dist-packages/airflow/example_dags/plugins/event_listener.py took 0.017 seconds
[2024-08-01T19:34:33.123+0700] {processor.py:161} INFO - Started process (PID=12538) to work on /usr/local/lib/python3.10/dist-packages/airflow/example_dags/plugins/event_listener.py
[2024-08-01T19:34:33.126+0700] {processor.py:830} INFO - Processing file /usr/local/lib/python3.10/dist-packages/airflow/example_dags/plugins/event_listener.py for tasks to queue
[2024-08-01T19:34:33.127+0700] {logging_mixin.py:188} INFO - [2024-08-01T19:34:33.127+0700] {dagbag.py:545} INFO - Filling up the DagBag from /usr/local/lib/python3.10/dist-packages/airflow/example_dags/plugins/event_listener.py
[2024-08-01T19:34:33.128+0700] {processor.py:842} WARNING - No viable dags retrieved from /usr/local/lib/python3.10/dist-packages/airflow/example_dags/plugins/event_listener.py
[2024-08-01T19:34:33.135+0700] {processor.py:183} INFO - Processing /usr/local/lib/python3.10/dist-packages/airflow/example_dags/plugins/event_listener.py took 0.016 seconds
[2024-08-01T19:35:03.335+0700] {processor.py:161} INFO - Started process (PID=12762) to work on /usr/local/lib/python3.10/dist-packages/airflow/example_dags/plugins/event_listener.py
[2024-08-01T19:35:03.336+0700] {processor.py:830} INFO - Processing file /usr/local/lib/python3.10/dist-packages/airflow/example_dags/plugins/event_listener.py for tasks to queue
[2024-08-01T19:35:03.338+0700] {logging_mixin.py:188} INFO - [2024-08-01T19:35:03.337+0700] {dagbag.py:545} INFO - Filling up the DagBag from /usr/local/lib/python3.10/dist-packages/airflow/example_dags/plugins/event_listener.py
[2024-08-01T19:35:03.339+0700] {processor.py:842} WARNING - No viable dags retrieved from /usr/local/lib/python3.10/dist-packages/airflow/example_dags/plugins/event_listener.py
[2024-08-01T19:35:03.346+0700] {processor.py:183} INFO - Processing /usr/local/lib/python3.10/dist-packages/airflow/example_dags/plugins/event_listener.py took 0.015 seconds
[2024-08-01T19:35:33.541+0700] {processor.py:161} INFO - Started process (PID=13013) to work on /usr/local/lib/python3.10/dist-packages/airflow/example_dags/plugins/event_listener.py
[2024-08-01T19:35:33.543+0700] {processor.py:830} INFO - Processing file /usr/local/lib/python3.10/dist-packages/airflow/example_dags/plugins/event_listener.py for tasks to queue
[2024-08-01T19:35:33.544+0700] {logging_mixin.py:188} INFO - [2024-08-01T19:35:33.544+0700] {dagbag.py:545} INFO - Filling up the DagBag from /usr/local/lib/python3.10/dist-packages/airflow/example_dags/plugins/event_listener.py
[2024-08-01T19:35:33.547+0700] {processor.py:842} WARNING - No viable dags retrieved from /usr/local/lib/python3.10/dist-packages/airflow/example_dags/plugins/event_listener.py
[2024-08-01T19:35:33.555+0700] {processor.py:183} INFO - Processing /usr/local/lib/python3.10/dist-packages/airflow/example_dags/plugins/event_listener.py took 0.020 seconds
[2024-08-01T19:36:04.953+0700] {processor.py:161} INFO - Started process (PID=13238) to work on /usr/local/lib/python3.10/dist-packages/airflow/example_dags/plugins/event_listener.py
[2024-08-01T19:36:04.954+0700] {processor.py:830} INFO - Processing file /usr/local/lib/python3.10/dist-packages/airflow/example_dags/plugins/event_listener.py for tasks to queue
[2024-08-01T19:36:04.957+0700] {logging_mixin.py:188} INFO - [2024-08-01T19:36:04.957+0700] {dagbag.py:545} INFO - Filling up the DagBag from /usr/local/lib/python3.10/dist-packages/airflow/example_dags/plugins/event_listener.py
[2024-08-01T19:36:04.960+0700] {processor.py:842} WARNING - No viable dags retrieved from /usr/local/lib/python3.10/dist-packages/airflow/example_dags/plugins/event_listener.py
[2024-08-01T19:36:04.976+0700] {processor.py:183} INFO - Processing /usr/local/lib/python3.10/dist-packages/airflow/example_dags/plugins/event_listener.py took 0.030 seconds
[2024-08-01T19:36:36.057+0700] {processor.py:161} INFO - Started process (PID=13461) to work on /usr/local/lib/python3.10/dist-packages/airflow/example_dags/plugins/event_listener.py
[2024-08-01T19:36:36.057+0700] {processor.py:830} INFO - Processing file /usr/local/lib/python3.10/dist-packages/airflow/example_dags/plugins/event_listener.py for tasks to queue
[2024-08-01T19:36:36.059+0700] {logging_mixin.py:188} INFO - [2024-08-01T19:36:36.058+0700] {dagbag.py:545} INFO - Filling up the DagBag from /usr/local/lib/python3.10/dist-packages/airflow/example_dags/plugins/event_listener.py
[2024-08-01T19:36:36.060+0700] {processor.py:842} WARNING - No viable dags retrieved from /usr/local/lib/python3.10/dist-packages/airflow/example_dags/plugins/event_listener.py
[2024-08-01T19:36:36.067+0700] {processor.py:183} INFO - Processing /usr/local/lib/python3.10/dist-packages/airflow/example_dags/plugins/event_listener.py took 0.014 seconds
[2024-08-01T19:37:06.268+0700] {processor.py:161} INFO - Started process (PID=13676) to work on /usr/local/lib/python3.10/dist-packages/airflow/example_dags/plugins/event_listener.py
[2024-08-01T19:37:06.269+0700] {processor.py:830} INFO - Processing file /usr/local/lib/python3.10/dist-packages/airflow/example_dags/plugins/event_listener.py for tasks to queue
[2024-08-01T19:37:06.271+0700] {logging_mixin.py:188} INFO - [2024-08-01T19:37:06.270+0700] {dagbag.py:545} INFO - Filling up the DagBag from /usr/local/lib/python3.10/dist-packages/airflow/example_dags/plugins/event_listener.py
[2024-08-01T19:37:06.273+0700] {processor.py:842} WARNING - No viable dags retrieved from /usr/local/lib/python3.10/dist-packages/airflow/example_dags/plugins/event_listener.py
[2024-08-01T19:37:06.280+0700] {processor.py:183} INFO - Processing /usr/local/lib/python3.10/dist-packages/airflow/example_dags/plugins/event_listener.py took 0.017 seconds
[2024-08-01T19:37:36.469+0700] {processor.py:161} INFO - Started process (PID=13922) to work on /usr/local/lib/python3.10/dist-packages/airflow/example_dags/plugins/event_listener.py
[2024-08-01T19:37:36.473+0700] {processor.py:830} INFO - Processing file /usr/local/lib/python3.10/dist-packages/airflow/example_dags/plugins/event_listener.py for tasks to queue
[2024-08-01T19:37:36.474+0700] {logging_mixin.py:188} INFO - [2024-08-01T19:37:36.474+0700] {dagbag.py:545} INFO - Filling up the DagBag from /usr/local/lib/python3.10/dist-packages/airflow/example_dags/plugins/event_listener.py
[2024-08-01T19:37:36.475+0700] {processor.py:842} WARNING - No viable dags retrieved from /usr/local/lib/python3.10/dist-packages/airflow/example_dags/plugins/event_listener.py
[2024-08-01T19:37:36.482+0700] {processor.py:183} INFO - Processing /usr/local/lib/python3.10/dist-packages/airflow/example_dags/plugins/event_listener.py took 0.016 seconds
[2024-08-01T19:38:06.666+0700] {processor.py:161} INFO - Started process (PID=14139) to work on /usr/local/lib/python3.10/dist-packages/airflow/example_dags/plugins/event_listener.py
[2024-08-01T19:38:06.666+0700] {processor.py:830} INFO - Processing file /usr/local/lib/python3.10/dist-packages/airflow/example_dags/plugins/event_listener.py for tasks to queue
[2024-08-01T19:38:06.667+0700] {logging_mixin.py:188} INFO - [2024-08-01T19:38:06.667+0700] {dagbag.py:545} INFO - Filling up the DagBag from /usr/local/lib/python3.10/dist-packages/airflow/example_dags/plugins/event_listener.py
[2024-08-01T19:38:06.669+0700] {processor.py:842} WARNING - No viable dags retrieved from /usr/local/lib/python3.10/dist-packages/airflow/example_dags/plugins/event_listener.py
[2024-08-01T19:38:06.676+0700] {processor.py:183} INFO - Processing /usr/local/lib/python3.10/dist-packages/airflow/example_dags/plugins/event_listener.py took 0.015 seconds
[2024-08-01T19:38:36.974+0700] {processor.py:161} INFO - Started process (PID=14356) to work on /usr/local/lib/python3.10/dist-packages/airflow/example_dags/plugins/event_listener.py
[2024-08-01T19:38:36.975+0700] {processor.py:830} INFO - Processing file /usr/local/lib/python3.10/dist-packages/airflow/example_dags/plugins/event_listener.py for tasks to queue
[2024-08-01T19:38:36.977+0700] {logging_mixin.py:188} INFO - [2024-08-01T19:38:36.976+0700] {dagbag.py:545} INFO - Filling up the DagBag from /usr/local/lib/python3.10/dist-packages/airflow/example_dags/plugins/event_listener.py
[2024-08-01T19:38:36.978+0700] {processor.py:842} WARNING - No viable dags retrieved from /usr/local/lib/python3.10/dist-packages/airflow/example_dags/plugins/event_listener.py
[2024-08-01T19:38:36.986+0700] {processor.py:183} INFO - Processing /usr/local/lib/python3.10/dist-packages/airflow/example_dags/plugins/event_listener.py took 0.018 seconds
[2024-08-01T22:18:50.686+0700] {processor.py:161} INFO - Started process (PID=6704) to work on /usr/local/lib/python3.10/dist-packages/airflow/example_dags/plugins/event_listener.py
[2024-08-01T22:18:50.688+0700] {processor.py:830} INFO - Processing file /usr/local/lib/python3.10/dist-packages/airflow/example_dags/plugins/event_listener.py for tasks to queue
[2024-08-01T22:18:50.689+0700] {logging_mixin.py:188} INFO - [2024-08-01T22:18:50.689+0700] {dagbag.py:545} INFO - Filling up the DagBag from /usr/local/lib/python3.10/dist-packages/airflow/example_dags/plugins/event_listener.py
[2024-08-01T22:18:50.691+0700] {processor.py:842} WARNING - No viable dags retrieved from /usr/local/lib/python3.10/dist-packages/airflow/example_dags/plugins/event_listener.py
[2024-08-01T22:18:50.698+0700] {processor.py:183} INFO - Processing /usr/local/lib/python3.10/dist-packages/airflow/example_dags/plugins/event_listener.py took 0.016 seconds
[2024-08-01T22:19:21.338+0700] {processor.py:161} INFO - Started process (PID=7163) to work on /usr/local/lib/python3.10/dist-packages/airflow/example_dags/plugins/event_listener.py
[2024-08-01T22:19:21.340+0700] {processor.py:830} INFO - Processing file /usr/local/lib/python3.10/dist-packages/airflow/example_dags/plugins/event_listener.py for tasks to queue
[2024-08-01T22:19:21.341+0700] {logging_mixin.py:188} INFO - [2024-08-01T22:19:21.341+0700] {dagbag.py:545} INFO - Filling up the DagBag from /usr/local/lib/python3.10/dist-packages/airflow/example_dags/plugins/event_listener.py
[2024-08-01T22:19:21.343+0700] {processor.py:842} WARNING - No viable dags retrieved from /usr/local/lib/python3.10/dist-packages/airflow/example_dags/plugins/event_listener.py
[2024-08-01T22:19:21.352+0700] {processor.py:183} INFO - Processing /usr/local/lib/python3.10/dist-packages/airflow/example_dags/plugins/event_listener.py took 0.019 seconds
[2024-08-01T22:19:51.791+0700] {processor.py:161} INFO - Started process (PID=7384) to work on /usr/local/lib/python3.10/dist-packages/airflow/example_dags/plugins/event_listener.py
[2024-08-01T22:19:51.793+0700] {processor.py:830} INFO - Processing file /usr/local/lib/python3.10/dist-packages/airflow/example_dags/plugins/event_listener.py for tasks to queue
[2024-08-01T22:19:51.794+0700] {logging_mixin.py:188} INFO - [2024-08-01T22:19:51.794+0700] {dagbag.py:545} INFO - Filling up the DagBag from /usr/local/lib/python3.10/dist-packages/airflow/example_dags/plugins/event_listener.py
[2024-08-01T22:19:51.795+0700] {processor.py:842} WARNING - No viable dags retrieved from /usr/local/lib/python3.10/dist-packages/airflow/example_dags/plugins/event_listener.py
[2024-08-01T22:19:51.801+0700] {processor.py:183} INFO - Processing /usr/local/lib/python3.10/dist-packages/airflow/example_dags/plugins/event_listener.py took 0.015 seconds
[2024-08-01T22:20:22.275+0700] {processor.py:161} INFO - Started process (PID=7600) to work on /usr/local/lib/python3.10/dist-packages/airflow/example_dags/plugins/event_listener.py
[2024-08-01T22:20:22.276+0700] {processor.py:830} INFO - Processing file /usr/local/lib/python3.10/dist-packages/airflow/example_dags/plugins/event_listener.py for tasks to queue
[2024-08-01T22:20:22.277+0700] {logging_mixin.py:188} INFO - [2024-08-01T22:20:22.277+0700] {dagbag.py:545} INFO - Filling up the DagBag from /usr/local/lib/python3.10/dist-packages/airflow/example_dags/plugins/event_listener.py
[2024-08-01T22:20:22.278+0700] {processor.py:842} WARNING - No viable dags retrieved from /usr/local/lib/python3.10/dist-packages/airflow/example_dags/plugins/event_listener.py
[2024-08-01T22:20:22.285+0700] {processor.py:183} INFO - Processing /usr/local/lib/python3.10/dist-packages/airflow/example_dags/plugins/event_listener.py took 0.014 seconds
[2024-08-01T22:20:52.420+0700] {processor.py:161} INFO - Started process (PID=8050) to work on /usr/local/lib/python3.10/dist-packages/airflow/example_dags/plugins/event_listener.py
[2024-08-01T22:20:52.423+0700] {processor.py:830} INFO - Processing file /usr/local/lib/python3.10/dist-packages/airflow/example_dags/plugins/event_listener.py for tasks to queue
[2024-08-01T22:20:52.424+0700] {logging_mixin.py:188} INFO - [2024-08-01T22:20:52.424+0700] {dagbag.py:545} INFO - Filling up the DagBag from /usr/local/lib/python3.10/dist-packages/airflow/example_dags/plugins/event_listener.py
[2024-08-01T22:20:52.425+0700] {processor.py:842} WARNING - No viable dags retrieved from /usr/local/lib/python3.10/dist-packages/airflow/example_dags/plugins/event_listener.py
[2024-08-01T22:20:52.432+0700] {processor.py:183} INFO - Processing /usr/local/lib/python3.10/dist-packages/airflow/example_dags/plugins/event_listener.py took 0.017 seconds
[2024-08-01T22:21:22.849+0700] {processor.py:161} INFO - Started process (PID=8271) to work on /usr/local/lib/python3.10/dist-packages/airflow/example_dags/plugins/event_listener.py
[2024-08-01T22:21:22.855+0700] {processor.py:830} INFO - Processing file /usr/local/lib/python3.10/dist-packages/airflow/example_dags/plugins/event_listener.py for tasks to queue
[2024-08-01T22:21:22.857+0700] {logging_mixin.py:188} INFO - [2024-08-01T22:21:22.857+0700] {dagbag.py:545} INFO - Filling up the DagBag from /usr/local/lib/python3.10/dist-packages/airflow/example_dags/plugins/event_listener.py
[2024-08-01T22:21:22.858+0700] {processor.py:842} WARNING - No viable dags retrieved from /usr/local/lib/python3.10/dist-packages/airflow/example_dags/plugins/event_listener.py
[2024-08-01T22:21:22.865+0700] {processor.py:183} INFO - Processing /usr/local/lib/python3.10/dist-packages/airflow/example_dags/plugins/event_listener.py took 0.019 seconds
[2024-08-01T22:21:53.262+0700] {processor.py:161} INFO - Started process (PID=8485) to work on /usr/local/lib/python3.10/dist-packages/airflow/example_dags/plugins/event_listener.py
[2024-08-01T22:21:53.264+0700] {processor.py:830} INFO - Processing file /usr/local/lib/python3.10/dist-packages/airflow/example_dags/plugins/event_listener.py for tasks to queue
[2024-08-01T22:21:53.265+0700] {logging_mixin.py:188} INFO - [2024-08-01T22:21:53.265+0700] {dagbag.py:545} INFO - Filling up the DagBag from /usr/local/lib/python3.10/dist-packages/airflow/example_dags/plugins/event_listener.py
[2024-08-01T22:21:53.266+0700] {processor.py:842} WARNING - No viable dags retrieved from /usr/local/lib/python3.10/dist-packages/airflow/example_dags/plugins/event_listener.py
[2024-08-01T22:21:53.273+0700] {processor.py:183} INFO - Processing /usr/local/lib/python3.10/dist-packages/airflow/example_dags/plugins/event_listener.py took 0.015 seconds
[2024-08-01T22:22:23.721+0700] {processor.py:161} INFO - Started process (PID=8706) to work on /usr/local/lib/python3.10/dist-packages/airflow/example_dags/plugins/event_listener.py
[2024-08-01T22:22:23.724+0700] {processor.py:830} INFO - Processing file /usr/local/lib/python3.10/dist-packages/airflow/example_dags/plugins/event_listener.py for tasks to queue
[2024-08-01T22:22:23.725+0700] {logging_mixin.py:188} INFO - [2024-08-01T22:22:23.725+0700] {dagbag.py:545} INFO - Filling up the DagBag from /usr/local/lib/python3.10/dist-packages/airflow/example_dags/plugins/event_listener.py
[2024-08-01T22:22:23.726+0700] {processor.py:842} WARNING - No viable dags retrieved from /usr/local/lib/python3.10/dist-packages/airflow/example_dags/plugins/event_listener.py
[2024-08-01T22:22:23.733+0700] {processor.py:183} INFO - Processing /usr/local/lib/python3.10/dist-packages/airflow/example_dags/plugins/event_listener.py took 0.016 seconds
[2024-08-01T22:22:54.138+0700] {processor.py:161} INFO - Started process (PID=8926) to work on /usr/local/lib/python3.10/dist-packages/airflow/example_dags/plugins/event_listener.py
[2024-08-01T22:22:54.143+0700] {processor.py:830} INFO - Processing file /usr/local/lib/python3.10/dist-packages/airflow/example_dags/plugins/event_listener.py for tasks to queue
[2024-08-01T22:22:54.145+0700] {logging_mixin.py:188} INFO - [2024-08-01T22:22:54.144+0700] {dagbag.py:545} INFO - Filling up the DagBag from /usr/local/lib/python3.10/dist-packages/airflow/example_dags/plugins/event_listener.py
[2024-08-01T22:22:54.146+0700] {processor.py:842} WARNING - No viable dags retrieved from /usr/local/lib/python3.10/dist-packages/airflow/example_dags/plugins/event_listener.py
[2024-08-01T22:22:54.155+0700] {processor.py:183} INFO - Processing /usr/local/lib/python3.10/dist-packages/airflow/example_dags/plugins/event_listener.py took 0.021 seconds
[2024-08-01T22:23:24.662+0700] {processor.py:161} INFO - Started process (PID=9148) to work on /usr/local/lib/python3.10/dist-packages/airflow/example_dags/plugins/event_listener.py
[2024-08-01T22:23:24.665+0700] {processor.py:830} INFO - Processing file /usr/local/lib/python3.10/dist-packages/airflow/example_dags/plugins/event_listener.py for tasks to queue
[2024-08-01T22:23:24.666+0700] {logging_mixin.py:188} INFO - [2024-08-01T22:23:24.666+0700] {dagbag.py:545} INFO - Filling up the DagBag from /usr/local/lib/python3.10/dist-packages/airflow/example_dags/plugins/event_listener.py
[2024-08-01T22:23:24.668+0700] {processor.py:842} WARNING - No viable dags retrieved from /usr/local/lib/python3.10/dist-packages/airflow/example_dags/plugins/event_listener.py
[2024-08-01T22:23:24.674+0700] {processor.py:183} INFO - Processing /usr/local/lib/python3.10/dist-packages/airflow/example_dags/plugins/event_listener.py took 0.016 seconds
[2024-08-01T22:23:55.148+0700] {processor.py:161} INFO - Started process (PID=9389) to work on /usr/local/lib/python3.10/dist-packages/airflow/example_dags/plugins/event_listener.py
[2024-08-01T22:23:55.150+0700] {processor.py:830} INFO - Processing file /usr/local/lib/python3.10/dist-packages/airflow/example_dags/plugins/event_listener.py for tasks to queue
[2024-08-01T22:23:55.151+0700] {logging_mixin.py:188} INFO - [2024-08-01T22:23:55.151+0700] {dagbag.py:545} INFO - Filling up the DagBag from /usr/local/lib/python3.10/dist-packages/airflow/example_dags/plugins/event_listener.py
[2024-08-01T22:23:55.153+0700] {processor.py:842} WARNING - No viable dags retrieved from /usr/local/lib/python3.10/dist-packages/airflow/example_dags/plugins/event_listener.py
[2024-08-01T22:23:55.160+0700] {processor.py:183} INFO - Processing /usr/local/lib/python3.10/dist-packages/airflow/example_dags/plugins/event_listener.py took 0.017 seconds
[2024-08-01T22:24:26.147+0700] {processor.py:161} INFO - Started process (PID=9844) to work on /usr/local/lib/python3.10/dist-packages/airflow/example_dags/plugins/event_listener.py
[2024-08-01T22:24:26.151+0700] {processor.py:830} INFO - Processing file /usr/local/lib/python3.10/dist-packages/airflow/example_dags/plugins/event_listener.py for tasks to queue
[2024-08-01T22:24:26.156+0700] {logging_mixin.py:188} INFO - [2024-08-01T22:24:26.155+0700] {dagbag.py:545} INFO - Filling up the DagBag from /usr/local/lib/python3.10/dist-packages/airflow/example_dags/plugins/event_listener.py
[2024-08-01T22:24:26.158+0700] {processor.py:842} WARNING - No viable dags retrieved from /usr/local/lib/python3.10/dist-packages/airflow/example_dags/plugins/event_listener.py
[2024-08-01T22:24:26.183+0700] {processor.py:183} INFO - Processing /usr/local/lib/python3.10/dist-packages/airflow/example_dags/plugins/event_listener.py took 0.047 seconds
[2024-08-01T22:24:56.710+0700] {processor.py:161} INFO - Started process (PID=10132) to work on /usr/local/lib/python3.10/dist-packages/airflow/example_dags/plugins/event_listener.py
[2024-08-01T22:24:56.712+0700] {processor.py:830} INFO - Processing file /usr/local/lib/python3.10/dist-packages/airflow/example_dags/plugins/event_listener.py for tasks to queue
[2024-08-01T22:24:56.713+0700] {logging_mixin.py:188} INFO - [2024-08-01T22:24:56.713+0700] {dagbag.py:545} INFO - Filling up the DagBag from /usr/local/lib/python3.10/dist-packages/airflow/example_dags/plugins/event_listener.py
[2024-08-01T22:24:56.715+0700] {processor.py:842} WARNING - No viable dags retrieved from /usr/local/lib/python3.10/dist-packages/airflow/example_dags/plugins/event_listener.py
[2024-08-01T22:24:56.723+0700] {processor.py:183} INFO - Processing /usr/local/lib/python3.10/dist-packages/airflow/example_dags/plugins/event_listener.py took 0.017 seconds
[2024-08-01T22:25:27.791+0700] {processor.py:161} INFO - Started process (PID=10289) to work on /usr/local/lib/python3.10/dist-packages/airflow/example_dags/plugins/event_listener.py
[2024-08-01T22:25:27.793+0700] {processor.py:830} INFO - Processing file /usr/local/lib/python3.10/dist-packages/airflow/example_dags/plugins/event_listener.py for tasks to queue
[2024-08-01T22:25:27.794+0700] {logging_mixin.py:188} INFO - [2024-08-01T22:25:27.794+0700] {dagbag.py:545} INFO - Filling up the DagBag from /usr/local/lib/python3.10/dist-packages/airflow/example_dags/plugins/event_listener.py
[2024-08-01T22:25:27.797+0700] {processor.py:842} WARNING - No viable dags retrieved from /usr/local/lib/python3.10/dist-packages/airflow/example_dags/plugins/event_listener.py
[2024-08-01T22:25:27.818+0700] {processor.py:183} INFO - Processing /usr/local/lib/python3.10/dist-packages/airflow/example_dags/plugins/event_listener.py took 0.032 seconds
[2024-08-01T22:25:58.478+0700] {processor.py:161} INFO - Started process (PID=10427) to work on /usr/local/lib/python3.10/dist-packages/airflow/example_dags/plugins/event_listener.py
[2024-08-01T22:25:58.480+0700] {processor.py:830} INFO - Processing file /usr/local/lib/python3.10/dist-packages/airflow/example_dags/plugins/event_listener.py for tasks to queue
[2024-08-01T22:25:58.481+0700] {logging_mixin.py:188} INFO - [2024-08-01T22:25:58.481+0700] {dagbag.py:545} INFO - Filling up the DagBag from /usr/local/lib/python3.10/dist-packages/airflow/example_dags/plugins/event_listener.py
[2024-08-01T22:25:58.483+0700] {processor.py:842} WARNING - No viable dags retrieved from /usr/local/lib/python3.10/dist-packages/airflow/example_dags/plugins/event_listener.py
[2024-08-01T22:25:58.492+0700] {processor.py:183} INFO - Processing /usr/local/lib/python3.10/dist-packages/airflow/example_dags/plugins/event_listener.py took 0.018 seconds
[2024-08-01T22:26:28.881+0700] {processor.py:161} INFO - Started process (PID=10610) to work on /usr/local/lib/python3.10/dist-packages/airflow/example_dags/plugins/event_listener.py
[2024-08-01T22:26:28.882+0700] {processor.py:830} INFO - Processing file /usr/local/lib/python3.10/dist-packages/airflow/example_dags/plugins/event_listener.py for tasks to queue
[2024-08-01T22:26:28.883+0700] {logging_mixin.py:188} INFO - [2024-08-01T22:26:28.883+0700] {dagbag.py:545} INFO - Filling up the DagBag from /usr/local/lib/python3.10/dist-packages/airflow/example_dags/plugins/event_listener.py
[2024-08-01T22:26:28.885+0700] {processor.py:842} WARNING - No viable dags retrieved from /usr/local/lib/python3.10/dist-packages/airflow/example_dags/plugins/event_listener.py
[2024-08-01T22:26:28.892+0700] {processor.py:183} INFO - Processing /usr/local/lib/python3.10/dist-packages/airflow/example_dags/plugins/event_listener.py took 0.016 seconds
[2024-08-01T22:26:59.300+0700] {processor.py:161} INFO - Started process (PID=10838) to work on /usr/local/lib/python3.10/dist-packages/airflow/example_dags/plugins/event_listener.py
[2024-08-01T22:26:59.301+0700] {processor.py:830} INFO - Processing file /usr/local/lib/python3.10/dist-packages/airflow/example_dags/plugins/event_listener.py for tasks to queue
[2024-08-01T22:26:59.302+0700] {logging_mixin.py:188} INFO - [2024-08-01T22:26:59.302+0700] {dagbag.py:545} INFO - Filling up the DagBag from /usr/local/lib/python3.10/dist-packages/airflow/example_dags/plugins/event_listener.py
[2024-08-01T22:26:59.303+0700] {processor.py:842} WARNING - No viable dags retrieved from /usr/local/lib/python3.10/dist-packages/airflow/example_dags/plugins/event_listener.py
[2024-08-01T22:26:59.332+0700] {processor.py:183} INFO - Processing /usr/local/lib/python3.10/dist-packages/airflow/example_dags/plugins/event_listener.py took 0.036 seconds
[2024-08-01T22:27:29.754+0700] {processor.py:161} INFO - Started process (PID=11069) to work on /usr/local/lib/python3.10/dist-packages/airflow/example_dags/plugins/event_listener.py
[2024-08-01T22:27:29.755+0700] {processor.py:830} INFO - Processing file /usr/local/lib/python3.10/dist-packages/airflow/example_dags/plugins/event_listener.py for tasks to queue
[2024-08-01T22:27:29.756+0700] {logging_mixin.py:188} INFO - [2024-08-01T22:27:29.756+0700] {dagbag.py:545} INFO - Filling up the DagBag from /usr/local/lib/python3.10/dist-packages/airflow/example_dags/plugins/event_listener.py
[2024-08-01T22:27:29.759+0700] {processor.py:842} WARNING - No viable dags retrieved from /usr/local/lib/python3.10/dist-packages/airflow/example_dags/plugins/event_listener.py
[2024-08-01T22:27:29.766+0700] {processor.py:183} INFO - Processing /usr/local/lib/python3.10/dist-packages/airflow/example_dags/plugins/event_listener.py took 0.017 seconds
[2024-08-01T22:28:00.164+0700] {processor.py:161} INFO - Started process (PID=11294) to work on /usr/local/lib/python3.10/dist-packages/airflow/example_dags/plugins/event_listener.py
[2024-08-01T22:28:00.166+0700] {processor.py:830} INFO - Processing file /usr/local/lib/python3.10/dist-packages/airflow/example_dags/plugins/event_listener.py for tasks to queue
[2024-08-01T22:28:00.167+0700] {logging_mixin.py:188} INFO - [2024-08-01T22:28:00.167+0700] {dagbag.py:545} INFO - Filling up the DagBag from /usr/local/lib/python3.10/dist-packages/airflow/example_dags/plugins/event_listener.py
[2024-08-01T22:28:00.169+0700] {processor.py:842} WARNING - No viable dags retrieved from /usr/local/lib/python3.10/dist-packages/airflow/example_dags/plugins/event_listener.py
[2024-08-01T22:28:00.178+0700] {processor.py:183} INFO - Processing /usr/local/lib/python3.10/dist-packages/airflow/example_dags/plugins/event_listener.py took 0.018 seconds
[2024-08-01T22:28:30.534+0700] {processor.py:161} INFO - Started process (PID=11513) to work on /usr/local/lib/python3.10/dist-packages/airflow/example_dags/plugins/event_listener.py
[2024-08-01T22:28:30.535+0700] {processor.py:830} INFO - Processing file /usr/local/lib/python3.10/dist-packages/airflow/example_dags/plugins/event_listener.py for tasks to queue
[2024-08-01T22:28:30.539+0700] {logging_mixin.py:188} INFO - [2024-08-01T22:28:30.538+0700] {dagbag.py:545} INFO - Filling up the DagBag from /usr/local/lib/python3.10/dist-packages/airflow/example_dags/plugins/event_listener.py
[2024-08-01T22:28:30.541+0700] {processor.py:842} WARNING - No viable dags retrieved from /usr/local/lib/python3.10/dist-packages/airflow/example_dags/plugins/event_listener.py
[2024-08-01T22:28:30.548+0700] {processor.py:183} INFO - Processing /usr/local/lib/python3.10/dist-packages/airflow/example_dags/plugins/event_listener.py took 0.019 seconds
[2024-08-01T22:29:00.944+0700] {processor.py:161} INFO - Started process (PID=11764) to work on /usr/local/lib/python3.10/dist-packages/airflow/example_dags/plugins/event_listener.py
[2024-08-01T22:29:00.945+0700] {processor.py:830} INFO - Processing file /usr/local/lib/python3.10/dist-packages/airflow/example_dags/plugins/event_listener.py for tasks to queue
[2024-08-01T22:29:00.947+0700] {logging_mixin.py:188} INFO - [2024-08-01T22:29:00.947+0700] {dagbag.py:545} INFO - Filling up the DagBag from /usr/local/lib/python3.10/dist-packages/airflow/example_dags/plugins/event_listener.py
[2024-08-01T22:29:00.948+0700] {processor.py:842} WARNING - No viable dags retrieved from /usr/local/lib/python3.10/dist-packages/airflow/example_dags/plugins/event_listener.py
[2024-08-01T22:29:00.957+0700] {processor.py:183} INFO - Processing /usr/local/lib/python3.10/dist-packages/airflow/example_dags/plugins/event_listener.py took 0.017 seconds
[2024-08-01T22:29:31.357+0700] {processor.py:161} INFO - Started process (PID=12001) to work on /usr/local/lib/python3.10/dist-packages/airflow/example_dags/plugins/event_listener.py
[2024-08-01T22:29:31.358+0700] {processor.py:830} INFO - Processing file /usr/local/lib/python3.10/dist-packages/airflow/example_dags/plugins/event_listener.py for tasks to queue
[2024-08-01T22:29:31.360+0700] {logging_mixin.py:188} INFO - [2024-08-01T22:29:31.360+0700] {dagbag.py:545} INFO - Filling up the DagBag from /usr/local/lib/python3.10/dist-packages/airflow/example_dags/plugins/event_listener.py
[2024-08-01T22:29:31.362+0700] {processor.py:842} WARNING - No viable dags retrieved from /usr/local/lib/python3.10/dist-packages/airflow/example_dags/plugins/event_listener.py
[2024-08-01T22:29:31.370+0700] {processor.py:183} INFO - Processing /usr/local/lib/python3.10/dist-packages/airflow/example_dags/plugins/event_listener.py took 0.019 seconds
[2024-08-01T22:32:12.947+0700] {processor.py:161} INFO - Started process (PID=12616) to work on /usr/local/lib/python3.10/dist-packages/airflow/example_dags/plugins/event_listener.py
[2024-08-01T22:32:12.948+0700] {processor.py:830} INFO - Processing file /usr/local/lib/python3.10/dist-packages/airflow/example_dags/plugins/event_listener.py for tasks to queue
[2024-08-01T22:32:12.949+0700] {logging_mixin.py:188} INFO - [2024-08-01T22:32:12.949+0700] {dagbag.py:545} INFO - Filling up the DagBag from /usr/local/lib/python3.10/dist-packages/airflow/example_dags/plugins/event_listener.py
[2024-08-01T22:32:12.952+0700] {processor.py:842} WARNING - No viable dags retrieved from /usr/local/lib/python3.10/dist-packages/airflow/example_dags/plugins/event_listener.py
[2024-08-01T22:32:12.960+0700] {processor.py:183} INFO - Processing /usr/local/lib/python3.10/dist-packages/airflow/example_dags/plugins/event_listener.py took 0.018 seconds
[2024-08-01T22:32:43.176+0700] {processor.py:161} INFO - Started process (PID=12845) to work on /usr/local/lib/python3.10/dist-packages/airflow/example_dags/plugins/event_listener.py
[2024-08-01T22:32:43.179+0700] {processor.py:830} INFO - Processing file /usr/local/lib/python3.10/dist-packages/airflow/example_dags/plugins/event_listener.py for tasks to queue
[2024-08-01T22:32:43.185+0700] {logging_mixin.py:188} INFO - [2024-08-01T22:32:43.182+0700] {dagbag.py:545} INFO - Filling up the DagBag from /usr/local/lib/python3.10/dist-packages/airflow/example_dags/plugins/event_listener.py
[2024-08-01T22:32:43.198+0700] {processor.py:842} WARNING - No viable dags retrieved from /usr/local/lib/python3.10/dist-packages/airflow/example_dags/plugins/event_listener.py
[2024-08-01T22:32:43.245+0700] {processor.py:183} INFO - Processing /usr/local/lib/python3.10/dist-packages/airflow/example_dags/plugins/event_listener.py took 0.088 seconds
[2024-08-01T22:33:13.925+0700] {processor.py:161} INFO - Started process (PID=13017) to work on /usr/local/lib/python3.10/dist-packages/airflow/example_dags/plugins/event_listener.py
[2024-08-01T22:33:13.928+0700] {processor.py:830} INFO - Processing file /usr/local/lib/python3.10/dist-packages/airflow/example_dags/plugins/event_listener.py for tasks to queue
[2024-08-01T22:33:13.929+0700] {logging_mixin.py:188} INFO - [2024-08-01T22:33:13.929+0700] {dagbag.py:545} INFO - Filling up the DagBag from /usr/local/lib/python3.10/dist-packages/airflow/example_dags/plugins/event_listener.py
[2024-08-01T22:33:13.933+0700] {processor.py:842} WARNING - No viable dags retrieved from /usr/local/lib/python3.10/dist-packages/airflow/example_dags/plugins/event_listener.py
[2024-08-01T22:33:13.961+0700] {processor.py:183} INFO - Processing /usr/local/lib/python3.10/dist-packages/airflow/example_dags/plugins/event_listener.py took 0.051 seconds
[2024-08-01T22:33:44.531+0700] {processor.py:161} INFO - Started process (PID=13161) to work on /usr/local/lib/python3.10/dist-packages/airflow/example_dags/plugins/event_listener.py
[2024-08-01T22:33:44.534+0700] {processor.py:830} INFO - Processing file /usr/local/lib/python3.10/dist-packages/airflow/example_dags/plugins/event_listener.py for tasks to queue
[2024-08-01T22:33:44.537+0700] {logging_mixin.py:188} INFO - [2024-08-01T22:33:44.536+0700] {dagbag.py:545} INFO - Filling up the DagBag from /usr/local/lib/python3.10/dist-packages/airflow/example_dags/plugins/event_listener.py
[2024-08-01T22:33:44.551+0700] {processor.py:842} WARNING - No viable dags retrieved from /usr/local/lib/python3.10/dist-packages/airflow/example_dags/plugins/event_listener.py
[2024-08-01T22:33:44.569+0700] {processor.py:183} INFO - Processing /usr/local/lib/python3.10/dist-packages/airflow/example_dags/plugins/event_listener.py took 0.074 seconds
[2024-08-01T22:34:14.993+0700] {processor.py:161} INFO - Started process (PID=13327) to work on /usr/local/lib/python3.10/dist-packages/airflow/example_dags/plugins/event_listener.py
[2024-08-01T22:34:14.995+0700] {processor.py:830} INFO - Processing file /usr/local/lib/python3.10/dist-packages/airflow/example_dags/plugins/event_listener.py for tasks to queue
[2024-08-01T22:34:14.997+0700] {logging_mixin.py:188} INFO - [2024-08-01T22:34:14.996+0700] {dagbag.py:545} INFO - Filling up the DagBag from /usr/local/lib/python3.10/dist-packages/airflow/example_dags/plugins/event_listener.py
[2024-08-01T22:34:14.999+0700] {processor.py:842} WARNING - No viable dags retrieved from /usr/local/lib/python3.10/dist-packages/airflow/example_dags/plugins/event_listener.py
[2024-08-01T22:34:15.026+0700] {processor.py:183} INFO - Processing /usr/local/lib/python3.10/dist-packages/airflow/example_dags/plugins/event_listener.py took 0.068 seconds
[2024-08-01T22:34:46.242+0700] {processor.py:161} INFO - Started process (PID=13482) to work on /usr/local/lib/python3.10/dist-packages/airflow/example_dags/plugins/event_listener.py
[2024-08-01T22:34:46.243+0700] {processor.py:830} INFO - Processing file /usr/local/lib/python3.10/dist-packages/airflow/example_dags/plugins/event_listener.py for tasks to queue
[2024-08-01T22:34:46.244+0700] {logging_mixin.py:188} INFO - [2024-08-01T22:34:46.244+0700] {dagbag.py:545} INFO - Filling up the DagBag from /usr/local/lib/python3.10/dist-packages/airflow/example_dags/plugins/event_listener.py
[2024-08-01T22:34:46.247+0700] {processor.py:842} WARNING - No viable dags retrieved from /usr/local/lib/python3.10/dist-packages/airflow/example_dags/plugins/event_listener.py
[2024-08-01T22:34:46.255+0700] {processor.py:183} INFO - Processing /usr/local/lib/python3.10/dist-packages/airflow/example_dags/plugins/event_listener.py took 0.018 seconds
