[2024-08-03T11:26:07.069+0700] {local_task_job_runner.py:120} INFO - ::group::Pre task execution logs
[2024-08-03T11:26:07.085+0700] {taskinstance.py:2076} INFO - Dependencies all met for dep_context=non-requeueable deps ti=<TaskInstance: list_postgres_s3.copy_table_dim_products manual__2024-08-03T04:26:01.070053+00:00 [queued]>
[2024-08-03T11:26:07.091+0700] {taskinstance.py:2076} INFO - Dependencies all met for dep_context=requeueable deps ti=<TaskInstance: list_postgres_s3.copy_table_dim_products manual__2024-08-03T04:26:01.070053+00:00 [queued]>
[2024-08-03T11:26:07.091+0700] {taskinstance.py:2306} INFO - Starting attempt 1 of 1
[2024-08-03T11:26:07.117+0700] {taskinstance.py:2330} INFO - Executing <Task(PostgresOperator): copy_table_dim_products> on 2024-08-03 04:26:01.070053+00:00
[2024-08-03T11:26:07.120+0700] {standard_task_runner.py:64} INFO - Started process 30660 to run task
[2024-08-03T11:26:07.123+0700] {standard_task_runner.py:90} INFO - Running: ['airflow', 'tasks', 'run', 'list_postgres_s3', 'copy_table_dim_products', 'manual__2024-08-03T04:26:01.070053+00:00', '--job-id', '214', '--raw', '--subdir', 'DAGS_FOLDER/list_postgres_s3.py', '--cfg-path', '/tmp/tmpl1zu63su']
[2024-08-03T11:26:07.124+0700] {standard_task_runner.py:91} INFO - Job 214: Subtask copy_table_dim_products
[2024-08-03T11:26:07.167+0700] {task_command.py:426} INFO - Running <TaskInstance: list_postgres_s3.copy_table_dim_products manual__2024-08-03T04:26:01.070053+00:00 [running]> on host DESKTOP-RHVHV7A.
[2024-08-03T11:26:07.241+0700] {taskinstance.py:2648} INFO - Exporting env vars: AIRFLOW_CTX_DAG_OWNER='airflow' AIRFLOW_CTX_DAG_ID='list_postgres_s3' AIRFLOW_CTX_TASK_ID='copy_table_dim_products' AIRFLOW_CTX_EXECUTION_DATE='2024-08-03T04:26:01.070053+00:00' AIRFLOW_CTX_TRY_NUMBER='1' AIRFLOW_CTX_DAG_RUN_ID='manual__2024-08-03T04:26:01.070053+00:00'
[2024-08-03T11:26:07.242+0700] {taskinstance.py:430} INFO - ::endgroup::
[2024-08-03T11:26:07.252+0700] {sql.py:282} INFO - Executing: 
        SET search_path TO supermarket;
        COPY dim_products TO 'F:/AllCode/Data Engineer/dim_products.csv' CSV HEADER;
        
[2024-08-03T11:26:07.256+0700] {base.py:84} INFO - Using connection ID 'postgres_supermarket' for task execution.
[2024-08-03T11:26:07.274+0700] {base.py:84} INFO - Using connection ID 'postgres_supermarket' for task execution.
[2024-08-03T11:26:07.305+0700] {sql.py:495} INFO - Running statement: 
        SET search_path TO supermarket;
        COPY dim_products TO 'F:/AllCode/Data Engineer/dim_products.csv' CSV HEADER;
        , parameters: None
[2024-08-03T11:26:07.342+0700] {sql.py:504} INFO - Rows affected: 49688
[2024-08-03T11:26:07.343+0700] {taskinstance.py:441} INFO - ::group::Post task execution logs
[2024-08-03T11:26:07.347+0700] {taskinstance.py:1206} INFO - Marking task as SUCCESS. dag_id=list_postgres_s3, task_id=copy_table_dim_products, run_id=manual__2024-08-03T04:26:01.070053+00:00, execution_date=20240803T042601, start_date=20240803T042607, end_date=20240803T042607
[2024-08-03T11:26:07.375+0700] {local_task_job_runner.py:243} INFO - Task exited with return code 0
[2024-08-03T11:26:07.385+0700] {logging_mixin.py:188} WARNING - /usr/local/lib/python3.10/dist-packages/airflow/models/baseoperator.py:1297 AirflowProviderDeprecationWarning: Call to deprecated class PostgresOperator. (Please use `airflow.providers.common.sql.operators.sql.SQLExecuteQueryOperator`.Also, you can provide `hook_params={'schema': <database>}`.)
[2024-08-03T11:26:07.398+0700] {taskinstance.py:3503} INFO - 1 downstream tasks scheduled from follow-on schedule check
[2024-08-03T11:26:07.415+0700] {local_task_job_runner.py:222} INFO - ::endgroup::
