[2024-08-03T17:01:16.437+0700] {local_task_job_runner.py:120} INFO - ::group::Pre task execution logs
[2024-08-03T17:01:16.447+0700] {taskinstance.py:2076} INFO - Dependencies all met for dep_context=non-requeueable deps ti=<TaskInstance: data_pipeline_supermarket_2.offload_to_s3_fct_user_orders manual__2024-08-03T09:57:39.902554+00:00 [queued]>
[2024-08-03T17:01:16.454+0700] {taskinstance.py:2076} INFO - Dependencies all met for dep_context=requeueable deps ti=<TaskInstance: data_pipeline_supermarket_2.offload_to_s3_fct_user_orders manual__2024-08-03T09:57:39.902554+00:00 [queued]>
[2024-08-03T17:01:16.454+0700] {taskinstance.py:2306} INFO - Starting attempt 1 of 2
[2024-08-03T17:01:16.475+0700] {taskinstance.py:2330} INFO - Executing <Task(BashOperator): offload_to_s3_fct_user_orders> on 2024-08-03 09:57:39.902554+00:00
[2024-08-03T17:01:16.478+0700] {standard_task_runner.py:64} INFO - Started process 3682 to run task
[2024-08-03T17:01:16.481+0700] {standard_task_runner.py:90} INFO - Running: ['airflow', 'tasks', 'run', 'data_pipeline_supermarket_2', 'offload_to_s3_fct_user_orders', 'manual__2024-08-03T09:57:39.902554+00:00', '--job-id', '290', '--raw', '--subdir', 'DAGS_FOLDER/data_pipeline_supermarket_2.py', '--cfg-path', '/tmp/tmpz099gjmg']
[2024-08-03T17:01:16.482+0700] {standard_task_runner.py:91} INFO - Job 290: Subtask offload_to_s3_fct_user_orders
[2024-08-03T17:01:16.518+0700] {task_command.py:426} INFO - Running <TaskInstance: data_pipeline_supermarket_2.offload_to_s3_fct_user_orders manual__2024-08-03T09:57:39.902554+00:00 [running]> on host DESKTOP-RHVHV7A.
[2024-08-03T17:01:16.601+0700] {taskinstance.py:2648} INFO - Exporting env vars: AIRFLOW_CTX_DAG_OWNER='airflow' AIRFLOW_CTX_DAG_ID='data_pipeline_supermarket_2' AIRFLOW_CTX_TASK_ID='offload_to_s3_fct_user_orders' AIRFLOW_CTX_EXECUTION_DATE='2024-08-03T09:57:39.902554+00:00' AIRFLOW_CTX_TRY_NUMBER='1' AIRFLOW_CTX_DAG_RUN_ID='manual__2024-08-03T09:57:39.902554+00:00'
[2024-08-03T17:01:16.602+0700] {taskinstance.py:430} INFO - ::endgroup::
[2024-08-03T17:01:16.611+0700] {subprocess.py:63} INFO - Tmp dir root location: /tmp
[2024-08-03T17:01:16.612+0700] {subprocess.py:75} INFO - Running command: ['/usr/bin/bash', '-c', 'aws s3 cp "/mnt/f/AllCode/Data Engineer/data_processed/supermarket/fct_user_orders.csv" s3://quannm-07252024-demo/data_processed/supermarket/fct_user_orders.csv']
[2024-08-03T17:01:16.618+0700] {subprocess.py:86} INFO - Output:
[2024-08-03T17:01:20.435+0700] {subprocess.py:93} INFO - Completed 256.0 KiB/3.2 MiB (137.7 KiB/s) with 1 file(s) remainingCompleted 512.0 KiB/3.2 MiB (255.5 KiB/s) with 1 file(s) remainingCompleted 768.0 KiB/3.2 MiB (380.6 KiB/s) with 1 file(s) remainingCompleted 1.0 MiB/3.2 MiB (476.2 KiB/s) with 1 file(s) remaining  Completed 1.2 MiB/3.2 MiB (592.5 KiB/s) with 1 file(s) remaining  Completed 1.5 MiB/3.2 MiB (708.6 KiB/s) with 1 file(s) remaining  Completed 1.8 MiB/3.2 MiB (824.3 KiB/s) with 1 file(s) remaining  Completed 2.0 MiB/3.2 MiB (893.4 KiB/s) with 1 file(s) remaining  Completed 2.2 MiB/3.2 MiB (1000.6 KiB/s) with 1 file(s) remaining Completed 2.5 MiB/3.2 MiB (1.1 MiB/s) with 1 file(s) remaining    Completed 2.8 MiB/3.2 MiB (1.2 MiB/s) with 1 file(s) remaining    Completed 3.0 MiB/3.2 MiB (1.2 MiB/s) with 1 file(s) remaining    Completed 3.2 MiB/3.2 MiB (1.2 MiB/s) with 1 file(s) remaining    upload: ../../mnt/f/AllCode/Data Engineer/data_processed/supermarket/fct_user_orders.csv to s3://quannm-07252024-demo/data_processed/supermarket/fct_user_orders.csv
[2024-08-03T17:01:20.612+0700] {subprocess.py:97} INFO - Command exited with return code 0
[2024-08-03T17:01:20.612+0700] {taskinstance.py:441} INFO - ::group::Post task execution logs
[2024-08-03T17:01:20.641+0700] {taskinstance.py:1206} INFO - Marking task as SUCCESS. dag_id=data_pipeline_supermarket_2, task_id=offload_to_s3_fct_user_orders, run_id=manual__2024-08-03T09:57:39.902554+00:00, execution_date=20240803T095739, start_date=20240803T100116, end_date=20240803T100120
[2024-08-03T17:01:20.711+0700] {local_task_job_runner.py:243} INFO - Task exited with return code 0
[2024-08-03T17:01:20.724+0700] {taskinstance.py:3503} INFO - 0 downstream tasks scheduled from follow-on schedule check
[2024-08-03T17:01:20.725+0700] {local_task_job_runner.py:222} INFO - ::endgroup::
