[2024-08-03T11:26:13.509+0700] {local_task_job_runner.py:120} INFO - ::group::Pre task execution logs
[2024-08-03T11:26:13.523+0700] {taskinstance.py:2076} INFO - Dependencies all met for dep_context=non-requeueable deps ti=<TaskInstance: list_postgres_s3.offload_to_s3_fct_user_orders manual__2024-08-03T04:26:01.070053+00:00 [queued]>
[2024-08-03T11:26:13.529+0700] {taskinstance.py:2076} INFO - Dependencies all met for dep_context=requeueable deps ti=<TaskInstance: list_postgres_s3.offload_to_s3_fct_user_orders manual__2024-08-03T04:26:01.070053+00:00 [queued]>
[2024-08-03T11:26:13.530+0700] {taskinstance.py:2306} INFO - Starting attempt 1 of 1
[2024-08-03T11:26:13.556+0700] {taskinstance.py:2330} INFO - Executing <Task(BashOperator): offload_to_s3_fct_user_orders> on 2024-08-03 04:26:01.070053+00:00
[2024-08-03T11:26:13.560+0700] {standard_task_runner.py:64} INFO - Started process 30691 to run task
[2024-08-03T11:26:13.562+0700] {standard_task_runner.py:90} INFO - Running: ['airflow', 'tasks', 'run', 'list_postgres_s3', 'offload_to_s3_fct_user_orders', 'manual__2024-08-03T04:26:01.070053+00:00', '--job-id', '217', '--raw', '--subdir', 'DAGS_FOLDER/list_postgres_s3.py', '--cfg-path', '/tmp/tmpcxuqwmlj']
[2024-08-03T11:26:13.563+0700] {standard_task_runner.py:91} INFO - Job 217: Subtask offload_to_s3_fct_user_orders
[2024-08-03T11:26:13.602+0700] {task_command.py:426} INFO - Running <TaskInstance: list_postgres_s3.offload_to_s3_fct_user_orders manual__2024-08-03T04:26:01.070053+00:00 [running]> on host DESKTOP-RHVHV7A.
[2024-08-03T11:26:13.677+0700] {taskinstance.py:2648} INFO - Exporting env vars: AIRFLOW_CTX_DAG_OWNER='airflow' AIRFLOW_CTX_DAG_ID='list_postgres_s3' AIRFLOW_CTX_TASK_ID='offload_to_s3_fct_user_orders' AIRFLOW_CTX_EXECUTION_DATE='2024-08-03T04:26:01.070053+00:00' AIRFLOW_CTX_TRY_NUMBER='1' AIRFLOW_CTX_DAG_RUN_ID='manual__2024-08-03T04:26:01.070053+00:00'
[2024-08-03T11:26:13.678+0700] {taskinstance.py:430} INFO - ::endgroup::
[2024-08-03T11:26:13.689+0700] {subprocess.py:63} INFO - Tmp dir root location: /tmp
[2024-08-03T11:26:13.690+0700] {subprocess.py:75} INFO - Running command: ['/usr/bin/bash', '-c', 'aws s3 cp "/mnt/f/AllCode/Data Engineer/fct_user_orders.csv" s3://quannm-07252024-demo/supermarket-data//fct_user_orders.csv']
[2024-08-03T11:26:13.697+0700] {subprocess.py:86} INFO - Output:
[2024-08-03T11:26:17.324+0700] {subprocess.py:93} INFO - Completed 256.0 KiB/3.2 MiB (123.8 KiB/s) with 1 file(s) remainingCompleted 512.0 KiB/3.2 MiB (231.5 KiB/s) with 1 file(s) remainingCompleted 768.0 KiB/3.2 MiB (323.5 KiB/s) with 1 file(s) remainingCompleted 1.0 MiB/3.2 MiB (425.0 KiB/s) with 1 file(s) remaining  Completed 1.2 MiB/3.2 MiB (529.0 KiB/s) with 1 file(s) remaining  Completed 1.5 MiB/3.2 MiB (614.7 KiB/s) with 1 file(s) remaining  Completed 1.8 MiB/3.2 MiB (710.7 KiB/s) with 1 file(s) remaining  Completed 2.0 MiB/3.2 MiB (808.8 KiB/s) with 1 file(s) remaining  Completed 2.2 MiB/3.2 MiB (871.0 KiB/s) with 1 file(s) remaining  Completed 2.5 MiB/3.2 MiB (964.6 KiB/s) with 1 file(s) remaining  Completed 2.8 MiB/3.2 MiB (1.0 MiB/s) with 1 file(s) remaining    Completed 3.0 MiB/3.2 MiB (1.1 MiB/s) with 1 file(s) remaining    Completed 3.2 MiB/3.2 MiB (1.1 MiB/s) with 1 file(s) remaining    upload: ../../mnt/f/AllCode/Data Engineer/fct_user_orders.csv to s3://quannm-07252024-demo/supermarket-data//fct_user_orders.csv
[2024-08-03T11:26:17.488+0700] {subprocess.py:97} INFO - Command exited with return code 0
[2024-08-03T11:26:17.489+0700] {taskinstance.py:441} INFO - ::group::Post task execution logs
[2024-08-03T11:26:17.514+0700] {taskinstance.py:1206} INFO - Marking task as SUCCESS. dag_id=list_postgres_s3, task_id=offload_to_s3_fct_user_orders, run_id=manual__2024-08-03T04:26:01.070053+00:00, execution_date=20240803T042601, start_date=20240803T042613, end_date=20240803T042617
[2024-08-03T11:26:17.575+0700] {local_task_job_runner.py:243} INFO - Task exited with return code 0
[2024-08-03T11:26:17.590+0700] {taskinstance.py:3503} INFO - 0 downstream tasks scheduled from follow-on schedule check
[2024-08-03T11:26:17.591+0700] {local_task_job_runner.py:222} INFO - ::endgroup::
