[2024-08-03T14:44:21.171+0700] {local_task_job_runner.py:120} INFO - ::group::Pre task execution logs
[2024-08-03T14:44:21.183+0700] {taskinstance.py:2076} INFO - Dependencies all met for dep_context=non-requeueable deps ti=<TaskInstance: data_pipeline_supermarket_2.offload_to_s3_aisles manual__2024-08-03T07:44:17.670945+00:00 [queued]>
[2024-08-03T14:44:21.193+0700] {taskinstance.py:2076} INFO - Dependencies all met for dep_context=requeueable deps ti=<TaskInstance: data_pipeline_supermarket_2.offload_to_s3_aisles manual__2024-08-03T07:44:17.670945+00:00 [queued]>
[2024-08-03T14:44:21.193+0700] {taskinstance.py:2306} INFO - Starting attempt 1 of 2
[2024-08-03T14:44:21.223+0700] {taskinstance.py:2330} INFO - Executing <Task(BashOperator): offload_to_s3_aisles> on 2024-08-03 07:44:17.670945+00:00
[2024-08-03T14:44:21.232+0700] {standard_task_runner.py:64} INFO - Started process 2331 to run task
[2024-08-03T14:44:21.243+0700] {standard_task_runner.py:90} INFO - Running: ['airflow', 'tasks', 'run', 'data_pipeline_supermarket_2', 'offload_to_s3_aisles', 'manual__2024-08-03T07:44:17.670945+00:00', '--job-id', '239', '--raw', '--subdir', 'DAGS_FOLDER/data_pipeline_supermarket_2.py', '--cfg-path', '/tmp/tmp26w1ger9']
[2024-08-03T14:44:21.245+0700] {standard_task_runner.py:91} INFO - Job 239: Subtask offload_to_s3_aisles
[2024-08-03T14:44:21.413+0700] {task_command.py:426} INFO - Running <TaskInstance: data_pipeline_supermarket_2.offload_to_s3_aisles manual__2024-08-03T07:44:17.670945+00:00 [running]> on host DESKTOP-RHVHV7A.
[2024-08-03T14:44:21.645+0700] {taskinstance.py:2648} INFO - Exporting env vars: AIRFLOW_CTX_DAG_OWNER='airflow' AIRFLOW_CTX_DAG_ID='data_pipeline_supermarket_2' AIRFLOW_CTX_TASK_ID='offload_to_s3_aisles' AIRFLOW_CTX_EXECUTION_DATE='2024-08-03T07:44:17.670945+00:00' AIRFLOW_CTX_TRY_NUMBER='1' AIRFLOW_CTX_DAG_RUN_ID='manual__2024-08-03T07:44:17.670945+00:00'
[2024-08-03T14:44:21.647+0700] {taskinstance.py:430} INFO - ::endgroup::
[2024-08-03T14:44:21.695+0700] {subprocess.py:63} INFO - Tmp dir root location: /tmp
[2024-08-03T14:44:21.700+0700] {subprocess.py:75} INFO - Running command: ['/usr/bin/bash', '-c', 'aws s3 cp "/mnt/f/AllCode/Data Engineer/raw_data_supermarket/aisles.csv" s3://quannm-07252024-demo/supermarket-data//raw_data/raw_data_supermarket/aisles.csv']
[2024-08-03T14:44:21.714+0700] {subprocess.py:86} INFO - Output:
[2024-08-03T14:44:25.429+0700] {subprocess.py:93} INFO - Completed 2.5 KiB/2.5 KiB (1.6 KiB/s) with 1 file(s) remainingupload: ../../mnt/f/AllCode/Data Engineer/raw_data_supermarket/aisles.csv to s3://quannm-07252024-demo/supermarket-data//raw_data/raw_data_supermarket/aisles.csv
[2024-08-03T14:44:25.597+0700] {subprocess.py:97} INFO - Command exited with return code 0
[2024-08-03T14:44:25.598+0700] {taskinstance.py:441} INFO - ::group::Post task execution logs
[2024-08-03T14:44:25.628+0700] {taskinstance.py:1206} INFO - Marking task as SUCCESS. dag_id=data_pipeline_supermarket_2, task_id=offload_to_s3_aisles, run_id=manual__2024-08-03T07:44:17.670945+00:00, execution_date=20240803T074417, start_date=20240803T074421, end_date=20240803T074425
[2024-08-03T14:44:25.664+0700] {local_task_job_runner.py:243} INFO - Task exited with return code 0
[2024-08-03T14:44:25.673+0700] {logging_mixin.py:188} WARNING - /usr/local/lib/python3.10/dist-packages/airflow/models/baseoperator.py:1297 AirflowProviderDeprecationWarning: Call to deprecated class PostgresOperator. (Please use `airflow.providers.common.sql.operators.sql.SQLExecuteQueryOperator`.Also, you can provide `hook_params={'schema': <database>}`.)
[2024-08-03T14:44:25.688+0700] {taskinstance.py:3503} INFO - 0 downstream tasks scheduled from follow-on schedule check
[2024-08-03T14:44:25.689+0700] {local_task_job_runner.py:222} INFO - ::endgroup::
