[2024-08-03T14:48:04.522+0700] {local_task_job_runner.py:120} INFO - ::group::Pre task execution logs
[2024-08-03T14:48:04.533+0700] {taskinstance.py:2076} INFO - Dependencies all met for dep_context=non-requeueable deps ti=<TaskInstance: data_pipeline_supermarket_2.offload_to_s3_dim_products manual__2024-08-03T07:44:17.670945+00:00 [queued]>
[2024-08-03T14:48:04.542+0700] {taskinstance.py:2076} INFO - Dependencies all met for dep_context=requeueable deps ti=<TaskInstance: data_pipeline_supermarket_2.offload_to_s3_dim_products manual__2024-08-03T07:44:17.670945+00:00 [queued]>
[2024-08-03T14:48:04.542+0700] {taskinstance.py:2306} INFO - Starting attempt 1 of 2
[2024-08-03T14:48:04.564+0700] {taskinstance.py:2330} INFO - Executing <Task(BashOperator): offload_to_s3_dim_products> on 2024-08-03 07:44:17.670945+00:00
[2024-08-03T14:48:04.568+0700] {standard_task_runner.py:64} INFO - Started process 3440 to run task
[2024-08-03T14:48:04.573+0700] {standard_task_runner.py:90} INFO - Running: ['airflow', 'tasks', 'run', 'data_pipeline_supermarket_2', 'offload_to_s3_dim_products', 'manual__2024-08-03T07:44:17.670945+00:00', '--job-id', '257', '--raw', '--subdir', 'DAGS_FOLDER/data_pipeline_supermarket_2.py', '--cfg-path', '/tmp/tmp8j4exnfk']
[2024-08-03T14:48:04.574+0700] {standard_task_runner.py:91} INFO - Job 257: Subtask offload_to_s3_dim_products
[2024-08-03T14:48:04.619+0700] {task_command.py:426} INFO - Running <TaskInstance: data_pipeline_supermarket_2.offload_to_s3_dim_products manual__2024-08-03T07:44:17.670945+00:00 [running]> on host DESKTOP-RHVHV7A.
[2024-08-03T14:48:04.702+0700] {taskinstance.py:2648} INFO - Exporting env vars: AIRFLOW_CTX_DAG_OWNER='airflow' AIRFLOW_CTX_DAG_ID='data_pipeline_supermarket_2' AIRFLOW_CTX_TASK_ID='offload_to_s3_dim_products' AIRFLOW_CTX_EXECUTION_DATE='2024-08-03T07:44:17.670945+00:00' AIRFLOW_CTX_TRY_NUMBER='1' AIRFLOW_CTX_DAG_RUN_ID='manual__2024-08-03T07:44:17.670945+00:00'
[2024-08-03T14:48:04.702+0700] {taskinstance.py:430} INFO - ::endgroup::
[2024-08-03T14:48:04.713+0700] {subprocess.py:63} INFO - Tmp dir root location: /tmp
[2024-08-03T14:48:04.714+0700] {subprocess.py:75} INFO - Running command: ['/usr/bin/bash', '-c', 'aws s3 cp "/mnt/f/AllCode/Data Engineer/dim_products.csv" s3://quannm-07252024-demo/supermarket-data//dim_products.csv']
[2024-08-03T14:48:04.721+0700] {subprocess.py:86} INFO - Output:
[2024-08-03T14:48:08.166+0700] {subprocess.py:93} INFO - Completed 256.0 KiB/2.1 MiB (127.9 KiB/s) with 1 file(s) remainingCompleted 512.0 KiB/2.1 MiB (254.1 KiB/s) with 1 file(s) remainingCompleted 768.0 KiB/2.1 MiB (334.3 KiB/s) with 1 file(s) remainingCompleted 1.0 MiB/2.1 MiB (442.9 KiB/s) with 1 file(s) remaining  Completed 1.2 MiB/2.1 MiB (552.1 KiB/s) with 1 file(s) remaining  Completed 1.5 MiB/2.1 MiB (628.2 KiB/s) with 1 file(s) remaining  Completed 1.8 MiB/2.1 MiB (729.8 KiB/s) with 1 file(s) remaining  Completed 2.0 MiB/2.1 MiB (831.6 KiB/s) with 1 file(s) remaining  Completed 2.1 MiB/2.1 MiB (776.8 KiB/s) with 1 file(s) remaining  upload: ../../mnt/f/AllCode/Data Engineer/dim_products.csv to s3://quannm-07252024-demo/supermarket-data//dim_products.csv
[2024-08-03T14:48:08.347+0700] {subprocess.py:97} INFO - Command exited with return code 0
[2024-08-03T14:48:08.347+0700] {taskinstance.py:441} INFO - ::group::Post task execution logs
[2024-08-03T14:48:08.374+0700] {taskinstance.py:1206} INFO - Marking task as SUCCESS. dag_id=data_pipeline_supermarket_2, task_id=offload_to_s3_dim_products, run_id=manual__2024-08-03T07:44:17.670945+00:00, execution_date=20240803T074417, start_date=20240803T074804, end_date=20240803T074808
[2024-08-03T14:48:08.401+0700] {local_task_job_runner.py:243} INFO - Task exited with return code 0
[2024-08-03T14:48:08.416+0700] {taskinstance.py:3503} INFO - 0 downstream tasks scheduled from follow-on schedule check
[2024-08-03T14:48:08.416+0700] {local_task_job_runner.py:222} INFO - ::endgroup::
