[2024-08-03T16:35:54.618+0700] {local_task_job_runner.py:120} INFO - ::group::Pre task execution logs
[2024-08-03T16:35:54.627+0700] {taskinstance.py:2076} INFO - Dependencies all met for dep_context=non-requeueable deps ti=<TaskInstance: data_pipeline_supermarket_2.offload_to_s3_products manual__2024-08-03T09:35:25.136321+00:00 [queued]>
[2024-08-03T16:35:54.635+0700] {taskinstance.py:2076} INFO - Dependencies all met for dep_context=requeueable deps ti=<TaskInstance: data_pipeline_supermarket_2.offload_to_s3_products manual__2024-08-03T09:35:25.136321+00:00 [queued]>
[2024-08-03T16:35:54.635+0700] {taskinstance.py:2306} INFO - Starting attempt 1 of 2
[2024-08-03T16:35:54.663+0700] {taskinstance.py:2330} INFO - Executing <Task(BashOperator): offload_to_s3_products> on 2024-08-03 09:35:25.136321+00:00
[2024-08-03T16:35:54.666+0700] {standard_task_runner.py:64} INFO - Started process 10543 to run task
[2024-08-03T16:35:54.668+0700] {standard_task_runner.py:90} INFO - Running: ['airflow', 'tasks', 'run', 'data_pipeline_supermarket_2', 'offload_to_s3_products', 'manual__2024-08-03T09:35:25.136321+00:00', '--job-id', '265', '--raw', '--subdir', 'DAGS_FOLDER/data_pipeline_supermarket_2.py', '--cfg-path', '/tmp/tmppc8jo9_n']
[2024-08-03T16:35:54.670+0700] {standard_task_runner.py:91} INFO - Job 265: Subtask offload_to_s3_products
[2024-08-03T16:35:54.711+0700] {task_command.py:426} INFO - Running <TaskInstance: data_pipeline_supermarket_2.offload_to_s3_products manual__2024-08-03T09:35:25.136321+00:00 [running]> on host DESKTOP-RHVHV7A.
[2024-08-03T16:35:54.790+0700] {taskinstance.py:2648} INFO - Exporting env vars: AIRFLOW_CTX_DAG_OWNER='airflow' AIRFLOW_CTX_DAG_ID='data_pipeline_supermarket_2' AIRFLOW_CTX_TASK_ID='offload_to_s3_products' AIRFLOW_CTX_EXECUTION_DATE='2024-08-03T09:35:25.136321+00:00' AIRFLOW_CTX_TRY_NUMBER='1' AIRFLOW_CTX_DAG_RUN_ID='manual__2024-08-03T09:35:25.136321+00:00'
[2024-08-03T16:35:54.790+0700] {taskinstance.py:430} INFO - ::endgroup::
[2024-08-03T16:35:54.809+0700] {subprocess.py:63} INFO - Tmp dir root location: /tmp
[2024-08-03T16:35:54.810+0700] {subprocess.py:75} INFO - Running command: ['/usr/bin/bash', '-c', 'aws s3 cp "/mnt/f/AllCode/Data Engineer/raw_data/supermarket/products.csv" s3://quannm-07252024-demo/raw_data/supermarket/products.csv']
[2024-08-03T16:35:54.818+0700] {subprocess.py:86} INFO - Output:
[2024-08-03T16:35:58.140+0700] {subprocess.py:93} INFO - Completed 256.0 KiB/2.1 MiB (131.0 KiB/s) with 1 file(s) remainingCompleted 512.0 KiB/2.1 MiB (244.1 KiB/s) with 1 file(s) remainingCompleted 768.0 KiB/2.1 MiB (363.9 KiB/s) with 1 file(s) remainingCompleted 1.0 MiB/2.1 MiB (455.8 KiB/s) with 1 file(s) remaining  Completed 1.2 MiB/2.1 MiB (568.0 KiB/s) with 1 file(s) remaining  Completed 1.5 MiB/2.1 MiB (680.0 KiB/s) with 1 file(s) remaining  Completed 1.8 MiB/2.1 MiB (747.4 KiB/s) with 1 file(s) remaining  Completed 2.0 MiB/2.1 MiB (851.0 KiB/s) with 1 file(s) remaining  Completed 2.1 MiB/2.1 MiB (781.7 KiB/s) with 1 file(s) remaining  upload: ../../mnt/f/AllCode/Data Engineer/raw_data/supermarket/products.csv to s3://quannm-07252024-demo/raw_data/supermarket/products.csv
[2024-08-03T16:35:58.314+0700] {subprocess.py:97} INFO - Command exited with return code 0
[2024-08-03T16:35:58.314+0700] {taskinstance.py:441} INFO - ::group::Post task execution logs
[2024-08-03T16:35:58.340+0700] {taskinstance.py:1206} INFO - Marking task as SUCCESS. dag_id=data_pipeline_supermarket_2, task_id=offload_to_s3_products, run_id=manual__2024-08-03T09:35:25.136321+00:00, execution_date=20240803T093525, start_date=20240803T093554, end_date=20240803T093558
[2024-08-03T16:35:58.379+0700] {local_task_job_runner.py:243} INFO - Task exited with return code 0
[2024-08-03T16:35:58.388+0700] {logging_mixin.py:188} WARNING - /usr/local/lib/python3.10/dist-packages/airflow/models/baseoperator.py:1297 AirflowProviderDeprecationWarning: Call to deprecated class PostgresOperator. (Please use `airflow.providers.common.sql.operators.sql.SQLExecuteQueryOperator`.Also, you can provide `hook_params={'schema': <database>}`.)
[2024-08-03T16:35:58.404+0700] {taskinstance.py:3503} INFO - 0 downstream tasks scheduled from follow-on schedule check
[2024-08-03T16:35:58.405+0700] {local_task_job_runner.py:222} INFO - ::endgroup::
