[2024-08-02T14:13:25.661+0700] {local_task_job_runner.py:120} INFO - ::group::Pre task execution logs
[2024-08-02T14:13:25.670+0700] {taskinstance.py:2076} INFO - Dependencies all met for dep_context=non-requeueable deps ti=<TaskInstance: data_pipeline_supermarket_2.airbyte_check_sync_0 manual__2024-08-02T07:09:40.143577+00:00 [queued]>
[2024-08-02T14:13:25.676+0700] {taskinstance.py:2076} INFO - Dependencies all met for dep_context=requeueable deps ti=<TaskInstance: data_pipeline_supermarket_2.airbyte_check_sync_0 manual__2024-08-02T07:09:40.143577+00:00 [queued]>
[2024-08-02T14:13:25.677+0700] {taskinstance.py:2306} INFO - Starting attempt 1 of 2
[2024-08-02T14:13:25.697+0700] {taskinstance.py:2330} INFO - Executing <Task(AirbyteJobSensor): airbyte_check_sync_0> on 2024-08-02 07:09:40.143577+00:00
[2024-08-02T14:13:25.700+0700] {standard_task_runner.py:64} INFO - Started process 11933 to run task
[2024-08-02T14:13:25.702+0700] {standard_task_runner.py:90} INFO - Running: ['airflow', 'tasks', 'run', 'data_pipeline_supermarket_2', 'airbyte_check_sync_0', 'manual__2024-08-02T07:09:40.143577+00:00', '--job-id', '118', '--raw', '--subdir', 'DAGS_FOLDER/data_pipeline_supermarket_2.py', '--cfg-path', '/tmp/tmpg9xgl3dv']
[2024-08-02T14:13:25.703+0700] {standard_task_runner.py:91} INFO - Job 118: Subtask airbyte_check_sync_0
[2024-08-02T14:13:25.740+0700] {task_command.py:426} INFO - Running <TaskInstance: data_pipeline_supermarket_2.airbyte_check_sync_0 manual__2024-08-02T07:09:40.143577+00:00 [running]> on host DESKTOP-RHVHV7A.
[2024-08-02T14:13:25.816+0700] {taskinstance.py:2648} INFO - Exporting env vars: AIRFLOW_CTX_DAG_OWNER='airflow' AIRFLOW_CTX_DAG_ID='data_pipeline_supermarket_2' AIRFLOW_CTX_TASK_ID='airbyte_check_sync_0' AIRFLOW_CTX_EXECUTION_DATE='2024-08-02T07:09:40.143577+00:00' AIRFLOW_CTX_TRY_NUMBER='1' AIRFLOW_CTX_DAG_RUN_ID='manual__2024-08-02T07:09:40.143577+00:00'
[2024-08-02T14:13:25.816+0700] {taskinstance.py:430} INFO - ::endgroup::
[2024-08-02T14:13:25.832+0700] {baseoperator.py:400} WARNING - AirbyteJobSensor.execute cannot be called outside TaskInstance!
[2024-08-02T14:13:25.837+0700] {base.py:84} INFO - Using connection ID 'airflow-call-to-airbyte-example' for task execution.
[2024-08-02T14:13:25.858+0700] {airbyte.py:108} INFO - Job 80 completed successfully.
[2024-08-02T14:13:25.859+0700] {base.py:294} INFO - Success criteria met. Exiting.
[2024-08-02T14:13:25.859+0700] {taskinstance.py:441} INFO - ::group::Post task execution logs
[2024-08-02T14:13:25.864+0700] {taskinstance.py:1206} INFO - Marking task as SUCCESS. dag_id=data_pipeline_supermarket_2, task_id=airbyte_check_sync_0, run_id=manual__2024-08-02T07:09:40.143577+00:00, execution_date=20240802T070940, start_date=20240802T071325, end_date=20240802T071325
[2024-08-02T14:13:25.915+0700] {local_task_job_runner.py:243} INFO - Task exited with return code 0
[2024-08-02T14:13:25.924+0700] {logging_mixin.py:188} WARNING - /usr/local/lib/python3.10/dist-packages/airflow/models/baseoperator.py:1297 AirflowProviderDeprecationWarning: Call to deprecated class PostgresOperator. (Please use `airflow.providers.common.sql.operators.sql.SQLExecuteQueryOperator`.Also, you can provide `hook_params={'schema': <database>}`.)
[2024-08-02T14:13:25.941+0700] {taskinstance.py:3503} INFO - 0 downstream tasks scheduled from follow-on schedule check
[2024-08-02T14:13:25.942+0700] {local_task_job_runner.py:222} INFO - ::endgroup::
