[2024-08-03T16:36:20.478+0700] {local_task_job_runner.py:120} INFO - ::group::Pre task execution logs
[2024-08-03T16:36:20.490+0700] {taskinstance.py:2076} INFO - Dependencies all met for dep_context=non-requeueable deps ti=<TaskInstance: data_pipeline_supermarket_2.airbyte_check_sync_0 manual__2024-08-03T09:35:25.136321+00:00 [queued]>
[2024-08-03T16:36:20.498+0700] {taskinstance.py:2076} INFO - Dependencies all met for dep_context=requeueable deps ti=<TaskInstance: data_pipeline_supermarket_2.airbyte_check_sync_0 manual__2024-08-03T09:35:25.136321+00:00 [queued]>
[2024-08-03T16:36:20.499+0700] {taskinstance.py:2306} INFO - Starting attempt 1 of 2
[2024-08-03T16:36:20.536+0700] {taskinstance.py:2330} INFO - Executing <Task(AirbyteJobSensor): airbyte_check_sync_0> on 2024-08-03 09:35:25.136321+00:00
[2024-08-03T16:36:20.540+0700] {standard_task_runner.py:64} INFO - Started process 10666 to run task
[2024-08-03T16:36:20.568+0700] {standard_task_runner.py:90} INFO - Running: ['airflow', 'tasks', 'run', 'data_pipeline_supermarket_2', 'airbyte_check_sync_0', 'manual__2024-08-03T09:35:25.136321+00:00', '--job-id', '269', '--raw', '--subdir', 'DAGS_FOLDER/data_pipeline_supermarket_2.py', '--cfg-path', '/tmp/tmpommrdoq6']
[2024-08-03T16:36:20.571+0700] {standard_task_runner.py:91} INFO - Job 269: Subtask airbyte_check_sync_0
[2024-08-03T16:36:20.652+0700] {task_command.py:426} INFO - Running <TaskInstance: data_pipeline_supermarket_2.airbyte_check_sync_0 manual__2024-08-03T09:35:25.136321+00:00 [running]> on host DESKTOP-RHVHV7A.
[2024-08-03T16:36:20.790+0700] {taskinstance.py:2648} INFO - Exporting env vars: AIRFLOW_CTX_DAG_OWNER='airflow' AIRFLOW_CTX_DAG_ID='data_pipeline_supermarket_2' AIRFLOW_CTX_TASK_ID='airbyte_check_sync_0' AIRFLOW_CTX_EXECUTION_DATE='2024-08-03T09:35:25.136321+00:00' AIRFLOW_CTX_TRY_NUMBER='1' AIRFLOW_CTX_DAG_RUN_ID='manual__2024-08-03T09:35:25.136321+00:00'
[2024-08-03T16:36:20.791+0700] {taskinstance.py:430} INFO - ::endgroup::
[2024-08-03T16:36:20.827+0700] {baseoperator.py:400} WARNING - AirbyteJobSensor.execute cannot be called outside TaskInstance!
[2024-08-03T16:36:20.833+0700] {base.py:84} INFO - Using connection ID 'airflow-call-to-airbyte-example' for task execution.
[2024-08-03T16:36:20.948+0700] {airbyte.py:113} INFO - Waiting for job 15 to complete.
[2024-08-03T16:38:24.041+0700] {base.py:84} INFO - Using connection ID 'airflow-call-to-airbyte-example' for task execution.
[2024-08-03T16:38:24.772+0700] {airbyte.py:113} INFO - Waiting for job 15 to complete.
[2024-08-03T16:39:24.831+0700] {base.py:84} INFO - Using connection ID 'airflow-call-to-airbyte-example' for task execution.
[2024-08-03T16:39:25.901+0700] {airbyte.py:113} INFO - Waiting for job 15 to complete.
[2024-08-03T16:40:25.958+0700] {base.py:84} INFO - Using connection ID 'airflow-call-to-airbyte-example' for task execution.
[2024-08-03T16:40:26.058+0700] {airbyte.py:113} INFO - Waiting for job 15 to complete.
[2024-08-03T16:41:26.124+0700] {base.py:84} INFO - Using connection ID 'airflow-call-to-airbyte-example' for task execution.
[2024-08-03T16:41:26.140+0700] {airbyte.py:113} INFO - Waiting for job 15 to complete.
[2024-08-03T16:42:26.902+0700] {base.py:84} INFO - Using connection ID 'airflow-call-to-airbyte-example' for task execution.
[2024-08-03T16:45:12.372+0700] {airbyte.py:113} INFO - Waiting for job 15 to complete.
[2024-08-03T16:45:21.919+0700] {local_task_job_runner.py:313} WARNING - State of this instance has been externally set to success. Terminating instance.
[2024-08-03T16:45:21.920+0700] {local_task_job_runner.py:222} INFO - ::endgroup::
[2024-08-03T16:45:21.922+0700] {process_utils.py:132} INFO - Sending Signals.SIGTERM to group 10666. PIDs of all processes in the group: [10666]
[2024-08-03T16:45:21.922+0700] {process_utils.py:87} INFO - Sending the signal Signals.SIGTERM to group 10666
[2024-08-03T16:45:21.923+0700] {taskinstance.py:2611} ERROR - Received SIGTERM. Terminating subprocesses.
[2024-08-03T16:45:21.923+0700] {taskinstance.py:441} INFO - ::group::Post task execution logs
[2024-08-03T16:45:21.979+0700] {process_utils.py:80} INFO - Process psutil.Process(pid=10666, status='terminated', exitcode=0, started='16:36:20') (10666) terminated with exit code 0
