[2024-08-03T14:47:55.259+0700] {local_task_job_runner.py:120} INFO - ::group::Pre task execution logs
[2024-08-03T14:47:55.271+0700] {taskinstance.py:2076} INFO - Dependencies all met for dep_context=non-requeueable deps ti=<TaskInstance: data_pipeline_supermarket_2.copy_table_dim_aisles manual__2024-08-03T07:44:17.670945+00:00 [queued]>
[2024-08-03T14:47:55.278+0700] {taskinstance.py:2076} INFO - Dependencies all met for dep_context=requeueable deps ti=<TaskInstance: data_pipeline_supermarket_2.copy_table_dim_aisles manual__2024-08-03T07:44:17.670945+00:00 [queued]>
[2024-08-03T14:47:55.278+0700] {taskinstance.py:2306} INFO - Starting attempt 1 of 2
[2024-08-03T14:47:55.301+0700] {taskinstance.py:2330} INFO - Executing <Task(PostgresOperator): copy_table_dim_aisles> on 2024-08-03 07:44:17.670945+00:00
[2024-08-03T14:47:55.304+0700] {standard_task_runner.py:64} INFO - Started process 3294 to run task
[2024-08-03T14:47:55.309+0700] {standard_task_runner.py:90} INFO - Running: ['airflow', 'tasks', 'run', 'data_pipeline_supermarket_2', 'copy_table_dim_aisles', 'manual__2024-08-03T07:44:17.670945+00:00', '--job-id', '255', '--raw', '--subdir', 'DAGS_FOLDER/data_pipeline_supermarket_2.py', '--cfg-path', '/tmp/tmpe26qz0yf']
[2024-08-03T14:47:55.310+0700] {standard_task_runner.py:91} INFO - Job 255: Subtask copy_table_dim_aisles
[2024-08-03T14:47:55.346+0700] {task_command.py:426} INFO - Running <TaskInstance: data_pipeline_supermarket_2.copy_table_dim_aisles manual__2024-08-03T07:44:17.670945+00:00 [running]> on host DESKTOP-RHVHV7A.
[2024-08-03T14:47:55.426+0700] {taskinstance.py:2648} INFO - Exporting env vars: AIRFLOW_CTX_DAG_OWNER='airflow' AIRFLOW_CTX_DAG_ID='data_pipeline_supermarket_2' AIRFLOW_CTX_TASK_ID='copy_table_dim_aisles' AIRFLOW_CTX_EXECUTION_DATE='2024-08-03T07:44:17.670945+00:00' AIRFLOW_CTX_TRY_NUMBER='1' AIRFLOW_CTX_DAG_RUN_ID='manual__2024-08-03T07:44:17.670945+00:00'
[2024-08-03T14:47:55.427+0700] {taskinstance.py:430} INFO - ::endgroup::
[2024-08-03T14:47:55.437+0700] {sql.py:282} INFO - Executing: 
        SET search_path TO supermarket;
        COPY dim_aisles TO 'F:/AllCode/Data Engineer/dim_aisles.csv' CSV HEADER;
        
[2024-08-03T14:47:55.441+0700] {base.py:84} INFO - Using connection ID 'postgres_supermarket' for task execution.
[2024-08-03T14:47:55.458+0700] {base.py:84} INFO - Using connection ID 'postgres_supermarket' for task execution.
[2024-08-03T14:47:55.490+0700] {sql.py:495} INFO - Running statement: 
        SET search_path TO supermarket;
        COPY dim_aisles TO 'F:/AllCode/Data Engineer/dim_aisles.csv' CSV HEADER;
        , parameters: None
[2024-08-03T14:47:55.494+0700] {sql.py:504} INFO - Rows affected: 134
[2024-08-03T14:47:55.495+0700] {taskinstance.py:441} INFO - ::group::Post task execution logs
[2024-08-03T14:47:55.499+0700] {taskinstance.py:1206} INFO - Marking task as SUCCESS. dag_id=data_pipeline_supermarket_2, task_id=copy_table_dim_aisles, run_id=manual__2024-08-03T07:44:17.670945+00:00, execution_date=20240803T074417, start_date=20240803T074755, end_date=20240803T074755
[2024-08-03T14:47:55.560+0700] {local_task_job_runner.py:243} INFO - Task exited with return code 0
[2024-08-03T14:47:55.569+0700] {logging_mixin.py:188} WARNING - /usr/local/lib/python3.10/dist-packages/airflow/models/baseoperator.py:1297 AirflowProviderDeprecationWarning: Call to deprecated class PostgresOperator. (Please use `airflow.providers.common.sql.operators.sql.SQLExecuteQueryOperator`.Also, you can provide `hook_params={'schema': <database>}`.)
[2024-08-03T14:47:55.581+0700] {taskinstance.py:3503} INFO - 1 downstream tasks scheduled from follow-on schedule check
[2024-08-03T14:47:55.595+0700] {local_task_job_runner.py:222} INFO - ::endgroup::
