[2024-08-03T14:45:11.504+0700] {local_task_job_runner.py:120} INFO - ::group::Pre task execution logs
[2024-08-03T14:45:11.529+0700] {taskinstance.py:2076} INFO - Dependencies all met for dep_context=non-requeueable deps ti=<TaskInstance: data_pipeline_supermarket_2.airbyte_check_sync_0 manual__2024-08-03T07:44:17.670945+00:00 [queued]>
[2024-08-03T14:45:11.540+0700] {taskinstance.py:2076} INFO - Dependencies all met for dep_context=requeueable deps ti=<TaskInstance: data_pipeline_supermarket_2.airbyte_check_sync_0 manual__2024-08-03T07:44:17.670945+00:00 [queued]>
[2024-08-03T14:45:11.541+0700] {taskinstance.py:2306} INFO - Starting attempt 1 of 2
[2024-08-03T14:45:11.576+0700] {taskinstance.py:2330} INFO - Executing <Task(AirbyteJobSensor): airbyte_check_sync_0> on 2024-08-03 07:44:17.670945+00:00
[2024-08-03T14:45:11.581+0700] {standard_task_runner.py:64} INFO - Started process 2602 to run task
[2024-08-03T14:45:11.603+0700] {standard_task_runner.py:90} INFO - Running: ['airflow', 'tasks', 'run', 'data_pipeline_supermarket_2', 'airbyte_check_sync_0', 'manual__2024-08-03T07:44:17.670945+00:00', '--job-id', '247', '--raw', '--subdir', 'DAGS_FOLDER/data_pipeline_supermarket_2.py', '--cfg-path', '/tmp/tmphjfhn53s']
[2024-08-03T14:45:11.620+0700] {standard_task_runner.py:91} INFO - Job 247: Subtask airbyte_check_sync_0
[2024-08-03T14:45:11.716+0700] {task_command.py:426} INFO - Running <TaskInstance: data_pipeline_supermarket_2.airbyte_check_sync_0 manual__2024-08-03T07:44:17.670945+00:00 [running]> on host DESKTOP-RHVHV7A.
[2024-08-03T14:45:11.909+0700] {taskinstance.py:2648} INFO - Exporting env vars: AIRFLOW_CTX_DAG_OWNER='airflow' AIRFLOW_CTX_DAG_ID='data_pipeline_supermarket_2' AIRFLOW_CTX_TASK_ID='airbyte_check_sync_0' AIRFLOW_CTX_EXECUTION_DATE='2024-08-03T07:44:17.670945+00:00' AIRFLOW_CTX_TRY_NUMBER='1' AIRFLOW_CTX_DAG_RUN_ID='manual__2024-08-03T07:44:17.670945+00:00'
[2024-08-03T14:45:11.910+0700] {taskinstance.py:430} INFO - ::endgroup::
[2024-08-03T14:45:11.931+0700] {baseoperator.py:400} WARNING - AirbyteJobSensor.execute cannot be called outside TaskInstance!
[2024-08-03T14:45:11.939+0700] {base.py:84} INFO - Using connection ID 'airflow-call-to-airbyte-example' for task execution.
[2024-08-03T14:45:11.957+0700] {airbyte.py:113} INFO - Waiting for job 12 to complete.
[2024-08-03T14:46:12.016+0700] {base.py:84} INFO - Using connection ID 'airflow-call-to-airbyte-example' for task execution.
[2024-08-03T14:46:12.054+0700] {airbyte.py:108} INFO - Job 12 completed successfully.
[2024-08-03T14:46:12.054+0700] {base.py:294} INFO - Success criteria met. Exiting.
[2024-08-03T14:46:12.055+0700] {taskinstance.py:441} INFO - ::group::Post task execution logs
[2024-08-03T14:46:12.060+0700] {taskinstance.py:1206} INFO - Marking task as SUCCESS. dag_id=data_pipeline_supermarket_2, task_id=airbyte_check_sync_0, run_id=manual__2024-08-03T07:44:17.670945+00:00, execution_date=20240803T074417, start_date=20240803T074511, end_date=20240803T074612
[2024-08-03T14:46:12.126+0700] {local_task_job_runner.py:243} INFO - Task exited with return code 0
[2024-08-03T14:46:12.141+0700] {logging_mixin.py:188} WARNING - /usr/local/lib/python3.10/dist-packages/airflow/models/baseoperator.py:1297 AirflowProviderDeprecationWarning: Call to deprecated class PostgresOperator. (Please use `airflow.providers.common.sql.operators.sql.SQLExecuteQueryOperator`.Also, you can provide `hook_params={'schema': <database>}`.)
[2024-08-03T14:46:12.186+0700] {taskinstance.py:3503} INFO - 0 downstream tasks scheduled from follow-on schedule check
[2024-08-03T14:46:12.187+0700] {local_task_job_runner.py:222} INFO - ::endgroup::
