[2024-08-02T14:15:45.486+0700] {local_task_job_runner.py:120} INFO - ::group::Pre task execution logs
[2024-08-02T14:15:45.500+0700] {taskinstance.py:2076} INFO - Dependencies all met for dep_context=non-requeueable deps ti=<TaskInstance: data_pipeline_supermarket_2.dbt_run manual__2024-08-02T07:09:40.143577+00:00 [queued]>
[2024-08-02T14:15:45.507+0700] {taskinstance.py:2076} INFO - Dependencies all met for dep_context=requeueable deps ti=<TaskInstance: data_pipeline_supermarket_2.dbt_run manual__2024-08-02T07:09:40.143577+00:00 [queued]>
[2024-08-02T14:15:45.508+0700] {taskinstance.py:2306} INFO - Starting attempt 1 of 2
[2024-08-02T14:15:45.530+0700] {taskinstance.py:2330} INFO - Executing <Task(BashOperator): dbt_run> on 2024-08-02 07:09:40.143577+00:00
[2024-08-02T14:15:45.533+0700] {standard_task_runner.py:64} INFO - Started process 12530 to run task
[2024-08-02T14:15:45.536+0700] {standard_task_runner.py:90} INFO - Running: ['airflow', 'tasks', 'run', 'data_pipeline_supermarket_2', 'dbt_run', 'manual__2024-08-02T07:09:40.143577+00:00', '--job-id', '122', '--raw', '--subdir', 'DAGS_FOLDER/data_pipeline_supermarket_2.py', '--cfg-path', '/tmp/tmpph77vf87']
[2024-08-02T14:15:45.537+0700] {standard_task_runner.py:91} INFO - Job 122: Subtask dbt_run
[2024-08-02T14:15:45.573+0700] {task_command.py:426} INFO - Running <TaskInstance: data_pipeline_supermarket_2.dbt_run manual__2024-08-02T07:09:40.143577+00:00 [running]> on host DESKTOP-RHVHV7A.
[2024-08-02T14:15:45.642+0700] {taskinstance.py:2648} INFO - Exporting env vars: AIRFLOW_CTX_DAG_OWNER='airflow' AIRFLOW_CTX_DAG_ID='data_pipeline_supermarket_2' AIRFLOW_CTX_TASK_ID='dbt_run' AIRFLOW_CTX_EXECUTION_DATE='2024-08-02T07:09:40.143577+00:00' AIRFLOW_CTX_TRY_NUMBER='1' AIRFLOW_CTX_DAG_RUN_ID='manual__2024-08-02T07:09:40.143577+00:00'
[2024-08-02T14:15:45.642+0700] {taskinstance.py:430} INFO - ::endgroup::
[2024-08-02T14:15:45.652+0700] {subprocess.py:63} INFO - Tmp dir root location: /tmp
[2024-08-02T14:15:45.653+0700] {subprocess.py:75} INFO - Running command: ['/usr/bin/bash', '-c', 'cd /root/project/dbt_supermarket && dbt run']
[2024-08-02T14:15:45.660+0700] {subprocess.py:86} INFO - Output:
[2024-08-02T14:15:46.931+0700] {subprocess.py:93} INFO - [0m07:15:46  Running with dbt=1.8.4
[2024-08-02T14:15:47.164+0700] {subprocess.py:93} INFO - [0m07:15:47  Registered adapter: postgres=1.8.2
[2024-08-02T14:15:50.914+0700] {subprocess.py:93} INFO - [0m07:15:50  Found 9 models, 1 analysis, 5 seeds, 14 data tests, 5 sources, 820 macros
[2024-08-02T14:15:50.920+0700] {subprocess.py:93} INFO - [0m07:15:50
[2024-08-02T14:15:51.227+0700] {subprocess.py:93} INFO - [0m07:15:51  Concurrency: 5 threads (target='dev')
[2024-08-02T14:15:51.228+0700] {subprocess.py:93} INFO - [0m07:15:51
[2024-08-02T14:15:51.237+0700] {subprocess.py:93} INFO - [0m07:15:51  1 of 9 START sql view model supermarket.stg_supermarket__aisles ................ [RUN]
[2024-08-02T14:15:51.239+0700] {subprocess.py:93} INFO - [0m07:15:51  2 of 9 START sql view model supermarket.stg_supermarket__departments ........... [RUN]
[2024-08-02T14:15:51.241+0700] {subprocess.py:93} INFO - [0m07:15:51  3 of 9 START sql view model supermarket.stg_supermarket__order_products ........ [RUN]
[2024-08-02T14:15:51.242+0700] {subprocess.py:93} INFO - [0m07:15:51  4 of 9 START sql view model supermarket.stg_supermarket__orders_small_version .. [RUN]
[2024-08-02T14:15:51.244+0700] {subprocess.py:93} INFO - [0m07:15:51  5 of 9 START sql view model supermarket.stg_supermarket__products .............. [RUN]
[2024-08-02T14:15:51.942+0700] {subprocess.py:93} INFO - [0m07:15:51  3 of 9 OK created sql view model supermarket.stg_supermarket__order_products ... [[32mCREATE VIEW[0m in 0.68s]
[2024-08-02T14:15:51.944+0700] {subprocess.py:93} INFO - [0m07:15:51  2 of 9 OK created sql view model supermarket.stg_supermarket__departments ...... [[32mCREATE VIEW[0m in 0.68s]
[2024-08-02T14:15:51.946+0700] {subprocess.py:93} INFO - [0m07:15:51  4 of 9 OK created sql view model supermarket.stg_supermarket__orders_small_version  [[32mCREATE VIEW[0m in 0.68s]
[2024-08-02T14:15:51.948+0700] {subprocess.py:93} INFO - [0m07:15:51  1 of 9 OK created sql view model supermarket.stg_supermarket__aisles ........... [[32mCREATE VIEW[0m in 0.69s]
[2024-08-02T14:15:51.950+0700] {subprocess.py:93} INFO - [0m07:15:51  5 of 9 OK created sql view model supermarket.stg_supermarket__products ......... [[32mCREATE VIEW[0m in 0.69s]
[2024-08-02T14:15:51.969+0700] {subprocess.py:93} INFO - [0m07:15:51  6 of 9 START sql table model supermarket.dim_departments ....................... [RUN]
[2024-08-02T14:15:51.971+0700] {subprocess.py:93} INFO - [0m07:15:51  7 of 9 START sql table model supermarket.fct_user_orders ....................... [RUN]
[2024-08-02T14:15:51.972+0700] {subprocess.py:93} INFO - [0m07:15:51  8 of 9 START sql table model supermarket.dim_aisles ............................ [RUN]
[2024-08-02T14:15:51.974+0700] {subprocess.py:93} INFO - [0m07:15:51  9 of 9 START sql table model supermarket.dim_products .......................... [RUN]
[2024-08-02T14:15:52.428+0700] {subprocess.py:93} INFO - [0m07:15:52  6 of 9 OK created sql table model supermarket.dim_departments .................. [[32mSELECT 21[0m in 0.45s]
[2024-08-02T14:15:52.439+0700] {subprocess.py:93} INFO - [0m07:15:52  8 of 9 OK created sql table model supermarket.dim_aisles ....................... [[32mSELECT 134[0m in 0.45s]
[2024-08-02T14:15:52.448+0700] {subprocess.py:93} INFO - [0m07:15:52  9 of 9 OK created sql table model supermarket.dim_products ..................... [[32mSELECT 49688[0m in 0.46s]
[2024-08-02T14:15:52.898+0700] {subprocess.py:93} INFO - [0m07:15:52  7 of 9 OK created sql table model supermarket.fct_user_orders .................. [[32mSELECT 139003[0m in 0.92s]
[2024-08-02T14:15:52.977+0700] {subprocess.py:93} INFO - [0m07:15:52
[2024-08-02T14:15:52.978+0700] {subprocess.py:93} INFO - [0m07:15:52  Finished running 5 view models, 4 table models in 0 hours 0 minutes and 2.05 seconds (2.05s).
[2024-08-02T14:15:53.090+0700] {subprocess.py:93} INFO - [0m07:15:53
[2024-08-02T14:15:53.092+0700] {subprocess.py:93} INFO - [0m07:15:53  [32mCompleted successfully[0m
[2024-08-02T14:15:53.095+0700] {subprocess.py:93} INFO - [0m07:15:53
[2024-08-02T14:15:53.097+0700] {subprocess.py:93} INFO - [0m07:15:53  Done. PASS=9 WARN=0 ERROR=0 SKIP=0 TOTAL=9
[2024-08-02T14:15:55.186+0700] {subprocess.py:97} INFO - Command exited with return code 0
[2024-08-02T14:15:55.187+0700] {taskinstance.py:441} INFO - ::group::Post task execution logs
[2024-08-02T14:15:55.221+0700] {taskinstance.py:1206} INFO - Marking task as SUCCESS. dag_id=data_pipeline_supermarket_2, task_id=dbt_run, run_id=manual__2024-08-02T07:09:40.143577+00:00, execution_date=20240802T070940, start_date=20240802T071545, end_date=20240802T071555
[2024-08-02T14:15:55.253+0700] {local_task_job_runner.py:243} INFO - Task exited with return code 0
[2024-08-02T14:15:55.261+0700] {logging_mixin.py:188} WARNING - /usr/local/lib/python3.10/dist-packages/airflow/models/baseoperator.py:1297 AirflowProviderDeprecationWarning: Call to deprecated class PostgresOperator. (Please use `airflow.providers.common.sql.operators.sql.SQLExecuteQueryOperator`.Also, you can provide `hook_params={'schema': <database>}`.)
[2024-08-02T14:15:55.283+0700] {taskinstance.py:3503} INFO - 1 downstream tasks scheduled from follow-on schedule check
[2024-08-02T14:15:55.298+0700] {local_task_job_runner.py:222} INFO - ::endgroup::
